[2025-11-14T18:04:33.991+0000] {processor.py:161} INFO - Started process (PID=51) to work on /opt/airflow/dags/carga_pacientes.py
[2025-11-14T18:04:33.991+0000] {processor.py:830} INFO - Processing file /opt/airflow/dags/carga_pacientes.py for tasks to queue
[2025-11-14T18:04:33.992+0000] {logging_mixin.py:188} INFO - [2025-11-14T18:04:33.992+0000] {dagbag.py:538} INFO - Filling up the DagBag from /opt/airflow/dags/carga_pacientes.py
[2025-11-14T18:04:35.272+0000] {processor.py:840} INFO - DAG(s) 'carga_pacientes' retrieved from /opt/airflow/dags/carga_pacientes.py
[2025-11-14T18:04:35.358+0000] {logging_mixin.py:188} INFO - [2025-11-14T18:04:35.358+0000] {override.py:1769} INFO - Created Permission View: can edit on DAG:carga_pacientes
[2025-11-14T18:04:35.365+0000] {logging_mixin.py:188} INFO - [2025-11-14T18:04:35.365+0000] {override.py:1769} INFO - Created Permission View: can delete on DAG:carga_pacientes
[2025-11-14T18:04:35.371+0000] {logging_mixin.py:188} INFO - [2025-11-14T18:04:35.370+0000] {override.py:1769} INFO - Created Permission View: can read on DAG:carga_pacientes
[2025-11-14T18:04:35.371+0000] {logging_mixin.py:188} INFO - [2025-11-14T18:04:35.371+0000] {dag.py:3036} INFO - Sync 1 DAGs
[2025-11-14T18:04:35.381+0000] {logging_mixin.py:188} INFO - [2025-11-14T18:04:35.380+0000] {dag.py:3058} INFO - Creating ORM DAG for carga_pacientes
[2025-11-14T18:04:35.381+0000] {logging_mixin.py:188} INFO - [2025-11-14T18:04:35.381+0000] {dag.py:3823} INFO - Setting next_dagrun for carga_pacientes to None, run_after=None
[2025-11-14T18:04:35.395+0000] {processor.py:183} INFO - Processing /opt/airflow/dags/carga_pacientes.py took 1.406 seconds
[2025-11-14T18:05:05.486+0000] {processor.py:161} INFO - Started process (PID=109) to work on /opt/airflow/dags/carga_pacientes.py
[2025-11-14T18:05:05.487+0000] {processor.py:830} INFO - Processing file /opt/airflow/dags/carga_pacientes.py for tasks to queue
[2025-11-14T18:05:05.488+0000] {logging_mixin.py:188} INFO - [2025-11-14T18:05:05.488+0000] {dagbag.py:538} INFO - Filling up the DagBag from /opt/airflow/dags/carga_pacientes.py
[2025-11-14T18:05:05.894+0000] {processor.py:840} INFO - DAG(s) 'carga_pacientes' retrieved from /opt/airflow/dags/carga_pacientes.py
[2025-11-14T18:05:05.906+0000] {logging_mixin.py:188} INFO - [2025-11-14T18:05:05.905+0000] {dag.py:3036} INFO - Sync 1 DAGs
[2025-11-14T18:05:05.915+0000] {logging_mixin.py:188} INFO - [2025-11-14T18:05:05.915+0000] {dag.py:3823} INFO - Setting next_dagrun for carga_pacientes to None, run_after=None
[2025-11-14T18:05:05.930+0000] {processor.py:183} INFO - Processing /opt/airflow/dags/carga_pacientes.py took 0.447 seconds
[2025-11-14T18:05:36.753+0000] {processor.py:161} INFO - Started process (PID=169) to work on /opt/airflow/dags/carga_pacientes.py
[2025-11-14T18:05:36.754+0000] {processor.py:830} INFO - Processing file /opt/airflow/dags/carga_pacientes.py for tasks to queue
[2025-11-14T18:05:36.755+0000] {logging_mixin.py:188} INFO - [2025-11-14T18:05:36.755+0000] {dagbag.py:538} INFO - Filling up the DagBag from /opt/airflow/dags/carga_pacientes.py
[2025-11-14T18:05:37.100+0000] {processor.py:840} INFO - DAG(s) 'carga_pacientes' retrieved from /opt/airflow/dags/carga_pacientes.py
[2025-11-14T18:05:37.111+0000] {logging_mixin.py:188} INFO - [2025-11-14T18:05:37.110+0000] {dag.py:3036} INFO - Sync 1 DAGs
[2025-11-14T18:05:37.118+0000] {logging_mixin.py:188} INFO - [2025-11-14T18:05:37.118+0000] {dag.py:3823} INFO - Setting next_dagrun for carga_pacientes to None, run_after=None
[2025-11-14T18:05:37.130+0000] {processor.py:183} INFO - Processing /opt/airflow/dags/carga_pacientes.py took 0.379 seconds
[2025-11-14T18:06:07.163+0000] {processor.py:161} INFO - Started process (PID=230) to work on /opt/airflow/dags/carga_pacientes.py
[2025-11-14T18:06:07.163+0000] {processor.py:830} INFO - Processing file /opt/airflow/dags/carga_pacientes.py for tasks to queue
[2025-11-14T18:06:07.165+0000] {logging_mixin.py:188} INFO - [2025-11-14T18:06:07.164+0000] {dagbag.py:538} INFO - Filling up the DagBag from /opt/airflow/dags/carga_pacientes.py
[2025-11-14T18:06:07.470+0000] {processor.py:840} INFO - DAG(s) 'carga_pacientes' retrieved from /opt/airflow/dags/carga_pacientes.py
[2025-11-14T18:06:07.477+0000] {logging_mixin.py:188} INFO - [2025-11-14T18:06:07.477+0000] {dag.py:3036} INFO - Sync 1 DAGs
[2025-11-14T18:06:07.486+0000] {logging_mixin.py:188} INFO - [2025-11-14T18:06:07.485+0000] {dag.py:3823} INFO - Setting next_dagrun for carga_pacientes to None, run_after=None
[2025-11-14T18:06:07.501+0000] {processor.py:183} INFO - Processing /opt/airflow/dags/carga_pacientes.py took 0.341 seconds
[2025-11-14T18:06:38.403+0000] {processor.py:161} INFO - Started process (PID=293) to work on /opt/airflow/dags/carga_pacientes.py
[2025-11-14T18:06:38.404+0000] {processor.py:830} INFO - Processing file /opt/airflow/dags/carga_pacientes.py for tasks to queue
[2025-11-14T18:06:38.405+0000] {logging_mixin.py:188} INFO - [2025-11-14T18:06:38.405+0000] {dagbag.py:538} INFO - Filling up the DagBag from /opt/airflow/dags/carga_pacientes.py
[2025-11-14T18:06:38.720+0000] {processor.py:840} INFO - DAG(s) 'carga_pacientes' retrieved from /opt/airflow/dags/carga_pacientes.py
[2025-11-14T18:06:38.787+0000] {logging_mixin.py:188} INFO - [2025-11-14T18:06:38.787+0000] {dag.py:3036} INFO - Sync 1 DAGs
[2025-11-14T18:06:38.796+0000] {logging_mixin.py:188} INFO - [2025-11-14T18:06:38.796+0000] {dag.py:3823} INFO - Setting next_dagrun for carga_pacientes to None, run_after=None
[2025-11-14T18:06:38.809+0000] {processor.py:183} INFO - Processing /opt/airflow/dags/carga_pacientes.py took 0.408 seconds
[2025-11-14T18:07:09.487+0000] {processor.py:161} INFO - Started process (PID=350) to work on /opt/airflow/dags/carga_pacientes.py
[2025-11-14T18:07:09.488+0000] {processor.py:830} INFO - Processing file /opt/airflow/dags/carga_pacientes.py for tasks to queue
[2025-11-14T18:07:09.489+0000] {logging_mixin.py:188} INFO - [2025-11-14T18:07:09.489+0000] {dagbag.py:538} INFO - Filling up the DagBag from /opt/airflow/dags/carga_pacientes.py
[2025-11-14T18:07:09.805+0000] {processor.py:840} INFO - DAG(s) 'carga_pacientes' retrieved from /opt/airflow/dags/carga_pacientes.py
[2025-11-14T18:07:09.817+0000] {logging_mixin.py:188} INFO - [2025-11-14T18:07:09.817+0000] {dag.py:3036} INFO - Sync 1 DAGs
[2025-11-14T18:07:09.826+0000] {logging_mixin.py:188} INFO - [2025-11-14T18:07:09.825+0000] {dag.py:3823} INFO - Setting next_dagrun for carga_pacientes to None, run_after=None
[2025-11-14T18:07:09.838+0000] {processor.py:183} INFO - Processing /opt/airflow/dags/carga_pacientes.py took 0.354 seconds
[2025-11-14T18:07:40.621+0000] {processor.py:161} INFO - Started process (PID=407) to work on /opt/airflow/dags/carga_pacientes.py
[2025-11-14T18:07:40.622+0000] {processor.py:830} INFO - Processing file /opt/airflow/dags/carga_pacientes.py for tasks to queue
[2025-11-14T18:07:40.624+0000] {logging_mixin.py:188} INFO - [2025-11-14T18:07:40.623+0000] {dagbag.py:538} INFO - Filling up the DagBag from /opt/airflow/dags/carga_pacientes.py
[2025-11-14T18:07:40.944+0000] {processor.py:840} INFO - DAG(s) 'carga_pacientes' retrieved from /opt/airflow/dags/carga_pacientes.py
[2025-11-14T18:07:40.955+0000] {logging_mixin.py:188} INFO - [2025-11-14T18:07:40.954+0000] {dag.py:3036} INFO - Sync 1 DAGs
[2025-11-14T18:07:40.962+0000] {logging_mixin.py:188} INFO - [2025-11-14T18:07:40.962+0000] {dag.py:3823} INFO - Setting next_dagrun for carga_pacientes to None, run_after=None
[2025-11-14T18:07:40.975+0000] {processor.py:183} INFO - Processing /opt/airflow/dags/carga_pacientes.py took 0.356 seconds
[2025-11-14T18:08:11.028+0000] {processor.py:161} INFO - Started process (PID=464) to work on /opt/airflow/dags/carga_pacientes.py
[2025-11-14T18:08:11.029+0000] {processor.py:830} INFO - Processing file /opt/airflow/dags/carga_pacientes.py for tasks to queue
[2025-11-14T18:08:11.030+0000] {logging_mixin.py:188} INFO - [2025-11-14T18:08:11.030+0000] {dagbag.py:538} INFO - Filling up the DagBag from /opt/airflow/dags/carga_pacientes.py
[2025-11-14T18:08:11.344+0000] {processor.py:840} INFO - DAG(s) 'carga_pacientes' retrieved from /opt/airflow/dags/carga_pacientes.py
[2025-11-14T18:08:11.354+0000] {logging_mixin.py:188} INFO - [2025-11-14T18:08:11.354+0000] {dag.py:3036} INFO - Sync 1 DAGs
[2025-11-14T18:08:11.363+0000] {logging_mixin.py:188} INFO - [2025-11-14T18:08:11.363+0000] {dag.py:3823} INFO - Setting next_dagrun for carga_pacientes to None, run_after=None
[2025-11-14T18:08:11.375+0000] {processor.py:183} INFO - Processing /opt/airflow/dags/carga_pacientes.py took 0.350 seconds
[2025-11-14T18:08:41.552+0000] {processor.py:161} INFO - Started process (PID=524) to work on /opt/airflow/dags/carga_pacientes.py
[2025-11-14T18:08:41.552+0000] {processor.py:830} INFO - Processing file /opt/airflow/dags/carga_pacientes.py for tasks to queue
[2025-11-14T18:08:41.554+0000] {logging_mixin.py:188} INFO - [2025-11-14T18:08:41.554+0000] {dagbag.py:538} INFO - Filling up the DagBag from /opt/airflow/dags/carga_pacientes.py
[2025-11-14T18:08:41.902+0000] {processor.py:840} INFO - DAG(s) 'carga_pacientes' retrieved from /opt/airflow/dags/carga_pacientes.py
[2025-11-14T18:08:41.914+0000] {logging_mixin.py:188} INFO - [2025-11-14T18:08:41.913+0000] {dag.py:3036} INFO - Sync 1 DAGs
[2025-11-14T18:08:41.921+0000] {logging_mixin.py:188} INFO - [2025-11-14T18:08:41.921+0000] {dag.py:3823} INFO - Setting next_dagrun for carga_pacientes to None, run_after=None
[2025-11-14T18:08:41.936+0000] {processor.py:183} INFO - Processing /opt/airflow/dags/carga_pacientes.py took 0.387 seconds
[2025-11-14T18:09:12.949+0000] {processor.py:161} INFO - Started process (PID=585) to work on /opt/airflow/dags/carga_pacientes.py
[2025-11-14T18:09:12.950+0000] {processor.py:830} INFO - Processing file /opt/airflow/dags/carga_pacientes.py for tasks to queue
[2025-11-14T18:09:12.951+0000] {logging_mixin.py:188} INFO - [2025-11-14T18:09:12.951+0000] {dagbag.py:538} INFO - Filling up the DagBag from /opt/airflow/dags/carga_pacientes.py
[2025-11-14T18:09:13.300+0000] {processor.py:840} INFO - DAG(s) 'carga_pacientes' retrieved from /opt/airflow/dags/carga_pacientes.py
[2025-11-14T18:09:13.311+0000] {logging_mixin.py:188} INFO - [2025-11-14T18:09:13.311+0000] {dag.py:3036} INFO - Sync 1 DAGs
[2025-11-14T18:09:13.319+0000] {logging_mixin.py:188} INFO - [2025-11-14T18:09:13.319+0000] {dag.py:3823} INFO - Setting next_dagrun for carga_pacientes to None, run_after=None
[2025-11-14T18:09:13.330+0000] {processor.py:183} INFO - Processing /opt/airflow/dags/carga_pacientes.py took 0.384 seconds
[2025-11-14T18:09:44.105+0000] {processor.py:161} INFO - Started process (PID=644) to work on /opt/airflow/dags/carga_pacientes.py
[2025-11-14T18:09:44.106+0000] {processor.py:830} INFO - Processing file /opt/airflow/dags/carga_pacientes.py for tasks to queue
[2025-11-14T18:09:44.108+0000] {logging_mixin.py:188} INFO - [2025-11-14T18:09:44.107+0000] {dagbag.py:538} INFO - Filling up the DagBag from /opt/airflow/dags/carga_pacientes.py
[2025-11-14T18:09:44.439+0000] {processor.py:840} INFO - DAG(s) 'carga_pacientes' retrieved from /opt/airflow/dags/carga_pacientes.py
[2025-11-14T18:09:44.450+0000] {logging_mixin.py:188} INFO - [2025-11-14T18:09:44.450+0000] {dag.py:3036} INFO - Sync 1 DAGs
[2025-11-14T18:09:44.459+0000] {logging_mixin.py:188} INFO - [2025-11-14T18:09:44.458+0000] {dag.py:3823} INFO - Setting next_dagrun for carga_pacientes to None, run_after=None
[2025-11-14T18:09:44.471+0000] {processor.py:183} INFO - Processing /opt/airflow/dags/carga_pacientes.py took 0.368 seconds
[2025-11-14T18:10:14.538+0000] {processor.py:161} INFO - Started process (PID=704) to work on /opt/airflow/dags/carga_pacientes.py
[2025-11-14T18:10:14.538+0000] {processor.py:830} INFO - Processing file /opt/airflow/dags/carga_pacientes.py for tasks to queue
[2025-11-14T18:10:14.540+0000] {logging_mixin.py:188} INFO - [2025-11-14T18:10:14.540+0000] {dagbag.py:538} INFO - Filling up the DagBag from /opt/airflow/dags/carga_pacientes.py
[2025-11-14T18:10:14.861+0000] {processor.py:840} INFO - DAG(s) 'carga_pacientes' retrieved from /opt/airflow/dags/carga_pacientes.py
[2025-11-14T18:10:14.872+0000] {logging_mixin.py:188} INFO - [2025-11-14T18:10:14.872+0000] {dag.py:3036} INFO - Sync 1 DAGs
[2025-11-14T18:10:14.880+0000] {logging_mixin.py:188} INFO - [2025-11-14T18:10:14.880+0000] {dag.py:3823} INFO - Setting next_dagrun for carga_pacientes to None, run_after=None
[2025-11-14T18:10:14.893+0000] {processor.py:183} INFO - Processing /opt/airflow/dags/carga_pacientes.py took 0.357 seconds
[2025-11-14T18:10:45.467+0000] {processor.py:161} INFO - Started process (PID=758) to work on /opt/airflow/dags/carga_pacientes.py
[2025-11-14T18:10:45.468+0000] {processor.py:830} INFO - Processing file /opt/airflow/dags/carga_pacientes.py for tasks to queue
[2025-11-14T18:10:45.470+0000] {logging_mixin.py:188} INFO - [2025-11-14T18:10:45.469+0000] {dagbag.py:538} INFO - Filling up the DagBag from /opt/airflow/dags/carga_pacientes.py
[2025-11-14T18:10:45.798+0000] {processor.py:840} INFO - DAG(s) 'carga_pacientes' retrieved from /opt/airflow/dags/carga_pacientes.py
[2025-11-14T18:10:45.810+0000] {logging_mixin.py:188} INFO - [2025-11-14T18:10:45.810+0000] {dag.py:3036} INFO - Sync 1 DAGs
[2025-11-14T18:10:45.820+0000] {logging_mixin.py:188} INFO - [2025-11-14T18:10:45.820+0000] {dag.py:3823} INFO - Setting next_dagrun for carga_pacientes to None, run_after=None
[2025-11-14T18:10:45.833+0000] {processor.py:183} INFO - Processing /opt/airflow/dags/carga_pacientes.py took 0.368 seconds
[2025-11-14T18:11:15.927+0000] {processor.py:161} INFO - Started process (PID=819) to work on /opt/airflow/dags/carga_pacientes.py
[2025-11-14T18:11:15.928+0000] {processor.py:830} INFO - Processing file /opt/airflow/dags/carga_pacientes.py for tasks to queue
[2025-11-14T18:11:15.930+0000] {logging_mixin.py:188} INFO - [2025-11-14T18:11:15.930+0000] {dagbag.py:538} INFO - Filling up the DagBag from /opt/airflow/dags/carga_pacientes.py
[2025-11-14T18:11:16.258+0000] {processor.py:840} INFO - DAG(s) 'carga_pacientes' retrieved from /opt/airflow/dags/carga_pacientes.py
[2025-11-14T18:11:16.270+0000] {logging_mixin.py:188} INFO - [2025-11-14T18:11:16.269+0000] {dag.py:3036} INFO - Sync 1 DAGs
[2025-11-14T18:11:16.278+0000] {logging_mixin.py:188} INFO - [2025-11-14T18:11:16.277+0000] {dag.py:3823} INFO - Setting next_dagrun for carga_pacientes to None, run_after=None
[2025-11-14T18:11:16.292+0000] {processor.py:183} INFO - Processing /opt/airflow/dags/carga_pacientes.py took 0.367 seconds
[2025-11-14T18:11:46.761+0000] {processor.py:161} INFO - Started process (PID=874) to work on /opt/airflow/dags/carga_pacientes.py
[2025-11-14T18:11:46.762+0000] {processor.py:830} INFO - Processing file /opt/airflow/dags/carga_pacientes.py for tasks to queue
[2025-11-14T18:11:46.763+0000] {logging_mixin.py:188} INFO - [2025-11-14T18:11:46.763+0000] {dagbag.py:538} INFO - Filling up the DagBag from /opt/airflow/dags/carga_pacientes.py
[2025-11-14T18:11:47.075+0000] {processor.py:840} INFO - DAG(s) 'carga_pacientes' retrieved from /opt/airflow/dags/carga_pacientes.py
[2025-11-14T18:11:47.087+0000] {logging_mixin.py:188} INFO - [2025-11-14T18:11:47.086+0000] {dag.py:3036} INFO - Sync 1 DAGs
[2025-11-14T18:11:47.095+0000] {logging_mixin.py:188} INFO - [2025-11-14T18:11:47.094+0000] {dag.py:3823} INFO - Setting next_dagrun for carga_pacientes to None, run_after=None
[2025-11-14T18:11:47.107+0000] {processor.py:183} INFO - Processing /opt/airflow/dags/carga_pacientes.py took 0.349 seconds
[2025-11-14T18:12:17.169+0000] {processor.py:161} INFO - Started process (PID=935) to work on /opt/airflow/dags/carga_pacientes.py
[2025-11-14T18:12:17.170+0000] {processor.py:830} INFO - Processing file /opt/airflow/dags/carga_pacientes.py for tasks to queue
[2025-11-14T18:12:17.171+0000] {logging_mixin.py:188} INFO - [2025-11-14T18:12:17.171+0000] {dagbag.py:538} INFO - Filling up the DagBag from /opt/airflow/dags/carga_pacientes.py
[2025-11-14T18:12:17.492+0000] {processor.py:840} INFO - DAG(s) 'carga_pacientes' retrieved from /opt/airflow/dags/carga_pacientes.py
[2025-11-14T18:12:17.505+0000] {logging_mixin.py:188} INFO - [2025-11-14T18:12:17.505+0000] {dag.py:3036} INFO - Sync 1 DAGs
[2025-11-14T18:12:17.513+0000] {logging_mixin.py:188} INFO - [2025-11-14T18:12:17.512+0000] {dag.py:3823} INFO - Setting next_dagrun for carga_pacientes to None, run_after=None
[2025-11-14T18:12:17.525+0000] {processor.py:183} INFO - Processing /opt/airflow/dags/carga_pacientes.py took 0.358 seconds
[2025-11-14T18:12:47.571+0000] {processor.py:161} INFO - Started process (PID=996) to work on /opt/airflow/dags/carga_pacientes.py
[2025-11-14T18:12:47.572+0000] {processor.py:830} INFO - Processing file /opt/airflow/dags/carga_pacientes.py for tasks to queue
[2025-11-14T18:12:47.573+0000] {logging_mixin.py:188} INFO - [2025-11-14T18:12:47.573+0000] {dagbag.py:538} INFO - Filling up the DagBag from /opt/airflow/dags/carga_pacientes.py
[2025-11-14T18:12:47.899+0000] {processor.py:840} INFO - DAG(s) 'carga_pacientes' retrieved from /opt/airflow/dags/carga_pacientes.py
[2025-11-14T18:12:47.911+0000] {logging_mixin.py:188} INFO - [2025-11-14T18:12:47.910+0000] {dag.py:3036} INFO - Sync 1 DAGs
[2025-11-14T18:12:47.920+0000] {logging_mixin.py:188} INFO - [2025-11-14T18:12:47.920+0000] {dag.py:3823} INFO - Setting next_dagrun for carga_pacientes to None, run_after=None
[2025-11-14T18:12:47.932+0000] {processor.py:183} INFO - Processing /opt/airflow/dags/carga_pacientes.py took 0.363 seconds
[2025-11-14T18:13:17.977+0000] {processor.py:161} INFO - Started process (PID=1057) to work on /opt/airflow/dags/carga_pacientes.py
[2025-11-14T18:13:17.977+0000] {processor.py:830} INFO - Processing file /opt/airflow/dags/carga_pacientes.py for tasks to queue
[2025-11-14T18:13:17.979+0000] {logging_mixin.py:188} INFO - [2025-11-14T18:13:17.979+0000] {dagbag.py:538} INFO - Filling up the DagBag from /opt/airflow/dags/carga_pacientes.py
[2025-11-14T18:13:18.295+0000] {processor.py:840} INFO - DAG(s) 'carga_pacientes' retrieved from /opt/airflow/dags/carga_pacientes.py
[2025-11-14T18:13:18.306+0000] {logging_mixin.py:188} INFO - [2025-11-14T18:13:18.306+0000] {dag.py:3036} INFO - Sync 1 DAGs
[2025-11-14T18:13:18.315+0000] {logging_mixin.py:188} INFO - [2025-11-14T18:13:18.315+0000] {dag.py:3823} INFO - Setting next_dagrun for carga_pacientes to None, run_after=None
[2025-11-14T18:13:18.327+0000] {processor.py:183} INFO - Processing /opt/airflow/dags/carga_pacientes.py took 0.353 seconds
[2025-11-14T18:13:48.363+0000] {processor.py:161} INFO - Started process (PID=1117) to work on /opt/airflow/dags/carga_pacientes.py
[2025-11-14T18:13:48.378+0000] {processor.py:830} INFO - Processing file /opt/airflow/dags/carga_pacientes.py for tasks to queue
[2025-11-14T18:13:48.379+0000] {logging_mixin.py:188} INFO - [2025-11-14T18:13:48.379+0000] {dagbag.py:538} INFO - Filling up the DagBag from /opt/airflow/dags/carga_pacientes.py
[2025-11-14T18:13:48.702+0000] {processor.py:840} INFO - DAG(s) 'carga_pacientes' retrieved from /opt/airflow/dags/carga_pacientes.py
[2025-11-14T18:13:48.716+0000] {logging_mixin.py:188} INFO - [2025-11-14T18:13:48.716+0000] {dag.py:3036} INFO - Sync 1 DAGs
[2025-11-14T18:13:48.724+0000] {logging_mixin.py:188} INFO - [2025-11-14T18:13:48.724+0000] {dag.py:3823} INFO - Setting next_dagrun for carga_pacientes to None, run_after=None
[2025-11-14T18:13:48.736+0000] {processor.py:183} INFO - Processing /opt/airflow/dags/carga_pacientes.py took 0.376 seconds
[2025-11-14T18:14:18.818+0000] {processor.py:161} INFO - Started process (PID=1177) to work on /opt/airflow/dags/carga_pacientes.py
[2025-11-14T18:14:18.819+0000] {processor.py:830} INFO - Processing file /opt/airflow/dags/carga_pacientes.py for tasks to queue
[2025-11-14T18:14:18.820+0000] {logging_mixin.py:188} INFO - [2025-11-14T18:14:18.820+0000] {dagbag.py:538} INFO - Filling up the DagBag from /opt/airflow/dags/carga_pacientes.py
[2025-11-14T18:14:19.135+0000] {processor.py:840} INFO - DAG(s) 'carga_pacientes' retrieved from /opt/airflow/dags/carga_pacientes.py
[2025-11-14T18:14:19.147+0000] {logging_mixin.py:188} INFO - [2025-11-14T18:14:19.146+0000] {dag.py:3036} INFO - Sync 1 DAGs
[2025-11-14T18:14:19.155+0000] {logging_mixin.py:188} INFO - [2025-11-14T18:14:19.155+0000] {dag.py:3823} INFO - Setting next_dagrun for carga_pacientes to None, run_after=None
[2025-11-14T18:14:19.168+0000] {processor.py:183} INFO - Processing /opt/airflow/dags/carga_pacientes.py took 0.353 seconds
[2025-11-14T18:14:49.232+0000] {processor.py:161} INFO - Started process (PID=1238) to work on /opt/airflow/dags/carga_pacientes.py
[2025-11-14T18:14:49.233+0000] {processor.py:830} INFO - Processing file /opt/airflow/dags/carga_pacientes.py for tasks to queue
[2025-11-14T18:14:49.235+0000] {logging_mixin.py:188} INFO - [2025-11-14T18:14:49.234+0000] {dagbag.py:538} INFO - Filling up the DagBag from /opt/airflow/dags/carga_pacientes.py
[2025-11-14T18:14:49.549+0000] {processor.py:840} INFO - DAG(s) 'carga_pacientes' retrieved from /opt/airflow/dags/carga_pacientes.py
[2025-11-14T18:14:49.559+0000] {logging_mixin.py:188} INFO - [2025-11-14T18:14:49.559+0000] {dag.py:3036} INFO - Sync 1 DAGs
[2025-11-14T18:14:49.567+0000] {logging_mixin.py:188} INFO - [2025-11-14T18:14:49.567+0000] {dag.py:3823} INFO - Setting next_dagrun for carga_pacientes to None, run_after=None
[2025-11-14T18:14:49.578+0000] {processor.py:183} INFO - Processing /opt/airflow/dags/carga_pacientes.py took 0.349 seconds
[2025-11-14T18:15:19.683+0000] {processor.py:161} INFO - Started process (PID=1300) to work on /opt/airflow/dags/carga_pacientes.py
[2025-11-14T18:15:19.684+0000] {processor.py:830} INFO - Processing file /opt/airflow/dags/carga_pacientes.py for tasks to queue
[2025-11-14T18:15:19.686+0000] {logging_mixin.py:188} INFO - [2025-11-14T18:15:19.685+0000] {dagbag.py:538} INFO - Filling up the DagBag from /opt/airflow/dags/carga_pacientes.py
[2025-11-14T18:15:20.002+0000] {processor.py:840} INFO - DAG(s) 'carga_pacientes' retrieved from /opt/airflow/dags/carga_pacientes.py
[2025-11-14T18:15:20.015+0000] {logging_mixin.py:188} INFO - [2025-11-14T18:15:20.015+0000] {dag.py:3036} INFO - Sync 1 DAGs
[2025-11-14T18:15:20.024+0000] {logging_mixin.py:188} INFO - [2025-11-14T18:15:20.024+0000] {dag.py:3823} INFO - Setting next_dagrun for carga_pacientes to None, run_after=None
[2025-11-14T18:15:20.041+0000] {processor.py:183} INFO - Processing /opt/airflow/dags/carga_pacientes.py took 0.360 seconds
[2025-11-14T18:15:50.968+0000] {processor.py:161} INFO - Started process (PID=1358) to work on /opt/airflow/dags/carga_pacientes.py
[2025-11-14T18:15:50.969+0000] {processor.py:830} INFO - Processing file /opt/airflow/dags/carga_pacientes.py for tasks to queue
[2025-11-14T18:15:50.971+0000] {logging_mixin.py:188} INFO - [2025-11-14T18:15:50.970+0000] {dagbag.py:538} INFO - Filling up the DagBag from /opt/airflow/dags/carga_pacientes.py
[2025-11-14T18:15:51.310+0000] {processor.py:840} INFO - DAG(s) 'carga_pacientes' retrieved from /opt/airflow/dags/carga_pacientes.py
[2025-11-14T18:15:51.322+0000] {logging_mixin.py:188} INFO - [2025-11-14T18:15:51.322+0000] {dag.py:3036} INFO - Sync 1 DAGs
[2025-11-14T18:15:51.336+0000] {logging_mixin.py:188} INFO - [2025-11-14T18:15:51.336+0000] {dag.py:3823} INFO - Setting next_dagrun for carga_pacientes to None, run_after=None
[2025-11-14T18:15:51.348+0000] {processor.py:183} INFO - Processing /opt/airflow/dags/carga_pacientes.py took 0.383 seconds
[2025-11-14T18:16:22.102+0000] {processor.py:161} INFO - Started process (PID=1415) to work on /opt/airflow/dags/carga_pacientes.py
[2025-11-14T18:16:22.103+0000] {processor.py:830} INFO - Processing file /opt/airflow/dags/carga_pacientes.py for tasks to queue
[2025-11-14T18:16:22.104+0000] {logging_mixin.py:188} INFO - [2025-11-14T18:16:22.104+0000] {dagbag.py:538} INFO - Filling up the DagBag from /opt/airflow/dags/carga_pacientes.py
[2025-11-14T18:16:22.409+0000] {processor.py:840} INFO - DAG(s) 'carga_pacientes' retrieved from /opt/airflow/dags/carga_pacientes.py
[2025-11-14T18:16:22.421+0000] {logging_mixin.py:188} INFO - [2025-11-14T18:16:22.420+0000] {dag.py:3036} INFO - Sync 1 DAGs
[2025-11-14T18:16:22.429+0000] {logging_mixin.py:188} INFO - [2025-11-14T18:16:22.429+0000] {dag.py:3823} INFO - Setting next_dagrun for carga_pacientes to None, run_after=None
[2025-11-14T18:16:22.440+0000] {processor.py:183} INFO - Processing /opt/airflow/dags/carga_pacientes.py took 0.341 seconds
[2025-11-14T18:16:53.321+0000] {processor.py:161} INFO - Started process (PID=1472) to work on /opt/airflow/dags/carga_pacientes.py
[2025-11-14T18:16:53.322+0000] {processor.py:830} INFO - Processing file /opt/airflow/dags/carga_pacientes.py for tasks to queue
[2025-11-14T18:16:53.324+0000] {logging_mixin.py:188} INFO - [2025-11-14T18:16:53.323+0000] {dagbag.py:538} INFO - Filling up the DagBag from /opt/airflow/dags/carga_pacientes.py
[2025-11-14T18:16:53.623+0000] {processor.py:840} INFO - DAG(s) 'carga_pacientes' retrieved from /opt/airflow/dags/carga_pacientes.py
[2025-11-14T18:16:53.633+0000] {logging_mixin.py:188} INFO - [2025-11-14T18:16:53.633+0000] {dag.py:3036} INFO - Sync 1 DAGs
[2025-11-14T18:16:53.640+0000] {logging_mixin.py:188} INFO - [2025-11-14T18:16:53.640+0000] {dag.py:3823} INFO - Setting next_dagrun for carga_pacientes to None, run_after=None
[2025-11-14T18:16:53.651+0000] {processor.py:183} INFO - Processing /opt/airflow/dags/carga_pacientes.py took 0.332 seconds
[2025-11-14T18:17:52.779+0000] {processor.py:161} INFO - Started process (PID=51) to work on /opt/airflow/dags/carga_pacientes.py
[2025-11-14T18:17:52.780+0000] {processor.py:830} INFO - Processing file /opt/airflow/dags/carga_pacientes.py for tasks to queue
[2025-11-14T18:17:52.781+0000] {logging_mixin.py:188} INFO - [2025-11-14T18:17:52.781+0000] {dagbag.py:538} INFO - Filling up the DagBag from /opt/airflow/dags/carga_pacientes.py
[2025-11-14T18:17:54.045+0000] {processor.py:840} INFO - DAG(s) 'carga_pacientes' retrieved from /opt/airflow/dags/carga_pacientes.py
[2025-11-14T18:17:54.135+0000] {logging_mixin.py:188} INFO - [2025-11-14T18:17:54.135+0000] {override.py:1769} INFO - Created Permission View: can read on DAG:carga_pacientes
[2025-11-14T18:17:54.144+0000] {logging_mixin.py:188} INFO - [2025-11-14T18:17:54.144+0000] {override.py:1769} INFO - Created Permission View: can edit on DAG:carga_pacientes
[2025-11-14T18:17:54.150+0000] {logging_mixin.py:188} INFO - [2025-11-14T18:17:54.150+0000] {override.py:1769} INFO - Created Permission View: can delete on DAG:carga_pacientes
[2025-11-14T18:17:54.150+0000] {logging_mixin.py:188} INFO - [2025-11-14T18:17:54.150+0000] {dag.py:3036} INFO - Sync 1 DAGs
[2025-11-14T18:17:54.160+0000] {logging_mixin.py:188} INFO - [2025-11-14T18:17:54.160+0000] {dag.py:3058} INFO - Creating ORM DAG for carga_pacientes
[2025-11-14T18:17:54.161+0000] {logging_mixin.py:188} INFO - [2025-11-14T18:17:54.161+0000] {dag.py:3823} INFO - Setting next_dagrun for carga_pacientes to None, run_after=None
[2025-11-14T18:17:54.177+0000] {processor.py:183} INFO - Processing /opt/airflow/dags/carga_pacientes.py took 1.401 seconds
[2025-11-14T18:18:24.287+0000] {processor.py:161} INFO - Started process (PID=113) to work on /opt/airflow/dags/carga_pacientes.py
[2025-11-14T18:18:24.288+0000] {processor.py:830} INFO - Processing file /opt/airflow/dags/carga_pacientes.py for tasks to queue
[2025-11-14T18:18:24.289+0000] {logging_mixin.py:188} INFO - [2025-11-14T18:18:24.289+0000] {dagbag.py:538} INFO - Filling up the DagBag from /opt/airflow/dags/carga_pacientes.py
[2025-11-14T18:18:24.642+0000] {processor.py:840} INFO - DAG(s) 'carga_pacientes' retrieved from /opt/airflow/dags/carga_pacientes.py
[2025-11-14T18:18:24.653+0000] {logging_mixin.py:188} INFO - [2025-11-14T18:18:24.653+0000] {dag.py:3036} INFO - Sync 1 DAGs
[2025-11-14T18:18:24.663+0000] {logging_mixin.py:188} INFO - [2025-11-14T18:18:24.662+0000] {dag.py:3823} INFO - Setting next_dagrun for carga_pacientes to None, run_after=None
[2025-11-14T18:18:24.674+0000] {processor.py:183} INFO - Processing /opt/airflow/dags/carga_pacientes.py took 0.389 seconds
[2025-11-14T18:18:54.699+0000] {processor.py:161} INFO - Started process (PID=173) to work on /opt/airflow/dags/carga_pacientes.py
[2025-11-14T18:18:54.700+0000] {processor.py:830} INFO - Processing file /opt/airflow/dags/carga_pacientes.py for tasks to queue
[2025-11-14T18:18:54.702+0000] {logging_mixin.py:188} INFO - [2025-11-14T18:18:54.702+0000] {dagbag.py:538} INFO - Filling up the DagBag from /opt/airflow/dags/carga_pacientes.py
[2025-11-14T18:18:55.012+0000] {processor.py:840} INFO - DAG(s) 'carga_pacientes' retrieved from /opt/airflow/dags/carga_pacientes.py
[2025-11-14T18:18:55.022+0000] {logging_mixin.py:188} INFO - [2025-11-14T18:18:55.022+0000] {dag.py:3036} INFO - Sync 1 DAGs
[2025-11-14T18:18:55.031+0000] {logging_mixin.py:188} INFO - [2025-11-14T18:18:55.031+0000] {dag.py:3823} INFO - Setting next_dagrun for carga_pacientes to None, run_after=None
[2025-11-14T18:18:55.043+0000] {processor.py:183} INFO - Processing /opt/airflow/dags/carga_pacientes.py took 0.346 seconds
[2025-11-14T18:19:25.731+0000] {processor.py:161} INFO - Started process (PID=230) to work on /opt/airflow/dags/carga_pacientes.py
[2025-11-14T18:19:25.731+0000] {processor.py:830} INFO - Processing file /opt/airflow/dags/carga_pacientes.py for tasks to queue
[2025-11-14T18:19:25.733+0000] {logging_mixin.py:188} INFO - [2025-11-14T18:19:25.732+0000] {dagbag.py:538} INFO - Filling up the DagBag from /opt/airflow/dags/carga_pacientes.py
[2025-11-14T18:19:26.059+0000] {processor.py:840} INFO - DAG(s) 'carga_pacientes' retrieved from /opt/airflow/dags/carga_pacientes.py
[2025-11-14T18:19:26.070+0000] {logging_mixin.py:188} INFO - [2025-11-14T18:19:26.070+0000] {dag.py:3036} INFO - Sync 1 DAGs
[2025-11-14T18:19:26.078+0000] {logging_mixin.py:188} INFO - [2025-11-14T18:19:26.078+0000] {dag.py:3823} INFO - Setting next_dagrun for carga_pacientes to None, run_after=None
[2025-11-14T18:19:26.090+0000] {processor.py:183} INFO - Processing /opt/airflow/dags/carga_pacientes.py took 0.362 seconds
[2025-11-14T18:19:56.171+0000] {processor.py:161} INFO - Started process (PID=296) to work on /opt/airflow/dags/carga_pacientes.py
[2025-11-14T18:19:56.172+0000] {processor.py:830} INFO - Processing file /opt/airflow/dags/carga_pacientes.py for tasks to queue
[2025-11-14T18:19:56.173+0000] {logging_mixin.py:188} INFO - [2025-11-14T18:19:56.173+0000] {dagbag.py:538} INFO - Filling up the DagBag from /opt/airflow/dags/carga_pacientes.py
[2025-11-14T18:19:56.480+0000] {processor.py:840} INFO - DAG(s) 'carga_pacientes' retrieved from /opt/airflow/dags/carga_pacientes.py
[2025-11-14T18:19:56.491+0000] {logging_mixin.py:188} INFO - [2025-11-14T18:19:56.491+0000] {dag.py:3036} INFO - Sync 1 DAGs
[2025-11-14T18:19:56.499+0000] {logging_mixin.py:188} INFO - [2025-11-14T18:19:56.499+0000] {dag.py:3823} INFO - Setting next_dagrun for carga_pacientes to None, run_after=None
[2025-11-14T18:19:56.511+0000] {processor.py:183} INFO - Processing /opt/airflow/dags/carga_pacientes.py took 0.342 seconds
[2025-11-14T18:20:27.441+0000] {processor.py:161} INFO - Started process (PID=353) to work on /opt/airflow/dags/carga_pacientes.py
[2025-11-14T18:20:27.442+0000] {processor.py:830} INFO - Processing file /opt/airflow/dags/carga_pacientes.py for tasks to queue
[2025-11-14T18:20:27.444+0000] {logging_mixin.py:188} INFO - [2025-11-14T18:20:27.443+0000] {dagbag.py:538} INFO - Filling up the DagBag from /opt/airflow/dags/carga_pacientes.py
[2025-11-14T18:20:27.762+0000] {processor.py:840} INFO - DAG(s) 'carga_pacientes' retrieved from /opt/airflow/dags/carga_pacientes.py
[2025-11-14T18:20:27.775+0000] {logging_mixin.py:188} INFO - [2025-11-14T18:20:27.774+0000] {dag.py:3036} INFO - Sync 1 DAGs
[2025-11-14T18:20:27.784+0000] {logging_mixin.py:188} INFO - [2025-11-14T18:20:27.784+0000] {dag.py:3823} INFO - Setting next_dagrun for carga_pacientes to None, run_after=None
[2025-11-14T18:20:27.798+0000] {processor.py:183} INFO - Processing /opt/airflow/dags/carga_pacientes.py took 0.359 seconds
[2025-11-14T18:20:57.828+0000] {processor.py:161} INFO - Started process (PID=410) to work on /opt/airflow/dags/carga_pacientes.py
[2025-11-14T18:20:57.829+0000] {processor.py:830} INFO - Processing file /opt/airflow/dags/carga_pacientes.py for tasks to queue
[2025-11-14T18:20:57.830+0000] {logging_mixin.py:188} INFO - [2025-11-14T18:20:57.830+0000] {dagbag.py:538} INFO - Filling up the DagBag from /opt/airflow/dags/carga_pacientes.py
[2025-11-14T18:20:58.173+0000] {processor.py:840} INFO - DAG(s) 'carga_pacientes' retrieved from /opt/airflow/dags/carga_pacientes.py
[2025-11-14T18:20:58.185+0000] {logging_mixin.py:188} INFO - [2025-11-14T18:20:58.184+0000] {dag.py:3036} INFO - Sync 1 DAGs
[2025-11-14T18:20:58.193+0000] {logging_mixin.py:188} INFO - [2025-11-14T18:20:58.193+0000] {dag.py:3823} INFO - Setting next_dagrun for carga_pacientes to None, run_after=None
[2025-11-14T18:20:58.206+0000] {processor.py:183} INFO - Processing /opt/airflow/dags/carga_pacientes.py took 0.382 seconds
[2025-11-14T18:21:28.980+0000] {processor.py:161} INFO - Started process (PID=467) to work on /opt/airflow/dags/carga_pacientes.py
[2025-11-14T18:21:28.981+0000] {processor.py:830} INFO - Processing file /opt/airflow/dags/carga_pacientes.py for tasks to queue
[2025-11-14T18:21:28.983+0000] {logging_mixin.py:188} INFO - [2025-11-14T18:21:28.983+0000] {dagbag.py:538} INFO - Filling up the DagBag from /opt/airflow/dags/carga_pacientes.py
[2025-11-14T18:21:29.310+0000] {processor.py:840} INFO - DAG(s) 'carga_pacientes' retrieved from /opt/airflow/dags/carga_pacientes.py
[2025-11-14T18:21:29.322+0000] {logging_mixin.py:188} INFO - [2025-11-14T18:21:29.322+0000] {dag.py:3036} INFO - Sync 1 DAGs
[2025-11-14T18:21:29.331+0000] {logging_mixin.py:188} INFO - [2025-11-14T18:21:29.331+0000] {dag.py:3823} INFO - Setting next_dagrun for carga_pacientes to None, run_after=None
[2025-11-14T18:21:29.343+0000] {processor.py:183} INFO - Processing /opt/airflow/dags/carga_pacientes.py took 0.366 seconds
[2025-11-14T18:21:59.371+0000] {processor.py:161} INFO - Started process (PID=526) to work on /opt/airflow/dags/carga_pacientes.py
[2025-11-14T18:21:59.371+0000] {processor.py:830} INFO - Processing file /opt/airflow/dags/carga_pacientes.py for tasks to queue
[2025-11-14T18:21:59.373+0000] {logging_mixin.py:188} INFO - [2025-11-14T18:21:59.372+0000] {dagbag.py:538} INFO - Filling up the DagBag from /opt/airflow/dags/carga_pacientes.py
[2025-11-14T18:21:59.721+0000] {processor.py:840} INFO - DAG(s) 'carga_pacientes' retrieved from /opt/airflow/dags/carga_pacientes.py
[2025-11-14T18:21:59.732+0000] {logging_mixin.py:188} INFO - [2025-11-14T18:21:59.732+0000] {dag.py:3036} INFO - Sync 1 DAGs
[2025-11-14T18:21:59.740+0000] {logging_mixin.py:188} INFO - [2025-11-14T18:21:59.740+0000] {dag.py:3823} INFO - Setting next_dagrun for carga_pacientes to None, run_after=None
[2025-11-14T18:21:59.751+0000] {processor.py:183} INFO - Processing /opt/airflow/dags/carga_pacientes.py took 0.382 seconds
[2025-11-14T18:22:29.831+0000] {processor.py:161} INFO - Started process (PID=588) to work on /opt/airflow/dags/carga_pacientes.py
[2025-11-14T18:22:29.832+0000] {processor.py:830} INFO - Processing file /opt/airflow/dags/carga_pacientes.py for tasks to queue
[2025-11-14T18:22:29.833+0000] {logging_mixin.py:188} INFO - [2025-11-14T18:22:29.833+0000] {dagbag.py:538} INFO - Filling up the DagBag from /opt/airflow/dags/carga_pacientes.py
[2025-11-14T18:22:30.137+0000] {processor.py:840} INFO - DAG(s) 'carga_pacientes' retrieved from /opt/airflow/dags/carga_pacientes.py
[2025-11-14T18:22:30.148+0000] {logging_mixin.py:188} INFO - [2025-11-14T18:22:30.148+0000] {dag.py:3036} INFO - Sync 1 DAGs
[2025-11-14T18:22:30.156+0000] {logging_mixin.py:188} INFO - [2025-11-14T18:22:30.156+0000] {dag.py:3823} INFO - Setting next_dagrun for carga_pacientes to None, run_after=None
[2025-11-14T18:22:30.168+0000] {processor.py:183} INFO - Processing /opt/airflow/dags/carga_pacientes.py took 0.340 seconds
[2025-11-14T18:23:00.201+0000] {processor.py:161} INFO - Started process (PID=645) to work on /opt/airflow/dags/carga_pacientes.py
[2025-11-14T18:23:00.202+0000] {processor.py:830} INFO - Processing file /opt/airflow/dags/carga_pacientes.py for tasks to queue
[2025-11-14T18:23:00.203+0000] {logging_mixin.py:188} INFO - [2025-11-14T18:23:00.203+0000] {dagbag.py:538} INFO - Filling up the DagBag from /opt/airflow/dags/carga_pacientes.py
[2025-11-14T18:23:00.505+0000] {processor.py:840} INFO - DAG(s) 'carga_pacientes' retrieved from /opt/airflow/dags/carga_pacientes.py
[2025-11-14T18:23:00.517+0000] {logging_mixin.py:188} INFO - [2025-11-14T18:23:00.516+0000] {dag.py:3036} INFO - Sync 1 DAGs
[2025-11-14T18:23:00.524+0000] {logging_mixin.py:188} INFO - [2025-11-14T18:23:00.524+0000] {dag.py:3823} INFO - Setting next_dagrun for carga_pacientes to None, run_after=None
[2025-11-14T18:23:00.536+0000] {processor.py:183} INFO - Processing /opt/airflow/dags/carga_pacientes.py took 0.337 seconds
[2025-11-14T18:23:31.495+0000] {processor.py:161} INFO - Started process (PID=702) to work on /opt/airflow/dags/carga_pacientes.py
[2025-11-14T18:23:31.496+0000] {processor.py:830} INFO - Processing file /opt/airflow/dags/carga_pacientes.py for tasks to queue
[2025-11-14T18:23:31.497+0000] {logging_mixin.py:188} INFO - [2025-11-14T18:23:31.497+0000] {dagbag.py:538} INFO - Filling up the DagBag from /opt/airflow/dags/carga_pacientes.py
[2025-11-14T18:23:31.823+0000] {processor.py:840} INFO - DAG(s) 'carga_pacientes' retrieved from /opt/airflow/dags/carga_pacientes.py
[2025-11-14T18:23:31.834+0000] {logging_mixin.py:188} INFO - [2025-11-14T18:23:31.833+0000] {dag.py:3036} INFO - Sync 1 DAGs
[2025-11-14T18:23:31.842+0000] {logging_mixin.py:188} INFO - [2025-11-14T18:23:31.841+0000] {dag.py:3823} INFO - Setting next_dagrun for carga_pacientes to None, run_after=None
[2025-11-14T18:23:31.854+0000] {processor.py:183} INFO - Processing /opt/airflow/dags/carga_pacientes.py took 0.361 seconds
[2025-11-14T18:24:01.904+0000] {processor.py:161} INFO - Started process (PID=762) to work on /opt/airflow/dags/carga_pacientes.py
[2025-11-14T18:24:01.905+0000] {processor.py:830} INFO - Processing file /opt/airflow/dags/carga_pacientes.py for tasks to queue
[2025-11-14T18:24:01.907+0000] {logging_mixin.py:188} INFO - [2025-11-14T18:24:01.906+0000] {dagbag.py:538} INFO - Filling up the DagBag from /opt/airflow/dags/carga_pacientes.py
[2025-11-14T18:24:02.222+0000] {processor.py:840} INFO - DAG(s) 'carga_pacientes' retrieved from /opt/airflow/dags/carga_pacientes.py
[2025-11-14T18:24:02.234+0000] {logging_mixin.py:188} INFO - [2025-11-14T18:24:02.233+0000] {dag.py:3036} INFO - Sync 1 DAGs
[2025-11-14T18:24:02.242+0000] {logging_mixin.py:188} INFO - [2025-11-14T18:24:02.242+0000] {dag.py:3823} INFO - Setting next_dagrun for carga_pacientes to None, run_after=None
[2025-11-14T18:24:02.256+0000] {processor.py:183} INFO - Processing /opt/airflow/dags/carga_pacientes.py took 0.354 seconds
[2025-11-14T18:24:32.354+0000] {processor.py:161} INFO - Started process (PID=821) to work on /opt/airflow/dags/carga_pacientes.py
[2025-11-14T18:24:32.355+0000] {processor.py:830} INFO - Processing file /opt/airflow/dags/carga_pacientes.py for tasks to queue
[2025-11-14T18:24:32.356+0000] {logging_mixin.py:188} INFO - [2025-11-14T18:24:32.356+0000] {dagbag.py:538} INFO - Filling up the DagBag from /opt/airflow/dags/carga_pacientes.py
[2025-11-14T18:24:32.674+0000] {processor.py:840} INFO - DAG(s) 'carga_pacientes' retrieved from /opt/airflow/dags/carga_pacientes.py
[2025-11-14T18:24:32.686+0000] {logging_mixin.py:188} INFO - [2025-11-14T18:24:32.685+0000] {dag.py:3036} INFO - Sync 1 DAGs
[2025-11-14T18:24:32.693+0000] {logging_mixin.py:188} INFO - [2025-11-14T18:24:32.693+0000] {dag.py:3823} INFO - Setting next_dagrun for carga_pacientes to None, run_after=None
[2025-11-14T18:24:32.705+0000] {processor.py:183} INFO - Processing /opt/airflow/dags/carga_pacientes.py took 0.354 seconds
[2025-11-14T18:25:02.793+0000] {processor.py:161} INFO - Started process (PID=882) to work on /opt/airflow/dags/carga_pacientes.py
[2025-11-14T18:25:02.794+0000] {processor.py:830} INFO - Processing file /opt/airflow/dags/carga_pacientes.py for tasks to queue
[2025-11-14T18:25:02.795+0000] {logging_mixin.py:188} INFO - [2025-11-14T18:25:02.795+0000] {dagbag.py:538} INFO - Filling up the DagBag from /opt/airflow/dags/carga_pacientes.py
[2025-11-14T18:25:03.107+0000] {processor.py:840} INFO - DAG(s) 'carga_pacientes' retrieved from /opt/airflow/dags/carga_pacientes.py
[2025-11-14T18:25:03.119+0000] {logging_mixin.py:188} INFO - [2025-11-14T18:25:03.118+0000] {dag.py:3036} INFO - Sync 1 DAGs
[2025-11-14T18:25:03.128+0000] {logging_mixin.py:188} INFO - [2025-11-14T18:25:03.128+0000] {dag.py:3823} INFO - Setting next_dagrun for carga_pacientes to None, run_after=None
[2025-11-14T18:25:03.141+0000] {processor.py:183} INFO - Processing /opt/airflow/dags/carga_pacientes.py took 0.350 seconds
[2025-11-14T18:25:33.172+0000] {processor.py:161} INFO - Started process (PID=942) to work on /opt/airflow/dags/carga_pacientes.py
[2025-11-14T18:25:33.173+0000] {processor.py:830} INFO - Processing file /opt/airflow/dags/carga_pacientes.py for tasks to queue
[2025-11-14T18:25:33.174+0000] {logging_mixin.py:188} INFO - [2025-11-14T18:25:33.174+0000] {dagbag.py:538} INFO - Filling up the DagBag from /opt/airflow/dags/carga_pacientes.py
[2025-11-14T18:25:33.490+0000] {processor.py:840} INFO - DAG(s) 'carga_pacientes' retrieved from /opt/airflow/dags/carga_pacientes.py
[2025-11-14T18:25:33.502+0000] {logging_mixin.py:188} INFO - [2025-11-14T18:25:33.501+0000] {dag.py:3036} INFO - Sync 1 DAGs
[2025-11-14T18:25:33.510+0000] {logging_mixin.py:188} INFO - [2025-11-14T18:25:33.510+0000] {dag.py:3823} INFO - Setting next_dagrun for carga_pacientes to None, run_after=None
[2025-11-14T18:25:33.523+0000] {processor.py:183} INFO - Processing /opt/airflow/dags/carga_pacientes.py took 0.354 seconds
[2025-11-14T18:26:03.582+0000] {processor.py:161} INFO - Started process (PID=1003) to work on /opt/airflow/dags/carga_pacientes.py
[2025-11-14T18:26:03.583+0000] {processor.py:830} INFO - Processing file /opt/airflow/dags/carga_pacientes.py for tasks to queue
[2025-11-14T18:26:03.585+0000] {logging_mixin.py:188} INFO - [2025-11-14T18:26:03.584+0000] {dagbag.py:538} INFO - Filling up the DagBag from /opt/airflow/dags/carga_pacientes.py
[2025-11-14T18:26:03.924+0000] {processor.py:840} INFO - DAG(s) 'carga_pacientes' retrieved from /opt/airflow/dags/carga_pacientes.py
[2025-11-14T18:26:03.935+0000] {logging_mixin.py:188} INFO - [2025-11-14T18:26:03.935+0000] {dag.py:3036} INFO - Sync 1 DAGs
[2025-11-14T18:26:03.943+0000] {logging_mixin.py:188} INFO - [2025-11-14T18:26:03.943+0000] {dag.py:3823} INFO - Setting next_dagrun for carga_pacientes to None, run_after=None
[2025-11-14T18:26:03.956+0000] {processor.py:183} INFO - Processing /opt/airflow/dags/carga_pacientes.py took 0.377 seconds
[2025-11-14T18:26:34.025+0000] {processor.py:161} INFO - Started process (PID=1065) to work on /opt/airflow/dags/carga_pacientes.py
[2025-11-14T18:26:34.026+0000] {processor.py:830} INFO - Processing file /opt/airflow/dags/carga_pacientes.py for tasks to queue
[2025-11-14T18:26:34.027+0000] {logging_mixin.py:188} INFO - [2025-11-14T18:26:34.027+0000] {dagbag.py:538} INFO - Filling up the DagBag from /opt/airflow/dags/carga_pacientes.py
[2025-11-14T18:26:34.338+0000] {processor.py:840} INFO - DAG(s) 'carga_pacientes' retrieved from /opt/airflow/dags/carga_pacientes.py
[2025-11-14T18:26:34.349+0000] {logging_mixin.py:188} INFO - [2025-11-14T18:26:34.349+0000] {dag.py:3036} INFO - Sync 1 DAGs
[2025-11-14T18:26:34.358+0000] {logging_mixin.py:188} INFO - [2025-11-14T18:26:34.357+0000] {dag.py:3823} INFO - Setting next_dagrun for carga_pacientes to None, run_after=None
[2025-11-14T18:26:34.370+0000] {processor.py:183} INFO - Processing /opt/airflow/dags/carga_pacientes.py took 0.348 seconds
[2025-11-14T18:27:04.415+0000] {processor.py:161} INFO - Started process (PID=1127) to work on /opt/airflow/dags/carga_pacientes.py
[2025-11-14T18:27:04.416+0000] {processor.py:830} INFO - Processing file /opt/airflow/dags/carga_pacientes.py for tasks to queue
[2025-11-14T18:27:04.417+0000] {logging_mixin.py:188} INFO - [2025-11-14T18:27:04.417+0000] {dagbag.py:538} INFO - Filling up the DagBag from /opt/airflow/dags/carga_pacientes.py
[2025-11-14T18:27:04.716+0000] {processor.py:840} INFO - DAG(s) 'carga_pacientes' retrieved from /opt/airflow/dags/carga_pacientes.py
[2025-11-14T18:27:04.727+0000] {logging_mixin.py:188} INFO - [2025-11-14T18:27:04.726+0000] {dag.py:3036} INFO - Sync 1 DAGs
[2025-11-14T18:27:04.735+0000] {logging_mixin.py:188} INFO - [2025-11-14T18:27:04.735+0000] {dag.py:3823} INFO - Setting next_dagrun for carga_pacientes to None, run_after=None
[2025-11-14T18:27:04.746+0000] {processor.py:183} INFO - Processing /opt/airflow/dags/carga_pacientes.py took 0.333 seconds
[2025-11-14T18:27:34.800+0000] {processor.py:161} INFO - Started process (PID=1187) to work on /opt/airflow/dags/carga_pacientes.py
[2025-11-14T18:27:34.801+0000] {processor.py:830} INFO - Processing file /opt/airflow/dags/carga_pacientes.py for tasks to queue
[2025-11-14T18:27:34.803+0000] {logging_mixin.py:188} INFO - [2025-11-14T18:27:34.802+0000] {dagbag.py:538} INFO - Filling up the DagBag from /opt/airflow/dags/carga_pacientes.py
[2025-11-14T18:27:35.110+0000] {processor.py:840} INFO - DAG(s) 'carga_pacientes' retrieved from /opt/airflow/dags/carga_pacientes.py
[2025-11-14T18:27:35.121+0000] {logging_mixin.py:188} INFO - [2025-11-14T18:27:35.120+0000] {dag.py:3036} INFO - Sync 1 DAGs
[2025-11-14T18:27:35.130+0000] {logging_mixin.py:188} INFO - [2025-11-14T18:27:35.130+0000] {dag.py:3823} INFO - Setting next_dagrun for carga_pacientes to None, run_after=None
[2025-11-14T18:27:35.142+0000] {processor.py:183} INFO - Processing /opt/airflow/dags/carga_pacientes.py took 0.344 seconds
[2025-11-14T18:28:05.214+0000] {processor.py:161} INFO - Started process (PID=1244) to work on /opt/airflow/dags/carga_pacientes.py
[2025-11-14T18:28:05.215+0000] {processor.py:830} INFO - Processing file /opt/airflow/dags/carga_pacientes.py for tasks to queue
[2025-11-14T18:28:05.216+0000] {logging_mixin.py:188} INFO - [2025-11-14T18:28:05.216+0000] {dagbag.py:538} INFO - Filling up the DagBag from /opt/airflow/dags/carga_pacientes.py
[2025-11-14T18:28:05.525+0000] {processor.py:840} INFO - DAG(s) 'carga_pacientes' retrieved from /opt/airflow/dags/carga_pacientes.py
[2025-11-14T18:28:05.536+0000] {logging_mixin.py:188} INFO - [2025-11-14T18:28:05.536+0000] {dag.py:3036} INFO - Sync 1 DAGs
[2025-11-14T18:28:05.545+0000] {logging_mixin.py:188} INFO - [2025-11-14T18:28:05.545+0000] {dag.py:3823} INFO - Setting next_dagrun for carga_pacientes to None, run_after=None
[2025-11-14T18:28:05.557+0000] {processor.py:183} INFO - Processing /opt/airflow/dags/carga_pacientes.py took 0.345 seconds
[2025-11-14T18:28:36.438+0000] {processor.py:161} INFO - Started process (PID=1301) to work on /opt/airflow/dags/carga_pacientes.py
[2025-11-14T18:28:36.439+0000] {processor.py:830} INFO - Processing file /opt/airflow/dags/carga_pacientes.py for tasks to queue
[2025-11-14T18:28:36.440+0000] {logging_mixin.py:188} INFO - [2025-11-14T18:28:36.440+0000] {dagbag.py:538} INFO - Filling up the DagBag from /opt/airflow/dags/carga_pacientes.py
[2025-11-14T18:28:36.749+0000] {processor.py:840} INFO - DAG(s) 'carga_pacientes' retrieved from /opt/airflow/dags/carga_pacientes.py
[2025-11-14T18:28:36.762+0000] {logging_mixin.py:188} INFO - [2025-11-14T18:28:36.761+0000] {dag.py:3036} INFO - Sync 1 DAGs
[2025-11-14T18:28:36.770+0000] {logging_mixin.py:188} INFO - [2025-11-14T18:28:36.770+0000] {dag.py:3823} INFO - Setting next_dagrun for carga_pacientes to None, run_after=None
[2025-11-14T18:28:36.784+0000] {processor.py:183} INFO - Processing /opt/airflow/dags/carga_pacientes.py took 0.348 seconds
[2025-11-14T18:29:07.655+0000] {processor.py:161} INFO - Started process (PID=1358) to work on /opt/airflow/dags/carga_pacientes.py
[2025-11-14T18:29:07.657+0000] {processor.py:830} INFO - Processing file /opt/airflow/dags/carga_pacientes.py for tasks to queue
[2025-11-14T18:29:07.658+0000] {logging_mixin.py:188} INFO - [2025-11-14T18:29:07.658+0000] {dagbag.py:538} INFO - Filling up the DagBag from /opt/airflow/dags/carga_pacientes.py
[2025-11-14T18:29:08.008+0000] {processor.py:840} INFO - DAG(s) 'carga_pacientes' retrieved from /opt/airflow/dags/carga_pacientes.py
[2025-11-14T18:29:08.020+0000] {logging_mixin.py:188} INFO - [2025-11-14T18:29:08.020+0000] {dag.py:3036} INFO - Sync 1 DAGs
[2025-11-14T18:29:08.030+0000] {logging_mixin.py:188} INFO - [2025-11-14T18:29:08.030+0000] {dag.py:3823} INFO - Setting next_dagrun for carga_pacientes to None, run_after=None
[2025-11-14T18:29:08.045+0000] {processor.py:183} INFO - Processing /opt/airflow/dags/carga_pacientes.py took 0.392 seconds
[2025-11-14T18:29:38.926+0000] {processor.py:161} INFO - Started process (PID=1415) to work on /opt/airflow/dags/carga_pacientes.py
[2025-11-14T18:29:38.927+0000] {processor.py:830} INFO - Processing file /opt/airflow/dags/carga_pacientes.py for tasks to queue
[2025-11-14T18:29:38.928+0000] {logging_mixin.py:188} INFO - [2025-11-14T18:29:38.928+0000] {dagbag.py:538} INFO - Filling up the DagBag from /opt/airflow/dags/carga_pacientes.py
[2025-11-14T18:29:39.234+0000] {processor.py:840} INFO - DAG(s) 'carga_pacientes' retrieved from /opt/airflow/dags/carga_pacientes.py
[2025-11-14T18:29:39.246+0000] {logging_mixin.py:188} INFO - [2025-11-14T18:29:39.245+0000] {dag.py:3036} INFO - Sync 1 DAGs
[2025-11-14T18:29:39.255+0000] {logging_mixin.py:188} INFO - [2025-11-14T18:29:39.255+0000] {dag.py:3823} INFO - Setting next_dagrun for carga_pacientes to None, run_after=None
[2025-11-14T18:29:39.268+0000] {processor.py:183} INFO - Processing /opt/airflow/dags/carga_pacientes.py took 0.344 seconds
[2025-11-14T18:30:10.233+0000] {processor.py:161} INFO - Started process (PID=1472) to work on /opt/airflow/dags/carga_pacientes.py
[2025-11-14T18:30:10.234+0000] {processor.py:830} INFO - Processing file /opt/airflow/dags/carga_pacientes.py for tasks to queue
[2025-11-14T18:30:10.235+0000] {logging_mixin.py:188} INFO - [2025-11-14T18:30:10.235+0000] {dagbag.py:538} INFO - Filling up the DagBag from /opt/airflow/dags/carga_pacientes.py
[2025-11-14T18:30:10.541+0000] {processor.py:840} INFO - DAG(s) 'carga_pacientes' retrieved from /opt/airflow/dags/carga_pacientes.py
[2025-11-14T18:30:10.552+0000] {logging_mixin.py:188} INFO - [2025-11-14T18:30:10.552+0000] {dag.py:3036} INFO - Sync 1 DAGs
[2025-11-14T18:30:10.560+0000] {logging_mixin.py:188} INFO - [2025-11-14T18:30:10.560+0000] {dag.py:3823} INFO - Setting next_dagrun for carga_pacientes to None, run_after=None
[2025-11-14T18:30:10.574+0000] {processor.py:183} INFO - Processing /opt/airflow/dags/carga_pacientes.py took 0.343 seconds
[2025-11-14T18:30:41.484+0000] {processor.py:161} INFO - Started process (PID=1529) to work on /opt/airflow/dags/carga_pacientes.py
[2025-11-14T18:30:41.484+0000] {processor.py:830} INFO - Processing file /opt/airflow/dags/carga_pacientes.py for tasks to queue
[2025-11-14T18:30:41.485+0000] {logging_mixin.py:188} INFO - [2025-11-14T18:30:41.485+0000] {dagbag.py:538} INFO - Filling up the DagBag from /opt/airflow/dags/carga_pacientes.py
[2025-11-14T18:30:41.780+0000] {processor.py:840} INFO - DAG(s) 'carga_pacientes' retrieved from /opt/airflow/dags/carga_pacientes.py
[2025-11-14T18:30:41.790+0000] {logging_mixin.py:188} INFO - [2025-11-14T18:30:41.790+0000] {dag.py:3036} INFO - Sync 1 DAGs
[2025-11-14T18:30:41.798+0000] {logging_mixin.py:188} INFO - [2025-11-14T18:30:41.798+0000] {dag.py:3823} INFO - Setting next_dagrun for carga_pacientes to None, run_after=None
[2025-11-14T18:30:41.809+0000] {processor.py:183} INFO - Processing /opt/airflow/dags/carga_pacientes.py took 0.328 seconds
[2025-11-14T18:31:12.626+0000] {processor.py:161} INFO - Started process (PID=1586) to work on /opt/airflow/dags/carga_pacientes.py
[2025-11-14T18:31:12.627+0000] {processor.py:830} INFO - Processing file /opt/airflow/dags/carga_pacientes.py for tasks to queue
[2025-11-14T18:31:12.628+0000] {logging_mixin.py:188} INFO - [2025-11-14T18:31:12.628+0000] {dagbag.py:538} INFO - Filling up the DagBag from /opt/airflow/dags/carga_pacientes.py
[2025-11-14T18:31:12.938+0000] {processor.py:840} INFO - DAG(s) 'carga_pacientes' retrieved from /opt/airflow/dags/carga_pacientes.py
[2025-11-14T18:31:12.950+0000] {logging_mixin.py:188} INFO - [2025-11-14T18:31:12.950+0000] {dag.py:3036} INFO - Sync 1 DAGs
[2025-11-14T18:31:12.958+0000] {logging_mixin.py:188} INFO - [2025-11-14T18:31:12.958+0000] {dag.py:3823} INFO - Setting next_dagrun for carga_pacientes to None, run_after=None
[2025-11-14T18:31:12.969+0000] {processor.py:183} INFO - Processing /opt/airflow/dags/carga_pacientes.py took 0.346 seconds
[2025-11-14T18:31:43.952+0000] {processor.py:161} INFO - Started process (PID=1643) to work on /opt/airflow/dags/carga_pacientes.py
[2025-11-14T18:31:43.953+0000] {processor.py:830} INFO - Processing file /opt/airflow/dags/carga_pacientes.py for tasks to queue
[2025-11-14T18:31:43.954+0000] {logging_mixin.py:188} INFO - [2025-11-14T18:31:43.954+0000] {dagbag.py:538} INFO - Filling up the DagBag from /opt/airflow/dags/carga_pacientes.py
[2025-11-14T18:31:44.267+0000] {processor.py:840} INFO - DAG(s) 'carga_pacientes' retrieved from /opt/airflow/dags/carga_pacientes.py
[2025-11-14T18:31:44.280+0000] {logging_mixin.py:188} INFO - [2025-11-14T18:31:44.279+0000] {dag.py:3036} INFO - Sync 1 DAGs
[2025-11-14T18:31:44.290+0000] {logging_mixin.py:188} INFO - [2025-11-14T18:31:44.290+0000] {dag.py:3823} INFO - Setting next_dagrun for carga_pacientes to None, run_after=None
[2025-11-14T18:31:44.302+0000] {processor.py:183} INFO - Processing /opt/airflow/dags/carga_pacientes.py took 0.352 seconds
[2025-11-14T18:32:15.277+0000] {processor.py:161} INFO - Started process (PID=1700) to work on /opt/airflow/dags/carga_pacientes.py
[2025-11-14T18:32:15.278+0000] {processor.py:830} INFO - Processing file /opt/airflow/dags/carga_pacientes.py for tasks to queue
[2025-11-14T18:32:15.279+0000] {logging_mixin.py:188} INFO - [2025-11-14T18:32:15.279+0000] {dagbag.py:538} INFO - Filling up the DagBag from /opt/airflow/dags/carga_pacientes.py
[2025-11-14T18:32:15.585+0000] {processor.py:840} INFO - DAG(s) 'carga_pacientes' retrieved from /opt/airflow/dags/carga_pacientes.py
[2025-11-14T18:32:15.596+0000] {logging_mixin.py:188} INFO - [2025-11-14T18:32:15.595+0000] {dag.py:3036} INFO - Sync 1 DAGs
[2025-11-14T18:32:15.605+0000] {logging_mixin.py:188} INFO - [2025-11-14T18:32:15.604+0000] {dag.py:3823} INFO - Setting next_dagrun for carga_pacientes to None, run_after=None
[2025-11-14T18:32:15.617+0000] {processor.py:183} INFO - Processing /opt/airflow/dags/carga_pacientes.py took 0.343 seconds
[2025-11-14T18:32:46.413+0000] {processor.py:161} INFO - Started process (PID=1757) to work on /opt/airflow/dags/carga_pacientes.py
[2025-11-14T18:32:46.414+0000] {processor.py:830} INFO - Processing file /opt/airflow/dags/carga_pacientes.py for tasks to queue
[2025-11-14T18:32:46.415+0000] {logging_mixin.py:188} INFO - [2025-11-14T18:32:46.415+0000] {dagbag.py:538} INFO - Filling up the DagBag from /opt/airflow/dags/carga_pacientes.py
[2025-11-14T18:32:46.708+0000] {processor.py:840} INFO - DAG(s) 'carga_pacientes' retrieved from /opt/airflow/dags/carga_pacientes.py
[2025-11-14T18:32:46.718+0000] {logging_mixin.py:188} INFO - [2025-11-14T18:32:46.718+0000] {dag.py:3036} INFO - Sync 1 DAGs
[2025-11-14T18:32:46.727+0000] {logging_mixin.py:188} INFO - [2025-11-14T18:32:46.726+0000] {dag.py:3823} INFO - Setting next_dagrun for carga_pacientes to None, run_after=None
[2025-11-14T18:32:46.737+0000] {processor.py:183} INFO - Processing /opt/airflow/dags/carga_pacientes.py took 0.327 seconds
[2025-11-14T18:33:17.714+0000] {processor.py:161} INFO - Started process (PID=1814) to work on /opt/airflow/dags/carga_pacientes.py
[2025-11-14T18:33:17.714+0000] {processor.py:830} INFO - Processing file /opt/airflow/dags/carga_pacientes.py for tasks to queue
[2025-11-14T18:33:17.716+0000] {logging_mixin.py:188} INFO - [2025-11-14T18:33:17.715+0000] {dagbag.py:538} INFO - Filling up the DagBag from /opt/airflow/dags/carga_pacientes.py
[2025-11-14T18:33:18.029+0000] {processor.py:840} INFO - DAG(s) 'carga_pacientes' retrieved from /opt/airflow/dags/carga_pacientes.py
[2025-11-14T18:33:18.039+0000] {logging_mixin.py:188} INFO - [2025-11-14T18:33:18.039+0000] {dag.py:3036} INFO - Sync 1 DAGs
[2025-11-14T18:33:18.048+0000] {logging_mixin.py:188} INFO - [2025-11-14T18:33:18.048+0000] {dag.py:3823} INFO - Setting next_dagrun for carga_pacientes to None, run_after=None
[2025-11-14T18:33:18.060+0000] {processor.py:183} INFO - Processing /opt/airflow/dags/carga_pacientes.py took 0.349 seconds
[2025-11-14T18:33:48.187+0000] {processor.py:161} INFO - Started process (PID=1871) to work on /opt/airflow/dags/carga_pacientes.py
[2025-11-14T18:33:48.188+0000] {processor.py:830} INFO - Processing file /opt/airflow/dags/carga_pacientes.py for tasks to queue
[2025-11-14T18:33:48.189+0000] {logging_mixin.py:188} INFO - [2025-11-14T18:33:48.189+0000] {dagbag.py:538} INFO - Filling up the DagBag from /opt/airflow/dags/carga_pacientes.py
[2025-11-14T18:33:48.483+0000] {processor.py:840} INFO - DAG(s) 'carga_pacientes' retrieved from /opt/airflow/dags/carga_pacientes.py
[2025-11-14T18:33:48.494+0000] {logging_mixin.py:188} INFO - [2025-11-14T18:33:48.494+0000] {dag.py:3036} INFO - Sync 1 DAGs
[2025-11-14T18:33:48.503+0000] {logging_mixin.py:188} INFO - [2025-11-14T18:33:48.502+0000] {dag.py:3823} INFO - Setting next_dagrun for carga_pacientes to None, run_after=None
[2025-11-14T18:33:48.513+0000] {processor.py:183} INFO - Processing /opt/airflow/dags/carga_pacientes.py took 0.328 seconds
[2025-11-14T18:34:19.505+0000] {processor.py:161} INFO - Started process (PID=1928) to work on /opt/airflow/dags/carga_pacientes.py
[2025-11-14T18:34:19.505+0000] {processor.py:830} INFO - Processing file /opt/airflow/dags/carga_pacientes.py for tasks to queue
[2025-11-14T18:34:19.507+0000] {logging_mixin.py:188} INFO - [2025-11-14T18:34:19.506+0000] {dagbag.py:538} INFO - Filling up the DagBag from /opt/airflow/dags/carga_pacientes.py
[2025-11-14T18:34:19.800+0000] {processor.py:840} INFO - DAG(s) 'carga_pacientes' retrieved from /opt/airflow/dags/carga_pacientes.py
[2025-11-14T18:34:19.810+0000] {logging_mixin.py:188} INFO - [2025-11-14T18:34:19.810+0000] {dag.py:3036} INFO - Sync 1 DAGs
[2025-11-14T18:34:19.819+0000] {logging_mixin.py:188} INFO - [2025-11-14T18:34:19.818+0000] {dag.py:3823} INFO - Setting next_dagrun for carga_pacientes to None, run_after=None
[2025-11-14T18:34:19.829+0000] {processor.py:183} INFO - Processing /opt/airflow/dags/carga_pacientes.py took 0.327 seconds
[2025-11-14T18:34:49.856+0000] {processor.py:161} INFO - Started process (PID=1985) to work on /opt/airflow/dags/carga_pacientes.py
[2025-11-14T18:34:49.857+0000] {processor.py:830} INFO - Processing file /opt/airflow/dags/carga_pacientes.py for tasks to queue
[2025-11-14T18:34:49.858+0000] {logging_mixin.py:188} INFO - [2025-11-14T18:34:49.858+0000] {dagbag.py:538} INFO - Filling up the DagBag from /opt/airflow/dags/carga_pacientes.py
[2025-11-14T18:34:50.149+0000] {processor.py:840} INFO - DAG(s) 'carga_pacientes' retrieved from /opt/airflow/dags/carga_pacientes.py
[2025-11-14T18:34:50.160+0000] {logging_mixin.py:188} INFO - [2025-11-14T18:34:50.159+0000] {dag.py:3036} INFO - Sync 1 DAGs
[2025-11-14T18:34:50.168+0000] {logging_mixin.py:188} INFO - [2025-11-14T18:34:50.168+0000] {dag.py:3823} INFO - Setting next_dagrun for carga_pacientes to None, run_after=None
[2025-11-14T18:34:50.178+0000] {processor.py:183} INFO - Processing /opt/airflow/dags/carga_pacientes.py took 0.324 seconds
[2025-11-14T18:35:21.131+0000] {processor.py:161} INFO - Started process (PID=2042) to work on /opt/airflow/dags/carga_pacientes.py
[2025-11-14T18:35:21.132+0000] {processor.py:830} INFO - Processing file /opt/airflow/dags/carga_pacientes.py for tasks to queue
[2025-11-14T18:35:21.134+0000] {logging_mixin.py:188} INFO - [2025-11-14T18:35:21.133+0000] {dagbag.py:538} INFO - Filling up the DagBag from /opt/airflow/dags/carga_pacientes.py
[2025-11-14T18:35:21.432+0000] {processor.py:840} INFO - DAG(s) 'carga_pacientes' retrieved from /opt/airflow/dags/carga_pacientes.py
[2025-11-14T18:35:21.443+0000] {logging_mixin.py:188} INFO - [2025-11-14T18:35:21.442+0000] {dag.py:3036} INFO - Sync 1 DAGs
[2025-11-14T18:35:21.451+0000] {logging_mixin.py:188} INFO - [2025-11-14T18:35:21.451+0000] {dag.py:3823} INFO - Setting next_dagrun for carga_pacientes to None, run_after=None
[2025-11-14T18:35:21.462+0000] {processor.py:183} INFO - Processing /opt/airflow/dags/carga_pacientes.py took 0.333 seconds
[2025-11-14T18:35:52.371+0000] {processor.py:161} INFO - Started process (PID=2099) to work on /opt/airflow/dags/carga_pacientes.py
[2025-11-14T18:35:52.371+0000] {processor.py:830} INFO - Processing file /opt/airflow/dags/carga_pacientes.py for tasks to queue
[2025-11-14T18:35:52.373+0000] {logging_mixin.py:188} INFO - [2025-11-14T18:35:52.372+0000] {dagbag.py:538} INFO - Filling up the DagBag from /opt/airflow/dags/carga_pacientes.py
[2025-11-14T18:35:52.666+0000] {processor.py:840} INFO - DAG(s) 'carga_pacientes' retrieved from /opt/airflow/dags/carga_pacientes.py
[2025-11-14T18:35:52.678+0000] {logging_mixin.py:188} INFO - [2025-11-14T18:35:52.677+0000] {dag.py:3036} INFO - Sync 1 DAGs
[2025-11-14T18:35:52.686+0000] {logging_mixin.py:188} INFO - [2025-11-14T18:35:52.686+0000] {dag.py:3823} INFO - Setting next_dagrun for carga_pacientes to None, run_after=None
[2025-11-14T18:35:52.697+0000] {processor.py:183} INFO - Processing /opt/airflow/dags/carga_pacientes.py took 0.329 seconds
[2025-11-14T18:36:22.754+0000] {processor.py:161} INFO - Started process (PID=2156) to work on /opt/airflow/dags/carga_pacientes.py
[2025-11-14T18:36:22.755+0000] {processor.py:830} INFO - Processing file /opt/airflow/dags/carga_pacientes.py for tasks to queue
[2025-11-14T18:36:22.756+0000] {logging_mixin.py:188} INFO - [2025-11-14T18:36:22.756+0000] {dagbag.py:538} INFO - Filling up the DagBag from /opt/airflow/dags/carga_pacientes.py
[2025-11-14T18:36:23.062+0000] {processor.py:840} INFO - DAG(s) 'carga_pacientes' retrieved from /opt/airflow/dags/carga_pacientes.py
[2025-11-14T18:36:23.074+0000] {logging_mixin.py:188} INFO - [2025-11-14T18:36:23.073+0000] {dag.py:3036} INFO - Sync 1 DAGs
[2025-11-14T18:36:23.083+0000] {logging_mixin.py:188} INFO - [2025-11-14T18:36:23.082+0000] {dag.py:3823} INFO - Setting next_dagrun for carga_pacientes to None, run_after=None
[2025-11-14T18:36:23.095+0000] {processor.py:183} INFO - Processing /opt/airflow/dags/carga_pacientes.py took 0.344 seconds
[2025-11-14T18:36:53.241+0000] {processor.py:161} INFO - Started process (PID=2213) to work on /opt/airflow/dags/carga_pacientes.py
[2025-11-14T18:36:53.242+0000] {processor.py:830} INFO - Processing file /opt/airflow/dags/carga_pacientes.py for tasks to queue
[2025-11-14T18:36:53.243+0000] {logging_mixin.py:188} INFO - [2025-11-14T18:36:53.243+0000] {dagbag.py:538} INFO - Filling up the DagBag from /opt/airflow/dags/carga_pacientes.py
[2025-11-14T18:36:53.548+0000] {processor.py:840} INFO - DAG(s) 'carga_pacientes' retrieved from /opt/airflow/dags/carga_pacientes.py
[2025-11-14T18:36:53.558+0000] {logging_mixin.py:188} INFO - [2025-11-14T18:36:53.558+0000] {dag.py:3036} INFO - Sync 1 DAGs
[2025-11-14T18:36:53.567+0000] {logging_mixin.py:188} INFO - [2025-11-14T18:36:53.567+0000] {dag.py:3823} INFO - Setting next_dagrun for carga_pacientes to None, run_after=None
[2025-11-14T18:36:53.578+0000] {processor.py:183} INFO - Processing /opt/airflow/dags/carga_pacientes.py took 0.340 seconds
[2025-11-14T18:37:23.614+0000] {processor.py:161} INFO - Started process (PID=2270) to work on /opt/airflow/dags/carga_pacientes.py
[2025-11-14T18:37:23.615+0000] {processor.py:830} INFO - Processing file /opt/airflow/dags/carga_pacientes.py for tasks to queue
[2025-11-14T18:37:23.616+0000] {logging_mixin.py:188} INFO - [2025-11-14T18:37:23.616+0000] {dagbag.py:538} INFO - Filling up the DagBag from /opt/airflow/dags/carga_pacientes.py
[2025-11-14T18:37:23.913+0000] {processor.py:840} INFO - DAG(s) 'carga_pacientes' retrieved from /opt/airflow/dags/carga_pacientes.py
[2025-11-14T18:37:23.924+0000] {logging_mixin.py:188} INFO - [2025-11-14T18:37:23.924+0000] {dag.py:3036} INFO - Sync 1 DAGs
[2025-11-14T18:37:23.933+0000] {logging_mixin.py:188} INFO - [2025-11-14T18:37:23.933+0000] {dag.py:3823} INFO - Setting next_dagrun for carga_pacientes to None, run_after=None
[2025-11-14T18:37:23.944+0000] {processor.py:183} INFO - Processing /opt/airflow/dags/carga_pacientes.py took 0.332 seconds
[2025-11-14T18:37:54.665+0000] {processor.py:161} INFO - Started process (PID=2327) to work on /opt/airflow/dags/carga_pacientes.py
[2025-11-14T18:37:54.666+0000] {processor.py:830} INFO - Processing file /opt/airflow/dags/carga_pacientes.py for tasks to queue
[2025-11-14T18:37:54.668+0000] {logging_mixin.py:188} INFO - [2025-11-14T18:37:54.667+0000] {dagbag.py:538} INFO - Filling up the DagBag from /opt/airflow/dags/carga_pacientes.py
[2025-11-14T18:37:54.999+0000] {processor.py:840} INFO - DAG(s) 'carga_pacientes' retrieved from /opt/airflow/dags/carga_pacientes.py
[2025-11-14T18:37:55.011+0000] {logging_mixin.py:188} INFO - [2025-11-14T18:37:55.011+0000] {dag.py:3036} INFO - Sync 1 DAGs
[2025-11-14T18:37:55.022+0000] {logging_mixin.py:188} INFO - [2025-11-14T18:37:55.022+0000] {dag.py:3823} INFO - Setting next_dagrun for carga_pacientes to None, run_after=None
[2025-11-14T18:37:55.034+0000] {processor.py:183} INFO - Processing /opt/airflow/dags/carga_pacientes.py took 0.372 seconds
[2025-11-14T18:38:25.432+0000] {processor.py:161} INFO - Started process (PID=2384) to work on /opt/airflow/dags/carga_pacientes.py
[2025-11-14T18:38:25.432+0000] {processor.py:830} INFO - Processing file /opt/airflow/dags/carga_pacientes.py for tasks to queue
[2025-11-14T18:38:25.434+0000] {logging_mixin.py:188} INFO - [2025-11-14T18:38:25.434+0000] {dagbag.py:538} INFO - Filling up the DagBag from /opt/airflow/dags/carga_pacientes.py
[2025-11-14T18:38:25.753+0000] {processor.py:840} INFO - DAG(s) 'carga_pacientes' retrieved from /opt/airflow/dags/carga_pacientes.py
[2025-11-14T18:38:25.766+0000] {logging_mixin.py:188} INFO - [2025-11-14T18:38:25.766+0000] {dag.py:3036} INFO - Sync 1 DAGs
[2025-11-14T18:38:25.775+0000] {logging_mixin.py:188} INFO - [2025-11-14T18:38:25.775+0000] {dag.py:3823} INFO - Setting next_dagrun for carga_pacientes to None, run_after=None
[2025-11-14T18:38:25.788+0000] {processor.py:183} INFO - Processing /opt/airflow/dags/carga_pacientes.py took 0.360 seconds
[2025-11-14T18:39:27.266+0000] {processor.py:161} INFO - Started process (PID=51) to work on /opt/airflow/dags/carga_pacientes.py
[2025-11-14T18:39:27.267+0000] {processor.py:830} INFO - Processing file /opt/airflow/dags/carga_pacientes.py for tasks to queue
[2025-11-14T18:39:27.268+0000] {logging_mixin.py:188} INFO - [2025-11-14T18:39:27.268+0000] {dagbag.py:538} INFO - Filling up the DagBag from /opt/airflow/dags/carga_pacientes.py
[2025-11-14T18:39:28.312+0000] {processor.py:840} INFO - DAG(s) 'carga_pacientes' retrieved from /opt/airflow/dags/carga_pacientes.py
[2025-11-14T18:39:28.410+0000] {logging_mixin.py:188} INFO - [2025-11-14T18:39:28.409+0000] {override.py:1769} INFO - Created Permission View: can edit on DAG:carga_pacientes
[2025-11-14T18:39:28.418+0000] {logging_mixin.py:188} INFO - [2025-11-14T18:39:28.418+0000] {override.py:1769} INFO - Created Permission View: can read on DAG:carga_pacientes
[2025-11-14T18:39:28.424+0000] {logging_mixin.py:188} INFO - [2025-11-14T18:39:28.423+0000] {override.py:1769} INFO - Created Permission View: can delete on DAG:carga_pacientes
[2025-11-14T18:39:28.424+0000] {logging_mixin.py:188} INFO - [2025-11-14T18:39:28.424+0000] {dag.py:3036} INFO - Sync 1 DAGs
[2025-11-14T18:39:28.433+0000] {logging_mixin.py:188} INFO - [2025-11-14T18:39:28.433+0000] {dag.py:3058} INFO - Creating ORM DAG for carga_pacientes
[2025-11-14T18:39:28.434+0000] {logging_mixin.py:188} INFO - [2025-11-14T18:39:28.434+0000] {dag.py:3823} INFO - Setting next_dagrun for carga_pacientes to None, run_after=None
[2025-11-14T18:39:28.448+0000] {processor.py:183} INFO - Processing /opt/airflow/dags/carga_pacientes.py took 1.185 seconds
[2025-11-14T18:39:59.161+0000] {processor.py:161} INFO - Started process (PID=112) to work on /opt/airflow/dags/carga_pacientes.py
[2025-11-14T18:39:59.162+0000] {processor.py:830} INFO - Processing file /opt/airflow/dags/carga_pacientes.py for tasks to queue
[2025-11-14T18:39:59.164+0000] {logging_mixin.py:188} INFO - [2025-11-14T18:39:59.163+0000] {dagbag.py:538} INFO - Filling up the DagBag from /opt/airflow/dags/carga_pacientes.py
[2025-11-14T18:39:59.484+0000] {processor.py:840} INFO - DAG(s) 'carga_pacientes' retrieved from /opt/airflow/dags/carga_pacientes.py
[2025-11-14T18:39:59.496+0000] {logging_mixin.py:188} INFO - [2025-11-14T18:39:59.496+0000] {dag.py:3036} INFO - Sync 1 DAGs
[2025-11-14T18:39:59.505+0000] {logging_mixin.py:188} INFO - [2025-11-14T18:39:59.505+0000] {dag.py:3823} INFO - Setting next_dagrun for carga_pacientes to None, run_after=None
[2025-11-14T18:39:59.517+0000] {processor.py:183} INFO - Processing /opt/airflow/dags/carga_pacientes.py took 0.358 seconds
[2025-11-14T18:40:29.612+0000] {processor.py:161} INFO - Started process (PID=173) to work on /opt/airflow/dags/carga_pacientes.py
[2025-11-14T18:40:29.613+0000] {processor.py:830} INFO - Processing file /opt/airflow/dags/carga_pacientes.py for tasks to queue
[2025-11-14T18:40:29.614+0000] {logging_mixin.py:188} INFO - [2025-11-14T18:40:29.614+0000] {dagbag.py:538} INFO - Filling up the DagBag from /opt/airflow/dags/carga_pacientes.py
[2025-11-14T18:40:29.917+0000] {processor.py:840} INFO - DAG(s) 'carga_pacientes' retrieved from /opt/airflow/dags/carga_pacientes.py
[2025-11-14T18:40:29.928+0000] {logging_mixin.py:188} INFO - [2025-11-14T18:40:29.928+0000] {dag.py:3036} INFO - Sync 1 DAGs
[2025-11-14T18:40:29.937+0000] {logging_mixin.py:188} INFO - [2025-11-14T18:40:29.937+0000] {dag.py:3823} INFO - Setting next_dagrun for carga_pacientes to None, run_after=None
[2025-11-14T18:40:29.948+0000] {processor.py:183} INFO - Processing /opt/airflow/dags/carga_pacientes.py took 0.339 seconds
[2025-11-14T18:41:00.939+0000] {processor.py:161} INFO - Started process (PID=236) to work on /opt/airflow/dags/carga_pacientes.py
[2025-11-14T18:41:00.940+0000] {processor.py:830} INFO - Processing file /opt/airflow/dags/carga_pacientes.py for tasks to queue
[2025-11-14T18:41:00.941+0000] {logging_mixin.py:188} INFO - [2025-11-14T18:41:00.941+0000] {dagbag.py:538} INFO - Filling up the DagBag from /opt/airflow/dags/carga_pacientes.py
[2025-11-14T18:41:01.302+0000] {processor.py:840} INFO - DAG(s) 'carga_pacientes' retrieved from /opt/airflow/dags/carga_pacientes.py
[2025-11-14T18:41:01.314+0000] {logging_mixin.py:188} INFO - [2025-11-14T18:41:01.313+0000] {dag.py:3036} INFO - Sync 1 DAGs
[2025-11-14T18:41:01.323+0000] {logging_mixin.py:188} INFO - [2025-11-14T18:41:01.323+0000] {dag.py:3823} INFO - Setting next_dagrun for carga_pacientes to None, run_after=None
[2025-11-14T18:41:01.335+0000] {processor.py:183} INFO - Processing /opt/airflow/dags/carga_pacientes.py took 0.399 seconds
[2025-11-14T18:41:32.066+0000] {processor.py:161} INFO - Started process (PID=293) to work on /opt/airflow/dags/carga_pacientes.py
[2025-11-14T18:41:32.067+0000] {processor.py:830} INFO - Processing file /opt/airflow/dags/carga_pacientes.py for tasks to queue
[2025-11-14T18:41:32.069+0000] {logging_mixin.py:188} INFO - [2025-11-14T18:41:32.068+0000] {dagbag.py:538} INFO - Filling up the DagBag from /opt/airflow/dags/carga_pacientes.py
[2025-11-14T18:41:32.380+0000] {processor.py:840} INFO - DAG(s) 'carga_pacientes' retrieved from /opt/airflow/dags/carga_pacientes.py
[2025-11-14T18:41:32.391+0000] {logging_mixin.py:188} INFO - [2025-11-14T18:41:32.391+0000] {dag.py:3036} INFO - Sync 1 DAGs
[2025-11-14T18:41:32.400+0000] {logging_mixin.py:188} INFO - [2025-11-14T18:41:32.399+0000] {dag.py:3823} INFO - Setting next_dagrun for carga_pacientes to None, run_after=None
[2025-11-14T18:41:32.411+0000] {processor.py:183} INFO - Processing /opt/airflow/dags/carga_pacientes.py took 0.347 seconds
[2025-11-14T18:42:02.459+0000] {processor.py:161} INFO - Started process (PID=350) to work on /opt/airflow/dags/carga_pacientes.py
[2025-11-14T18:42:02.460+0000] {processor.py:830} INFO - Processing file /opt/airflow/dags/carga_pacientes.py for tasks to queue
[2025-11-14T18:42:02.462+0000] {logging_mixin.py:188} INFO - [2025-11-14T18:42:02.462+0000] {dagbag.py:538} INFO - Filling up the DagBag from /opt/airflow/dags/carga_pacientes.py
[2025-11-14T18:42:02.767+0000] {processor.py:840} INFO - DAG(s) 'carga_pacientes' retrieved from /opt/airflow/dags/carga_pacientes.py
[2025-11-14T18:42:02.778+0000] {logging_mixin.py:188} INFO - [2025-11-14T18:42:02.778+0000] {dag.py:3036} INFO - Sync 1 DAGs
[2025-11-14T18:42:02.787+0000] {logging_mixin.py:188} INFO - [2025-11-14T18:42:02.786+0000] {dag.py:3823} INFO - Setting next_dagrun for carga_pacientes to None, run_after=None
[2025-11-14T18:42:02.798+0000] {processor.py:183} INFO - Processing /opt/airflow/dags/carga_pacientes.py took 0.341 seconds
[2025-11-14T18:42:32.998+0000] {processor.py:161} INFO - Started process (PID=410) to work on /opt/airflow/dags/carga_pacientes.py
[2025-11-14T18:42:32.999+0000] {processor.py:830} INFO - Processing file /opt/airflow/dags/carga_pacientes.py for tasks to queue
[2025-11-14T18:42:33.000+0000] {logging_mixin.py:188} INFO - [2025-11-14T18:42:33.000+0000] {dagbag.py:538} INFO - Filling up the DagBag from /opt/airflow/dags/carga_pacientes.py
[2025-11-14T18:42:33.318+0000] {processor.py:840} INFO - DAG(s) 'carga_pacientes' retrieved from /opt/airflow/dags/carga_pacientes.py
[2025-11-14T18:42:33.330+0000] {logging_mixin.py:188} INFO - [2025-11-14T18:42:33.329+0000] {dag.py:3036} INFO - Sync 1 DAGs
[2025-11-14T18:42:33.338+0000] {logging_mixin.py:188} INFO - [2025-11-14T18:42:33.338+0000] {dag.py:3823} INFO - Setting next_dagrun for carga_pacientes to None, run_after=None
[2025-11-14T18:42:33.350+0000] {processor.py:183} INFO - Processing /opt/airflow/dags/carga_pacientes.py took 0.355 seconds
[2025-11-14T18:43:03.429+0000] {processor.py:161} INFO - Started process (PID=471) to work on /opt/airflow/dags/carga_pacientes.py
[2025-11-14T18:43:03.430+0000] {processor.py:830} INFO - Processing file /opt/airflow/dags/carga_pacientes.py for tasks to queue
[2025-11-14T18:43:03.431+0000] {logging_mixin.py:188} INFO - [2025-11-14T18:43:03.431+0000] {dagbag.py:538} INFO - Filling up the DagBag from /opt/airflow/dags/carga_pacientes.py
[2025-11-14T18:43:03.753+0000] {processor.py:840} INFO - DAG(s) 'carga_pacientes' retrieved from /opt/airflow/dags/carga_pacientes.py
[2025-11-14T18:43:03.764+0000] {logging_mixin.py:188} INFO - [2025-11-14T18:43:03.764+0000] {dag.py:3036} INFO - Sync 1 DAGs
[2025-11-14T18:43:03.773+0000] {logging_mixin.py:188} INFO - [2025-11-14T18:43:03.773+0000] {dag.py:3823} INFO - Setting next_dagrun for carga_pacientes to None, run_after=None
[2025-11-14T18:43:03.786+0000] {processor.py:183} INFO - Processing /opt/airflow/dags/carga_pacientes.py took 0.360 seconds
[2025-11-14T18:43:33.859+0000] {processor.py:161} INFO - Started process (PID=532) to work on /opt/airflow/dags/carga_pacientes.py
[2025-11-14T18:43:33.860+0000] {processor.py:830} INFO - Processing file /opt/airflow/dags/carga_pacientes.py for tasks to queue
[2025-11-14T18:43:33.861+0000] {logging_mixin.py:188} INFO - [2025-11-14T18:43:33.861+0000] {dagbag.py:538} INFO - Filling up the DagBag from /opt/airflow/dags/carga_pacientes.py
[2025-11-14T18:43:34.157+0000] {processor.py:840} INFO - DAG(s) 'carga_pacientes' retrieved from /opt/airflow/dags/carga_pacientes.py
[2025-11-14T18:43:34.169+0000] {logging_mixin.py:188} INFO - [2025-11-14T18:43:34.168+0000] {dag.py:3036} INFO - Sync 1 DAGs
[2025-11-14T18:43:34.177+0000] {logging_mixin.py:188} INFO - [2025-11-14T18:43:34.177+0000] {dag.py:3823} INFO - Setting next_dagrun for carga_pacientes to None, run_after=None
[2025-11-14T18:43:34.189+0000] {processor.py:183} INFO - Processing /opt/airflow/dags/carga_pacientes.py took 0.332 seconds
[2025-11-14T18:44:04.250+0000] {processor.py:161} INFO - Started process (PID=589) to work on /opt/airflow/dags/carga_pacientes.py
[2025-11-14T18:44:04.251+0000] {processor.py:830} INFO - Processing file /opt/airflow/dags/carga_pacientes.py for tasks to queue
[2025-11-14T18:44:04.252+0000] {logging_mixin.py:188} INFO - [2025-11-14T18:44:04.252+0000] {dagbag.py:538} INFO - Filling up the DagBag from /opt/airflow/dags/carga_pacientes.py
[2025-11-14T18:44:04.561+0000] {processor.py:840} INFO - DAG(s) 'carga_pacientes' retrieved from /opt/airflow/dags/carga_pacientes.py
[2025-11-14T18:44:04.575+0000] {logging_mixin.py:188} INFO - [2025-11-14T18:44:04.575+0000] {dag.py:3036} INFO - Sync 1 DAGs
[2025-11-14T18:44:04.584+0000] {logging_mixin.py:188} INFO - [2025-11-14T18:44:04.583+0000] {dag.py:3823} INFO - Setting next_dagrun for carga_pacientes to None, run_after=None
[2025-11-14T18:44:04.595+0000] {processor.py:183} INFO - Processing /opt/airflow/dags/carga_pacientes.py took 0.348 seconds
[2025-11-14T18:44:34.741+0000] {processor.py:161} INFO - Started process (PID=646) to work on /opt/airflow/dags/carga_pacientes.py
[2025-11-14T18:44:34.741+0000] {processor.py:830} INFO - Processing file /opt/airflow/dags/carga_pacientes.py for tasks to queue
[2025-11-14T18:44:34.743+0000] {logging_mixin.py:188} INFO - [2025-11-14T18:44:34.742+0000] {dagbag.py:538} INFO - Filling up the DagBag from /opt/airflow/dags/carga_pacientes.py
[2025-11-14T18:44:35.061+0000] {processor.py:840} INFO - DAG(s) 'carga_pacientes' retrieved from /opt/airflow/dags/carga_pacientes.py
[2025-11-14T18:44:35.073+0000] {logging_mixin.py:188} INFO - [2025-11-14T18:44:35.073+0000] {dag.py:3036} INFO - Sync 1 DAGs
[2025-11-14T18:44:35.082+0000] {logging_mixin.py:188} INFO - [2025-11-14T18:44:35.081+0000] {dag.py:3823} INFO - Setting next_dagrun for carga_pacientes to None, run_after=None
[2025-11-14T18:44:35.096+0000] {processor.py:183} INFO - Processing /opt/airflow/dags/carga_pacientes.py took 0.358 seconds
[2025-11-14T18:45:05.138+0000] {processor.py:161} INFO - Started process (PID=707) to work on /opt/airflow/dags/carga_pacientes.py
[2025-11-14T18:45:05.139+0000] {processor.py:830} INFO - Processing file /opt/airflow/dags/carga_pacientes.py for tasks to queue
[2025-11-14T18:45:05.140+0000] {logging_mixin.py:188} INFO - [2025-11-14T18:45:05.140+0000] {dagbag.py:538} INFO - Filling up the DagBag from /opt/airflow/dags/carga_pacientes.py
[2025-11-14T18:45:05.451+0000] {processor.py:840} INFO - DAG(s) 'carga_pacientes' retrieved from /opt/airflow/dags/carga_pacientes.py
[2025-11-14T18:45:05.461+0000] {logging_mixin.py:188} INFO - [2025-11-14T18:45:05.461+0000] {dag.py:3036} INFO - Sync 1 DAGs
[2025-11-14T18:45:05.469+0000] {logging_mixin.py:188} INFO - [2025-11-14T18:45:05.469+0000] {dag.py:3823} INFO - Setting next_dagrun for carga_pacientes to None, run_after=None
[2025-11-14T18:45:05.482+0000] {processor.py:183} INFO - Processing /opt/airflow/dags/carga_pacientes.py took 0.346 seconds
[2025-11-14T18:45:35.521+0000] {processor.py:161} INFO - Started process (PID=768) to work on /opt/airflow/dags/carga_pacientes.py
[2025-11-14T18:45:35.522+0000] {processor.py:830} INFO - Processing file /opt/airflow/dags/carga_pacientes.py for tasks to queue
[2025-11-14T18:45:35.523+0000] {logging_mixin.py:188} INFO - [2025-11-14T18:45:35.523+0000] {dagbag.py:538} INFO - Filling up the DagBag from /opt/airflow/dags/carga_pacientes.py
[2025-11-14T18:45:35.840+0000] {processor.py:840} INFO - DAG(s) 'carga_pacientes' retrieved from /opt/airflow/dags/carga_pacientes.py
[2025-11-14T18:45:35.850+0000] {logging_mixin.py:188} INFO - [2025-11-14T18:45:35.850+0000] {dag.py:3036} INFO - Sync 1 DAGs
[2025-11-14T18:45:35.859+0000] {logging_mixin.py:188} INFO - [2025-11-14T18:45:35.859+0000] {dag.py:3823} INFO - Setting next_dagrun for carga_pacientes to None, run_after=None
[2025-11-14T18:45:35.871+0000] {processor.py:183} INFO - Processing /opt/airflow/dags/carga_pacientes.py took 0.352 seconds
[2025-11-14T18:46:06.608+0000] {processor.py:161} INFO - Started process (PID=826) to work on /opt/airflow/dags/carga_pacientes.py
[2025-11-14T18:46:06.609+0000] {processor.py:830} INFO - Processing file /opt/airflow/dags/carga_pacientes.py for tasks to queue
[2025-11-14T18:46:06.610+0000] {logging_mixin.py:188} INFO - [2025-11-14T18:46:06.610+0000] {dagbag.py:538} INFO - Filling up the DagBag from /opt/airflow/dags/carga_pacientes.py
[2025-11-14T18:46:06.921+0000] {processor.py:840} INFO - DAG(s) 'carga_pacientes' retrieved from /opt/airflow/dags/carga_pacientes.py
[2025-11-14T18:46:06.932+0000] {logging_mixin.py:188} INFO - [2025-11-14T18:46:06.932+0000] {dag.py:3036} INFO - Sync 1 DAGs
[2025-11-14T18:46:06.940+0000] {logging_mixin.py:188} INFO - [2025-11-14T18:46:06.940+0000] {dag.py:3823} INFO - Setting next_dagrun for carga_pacientes to None, run_after=None
[2025-11-14T18:46:06.952+0000] {processor.py:183} INFO - Processing /opt/airflow/dags/carga_pacientes.py took 0.346 seconds
[2025-11-14T18:46:36.990+0000] {processor.py:161} INFO - Started process (PID=883) to work on /opt/airflow/dags/carga_pacientes.py
[2025-11-14T18:46:36.991+0000] {processor.py:830} INFO - Processing file /opt/airflow/dags/carga_pacientes.py for tasks to queue
[2025-11-14T18:46:36.992+0000] {logging_mixin.py:188} INFO - [2025-11-14T18:46:36.992+0000] {dagbag.py:538} INFO - Filling up the DagBag from /opt/airflow/dags/carga_pacientes.py
[2025-11-14T18:46:37.307+0000] {processor.py:840} INFO - DAG(s) 'carga_pacientes' retrieved from /opt/airflow/dags/carga_pacientes.py
[2025-11-14T18:46:37.320+0000] {logging_mixin.py:188} INFO - [2025-11-14T18:46:37.319+0000] {dag.py:3036} INFO - Sync 1 DAGs
[2025-11-14T18:46:37.328+0000] {logging_mixin.py:188} INFO - [2025-11-14T18:46:37.328+0000] {dag.py:3823} INFO - Setting next_dagrun for carga_pacientes to None, run_after=None
[2025-11-14T18:46:37.340+0000] {processor.py:183} INFO - Processing /opt/airflow/dags/carga_pacientes.py took 0.352 seconds
[2025-11-14T18:47:07.399+0000] {processor.py:161} INFO - Started process (PID=943) to work on /opt/airflow/dags/carga_pacientes.py
[2025-11-14T18:47:07.399+0000] {processor.py:830} INFO - Processing file /opt/airflow/dags/carga_pacientes.py for tasks to queue
[2025-11-14T18:47:07.401+0000] {logging_mixin.py:188} INFO - [2025-11-14T18:47:07.401+0000] {dagbag.py:538} INFO - Filling up the DagBag from /opt/airflow/dags/carga_pacientes.py
[2025-11-14T18:47:07.712+0000] {processor.py:840} INFO - DAG(s) 'carga_pacientes' retrieved from /opt/airflow/dags/carga_pacientes.py
[2025-11-14T18:47:07.723+0000] {logging_mixin.py:188} INFO - [2025-11-14T18:47:07.722+0000] {dag.py:3036} INFO - Sync 1 DAGs
[2025-11-14T18:47:07.730+0000] {logging_mixin.py:188} INFO - [2025-11-14T18:47:07.730+0000] {dag.py:3823} INFO - Setting next_dagrun for carga_pacientes to None, run_after=None
[2025-11-14T18:47:07.742+0000] {processor.py:183} INFO - Processing /opt/airflow/dags/carga_pacientes.py took 0.346 seconds
[2025-11-14T18:47:37.784+0000] {processor.py:161} INFO - Started process (PID=1004) to work on /opt/airflow/dags/carga_pacientes.py
[2025-11-14T18:47:37.785+0000] {processor.py:830} INFO - Processing file /opt/airflow/dags/carga_pacientes.py for tasks to queue
[2025-11-14T18:47:37.787+0000] {logging_mixin.py:188} INFO - [2025-11-14T18:47:37.787+0000] {dagbag.py:538} INFO - Filling up the DagBag from /opt/airflow/dags/carga_pacientes.py
[2025-11-14T18:47:38.091+0000] {processor.py:840} INFO - DAG(s) 'carga_pacientes' retrieved from /opt/airflow/dags/carga_pacientes.py
[2025-11-14T18:47:38.103+0000] {logging_mixin.py:188} INFO - [2025-11-14T18:47:38.103+0000] {dag.py:3036} INFO - Sync 1 DAGs
[2025-11-14T18:47:38.111+0000] {logging_mixin.py:188} INFO - [2025-11-14T18:47:38.111+0000] {dag.py:3823} INFO - Setting next_dagrun for carga_pacientes to None, run_after=None
[2025-11-14T18:47:38.124+0000] {processor.py:183} INFO - Processing /opt/airflow/dags/carga_pacientes.py took 0.342 seconds
[2025-11-14T18:48:08.206+0000] {processor.py:161} INFO - Started process (PID=1066) to work on /opt/airflow/dags/carga_pacientes.py
[2025-11-14T18:48:08.207+0000] {processor.py:830} INFO - Processing file /opt/airflow/dags/carga_pacientes.py for tasks to queue
[2025-11-14T18:48:08.209+0000] {logging_mixin.py:188} INFO - [2025-11-14T18:48:08.208+0000] {dagbag.py:538} INFO - Filling up the DagBag from /opt/airflow/dags/carga_pacientes.py
[2025-11-14T18:48:08.524+0000] {processor.py:840} INFO - DAG(s) 'carga_pacientes' retrieved from /opt/airflow/dags/carga_pacientes.py
[2025-11-14T18:48:08.535+0000] {logging_mixin.py:188} INFO - [2025-11-14T18:48:08.535+0000] {dag.py:3036} INFO - Sync 1 DAGs
[2025-11-14T18:48:08.543+0000] {logging_mixin.py:188} INFO - [2025-11-14T18:48:08.543+0000] {dag.py:3823} INFO - Setting next_dagrun for carga_pacientes to None, run_after=None
[2025-11-14T18:48:08.554+0000] {processor.py:183} INFO - Processing /opt/airflow/dags/carga_pacientes.py took 0.350 seconds
[2025-11-14T18:48:39.417+0000] {processor.py:161} INFO - Started process (PID=1126) to work on /opt/airflow/dags/carga_pacientes.py
[2025-11-14T18:48:39.418+0000] {processor.py:830} INFO - Processing file /opt/airflow/dags/carga_pacientes.py for tasks to queue
[2025-11-14T18:48:39.420+0000] {logging_mixin.py:188} INFO - [2025-11-14T18:48:39.420+0000] {dagbag.py:538} INFO - Filling up the DagBag from /opt/airflow/dags/carga_pacientes.py
[2025-11-14T18:48:39.720+0000] {processor.py:840} INFO - DAG(s) 'carga_pacientes' retrieved from /opt/airflow/dags/carga_pacientes.py
[2025-11-14T18:48:39.731+0000] {logging_mixin.py:188} INFO - [2025-11-14T18:48:39.731+0000] {dag.py:3036} INFO - Sync 1 DAGs
[2025-11-14T18:48:39.739+0000] {logging_mixin.py:188} INFO - [2025-11-14T18:48:39.739+0000] {dag.py:3823} INFO - Setting next_dagrun for carga_pacientes to None, run_after=None
[2025-11-14T18:48:39.750+0000] {processor.py:183} INFO - Processing /opt/airflow/dags/carga_pacientes.py took 0.335 seconds
[2025-11-14T18:49:09.843+0000] {processor.py:161} INFO - Started process (PID=1187) to work on /opt/airflow/dags/carga_pacientes.py
[2025-11-14T18:49:09.843+0000] {processor.py:830} INFO - Processing file /opt/airflow/dags/carga_pacientes.py for tasks to queue
[2025-11-14T18:49:09.844+0000] {logging_mixin.py:188} INFO - [2025-11-14T18:49:09.844+0000] {dagbag.py:538} INFO - Filling up the DagBag from /opt/airflow/dags/carga_pacientes.py
[2025-11-14T18:49:10.154+0000] {processor.py:840} INFO - DAG(s) 'carga_pacientes' retrieved from /opt/airflow/dags/carga_pacientes.py
[2025-11-14T18:49:10.166+0000] {logging_mixin.py:188} INFO - [2025-11-14T18:49:10.165+0000] {dag.py:3036} INFO - Sync 1 DAGs
[2025-11-14T18:49:10.174+0000] {logging_mixin.py:188} INFO - [2025-11-14T18:49:10.174+0000] {dag.py:3823} INFO - Setting next_dagrun for carga_pacientes to None, run_after=None
[2025-11-14T18:49:10.186+0000] {processor.py:183} INFO - Processing /opt/airflow/dags/carga_pacientes.py took 0.345 seconds
[2025-11-14T18:49:40.241+0000] {processor.py:161} INFO - Started process (PID=1244) to work on /opt/airflow/dags/carga_pacientes.py
[2025-11-14T18:49:40.242+0000] {processor.py:830} INFO - Processing file /opt/airflow/dags/carga_pacientes.py for tasks to queue
[2025-11-14T18:49:40.243+0000] {logging_mixin.py:188} INFO - [2025-11-14T18:49:40.243+0000] {dagbag.py:538} INFO - Filling up the DagBag from /opt/airflow/dags/carga_pacientes.py
[2025-11-14T18:49:40.535+0000] {processor.py:840} INFO - DAG(s) 'carga_pacientes' retrieved from /opt/airflow/dags/carga_pacientes.py
[2025-11-14T18:49:40.546+0000] {logging_mixin.py:188} INFO - [2025-11-14T18:49:40.545+0000] {dag.py:3036} INFO - Sync 1 DAGs
[2025-11-14T18:49:40.554+0000] {logging_mixin.py:188} INFO - [2025-11-14T18:49:40.554+0000] {dag.py:3823} INFO - Setting next_dagrun for carga_pacientes to None, run_after=None
[2025-11-14T18:49:40.564+0000] {processor.py:183} INFO - Processing /opt/airflow/dags/carga_pacientes.py took 0.326 seconds
[2025-11-14T18:50:11.541+0000] {processor.py:161} INFO - Started process (PID=1301) to work on /opt/airflow/dags/carga_pacientes.py
[2025-11-14T18:50:11.542+0000] {processor.py:830} INFO - Processing file /opt/airflow/dags/carga_pacientes.py for tasks to queue
[2025-11-14T18:50:11.543+0000] {logging_mixin.py:188} INFO - [2025-11-14T18:50:11.543+0000] {dagbag.py:538} INFO - Filling up the DagBag from /opt/airflow/dags/carga_pacientes.py
[2025-11-14T18:50:11.853+0000] {processor.py:840} INFO - DAG(s) 'carga_pacientes' retrieved from /opt/airflow/dags/carga_pacientes.py
[2025-11-14T18:50:11.864+0000] {logging_mixin.py:188} INFO - [2025-11-14T18:50:11.864+0000] {dag.py:3036} INFO - Sync 1 DAGs
[2025-11-14T18:50:11.874+0000] {logging_mixin.py:188} INFO - [2025-11-14T18:50:11.874+0000] {dag.py:3823} INFO - Setting next_dagrun for carga_pacientes to None, run_after=None
[2025-11-14T18:50:11.888+0000] {processor.py:183} INFO - Processing /opt/airflow/dags/carga_pacientes.py took 0.350 seconds
[2025-11-14T18:50:42.886+0000] {processor.py:161} INFO - Started process (PID=1358) to work on /opt/airflow/dags/carga_pacientes.py
[2025-11-14T18:50:42.886+0000] {processor.py:830} INFO - Processing file /opt/airflow/dags/carga_pacientes.py for tasks to queue
[2025-11-14T18:50:42.888+0000] {logging_mixin.py:188} INFO - [2025-11-14T18:50:42.888+0000] {dagbag.py:538} INFO - Filling up the DagBag from /opt/airflow/dags/carga_pacientes.py
[2025-11-14T18:50:43.192+0000] {processor.py:840} INFO - DAG(s) 'carga_pacientes' retrieved from /opt/airflow/dags/carga_pacientes.py
[2025-11-14T18:50:43.204+0000] {logging_mixin.py:188} INFO - [2025-11-14T18:50:43.204+0000] {dag.py:3036} INFO - Sync 1 DAGs
[2025-11-14T18:50:43.212+0000] {logging_mixin.py:188} INFO - [2025-11-14T18:50:43.212+0000] {dag.py:3823} INFO - Setting next_dagrun for carga_pacientes to None, run_after=None
[2025-11-14T18:50:43.224+0000] {processor.py:183} INFO - Processing /opt/airflow/dags/carga_pacientes.py took 0.341 seconds
[2025-11-14T18:51:13.360+0000] {processor.py:161} INFO - Started process (PID=1415) to work on /opt/airflow/dags/carga_pacientes.py
[2025-11-14T18:51:13.361+0000] {processor.py:830} INFO - Processing file /opt/airflow/dags/carga_pacientes.py for tasks to queue
[2025-11-14T18:51:13.362+0000] {logging_mixin.py:188} INFO - [2025-11-14T18:51:13.362+0000] {dagbag.py:538} INFO - Filling up the DagBag from /opt/airflow/dags/carga_pacientes.py
[2025-11-14T18:51:13.659+0000] {processor.py:840} INFO - DAG(s) 'carga_pacientes' retrieved from /opt/airflow/dags/carga_pacientes.py
[2025-11-14T18:51:13.671+0000] {logging_mixin.py:188} INFO - [2025-11-14T18:51:13.671+0000] {dag.py:3036} INFO - Sync 1 DAGs
[2025-11-14T18:51:13.680+0000] {logging_mixin.py:188} INFO - [2025-11-14T18:51:13.679+0000] {dag.py:3823} INFO - Setting next_dagrun for carga_pacientes to None, run_after=None
[2025-11-14T18:51:13.691+0000] {processor.py:183} INFO - Processing /opt/airflow/dags/carga_pacientes.py took 0.333 seconds
[2025-11-14T18:52:00.889+0000] {processor.py:161} INFO - Started process (PID=51) to work on /opt/airflow/dags/carga_pacientes.py
[2025-11-14T18:52:00.890+0000] {processor.py:830} INFO - Processing file /opt/airflow/dags/carga_pacientes.py for tasks to queue
[2025-11-14T18:52:00.891+0000] {logging_mixin.py:188} INFO - [2025-11-14T18:52:00.891+0000] {dagbag.py:538} INFO - Filling up the DagBag from /opt/airflow/dags/carga_pacientes.py
[2025-11-14T18:52:02.019+0000] {processor.py:840} INFO - DAG(s) 'carga_pacientes' retrieved from /opt/airflow/dags/carga_pacientes.py
[2025-11-14T18:52:02.105+0000] {logging_mixin.py:188} INFO - [2025-11-14T18:52:02.105+0000] {override.py:1769} INFO - Created Permission View: can edit on DAG:carga_pacientes
[2025-11-14T18:52:02.114+0000] {logging_mixin.py:188} INFO - [2025-11-14T18:52:02.113+0000] {override.py:1769} INFO - Created Permission View: can delete on DAG:carga_pacientes
[2025-11-14T18:52:02.120+0000] {logging_mixin.py:188} INFO - [2025-11-14T18:52:02.119+0000] {override.py:1769} INFO - Created Permission View: can read on DAG:carga_pacientes
[2025-11-14T18:52:02.120+0000] {logging_mixin.py:188} INFO - [2025-11-14T18:52:02.120+0000] {dag.py:3036} INFO - Sync 1 DAGs
[2025-11-14T18:52:02.131+0000] {logging_mixin.py:188} INFO - [2025-11-14T18:52:02.131+0000] {dag.py:3058} INFO - Creating ORM DAG for carga_pacientes
[2025-11-14T18:52:02.132+0000] {logging_mixin.py:188} INFO - [2025-11-14T18:52:02.132+0000] {dag.py:3823} INFO - Setting next_dagrun for carga_pacientes to None, run_after=None
[2025-11-14T18:52:02.148+0000] {processor.py:183} INFO - Processing /opt/airflow/dags/carga_pacientes.py took 1.262 seconds
[2025-11-14T18:52:32.915+0000] {processor.py:161} INFO - Started process (PID=112) to work on /opt/airflow/dags/carga_pacientes.py
[2025-11-14T18:52:32.916+0000] {processor.py:830} INFO - Processing file /opt/airflow/dags/carga_pacientes.py for tasks to queue
[2025-11-14T18:52:32.917+0000] {logging_mixin.py:188} INFO - [2025-11-14T18:52:32.917+0000] {dagbag.py:538} INFO - Filling up the DagBag from /opt/airflow/dags/carga_pacientes.py
[2025-11-14T18:52:33.236+0000] {processor.py:840} INFO - DAG(s) 'carga_pacientes' retrieved from /opt/airflow/dags/carga_pacientes.py
[2025-11-14T18:52:33.248+0000] {logging_mixin.py:188} INFO - [2025-11-14T18:52:33.247+0000] {dag.py:3036} INFO - Sync 1 DAGs
[2025-11-14T18:52:33.258+0000] {logging_mixin.py:188} INFO - [2025-11-14T18:52:33.258+0000] {dag.py:3823} INFO - Setting next_dagrun for carga_pacientes to None, run_after=None
[2025-11-14T18:52:33.270+0000] {processor.py:183} INFO - Processing /opt/airflow/dags/carga_pacientes.py took 0.357 seconds
[2025-11-14T18:53:03.326+0000] {processor.py:161} INFO - Started process (PID=173) to work on /opt/airflow/dags/carga_pacientes.py
[2025-11-14T18:53:03.327+0000] {processor.py:830} INFO - Processing file /opt/airflow/dags/carga_pacientes.py for tasks to queue
[2025-11-14T18:53:03.328+0000] {logging_mixin.py:188} INFO - [2025-11-14T18:53:03.328+0000] {dagbag.py:538} INFO - Filling up the DagBag from /opt/airflow/dags/carga_pacientes.py
[2025-11-14T18:53:03.628+0000] {processor.py:840} INFO - DAG(s) 'carga_pacientes' retrieved from /opt/airflow/dags/carga_pacientes.py
[2025-11-14T18:53:03.639+0000] {logging_mixin.py:188} INFO - [2025-11-14T18:53:03.639+0000] {dag.py:3036} INFO - Sync 1 DAGs
[2025-11-14T18:53:03.647+0000] {logging_mixin.py:188} INFO - [2025-11-14T18:53:03.647+0000] {dag.py:3823} INFO - Setting next_dagrun for carga_pacientes to None, run_after=None
[2025-11-14T18:53:03.659+0000] {processor.py:183} INFO - Processing /opt/airflow/dags/carga_pacientes.py took 0.335 seconds
[2025-11-14T18:53:34.619+0000] {processor.py:161} INFO - Started process (PID=236) to work on /opt/airflow/dags/carga_pacientes.py
[2025-11-14T18:53:34.620+0000] {processor.py:830} INFO - Processing file /opt/airflow/dags/carga_pacientes.py for tasks to queue
[2025-11-14T18:53:34.621+0000] {logging_mixin.py:188} INFO - [2025-11-14T18:53:34.621+0000] {dagbag.py:538} INFO - Filling up the DagBag from /opt/airflow/dags/carga_pacientes.py
[2025-11-14T18:53:34.932+0000] {processor.py:840} INFO - DAG(s) 'carga_pacientes' retrieved from /opt/airflow/dags/carga_pacientes.py
[2025-11-14T18:53:34.943+0000] {logging_mixin.py:188} INFO - [2025-11-14T18:53:34.943+0000] {dag.py:3036} INFO - Sync 1 DAGs
[2025-11-14T18:53:34.953+0000] {logging_mixin.py:188} INFO - [2025-11-14T18:53:34.952+0000] {dag.py:3823} INFO - Setting next_dagrun for carga_pacientes to None, run_after=None
[2025-11-14T18:53:34.965+0000] {processor.py:183} INFO - Processing /opt/airflow/dags/carga_pacientes.py took 0.348 seconds
[2025-11-14T18:54:05.712+0000] {processor.py:161} INFO - Started process (PID=293) to work on /opt/airflow/dags/carga_pacientes.py
[2025-11-14T18:54:05.713+0000] {processor.py:830} INFO - Processing file /opt/airflow/dags/carga_pacientes.py for tasks to queue
[2025-11-14T18:54:05.714+0000] {logging_mixin.py:188} INFO - [2025-11-14T18:54:05.714+0000] {dagbag.py:538} INFO - Filling up the DagBag from /opt/airflow/dags/carga_pacientes.py
[2025-11-14T18:54:06.024+0000] {processor.py:840} INFO - DAG(s) 'carga_pacientes' retrieved from /opt/airflow/dags/carga_pacientes.py
[2025-11-14T18:54:06.035+0000] {logging_mixin.py:188} INFO - [2025-11-14T18:54:06.035+0000] {dag.py:3036} INFO - Sync 1 DAGs
[2025-11-14T18:54:06.045+0000] {logging_mixin.py:188} INFO - [2025-11-14T18:54:06.045+0000] {dag.py:3823} INFO - Setting next_dagrun for carga_pacientes to None, run_after=None
[2025-11-14T18:54:06.056+0000] {processor.py:183} INFO - Processing /opt/airflow/dags/carga_pacientes.py took 0.347 seconds
