[2025-11-12T23:32:29.223+0000] {processor.py:161} INFO - Started process (PID=89) to work on /home/airflow/.local/lib/python3.8/site-packages/airflow/example_dags/example_sla_dag.py
[2025-11-12T23:32:29.224+0000] {processor.py:830} INFO - Processing file /home/airflow/.local/lib/python3.8/site-packages/airflow/example_dags/example_sla_dag.py for tasks to queue
[2025-11-12T23:32:29.225+0000] {logging_mixin.py:188} INFO - [2025-11-12T23:32:29.225+0000] {dagbag.py:538} INFO - Filling up the DagBag from /home/airflow/.local/lib/python3.8/site-packages/airflow/example_dags/example_sla_dag.py
[2025-11-12T23:32:29.235+0000] {processor.py:840} INFO - DAG(s) 'example_sla_dag' retrieved from /home/airflow/.local/lib/python3.8/site-packages/airflow/example_dags/example_sla_dag.py
[2025-11-12T23:32:29.319+0000] {logging_mixin.py:188} INFO - [2025-11-12T23:32:29.319+0000] {override.py:1769} INFO - Created Permission View: can delete on DAG:example_sla_dag
[2025-11-12T23:32:29.326+0000] {logging_mixin.py:188} INFO - [2025-11-12T23:32:29.326+0000] {override.py:1769} INFO - Created Permission View: can edit on DAG:example_sla_dag
[2025-11-12T23:32:29.332+0000] {logging_mixin.py:188} INFO - [2025-11-12T23:32:29.331+0000] {override.py:1769} INFO - Created Permission View: can read on DAG:example_sla_dag
[2025-11-12T23:32:29.332+0000] {logging_mixin.py:188} INFO - [2025-11-12T23:32:29.332+0000] {dag.py:3036} INFO - Sync 1 DAGs
[2025-11-12T23:32:29.342+0000] {logging_mixin.py:188} INFO - [2025-11-12T23:32:29.342+0000] {dag.py:3058} INFO - Creating ORM DAG for example_sla_dag
[2025-11-12T23:32:29.355+0000] {logging_mixin.py:188} INFO - [2025-11-12T23:32:29.354+0000] {dag.py:3823} INFO - Setting next_dagrun for example_sla_dag to 2025-11-12 23:30:00+00:00, run_after=2025-11-12 23:32:00+00:00
[2025-11-12T23:32:29.368+0000] {processor.py:183} INFO - Processing /home/airflow/.local/lib/python3.8/site-packages/airflow/example_dags/example_sla_dag.py took 0.148 seconds
[2025-11-12T23:33:00.222+0000] {processor.py:161} INFO - Started process (PID=146) to work on /home/airflow/.local/lib/python3.8/site-packages/airflow/example_dags/example_sla_dag.py
[2025-11-12T23:33:00.222+0000] {processor.py:830} INFO - Processing file /home/airflow/.local/lib/python3.8/site-packages/airflow/example_dags/example_sla_dag.py for tasks to queue
[2025-11-12T23:33:00.224+0000] {logging_mixin.py:188} INFO - [2025-11-12T23:33:00.223+0000] {dagbag.py:538} INFO - Filling up the DagBag from /home/airflow/.local/lib/python3.8/site-packages/airflow/example_dags/example_sla_dag.py
[2025-11-12T23:33:00.230+0000] {processor.py:840} INFO - DAG(s) 'example_sla_dag' retrieved from /home/airflow/.local/lib/python3.8/site-packages/airflow/example_dags/example_sla_dag.py
[2025-11-12T23:33:00.249+0000] {logging_mixin.py:188} INFO - [2025-11-12T23:33:00.248+0000] {dag.py:3036} INFO - Sync 1 DAGs
[2025-11-12T23:33:00.268+0000] {logging_mixin.py:188} INFO - [2025-11-12T23:33:00.268+0000] {dag.py:3823} INFO - Setting next_dagrun for example_sla_dag to 2025-11-12 23:30:00+00:00, run_after=2025-11-12 23:32:00+00:00
[2025-11-12T23:33:00.283+0000] {processor.py:183} INFO - Processing /home/airflow/.local/lib/python3.8/site-packages/airflow/example_dags/example_sla_dag.py took 0.064 seconds
[2025-11-12T23:33:30.397+0000] {processor.py:161} INFO - Started process (PID=203) to work on /home/airflow/.local/lib/python3.8/site-packages/airflow/example_dags/example_sla_dag.py
[2025-11-12T23:33:30.398+0000] {processor.py:830} INFO - Processing file /home/airflow/.local/lib/python3.8/site-packages/airflow/example_dags/example_sla_dag.py for tasks to queue
[2025-11-12T23:33:30.400+0000] {logging_mixin.py:188} INFO - [2025-11-12T23:33:30.400+0000] {dagbag.py:538} INFO - Filling up the DagBag from /home/airflow/.local/lib/python3.8/site-packages/airflow/example_dags/example_sla_dag.py
[2025-11-12T23:33:30.407+0000] {processor.py:840} INFO - DAG(s) 'example_sla_dag' retrieved from /home/airflow/.local/lib/python3.8/site-packages/airflow/example_dags/example_sla_dag.py
[2025-11-12T23:33:30.422+0000] {logging_mixin.py:188} INFO - [2025-11-12T23:33:30.421+0000] {dag.py:3036} INFO - Sync 1 DAGs
[2025-11-12T23:33:30.441+0000] {logging_mixin.py:188} INFO - [2025-11-12T23:33:30.441+0000] {dag.py:3823} INFO - Setting next_dagrun for example_sla_dag to 2025-11-12 23:30:00+00:00, run_after=2025-11-12 23:32:00+00:00
[2025-11-12T23:33:30.454+0000] {processor.py:183} INFO - Processing /home/airflow/.local/lib/python3.8/site-packages/airflow/example_dags/example_sla_dag.py took 0.060 seconds
[2025-11-12T23:34:00.697+0000] {processor.py:161} INFO - Started process (PID=260) to work on /home/airflow/.local/lib/python3.8/site-packages/airflow/example_dags/example_sla_dag.py
[2025-11-12T23:34:00.698+0000] {processor.py:830} INFO - Processing file /home/airflow/.local/lib/python3.8/site-packages/airflow/example_dags/example_sla_dag.py for tasks to queue
[2025-11-12T23:34:00.699+0000] {logging_mixin.py:188} INFO - [2025-11-12T23:34:00.699+0000] {dagbag.py:538} INFO - Filling up the DagBag from /home/airflow/.local/lib/python3.8/site-packages/airflow/example_dags/example_sla_dag.py
[2025-11-12T23:34:00.706+0000] {processor.py:840} INFO - DAG(s) 'example_sla_dag' retrieved from /home/airflow/.local/lib/python3.8/site-packages/airflow/example_dags/example_sla_dag.py
[2025-11-12T23:34:00.719+0000] {logging_mixin.py:188} INFO - [2025-11-12T23:34:00.719+0000] {dag.py:3036} INFO - Sync 1 DAGs
[2025-11-12T23:34:00.738+0000] {logging_mixin.py:188} INFO - [2025-11-12T23:34:00.738+0000] {dag.py:3823} INFO - Setting next_dagrun for example_sla_dag to 2025-11-12 23:32:00+00:00, run_after=2025-11-12 23:34:00+00:00
[2025-11-12T23:34:00.750+0000] {processor.py:183} INFO - Processing /home/airflow/.local/lib/python3.8/site-packages/airflow/example_dags/example_sla_dag.py took 0.055 seconds
[2025-11-12T23:34:30.865+0000] {processor.py:161} INFO - Started process (PID=317) to work on /home/airflow/.local/lib/python3.8/site-packages/airflow/example_dags/example_sla_dag.py
[2025-11-12T23:34:30.866+0000] {processor.py:830} INFO - Processing file /home/airflow/.local/lib/python3.8/site-packages/airflow/example_dags/example_sla_dag.py for tasks to queue
[2025-11-12T23:34:30.868+0000] {logging_mixin.py:188} INFO - [2025-11-12T23:34:30.867+0000] {dagbag.py:538} INFO - Filling up the DagBag from /home/airflow/.local/lib/python3.8/site-packages/airflow/example_dags/example_sla_dag.py
[2025-11-12T23:34:30.874+0000] {processor.py:840} INFO - DAG(s) 'example_sla_dag' retrieved from /home/airflow/.local/lib/python3.8/site-packages/airflow/example_dags/example_sla_dag.py
[2025-11-12T23:34:30.890+0000] {logging_mixin.py:188} INFO - [2025-11-12T23:34:30.890+0000] {dag.py:3036} INFO - Sync 1 DAGs
[2025-11-12T23:34:30.910+0000] {logging_mixin.py:188} INFO - [2025-11-12T23:34:30.910+0000] {dag.py:3823} INFO - Setting next_dagrun for example_sla_dag to 2025-11-12 23:32:00+00:00, run_after=2025-11-12 23:34:00+00:00
[2025-11-12T23:34:30.929+0000] {processor.py:183} INFO - Processing /home/airflow/.local/lib/python3.8/site-packages/airflow/example_dags/example_sla_dag.py took 0.066 seconds
[2025-11-12T23:35:01.877+0000] {processor.py:161} INFO - Started process (PID=374) to work on /home/airflow/.local/lib/python3.8/site-packages/airflow/example_dags/example_sla_dag.py
[2025-11-12T23:35:01.878+0000] {processor.py:830} INFO - Processing file /home/airflow/.local/lib/python3.8/site-packages/airflow/example_dags/example_sla_dag.py for tasks to queue
[2025-11-12T23:35:01.879+0000] {logging_mixin.py:188} INFO - [2025-11-12T23:35:01.879+0000] {dagbag.py:538} INFO - Filling up the DagBag from /home/airflow/.local/lib/python3.8/site-packages/airflow/example_dags/example_sla_dag.py
[2025-11-12T23:35:01.885+0000] {processor.py:840} INFO - DAG(s) 'example_sla_dag' retrieved from /home/airflow/.local/lib/python3.8/site-packages/airflow/example_dags/example_sla_dag.py
[2025-11-12T23:35:01.900+0000] {logging_mixin.py:188} INFO - [2025-11-12T23:35:01.899+0000] {dag.py:3036} INFO - Sync 1 DAGs
[2025-11-12T23:35:01.918+0000] {logging_mixin.py:188} INFO - [2025-11-12T23:35:01.918+0000] {dag.py:3823} INFO - Setting next_dagrun for example_sla_dag to 2025-11-12 23:32:00+00:00, run_after=2025-11-12 23:34:00+00:00
[2025-11-12T23:35:01.930+0000] {processor.py:183} INFO - Processing /home/airflow/.local/lib/python3.8/site-packages/airflow/example_dags/example_sla_dag.py took 0.055 seconds
[2025-11-12T23:35:32.212+0000] {processor.py:161} INFO - Started process (PID=431) to work on /home/airflow/.local/lib/python3.8/site-packages/airflow/example_dags/example_sla_dag.py
[2025-11-12T23:35:32.212+0000] {processor.py:830} INFO - Processing file /home/airflow/.local/lib/python3.8/site-packages/airflow/example_dags/example_sla_dag.py for tasks to queue
[2025-11-12T23:35:32.214+0000] {logging_mixin.py:188} INFO - [2025-11-12T23:35:32.214+0000] {dagbag.py:538} INFO - Filling up the DagBag from /home/airflow/.local/lib/python3.8/site-packages/airflow/example_dags/example_sla_dag.py
[2025-11-12T23:35:32.221+0000] {processor.py:840} INFO - DAG(s) 'example_sla_dag' retrieved from /home/airflow/.local/lib/python3.8/site-packages/airflow/example_dags/example_sla_dag.py
[2025-11-12T23:35:32.235+0000] {logging_mixin.py:188} INFO - [2025-11-12T23:35:32.235+0000] {dag.py:3036} INFO - Sync 1 DAGs
[2025-11-12T23:35:32.255+0000] {logging_mixin.py:188} INFO - [2025-11-12T23:35:32.254+0000] {dag.py:3823} INFO - Setting next_dagrun for example_sla_dag to 2025-11-12 23:32:00+00:00, run_after=2025-11-12 23:34:00+00:00
[2025-11-12T23:35:32.268+0000] {processor.py:183} INFO - Processing /home/airflow/.local/lib/python3.8/site-packages/airflow/example_dags/example_sla_dag.py took 0.059 seconds
[2025-11-12T23:36:02.504+0000] {processor.py:161} INFO - Started process (PID=488) to work on /home/airflow/.local/lib/python3.8/site-packages/airflow/example_dags/example_sla_dag.py
[2025-11-12T23:36:02.505+0000] {processor.py:830} INFO - Processing file /home/airflow/.local/lib/python3.8/site-packages/airflow/example_dags/example_sla_dag.py for tasks to queue
[2025-11-12T23:36:02.506+0000] {logging_mixin.py:188} INFO - [2025-11-12T23:36:02.506+0000] {dagbag.py:538} INFO - Filling up the DagBag from /home/airflow/.local/lib/python3.8/site-packages/airflow/example_dags/example_sla_dag.py
[2025-11-12T23:36:02.513+0000] {processor.py:840} INFO - DAG(s) 'example_sla_dag' retrieved from /home/airflow/.local/lib/python3.8/site-packages/airflow/example_dags/example_sla_dag.py
[2025-11-12T23:36:02.527+0000] {logging_mixin.py:188} INFO - [2025-11-12T23:36:02.527+0000] {dag.py:3036} INFO - Sync 1 DAGs
[2025-11-12T23:36:02.545+0000] {logging_mixin.py:188} INFO - [2025-11-12T23:36:02.545+0000] {dag.py:3823} INFO - Setting next_dagrun for example_sla_dag to 2025-11-12 23:34:00+00:00, run_after=2025-11-12 23:36:00+00:00
[2025-11-12T23:36:02.557+0000] {processor.py:183} INFO - Processing /home/airflow/.local/lib/python3.8/site-packages/airflow/example_dags/example_sla_dag.py took 0.056 seconds
[2025-11-12T23:36:32.909+0000] {processor.py:161} INFO - Started process (PID=545) to work on /home/airflow/.local/lib/python3.8/site-packages/airflow/example_dags/example_sla_dag.py
[2025-11-12T23:36:32.909+0000] {processor.py:830} INFO - Processing file /home/airflow/.local/lib/python3.8/site-packages/airflow/example_dags/example_sla_dag.py for tasks to queue
[2025-11-12T23:36:32.911+0000] {logging_mixin.py:188} INFO - [2025-11-12T23:36:32.910+0000] {dagbag.py:538} INFO - Filling up the DagBag from /home/airflow/.local/lib/python3.8/site-packages/airflow/example_dags/example_sla_dag.py
[2025-11-12T23:36:32.917+0000] {processor.py:840} INFO - DAG(s) 'example_sla_dag' retrieved from /home/airflow/.local/lib/python3.8/site-packages/airflow/example_dags/example_sla_dag.py
[2025-11-12T23:36:32.930+0000] {logging_mixin.py:188} INFO - [2025-11-12T23:36:32.930+0000] {dag.py:3036} INFO - Sync 1 DAGs
[2025-11-12T23:36:32.949+0000] {logging_mixin.py:188} INFO - [2025-11-12T23:36:32.949+0000] {dag.py:3823} INFO - Setting next_dagrun for example_sla_dag to 2025-11-12 23:34:00+00:00, run_after=2025-11-12 23:36:00+00:00
[2025-11-12T23:36:32.960+0000] {processor.py:183} INFO - Processing /home/airflow/.local/lib/python3.8/site-packages/airflow/example_dags/example_sla_dag.py took 0.054 seconds
[2025-11-12T23:37:03.369+0000] {processor.py:161} INFO - Started process (PID=602) to work on /home/airflow/.local/lib/python3.8/site-packages/airflow/example_dags/example_sla_dag.py
[2025-11-12T23:37:03.369+0000] {processor.py:830} INFO - Processing file /home/airflow/.local/lib/python3.8/site-packages/airflow/example_dags/example_sla_dag.py for tasks to queue
[2025-11-12T23:37:03.371+0000] {logging_mixin.py:188} INFO - [2025-11-12T23:37:03.370+0000] {dagbag.py:538} INFO - Filling up the DagBag from /home/airflow/.local/lib/python3.8/site-packages/airflow/example_dags/example_sla_dag.py
[2025-11-12T23:37:03.377+0000] {processor.py:840} INFO - DAG(s) 'example_sla_dag' retrieved from /home/airflow/.local/lib/python3.8/site-packages/airflow/example_dags/example_sla_dag.py
[2025-11-12T23:37:03.392+0000] {logging_mixin.py:188} INFO - [2025-11-12T23:37:03.391+0000] {dag.py:3036} INFO - Sync 1 DAGs
[2025-11-12T23:37:03.412+0000] {logging_mixin.py:188} INFO - [2025-11-12T23:37:03.412+0000] {dag.py:3823} INFO - Setting next_dagrun for example_sla_dag to 2025-11-12 23:34:00+00:00, run_after=2025-11-12 23:36:00+00:00
[2025-11-12T23:37:03.424+0000] {processor.py:183} INFO - Processing /home/airflow/.local/lib/python3.8/site-packages/airflow/example_dags/example_sla_dag.py took 0.058 seconds
[2025-11-12T23:37:34.381+0000] {processor.py:161} INFO - Started process (PID=659) to work on /home/airflow/.local/lib/python3.8/site-packages/airflow/example_dags/example_sla_dag.py
[2025-11-12T23:37:34.382+0000] {processor.py:830} INFO - Processing file /home/airflow/.local/lib/python3.8/site-packages/airflow/example_dags/example_sla_dag.py for tasks to queue
[2025-11-12T23:37:34.383+0000] {logging_mixin.py:188} INFO - [2025-11-12T23:37:34.383+0000] {dagbag.py:538} INFO - Filling up the DagBag from /home/airflow/.local/lib/python3.8/site-packages/airflow/example_dags/example_sla_dag.py
[2025-11-12T23:37:34.390+0000] {processor.py:840} INFO - DAG(s) 'example_sla_dag' retrieved from /home/airflow/.local/lib/python3.8/site-packages/airflow/example_dags/example_sla_dag.py
[2025-11-12T23:37:34.404+0000] {logging_mixin.py:188} INFO - [2025-11-12T23:37:34.404+0000] {dag.py:3036} INFO - Sync 1 DAGs
[2025-11-12T23:37:34.422+0000] {logging_mixin.py:188} INFO - [2025-11-12T23:37:34.422+0000] {dag.py:3823} INFO - Setting next_dagrun for example_sla_dag to 2025-11-12 23:34:00+00:00, run_after=2025-11-12 23:36:00+00:00
[2025-11-12T23:37:34.433+0000] {processor.py:183} INFO - Processing /home/airflow/.local/lib/python3.8/site-packages/airflow/example_dags/example_sla_dag.py took 0.055 seconds
[2025-11-12T23:38:04.668+0000] {processor.py:161} INFO - Started process (PID=716) to work on /home/airflow/.local/lib/python3.8/site-packages/airflow/example_dags/example_sla_dag.py
[2025-11-12T23:38:04.668+0000] {processor.py:830} INFO - Processing file /home/airflow/.local/lib/python3.8/site-packages/airflow/example_dags/example_sla_dag.py for tasks to queue
[2025-11-12T23:38:04.670+0000] {logging_mixin.py:188} INFO - [2025-11-12T23:38:04.669+0000] {dagbag.py:538} INFO - Filling up the DagBag from /home/airflow/.local/lib/python3.8/site-packages/airflow/example_dags/example_sla_dag.py
[2025-11-12T23:38:04.676+0000] {processor.py:840} INFO - DAG(s) 'example_sla_dag' retrieved from /home/airflow/.local/lib/python3.8/site-packages/airflow/example_dags/example_sla_dag.py
[2025-11-12T23:38:04.691+0000] {logging_mixin.py:188} INFO - [2025-11-12T23:38:04.691+0000] {dag.py:3036} INFO - Sync 1 DAGs
[2025-11-12T23:38:04.711+0000] {logging_mixin.py:188} INFO - [2025-11-12T23:38:04.711+0000] {dag.py:3823} INFO - Setting next_dagrun for example_sla_dag to 2025-11-12 23:36:00+00:00, run_after=2025-11-12 23:38:00+00:00
[2025-11-12T23:38:04.724+0000] {processor.py:183} INFO - Processing /home/airflow/.local/lib/python3.8/site-packages/airflow/example_dags/example_sla_dag.py took 0.058 seconds
[2025-11-12T23:38:34.970+0000] {processor.py:161} INFO - Started process (PID=773) to work on /home/airflow/.local/lib/python3.8/site-packages/airflow/example_dags/example_sla_dag.py
[2025-11-12T23:38:34.971+0000] {processor.py:830} INFO - Processing file /home/airflow/.local/lib/python3.8/site-packages/airflow/example_dags/example_sla_dag.py for tasks to queue
[2025-11-12T23:38:34.972+0000] {logging_mixin.py:188} INFO - [2025-11-12T23:38:34.972+0000] {dagbag.py:538} INFO - Filling up the DagBag from /home/airflow/.local/lib/python3.8/site-packages/airflow/example_dags/example_sla_dag.py
[2025-11-12T23:38:34.979+0000] {processor.py:840} INFO - DAG(s) 'example_sla_dag' retrieved from /home/airflow/.local/lib/python3.8/site-packages/airflow/example_dags/example_sla_dag.py
[2025-11-12T23:38:34.994+0000] {logging_mixin.py:188} INFO - [2025-11-12T23:38:34.994+0000] {dag.py:3036} INFO - Sync 1 DAGs
[2025-11-12T23:38:35.013+0000] {logging_mixin.py:188} INFO - [2025-11-12T23:38:35.013+0000] {dag.py:3823} INFO - Setting next_dagrun for example_sla_dag to 2025-11-12 23:36:00+00:00, run_after=2025-11-12 23:38:00+00:00
[2025-11-12T23:38:35.025+0000] {processor.py:183} INFO - Processing /home/airflow/.local/lib/python3.8/site-packages/airflow/example_dags/example_sla_dag.py took 0.058 seconds
[2025-11-12T23:39:05.418+0000] {processor.py:161} INFO - Started process (PID=830) to work on /home/airflow/.local/lib/python3.8/site-packages/airflow/example_dags/example_sla_dag.py
[2025-11-12T23:39:05.419+0000] {processor.py:830} INFO - Processing file /home/airflow/.local/lib/python3.8/site-packages/airflow/example_dags/example_sla_dag.py for tasks to queue
[2025-11-12T23:39:05.420+0000] {logging_mixin.py:188} INFO - [2025-11-12T23:39:05.420+0000] {dagbag.py:538} INFO - Filling up the DagBag from /home/airflow/.local/lib/python3.8/site-packages/airflow/example_dags/example_sla_dag.py
[2025-11-12T23:39:05.427+0000] {processor.py:840} INFO - DAG(s) 'example_sla_dag' retrieved from /home/airflow/.local/lib/python3.8/site-packages/airflow/example_dags/example_sla_dag.py
[2025-11-12T23:39:05.441+0000] {logging_mixin.py:188} INFO - [2025-11-12T23:39:05.441+0000] {dag.py:3036} INFO - Sync 1 DAGs
[2025-11-12T23:39:05.459+0000] {logging_mixin.py:188} INFO - [2025-11-12T23:39:05.459+0000] {dag.py:3823} INFO - Setting next_dagrun for example_sla_dag to 2025-11-12 23:36:00+00:00, run_after=2025-11-12 23:38:00+00:00
[2025-11-12T23:39:05.470+0000] {processor.py:183} INFO - Processing /home/airflow/.local/lib/python3.8/site-packages/airflow/example_dags/example_sla_dag.py took 0.054 seconds
[2025-11-12T23:39:35.614+0000] {processor.py:161} INFO - Started process (PID=887) to work on /home/airflow/.local/lib/python3.8/site-packages/airflow/example_dags/example_sla_dag.py
[2025-11-12T23:39:35.615+0000] {processor.py:830} INFO - Processing file /home/airflow/.local/lib/python3.8/site-packages/airflow/example_dags/example_sla_dag.py for tasks to queue
[2025-11-12T23:39:35.617+0000] {logging_mixin.py:188} INFO - [2025-11-12T23:39:35.617+0000] {dagbag.py:538} INFO - Filling up the DagBag from /home/airflow/.local/lib/python3.8/site-packages/airflow/example_dags/example_sla_dag.py
[2025-11-12T23:39:35.623+0000] {processor.py:840} INFO - DAG(s) 'example_sla_dag' retrieved from /home/airflow/.local/lib/python3.8/site-packages/airflow/example_dags/example_sla_dag.py
[2025-11-12T23:39:35.638+0000] {logging_mixin.py:188} INFO - [2025-11-12T23:39:35.638+0000] {dag.py:3036} INFO - Sync 1 DAGs
[2025-11-12T23:39:35.658+0000] {logging_mixin.py:188} INFO - [2025-11-12T23:39:35.658+0000] {dag.py:3823} INFO - Setting next_dagrun for example_sla_dag to 2025-11-12 23:36:00+00:00, run_after=2025-11-12 23:38:00+00:00
[2025-11-12T23:39:35.673+0000] {processor.py:183} INFO - Processing /home/airflow/.local/lib/python3.8/site-packages/airflow/example_dags/example_sla_dag.py took 0.061 seconds
[2025-11-12T23:40:05.923+0000] {processor.py:161} INFO - Started process (PID=942) to work on /home/airflow/.local/lib/python3.8/site-packages/airflow/example_dags/example_sla_dag.py
[2025-11-12T23:40:05.924+0000] {processor.py:830} INFO - Processing file /home/airflow/.local/lib/python3.8/site-packages/airflow/example_dags/example_sla_dag.py for tasks to queue
[2025-11-12T23:40:05.926+0000] {logging_mixin.py:188} INFO - [2025-11-12T23:40:05.925+0000] {dagbag.py:538} INFO - Filling up the DagBag from /home/airflow/.local/lib/python3.8/site-packages/airflow/example_dags/example_sla_dag.py
[2025-11-12T23:40:05.933+0000] {processor.py:840} INFO - DAG(s) 'example_sla_dag' retrieved from /home/airflow/.local/lib/python3.8/site-packages/airflow/example_dags/example_sla_dag.py
[2025-11-12T23:40:05.947+0000] {logging_mixin.py:188} INFO - [2025-11-12T23:40:05.947+0000] {dag.py:3036} INFO - Sync 1 DAGs
[2025-11-12T23:40:05.966+0000] {logging_mixin.py:188} INFO - [2025-11-12T23:40:05.966+0000] {dag.py:3823} INFO - Setting next_dagrun for example_sla_dag to 2025-11-12 23:38:00+00:00, run_after=2025-11-12 23:40:00+00:00
[2025-11-12T23:40:05.981+0000] {processor.py:183} INFO - Processing /home/airflow/.local/lib/python3.8/site-packages/airflow/example_dags/example_sla_dag.py took 0.060 seconds
[2025-11-12T23:40:36.068+0000] {processor.py:161} INFO - Started process (PID=999) to work on /home/airflow/.local/lib/python3.8/site-packages/airflow/example_dags/example_sla_dag.py
[2025-11-12T23:40:36.069+0000] {processor.py:830} INFO - Processing file /home/airflow/.local/lib/python3.8/site-packages/airflow/example_dags/example_sla_dag.py for tasks to queue
[2025-11-12T23:40:36.070+0000] {logging_mixin.py:188} INFO - [2025-11-12T23:40:36.070+0000] {dagbag.py:538} INFO - Filling up the DagBag from /home/airflow/.local/lib/python3.8/site-packages/airflow/example_dags/example_sla_dag.py
[2025-11-12T23:40:36.077+0000] {processor.py:840} INFO - DAG(s) 'example_sla_dag' retrieved from /home/airflow/.local/lib/python3.8/site-packages/airflow/example_dags/example_sla_dag.py
[2025-11-12T23:40:36.092+0000] {logging_mixin.py:188} INFO - [2025-11-12T23:40:36.091+0000] {dag.py:3036} INFO - Sync 1 DAGs
[2025-11-12T23:40:36.113+0000] {logging_mixin.py:188} INFO - [2025-11-12T23:40:36.112+0000] {dag.py:3823} INFO - Setting next_dagrun for example_sla_dag to 2025-11-12 23:38:00+00:00, run_after=2025-11-12 23:40:00+00:00
[2025-11-12T23:40:36.125+0000] {processor.py:183} INFO - Processing /home/airflow/.local/lib/python3.8/site-packages/airflow/example_dags/example_sla_dag.py took 0.059 seconds
[2025-11-12T23:41:06.297+0000] {processor.py:161} INFO - Started process (PID=1056) to work on /home/airflow/.local/lib/python3.8/site-packages/airflow/example_dags/example_sla_dag.py
[2025-11-12T23:41:06.298+0000] {processor.py:830} INFO - Processing file /home/airflow/.local/lib/python3.8/site-packages/airflow/example_dags/example_sla_dag.py for tasks to queue
[2025-11-12T23:41:06.299+0000] {logging_mixin.py:188} INFO - [2025-11-12T23:41:06.299+0000] {dagbag.py:538} INFO - Filling up the DagBag from /home/airflow/.local/lib/python3.8/site-packages/airflow/example_dags/example_sla_dag.py
[2025-11-12T23:41:06.306+0000] {processor.py:840} INFO - DAG(s) 'example_sla_dag' retrieved from /home/airflow/.local/lib/python3.8/site-packages/airflow/example_dags/example_sla_dag.py
[2025-11-12T23:41:06.322+0000] {logging_mixin.py:188} INFO - [2025-11-12T23:41:06.322+0000] {dag.py:3036} INFO - Sync 1 DAGs
[2025-11-12T23:41:06.345+0000] {logging_mixin.py:188} INFO - [2025-11-12T23:41:06.345+0000] {dag.py:3823} INFO - Setting next_dagrun for example_sla_dag to 2025-11-12 23:38:00+00:00, run_after=2025-11-12 23:40:00+00:00
[2025-11-12T23:41:06.361+0000] {processor.py:183} INFO - Processing /home/airflow/.local/lib/python3.8/site-packages/airflow/example_dags/example_sla_dag.py took 0.066 seconds
[2025-11-12T23:41:36.447+0000] {processor.py:161} INFO - Started process (PID=1113) to work on /home/airflow/.local/lib/python3.8/site-packages/airflow/example_dags/example_sla_dag.py
[2025-11-12T23:41:36.447+0000] {processor.py:830} INFO - Processing file /home/airflow/.local/lib/python3.8/site-packages/airflow/example_dags/example_sla_dag.py for tasks to queue
[2025-11-12T23:41:36.449+0000] {logging_mixin.py:188} INFO - [2025-11-12T23:41:36.448+0000] {dagbag.py:538} INFO - Filling up the DagBag from /home/airflow/.local/lib/python3.8/site-packages/airflow/example_dags/example_sla_dag.py
[2025-11-12T23:41:36.455+0000] {processor.py:840} INFO - DAG(s) 'example_sla_dag' retrieved from /home/airflow/.local/lib/python3.8/site-packages/airflow/example_dags/example_sla_dag.py
[2025-11-12T23:41:36.469+0000] {logging_mixin.py:188} INFO - [2025-11-12T23:41:36.469+0000] {dag.py:3036} INFO - Sync 1 DAGs
[2025-11-12T23:41:36.488+0000] {logging_mixin.py:188} INFO - [2025-11-12T23:41:36.488+0000] {dag.py:3823} INFO - Setting next_dagrun for example_sla_dag to 2025-11-12 23:38:00+00:00, run_after=2025-11-12 23:40:00+00:00
[2025-11-12T23:41:36.500+0000] {processor.py:183} INFO - Processing /home/airflow/.local/lib/python3.8/site-packages/airflow/example_dags/example_sla_dag.py took 0.056 seconds
[2025-11-12T23:42:06.723+0000] {processor.py:161} INFO - Started process (PID=1170) to work on /home/airflow/.local/lib/python3.8/site-packages/airflow/example_dags/example_sla_dag.py
[2025-11-12T23:42:06.724+0000] {processor.py:830} INFO - Processing file /home/airflow/.local/lib/python3.8/site-packages/airflow/example_dags/example_sla_dag.py for tasks to queue
[2025-11-12T23:42:06.725+0000] {logging_mixin.py:188} INFO - [2025-11-12T23:42:06.725+0000] {dagbag.py:538} INFO - Filling up the DagBag from /home/airflow/.local/lib/python3.8/site-packages/airflow/example_dags/example_sla_dag.py
[2025-11-12T23:42:06.732+0000] {processor.py:840} INFO - DAG(s) 'example_sla_dag' retrieved from /home/airflow/.local/lib/python3.8/site-packages/airflow/example_dags/example_sla_dag.py
[2025-11-12T23:42:06.748+0000] {logging_mixin.py:188} INFO - [2025-11-12T23:42:06.748+0000] {dag.py:3036} INFO - Sync 1 DAGs
[2025-11-12T23:42:06.769+0000] {logging_mixin.py:188} INFO - [2025-11-12T23:42:06.769+0000] {dag.py:3823} INFO - Setting next_dagrun for example_sla_dag to 2025-11-12 23:40:00+00:00, run_after=2025-11-12 23:42:00+00:00
[2025-11-12T23:42:06.783+0000] {processor.py:183} INFO - Processing /home/airflow/.local/lib/python3.8/site-packages/airflow/example_dags/example_sla_dag.py took 0.062 seconds
[2025-11-12T23:42:36.954+0000] {processor.py:161} INFO - Started process (PID=1227) to work on /home/airflow/.local/lib/python3.8/site-packages/airflow/example_dags/example_sla_dag.py
[2025-11-12T23:42:36.954+0000] {processor.py:830} INFO - Processing file /home/airflow/.local/lib/python3.8/site-packages/airflow/example_dags/example_sla_dag.py for tasks to queue
[2025-11-12T23:42:36.956+0000] {logging_mixin.py:188} INFO - [2025-11-12T23:42:36.956+0000] {dagbag.py:538} INFO - Filling up the DagBag from /home/airflow/.local/lib/python3.8/site-packages/airflow/example_dags/example_sla_dag.py
[2025-11-12T23:42:36.963+0000] {processor.py:840} INFO - DAG(s) 'example_sla_dag' retrieved from /home/airflow/.local/lib/python3.8/site-packages/airflow/example_dags/example_sla_dag.py
[2025-11-12T23:42:36.980+0000] {logging_mixin.py:188} INFO - [2025-11-12T23:42:36.979+0000] {dag.py:3036} INFO - Sync 1 DAGs
[2025-11-12T23:42:37.000+0000] {logging_mixin.py:188} INFO - [2025-11-12T23:42:37.000+0000] {dag.py:3823} INFO - Setting next_dagrun for example_sla_dag to 2025-11-12 23:40:00+00:00, run_after=2025-11-12 23:42:00+00:00
[2025-11-12T23:42:37.017+0000] {processor.py:183} INFO - Processing /home/airflow/.local/lib/python3.8/site-packages/airflow/example_dags/example_sla_dag.py took 0.066 seconds
[2025-11-12T23:43:07.257+0000] {processor.py:161} INFO - Started process (PID=1284) to work on /home/airflow/.local/lib/python3.8/site-packages/airflow/example_dags/example_sla_dag.py
[2025-11-12T23:43:07.258+0000] {processor.py:830} INFO - Processing file /home/airflow/.local/lib/python3.8/site-packages/airflow/example_dags/example_sla_dag.py for tasks to queue
[2025-11-12T23:43:07.259+0000] {logging_mixin.py:188} INFO - [2025-11-12T23:43:07.259+0000] {dagbag.py:538} INFO - Filling up the DagBag from /home/airflow/.local/lib/python3.8/site-packages/airflow/example_dags/example_sla_dag.py
[2025-11-12T23:43:07.266+0000] {processor.py:840} INFO - DAG(s) 'example_sla_dag' retrieved from /home/airflow/.local/lib/python3.8/site-packages/airflow/example_dags/example_sla_dag.py
[2025-11-12T23:43:07.281+0000] {logging_mixin.py:188} INFO - [2025-11-12T23:43:07.281+0000] {dag.py:3036} INFO - Sync 1 DAGs
[2025-11-12T23:43:07.300+0000] {logging_mixin.py:188} INFO - [2025-11-12T23:43:07.299+0000] {dag.py:3823} INFO - Setting next_dagrun for example_sla_dag to 2025-11-12 23:40:00+00:00, run_after=2025-11-12 23:42:00+00:00
[2025-11-12T23:43:07.313+0000] {processor.py:183} INFO - Processing /home/airflow/.local/lib/python3.8/site-packages/airflow/example_dags/example_sla_dag.py took 0.058 seconds
[2025-11-12T23:43:37.541+0000] {processor.py:161} INFO - Started process (PID=1341) to work on /home/airflow/.local/lib/python3.8/site-packages/airflow/example_dags/example_sla_dag.py
[2025-11-12T23:43:37.542+0000] {processor.py:830} INFO - Processing file /home/airflow/.local/lib/python3.8/site-packages/airflow/example_dags/example_sla_dag.py for tasks to queue
[2025-11-12T23:43:37.543+0000] {logging_mixin.py:188} INFO - [2025-11-12T23:43:37.543+0000] {dagbag.py:538} INFO - Filling up the DagBag from /home/airflow/.local/lib/python3.8/site-packages/airflow/example_dags/example_sla_dag.py
[2025-11-12T23:43:37.550+0000] {processor.py:840} INFO - DAG(s) 'example_sla_dag' retrieved from /home/airflow/.local/lib/python3.8/site-packages/airflow/example_dags/example_sla_dag.py
[2025-11-12T23:43:37.566+0000] {logging_mixin.py:188} INFO - [2025-11-12T23:43:37.566+0000] {dag.py:3036} INFO - Sync 1 DAGs
[2025-11-12T23:43:37.585+0000] {logging_mixin.py:188} INFO - [2025-11-12T23:43:37.585+0000] {dag.py:3823} INFO - Setting next_dagrun for example_sla_dag to 2025-11-12 23:40:00+00:00, run_after=2025-11-12 23:42:00+00:00
[2025-11-12T23:43:37.598+0000] {processor.py:183} INFO - Processing /home/airflow/.local/lib/python3.8/site-packages/airflow/example_dags/example_sla_dag.py took 0.059 seconds
[2025-11-12T23:44:07.853+0000] {processor.py:161} INFO - Started process (PID=1398) to work on /home/airflow/.local/lib/python3.8/site-packages/airflow/example_dags/example_sla_dag.py
[2025-11-12T23:44:07.854+0000] {processor.py:830} INFO - Processing file /home/airflow/.local/lib/python3.8/site-packages/airflow/example_dags/example_sla_dag.py for tasks to queue
[2025-11-12T23:44:07.855+0000] {logging_mixin.py:188} INFO - [2025-11-12T23:44:07.855+0000] {dagbag.py:538} INFO - Filling up the DagBag from /home/airflow/.local/lib/python3.8/site-packages/airflow/example_dags/example_sla_dag.py
[2025-11-12T23:44:07.862+0000] {processor.py:840} INFO - DAG(s) 'example_sla_dag' retrieved from /home/airflow/.local/lib/python3.8/site-packages/airflow/example_dags/example_sla_dag.py
[2025-11-12T23:44:07.876+0000] {logging_mixin.py:188} INFO - [2025-11-12T23:44:07.876+0000] {dag.py:3036} INFO - Sync 1 DAGs
[2025-11-12T23:44:07.895+0000] {logging_mixin.py:188} INFO - [2025-11-12T23:44:07.895+0000] {dag.py:3823} INFO - Setting next_dagrun for example_sla_dag to 2025-11-12 23:42:00+00:00, run_after=2025-11-12 23:44:00+00:00
[2025-11-12T23:44:07.907+0000] {processor.py:183} INFO - Processing /home/airflow/.local/lib/python3.8/site-packages/airflow/example_dags/example_sla_dag.py took 0.056 seconds
[2025-11-12T23:44:38.053+0000] {processor.py:161} INFO - Started process (PID=1455) to work on /home/airflow/.local/lib/python3.8/site-packages/airflow/example_dags/example_sla_dag.py
[2025-11-12T23:44:38.054+0000] {processor.py:830} INFO - Processing file /home/airflow/.local/lib/python3.8/site-packages/airflow/example_dags/example_sla_dag.py for tasks to queue
[2025-11-12T23:44:38.055+0000] {logging_mixin.py:188} INFO - [2025-11-12T23:44:38.055+0000] {dagbag.py:538} INFO - Filling up the DagBag from /home/airflow/.local/lib/python3.8/site-packages/airflow/example_dags/example_sla_dag.py
[2025-11-12T23:44:38.062+0000] {processor.py:840} INFO - DAG(s) 'example_sla_dag' retrieved from /home/airflow/.local/lib/python3.8/site-packages/airflow/example_dags/example_sla_dag.py
[2025-11-12T23:44:38.077+0000] {logging_mixin.py:188} INFO - [2025-11-12T23:44:38.076+0000] {dag.py:3036} INFO - Sync 1 DAGs
[2025-11-12T23:44:38.100+0000] {logging_mixin.py:188} INFO - [2025-11-12T23:44:38.100+0000] {dag.py:3823} INFO - Setting next_dagrun for example_sla_dag to 2025-11-12 23:42:00+00:00, run_after=2025-11-12 23:44:00+00:00
[2025-11-12T23:44:38.113+0000] {processor.py:183} INFO - Processing /home/airflow/.local/lib/python3.8/site-packages/airflow/example_dags/example_sla_dag.py took 0.063 seconds
[2025-11-12T23:45:08.269+0000] {processor.py:161} INFO - Started process (PID=1512) to work on /home/airflow/.local/lib/python3.8/site-packages/airflow/example_dags/example_sla_dag.py
[2025-11-12T23:45:08.270+0000] {processor.py:830} INFO - Processing file /home/airflow/.local/lib/python3.8/site-packages/airflow/example_dags/example_sla_dag.py for tasks to queue
[2025-11-12T23:45:08.271+0000] {logging_mixin.py:188} INFO - [2025-11-12T23:45:08.271+0000] {dagbag.py:538} INFO - Filling up the DagBag from /home/airflow/.local/lib/python3.8/site-packages/airflow/example_dags/example_sla_dag.py
[2025-11-12T23:45:08.278+0000] {processor.py:840} INFO - DAG(s) 'example_sla_dag' retrieved from /home/airflow/.local/lib/python3.8/site-packages/airflow/example_dags/example_sla_dag.py
[2025-11-12T23:45:08.294+0000] {logging_mixin.py:188} INFO - [2025-11-12T23:45:08.294+0000] {dag.py:3036} INFO - Sync 1 DAGs
[2025-11-12T23:45:08.312+0000] {logging_mixin.py:188} INFO - [2025-11-12T23:45:08.312+0000] {dag.py:3823} INFO - Setting next_dagrun for example_sla_dag to 2025-11-12 23:42:00+00:00, run_after=2025-11-12 23:44:00+00:00
[2025-11-12T23:45:08.324+0000] {processor.py:183} INFO - Processing /home/airflow/.local/lib/python3.8/site-packages/airflow/example_dags/example_sla_dag.py took 0.058 seconds
[2025-11-12T23:45:38.459+0000] {processor.py:161} INFO - Started process (PID=1569) to work on /home/airflow/.local/lib/python3.8/site-packages/airflow/example_dags/example_sla_dag.py
[2025-11-12T23:45:38.460+0000] {processor.py:830} INFO - Processing file /home/airflow/.local/lib/python3.8/site-packages/airflow/example_dags/example_sla_dag.py for tasks to queue
[2025-11-12T23:45:38.461+0000] {logging_mixin.py:188} INFO - [2025-11-12T23:45:38.461+0000] {dagbag.py:538} INFO - Filling up the DagBag from /home/airflow/.local/lib/python3.8/site-packages/airflow/example_dags/example_sla_dag.py
[2025-11-12T23:45:38.468+0000] {processor.py:840} INFO - DAG(s) 'example_sla_dag' retrieved from /home/airflow/.local/lib/python3.8/site-packages/airflow/example_dags/example_sla_dag.py
[2025-11-12T23:45:38.486+0000] {logging_mixin.py:188} INFO - [2025-11-12T23:45:38.485+0000] {dag.py:3036} INFO - Sync 1 DAGs
[2025-11-12T23:45:38.507+0000] {logging_mixin.py:188} INFO - [2025-11-12T23:45:38.507+0000] {dag.py:3823} INFO - Setting next_dagrun for example_sla_dag to 2025-11-12 23:42:00+00:00, run_after=2025-11-12 23:44:00+00:00
[2025-11-12T23:45:38.522+0000] {processor.py:183} INFO - Processing /home/airflow/.local/lib/python3.8/site-packages/airflow/example_dags/example_sla_dag.py took 0.066 seconds
