[2025-11-12T23:32:29.762+0000] {processor.py:161} INFO - Started process (PID=96) to work on /home/airflow/.local/lib/python3.8/site-packages/airflow/example_dags/example_xcom.py
[2025-11-12T23:32:29.763+0000] {processor.py:830} INFO - Processing file /home/airflow/.local/lib/python3.8/site-packages/airflow/example_dags/example_xcom.py for tasks to queue
[2025-11-12T23:32:29.764+0000] {logging_mixin.py:188} INFO - [2025-11-12T23:32:29.764+0000] {dagbag.py:538} INFO - Filling up the DagBag from /home/airflow/.local/lib/python3.8/site-packages/airflow/example_dags/example_xcom.py
[2025-11-12T23:32:29.770+0000] {processor.py:840} INFO - DAG(s) 'example_xcom' retrieved from /home/airflow/.local/lib/python3.8/site-packages/airflow/example_dags/example_xcom.py
[2025-11-12T23:32:29.849+0000] {logging_mixin.py:188} INFO - [2025-11-12T23:32:29.849+0000] {override.py:1769} INFO - Created Permission View: can delete on DAG:example_xcom
[2025-11-12T23:32:29.858+0000] {logging_mixin.py:188} INFO - [2025-11-12T23:32:29.857+0000] {override.py:1769} INFO - Created Permission View: can edit on DAG:example_xcom
[2025-11-12T23:32:29.863+0000] {logging_mixin.py:188} INFO - [2025-11-12T23:32:29.863+0000] {override.py:1769} INFO - Created Permission View: can read on DAG:example_xcom
[2025-11-12T23:32:29.863+0000] {logging_mixin.py:188} INFO - [2025-11-12T23:32:29.863+0000] {dag.py:3036} INFO - Sync 1 DAGs
[2025-11-12T23:32:29.871+0000] {logging_mixin.py:188} INFO - [2025-11-12T23:32:29.871+0000] {dag.py:3058} INFO - Creating ORM DAG for example_xcom
[2025-11-12T23:32:29.879+0000] {logging_mixin.py:188} INFO - [2025-11-12T23:32:29.878+0000] {dag.py:3823} INFO - Setting next_dagrun for example_xcom to 2021-01-01 00:00:00+00:00, run_after=2021-01-01 00:00:00+00:00
[2025-11-12T23:32:29.892+0000] {processor.py:183} INFO - Processing /home/airflow/.local/lib/python3.8/site-packages/airflow/example_dags/example_xcom.py took 0.132 seconds
[2025-11-12T23:33:00.520+0000] {processor.py:161} INFO - Started process (PID=153) to work on /home/airflow/.local/lib/python3.8/site-packages/airflow/example_dags/example_xcom.py
[2025-11-12T23:33:00.521+0000] {processor.py:830} INFO - Processing file /home/airflow/.local/lib/python3.8/site-packages/airflow/example_dags/example_xcom.py for tasks to queue
[2025-11-12T23:33:00.522+0000] {logging_mixin.py:188} INFO - [2025-11-12T23:33:00.522+0000] {dagbag.py:538} INFO - Filling up the DagBag from /home/airflow/.local/lib/python3.8/site-packages/airflow/example_dags/example_xcom.py
[2025-11-12T23:33:00.530+0000] {processor.py:840} INFO - DAG(s) 'example_xcom' retrieved from /home/airflow/.local/lib/python3.8/site-packages/airflow/example_dags/example_xcom.py
[2025-11-12T23:33:00.549+0000] {logging_mixin.py:188} INFO - [2025-11-12T23:33:00.548+0000] {dag.py:3036} INFO - Sync 1 DAGs
[2025-11-12T23:33:00.569+0000] {logging_mixin.py:188} INFO - [2025-11-12T23:33:00.569+0000] {dag.py:3823} INFO - Setting next_dagrun for example_xcom to 2021-01-01 00:00:00+00:00, run_after=2021-01-01 00:00:00+00:00
[2025-11-12T23:33:00.585+0000] {processor.py:183} INFO - Processing /home/airflow/.local/lib/python3.8/site-packages/airflow/example_dags/example_xcom.py took 0.068 seconds
[2025-11-12T23:33:30.681+0000] {processor.py:161} INFO - Started process (PID=210) to work on /home/airflow/.local/lib/python3.8/site-packages/airflow/example_dags/example_xcom.py
[2025-11-12T23:33:30.682+0000] {processor.py:830} INFO - Processing file /home/airflow/.local/lib/python3.8/site-packages/airflow/example_dags/example_xcom.py for tasks to queue
[2025-11-12T23:33:30.683+0000] {logging_mixin.py:188} INFO - [2025-11-12T23:33:30.683+0000] {dagbag.py:538} INFO - Filling up the DagBag from /home/airflow/.local/lib/python3.8/site-packages/airflow/example_dags/example_xcom.py
[2025-11-12T23:33:30.688+0000] {processor.py:840} INFO - DAG(s) 'example_xcom' retrieved from /home/airflow/.local/lib/python3.8/site-packages/airflow/example_dags/example_xcom.py
[2025-11-12T23:33:30.704+0000] {logging_mixin.py:188} INFO - [2025-11-12T23:33:30.704+0000] {dag.py:3036} INFO - Sync 1 DAGs
[2025-11-12T23:33:30.719+0000] {logging_mixin.py:188} INFO - [2025-11-12T23:33:30.719+0000] {dag.py:3823} INFO - Setting next_dagrun for example_xcom to 2021-01-01 00:00:00+00:00, run_after=2021-01-01 00:00:00+00:00
[2025-11-12T23:33:30.731+0000] {processor.py:183} INFO - Processing /home/airflow/.local/lib/python3.8/site-packages/airflow/example_dags/example_xcom.py took 0.053 seconds
[2025-11-12T23:34:00.972+0000] {processor.py:161} INFO - Started process (PID=267) to work on /home/airflow/.local/lib/python3.8/site-packages/airflow/example_dags/example_xcom.py
[2025-11-12T23:34:00.972+0000] {processor.py:830} INFO - Processing file /home/airflow/.local/lib/python3.8/site-packages/airflow/example_dags/example_xcom.py for tasks to queue
[2025-11-12T23:34:00.974+0000] {logging_mixin.py:188} INFO - [2025-11-12T23:34:00.973+0000] {dagbag.py:538} INFO - Filling up the DagBag from /home/airflow/.local/lib/python3.8/site-packages/airflow/example_dags/example_xcom.py
[2025-11-12T23:34:00.979+0000] {processor.py:840} INFO - DAG(s) 'example_xcom' retrieved from /home/airflow/.local/lib/python3.8/site-packages/airflow/example_dags/example_xcom.py
[2025-11-12T23:34:00.994+0000] {logging_mixin.py:188} INFO - [2025-11-12T23:34:00.994+0000] {dag.py:3036} INFO - Sync 1 DAGs
[2025-11-12T23:34:01.009+0000] {logging_mixin.py:188} INFO - [2025-11-12T23:34:01.009+0000] {dag.py:3823} INFO - Setting next_dagrun for example_xcom to 2021-01-01 00:00:00+00:00, run_after=2021-01-01 00:00:00+00:00
[2025-11-12T23:34:01.020+0000] {processor.py:183} INFO - Processing /home/airflow/.local/lib/python3.8/site-packages/airflow/example_dags/example_xcom.py took 0.051 seconds
[2025-11-12T23:34:31.134+0000] {processor.py:161} INFO - Started process (PID=324) to work on /home/airflow/.local/lib/python3.8/site-packages/airflow/example_dags/example_xcom.py
[2025-11-12T23:34:31.134+0000] {processor.py:830} INFO - Processing file /home/airflow/.local/lib/python3.8/site-packages/airflow/example_dags/example_xcom.py for tasks to queue
[2025-11-12T23:34:31.136+0000] {logging_mixin.py:188} INFO - [2025-11-12T23:34:31.136+0000] {dagbag.py:538} INFO - Filling up the DagBag from /home/airflow/.local/lib/python3.8/site-packages/airflow/example_dags/example_xcom.py
[2025-11-12T23:34:31.142+0000] {processor.py:840} INFO - DAG(s) 'example_xcom' retrieved from /home/airflow/.local/lib/python3.8/site-packages/airflow/example_dags/example_xcom.py
[2025-11-12T23:34:31.158+0000] {logging_mixin.py:188} INFO - [2025-11-12T23:34:31.158+0000] {dag.py:3036} INFO - Sync 1 DAGs
[2025-11-12T23:34:31.175+0000] {logging_mixin.py:188} INFO - [2025-11-12T23:34:31.175+0000] {dag.py:3823} INFO - Setting next_dagrun for example_xcom to 2021-01-01 00:00:00+00:00, run_after=2021-01-01 00:00:00+00:00
[2025-11-12T23:34:31.189+0000] {processor.py:183} INFO - Processing /home/airflow/.local/lib/python3.8/site-packages/airflow/example_dags/example_xcom.py took 0.058 seconds
[2025-11-12T23:35:02.130+0000] {processor.py:161} INFO - Started process (PID=381) to work on /home/airflow/.local/lib/python3.8/site-packages/airflow/example_dags/example_xcom.py
[2025-11-12T23:35:02.131+0000] {processor.py:830} INFO - Processing file /home/airflow/.local/lib/python3.8/site-packages/airflow/example_dags/example_xcom.py for tasks to queue
[2025-11-12T23:35:02.132+0000] {logging_mixin.py:188} INFO - [2025-11-12T23:35:02.132+0000] {dagbag.py:538} INFO - Filling up the DagBag from /home/airflow/.local/lib/python3.8/site-packages/airflow/example_dags/example_xcom.py
[2025-11-12T23:35:02.138+0000] {processor.py:840} INFO - DAG(s) 'example_xcom' retrieved from /home/airflow/.local/lib/python3.8/site-packages/airflow/example_dags/example_xcom.py
[2025-11-12T23:35:02.154+0000] {logging_mixin.py:188} INFO - [2025-11-12T23:35:02.153+0000] {dag.py:3036} INFO - Sync 1 DAGs
[2025-11-12T23:35:02.169+0000] {logging_mixin.py:188} INFO - [2025-11-12T23:35:02.169+0000] {dag.py:3823} INFO - Setting next_dagrun for example_xcom to 2021-01-01 00:00:00+00:00, run_after=2021-01-01 00:00:00+00:00
[2025-11-12T23:35:02.182+0000] {processor.py:183} INFO - Processing /home/airflow/.local/lib/python3.8/site-packages/airflow/example_dags/example_xcom.py took 0.054 seconds
[2025-11-12T23:35:32.498+0000] {processor.py:161} INFO - Started process (PID=438) to work on /home/airflow/.local/lib/python3.8/site-packages/airflow/example_dags/example_xcom.py
[2025-11-12T23:35:32.499+0000] {processor.py:830} INFO - Processing file /home/airflow/.local/lib/python3.8/site-packages/airflow/example_dags/example_xcom.py for tasks to queue
[2025-11-12T23:35:32.501+0000] {logging_mixin.py:188} INFO - [2025-11-12T23:35:32.500+0000] {dagbag.py:538} INFO - Filling up the DagBag from /home/airflow/.local/lib/python3.8/site-packages/airflow/example_dags/example_xcom.py
[2025-11-12T23:35:32.509+0000] {processor.py:840} INFO - DAG(s) 'example_xcom' retrieved from /home/airflow/.local/lib/python3.8/site-packages/airflow/example_dags/example_xcom.py
[2025-11-12T23:35:32.525+0000] {logging_mixin.py:188} INFO - [2025-11-12T23:35:32.525+0000] {dag.py:3036} INFO - Sync 1 DAGs
[2025-11-12T23:35:32.541+0000] {logging_mixin.py:188} INFO - [2025-11-12T23:35:32.541+0000] {dag.py:3823} INFO - Setting next_dagrun for example_xcom to 2021-01-01 00:00:00+00:00, run_after=2021-01-01 00:00:00+00:00
[2025-11-12T23:35:32.554+0000] {processor.py:183} INFO - Processing /home/airflow/.local/lib/python3.8/site-packages/airflow/example_dags/example_xcom.py took 0.059 seconds
[2025-11-12T23:36:02.765+0000] {processor.py:161} INFO - Started process (PID=495) to work on /home/airflow/.local/lib/python3.8/site-packages/airflow/example_dags/example_xcom.py
[2025-11-12T23:36:02.765+0000] {processor.py:830} INFO - Processing file /home/airflow/.local/lib/python3.8/site-packages/airflow/example_dags/example_xcom.py for tasks to queue
[2025-11-12T23:36:02.767+0000] {logging_mixin.py:188} INFO - [2025-11-12T23:36:02.766+0000] {dagbag.py:538} INFO - Filling up the DagBag from /home/airflow/.local/lib/python3.8/site-packages/airflow/example_dags/example_xcom.py
[2025-11-12T23:36:02.772+0000] {processor.py:840} INFO - DAG(s) 'example_xcom' retrieved from /home/airflow/.local/lib/python3.8/site-packages/airflow/example_dags/example_xcom.py
[2025-11-12T23:36:02.787+0000] {logging_mixin.py:188} INFO - [2025-11-12T23:36:02.787+0000] {dag.py:3036} INFO - Sync 1 DAGs
[2025-11-12T23:36:02.803+0000] {logging_mixin.py:188} INFO - [2025-11-12T23:36:02.803+0000] {dag.py:3823} INFO - Setting next_dagrun for example_xcom to 2021-01-01 00:00:00+00:00, run_after=2021-01-01 00:00:00+00:00
[2025-11-12T23:36:02.817+0000] {processor.py:183} INFO - Processing /home/airflow/.local/lib/python3.8/site-packages/airflow/example_dags/example_xcom.py took 0.054 seconds
[2025-11-12T23:36:33.153+0000] {processor.py:161} INFO - Started process (PID=552) to work on /home/airflow/.local/lib/python3.8/site-packages/airflow/example_dags/example_xcom.py
[2025-11-12T23:36:33.154+0000] {processor.py:830} INFO - Processing file /home/airflow/.local/lib/python3.8/site-packages/airflow/example_dags/example_xcom.py for tasks to queue
[2025-11-12T23:36:33.155+0000] {logging_mixin.py:188} INFO - [2025-11-12T23:36:33.155+0000] {dagbag.py:538} INFO - Filling up the DagBag from /home/airflow/.local/lib/python3.8/site-packages/airflow/example_dags/example_xcom.py
[2025-11-12T23:36:33.161+0000] {processor.py:840} INFO - DAG(s) 'example_xcom' retrieved from /home/airflow/.local/lib/python3.8/site-packages/airflow/example_dags/example_xcom.py
[2025-11-12T23:36:33.176+0000] {logging_mixin.py:188} INFO - [2025-11-12T23:36:33.175+0000] {dag.py:3036} INFO - Sync 1 DAGs
[2025-11-12T23:36:33.190+0000] {logging_mixin.py:188} INFO - [2025-11-12T23:36:33.190+0000] {dag.py:3823} INFO - Setting next_dagrun for example_xcom to 2021-01-01 00:00:00+00:00, run_after=2021-01-01 00:00:00+00:00
[2025-11-12T23:36:33.203+0000] {processor.py:183} INFO - Processing /home/airflow/.local/lib/python3.8/site-packages/airflow/example_dags/example_xcom.py took 0.053 seconds
[2025-11-12T23:37:03.637+0000] {processor.py:161} INFO - Started process (PID=609) to work on /home/airflow/.local/lib/python3.8/site-packages/airflow/example_dags/example_xcom.py
[2025-11-12T23:37:03.637+0000] {processor.py:830} INFO - Processing file /home/airflow/.local/lib/python3.8/site-packages/airflow/example_dags/example_xcom.py for tasks to queue
[2025-11-12T23:37:03.638+0000] {logging_mixin.py:188} INFO - [2025-11-12T23:37:03.638+0000] {dagbag.py:538} INFO - Filling up the DagBag from /home/airflow/.local/lib/python3.8/site-packages/airflow/example_dags/example_xcom.py
[2025-11-12T23:37:03.644+0000] {processor.py:840} INFO - DAG(s) 'example_xcom' retrieved from /home/airflow/.local/lib/python3.8/site-packages/airflow/example_dags/example_xcom.py
[2025-11-12T23:37:03.658+0000] {logging_mixin.py:188} INFO - [2025-11-12T23:37:03.658+0000] {dag.py:3036} INFO - Sync 1 DAGs
[2025-11-12T23:37:03.673+0000] {logging_mixin.py:188} INFO - [2025-11-12T23:37:03.673+0000] {dag.py:3823} INFO - Setting next_dagrun for example_xcom to 2021-01-01 00:00:00+00:00, run_after=2021-01-01 00:00:00+00:00
[2025-11-12T23:37:03.685+0000] {processor.py:183} INFO - Processing /home/airflow/.local/lib/python3.8/site-packages/airflow/example_dags/example_xcom.py took 0.051 seconds
[2025-11-12T23:37:34.624+0000] {processor.py:161} INFO - Started process (PID=666) to work on /home/airflow/.local/lib/python3.8/site-packages/airflow/example_dags/example_xcom.py
[2025-11-12T23:37:34.624+0000] {processor.py:830} INFO - Processing file /home/airflow/.local/lib/python3.8/site-packages/airflow/example_dags/example_xcom.py for tasks to queue
[2025-11-12T23:37:34.626+0000] {logging_mixin.py:188} INFO - [2025-11-12T23:37:34.625+0000] {dagbag.py:538} INFO - Filling up the DagBag from /home/airflow/.local/lib/python3.8/site-packages/airflow/example_dags/example_xcom.py
[2025-11-12T23:37:34.631+0000] {processor.py:840} INFO - DAG(s) 'example_xcom' retrieved from /home/airflow/.local/lib/python3.8/site-packages/airflow/example_dags/example_xcom.py
[2025-11-12T23:37:34.646+0000] {logging_mixin.py:188} INFO - [2025-11-12T23:37:34.646+0000] {dag.py:3036} INFO - Sync 1 DAGs
[2025-11-12T23:37:34.662+0000] {logging_mixin.py:188} INFO - [2025-11-12T23:37:34.662+0000] {dag.py:3823} INFO - Setting next_dagrun for example_xcom to 2021-01-01 00:00:00+00:00, run_after=2021-01-01 00:00:00+00:00
[2025-11-12T23:37:34.674+0000] {processor.py:183} INFO - Processing /home/airflow/.local/lib/python3.8/site-packages/airflow/example_dags/example_xcom.py took 0.053 seconds
[2025-11-12T23:38:04.926+0000] {processor.py:161} INFO - Started process (PID=723) to work on /home/airflow/.local/lib/python3.8/site-packages/airflow/example_dags/example_xcom.py
[2025-11-12T23:38:04.927+0000] {processor.py:830} INFO - Processing file /home/airflow/.local/lib/python3.8/site-packages/airflow/example_dags/example_xcom.py for tasks to queue
[2025-11-12T23:38:04.928+0000] {logging_mixin.py:188} INFO - [2025-11-12T23:38:04.928+0000] {dagbag.py:538} INFO - Filling up the DagBag from /home/airflow/.local/lib/python3.8/site-packages/airflow/example_dags/example_xcom.py
[2025-11-12T23:38:04.934+0000] {processor.py:840} INFO - DAG(s) 'example_xcom' retrieved from /home/airflow/.local/lib/python3.8/site-packages/airflow/example_dags/example_xcom.py
[2025-11-12T23:38:04.949+0000] {logging_mixin.py:188} INFO - [2025-11-12T23:38:04.949+0000] {dag.py:3036} INFO - Sync 1 DAGs
[2025-11-12T23:38:04.964+0000] {logging_mixin.py:188} INFO - [2025-11-12T23:38:04.964+0000] {dag.py:3823} INFO - Setting next_dagrun for example_xcom to 2021-01-01 00:00:00+00:00, run_after=2021-01-01 00:00:00+00:00
[2025-11-12T23:38:04.984+0000] {processor.py:183} INFO - Processing /home/airflow/.local/lib/python3.8/site-packages/airflow/example_dags/example_xcom.py took 0.061 seconds
[2025-11-12T23:38:35.303+0000] {processor.py:161} INFO - Started process (PID=780) to work on /home/airflow/.local/lib/python3.8/site-packages/airflow/example_dags/example_xcom.py
[2025-11-12T23:38:35.303+0000] {processor.py:830} INFO - Processing file /home/airflow/.local/lib/python3.8/site-packages/airflow/example_dags/example_xcom.py for tasks to queue
[2025-11-12T23:38:35.305+0000] {logging_mixin.py:188} INFO - [2025-11-12T23:38:35.305+0000] {dagbag.py:538} INFO - Filling up the DagBag from /home/airflow/.local/lib/python3.8/site-packages/airflow/example_dags/example_xcom.py
[2025-11-12T23:38:35.310+0000] {processor.py:840} INFO - DAG(s) 'example_xcom' retrieved from /home/airflow/.local/lib/python3.8/site-packages/airflow/example_dags/example_xcom.py
[2025-11-12T23:38:35.327+0000] {logging_mixin.py:188} INFO - [2025-11-12T23:38:35.326+0000] {dag.py:3036} INFO - Sync 1 DAGs
[2025-11-12T23:38:35.343+0000] {logging_mixin.py:188} INFO - [2025-11-12T23:38:35.342+0000] {dag.py:3823} INFO - Setting next_dagrun for example_xcom to 2021-01-01 00:00:00+00:00, run_after=2021-01-01 00:00:00+00:00
[2025-11-12T23:38:35.355+0000] {processor.py:183} INFO - Processing /home/airflow/.local/lib/python3.8/site-packages/airflow/example_dags/example_xcom.py took 0.055 seconds
[2025-11-12T23:39:05.699+0000] {processor.py:161} INFO - Started process (PID=837) to work on /home/airflow/.local/lib/python3.8/site-packages/airflow/example_dags/example_xcom.py
[2025-11-12T23:39:05.700+0000] {processor.py:830} INFO - Processing file /home/airflow/.local/lib/python3.8/site-packages/airflow/example_dags/example_xcom.py for tasks to queue
[2025-11-12T23:39:05.701+0000] {logging_mixin.py:188} INFO - [2025-11-12T23:39:05.701+0000] {dagbag.py:538} INFO - Filling up the DagBag from /home/airflow/.local/lib/python3.8/site-packages/airflow/example_dags/example_xcom.py
[2025-11-12T23:39:05.707+0000] {processor.py:840} INFO - DAG(s) 'example_xcom' retrieved from /home/airflow/.local/lib/python3.8/site-packages/airflow/example_dags/example_xcom.py
[2025-11-12T23:39:05.722+0000] {logging_mixin.py:188} INFO - [2025-11-12T23:39:05.721+0000] {dag.py:3036} INFO - Sync 1 DAGs
[2025-11-12T23:39:05.738+0000] {logging_mixin.py:188} INFO - [2025-11-12T23:39:05.738+0000] {dag.py:3823} INFO - Setting next_dagrun for example_xcom to 2021-01-01 00:00:00+00:00, run_after=2021-01-01 00:00:00+00:00
[2025-11-12T23:39:05.750+0000] {processor.py:183} INFO - Processing /home/airflow/.local/lib/python3.8/site-packages/airflow/example_dags/example_xcom.py took 0.054 seconds
[2025-11-12T23:39:36.000+0000] {processor.py:161} INFO - Started process (PID=894) to work on /home/airflow/.local/lib/python3.8/site-packages/airflow/example_dags/example_xcom.py
[2025-11-12T23:39:36.001+0000] {processor.py:830} INFO - Processing file /home/airflow/.local/lib/python3.8/site-packages/airflow/example_dags/example_xcom.py for tasks to queue
[2025-11-12T23:39:36.002+0000] {logging_mixin.py:188} INFO - [2025-11-12T23:39:36.002+0000] {dagbag.py:538} INFO - Filling up the DagBag from /home/airflow/.local/lib/python3.8/site-packages/airflow/example_dags/example_xcom.py
[2025-11-12T23:39:36.009+0000] {processor.py:840} INFO - DAG(s) 'example_xcom' retrieved from /home/airflow/.local/lib/python3.8/site-packages/airflow/example_dags/example_xcom.py
[2025-11-12T23:39:36.026+0000] {logging_mixin.py:188} INFO - [2025-11-12T23:39:36.026+0000] {dag.py:3036} INFO - Sync 1 DAGs
[2025-11-12T23:39:36.042+0000] {logging_mixin.py:188} INFO - [2025-11-12T23:39:36.042+0000] {dag.py:3823} INFO - Setting next_dagrun for example_xcom to 2021-01-01 00:00:00+00:00, run_after=2021-01-01 00:00:00+00:00
[2025-11-12T23:39:36.054+0000] {processor.py:183} INFO - Processing /home/airflow/.local/lib/python3.8/site-packages/airflow/example_dags/example_xcom.py took 0.057 seconds
[2025-11-12T23:40:06.380+0000] {processor.py:161} INFO - Started process (PID=951) to work on /home/airflow/.local/lib/python3.8/site-packages/airflow/example_dags/example_xcom.py
[2025-11-12T23:40:06.381+0000] {processor.py:830} INFO - Processing file /home/airflow/.local/lib/python3.8/site-packages/airflow/example_dags/example_xcom.py for tasks to queue
[2025-11-12T23:40:06.383+0000] {logging_mixin.py:188} INFO - [2025-11-12T23:40:06.382+0000] {dagbag.py:538} INFO - Filling up the DagBag from /home/airflow/.local/lib/python3.8/site-packages/airflow/example_dags/example_xcom.py
[2025-11-12T23:40:06.389+0000] {processor.py:840} INFO - DAG(s) 'example_xcom' retrieved from /home/airflow/.local/lib/python3.8/site-packages/airflow/example_dags/example_xcom.py
[2025-11-12T23:40:06.405+0000] {logging_mixin.py:188} INFO - [2025-11-12T23:40:06.405+0000] {dag.py:3036} INFO - Sync 1 DAGs
[2025-11-12T23:40:06.424+0000] {logging_mixin.py:188} INFO - [2025-11-12T23:40:06.424+0000] {dag.py:3823} INFO - Setting next_dagrun for example_xcom to 2021-01-01 00:00:00+00:00, run_after=2021-01-01 00:00:00+00:00
[2025-11-12T23:40:06.438+0000] {processor.py:183} INFO - Processing /home/airflow/.local/lib/python3.8/site-packages/airflow/example_dags/example_xcom.py took 0.060 seconds
[2025-11-12T23:40:36.528+0000] {processor.py:161} INFO - Started process (PID=1008) to work on /home/airflow/.local/lib/python3.8/site-packages/airflow/example_dags/example_xcom.py
[2025-11-12T23:40:36.529+0000] {processor.py:830} INFO - Processing file /home/airflow/.local/lib/python3.8/site-packages/airflow/example_dags/example_xcom.py for tasks to queue
[2025-11-12T23:40:36.530+0000] {logging_mixin.py:188} INFO - [2025-11-12T23:40:36.530+0000] {dagbag.py:538} INFO - Filling up the DagBag from /home/airflow/.local/lib/python3.8/site-packages/airflow/example_dags/example_xcom.py
[2025-11-12T23:40:36.536+0000] {processor.py:840} INFO - DAG(s) 'example_xcom' retrieved from /home/airflow/.local/lib/python3.8/site-packages/airflow/example_dags/example_xcom.py
[2025-11-12T23:40:36.553+0000] {logging_mixin.py:188} INFO - [2025-11-12T23:40:36.552+0000] {dag.py:3036} INFO - Sync 1 DAGs
[2025-11-12T23:40:36.569+0000] {logging_mixin.py:188} INFO - [2025-11-12T23:40:36.569+0000] {dag.py:3823} INFO - Setting next_dagrun for example_xcom to 2021-01-01 00:00:00+00:00, run_after=2021-01-01 00:00:00+00:00
[2025-11-12T23:40:36.584+0000] {processor.py:183} INFO - Processing /home/airflow/.local/lib/python3.8/site-packages/airflow/example_dags/example_xcom.py took 0.058 seconds
[2025-11-12T23:41:06.615+0000] {processor.py:161} INFO - Started process (PID=1063) to work on /home/airflow/.local/lib/python3.8/site-packages/airflow/example_dags/example_xcom.py
[2025-11-12T23:41:06.616+0000] {processor.py:830} INFO - Processing file /home/airflow/.local/lib/python3.8/site-packages/airflow/example_dags/example_xcom.py for tasks to queue
[2025-11-12T23:41:06.617+0000] {logging_mixin.py:188} INFO - [2025-11-12T23:41:06.617+0000] {dagbag.py:538} INFO - Filling up the DagBag from /home/airflow/.local/lib/python3.8/site-packages/airflow/example_dags/example_xcom.py
[2025-11-12T23:41:06.623+0000] {processor.py:840} INFO - DAG(s) 'example_xcom' retrieved from /home/airflow/.local/lib/python3.8/site-packages/airflow/example_dags/example_xcom.py
[2025-11-12T23:41:06.639+0000] {logging_mixin.py:188} INFO - [2025-11-12T23:41:06.639+0000] {dag.py:3036} INFO - Sync 1 DAGs
[2025-11-12T23:41:06.656+0000] {logging_mixin.py:188} INFO - [2025-11-12T23:41:06.655+0000] {dag.py:3823} INFO - Setting next_dagrun for example_xcom to 2021-01-01 00:00:00+00:00, run_after=2021-01-01 00:00:00+00:00
[2025-11-12T23:41:06.668+0000] {processor.py:183} INFO - Processing /home/airflow/.local/lib/python3.8/site-packages/airflow/example_dags/example_xcom.py took 0.056 seconds
[2025-11-12T23:41:36.722+0000] {processor.py:161} INFO - Started process (PID=1120) to work on /home/airflow/.local/lib/python3.8/site-packages/airflow/example_dags/example_xcom.py
[2025-11-12T23:41:36.723+0000] {processor.py:830} INFO - Processing file /home/airflow/.local/lib/python3.8/site-packages/airflow/example_dags/example_xcom.py for tasks to queue
[2025-11-12T23:41:36.725+0000] {logging_mixin.py:188} INFO - [2025-11-12T23:41:36.724+0000] {dagbag.py:538} INFO - Filling up the DagBag from /home/airflow/.local/lib/python3.8/site-packages/airflow/example_dags/example_xcom.py
[2025-11-12T23:41:36.730+0000] {processor.py:840} INFO - DAG(s) 'example_xcom' retrieved from /home/airflow/.local/lib/python3.8/site-packages/airflow/example_dags/example_xcom.py
[2025-11-12T23:41:36.746+0000] {logging_mixin.py:188} INFO - [2025-11-12T23:41:36.745+0000] {dag.py:3036} INFO - Sync 1 DAGs
[2025-11-12T23:41:36.762+0000] {logging_mixin.py:188} INFO - [2025-11-12T23:41:36.761+0000] {dag.py:3823} INFO - Setting next_dagrun for example_xcom to 2021-01-01 00:00:00+00:00, run_after=2021-01-01 00:00:00+00:00
[2025-11-12T23:41:36.774+0000] {processor.py:183} INFO - Processing /home/airflow/.local/lib/python3.8/site-packages/airflow/example_dags/example_xcom.py took 0.055 seconds
[2025-11-12T23:42:07.009+0000] {processor.py:161} INFO - Started process (PID=1177) to work on /home/airflow/.local/lib/python3.8/site-packages/airflow/example_dags/example_xcom.py
[2025-11-12T23:42:07.009+0000] {processor.py:830} INFO - Processing file /home/airflow/.local/lib/python3.8/site-packages/airflow/example_dags/example_xcom.py for tasks to queue
[2025-11-12T23:42:07.011+0000] {logging_mixin.py:188} INFO - [2025-11-12T23:42:07.010+0000] {dagbag.py:538} INFO - Filling up the DagBag from /home/airflow/.local/lib/python3.8/site-packages/airflow/example_dags/example_xcom.py
[2025-11-12T23:42:07.017+0000] {processor.py:840} INFO - DAG(s) 'example_xcom' retrieved from /home/airflow/.local/lib/python3.8/site-packages/airflow/example_dags/example_xcom.py
[2025-11-12T23:42:07.033+0000] {logging_mixin.py:188} INFO - [2025-11-12T23:42:07.033+0000] {dag.py:3036} INFO - Sync 1 DAGs
[2025-11-12T23:42:07.048+0000] {logging_mixin.py:188} INFO - [2025-11-12T23:42:07.048+0000] {dag.py:3823} INFO - Setting next_dagrun for example_xcom to 2021-01-01 00:00:00+00:00, run_after=2021-01-01 00:00:00+00:00
[2025-11-12T23:42:07.062+0000] {processor.py:183} INFO - Processing /home/airflow/.local/lib/python3.8/site-packages/airflow/example_dags/example_xcom.py took 0.056 seconds
[2025-11-12T23:42:37.331+0000] {processor.py:161} INFO - Started process (PID=1234) to work on /home/airflow/.local/lib/python3.8/site-packages/airflow/example_dags/example_xcom.py
[2025-11-12T23:42:37.332+0000] {processor.py:830} INFO - Processing file /home/airflow/.local/lib/python3.8/site-packages/airflow/example_dags/example_xcom.py for tasks to queue
[2025-11-12T23:42:37.333+0000] {logging_mixin.py:188} INFO - [2025-11-12T23:42:37.333+0000] {dagbag.py:538} INFO - Filling up the DagBag from /home/airflow/.local/lib/python3.8/site-packages/airflow/example_dags/example_xcom.py
[2025-11-12T23:42:37.339+0000] {processor.py:840} INFO - DAG(s) 'example_xcom' retrieved from /home/airflow/.local/lib/python3.8/site-packages/airflow/example_dags/example_xcom.py
[2025-11-12T23:42:37.355+0000] {logging_mixin.py:188} INFO - [2025-11-12T23:42:37.355+0000] {dag.py:3036} INFO - Sync 1 DAGs
[2025-11-12T23:42:37.373+0000] {logging_mixin.py:188} INFO - [2025-11-12T23:42:37.373+0000] {dag.py:3823} INFO - Setting next_dagrun for example_xcom to 2021-01-01 00:00:00+00:00, run_after=2021-01-01 00:00:00+00:00
[2025-11-12T23:42:37.386+0000] {processor.py:183} INFO - Processing /home/airflow/.local/lib/python3.8/site-packages/airflow/example_dags/example_xcom.py took 0.058 seconds
[2025-11-12T23:43:07.552+0000] {processor.py:161} INFO - Started process (PID=1291) to work on /home/airflow/.local/lib/python3.8/site-packages/airflow/example_dags/example_xcom.py
[2025-11-12T23:43:07.553+0000] {processor.py:830} INFO - Processing file /home/airflow/.local/lib/python3.8/site-packages/airflow/example_dags/example_xcom.py for tasks to queue
[2025-11-12T23:43:07.554+0000] {logging_mixin.py:188} INFO - [2025-11-12T23:43:07.554+0000] {dagbag.py:538} INFO - Filling up the DagBag from /home/airflow/.local/lib/python3.8/site-packages/airflow/example_dags/example_xcom.py
[2025-11-12T23:43:07.560+0000] {processor.py:840} INFO - DAG(s) 'example_xcom' retrieved from /home/airflow/.local/lib/python3.8/site-packages/airflow/example_dags/example_xcom.py
[2025-11-12T23:43:07.576+0000] {logging_mixin.py:188} INFO - [2025-11-12T23:43:07.576+0000] {dag.py:3036} INFO - Sync 1 DAGs
[2025-11-12T23:43:07.592+0000] {logging_mixin.py:188} INFO - [2025-11-12T23:43:07.592+0000] {dag.py:3823} INFO - Setting next_dagrun for example_xcom to 2021-01-01 00:00:00+00:00, run_after=2021-01-01 00:00:00+00:00
[2025-11-12T23:43:07.607+0000] {processor.py:183} INFO - Processing /home/airflow/.local/lib/python3.8/site-packages/airflow/example_dags/example_xcom.py took 0.058 seconds
[2025-11-12T23:43:37.836+0000] {processor.py:161} INFO - Started process (PID=1348) to work on /home/airflow/.local/lib/python3.8/site-packages/airflow/example_dags/example_xcom.py
[2025-11-12T23:43:37.837+0000] {processor.py:830} INFO - Processing file /home/airflow/.local/lib/python3.8/site-packages/airflow/example_dags/example_xcom.py for tasks to queue
[2025-11-12T23:43:37.838+0000] {logging_mixin.py:188} INFO - [2025-11-12T23:43:37.838+0000] {dagbag.py:538} INFO - Filling up the DagBag from /home/airflow/.local/lib/python3.8/site-packages/airflow/example_dags/example_xcom.py
[2025-11-12T23:43:37.843+0000] {processor.py:840} INFO - DAG(s) 'example_xcom' retrieved from /home/airflow/.local/lib/python3.8/site-packages/airflow/example_dags/example_xcom.py
[2025-11-12T23:43:37.858+0000] {logging_mixin.py:188} INFO - [2025-11-12T23:43:37.858+0000] {dag.py:3036} INFO - Sync 1 DAGs
[2025-11-12T23:43:37.873+0000] {logging_mixin.py:188} INFO - [2025-11-12T23:43:37.873+0000] {dag.py:3823} INFO - Setting next_dagrun for example_xcom to 2021-01-01 00:00:00+00:00, run_after=2021-01-01 00:00:00+00:00
[2025-11-12T23:43:37.884+0000] {processor.py:183} INFO - Processing /home/airflow/.local/lib/python3.8/site-packages/airflow/example_dags/example_xcom.py took 0.051 seconds
[2025-11-12T23:44:08.138+0000] {processor.py:161} INFO - Started process (PID=1405) to work on /home/airflow/.local/lib/python3.8/site-packages/airflow/example_dags/example_xcom.py
[2025-11-12T23:44:08.138+0000] {processor.py:830} INFO - Processing file /home/airflow/.local/lib/python3.8/site-packages/airflow/example_dags/example_xcom.py for tasks to queue
[2025-11-12T23:44:08.140+0000] {logging_mixin.py:188} INFO - [2025-11-12T23:44:08.139+0000] {dagbag.py:538} INFO - Filling up the DagBag from /home/airflow/.local/lib/python3.8/site-packages/airflow/example_dags/example_xcom.py
[2025-11-12T23:44:08.145+0000] {processor.py:840} INFO - DAG(s) 'example_xcom' retrieved from /home/airflow/.local/lib/python3.8/site-packages/airflow/example_dags/example_xcom.py
[2025-11-12T23:44:08.160+0000] {logging_mixin.py:188} INFO - [2025-11-12T23:44:08.160+0000] {dag.py:3036} INFO - Sync 1 DAGs
[2025-11-12T23:44:08.176+0000] {logging_mixin.py:188} INFO - [2025-11-12T23:44:08.175+0000] {dag.py:3823} INFO - Setting next_dagrun for example_xcom to 2021-01-01 00:00:00+00:00, run_after=2021-01-01 00:00:00+00:00
[2025-11-12T23:44:08.189+0000] {processor.py:183} INFO - Processing /home/airflow/.local/lib/python3.8/site-packages/airflow/example_dags/example_xcom.py took 0.053 seconds
[2025-11-12T23:44:38.376+0000] {processor.py:161} INFO - Started process (PID=1462) to work on /home/airflow/.local/lib/python3.8/site-packages/airflow/example_dags/example_xcom.py
[2025-11-12T23:44:38.376+0000] {processor.py:830} INFO - Processing file /home/airflow/.local/lib/python3.8/site-packages/airflow/example_dags/example_xcom.py for tasks to queue
[2025-11-12T23:44:38.378+0000] {logging_mixin.py:188} INFO - [2025-11-12T23:44:38.378+0000] {dagbag.py:538} INFO - Filling up the DagBag from /home/airflow/.local/lib/python3.8/site-packages/airflow/example_dags/example_xcom.py
[2025-11-12T23:44:38.384+0000] {processor.py:840} INFO - DAG(s) 'example_xcom' retrieved from /home/airflow/.local/lib/python3.8/site-packages/airflow/example_dags/example_xcom.py
[2025-11-12T23:44:38.402+0000] {logging_mixin.py:188} INFO - [2025-11-12T23:44:38.401+0000] {dag.py:3036} INFO - Sync 1 DAGs
[2025-11-12T23:44:38.419+0000] {logging_mixin.py:188} INFO - [2025-11-12T23:44:38.419+0000] {dag.py:3823} INFO - Setting next_dagrun for example_xcom to 2021-01-01 00:00:00+00:00, run_after=2021-01-01 00:00:00+00:00
[2025-11-12T23:44:38.433+0000] {processor.py:183} INFO - Processing /home/airflow/.local/lib/python3.8/site-packages/airflow/example_dags/example_xcom.py took 0.060 seconds
[2025-11-12T23:45:08.568+0000] {processor.py:161} INFO - Started process (PID=1519) to work on /home/airflow/.local/lib/python3.8/site-packages/airflow/example_dags/example_xcom.py
[2025-11-12T23:45:08.568+0000] {processor.py:830} INFO - Processing file /home/airflow/.local/lib/python3.8/site-packages/airflow/example_dags/example_xcom.py for tasks to queue
[2025-11-12T23:45:08.569+0000] {logging_mixin.py:188} INFO - [2025-11-12T23:45:08.569+0000] {dagbag.py:538} INFO - Filling up the DagBag from /home/airflow/.local/lib/python3.8/site-packages/airflow/example_dags/example_xcom.py
[2025-11-12T23:45:08.576+0000] {processor.py:840} INFO - DAG(s) 'example_xcom' retrieved from /home/airflow/.local/lib/python3.8/site-packages/airflow/example_dags/example_xcom.py
[2025-11-12T23:45:08.595+0000] {logging_mixin.py:188} INFO - [2025-11-12T23:45:08.595+0000] {dag.py:3036} INFO - Sync 1 DAGs
[2025-11-12T23:45:08.611+0000] {logging_mixin.py:188} INFO - [2025-11-12T23:45:08.611+0000] {dag.py:3823} INFO - Setting next_dagrun for example_xcom to 2021-01-01 00:00:00+00:00, run_after=2021-01-01 00:00:00+00:00
[2025-11-12T23:45:08.623+0000] {processor.py:183} INFO - Processing /home/airflow/.local/lib/python3.8/site-packages/airflow/example_dags/example_xcom.py took 0.058 seconds
[2025-11-12T23:45:38.811+0000] {processor.py:161} INFO - Started process (PID=1576) to work on /home/airflow/.local/lib/python3.8/site-packages/airflow/example_dags/example_xcom.py
[2025-11-12T23:45:38.812+0000] {processor.py:830} INFO - Processing file /home/airflow/.local/lib/python3.8/site-packages/airflow/example_dags/example_xcom.py for tasks to queue
[2025-11-12T23:45:38.813+0000] {logging_mixin.py:188} INFO - [2025-11-12T23:45:38.813+0000] {dagbag.py:538} INFO - Filling up the DagBag from /home/airflow/.local/lib/python3.8/site-packages/airflow/example_dags/example_xcom.py
[2025-11-12T23:45:38.819+0000] {processor.py:840} INFO - DAG(s) 'example_xcom' retrieved from /home/airflow/.local/lib/python3.8/site-packages/airflow/example_dags/example_xcom.py
[2025-11-12T23:45:38.835+0000] {logging_mixin.py:188} INFO - [2025-11-12T23:45:38.835+0000] {dag.py:3036} INFO - Sync 1 DAGs
[2025-11-12T23:45:38.853+0000] {logging_mixin.py:188} INFO - [2025-11-12T23:45:38.853+0000] {dag.py:3823} INFO - Setting next_dagrun for example_xcom to 2021-01-01 00:00:00+00:00, run_after=2021-01-01 00:00:00+00:00
[2025-11-12T23:45:38.868+0000] {processor.py:183} INFO - Processing /home/airflow/.local/lib/python3.8/site-packages/airflow/example_dags/example_xcom.py took 0.060 seconds
