[2025-11-12T23:32:28.170+0000] {processor.py:161} INFO - Started process (PID=70) to work on /home/airflow/.local/lib/python3.8/site-packages/airflow/example_dags/example_nested_branch_dag.py
[2025-11-12T23:32:28.171+0000] {processor.py:830} INFO - Processing file /home/airflow/.local/lib/python3.8/site-packages/airflow/example_dags/example_nested_branch_dag.py for tasks to queue
[2025-11-12T23:32:28.172+0000] {logging_mixin.py:188} INFO - [2025-11-12T23:32:28.172+0000] {dagbag.py:538} INFO - Filling up the DagBag from /home/airflow/.local/lib/python3.8/site-packages/airflow/example_dags/example_nested_branch_dag.py
[2025-11-12T23:32:28.182+0000] {processor.py:840} INFO - DAG(s) 'example_nested_branch_dag' retrieved from /home/airflow/.local/lib/python3.8/site-packages/airflow/example_dags/example_nested_branch_dag.py
[2025-11-12T23:32:28.268+0000] {logging_mixin.py:188} INFO - [2025-11-12T23:32:28.267+0000] {override.py:1769} INFO - Created Permission View: can delete on DAG:example_nested_branch_dag
[2025-11-12T23:32:28.277+0000] {logging_mixin.py:188} INFO - [2025-11-12T23:32:28.276+0000] {override.py:1769} INFO - Created Permission View: can edit on DAG:example_nested_branch_dag
[2025-11-12T23:32:28.283+0000] {logging_mixin.py:188} INFO - [2025-11-12T23:32:28.283+0000] {override.py:1769} INFO - Created Permission View: can read on DAG:example_nested_branch_dag
[2025-11-12T23:32:28.284+0000] {logging_mixin.py:188} INFO - [2025-11-12T23:32:28.283+0000] {dag.py:3036} INFO - Sync 1 DAGs
[2025-11-12T23:32:28.292+0000] {logging_mixin.py:188} INFO - [2025-11-12T23:32:28.292+0000] {dag.py:3058} INFO - Creating ORM DAG for example_nested_branch_dag
[2025-11-12T23:32:28.301+0000] {logging_mixin.py:188} INFO - [2025-11-12T23:32:28.301+0000] {dag.py:3823} INFO - Setting next_dagrun for example_nested_branch_dag to 2025-11-11 00:00:00+00:00, run_after=2025-11-12 00:00:00+00:00
[2025-11-12T23:32:28.316+0000] {processor.py:183} INFO - Processing /home/airflow/.local/lib/python3.8/site-packages/airflow/example_dags/example_nested_branch_dag.py took 0.148 seconds
[2025-11-12T23:32:58.440+0000] {processor.py:161} INFO - Started process (PID=127) to work on /home/airflow/.local/lib/python3.8/site-packages/airflow/example_dags/example_nested_branch_dag.py
[2025-11-12T23:32:58.440+0000] {processor.py:830} INFO - Processing file /home/airflow/.local/lib/python3.8/site-packages/airflow/example_dags/example_nested_branch_dag.py for tasks to queue
[2025-11-12T23:32:58.442+0000] {logging_mixin.py:188} INFO - [2025-11-12T23:32:58.442+0000] {dagbag.py:538} INFO - Filling up the DagBag from /home/airflow/.local/lib/python3.8/site-packages/airflow/example_dags/example_nested_branch_dag.py
[2025-11-12T23:32:58.450+0000] {processor.py:840} INFO - DAG(s) 'example_nested_branch_dag' retrieved from /home/airflow/.local/lib/python3.8/site-packages/airflow/example_dags/example_nested_branch_dag.py
[2025-11-12T23:32:58.466+0000] {logging_mixin.py:188} INFO - [2025-11-12T23:32:58.466+0000] {dag.py:3036} INFO - Sync 1 DAGs
[2025-11-12T23:32:58.486+0000] {logging_mixin.py:188} INFO - [2025-11-12T23:32:58.486+0000] {dag.py:3823} INFO - Setting next_dagrun for example_nested_branch_dag to 2025-11-11 00:00:00+00:00, run_after=2025-11-12 00:00:00+00:00
[2025-11-12T23:32:58.501+0000] {processor.py:183} INFO - Processing /home/airflow/.local/lib/python3.8/site-packages/airflow/example_dags/example_nested_branch_dag.py took 0.064 seconds
[2025-11-12T23:33:28.863+0000] {processor.py:161} INFO - Started process (PID=184) to work on /home/airflow/.local/lib/python3.8/site-packages/airflow/example_dags/example_nested_branch_dag.py
[2025-11-12T23:33:28.863+0000] {processor.py:830} INFO - Processing file /home/airflow/.local/lib/python3.8/site-packages/airflow/example_dags/example_nested_branch_dag.py for tasks to queue
[2025-11-12T23:33:28.865+0000] {logging_mixin.py:188} INFO - [2025-11-12T23:33:28.865+0000] {dagbag.py:538} INFO - Filling up the DagBag from /home/airflow/.local/lib/python3.8/site-packages/airflow/example_dags/example_nested_branch_dag.py
[2025-11-12T23:33:28.873+0000] {processor.py:840} INFO - DAG(s) 'example_nested_branch_dag' retrieved from /home/airflow/.local/lib/python3.8/site-packages/airflow/example_dags/example_nested_branch_dag.py
[2025-11-12T23:33:28.890+0000] {logging_mixin.py:188} INFO - [2025-11-12T23:33:28.890+0000] {dag.py:3036} INFO - Sync 1 DAGs
[2025-11-12T23:33:28.909+0000] {logging_mixin.py:188} INFO - [2025-11-12T23:33:28.909+0000] {dag.py:3823} INFO - Setting next_dagrun for example_nested_branch_dag to 2025-11-11 00:00:00+00:00, run_after=2025-11-12 00:00:00+00:00
[2025-11-12T23:33:28.925+0000] {processor.py:183} INFO - Processing /home/airflow/.local/lib/python3.8/site-packages/airflow/example_dags/example_nested_branch_dag.py took 0.065 seconds
[2025-11-12T23:33:59.213+0000] {processor.py:161} INFO - Started process (PID=241) to work on /home/airflow/.local/lib/python3.8/site-packages/airflow/example_dags/example_nested_branch_dag.py
[2025-11-12T23:33:59.214+0000] {processor.py:830} INFO - Processing file /home/airflow/.local/lib/python3.8/site-packages/airflow/example_dags/example_nested_branch_dag.py for tasks to queue
[2025-11-12T23:33:59.215+0000] {logging_mixin.py:188} INFO - [2025-11-12T23:33:59.215+0000] {dagbag.py:538} INFO - Filling up the DagBag from /home/airflow/.local/lib/python3.8/site-packages/airflow/example_dags/example_nested_branch_dag.py
[2025-11-12T23:33:59.223+0000] {processor.py:840} INFO - DAG(s) 'example_nested_branch_dag' retrieved from /home/airflow/.local/lib/python3.8/site-packages/airflow/example_dags/example_nested_branch_dag.py
[2025-11-12T23:33:59.239+0000] {logging_mixin.py:188} INFO - [2025-11-12T23:33:59.239+0000] {dag.py:3036} INFO - Sync 1 DAGs
[2025-11-12T23:33:59.256+0000] {logging_mixin.py:188} INFO - [2025-11-12T23:33:59.256+0000] {dag.py:3823} INFO - Setting next_dagrun for example_nested_branch_dag to 2025-11-11 00:00:00+00:00, run_after=2025-11-12 00:00:00+00:00
[2025-11-12T23:33:59.270+0000] {processor.py:183} INFO - Processing /home/airflow/.local/lib/python3.8/site-packages/airflow/example_dags/example_nested_branch_dag.py took 0.059 seconds
[2025-11-12T23:34:30.299+0000] {processor.py:161} INFO - Started process (PID=304) to work on /home/airflow/.local/lib/python3.8/site-packages/airflow/example_dags/example_nested_branch_dag.py
[2025-11-12T23:34:30.300+0000] {processor.py:830} INFO - Processing file /home/airflow/.local/lib/python3.8/site-packages/airflow/example_dags/example_nested_branch_dag.py for tasks to queue
[2025-11-12T23:34:30.302+0000] {logging_mixin.py:188} INFO - [2025-11-12T23:34:30.301+0000] {dagbag.py:538} INFO - Filling up the DagBag from /home/airflow/.local/lib/python3.8/site-packages/airflow/example_dags/example_nested_branch_dag.py
[2025-11-12T23:34:30.309+0000] {processor.py:840} INFO - DAG(s) 'example_nested_branch_dag' retrieved from /home/airflow/.local/lib/python3.8/site-packages/airflow/example_dags/example_nested_branch_dag.py
[2025-11-12T23:34:30.326+0000] {logging_mixin.py:188} INFO - [2025-11-12T23:34:30.326+0000] {dag.py:3036} INFO - Sync 1 DAGs
[2025-11-12T23:34:30.344+0000] {logging_mixin.py:188} INFO - [2025-11-12T23:34:30.344+0000] {dag.py:3823} INFO - Setting next_dagrun for example_nested_branch_dag to 2025-11-11 00:00:00+00:00, run_after=2025-11-12 00:00:00+00:00
[2025-11-12T23:34:30.356+0000] {processor.py:183} INFO - Processing /home/airflow/.local/lib/python3.8/site-packages/airflow/example_dags/example_nested_branch_dag.py took 0.060 seconds
[2025-11-12T23:35:01.378+0000] {processor.py:161} INFO - Started process (PID=361) to work on /home/airflow/.local/lib/python3.8/site-packages/airflow/example_dags/example_nested_branch_dag.py
[2025-11-12T23:35:01.379+0000] {processor.py:830} INFO - Processing file /home/airflow/.local/lib/python3.8/site-packages/airflow/example_dags/example_nested_branch_dag.py for tasks to queue
[2025-11-12T23:35:01.380+0000] {logging_mixin.py:188} INFO - [2025-11-12T23:35:01.380+0000] {dagbag.py:538} INFO - Filling up the DagBag from /home/airflow/.local/lib/python3.8/site-packages/airflow/example_dags/example_nested_branch_dag.py
[2025-11-12T23:35:01.388+0000] {processor.py:840} INFO - DAG(s) 'example_nested_branch_dag' retrieved from /home/airflow/.local/lib/python3.8/site-packages/airflow/example_dags/example_nested_branch_dag.py
[2025-11-12T23:35:01.404+0000] {logging_mixin.py:188} INFO - [2025-11-12T23:35:01.404+0000] {dag.py:3036} INFO - Sync 1 DAGs
[2025-11-12T23:35:01.421+0000] {logging_mixin.py:188} INFO - [2025-11-12T23:35:01.421+0000] {dag.py:3823} INFO - Setting next_dagrun for example_nested_branch_dag to 2025-11-11 00:00:00+00:00, run_after=2025-11-12 00:00:00+00:00
[2025-11-12T23:35:01.434+0000] {processor.py:183} INFO - Processing /home/airflow/.local/lib/python3.8/site-packages/airflow/example_dags/example_nested_branch_dag.py took 0.059 seconds
[2025-11-12T23:35:31.731+0000] {processor.py:161} INFO - Started process (PID=418) to work on /home/airflow/.local/lib/python3.8/site-packages/airflow/example_dags/example_nested_branch_dag.py
[2025-11-12T23:35:31.732+0000] {processor.py:830} INFO - Processing file /home/airflow/.local/lib/python3.8/site-packages/airflow/example_dags/example_nested_branch_dag.py for tasks to queue
[2025-11-12T23:35:31.733+0000] {logging_mixin.py:188} INFO - [2025-11-12T23:35:31.733+0000] {dagbag.py:538} INFO - Filling up the DagBag from /home/airflow/.local/lib/python3.8/site-packages/airflow/example_dags/example_nested_branch_dag.py
[2025-11-12T23:35:31.742+0000] {processor.py:840} INFO - DAG(s) 'example_nested_branch_dag' retrieved from /home/airflow/.local/lib/python3.8/site-packages/airflow/example_dags/example_nested_branch_dag.py
[2025-11-12T23:35:31.758+0000] {logging_mixin.py:188} INFO - [2025-11-12T23:35:31.758+0000] {dag.py:3036} INFO - Sync 1 DAGs
[2025-11-12T23:35:31.775+0000] {logging_mixin.py:188} INFO - [2025-11-12T23:35:31.775+0000] {dag.py:3823} INFO - Setting next_dagrun for example_nested_branch_dag to 2025-11-11 00:00:00+00:00, run_after=2025-11-12 00:00:00+00:00
[2025-11-12T23:35:31.788+0000] {processor.py:183} INFO - Processing /home/airflow/.local/lib/python3.8/site-packages/airflow/example_dags/example_nested_branch_dag.py took 0.059 seconds
[2025-11-12T23:36:02.024+0000] {processor.py:161} INFO - Started process (PID=475) to work on /home/airflow/.local/lib/python3.8/site-packages/airflow/example_dags/example_nested_branch_dag.py
[2025-11-12T23:36:02.025+0000] {processor.py:830} INFO - Processing file /home/airflow/.local/lib/python3.8/site-packages/airflow/example_dags/example_nested_branch_dag.py for tasks to queue
[2025-11-12T23:36:02.026+0000] {logging_mixin.py:188} INFO - [2025-11-12T23:36:02.025+0000] {dagbag.py:538} INFO - Filling up the DagBag from /home/airflow/.local/lib/python3.8/site-packages/airflow/example_dags/example_nested_branch_dag.py
[2025-11-12T23:36:02.033+0000] {processor.py:840} INFO - DAG(s) 'example_nested_branch_dag' retrieved from /home/airflow/.local/lib/python3.8/site-packages/airflow/example_dags/example_nested_branch_dag.py
[2025-11-12T23:36:02.050+0000] {logging_mixin.py:188} INFO - [2025-11-12T23:36:02.049+0000] {dag.py:3036} INFO - Sync 1 DAGs
[2025-11-12T23:36:02.067+0000] {logging_mixin.py:188} INFO - [2025-11-12T23:36:02.067+0000] {dag.py:3823} INFO - Setting next_dagrun for example_nested_branch_dag to 2025-11-11 00:00:00+00:00, run_after=2025-11-12 00:00:00+00:00
[2025-11-12T23:36:02.080+0000] {processor.py:183} INFO - Processing /home/airflow/.local/lib/python3.8/site-packages/airflow/example_dags/example_nested_branch_dag.py took 0.058 seconds
[2025-11-12T23:36:32.230+0000] {processor.py:161} INFO - Started process (PID=532) to work on /home/airflow/.local/lib/python3.8/site-packages/airflow/example_dags/example_nested_branch_dag.py
[2025-11-12T23:36:32.231+0000] {processor.py:830} INFO - Processing file /home/airflow/.local/lib/python3.8/site-packages/airflow/example_dags/example_nested_branch_dag.py for tasks to queue
[2025-11-12T23:36:32.232+0000] {logging_mixin.py:188} INFO - [2025-11-12T23:36:32.232+0000] {dagbag.py:538} INFO - Filling up the DagBag from /home/airflow/.local/lib/python3.8/site-packages/airflow/example_dags/example_nested_branch_dag.py
[2025-11-12T23:36:32.240+0000] {processor.py:840} INFO - DAG(s) 'example_nested_branch_dag' retrieved from /home/airflow/.local/lib/python3.8/site-packages/airflow/example_dags/example_nested_branch_dag.py
[2025-11-12T23:36:32.256+0000] {logging_mixin.py:188} INFO - [2025-11-12T23:36:32.256+0000] {dag.py:3036} INFO - Sync 1 DAGs
[2025-11-12T23:36:32.274+0000] {logging_mixin.py:188} INFO - [2025-11-12T23:36:32.273+0000] {dag.py:3823} INFO - Setting next_dagrun for example_nested_branch_dag to 2025-11-11 00:00:00+00:00, run_after=2025-11-12 00:00:00+00:00
[2025-11-12T23:36:32.286+0000] {processor.py:183} INFO - Processing /home/airflow/.local/lib/python3.8/site-packages/airflow/example_dags/example_nested_branch_dag.py took 0.059 seconds
[2025-11-12T23:37:02.499+0000] {processor.py:161} INFO - Started process (PID=587) to work on /home/airflow/.local/lib/python3.8/site-packages/airflow/example_dags/example_nested_branch_dag.py
[2025-11-12T23:37:02.499+0000] {processor.py:830} INFO - Processing file /home/airflow/.local/lib/python3.8/site-packages/airflow/example_dags/example_nested_branch_dag.py for tasks to queue
[2025-11-12T23:37:02.501+0000] {logging_mixin.py:188} INFO - [2025-11-12T23:37:02.500+0000] {dagbag.py:538} INFO - Filling up the DagBag from /home/airflow/.local/lib/python3.8/site-packages/airflow/example_dags/example_nested_branch_dag.py
[2025-11-12T23:37:02.508+0000] {processor.py:840} INFO - DAG(s) 'example_nested_branch_dag' retrieved from /home/airflow/.local/lib/python3.8/site-packages/airflow/example_dags/example_nested_branch_dag.py
[2025-11-12T23:37:02.524+0000] {logging_mixin.py:188} INFO - [2025-11-12T23:37:02.524+0000] {dag.py:3036} INFO - Sync 1 DAGs
[2025-11-12T23:37:02.541+0000] {logging_mixin.py:188} INFO - [2025-11-12T23:37:02.541+0000] {dag.py:3823} INFO - Setting next_dagrun for example_nested_branch_dag to 2025-11-11 00:00:00+00:00, run_after=2025-11-12 00:00:00+00:00
[2025-11-12T23:37:02.554+0000] {processor.py:183} INFO - Processing /home/airflow/.local/lib/python3.8/site-packages/airflow/example_dags/example_nested_branch_dag.py took 0.057 seconds
[2025-11-12T23:37:32.735+0000] {processor.py:161} INFO - Started process (PID=644) to work on /home/airflow/.local/lib/python3.8/site-packages/airflow/example_dags/example_nested_branch_dag.py
[2025-11-12T23:37:32.736+0000] {processor.py:830} INFO - Processing file /home/airflow/.local/lib/python3.8/site-packages/airflow/example_dags/example_nested_branch_dag.py for tasks to queue
[2025-11-12T23:37:32.737+0000] {logging_mixin.py:188} INFO - [2025-11-12T23:37:32.737+0000] {dagbag.py:538} INFO - Filling up the DagBag from /home/airflow/.local/lib/python3.8/site-packages/airflow/example_dags/example_nested_branch_dag.py
[2025-11-12T23:37:32.745+0000] {processor.py:840} INFO - DAG(s) 'example_nested_branch_dag' retrieved from /home/airflow/.local/lib/python3.8/site-packages/airflow/example_dags/example_nested_branch_dag.py
[2025-11-12T23:37:32.760+0000] {logging_mixin.py:188} INFO - [2025-11-12T23:37:32.759+0000] {dag.py:3036} INFO - Sync 1 DAGs
[2025-11-12T23:37:32.776+0000] {logging_mixin.py:188} INFO - [2025-11-12T23:37:32.776+0000] {dag.py:3823} INFO - Setting next_dagrun for example_nested_branch_dag to 2025-11-11 00:00:00+00:00, run_after=2025-11-12 00:00:00+00:00
[2025-11-12T23:37:32.787+0000] {processor.py:183} INFO - Processing /home/airflow/.local/lib/python3.8/site-packages/airflow/example_dags/example_nested_branch_dag.py took 0.055 seconds
[2025-11-12T23:38:03.039+0000] {processor.py:161} INFO - Started process (PID=701) to work on /home/airflow/.local/lib/python3.8/site-packages/airflow/example_dags/example_nested_branch_dag.py
[2025-11-12T23:38:03.039+0000] {processor.py:830} INFO - Processing file /home/airflow/.local/lib/python3.8/site-packages/airflow/example_dags/example_nested_branch_dag.py for tasks to queue
[2025-11-12T23:38:03.041+0000] {logging_mixin.py:188} INFO - [2025-11-12T23:38:03.040+0000] {dagbag.py:538} INFO - Filling up the DagBag from /home/airflow/.local/lib/python3.8/site-packages/airflow/example_dags/example_nested_branch_dag.py
[2025-11-12T23:38:03.049+0000] {processor.py:840} INFO - DAG(s) 'example_nested_branch_dag' retrieved from /home/airflow/.local/lib/python3.8/site-packages/airflow/example_dags/example_nested_branch_dag.py
[2025-11-12T23:38:03.065+0000] {logging_mixin.py:188} INFO - [2025-11-12T23:38:03.065+0000] {dag.py:3036} INFO - Sync 1 DAGs
[2025-11-12T23:38:03.081+0000] {logging_mixin.py:188} INFO - [2025-11-12T23:38:03.081+0000] {dag.py:3823} INFO - Setting next_dagrun for example_nested_branch_dag to 2025-11-11 00:00:00+00:00, run_after=2025-11-12 00:00:00+00:00
[2025-11-12T23:38:03.093+0000] {processor.py:183} INFO - Processing /home/airflow/.local/lib/python3.8/site-packages/airflow/example_dags/example_nested_branch_dag.py took 0.057 seconds
[2025-11-12T23:38:33.326+0000] {processor.py:161} INFO - Started process (PID=758) to work on /home/airflow/.local/lib/python3.8/site-packages/airflow/example_dags/example_nested_branch_dag.py
[2025-11-12T23:38:33.326+0000] {processor.py:830} INFO - Processing file /home/airflow/.local/lib/python3.8/site-packages/airflow/example_dags/example_nested_branch_dag.py for tasks to queue
[2025-11-12T23:38:33.328+0000] {logging_mixin.py:188} INFO - [2025-11-12T23:38:33.327+0000] {dagbag.py:538} INFO - Filling up the DagBag from /home/airflow/.local/lib/python3.8/site-packages/airflow/example_dags/example_nested_branch_dag.py
[2025-11-12T23:38:33.337+0000] {processor.py:840} INFO - DAG(s) 'example_nested_branch_dag' retrieved from /home/airflow/.local/lib/python3.8/site-packages/airflow/example_dags/example_nested_branch_dag.py
[2025-11-12T23:38:33.355+0000] {logging_mixin.py:188} INFO - [2025-11-12T23:38:33.355+0000] {dag.py:3036} INFO - Sync 1 DAGs
[2025-11-12T23:38:33.371+0000] {logging_mixin.py:188} INFO - [2025-11-12T23:38:33.371+0000] {dag.py:3823} INFO - Setting next_dagrun for example_nested_branch_dag to 2025-11-11 00:00:00+00:00, run_after=2025-11-12 00:00:00+00:00
[2025-11-12T23:38:33.384+0000] {processor.py:183} INFO - Processing /home/airflow/.local/lib/python3.8/site-packages/airflow/example_dags/example_nested_branch_dag.py took 0.062 seconds
[2025-11-12T23:39:03.683+0000] {processor.py:161} INFO - Started process (PID=815) to work on /home/airflow/.local/lib/python3.8/site-packages/airflow/example_dags/example_nested_branch_dag.py
[2025-11-12T23:39:03.684+0000] {processor.py:830} INFO - Processing file /home/airflow/.local/lib/python3.8/site-packages/airflow/example_dags/example_nested_branch_dag.py for tasks to queue
[2025-11-12T23:39:03.685+0000] {logging_mixin.py:188} INFO - [2025-11-12T23:39:03.685+0000] {dagbag.py:538} INFO - Filling up the DagBag from /home/airflow/.local/lib/python3.8/site-packages/airflow/example_dags/example_nested_branch_dag.py
[2025-11-12T23:39:03.693+0000] {processor.py:840} INFO - DAG(s) 'example_nested_branch_dag' retrieved from /home/airflow/.local/lib/python3.8/site-packages/airflow/example_dags/example_nested_branch_dag.py
[2025-11-12T23:39:03.712+0000] {logging_mixin.py:188} INFO - [2025-11-12T23:39:03.711+0000] {dag.py:3036} INFO - Sync 1 DAGs
[2025-11-12T23:39:03.729+0000] {logging_mixin.py:188} INFO - [2025-11-12T23:39:03.729+0000] {dag.py:3823} INFO - Setting next_dagrun for example_nested_branch_dag to 2025-11-11 00:00:00+00:00, run_after=2025-11-12 00:00:00+00:00
[2025-11-12T23:39:03.742+0000] {processor.py:183} INFO - Processing /home/airflow/.local/lib/python3.8/site-packages/airflow/example_dags/example_nested_branch_dag.py took 0.062 seconds
[2025-11-12T23:39:34.060+0000] {processor.py:161} INFO - Started process (PID=872) to work on /home/airflow/.local/lib/python3.8/site-packages/airflow/example_dags/example_nested_branch_dag.py
[2025-11-12T23:39:34.061+0000] {processor.py:830} INFO - Processing file /home/airflow/.local/lib/python3.8/site-packages/airflow/example_dags/example_nested_branch_dag.py for tasks to queue
[2025-11-12T23:39:34.062+0000] {logging_mixin.py:188} INFO - [2025-11-12T23:39:34.062+0000] {dagbag.py:538} INFO - Filling up the DagBag from /home/airflow/.local/lib/python3.8/site-packages/airflow/example_dags/example_nested_branch_dag.py
[2025-11-12T23:39:34.070+0000] {processor.py:840} INFO - DAG(s) 'example_nested_branch_dag' retrieved from /home/airflow/.local/lib/python3.8/site-packages/airflow/example_dags/example_nested_branch_dag.py
[2025-11-12T23:39:34.085+0000] {logging_mixin.py:188} INFO - [2025-11-12T23:39:34.084+0000] {dag.py:3036} INFO - Sync 1 DAGs
[2025-11-12T23:39:34.100+0000] {logging_mixin.py:188} INFO - [2025-11-12T23:39:34.100+0000] {dag.py:3823} INFO - Setting next_dagrun for example_nested_branch_dag to 2025-11-11 00:00:00+00:00, run_after=2025-11-12 00:00:00+00:00
[2025-11-12T23:39:34.112+0000] {processor.py:183} INFO - Processing /home/airflow/.local/lib/python3.8/site-packages/airflow/example_dags/example_nested_branch_dag.py took 0.055 seconds
[2025-11-12T23:40:04.376+0000] {processor.py:161} INFO - Started process (PID=929) to work on /home/airflow/.local/lib/python3.8/site-packages/airflow/example_dags/example_nested_branch_dag.py
[2025-11-12T23:40:04.377+0000] {processor.py:830} INFO - Processing file /home/airflow/.local/lib/python3.8/site-packages/airflow/example_dags/example_nested_branch_dag.py for tasks to queue
[2025-11-12T23:40:04.378+0000] {logging_mixin.py:188} INFO - [2025-11-12T23:40:04.378+0000] {dagbag.py:538} INFO - Filling up the DagBag from /home/airflow/.local/lib/python3.8/site-packages/airflow/example_dags/example_nested_branch_dag.py
[2025-11-12T23:40:04.386+0000] {processor.py:840} INFO - DAG(s) 'example_nested_branch_dag' retrieved from /home/airflow/.local/lib/python3.8/site-packages/airflow/example_dags/example_nested_branch_dag.py
[2025-11-12T23:40:04.402+0000] {logging_mixin.py:188} INFO - [2025-11-12T23:40:04.402+0000] {dag.py:3036} INFO - Sync 1 DAGs
[2025-11-12T23:40:04.421+0000] {logging_mixin.py:188} INFO - [2025-11-12T23:40:04.421+0000] {dag.py:3823} INFO - Setting next_dagrun for example_nested_branch_dag to 2025-11-11 00:00:00+00:00, run_after=2025-11-12 00:00:00+00:00
[2025-11-12T23:40:04.435+0000] {processor.py:183} INFO - Processing /home/airflow/.local/lib/python3.8/site-packages/airflow/example_dags/example_nested_branch_dag.py took 0.061 seconds
[2025-11-12T23:40:34.527+0000] {processor.py:161} INFO - Started process (PID=986) to work on /home/airflow/.local/lib/python3.8/site-packages/airflow/example_dags/example_nested_branch_dag.py
[2025-11-12T23:40:34.528+0000] {processor.py:830} INFO - Processing file /home/airflow/.local/lib/python3.8/site-packages/airflow/example_dags/example_nested_branch_dag.py for tasks to queue
[2025-11-12T23:40:34.530+0000] {logging_mixin.py:188} INFO - [2025-11-12T23:40:34.530+0000] {dagbag.py:538} INFO - Filling up the DagBag from /home/airflow/.local/lib/python3.8/site-packages/airflow/example_dags/example_nested_branch_dag.py
[2025-11-12T23:40:34.538+0000] {processor.py:840} INFO - DAG(s) 'example_nested_branch_dag' retrieved from /home/airflow/.local/lib/python3.8/site-packages/airflow/example_dags/example_nested_branch_dag.py
[2025-11-12T23:40:34.554+0000] {logging_mixin.py:188} INFO - [2025-11-12T23:40:34.554+0000] {dag.py:3036} INFO - Sync 1 DAGs
[2025-11-12T23:40:34.571+0000] {logging_mixin.py:188} INFO - [2025-11-12T23:40:34.571+0000] {dag.py:3823} INFO - Setting next_dagrun for example_nested_branch_dag to 2025-11-11 00:00:00+00:00, run_after=2025-11-12 00:00:00+00:00
[2025-11-12T23:40:34.584+0000] {processor.py:183} INFO - Processing /home/airflow/.local/lib/python3.8/site-packages/airflow/example_dags/example_nested_branch_dag.py took 0.059 seconds
[2025-11-12T23:41:04.758+0000] {processor.py:161} INFO - Started process (PID=1043) to work on /home/airflow/.local/lib/python3.8/site-packages/airflow/example_dags/example_nested_branch_dag.py
[2025-11-12T23:41:04.759+0000] {processor.py:830} INFO - Processing file /home/airflow/.local/lib/python3.8/site-packages/airflow/example_dags/example_nested_branch_dag.py for tasks to queue
[2025-11-12T23:41:04.760+0000] {logging_mixin.py:188} INFO - [2025-11-12T23:41:04.760+0000] {dagbag.py:538} INFO - Filling up the DagBag from /home/airflow/.local/lib/python3.8/site-packages/airflow/example_dags/example_nested_branch_dag.py
[2025-11-12T23:41:04.770+0000] {processor.py:840} INFO - DAG(s) 'example_nested_branch_dag' retrieved from /home/airflow/.local/lib/python3.8/site-packages/airflow/example_dags/example_nested_branch_dag.py
[2025-11-12T23:41:04.787+0000] {logging_mixin.py:188} INFO - [2025-11-12T23:41:04.787+0000] {dag.py:3036} INFO - Sync 1 DAGs
[2025-11-12T23:41:04.804+0000] {logging_mixin.py:188} INFO - [2025-11-12T23:41:04.804+0000] {dag.py:3823} INFO - Setting next_dagrun for example_nested_branch_dag to 2025-11-11 00:00:00+00:00, run_after=2025-11-12 00:00:00+00:00
[2025-11-12T23:41:04.818+0000] {processor.py:183} INFO - Processing /home/airflow/.local/lib/python3.8/site-packages/airflow/example_dags/example_nested_branch_dag.py took 0.063 seconds
[2025-11-12T23:41:34.961+0000] {processor.py:161} INFO - Started process (PID=1100) to work on /home/airflow/.local/lib/python3.8/site-packages/airflow/example_dags/example_nested_branch_dag.py
[2025-11-12T23:41:34.962+0000] {processor.py:830} INFO - Processing file /home/airflow/.local/lib/python3.8/site-packages/airflow/example_dags/example_nested_branch_dag.py for tasks to queue
[2025-11-12T23:41:34.963+0000] {logging_mixin.py:188} INFO - [2025-11-12T23:41:34.963+0000] {dagbag.py:538} INFO - Filling up the DagBag from /home/airflow/.local/lib/python3.8/site-packages/airflow/example_dags/example_nested_branch_dag.py
[2025-11-12T23:41:34.971+0000] {processor.py:840} INFO - DAG(s) 'example_nested_branch_dag' retrieved from /home/airflow/.local/lib/python3.8/site-packages/airflow/example_dags/example_nested_branch_dag.py
[2025-11-12T23:41:34.988+0000] {logging_mixin.py:188} INFO - [2025-11-12T23:41:34.988+0000] {dag.py:3036} INFO - Sync 1 DAGs
[2025-11-12T23:41:35.004+0000] {logging_mixin.py:188} INFO - [2025-11-12T23:41:35.004+0000] {dag.py:3823} INFO - Setting next_dagrun for example_nested_branch_dag to 2025-11-11 00:00:00+00:00, run_after=2025-11-12 00:00:00+00:00
[2025-11-12T23:41:35.016+0000] {processor.py:183} INFO - Processing /home/airflow/.local/lib/python3.8/site-packages/airflow/example_dags/example_nested_branch_dag.py took 0.057 seconds
[2025-11-12T23:42:05.189+0000] {processor.py:161} INFO - Started process (PID=1157) to work on /home/airflow/.local/lib/python3.8/site-packages/airflow/example_dags/example_nested_branch_dag.py
[2025-11-12T23:42:05.190+0000] {processor.py:830} INFO - Processing file /home/airflow/.local/lib/python3.8/site-packages/airflow/example_dags/example_nested_branch_dag.py for tasks to queue
[2025-11-12T23:42:05.191+0000] {logging_mixin.py:188} INFO - [2025-11-12T23:42:05.191+0000] {dagbag.py:538} INFO - Filling up the DagBag from /home/airflow/.local/lib/python3.8/site-packages/airflow/example_dags/example_nested_branch_dag.py
[2025-11-12T23:42:05.198+0000] {processor.py:840} INFO - DAG(s) 'example_nested_branch_dag' retrieved from /home/airflow/.local/lib/python3.8/site-packages/airflow/example_dags/example_nested_branch_dag.py
[2025-11-12T23:42:05.214+0000] {logging_mixin.py:188} INFO - [2025-11-12T23:42:05.214+0000] {dag.py:3036} INFO - Sync 1 DAGs
[2025-11-12T23:42:05.233+0000] {logging_mixin.py:188} INFO - [2025-11-12T23:42:05.233+0000] {dag.py:3823} INFO - Setting next_dagrun for example_nested_branch_dag to 2025-11-11 00:00:00+00:00, run_after=2025-11-12 00:00:00+00:00
[2025-11-12T23:42:05.248+0000] {processor.py:183} INFO - Processing /home/airflow/.local/lib/python3.8/site-packages/airflow/example_dags/example_nested_branch_dag.py took 0.062 seconds
[2025-11-12T23:42:35.364+0000] {processor.py:161} INFO - Started process (PID=1214) to work on /home/airflow/.local/lib/python3.8/site-packages/airflow/example_dags/example_nested_branch_dag.py
[2025-11-12T23:42:35.365+0000] {processor.py:830} INFO - Processing file /home/airflow/.local/lib/python3.8/site-packages/airflow/example_dags/example_nested_branch_dag.py for tasks to queue
[2025-11-12T23:42:35.366+0000] {logging_mixin.py:188} INFO - [2025-11-12T23:42:35.366+0000] {dagbag.py:538} INFO - Filling up the DagBag from /home/airflow/.local/lib/python3.8/site-packages/airflow/example_dags/example_nested_branch_dag.py
[2025-11-12T23:42:35.374+0000] {processor.py:840} INFO - DAG(s) 'example_nested_branch_dag' retrieved from /home/airflow/.local/lib/python3.8/site-packages/airflow/example_dags/example_nested_branch_dag.py
[2025-11-12T23:42:35.392+0000] {logging_mixin.py:188} INFO - [2025-11-12T23:42:35.391+0000] {dag.py:3036} INFO - Sync 1 DAGs
[2025-11-12T23:42:35.409+0000] {logging_mixin.py:188} INFO - [2025-11-12T23:42:35.409+0000] {dag.py:3823} INFO - Setting next_dagrun for example_nested_branch_dag to 2025-11-11 00:00:00+00:00, run_after=2025-11-12 00:00:00+00:00
[2025-11-12T23:42:35.425+0000] {processor.py:183} INFO - Processing /home/airflow/.local/lib/python3.8/site-packages/airflow/example_dags/example_nested_branch_dag.py took 0.063 seconds
[2025-11-12T23:43:05.703+0000] {processor.py:161} INFO - Started process (PID=1271) to work on /home/airflow/.local/lib/python3.8/site-packages/airflow/example_dags/example_nested_branch_dag.py
[2025-11-12T23:43:05.704+0000] {processor.py:830} INFO - Processing file /home/airflow/.local/lib/python3.8/site-packages/airflow/example_dags/example_nested_branch_dag.py for tasks to queue
[2025-11-12T23:43:05.705+0000] {logging_mixin.py:188} INFO - [2025-11-12T23:43:05.705+0000] {dagbag.py:538} INFO - Filling up the DagBag from /home/airflow/.local/lib/python3.8/site-packages/airflow/example_dags/example_nested_branch_dag.py
[2025-11-12T23:43:05.713+0000] {processor.py:840} INFO - DAG(s) 'example_nested_branch_dag' retrieved from /home/airflow/.local/lib/python3.8/site-packages/airflow/example_dags/example_nested_branch_dag.py
[2025-11-12T23:43:05.729+0000] {logging_mixin.py:188} INFO - [2025-11-12T23:43:05.729+0000] {dag.py:3036} INFO - Sync 1 DAGs
[2025-11-12T23:43:05.746+0000] {logging_mixin.py:188} INFO - [2025-11-12T23:43:05.746+0000] {dag.py:3823} INFO - Setting next_dagrun for example_nested_branch_dag to 2025-11-11 00:00:00+00:00, run_after=2025-11-12 00:00:00+00:00
[2025-11-12T23:43:05.759+0000] {processor.py:183} INFO - Processing /home/airflow/.local/lib/python3.8/site-packages/airflow/example_dags/example_nested_branch_dag.py took 0.058 seconds
[2025-11-12T23:43:35.932+0000] {processor.py:161} INFO - Started process (PID=1328) to work on /home/airflow/.local/lib/python3.8/site-packages/airflow/example_dags/example_nested_branch_dag.py
[2025-11-12T23:43:35.932+0000] {processor.py:830} INFO - Processing file /home/airflow/.local/lib/python3.8/site-packages/airflow/example_dags/example_nested_branch_dag.py for tasks to queue
[2025-11-12T23:43:35.934+0000] {logging_mixin.py:188} INFO - [2025-11-12T23:43:35.933+0000] {dagbag.py:538} INFO - Filling up the DagBag from /home/airflow/.local/lib/python3.8/site-packages/airflow/example_dags/example_nested_branch_dag.py
[2025-11-12T23:43:35.941+0000] {processor.py:840} INFO - DAG(s) 'example_nested_branch_dag' retrieved from /home/airflow/.local/lib/python3.8/site-packages/airflow/example_dags/example_nested_branch_dag.py
[2025-11-12T23:43:35.959+0000] {logging_mixin.py:188} INFO - [2025-11-12T23:43:35.959+0000] {dag.py:3036} INFO - Sync 1 DAGs
[2025-11-12T23:43:35.978+0000] {logging_mixin.py:188} INFO - [2025-11-12T23:43:35.978+0000] {dag.py:3823} INFO - Setting next_dagrun for example_nested_branch_dag to 2025-11-11 00:00:00+00:00, run_after=2025-11-12 00:00:00+00:00
[2025-11-12T23:43:35.992+0000] {processor.py:183} INFO - Processing /home/airflow/.local/lib/python3.8/site-packages/airflow/example_dags/example_nested_branch_dag.py took 0.064 seconds
[2025-11-12T23:44:06.289+0000] {processor.py:161} INFO - Started process (PID=1385) to work on /home/airflow/.local/lib/python3.8/site-packages/airflow/example_dags/example_nested_branch_dag.py
[2025-11-12T23:44:06.290+0000] {processor.py:830} INFO - Processing file /home/airflow/.local/lib/python3.8/site-packages/airflow/example_dags/example_nested_branch_dag.py for tasks to queue
[2025-11-12T23:44:06.291+0000] {logging_mixin.py:188} INFO - [2025-11-12T23:44:06.291+0000] {dagbag.py:538} INFO - Filling up the DagBag from /home/airflow/.local/lib/python3.8/site-packages/airflow/example_dags/example_nested_branch_dag.py
[2025-11-12T23:44:06.299+0000] {processor.py:840} INFO - DAG(s) 'example_nested_branch_dag' retrieved from /home/airflow/.local/lib/python3.8/site-packages/airflow/example_dags/example_nested_branch_dag.py
[2025-11-12T23:44:06.314+0000] {logging_mixin.py:188} INFO - [2025-11-12T23:44:06.314+0000] {dag.py:3036} INFO - Sync 1 DAGs
[2025-11-12T23:44:06.331+0000] {logging_mixin.py:188} INFO - [2025-11-12T23:44:06.330+0000] {dag.py:3823} INFO - Setting next_dagrun for example_nested_branch_dag to 2025-11-11 00:00:00+00:00, run_after=2025-11-12 00:00:00+00:00
[2025-11-12T23:44:06.348+0000] {processor.py:183} INFO - Processing /home/airflow/.local/lib/python3.8/site-packages/airflow/example_dags/example_nested_branch_dag.py took 0.061 seconds
[2025-11-12T23:44:36.493+0000] {processor.py:161} INFO - Started process (PID=1442) to work on /home/airflow/.local/lib/python3.8/site-packages/airflow/example_dags/example_nested_branch_dag.py
[2025-11-12T23:44:36.494+0000] {processor.py:830} INFO - Processing file /home/airflow/.local/lib/python3.8/site-packages/airflow/example_dags/example_nested_branch_dag.py for tasks to queue
[2025-11-12T23:44:36.496+0000] {logging_mixin.py:188} INFO - [2025-11-12T23:44:36.495+0000] {dagbag.py:538} INFO - Filling up the DagBag from /home/airflow/.local/lib/python3.8/site-packages/airflow/example_dags/example_nested_branch_dag.py
[2025-11-12T23:44:36.503+0000] {processor.py:840} INFO - DAG(s) 'example_nested_branch_dag' retrieved from /home/airflow/.local/lib/python3.8/site-packages/airflow/example_dags/example_nested_branch_dag.py
[2025-11-12T23:44:36.519+0000] {logging_mixin.py:188} INFO - [2025-11-12T23:44:36.519+0000] {dag.py:3036} INFO - Sync 1 DAGs
[2025-11-12T23:44:36.536+0000] {logging_mixin.py:188} INFO - [2025-11-12T23:44:36.536+0000] {dag.py:3823} INFO - Setting next_dagrun for example_nested_branch_dag to 2025-11-11 00:00:00+00:00, run_after=2025-11-12 00:00:00+00:00
[2025-11-12T23:44:36.548+0000] {processor.py:183} INFO - Processing /home/airflow/.local/lib/python3.8/site-packages/airflow/example_dags/example_nested_branch_dag.py took 0.057 seconds
[2025-11-12T23:45:06.737+0000] {processor.py:161} INFO - Started process (PID=1498) to work on /home/airflow/.local/lib/python3.8/site-packages/airflow/example_dags/example_nested_branch_dag.py
[2025-11-12T23:45:06.738+0000] {processor.py:830} INFO - Processing file /home/airflow/.local/lib/python3.8/site-packages/airflow/example_dags/example_nested_branch_dag.py for tasks to queue
[2025-11-12T23:45:06.739+0000] {logging_mixin.py:188} INFO - [2025-11-12T23:45:06.739+0000] {dagbag.py:538} INFO - Filling up the DagBag from /home/airflow/.local/lib/python3.8/site-packages/airflow/example_dags/example_nested_branch_dag.py
[2025-11-12T23:45:06.747+0000] {processor.py:840} INFO - DAG(s) 'example_nested_branch_dag' retrieved from /home/airflow/.local/lib/python3.8/site-packages/airflow/example_dags/example_nested_branch_dag.py
[2025-11-12T23:45:06.763+0000] {logging_mixin.py:188} INFO - [2025-11-12T23:45:06.763+0000] {dag.py:3036} INFO - Sync 1 DAGs
[2025-11-12T23:45:06.779+0000] {logging_mixin.py:188} INFO - [2025-11-12T23:45:06.779+0000] {dag.py:3823} INFO - Setting next_dagrun for example_nested_branch_dag to 2025-11-11 00:00:00+00:00, run_after=2025-11-12 00:00:00+00:00
[2025-11-12T23:45:06.791+0000] {processor.py:183} INFO - Processing /home/airflow/.local/lib/python3.8/site-packages/airflow/example_dags/example_nested_branch_dag.py took 0.057 seconds
[2025-11-12T23:45:36.934+0000] {processor.py:161} INFO - Started process (PID=1555) to work on /home/airflow/.local/lib/python3.8/site-packages/airflow/example_dags/example_nested_branch_dag.py
[2025-11-12T23:45:36.935+0000] {processor.py:830} INFO - Processing file /home/airflow/.local/lib/python3.8/site-packages/airflow/example_dags/example_nested_branch_dag.py for tasks to queue
[2025-11-12T23:45:36.936+0000] {logging_mixin.py:188} INFO - [2025-11-12T23:45:36.936+0000] {dagbag.py:538} INFO - Filling up the DagBag from /home/airflow/.local/lib/python3.8/site-packages/airflow/example_dags/example_nested_branch_dag.py
[2025-11-12T23:45:36.944+0000] {processor.py:840} INFO - DAG(s) 'example_nested_branch_dag' retrieved from /home/airflow/.local/lib/python3.8/site-packages/airflow/example_dags/example_nested_branch_dag.py
[2025-11-12T23:45:36.960+0000] {logging_mixin.py:188} INFO - [2025-11-12T23:45:36.960+0000] {dag.py:3036} INFO - Sync 1 DAGs
[2025-11-12T23:45:36.977+0000] {logging_mixin.py:188} INFO - [2025-11-12T23:45:36.977+0000] {dag.py:3823} INFO - Setting next_dagrun for example_nested_branch_dag to 2025-11-11 00:00:00+00:00, run_after=2025-11-12 00:00:00+00:00
[2025-11-12T23:45:36.990+0000] {processor.py:183} INFO - Processing /home/airflow/.local/lib/python3.8/site-packages/airflow/example_dags/example_nested_branch_dag.py took 0.058 seconds
