[2025-11-12T23:32:29.386+0000] {processor.py:161} INFO - Started process (PID=91) to work on /home/airflow/.local/lib/python3.8/site-packages/airflow/example_dags/example_task_group.py
[2025-11-12T23:32:29.387+0000] {processor.py:830} INFO - Processing file /home/airflow/.local/lib/python3.8/site-packages/airflow/example_dags/example_task_group.py for tasks to queue
[2025-11-12T23:32:29.388+0000] {logging_mixin.py:188} INFO - [2025-11-12T23:32:29.388+0000] {dagbag.py:538} INFO - Filling up the DagBag from /home/airflow/.local/lib/python3.8/site-packages/airflow/example_dags/example_task_group.py
[2025-11-12T23:32:29.394+0000] {processor.py:840} INFO - DAG(s) 'example_task_group' retrieved from /home/airflow/.local/lib/python3.8/site-packages/airflow/example_dags/example_task_group.py
[2025-11-12T23:32:29.476+0000] {logging_mixin.py:188} INFO - [2025-11-12T23:32:29.476+0000] {override.py:1769} INFO - Created Permission View: can delete on DAG:example_task_group
[2025-11-12T23:32:29.485+0000] {logging_mixin.py:188} INFO - [2025-11-12T23:32:29.485+0000] {override.py:1769} INFO - Created Permission View: can edit on DAG:example_task_group
[2025-11-12T23:32:29.490+0000] {logging_mixin.py:188} INFO - [2025-11-12T23:32:29.490+0000] {override.py:1769} INFO - Created Permission View: can read on DAG:example_task_group
[2025-11-12T23:32:29.490+0000] {logging_mixin.py:188} INFO - [2025-11-12T23:32:29.490+0000] {dag.py:3036} INFO - Sync 1 DAGs
[2025-11-12T23:32:29.499+0000] {logging_mixin.py:188} INFO - [2025-11-12T23:32:29.499+0000] {dag.py:3058} INFO - Creating ORM DAG for example_task_group
[2025-11-12T23:32:29.507+0000] {logging_mixin.py:188} INFO - [2025-11-12T23:32:29.506+0000] {dag.py:3823} INFO - Setting next_dagrun for example_task_group to 2025-11-11 00:00:00+00:00, run_after=2025-11-12 00:00:00+00:00
[2025-11-12T23:32:29.518+0000] {processor.py:183} INFO - Processing /home/airflow/.local/lib/python3.8/site-packages/airflow/example_dags/example_task_group.py took 0.134 seconds
[2025-11-12T23:33:00.301+0000] {processor.py:161} INFO - Started process (PID=148) to work on /home/airflow/.local/lib/python3.8/site-packages/airflow/example_dags/example_task_group.py
[2025-11-12T23:33:00.302+0000] {processor.py:830} INFO - Processing file /home/airflow/.local/lib/python3.8/site-packages/airflow/example_dags/example_task_group.py for tasks to queue
[2025-11-12T23:33:00.303+0000] {logging_mixin.py:188} INFO - [2025-11-12T23:33:00.303+0000] {dagbag.py:538} INFO - Filling up the DagBag from /home/airflow/.local/lib/python3.8/site-packages/airflow/example_dags/example_task_group.py
[2025-11-12T23:33:00.309+0000] {processor.py:840} INFO - DAG(s) 'example_task_group' retrieved from /home/airflow/.local/lib/python3.8/site-packages/airflow/example_dags/example_task_group.py
[2025-11-12T23:33:00.326+0000] {logging_mixin.py:188} INFO - [2025-11-12T23:33:00.326+0000] {dag.py:3036} INFO - Sync 1 DAGs
[2025-11-12T23:33:00.348+0000] {logging_mixin.py:188} INFO - [2025-11-12T23:33:00.348+0000] {dag.py:3823} INFO - Setting next_dagrun for example_task_group to 2025-11-11 00:00:00+00:00, run_after=2025-11-12 00:00:00+00:00
[2025-11-12T23:33:00.364+0000] {processor.py:183} INFO - Processing /home/airflow/.local/lib/python3.8/site-packages/airflow/example_dags/example_task_group.py took 0.066 seconds
[2025-11-12T23:33:30.476+0000] {processor.py:161} INFO - Started process (PID=205) to work on /home/airflow/.local/lib/python3.8/site-packages/airflow/example_dags/example_task_group.py
[2025-11-12T23:33:30.477+0000] {processor.py:830} INFO - Processing file /home/airflow/.local/lib/python3.8/site-packages/airflow/example_dags/example_task_group.py for tasks to queue
[2025-11-12T23:33:30.479+0000] {logging_mixin.py:188} INFO - [2025-11-12T23:33:30.478+0000] {dagbag.py:538} INFO - Filling up the DagBag from /home/airflow/.local/lib/python3.8/site-packages/airflow/example_dags/example_task_group.py
[2025-11-12T23:33:30.485+0000] {processor.py:840} INFO - DAG(s) 'example_task_group' retrieved from /home/airflow/.local/lib/python3.8/site-packages/airflow/example_dags/example_task_group.py
[2025-11-12T23:33:30.501+0000] {logging_mixin.py:188} INFO - [2025-11-12T23:33:30.501+0000] {dag.py:3036} INFO - Sync 1 DAGs
[2025-11-12T23:33:30.517+0000] {logging_mixin.py:188} INFO - [2025-11-12T23:33:30.517+0000] {dag.py:3823} INFO - Setting next_dagrun for example_task_group to 2025-11-11 00:00:00+00:00, run_after=2025-11-12 00:00:00+00:00
[2025-11-12T23:33:30.530+0000] {processor.py:183} INFO - Processing /home/airflow/.local/lib/python3.8/site-packages/airflow/example_dags/example_task_group.py took 0.056 seconds
[2025-11-12T23:34:00.771+0000] {processor.py:161} INFO - Started process (PID=262) to work on /home/airflow/.local/lib/python3.8/site-packages/airflow/example_dags/example_task_group.py
[2025-11-12T23:34:00.772+0000] {processor.py:830} INFO - Processing file /home/airflow/.local/lib/python3.8/site-packages/airflow/example_dags/example_task_group.py for tasks to queue
[2025-11-12T23:34:00.773+0000] {logging_mixin.py:188} INFO - [2025-11-12T23:34:00.773+0000] {dagbag.py:538} INFO - Filling up the DagBag from /home/airflow/.local/lib/python3.8/site-packages/airflow/example_dags/example_task_group.py
[2025-11-12T23:34:00.779+0000] {processor.py:840} INFO - DAG(s) 'example_task_group' retrieved from /home/airflow/.local/lib/python3.8/site-packages/airflow/example_dags/example_task_group.py
[2025-11-12T23:34:00.795+0000] {logging_mixin.py:188} INFO - [2025-11-12T23:34:00.794+0000] {dag.py:3036} INFO - Sync 1 DAGs
[2025-11-12T23:34:00.810+0000] {logging_mixin.py:188} INFO - [2025-11-12T23:34:00.810+0000] {dag.py:3823} INFO - Setting next_dagrun for example_task_group to 2025-11-11 00:00:00+00:00, run_after=2025-11-12 00:00:00+00:00
[2025-11-12T23:34:00.823+0000] {processor.py:183} INFO - Processing /home/airflow/.local/lib/python3.8/site-packages/airflow/example_dags/example_task_group.py took 0.054 seconds
[2025-11-12T23:34:30.947+0000] {processor.py:161} INFO - Started process (PID=319) to work on /home/airflow/.local/lib/python3.8/site-packages/airflow/example_dags/example_task_group.py
[2025-11-12T23:34:30.948+0000] {processor.py:830} INFO - Processing file /home/airflow/.local/lib/python3.8/site-packages/airflow/example_dags/example_task_group.py for tasks to queue
[2025-11-12T23:34:30.949+0000] {logging_mixin.py:188} INFO - [2025-11-12T23:34:30.949+0000] {dagbag.py:538} INFO - Filling up the DagBag from /home/airflow/.local/lib/python3.8/site-packages/airflow/example_dags/example_task_group.py
[2025-11-12T23:34:30.955+0000] {processor.py:840} INFO - DAG(s) 'example_task_group' retrieved from /home/airflow/.local/lib/python3.8/site-packages/airflow/example_dags/example_task_group.py
[2025-11-12T23:34:30.973+0000] {logging_mixin.py:188} INFO - [2025-11-12T23:34:30.972+0000] {dag.py:3036} INFO - Sync 1 DAGs
[2025-11-12T23:34:30.991+0000] {logging_mixin.py:188} INFO - [2025-11-12T23:34:30.991+0000] {dag.py:3823} INFO - Setting next_dagrun for example_task_group to 2025-11-11 00:00:00+00:00, run_after=2025-11-12 00:00:00+00:00
[2025-11-12T23:34:31.005+0000] {processor.py:183} INFO - Processing /home/airflow/.local/lib/python3.8/site-packages/airflow/example_dags/example_task_group.py took 0.061 seconds
[2025-11-12T23:35:01.947+0000] {processor.py:161} INFO - Started process (PID=376) to work on /home/airflow/.local/lib/python3.8/site-packages/airflow/example_dags/example_task_group.py
[2025-11-12T23:35:01.948+0000] {processor.py:830} INFO - Processing file /home/airflow/.local/lib/python3.8/site-packages/airflow/example_dags/example_task_group.py for tasks to queue
[2025-11-12T23:35:01.949+0000] {logging_mixin.py:188} INFO - [2025-11-12T23:35:01.949+0000] {dagbag.py:538} INFO - Filling up the DagBag from /home/airflow/.local/lib/python3.8/site-packages/airflow/example_dags/example_task_group.py
[2025-11-12T23:35:01.954+0000] {processor.py:840} INFO - DAG(s) 'example_task_group' retrieved from /home/airflow/.local/lib/python3.8/site-packages/airflow/example_dags/example_task_group.py
[2025-11-12T23:35:01.971+0000] {logging_mixin.py:188} INFO - [2025-11-12T23:35:01.971+0000] {dag.py:3036} INFO - Sync 1 DAGs
[2025-11-12T23:35:01.988+0000] {logging_mixin.py:188} INFO - [2025-11-12T23:35:01.988+0000] {dag.py:3823} INFO - Setting next_dagrun for example_task_group to 2025-11-11 00:00:00+00:00, run_after=2025-11-12 00:00:00+00:00
[2025-11-12T23:35:02.000+0000] {processor.py:183} INFO - Processing /home/airflow/.local/lib/python3.8/site-packages/airflow/example_dags/example_task_group.py took 0.056 seconds
[2025-11-12T23:35:32.287+0000] {processor.py:161} INFO - Started process (PID=433) to work on /home/airflow/.local/lib/python3.8/site-packages/airflow/example_dags/example_task_group.py
[2025-11-12T23:35:32.287+0000] {processor.py:830} INFO - Processing file /home/airflow/.local/lib/python3.8/site-packages/airflow/example_dags/example_task_group.py for tasks to queue
[2025-11-12T23:35:32.289+0000] {logging_mixin.py:188} INFO - [2025-11-12T23:35:32.288+0000] {dagbag.py:538} INFO - Filling up the DagBag from /home/airflow/.local/lib/python3.8/site-packages/airflow/example_dags/example_task_group.py
[2025-11-12T23:35:32.295+0000] {processor.py:840} INFO - DAG(s) 'example_task_group' retrieved from /home/airflow/.local/lib/python3.8/site-packages/airflow/example_dags/example_task_group.py
[2025-11-12T23:35:32.313+0000] {logging_mixin.py:188} INFO - [2025-11-12T23:35:32.312+0000] {dag.py:3036} INFO - Sync 1 DAGs
[2025-11-12T23:35:32.329+0000] {logging_mixin.py:188} INFO - [2025-11-12T23:35:32.328+0000] {dag.py:3823} INFO - Setting next_dagrun for example_task_group to 2025-11-11 00:00:00+00:00, run_after=2025-11-12 00:00:00+00:00
[2025-11-12T23:35:32.342+0000] {processor.py:183} INFO - Processing /home/airflow/.local/lib/python3.8/site-packages/airflow/example_dags/example_task_group.py took 0.058 seconds
[2025-11-12T23:36:02.574+0000] {processor.py:161} INFO - Started process (PID=490) to work on /home/airflow/.local/lib/python3.8/site-packages/airflow/example_dags/example_task_group.py
[2025-11-12T23:36:02.575+0000] {processor.py:830} INFO - Processing file /home/airflow/.local/lib/python3.8/site-packages/airflow/example_dags/example_task_group.py for tasks to queue
[2025-11-12T23:36:02.576+0000] {logging_mixin.py:188} INFO - [2025-11-12T23:36:02.576+0000] {dagbag.py:538} INFO - Filling up the DagBag from /home/airflow/.local/lib/python3.8/site-packages/airflow/example_dags/example_task_group.py
[2025-11-12T23:36:02.581+0000] {processor.py:840} INFO - DAG(s) 'example_task_group' retrieved from /home/airflow/.local/lib/python3.8/site-packages/airflow/example_dags/example_task_group.py
[2025-11-12T23:36:02.597+0000] {logging_mixin.py:188} INFO - [2025-11-12T23:36:02.597+0000] {dag.py:3036} INFO - Sync 1 DAGs
[2025-11-12T23:36:02.613+0000] {logging_mixin.py:188} INFO - [2025-11-12T23:36:02.613+0000] {dag.py:3823} INFO - Setting next_dagrun for example_task_group to 2025-11-11 00:00:00+00:00, run_after=2025-11-12 00:00:00+00:00
[2025-11-12T23:36:02.626+0000] {processor.py:183} INFO - Processing /home/airflow/.local/lib/python3.8/site-packages/airflow/example_dags/example_task_group.py took 0.053 seconds
[2025-11-12T23:36:32.977+0000] {processor.py:161} INFO - Started process (PID=547) to work on /home/airflow/.local/lib/python3.8/site-packages/airflow/example_dags/example_task_group.py
[2025-11-12T23:36:32.978+0000] {processor.py:830} INFO - Processing file /home/airflow/.local/lib/python3.8/site-packages/airflow/example_dags/example_task_group.py for tasks to queue
[2025-11-12T23:36:32.979+0000] {logging_mixin.py:188} INFO - [2025-11-12T23:36:32.979+0000] {dagbag.py:538} INFO - Filling up the DagBag from /home/airflow/.local/lib/python3.8/site-packages/airflow/example_dags/example_task_group.py
[2025-11-12T23:36:32.985+0000] {processor.py:840} INFO - DAG(s) 'example_task_group' retrieved from /home/airflow/.local/lib/python3.8/site-packages/airflow/example_dags/example_task_group.py
[2025-11-12T23:36:33.001+0000] {logging_mixin.py:188} INFO - [2025-11-12T23:36:33.001+0000] {dag.py:3036} INFO - Sync 1 DAGs
[2025-11-12T23:36:33.018+0000] {logging_mixin.py:188} INFO - [2025-11-12T23:36:33.018+0000] {dag.py:3823} INFO - Setting next_dagrun for example_task_group to 2025-11-11 00:00:00+00:00, run_after=2025-11-12 00:00:00+00:00
[2025-11-12T23:36:33.030+0000] {processor.py:183} INFO - Processing /home/airflow/.local/lib/python3.8/site-packages/airflow/example_dags/example_task_group.py took 0.055 seconds
[2025-11-12T23:37:03.442+0000] {processor.py:161} INFO - Started process (PID=604) to work on /home/airflow/.local/lib/python3.8/site-packages/airflow/example_dags/example_task_group.py
[2025-11-12T23:37:03.443+0000] {processor.py:830} INFO - Processing file /home/airflow/.local/lib/python3.8/site-packages/airflow/example_dags/example_task_group.py for tasks to queue
[2025-11-12T23:37:03.444+0000] {logging_mixin.py:188} INFO - [2025-11-12T23:37:03.444+0000] {dagbag.py:538} INFO - Filling up the DagBag from /home/airflow/.local/lib/python3.8/site-packages/airflow/example_dags/example_task_group.py
[2025-11-12T23:37:03.450+0000] {processor.py:840} INFO - DAG(s) 'example_task_group' retrieved from /home/airflow/.local/lib/python3.8/site-packages/airflow/example_dags/example_task_group.py
[2025-11-12T23:37:03.466+0000] {logging_mixin.py:188} INFO - [2025-11-12T23:37:03.466+0000] {dag.py:3036} INFO - Sync 1 DAGs
[2025-11-12T23:37:03.483+0000] {logging_mixin.py:188} INFO - [2025-11-12T23:37:03.483+0000] {dag.py:3823} INFO - Setting next_dagrun for example_task_group to 2025-11-11 00:00:00+00:00, run_after=2025-11-12 00:00:00+00:00
[2025-11-12T23:37:03.497+0000] {processor.py:183} INFO - Processing /home/airflow/.local/lib/python3.8/site-packages/airflow/example_dags/example_task_group.py took 0.058 seconds
[2025-11-12T23:37:34.450+0000] {processor.py:161} INFO - Started process (PID=661) to work on /home/airflow/.local/lib/python3.8/site-packages/airflow/example_dags/example_task_group.py
[2025-11-12T23:37:34.451+0000] {processor.py:830} INFO - Processing file /home/airflow/.local/lib/python3.8/site-packages/airflow/example_dags/example_task_group.py for tasks to queue
[2025-11-12T23:37:34.452+0000] {logging_mixin.py:188} INFO - [2025-11-12T23:37:34.452+0000] {dagbag.py:538} INFO - Filling up the DagBag from /home/airflow/.local/lib/python3.8/site-packages/airflow/example_dags/example_task_group.py
[2025-11-12T23:37:34.457+0000] {processor.py:840} INFO - DAG(s) 'example_task_group' retrieved from /home/airflow/.local/lib/python3.8/site-packages/airflow/example_dags/example_task_group.py
[2025-11-12T23:37:34.474+0000] {logging_mixin.py:188} INFO - [2025-11-12T23:37:34.474+0000] {dag.py:3036} INFO - Sync 1 DAGs
[2025-11-12T23:37:34.491+0000] {logging_mixin.py:188} INFO - [2025-11-12T23:37:34.491+0000] {dag.py:3823} INFO - Setting next_dagrun for example_task_group to 2025-11-11 00:00:00+00:00, run_after=2025-11-12 00:00:00+00:00
[2025-11-12T23:37:34.503+0000] {processor.py:183} INFO - Processing /home/airflow/.local/lib/python3.8/site-packages/airflow/example_dags/example_task_group.py took 0.055 seconds
[2025-11-12T23:38:04.742+0000] {processor.py:161} INFO - Started process (PID=718) to work on /home/airflow/.local/lib/python3.8/site-packages/airflow/example_dags/example_task_group.py
[2025-11-12T23:38:04.743+0000] {processor.py:830} INFO - Processing file /home/airflow/.local/lib/python3.8/site-packages/airflow/example_dags/example_task_group.py for tasks to queue
[2025-11-12T23:38:04.744+0000] {logging_mixin.py:188} INFO - [2025-11-12T23:38:04.744+0000] {dagbag.py:538} INFO - Filling up the DagBag from /home/airflow/.local/lib/python3.8/site-packages/airflow/example_dags/example_task_group.py
[2025-11-12T23:38:04.749+0000] {processor.py:840} INFO - DAG(s) 'example_task_group' retrieved from /home/airflow/.local/lib/python3.8/site-packages/airflow/example_dags/example_task_group.py
[2025-11-12T23:38:04.766+0000] {logging_mixin.py:188} INFO - [2025-11-12T23:38:04.766+0000] {dag.py:3036} INFO - Sync 1 DAGs
[2025-11-12T23:38:04.783+0000] {logging_mixin.py:188} INFO - [2025-11-12T23:38:04.783+0000] {dag.py:3823} INFO - Setting next_dagrun for example_task_group to 2025-11-11 00:00:00+00:00, run_after=2025-11-12 00:00:00+00:00
[2025-11-12T23:38:04.797+0000] {processor.py:183} INFO - Processing /home/airflow/.local/lib/python3.8/site-packages/airflow/example_dags/example_task_group.py took 0.057 seconds
[2025-11-12T23:38:35.042+0000] {processor.py:161} INFO - Started process (PID=775) to work on /home/airflow/.local/lib/python3.8/site-packages/airflow/example_dags/example_task_group.py
[2025-11-12T23:38:35.043+0000] {processor.py:830} INFO - Processing file /home/airflow/.local/lib/python3.8/site-packages/airflow/example_dags/example_task_group.py for tasks to queue
[2025-11-12T23:38:35.044+0000] {logging_mixin.py:188} INFO - [2025-11-12T23:38:35.044+0000] {dagbag.py:538} INFO - Filling up the DagBag from /home/airflow/.local/lib/python3.8/site-packages/airflow/example_dags/example_task_group.py
[2025-11-12T23:38:35.050+0000] {processor.py:840} INFO - DAG(s) 'example_task_group' retrieved from /home/airflow/.local/lib/python3.8/site-packages/airflow/example_dags/example_task_group.py
[2025-11-12T23:38:35.066+0000] {logging_mixin.py:188} INFO - [2025-11-12T23:38:35.066+0000] {dag.py:3036} INFO - Sync 1 DAGs
[2025-11-12T23:38:35.086+0000] {logging_mixin.py:188} INFO - [2025-11-12T23:38:35.086+0000] {dag.py:3823} INFO - Setting next_dagrun for example_task_group to 2025-11-11 00:00:00+00:00, run_after=2025-11-12 00:00:00+00:00
[2025-11-12T23:38:35.102+0000] {processor.py:183} INFO - Processing /home/airflow/.local/lib/python3.8/site-packages/airflow/example_dags/example_task_group.py took 0.062 seconds
[2025-11-12T23:39:05.492+0000] {processor.py:161} INFO - Started process (PID=832) to work on /home/airflow/.local/lib/python3.8/site-packages/airflow/example_dags/example_task_group.py
[2025-11-12T23:39:05.493+0000] {processor.py:830} INFO - Processing file /home/airflow/.local/lib/python3.8/site-packages/airflow/example_dags/example_task_group.py for tasks to queue
[2025-11-12T23:39:05.494+0000] {logging_mixin.py:188} INFO - [2025-11-12T23:39:05.494+0000] {dagbag.py:538} INFO - Filling up the DagBag from /home/airflow/.local/lib/python3.8/site-packages/airflow/example_dags/example_task_group.py
[2025-11-12T23:39:05.500+0000] {processor.py:840} INFO - DAG(s) 'example_task_group' retrieved from /home/airflow/.local/lib/python3.8/site-packages/airflow/example_dags/example_task_group.py
[2025-11-12T23:39:05.516+0000] {logging_mixin.py:188} INFO - [2025-11-12T23:39:05.516+0000] {dag.py:3036} INFO - Sync 1 DAGs
[2025-11-12T23:39:05.533+0000] {logging_mixin.py:188} INFO - [2025-11-12T23:39:05.533+0000] {dag.py:3823} INFO - Setting next_dagrun for example_task_group to 2025-11-11 00:00:00+00:00, run_after=2025-11-12 00:00:00+00:00
[2025-11-12T23:39:05.545+0000] {processor.py:183} INFO - Processing /home/airflow/.local/lib/python3.8/site-packages/airflow/example_dags/example_task_group.py took 0.056 seconds
[2025-11-12T23:39:35.779+0000] {processor.py:161} INFO - Started process (PID=889) to work on /home/airflow/.local/lib/python3.8/site-packages/airflow/example_dags/example_task_group.py
[2025-11-12T23:39:35.780+0000] {processor.py:830} INFO - Processing file /home/airflow/.local/lib/python3.8/site-packages/airflow/example_dags/example_task_group.py for tasks to queue
[2025-11-12T23:39:35.781+0000] {logging_mixin.py:188} INFO - [2025-11-12T23:39:35.781+0000] {dagbag.py:538} INFO - Filling up the DagBag from /home/airflow/.local/lib/python3.8/site-packages/airflow/example_dags/example_task_group.py
[2025-11-12T23:39:35.787+0000] {processor.py:840} INFO - DAG(s) 'example_task_group' retrieved from /home/airflow/.local/lib/python3.8/site-packages/airflow/example_dags/example_task_group.py
[2025-11-12T23:39:35.803+0000] {logging_mixin.py:188} INFO - [2025-11-12T23:39:35.803+0000] {dag.py:3036} INFO - Sync 1 DAGs
[2025-11-12T23:39:35.819+0000] {logging_mixin.py:188} INFO - [2025-11-12T23:39:35.819+0000] {dag.py:3823} INFO - Setting next_dagrun for example_task_group to 2025-11-11 00:00:00+00:00, run_after=2025-11-12 00:00:00+00:00
[2025-11-12T23:39:35.833+0000] {processor.py:183} INFO - Processing /home/airflow/.local/lib/python3.8/site-packages/airflow/example_dags/example_task_group.py took 0.056 seconds
[2025-11-12T23:40:06.087+0000] {processor.py:161} INFO - Started process (PID=946) to work on /home/airflow/.local/lib/python3.8/site-packages/airflow/example_dags/example_task_group.py
[2025-11-12T23:40:06.088+0000] {processor.py:830} INFO - Processing file /home/airflow/.local/lib/python3.8/site-packages/airflow/example_dags/example_task_group.py for tasks to queue
[2025-11-12T23:40:06.089+0000] {logging_mixin.py:188} INFO - [2025-11-12T23:40:06.089+0000] {dagbag.py:538} INFO - Filling up the DagBag from /home/airflow/.local/lib/python3.8/site-packages/airflow/example_dags/example_task_group.py
[2025-11-12T23:40:06.095+0000] {processor.py:840} INFO - DAG(s) 'example_task_group' retrieved from /home/airflow/.local/lib/python3.8/site-packages/airflow/example_dags/example_task_group.py
[2025-11-12T23:40:06.111+0000] {logging_mixin.py:188} INFO - [2025-11-12T23:40:06.111+0000] {dag.py:3036} INFO - Sync 1 DAGs
[2025-11-12T23:40:06.129+0000] {logging_mixin.py:188} INFO - [2025-11-12T23:40:06.129+0000] {dag.py:3823} INFO - Setting next_dagrun for example_task_group to 2025-11-11 00:00:00+00:00, run_after=2025-11-12 00:00:00+00:00
[2025-11-12T23:40:06.143+0000] {processor.py:183} INFO - Processing /home/airflow/.local/lib/python3.8/site-packages/airflow/example_dags/example_task_group.py took 0.059 seconds
[2025-11-12T23:40:36.196+0000] {processor.py:161} INFO - Started process (PID=1001) to work on /home/airflow/.local/lib/python3.8/site-packages/airflow/example_dags/example_task_group.py
[2025-11-12T23:40:36.197+0000] {processor.py:830} INFO - Processing file /home/airflow/.local/lib/python3.8/site-packages/airflow/example_dags/example_task_group.py for tasks to queue
[2025-11-12T23:40:36.198+0000] {logging_mixin.py:188} INFO - [2025-11-12T23:40:36.198+0000] {dagbag.py:538} INFO - Filling up the DagBag from /home/airflow/.local/lib/python3.8/site-packages/airflow/example_dags/example_task_group.py
[2025-11-12T23:40:36.204+0000] {processor.py:840} INFO - DAG(s) 'example_task_group' retrieved from /home/airflow/.local/lib/python3.8/site-packages/airflow/example_dags/example_task_group.py
[2025-11-12T23:40:36.219+0000] {logging_mixin.py:188} INFO - [2025-11-12T23:40:36.219+0000] {dag.py:3036} INFO - Sync 1 DAGs
[2025-11-12T23:40:36.236+0000] {logging_mixin.py:188} INFO - [2025-11-12T23:40:36.236+0000] {dag.py:3823} INFO - Setting next_dagrun for example_task_group to 2025-11-11 00:00:00+00:00, run_after=2025-11-12 00:00:00+00:00
[2025-11-12T23:40:36.248+0000] {processor.py:183} INFO - Processing /home/airflow/.local/lib/python3.8/site-packages/airflow/example_dags/example_task_group.py took 0.055 seconds
[2025-11-12T23:41:06.388+0000] {processor.py:161} INFO - Started process (PID=1058) to work on /home/airflow/.local/lib/python3.8/site-packages/airflow/example_dags/example_task_group.py
[2025-11-12T23:41:06.389+0000] {processor.py:830} INFO - Processing file /home/airflow/.local/lib/python3.8/site-packages/airflow/example_dags/example_task_group.py for tasks to queue
[2025-11-12T23:41:06.391+0000] {logging_mixin.py:188} INFO - [2025-11-12T23:41:06.390+0000] {dagbag.py:538} INFO - Filling up the DagBag from /home/airflow/.local/lib/python3.8/site-packages/airflow/example_dags/example_task_group.py
[2025-11-12T23:41:06.399+0000] {processor.py:840} INFO - DAG(s) 'example_task_group' retrieved from /home/airflow/.local/lib/python3.8/site-packages/airflow/example_dags/example_task_group.py
[2025-11-12T23:41:06.418+0000] {logging_mixin.py:188} INFO - [2025-11-12T23:41:06.418+0000] {dag.py:3036} INFO - Sync 1 DAGs
[2025-11-12T23:41:06.434+0000] {logging_mixin.py:188} INFO - [2025-11-12T23:41:06.434+0000] {dag.py:3823} INFO - Setting next_dagrun for example_task_group to 2025-11-11 00:00:00+00:00, run_after=2025-11-12 00:00:00+00:00
[2025-11-12T23:41:06.447+0000] {processor.py:183} INFO - Processing /home/airflow/.local/lib/python3.8/site-packages/airflow/example_dags/example_task_group.py took 0.063 seconds
[2025-11-12T23:41:36.518+0000] {processor.py:161} INFO - Started process (PID=1115) to work on /home/airflow/.local/lib/python3.8/site-packages/airflow/example_dags/example_task_group.py
[2025-11-12T23:41:36.519+0000] {processor.py:830} INFO - Processing file /home/airflow/.local/lib/python3.8/site-packages/airflow/example_dags/example_task_group.py for tasks to queue
[2025-11-12T23:41:36.520+0000] {logging_mixin.py:188} INFO - [2025-11-12T23:41:36.520+0000] {dagbag.py:538} INFO - Filling up the DagBag from /home/airflow/.local/lib/python3.8/site-packages/airflow/example_dags/example_task_group.py
[2025-11-12T23:41:36.526+0000] {processor.py:840} INFO - DAG(s) 'example_task_group' retrieved from /home/airflow/.local/lib/python3.8/site-packages/airflow/example_dags/example_task_group.py
[2025-11-12T23:41:36.542+0000] {logging_mixin.py:188} INFO - [2025-11-12T23:41:36.542+0000] {dag.py:3036} INFO - Sync 1 DAGs
[2025-11-12T23:41:36.558+0000] {logging_mixin.py:188} INFO - [2025-11-12T23:41:36.558+0000] {dag.py:3823} INFO - Setting next_dagrun for example_task_group to 2025-11-11 00:00:00+00:00, run_after=2025-11-12 00:00:00+00:00
[2025-11-12T23:41:36.570+0000] {processor.py:183} INFO - Processing /home/airflow/.local/lib/python3.8/site-packages/airflow/example_dags/example_task_group.py took 0.055 seconds
[2025-11-12T23:42:06.801+0000] {processor.py:161} INFO - Started process (PID=1172) to work on /home/airflow/.local/lib/python3.8/site-packages/airflow/example_dags/example_task_group.py
[2025-11-12T23:42:06.802+0000] {processor.py:830} INFO - Processing file /home/airflow/.local/lib/python3.8/site-packages/airflow/example_dags/example_task_group.py for tasks to queue
[2025-11-12T23:42:06.803+0000] {logging_mixin.py:188} INFO - [2025-11-12T23:42:06.803+0000] {dagbag.py:538} INFO - Filling up the DagBag from /home/airflow/.local/lib/python3.8/site-packages/airflow/example_dags/example_task_group.py
[2025-11-12T23:42:06.809+0000] {processor.py:840} INFO - DAG(s) 'example_task_group' retrieved from /home/airflow/.local/lib/python3.8/site-packages/airflow/example_dags/example_task_group.py
[2025-11-12T23:42:06.826+0000] {logging_mixin.py:188} INFO - [2025-11-12T23:42:06.826+0000] {dag.py:3036} INFO - Sync 1 DAGs
[2025-11-12T23:42:06.845+0000] {logging_mixin.py:188} INFO - [2025-11-12T23:42:06.845+0000] {dag.py:3823} INFO - Setting next_dagrun for example_task_group to 2025-11-11 00:00:00+00:00, run_after=2025-11-12 00:00:00+00:00
[2025-11-12T23:42:06.858+0000] {processor.py:183} INFO - Processing /home/airflow/.local/lib/python3.8/site-packages/airflow/example_dags/example_task_group.py took 0.059 seconds
[2025-11-12T23:42:37.039+0000] {processor.py:161} INFO - Started process (PID=1229) to work on /home/airflow/.local/lib/python3.8/site-packages/airflow/example_dags/example_task_group.py
[2025-11-12T23:42:37.040+0000] {processor.py:830} INFO - Processing file /home/airflow/.local/lib/python3.8/site-packages/airflow/example_dags/example_task_group.py for tasks to queue
[2025-11-12T23:42:37.042+0000] {logging_mixin.py:188} INFO - [2025-11-12T23:42:37.041+0000] {dagbag.py:538} INFO - Filling up the DagBag from /home/airflow/.local/lib/python3.8/site-packages/airflow/example_dags/example_task_group.py
[2025-11-12T23:42:37.048+0000] {processor.py:840} INFO - DAG(s) 'example_task_group' retrieved from /home/airflow/.local/lib/python3.8/site-packages/airflow/example_dags/example_task_group.py
[2025-11-12T23:42:37.065+0000] {logging_mixin.py:188} INFO - [2025-11-12T23:42:37.065+0000] {dag.py:3036} INFO - Sync 1 DAGs
[2025-11-12T23:42:37.083+0000] {logging_mixin.py:188} INFO - [2025-11-12T23:42:37.083+0000] {dag.py:3823} INFO - Setting next_dagrun for example_task_group to 2025-11-11 00:00:00+00:00, run_after=2025-11-12 00:00:00+00:00
[2025-11-12T23:42:37.098+0000] {processor.py:183} INFO - Processing /home/airflow/.local/lib/python3.8/site-packages/airflow/example_dags/example_task_group.py took 0.062 seconds
[2025-11-12T23:43:07.331+0000] {processor.py:161} INFO - Started process (PID=1286) to work on /home/airflow/.local/lib/python3.8/site-packages/airflow/example_dags/example_task_group.py
[2025-11-12T23:43:07.332+0000] {processor.py:830} INFO - Processing file /home/airflow/.local/lib/python3.8/site-packages/airflow/example_dags/example_task_group.py for tasks to queue
[2025-11-12T23:43:07.333+0000] {logging_mixin.py:188} INFO - [2025-11-12T23:43:07.333+0000] {dagbag.py:538} INFO - Filling up the DagBag from /home/airflow/.local/lib/python3.8/site-packages/airflow/example_dags/example_task_group.py
[2025-11-12T23:43:07.339+0000] {processor.py:840} INFO - DAG(s) 'example_task_group' retrieved from /home/airflow/.local/lib/python3.8/site-packages/airflow/example_dags/example_task_group.py
[2025-11-12T23:43:07.356+0000] {logging_mixin.py:188} INFO - [2025-11-12T23:43:07.356+0000] {dag.py:3036} INFO - Sync 1 DAGs
[2025-11-12T23:43:07.375+0000] {logging_mixin.py:188} INFO - [2025-11-12T23:43:07.375+0000] {dag.py:3823} INFO - Setting next_dagrun for example_task_group to 2025-11-11 00:00:00+00:00, run_after=2025-11-12 00:00:00+00:00
[2025-11-12T23:43:07.389+0000] {processor.py:183} INFO - Processing /home/airflow/.local/lib/python3.8/site-packages/airflow/example_dags/example_task_group.py took 0.061 seconds
[2025-11-12T23:43:37.621+0000] {processor.py:161} INFO - Started process (PID=1343) to work on /home/airflow/.local/lib/python3.8/site-packages/airflow/example_dags/example_task_group.py
[2025-11-12T23:43:37.622+0000] {processor.py:830} INFO - Processing file /home/airflow/.local/lib/python3.8/site-packages/airflow/example_dags/example_task_group.py for tasks to queue
[2025-11-12T23:43:37.624+0000] {logging_mixin.py:188} INFO - [2025-11-12T23:43:37.623+0000] {dagbag.py:538} INFO - Filling up the DagBag from /home/airflow/.local/lib/python3.8/site-packages/airflow/example_dags/example_task_group.py
[2025-11-12T23:43:37.629+0000] {processor.py:840} INFO - DAG(s) 'example_task_group' retrieved from /home/airflow/.local/lib/python3.8/site-packages/airflow/example_dags/example_task_group.py
[2025-11-12T23:43:37.647+0000] {logging_mixin.py:188} INFO - [2025-11-12T23:43:37.647+0000] {dag.py:3036} INFO - Sync 1 DAGs
[2025-11-12T23:43:37.665+0000] {logging_mixin.py:188} INFO - [2025-11-12T23:43:37.664+0000] {dag.py:3823} INFO - Setting next_dagrun for example_task_group to 2025-11-11 00:00:00+00:00, run_after=2025-11-12 00:00:00+00:00
[2025-11-12T23:43:37.678+0000] {processor.py:183} INFO - Processing /home/airflow/.local/lib/python3.8/site-packages/airflow/example_dags/example_task_group.py took 0.060 seconds
[2025-11-12T23:44:07.925+0000] {processor.py:161} INFO - Started process (PID=1400) to work on /home/airflow/.local/lib/python3.8/site-packages/airflow/example_dags/example_task_group.py
[2025-11-12T23:44:07.926+0000] {processor.py:830} INFO - Processing file /home/airflow/.local/lib/python3.8/site-packages/airflow/example_dags/example_task_group.py for tasks to queue
[2025-11-12T23:44:07.927+0000] {logging_mixin.py:188} INFO - [2025-11-12T23:44:07.927+0000] {dagbag.py:538} INFO - Filling up the DagBag from /home/airflow/.local/lib/python3.8/site-packages/airflow/example_dags/example_task_group.py
[2025-11-12T23:44:07.932+0000] {processor.py:840} INFO - DAG(s) 'example_task_group' retrieved from /home/airflow/.local/lib/python3.8/site-packages/airflow/example_dags/example_task_group.py
[2025-11-12T23:44:07.952+0000] {logging_mixin.py:188} INFO - [2025-11-12T23:44:07.951+0000] {dag.py:3036} INFO - Sync 1 DAGs
[2025-11-12T23:44:07.974+0000] {logging_mixin.py:188} INFO - [2025-11-12T23:44:07.974+0000] {dag.py:3823} INFO - Setting next_dagrun for example_task_group to 2025-11-11 00:00:00+00:00, run_after=2025-11-12 00:00:00+00:00
[2025-11-12T23:44:07.993+0000] {processor.py:183} INFO - Processing /home/airflow/.local/lib/python3.8/site-packages/airflow/example_dags/example_task_group.py took 0.071 seconds
[2025-11-12T23:44:38.131+0000] {processor.py:161} INFO - Started process (PID=1457) to work on /home/airflow/.local/lib/python3.8/site-packages/airflow/example_dags/example_task_group.py
[2025-11-12T23:44:38.132+0000] {processor.py:830} INFO - Processing file /home/airflow/.local/lib/python3.8/site-packages/airflow/example_dags/example_task_group.py for tasks to queue
[2025-11-12T23:44:38.133+0000] {logging_mixin.py:188} INFO - [2025-11-12T23:44:38.133+0000] {dagbag.py:538} INFO - Filling up the DagBag from /home/airflow/.local/lib/python3.8/site-packages/airflow/example_dags/example_task_group.py
[2025-11-12T23:44:38.139+0000] {processor.py:840} INFO - DAG(s) 'example_task_group' retrieved from /home/airflow/.local/lib/python3.8/site-packages/airflow/example_dags/example_task_group.py
[2025-11-12T23:44:38.156+0000] {logging_mixin.py:188} INFO - [2025-11-12T23:44:38.156+0000] {dag.py:3036} INFO - Sync 1 DAGs
[2025-11-12T23:44:38.173+0000] {logging_mixin.py:188} INFO - [2025-11-12T23:44:38.173+0000] {dag.py:3823} INFO - Setting next_dagrun for example_task_group to 2025-11-11 00:00:00+00:00, run_after=2025-11-12 00:00:00+00:00
[2025-11-12T23:44:38.190+0000] {processor.py:183} INFO - Processing /home/airflow/.local/lib/python3.8/site-packages/airflow/example_dags/example_task_group.py took 0.061 seconds
[2025-11-12T23:45:08.343+0000] {processor.py:161} INFO - Started process (PID=1514) to work on /home/airflow/.local/lib/python3.8/site-packages/airflow/example_dags/example_task_group.py
[2025-11-12T23:45:08.343+0000] {processor.py:830} INFO - Processing file /home/airflow/.local/lib/python3.8/site-packages/airflow/example_dags/example_task_group.py for tasks to queue
[2025-11-12T23:45:08.345+0000] {logging_mixin.py:188} INFO - [2025-11-12T23:45:08.344+0000] {dagbag.py:538} INFO - Filling up the DagBag from /home/airflow/.local/lib/python3.8/site-packages/airflow/example_dags/example_task_group.py
[2025-11-12T23:45:08.350+0000] {processor.py:840} INFO - DAG(s) 'example_task_group' retrieved from /home/airflow/.local/lib/python3.8/site-packages/airflow/example_dags/example_task_group.py
[2025-11-12T23:45:08.367+0000] {logging_mixin.py:188} INFO - [2025-11-12T23:45:08.366+0000] {dag.py:3036} INFO - Sync 1 DAGs
[2025-11-12T23:45:08.383+0000] {logging_mixin.py:188} INFO - [2025-11-12T23:45:08.383+0000] {dag.py:3823} INFO - Setting next_dagrun for example_task_group to 2025-11-11 00:00:00+00:00, run_after=2025-11-12 00:00:00+00:00
[2025-11-12T23:45:08.396+0000] {processor.py:183} INFO - Processing /home/airflow/.local/lib/python3.8/site-packages/airflow/example_dags/example_task_group.py took 0.056 seconds
[2025-11-12T23:45:38.542+0000] {processor.py:161} INFO - Started process (PID=1571) to work on /home/airflow/.local/lib/python3.8/site-packages/airflow/example_dags/example_task_group.py
[2025-11-12T23:45:38.542+0000] {processor.py:830} INFO - Processing file /home/airflow/.local/lib/python3.8/site-packages/airflow/example_dags/example_task_group.py for tasks to queue
[2025-11-12T23:45:38.544+0000] {logging_mixin.py:188} INFO - [2025-11-12T23:45:38.543+0000] {dagbag.py:538} INFO - Filling up the DagBag from /home/airflow/.local/lib/python3.8/site-packages/airflow/example_dags/example_task_group.py
[2025-11-12T23:45:38.549+0000] {processor.py:840} INFO - DAG(s) 'example_task_group' retrieved from /home/airflow/.local/lib/python3.8/site-packages/airflow/example_dags/example_task_group.py
[2025-11-12T23:45:38.566+0000] {logging_mixin.py:188} INFO - [2025-11-12T23:45:38.566+0000] {dag.py:3036} INFO - Sync 1 DAGs
[2025-11-12T23:45:38.586+0000] {logging_mixin.py:188} INFO - [2025-11-12T23:45:38.586+0000] {dag.py:3823} INFO - Setting next_dagrun for example_task_group to 2025-11-11 00:00:00+00:00, run_after=2025-11-12 00:00:00+00:00
[2025-11-12T23:45:38.602+0000] {processor.py:183} INFO - Processing /home/airflow/.local/lib/python3.8/site-packages/airflow/example_dags/example_task_group.py took 0.063 seconds
