[2025-11-12T23:32:28.525+0000] {processor.py:161} INFO - Started process (PID=74) to work on /home/airflow/.local/lib/python3.8/site-packages/airflow/example_dags/example_python_decorator.py
[2025-11-12T23:32:28.526+0000] {processor.py:830} INFO - Processing file /home/airflow/.local/lib/python3.8/site-packages/airflow/example_dags/example_python_decorator.py for tasks to queue
[2025-11-12T23:32:28.527+0000] {logging_mixin.py:188} INFO - [2025-11-12T23:32:28.527+0000] {dagbag.py:538} INFO - Filling up the DagBag from /home/airflow/.local/lib/python3.8/site-packages/airflow/example_dags/example_python_decorator.py
[2025-11-12T23:32:28.539+0000] {processor.py:840} INFO - DAG(s) 'example_python_decorator' retrieved from /home/airflow/.local/lib/python3.8/site-packages/airflow/example_dags/example_python_decorator.py
[2025-11-12T23:32:28.619+0000] {logging_mixin.py:188} INFO - [2025-11-12T23:32:28.619+0000] {override.py:1769} INFO - Created Permission View: can delete on DAG:example_python_decorator
[2025-11-12T23:32:28.627+0000] {logging_mixin.py:188} INFO - [2025-11-12T23:32:28.627+0000] {override.py:1769} INFO - Created Permission View: can edit on DAG:example_python_decorator
[2025-11-12T23:32:28.632+0000] {logging_mixin.py:188} INFO - [2025-11-12T23:32:28.632+0000] {override.py:1769} INFO - Created Permission View: can read on DAG:example_python_decorator
[2025-11-12T23:32:28.632+0000] {logging_mixin.py:188} INFO - [2025-11-12T23:32:28.632+0000] {dag.py:3036} INFO - Sync 1 DAGs
[2025-11-12T23:32:28.640+0000] {logging_mixin.py:188} INFO - [2025-11-12T23:32:28.640+0000] {dag.py:3058} INFO - Creating ORM DAG for example_python_decorator
[2025-11-12T23:32:28.641+0000] {logging_mixin.py:188} INFO - [2025-11-12T23:32:28.640+0000] {dag.py:3823} INFO - Setting next_dagrun for example_python_decorator to None, run_after=None
[2025-11-12T23:32:28.652+0000] {processor.py:183} INFO - Processing /home/airflow/.local/lib/python3.8/site-packages/airflow/example_dags/example_python_decorator.py took 0.129 seconds
[2025-11-12T23:32:58.708+0000] {processor.py:161} INFO - Started process (PID=131) to work on /home/airflow/.local/lib/python3.8/site-packages/airflow/example_dags/example_python_decorator.py
[2025-11-12T23:32:58.708+0000] {processor.py:830} INFO - Processing file /home/airflow/.local/lib/python3.8/site-packages/airflow/example_dags/example_python_decorator.py for tasks to queue
[2025-11-12T23:32:58.710+0000] {logging_mixin.py:188} INFO - [2025-11-12T23:32:58.710+0000] {dagbag.py:538} INFO - Filling up the DagBag from /home/airflow/.local/lib/python3.8/site-packages/airflow/example_dags/example_python_decorator.py
[2025-11-12T23:32:58.721+0000] {processor.py:840} INFO - DAG(s) 'example_python_decorator' retrieved from /home/airflow/.local/lib/python3.8/site-packages/airflow/example_dags/example_python_decorator.py
[2025-11-12T23:32:58.738+0000] {logging_mixin.py:188} INFO - [2025-11-12T23:32:58.738+0000] {dag.py:3036} INFO - Sync 1 DAGs
[2025-11-12T23:32:58.748+0000] {logging_mixin.py:188} INFO - [2025-11-12T23:32:58.748+0000] {dag.py:3823} INFO - Setting next_dagrun for example_python_decorator to None, run_after=None
[2025-11-12T23:32:58.764+0000] {processor.py:183} INFO - Processing /home/airflow/.local/lib/python3.8/site-packages/airflow/example_dags/example_python_decorator.py took 0.059 seconds
[2025-11-12T23:33:29.053+0000] {processor.py:161} INFO - Started process (PID=188) to work on /home/airflow/.local/lib/python3.8/site-packages/airflow/example_dags/example_python_decorator.py
[2025-11-12T23:33:29.054+0000] {processor.py:830} INFO - Processing file /home/airflow/.local/lib/python3.8/site-packages/airflow/example_dags/example_python_decorator.py for tasks to queue
[2025-11-12T23:33:29.055+0000] {logging_mixin.py:188} INFO - [2025-11-12T23:33:29.055+0000] {dagbag.py:538} INFO - Filling up the DagBag from /home/airflow/.local/lib/python3.8/site-packages/airflow/example_dags/example_python_decorator.py
[2025-11-12T23:33:29.066+0000] {processor.py:840} INFO - DAG(s) 'example_python_decorator' retrieved from /home/airflow/.local/lib/python3.8/site-packages/airflow/example_dags/example_python_decorator.py
[2025-11-12T23:33:29.085+0000] {logging_mixin.py:188} INFO - [2025-11-12T23:33:29.084+0000] {dag.py:3036} INFO - Sync 1 DAGs
[2025-11-12T23:33:29.095+0000] {logging_mixin.py:188} INFO - [2025-11-12T23:33:29.095+0000] {dag.py:3823} INFO - Setting next_dagrun for example_python_decorator to None, run_after=None
[2025-11-12T23:33:29.112+0000] {processor.py:183} INFO - Processing /home/airflow/.local/lib/python3.8/site-packages/airflow/example_dags/example_python_decorator.py took 0.061 seconds
[2025-11-12T23:33:59.386+0000] {processor.py:161} INFO - Started process (PID=251) to work on /home/airflow/.local/lib/python3.8/site-packages/airflow/example_dags/example_python_decorator.py
[2025-11-12T23:33:59.387+0000] {processor.py:830} INFO - Processing file /home/airflow/.local/lib/python3.8/site-packages/airflow/example_dags/example_python_decorator.py for tasks to queue
[2025-11-12T23:33:59.388+0000] {logging_mixin.py:188} INFO - [2025-11-12T23:33:59.388+0000] {dagbag.py:538} INFO - Filling up the DagBag from /home/airflow/.local/lib/python3.8/site-packages/airflow/example_dags/example_python_decorator.py
[2025-11-12T23:33:59.398+0000] {processor.py:840} INFO - DAG(s) 'example_python_decorator' retrieved from /home/airflow/.local/lib/python3.8/site-packages/airflow/example_dags/example_python_decorator.py
[2025-11-12T23:33:59.415+0000] {logging_mixin.py:188} INFO - [2025-11-12T23:33:59.415+0000] {dag.py:3036} INFO - Sync 1 DAGs
[2025-11-12T23:33:59.424+0000] {logging_mixin.py:188} INFO - [2025-11-12T23:33:59.424+0000] {dag.py:3823} INFO - Setting next_dagrun for example_python_decorator to None, run_after=None
[2025-11-12T23:33:59.436+0000] {processor.py:183} INFO - Processing /home/airflow/.local/lib/python3.8/site-packages/airflow/example_dags/example_python_decorator.py took 0.052 seconds
[2025-11-12T23:34:30.550+0000] {processor.py:161} INFO - Started process (PID=308) to work on /home/airflow/.local/lib/python3.8/site-packages/airflow/example_dags/example_python_decorator.py
[2025-11-12T23:34:30.551+0000] {processor.py:830} INFO - Processing file /home/airflow/.local/lib/python3.8/site-packages/airflow/example_dags/example_python_decorator.py for tasks to queue
[2025-11-12T23:34:30.552+0000] {logging_mixin.py:188} INFO - [2025-11-12T23:34:30.552+0000] {dagbag.py:538} INFO - Filling up the DagBag from /home/airflow/.local/lib/python3.8/site-packages/airflow/example_dags/example_python_decorator.py
[2025-11-12T23:34:30.562+0000] {processor.py:840} INFO - DAG(s) 'example_python_decorator' retrieved from /home/airflow/.local/lib/python3.8/site-packages/airflow/example_dags/example_python_decorator.py
[2025-11-12T23:34:30.580+0000] {logging_mixin.py:188} INFO - [2025-11-12T23:34:30.580+0000] {dag.py:3036} INFO - Sync 1 DAGs
[2025-11-12T23:34:30.590+0000] {logging_mixin.py:188} INFO - [2025-11-12T23:34:30.589+0000] {dag.py:3823} INFO - Setting next_dagrun for example_python_decorator to None, run_after=None
[2025-11-12T23:34:30.603+0000] {processor.py:183} INFO - Processing /home/airflow/.local/lib/python3.8/site-packages/airflow/example_dags/example_python_decorator.py took 0.055 seconds
[2025-11-12T23:35:01.549+0000] {processor.py:161} INFO - Started process (PID=365) to work on /home/airflow/.local/lib/python3.8/site-packages/airflow/example_dags/example_python_decorator.py
[2025-11-12T23:35:01.550+0000] {processor.py:830} INFO - Processing file /home/airflow/.local/lib/python3.8/site-packages/airflow/example_dags/example_python_decorator.py for tasks to queue
[2025-11-12T23:35:01.551+0000] {logging_mixin.py:188} INFO - [2025-11-12T23:35:01.551+0000] {dagbag.py:538} INFO - Filling up the DagBag from /home/airflow/.local/lib/python3.8/site-packages/airflow/example_dags/example_python_decorator.py
[2025-11-12T23:35:01.562+0000] {processor.py:840} INFO - DAG(s) 'example_python_decorator' retrieved from /home/airflow/.local/lib/python3.8/site-packages/airflow/example_dags/example_python_decorator.py
[2025-11-12T23:35:01.579+0000] {logging_mixin.py:188} INFO - [2025-11-12T23:35:01.579+0000] {dag.py:3036} INFO - Sync 1 DAGs
[2025-11-12T23:35:01.588+0000] {logging_mixin.py:188} INFO - [2025-11-12T23:35:01.588+0000] {dag.py:3823} INFO - Setting next_dagrun for example_python_decorator to None, run_after=None
[2025-11-12T23:35:01.602+0000] {processor.py:183} INFO - Processing /home/airflow/.local/lib/python3.8/site-packages/airflow/example_dags/example_python_decorator.py took 0.055 seconds
[2025-11-12T23:35:31.905+0000] {processor.py:161} INFO - Started process (PID=422) to work on /home/airflow/.local/lib/python3.8/site-packages/airflow/example_dags/example_python_decorator.py
[2025-11-12T23:35:31.906+0000] {processor.py:830} INFO - Processing file /home/airflow/.local/lib/python3.8/site-packages/airflow/example_dags/example_python_decorator.py for tasks to queue
[2025-11-12T23:35:31.907+0000] {logging_mixin.py:188} INFO - [2025-11-12T23:35:31.907+0000] {dagbag.py:538} INFO - Filling up the DagBag from /home/airflow/.local/lib/python3.8/site-packages/airflow/example_dags/example_python_decorator.py
[2025-11-12T23:35:31.918+0000] {processor.py:840} INFO - DAG(s) 'example_python_decorator' retrieved from /home/airflow/.local/lib/python3.8/site-packages/airflow/example_dags/example_python_decorator.py
[2025-11-12T23:35:31.933+0000] {logging_mixin.py:188} INFO - [2025-11-12T23:35:31.933+0000] {dag.py:3036} INFO - Sync 1 DAGs
[2025-11-12T23:35:31.943+0000] {logging_mixin.py:188} INFO - [2025-11-12T23:35:31.943+0000] {dag.py:3823} INFO - Setting next_dagrun for example_python_decorator to None, run_after=None
[2025-11-12T23:35:31.956+0000] {processor.py:183} INFO - Processing /home/airflow/.local/lib/python3.8/site-packages/airflow/example_dags/example_python_decorator.py took 0.054 seconds
[2025-11-12T23:36:02.202+0000] {processor.py:161} INFO - Started process (PID=479) to work on /home/airflow/.local/lib/python3.8/site-packages/airflow/example_dags/example_python_decorator.py
[2025-11-12T23:36:02.202+0000] {processor.py:830} INFO - Processing file /home/airflow/.local/lib/python3.8/site-packages/airflow/example_dags/example_python_decorator.py for tasks to queue
[2025-11-12T23:36:02.203+0000] {logging_mixin.py:188} INFO - [2025-11-12T23:36:02.203+0000] {dagbag.py:538} INFO - Filling up the DagBag from /home/airflow/.local/lib/python3.8/site-packages/airflow/example_dags/example_python_decorator.py
[2025-11-12T23:36:02.214+0000] {processor.py:840} INFO - DAG(s) 'example_python_decorator' retrieved from /home/airflow/.local/lib/python3.8/site-packages/airflow/example_dags/example_python_decorator.py
[2025-11-12T23:36:02.231+0000] {logging_mixin.py:188} INFO - [2025-11-12T23:36:02.231+0000] {dag.py:3036} INFO - Sync 1 DAGs
[2025-11-12T23:36:02.240+0000] {logging_mixin.py:188} INFO - [2025-11-12T23:36:02.240+0000] {dag.py:3823} INFO - Setting next_dagrun for example_python_decorator to None, run_after=None
[2025-11-12T23:36:02.253+0000] {processor.py:183} INFO - Processing /home/airflow/.local/lib/python3.8/site-packages/airflow/example_dags/example_python_decorator.py took 0.054 seconds
[2025-11-12T23:36:32.574+0000] {processor.py:161} INFO - Started process (PID=536) to work on /home/airflow/.local/lib/python3.8/site-packages/airflow/example_dags/example_python_decorator.py
[2025-11-12T23:36:32.574+0000] {processor.py:830} INFO - Processing file /home/airflow/.local/lib/python3.8/site-packages/airflow/example_dags/example_python_decorator.py for tasks to queue
[2025-11-12T23:36:32.576+0000] {logging_mixin.py:188} INFO - [2025-11-12T23:36:32.576+0000] {dagbag.py:538} INFO - Filling up the DagBag from /home/airflow/.local/lib/python3.8/site-packages/airflow/example_dags/example_python_decorator.py
[2025-11-12T23:36:32.586+0000] {processor.py:840} INFO - DAG(s) 'example_python_decorator' retrieved from /home/airflow/.local/lib/python3.8/site-packages/airflow/example_dags/example_python_decorator.py
[2025-11-12T23:36:32.603+0000] {logging_mixin.py:188} INFO - [2025-11-12T23:36:32.603+0000] {dag.py:3036} INFO - Sync 1 DAGs
[2025-11-12T23:36:32.612+0000] {logging_mixin.py:188} INFO - [2025-11-12T23:36:32.612+0000] {dag.py:3823} INFO - Setting next_dagrun for example_python_decorator to None, run_after=None
[2025-11-12T23:36:32.625+0000] {processor.py:183} INFO - Processing /home/airflow/.local/lib/python3.8/site-packages/airflow/example_dags/example_python_decorator.py took 0.054 seconds
[2025-11-12T23:37:03.019+0000] {processor.py:161} INFO - Started process (PID=593) to work on /home/airflow/.local/lib/python3.8/site-packages/airflow/example_dags/example_python_decorator.py
[2025-11-12T23:37:03.019+0000] {processor.py:830} INFO - Processing file /home/airflow/.local/lib/python3.8/site-packages/airflow/example_dags/example_python_decorator.py for tasks to queue
[2025-11-12T23:37:03.020+0000] {logging_mixin.py:188} INFO - [2025-11-12T23:37:03.020+0000] {dagbag.py:538} INFO - Filling up the DagBag from /home/airflow/.local/lib/python3.8/site-packages/airflow/example_dags/example_python_decorator.py
[2025-11-12T23:37:03.031+0000] {processor.py:840} INFO - DAG(s) 'example_python_decorator' retrieved from /home/airflow/.local/lib/python3.8/site-packages/airflow/example_dags/example_python_decorator.py
[2025-11-12T23:37:03.048+0000] {logging_mixin.py:188} INFO - [2025-11-12T23:37:03.048+0000] {dag.py:3036} INFO - Sync 1 DAGs
[2025-11-12T23:37:03.058+0000] {logging_mixin.py:188} INFO - [2025-11-12T23:37:03.057+0000] {dag.py:3823} INFO - Setting next_dagrun for example_python_decorator to None, run_after=None
[2025-11-12T23:37:03.070+0000] {processor.py:183} INFO - Processing /home/airflow/.local/lib/python3.8/site-packages/airflow/example_dags/example_python_decorator.py took 0.054 seconds
[2025-11-12T23:37:34.042+0000] {processor.py:161} INFO - Started process (PID=650) to work on /home/airflow/.local/lib/python3.8/site-packages/airflow/example_dags/example_python_decorator.py
[2025-11-12T23:37:34.042+0000] {processor.py:830} INFO - Processing file /home/airflow/.local/lib/python3.8/site-packages/airflow/example_dags/example_python_decorator.py for tasks to queue
[2025-11-12T23:37:34.044+0000] {logging_mixin.py:188} INFO - [2025-11-12T23:37:34.043+0000] {dagbag.py:538} INFO - Filling up the DagBag from /home/airflow/.local/lib/python3.8/site-packages/airflow/example_dags/example_python_decorator.py
[2025-11-12T23:37:34.053+0000] {processor.py:840} INFO - DAG(s) 'example_python_decorator' retrieved from /home/airflow/.local/lib/python3.8/site-packages/airflow/example_dags/example_python_decorator.py
[2025-11-12T23:37:34.070+0000] {logging_mixin.py:188} INFO - [2025-11-12T23:37:34.070+0000] {dag.py:3036} INFO - Sync 1 DAGs
[2025-11-12T23:37:34.079+0000] {logging_mixin.py:188} INFO - [2025-11-12T23:37:34.079+0000] {dag.py:3823} INFO - Setting next_dagrun for example_python_decorator to None, run_after=None
[2025-11-12T23:37:34.091+0000] {processor.py:183} INFO - Processing /home/airflow/.local/lib/python3.8/site-packages/airflow/example_dags/example_python_decorator.py took 0.052 seconds
[2025-11-12T23:38:04.219+0000] {processor.py:161} INFO - Started process (PID=707) to work on /home/airflow/.local/lib/python3.8/site-packages/airflow/example_dags/example_python_decorator.py
[2025-11-12T23:38:04.220+0000] {processor.py:830} INFO - Processing file /home/airflow/.local/lib/python3.8/site-packages/airflow/example_dags/example_python_decorator.py for tasks to queue
[2025-11-12T23:38:04.221+0000] {logging_mixin.py:188} INFO - [2025-11-12T23:38:04.221+0000] {dagbag.py:538} INFO - Filling up the DagBag from /home/airflow/.local/lib/python3.8/site-packages/airflow/example_dags/example_python_decorator.py
[2025-11-12T23:38:04.231+0000] {processor.py:840} INFO - DAG(s) 'example_python_decorator' retrieved from /home/airflow/.local/lib/python3.8/site-packages/airflow/example_dags/example_python_decorator.py
[2025-11-12T23:38:04.248+0000] {logging_mixin.py:188} INFO - [2025-11-12T23:38:04.247+0000] {dag.py:3036} INFO - Sync 1 DAGs
[2025-11-12T23:38:04.256+0000] {logging_mixin.py:188} INFO - [2025-11-12T23:38:04.256+0000] {dag.py:3823} INFO - Setting next_dagrun for example_python_decorator to None, run_after=None
[2025-11-12T23:38:04.269+0000] {processor.py:183} INFO - Processing /home/airflow/.local/lib/python3.8/site-packages/airflow/example_dags/example_python_decorator.py took 0.052 seconds
[2025-11-12T23:38:34.458+0000] {processor.py:161} INFO - Started process (PID=762) to work on /home/airflow/.local/lib/python3.8/site-packages/airflow/example_dags/example_python_decorator.py
[2025-11-12T23:38:34.459+0000] {processor.py:830} INFO - Processing file /home/airflow/.local/lib/python3.8/site-packages/airflow/example_dags/example_python_decorator.py for tasks to queue
[2025-11-12T23:38:34.460+0000] {logging_mixin.py:188} INFO - [2025-11-12T23:38:34.460+0000] {dagbag.py:538} INFO - Filling up the DagBag from /home/airflow/.local/lib/python3.8/site-packages/airflow/example_dags/example_python_decorator.py
[2025-11-12T23:38:34.471+0000] {processor.py:840} INFO - DAG(s) 'example_python_decorator' retrieved from /home/airflow/.local/lib/python3.8/site-packages/airflow/example_dags/example_python_decorator.py
[2025-11-12T23:38:34.487+0000] {logging_mixin.py:188} INFO - [2025-11-12T23:38:34.487+0000] {dag.py:3036} INFO - Sync 1 DAGs
[2025-11-12T23:38:34.497+0000] {logging_mixin.py:188} INFO - [2025-11-12T23:38:34.497+0000] {dag.py:3823} INFO - Setting next_dagrun for example_python_decorator to None, run_after=None
[2025-11-12T23:38:34.511+0000] {processor.py:183} INFO - Processing /home/airflow/.local/lib/python3.8/site-packages/airflow/example_dags/example_python_decorator.py took 0.056 seconds
[2025-11-12T23:39:04.863+0000] {processor.py:161} INFO - Started process (PID=819) to work on /home/airflow/.local/lib/python3.8/site-packages/airflow/example_dags/example_python_decorator.py
[2025-11-12T23:39:04.864+0000] {processor.py:830} INFO - Processing file /home/airflow/.local/lib/python3.8/site-packages/airflow/example_dags/example_python_decorator.py for tasks to queue
[2025-11-12T23:39:04.865+0000] {logging_mixin.py:188} INFO - [2025-11-12T23:39:04.865+0000] {dagbag.py:538} INFO - Filling up the DagBag from /home/airflow/.local/lib/python3.8/site-packages/airflow/example_dags/example_python_decorator.py
[2025-11-12T23:39:04.874+0000] {processor.py:840} INFO - DAG(s) 'example_python_decorator' retrieved from /home/airflow/.local/lib/python3.8/site-packages/airflow/example_dags/example_python_decorator.py
[2025-11-12T23:39:04.891+0000] {logging_mixin.py:188} INFO - [2025-11-12T23:39:04.890+0000] {dag.py:3036} INFO - Sync 1 DAGs
[2025-11-12T23:39:04.899+0000] {logging_mixin.py:188} INFO - [2025-11-12T23:39:04.899+0000] {dag.py:3823} INFO - Setting next_dagrun for example_python_decorator to None, run_after=None
[2025-11-12T23:39:04.912+0000] {processor.py:183} INFO - Processing /home/airflow/.local/lib/python3.8/site-packages/airflow/example_dags/example_python_decorator.py took 0.051 seconds
[2025-11-12T23:39:35.187+0000] {processor.py:161} INFO - Started process (PID=876) to work on /home/airflow/.local/lib/python3.8/site-packages/airflow/example_dags/example_python_decorator.py
[2025-11-12T23:39:35.188+0000] {processor.py:830} INFO - Processing file /home/airflow/.local/lib/python3.8/site-packages/airflow/example_dags/example_python_decorator.py for tasks to queue
[2025-11-12T23:39:35.189+0000] {logging_mixin.py:188} INFO - [2025-11-12T23:39:35.189+0000] {dagbag.py:538} INFO - Filling up the DagBag from /home/airflow/.local/lib/python3.8/site-packages/airflow/example_dags/example_python_decorator.py
[2025-11-12T23:39:35.199+0000] {processor.py:840} INFO - DAG(s) 'example_python_decorator' retrieved from /home/airflow/.local/lib/python3.8/site-packages/airflow/example_dags/example_python_decorator.py
[2025-11-12T23:39:35.215+0000] {logging_mixin.py:188} INFO - [2025-11-12T23:39:35.215+0000] {dag.py:3036} INFO - Sync 1 DAGs
[2025-11-12T23:39:35.224+0000] {logging_mixin.py:188} INFO - [2025-11-12T23:39:35.224+0000] {dag.py:3823} INFO - Setting next_dagrun for example_python_decorator to None, run_after=None
[2025-11-12T23:39:35.240+0000] {processor.py:183} INFO - Processing /home/airflow/.local/lib/python3.8/site-packages/airflow/example_dags/example_python_decorator.py took 0.056 seconds
[2025-11-12T23:40:05.557+0000] {processor.py:161} INFO - Started process (PID=933) to work on /home/airflow/.local/lib/python3.8/site-packages/airflow/example_dags/example_python_decorator.py
[2025-11-12T23:40:05.557+0000] {processor.py:830} INFO - Processing file /home/airflow/.local/lib/python3.8/site-packages/airflow/example_dags/example_python_decorator.py for tasks to queue
[2025-11-12T23:40:05.559+0000] {logging_mixin.py:188} INFO - [2025-11-12T23:40:05.559+0000] {dagbag.py:538} INFO - Filling up the DagBag from /home/airflow/.local/lib/python3.8/site-packages/airflow/example_dags/example_python_decorator.py
[2025-11-12T23:40:05.569+0000] {processor.py:840} INFO - DAG(s) 'example_python_decorator' retrieved from /home/airflow/.local/lib/python3.8/site-packages/airflow/example_dags/example_python_decorator.py
[2025-11-12T23:40:05.588+0000] {logging_mixin.py:188} INFO - [2025-11-12T23:40:05.587+0000] {dag.py:3036} INFO - Sync 1 DAGs
[2025-11-12T23:40:05.597+0000] {logging_mixin.py:188} INFO - [2025-11-12T23:40:05.597+0000] {dag.py:3823} INFO - Setting next_dagrun for example_python_decorator to None, run_after=None
[2025-11-12T23:40:05.611+0000] {processor.py:183} INFO - Processing /home/airflow/.local/lib/python3.8/site-packages/airflow/example_dags/example_python_decorator.py took 0.057 seconds
[2025-11-12T23:40:35.706+0000] {processor.py:161} INFO - Started process (PID=990) to work on /home/airflow/.local/lib/python3.8/site-packages/airflow/example_dags/example_python_decorator.py
[2025-11-12T23:40:35.706+0000] {processor.py:830} INFO - Processing file /home/airflow/.local/lib/python3.8/site-packages/airflow/example_dags/example_python_decorator.py for tasks to queue
[2025-11-12T23:40:35.708+0000] {logging_mixin.py:188} INFO - [2025-11-12T23:40:35.708+0000] {dagbag.py:538} INFO - Filling up the DagBag from /home/airflow/.local/lib/python3.8/site-packages/airflow/example_dags/example_python_decorator.py
[2025-11-12T23:40:35.718+0000] {processor.py:840} INFO - DAG(s) 'example_python_decorator' retrieved from /home/airflow/.local/lib/python3.8/site-packages/airflow/example_dags/example_python_decorator.py
[2025-11-12T23:40:35.736+0000] {logging_mixin.py:188} INFO - [2025-11-12T23:40:35.736+0000] {dag.py:3036} INFO - Sync 1 DAGs
[2025-11-12T23:40:35.746+0000] {logging_mixin.py:188} INFO - [2025-11-12T23:40:35.746+0000] {dag.py:3823} INFO - Setting next_dagrun for example_python_decorator to None, run_after=None
[2025-11-12T23:40:35.760+0000] {processor.py:183} INFO - Processing /home/airflow/.local/lib/python3.8/site-packages/airflow/example_dags/example_python_decorator.py took 0.057 seconds
[2025-11-12T23:41:05.941+0000] {processor.py:161} INFO - Started process (PID=1047) to work on /home/airflow/.local/lib/python3.8/site-packages/airflow/example_dags/example_python_decorator.py
[2025-11-12T23:41:05.942+0000] {processor.py:830} INFO - Processing file /home/airflow/.local/lib/python3.8/site-packages/airflow/example_dags/example_python_decorator.py for tasks to queue
[2025-11-12T23:41:05.944+0000] {logging_mixin.py:188} INFO - [2025-11-12T23:41:05.944+0000] {dagbag.py:538} INFO - Filling up the DagBag from /home/airflow/.local/lib/python3.8/site-packages/airflow/example_dags/example_python_decorator.py
[2025-11-12T23:41:05.955+0000] {processor.py:840} INFO - DAG(s) 'example_python_decorator' retrieved from /home/airflow/.local/lib/python3.8/site-packages/airflow/example_dags/example_python_decorator.py
[2025-11-12T23:41:05.972+0000] {logging_mixin.py:188} INFO - [2025-11-12T23:41:05.972+0000] {dag.py:3036} INFO - Sync 1 DAGs
[2025-11-12T23:41:05.981+0000] {logging_mixin.py:188} INFO - [2025-11-12T23:41:05.981+0000] {dag.py:3823} INFO - Setting next_dagrun for example_python_decorator to None, run_after=None
[2025-11-12T23:41:05.994+0000] {processor.py:183} INFO - Processing /home/airflow/.local/lib/python3.8/site-packages/airflow/example_dags/example_python_decorator.py took 0.055 seconds
[2025-11-12T23:41:36.098+0000] {processor.py:161} INFO - Started process (PID=1104) to work on /home/airflow/.local/lib/python3.8/site-packages/airflow/example_dags/example_python_decorator.py
[2025-11-12T23:41:36.099+0000] {processor.py:830} INFO - Processing file /home/airflow/.local/lib/python3.8/site-packages/airflow/example_dags/example_python_decorator.py for tasks to queue
[2025-11-12T23:41:36.100+0000] {logging_mixin.py:188} INFO - [2025-11-12T23:41:36.100+0000] {dagbag.py:538} INFO - Filling up the DagBag from /home/airflow/.local/lib/python3.8/site-packages/airflow/example_dags/example_python_decorator.py
[2025-11-12T23:41:36.110+0000] {processor.py:840} INFO - DAG(s) 'example_python_decorator' retrieved from /home/airflow/.local/lib/python3.8/site-packages/airflow/example_dags/example_python_decorator.py
[2025-11-12T23:41:36.128+0000] {logging_mixin.py:188} INFO - [2025-11-12T23:41:36.128+0000] {dag.py:3036} INFO - Sync 1 DAGs
[2025-11-12T23:41:36.137+0000] {logging_mixin.py:188} INFO - [2025-11-12T23:41:36.137+0000] {dag.py:3823} INFO - Setting next_dagrun for example_python_decorator to None, run_after=None
[2025-11-12T23:41:36.150+0000] {processor.py:183} INFO - Processing /home/airflow/.local/lib/python3.8/site-packages/airflow/example_dags/example_python_decorator.py took 0.055 seconds
[2025-11-12T23:42:06.373+0000] {processor.py:161} INFO - Started process (PID=1161) to work on /home/airflow/.local/lib/python3.8/site-packages/airflow/example_dags/example_python_decorator.py
[2025-11-12T23:42:06.373+0000] {processor.py:830} INFO - Processing file /home/airflow/.local/lib/python3.8/site-packages/airflow/example_dags/example_python_decorator.py for tasks to queue
[2025-11-12T23:42:06.375+0000] {logging_mixin.py:188} INFO - [2025-11-12T23:42:06.374+0000] {dagbag.py:538} INFO - Filling up the DagBag from /home/airflow/.local/lib/python3.8/site-packages/airflow/example_dags/example_python_decorator.py
[2025-11-12T23:42:06.385+0000] {processor.py:840} INFO - DAG(s) 'example_python_decorator' retrieved from /home/airflow/.local/lib/python3.8/site-packages/airflow/example_dags/example_python_decorator.py
[2025-11-12T23:42:06.401+0000] {logging_mixin.py:188} INFO - [2025-11-12T23:42:06.401+0000] {dag.py:3036} INFO - Sync 1 DAGs
[2025-11-12T23:42:06.410+0000] {logging_mixin.py:188} INFO - [2025-11-12T23:42:06.410+0000] {dag.py:3823} INFO - Setting next_dagrun for example_python_decorator to None, run_after=None
[2025-11-12T23:42:06.423+0000] {processor.py:183} INFO - Processing /home/airflow/.local/lib/python3.8/site-packages/airflow/example_dags/example_python_decorator.py took 0.053 seconds
[2025-11-12T23:42:36.558+0000] {processor.py:161} INFO - Started process (PID=1218) to work on /home/airflow/.local/lib/python3.8/site-packages/airflow/example_dags/example_python_decorator.py
[2025-11-12T23:42:36.559+0000] {processor.py:830} INFO - Processing file /home/airflow/.local/lib/python3.8/site-packages/airflow/example_dags/example_python_decorator.py for tasks to queue
[2025-11-12T23:42:36.561+0000] {logging_mixin.py:188} INFO - [2025-11-12T23:42:36.560+0000] {dagbag.py:538} INFO - Filling up the DagBag from /home/airflow/.local/lib/python3.8/site-packages/airflow/example_dags/example_python_decorator.py
[2025-11-12T23:42:36.574+0000] {processor.py:840} INFO - DAG(s) 'example_python_decorator' retrieved from /home/airflow/.local/lib/python3.8/site-packages/airflow/example_dags/example_python_decorator.py
[2025-11-12T23:42:36.592+0000] {logging_mixin.py:188} INFO - [2025-11-12T23:42:36.592+0000] {dag.py:3036} INFO - Sync 1 DAGs
[2025-11-12T23:42:36.604+0000] {logging_mixin.py:188} INFO - [2025-11-12T23:42:36.603+0000] {dag.py:3823} INFO - Setting next_dagrun for example_python_decorator to None, run_after=None
[2025-11-12T23:42:36.620+0000] {processor.py:183} INFO - Processing /home/airflow/.local/lib/python3.8/site-packages/airflow/example_dags/example_python_decorator.py took 0.065 seconds
[2025-11-12T23:43:06.890+0000] {processor.py:161} INFO - Started process (PID=1275) to work on /home/airflow/.local/lib/python3.8/site-packages/airflow/example_dags/example_python_decorator.py
[2025-11-12T23:43:06.891+0000] {processor.py:830} INFO - Processing file /home/airflow/.local/lib/python3.8/site-packages/airflow/example_dags/example_python_decorator.py for tasks to queue
[2025-11-12T23:43:06.892+0000] {logging_mixin.py:188} INFO - [2025-11-12T23:43:06.892+0000] {dagbag.py:538} INFO - Filling up the DagBag from /home/airflow/.local/lib/python3.8/site-packages/airflow/example_dags/example_python_decorator.py
[2025-11-12T23:43:06.903+0000] {processor.py:840} INFO - DAG(s) 'example_python_decorator' retrieved from /home/airflow/.local/lib/python3.8/site-packages/airflow/example_dags/example_python_decorator.py
[2025-11-12T23:43:06.920+0000] {logging_mixin.py:188} INFO - [2025-11-12T23:43:06.920+0000] {dag.py:3036} INFO - Sync 1 DAGs
[2025-11-12T23:43:06.930+0000] {logging_mixin.py:188} INFO - [2025-11-12T23:43:06.929+0000] {dag.py:3823} INFO - Setting next_dagrun for example_python_decorator to None, run_after=None
[2025-11-12T23:43:06.944+0000] {processor.py:183} INFO - Processing /home/airflow/.local/lib/python3.8/site-packages/airflow/example_dags/example_python_decorator.py took 0.057 seconds
[2025-11-12T23:43:37.127+0000] {processor.py:161} INFO - Started process (PID=1332) to work on /home/airflow/.local/lib/python3.8/site-packages/airflow/example_dags/example_python_decorator.py
[2025-11-12T23:43:37.128+0000] {processor.py:830} INFO - Processing file /home/airflow/.local/lib/python3.8/site-packages/airflow/example_dags/example_python_decorator.py for tasks to queue
[2025-11-12T23:43:37.130+0000] {logging_mixin.py:188} INFO - [2025-11-12T23:43:37.129+0000] {dagbag.py:538} INFO - Filling up the DagBag from /home/airflow/.local/lib/python3.8/site-packages/airflow/example_dags/example_python_decorator.py
[2025-11-12T23:43:37.140+0000] {processor.py:840} INFO - DAG(s) 'example_python_decorator' retrieved from /home/airflow/.local/lib/python3.8/site-packages/airflow/example_dags/example_python_decorator.py
[2025-11-12T23:43:37.157+0000] {logging_mixin.py:188} INFO - [2025-11-12T23:43:37.157+0000] {dag.py:3036} INFO - Sync 1 DAGs
[2025-11-12T23:43:37.167+0000] {logging_mixin.py:188} INFO - [2025-11-12T23:43:37.167+0000] {dag.py:3823} INFO - Setting next_dagrun for example_python_decorator to None, run_after=None
[2025-11-12T23:43:37.182+0000] {processor.py:183} INFO - Processing /home/airflow/.local/lib/python3.8/site-packages/airflow/example_dags/example_python_decorator.py took 0.057 seconds
[2025-11-12T23:44:07.482+0000] {processor.py:161} INFO - Started process (PID=1389) to work on /home/airflow/.local/lib/python3.8/site-packages/airflow/example_dags/example_python_decorator.py
[2025-11-12T23:44:07.483+0000] {processor.py:830} INFO - Processing file /home/airflow/.local/lib/python3.8/site-packages/airflow/example_dags/example_python_decorator.py for tasks to queue
[2025-11-12T23:44:07.484+0000] {logging_mixin.py:188} INFO - [2025-11-12T23:44:07.484+0000] {dagbag.py:538} INFO - Filling up the DagBag from /home/airflow/.local/lib/python3.8/site-packages/airflow/example_dags/example_python_decorator.py
[2025-11-12T23:44:07.495+0000] {processor.py:840} INFO - DAG(s) 'example_python_decorator' retrieved from /home/airflow/.local/lib/python3.8/site-packages/airflow/example_dags/example_python_decorator.py
[2025-11-12T23:44:07.511+0000] {logging_mixin.py:188} INFO - [2025-11-12T23:44:07.511+0000] {dag.py:3036} INFO - Sync 1 DAGs
[2025-11-12T23:44:07.521+0000] {logging_mixin.py:188} INFO - [2025-11-12T23:44:07.520+0000] {dag.py:3823} INFO - Setting next_dagrun for example_python_decorator to None, run_after=None
[2025-11-12T23:44:07.533+0000] {processor.py:183} INFO - Processing /home/airflow/.local/lib/python3.8/site-packages/airflow/example_dags/example_python_decorator.py took 0.054 seconds
[2025-11-12T23:44:37.682+0000] {processor.py:161} INFO - Started process (PID=1446) to work on /home/airflow/.local/lib/python3.8/site-packages/airflow/example_dags/example_python_decorator.py
[2025-11-12T23:44:37.683+0000] {processor.py:830} INFO - Processing file /home/airflow/.local/lib/python3.8/site-packages/airflow/example_dags/example_python_decorator.py for tasks to queue
[2025-11-12T23:44:37.685+0000] {logging_mixin.py:188} INFO - [2025-11-12T23:44:37.684+0000] {dagbag.py:538} INFO - Filling up the DagBag from /home/airflow/.local/lib/python3.8/site-packages/airflow/example_dags/example_python_decorator.py
[2025-11-12T23:44:37.695+0000] {processor.py:840} INFO - DAG(s) 'example_python_decorator' retrieved from /home/airflow/.local/lib/python3.8/site-packages/airflow/example_dags/example_python_decorator.py
[2025-11-12T23:44:37.713+0000] {logging_mixin.py:188} INFO - [2025-11-12T23:44:37.713+0000] {dag.py:3036} INFO - Sync 1 DAGs
[2025-11-12T23:44:37.722+0000] {logging_mixin.py:188} INFO - [2025-11-12T23:44:37.722+0000] {dag.py:3823} INFO - Setting next_dagrun for example_python_decorator to None, run_after=None
[2025-11-12T23:44:37.735+0000] {processor.py:183} INFO - Processing /home/airflow/.local/lib/python3.8/site-packages/airflow/example_dags/example_python_decorator.py took 0.056 seconds
[2025-11-12T23:45:07.924+0000] {processor.py:161} INFO - Started process (PID=1503) to work on /home/airflow/.local/lib/python3.8/site-packages/airflow/example_dags/example_python_decorator.py
[2025-11-12T23:45:07.924+0000] {processor.py:830} INFO - Processing file /home/airflow/.local/lib/python3.8/site-packages/airflow/example_dags/example_python_decorator.py for tasks to queue
[2025-11-12T23:45:07.925+0000] {logging_mixin.py:188} INFO - [2025-11-12T23:45:07.925+0000] {dagbag.py:538} INFO - Filling up the DagBag from /home/airflow/.local/lib/python3.8/site-packages/airflow/example_dags/example_python_decorator.py
[2025-11-12T23:45:07.936+0000] {processor.py:840} INFO - DAG(s) 'example_python_decorator' retrieved from /home/airflow/.local/lib/python3.8/site-packages/airflow/example_dags/example_python_decorator.py
[2025-11-12T23:45:07.953+0000] {logging_mixin.py:188} INFO - [2025-11-12T23:45:07.952+0000] {dag.py:3036} INFO - Sync 1 DAGs
[2025-11-12T23:45:07.962+0000] {logging_mixin.py:188} INFO - [2025-11-12T23:45:07.962+0000] {dag.py:3823} INFO - Setting next_dagrun for example_python_decorator to None, run_after=None
[2025-11-12T23:45:07.975+0000] {processor.py:183} INFO - Processing /home/airflow/.local/lib/python3.8/site-packages/airflow/example_dags/example_python_decorator.py took 0.054 seconds
[2025-11-12T23:45:38.148+0000] {processor.py:161} INFO - Started process (PID=1560) to work on /home/airflow/.local/lib/python3.8/site-packages/airflow/example_dags/example_python_decorator.py
[2025-11-12T23:45:38.149+0000] {processor.py:830} INFO - Processing file /home/airflow/.local/lib/python3.8/site-packages/airflow/example_dags/example_python_decorator.py for tasks to queue
[2025-11-12T23:45:38.150+0000] {logging_mixin.py:188} INFO - [2025-11-12T23:45:38.150+0000] {dagbag.py:538} INFO - Filling up the DagBag from /home/airflow/.local/lib/python3.8/site-packages/airflow/example_dags/example_python_decorator.py
[2025-11-12T23:45:38.160+0000] {processor.py:840} INFO - DAG(s) 'example_python_decorator' retrieved from /home/airflow/.local/lib/python3.8/site-packages/airflow/example_dags/example_python_decorator.py
[2025-11-12T23:45:38.176+0000] {logging_mixin.py:188} INFO - [2025-11-12T23:45:38.176+0000] {dag.py:3036} INFO - Sync 1 DAGs
[2025-11-12T23:45:38.185+0000] {logging_mixin.py:188} INFO - [2025-11-12T23:45:38.185+0000] {dag.py:3823} INFO - Setting next_dagrun for example_python_decorator to None, run_after=None
[2025-11-12T23:45:38.198+0000] {processor.py:183} INFO - Processing /home/airflow/.local/lib/python3.8/site-packages/airflow/example_dags/example_python_decorator.py took 0.053 seconds
