[2025-11-12T23:32:25.954+0000] {processor.py:161} INFO - Started process (PID=52) to work on /home/airflow/.local/lib/python3.8/site-packages/airflow/example_dags/example_bash_operator.py
[2025-11-12T23:32:25.955+0000] {processor.py:830} INFO - Processing file /home/airflow/.local/lib/python3.8/site-packages/airflow/example_dags/example_bash_operator.py for tasks to queue
[2025-11-12T23:32:25.956+0000] {logging_mixin.py:188} INFO - [2025-11-12T23:32:25.956+0000] {dagbag.py:538} INFO - Filling up the DagBag from /home/airflow/.local/lib/python3.8/site-packages/airflow/example_dags/example_bash_operator.py
[2025-11-12T23:32:25.971+0000] {processor.py:840} INFO - DAG(s) 'example_bash_operator' retrieved from /home/airflow/.local/lib/python3.8/site-packages/airflow/example_dags/example_bash_operator.py
[2025-11-12T23:32:26.168+0000] {logging_mixin.py:188} INFO - [2025-11-12T23:32:26.168+0000] {override.py:1769} INFO - Created Permission View: can delete on DAG:example_bash_operator
[2025-11-12T23:32:26.175+0000] {logging_mixin.py:188} INFO - [2025-11-12T23:32:26.174+0000] {override.py:1769} INFO - Created Permission View: can edit on DAG:example_bash_operator
[2025-11-12T23:32:26.179+0000] {logging_mixin.py:188} INFO - [2025-11-12T23:32:26.179+0000] {override.py:1769} INFO - Created Permission View: can read on DAG:example_bash_operator
[2025-11-12T23:32:26.179+0000] {logging_mixin.py:188} INFO - [2025-11-12T23:32:26.179+0000] {dag.py:3036} INFO - Sync 1 DAGs
[2025-11-12T23:32:26.188+0000] {logging_mixin.py:188} INFO - [2025-11-12T23:32:26.188+0000] {dag.py:3058} INFO - Creating ORM DAG for example_bash_operator
[2025-11-12T23:32:26.197+0000] {logging_mixin.py:188} INFO - [2025-11-12T23:32:26.197+0000] {dag.py:3823} INFO - Setting next_dagrun for example_bash_operator to 2025-11-11 00:00:00+00:00, run_after=2025-11-12 00:00:00+00:00
[2025-11-12T23:32:26.215+0000] {processor.py:183} INFO - Processing /home/airflow/.local/lib/python3.8/site-packages/airflow/example_dags/example_bash_operator.py took 0.263 seconds
[2025-11-12T23:32:56.532+0000] {processor.py:161} INFO - Started process (PID=108) to work on /home/airflow/.local/lib/python3.8/site-packages/airflow/example_dags/example_bash_operator.py
[2025-11-12T23:32:56.532+0000] {processor.py:830} INFO - Processing file /home/airflow/.local/lib/python3.8/site-packages/airflow/example_dags/example_bash_operator.py for tasks to queue
[2025-11-12T23:32:56.534+0000] {logging_mixin.py:188} INFO - [2025-11-12T23:32:56.533+0000] {dagbag.py:538} INFO - Filling up the DagBag from /home/airflow/.local/lib/python3.8/site-packages/airflow/example_dags/example_bash_operator.py
[2025-11-12T23:32:56.543+0000] {processor.py:840} INFO - DAG(s) 'example_bash_operator' retrieved from /home/airflow/.local/lib/python3.8/site-packages/airflow/example_dags/example_bash_operator.py
[2025-11-12T23:32:56.567+0000] {logging_mixin.py:188} INFO - [2025-11-12T23:32:56.567+0000] {dag.py:3036} INFO - Sync 1 DAGs
[2025-11-12T23:32:56.586+0000] {logging_mixin.py:188} INFO - [2025-11-12T23:32:56.585+0000] {dag.py:3823} INFO - Setting next_dagrun for example_bash_operator to 2025-11-11 00:00:00+00:00, run_after=2025-11-12 00:00:00+00:00
[2025-11-12T23:32:56.599+0000] {processor.py:183} INFO - Processing /home/airflow/.local/lib/python3.8/site-packages/airflow/example_dags/example_bash_operator.py took 0.070 seconds
[2025-11-12T23:33:26.924+0000] {processor.py:161} INFO - Started process (PID=165) to work on /home/airflow/.local/lib/python3.8/site-packages/airflow/example_dags/example_bash_operator.py
[2025-11-12T23:33:26.925+0000] {processor.py:830} INFO - Processing file /home/airflow/.local/lib/python3.8/site-packages/airflow/example_dags/example_bash_operator.py for tasks to queue
[2025-11-12T23:33:26.926+0000] {logging_mixin.py:188} INFO - [2025-11-12T23:33:26.926+0000] {dagbag.py:538} INFO - Filling up the DagBag from /home/airflow/.local/lib/python3.8/site-packages/airflow/example_dags/example_bash_operator.py
[2025-11-12T23:33:26.935+0000] {processor.py:840} INFO - DAG(s) 'example_bash_operator' retrieved from /home/airflow/.local/lib/python3.8/site-packages/airflow/example_dags/example_bash_operator.py
[2025-11-12T23:33:26.958+0000] {logging_mixin.py:188} INFO - [2025-11-12T23:33:26.958+0000] {dag.py:3036} INFO - Sync 1 DAGs
[2025-11-12T23:33:26.977+0000] {logging_mixin.py:188} INFO - [2025-11-12T23:33:26.977+0000] {dag.py:3823} INFO - Setting next_dagrun for example_bash_operator to 2025-11-11 00:00:00+00:00, run_after=2025-11-12 00:00:00+00:00
[2025-11-12T23:33:26.991+0000] {processor.py:183} INFO - Processing /home/airflow/.local/lib/python3.8/site-packages/airflow/example_dags/example_bash_operator.py took 0.069 seconds
[2025-11-12T23:33:57.152+0000] {processor.py:161} INFO - Started process (PID=222) to work on /home/airflow/.local/lib/python3.8/site-packages/airflow/example_dags/example_bash_operator.py
[2025-11-12T23:33:57.153+0000] {processor.py:830} INFO - Processing file /home/airflow/.local/lib/python3.8/site-packages/airflow/example_dags/example_bash_operator.py for tasks to queue
[2025-11-12T23:33:57.154+0000] {logging_mixin.py:188} INFO - [2025-11-12T23:33:57.154+0000] {dagbag.py:538} INFO - Filling up the DagBag from /home/airflow/.local/lib/python3.8/site-packages/airflow/example_dags/example_bash_operator.py
[2025-11-12T23:33:57.163+0000] {processor.py:840} INFO - DAG(s) 'example_bash_operator' retrieved from /home/airflow/.local/lib/python3.8/site-packages/airflow/example_dags/example_bash_operator.py
[2025-11-12T23:33:57.185+0000] {logging_mixin.py:188} INFO - [2025-11-12T23:33:57.185+0000] {dag.py:3036} INFO - Sync 1 DAGs
[2025-11-12T23:33:57.203+0000] {logging_mixin.py:188} INFO - [2025-11-12T23:33:57.203+0000] {dag.py:3823} INFO - Setting next_dagrun for example_bash_operator to 2025-11-11 00:00:00+00:00, run_after=2025-11-12 00:00:00+00:00
[2025-11-12T23:33:57.215+0000] {processor.py:183} INFO - Processing /home/airflow/.local/lib/python3.8/site-packages/airflow/example_dags/example_bash_operator.py took 0.066 seconds
[2025-11-12T23:34:27.418+0000] {processor.py:161} INFO - Started process (PID=279) to work on /home/airflow/.local/lib/python3.8/site-packages/airflow/example_dags/example_bash_operator.py
[2025-11-12T23:34:27.419+0000] {processor.py:830} INFO - Processing file /home/airflow/.local/lib/python3.8/site-packages/airflow/example_dags/example_bash_operator.py for tasks to queue
[2025-11-12T23:34:27.421+0000] {logging_mixin.py:188} INFO - [2025-11-12T23:34:27.421+0000] {dagbag.py:538} INFO - Filling up the DagBag from /home/airflow/.local/lib/python3.8/site-packages/airflow/example_dags/example_bash_operator.py
[2025-11-12T23:34:27.431+0000] {processor.py:840} INFO - DAG(s) 'example_bash_operator' retrieved from /home/airflow/.local/lib/python3.8/site-packages/airflow/example_dags/example_bash_operator.py
[2025-11-12T23:34:27.454+0000] {logging_mixin.py:188} INFO - [2025-11-12T23:34:27.454+0000] {dag.py:3036} INFO - Sync 1 DAGs
[2025-11-12T23:34:27.472+0000] {logging_mixin.py:188} INFO - [2025-11-12T23:34:27.472+0000] {dag.py:3823} INFO - Setting next_dagrun for example_bash_operator to 2025-11-11 00:00:00+00:00, run_after=2025-11-12 00:00:00+00:00
[2025-11-12T23:34:27.485+0000] {processor.py:183} INFO - Processing /home/airflow/.local/lib/python3.8/site-packages/airflow/example_dags/example_bash_operator.py took 0.069 seconds
[2025-11-12T23:34:57.519+0000] {processor.py:161} INFO - Started process (PID=336) to work on /home/airflow/.local/lib/python3.8/site-packages/airflow/example_dags/example_bash_operator.py
[2025-11-12T23:34:57.520+0000] {processor.py:830} INFO - Processing file /home/airflow/.local/lib/python3.8/site-packages/airflow/example_dags/example_bash_operator.py for tasks to queue
[2025-11-12T23:34:57.522+0000] {logging_mixin.py:188} INFO - [2025-11-12T23:34:57.522+0000] {dagbag.py:538} INFO - Filling up the DagBag from /home/airflow/.local/lib/python3.8/site-packages/airflow/example_dags/example_bash_operator.py
[2025-11-12T23:34:57.531+0000] {processor.py:840} INFO - DAG(s) 'example_bash_operator' retrieved from /home/airflow/.local/lib/python3.8/site-packages/airflow/example_dags/example_bash_operator.py
[2025-11-12T23:34:57.554+0000] {logging_mixin.py:188} INFO - [2025-11-12T23:34:57.554+0000] {dag.py:3036} INFO - Sync 1 DAGs
[2025-11-12T23:34:57.573+0000] {logging_mixin.py:188} INFO - [2025-11-12T23:34:57.573+0000] {dag.py:3823} INFO - Setting next_dagrun for example_bash_operator to 2025-11-11 00:00:00+00:00, run_after=2025-11-12 00:00:00+00:00
[2025-11-12T23:34:57.586+0000] {processor.py:183} INFO - Processing /home/airflow/.local/lib/python3.8/site-packages/airflow/example_dags/example_bash_operator.py took 0.070 seconds
[2025-11-12T23:35:27.820+0000] {processor.py:161} INFO - Started process (PID=393) to work on /home/airflow/.local/lib/python3.8/site-packages/airflow/example_dags/example_bash_operator.py
[2025-11-12T23:35:27.821+0000] {processor.py:830} INFO - Processing file /home/airflow/.local/lib/python3.8/site-packages/airflow/example_dags/example_bash_operator.py for tasks to queue
[2025-11-12T23:35:27.823+0000] {logging_mixin.py:188} INFO - [2025-11-12T23:35:27.823+0000] {dagbag.py:538} INFO - Filling up the DagBag from /home/airflow/.local/lib/python3.8/site-packages/airflow/example_dags/example_bash_operator.py
[2025-11-12T23:35:27.832+0000] {processor.py:840} INFO - DAG(s) 'example_bash_operator' retrieved from /home/airflow/.local/lib/python3.8/site-packages/airflow/example_dags/example_bash_operator.py
[2025-11-12T23:35:27.856+0000] {logging_mixin.py:188} INFO - [2025-11-12T23:35:27.856+0000] {dag.py:3036} INFO - Sync 1 DAGs
[2025-11-12T23:35:27.874+0000] {logging_mixin.py:188} INFO - [2025-11-12T23:35:27.874+0000] {dag.py:3823} INFO - Setting next_dagrun for example_bash_operator to 2025-11-11 00:00:00+00:00, run_after=2025-11-12 00:00:00+00:00
[2025-11-12T23:35:27.888+0000] {processor.py:183} INFO - Processing /home/airflow/.local/lib/python3.8/site-packages/airflow/example_dags/example_bash_operator.py took 0.070 seconds
[2025-11-12T23:35:58.220+0000] {processor.py:161} INFO - Started process (PID=450) to work on /home/airflow/.local/lib/python3.8/site-packages/airflow/example_dags/example_bash_operator.py
[2025-11-12T23:35:58.220+0000] {processor.py:830} INFO - Processing file /home/airflow/.local/lib/python3.8/site-packages/airflow/example_dags/example_bash_operator.py for tasks to queue
[2025-11-12T23:35:58.222+0000] {logging_mixin.py:188} INFO - [2025-11-12T23:35:58.222+0000] {dagbag.py:538} INFO - Filling up the DagBag from /home/airflow/.local/lib/python3.8/site-packages/airflow/example_dags/example_bash_operator.py
[2025-11-12T23:35:58.231+0000] {processor.py:840} INFO - DAG(s) 'example_bash_operator' retrieved from /home/airflow/.local/lib/python3.8/site-packages/airflow/example_dags/example_bash_operator.py
[2025-11-12T23:35:58.254+0000] {logging_mixin.py:188} INFO - [2025-11-12T23:35:58.254+0000] {dag.py:3036} INFO - Sync 1 DAGs
[2025-11-12T23:35:58.274+0000] {logging_mixin.py:188} INFO - [2025-11-12T23:35:58.274+0000] {dag.py:3823} INFO - Setting next_dagrun for example_bash_operator to 2025-11-11 00:00:00+00:00, run_after=2025-11-12 00:00:00+00:00
[2025-11-12T23:35:58.288+0000] {processor.py:183} INFO - Processing /home/airflow/.local/lib/python3.8/site-packages/airflow/example_dags/example_bash_operator.py took 0.071 seconds
[2025-11-12T23:36:28.465+0000] {processor.py:161} INFO - Started process (PID=507) to work on /home/airflow/.local/lib/python3.8/site-packages/airflow/example_dags/example_bash_operator.py
[2025-11-12T23:36:28.466+0000] {processor.py:830} INFO - Processing file /home/airflow/.local/lib/python3.8/site-packages/airflow/example_dags/example_bash_operator.py for tasks to queue
[2025-11-12T23:36:28.467+0000] {logging_mixin.py:188} INFO - [2025-11-12T23:36:28.467+0000] {dagbag.py:538} INFO - Filling up the DagBag from /home/airflow/.local/lib/python3.8/site-packages/airflow/example_dags/example_bash_operator.py
[2025-11-12T23:36:28.476+0000] {processor.py:840} INFO - DAG(s) 'example_bash_operator' retrieved from /home/airflow/.local/lib/python3.8/site-packages/airflow/example_dags/example_bash_operator.py
[2025-11-12T23:36:28.499+0000] {logging_mixin.py:188} INFO - [2025-11-12T23:36:28.498+0000] {dag.py:3036} INFO - Sync 1 DAGs
[2025-11-12T23:36:28.516+0000] {logging_mixin.py:188} INFO - [2025-11-12T23:36:28.515+0000] {dag.py:3823} INFO - Setting next_dagrun for example_bash_operator to 2025-11-11 00:00:00+00:00, run_after=2025-11-12 00:00:00+00:00
[2025-11-12T23:36:28.529+0000] {processor.py:183} INFO - Processing /home/airflow/.local/lib/python3.8/site-packages/airflow/example_dags/example_bash_operator.py took 0.067 seconds
[2025-11-12T23:36:58.832+0000] {processor.py:161} INFO - Started process (PID=564) to work on /home/airflow/.local/lib/python3.8/site-packages/airflow/example_dags/example_bash_operator.py
[2025-11-12T23:36:58.833+0000] {processor.py:830} INFO - Processing file /home/airflow/.local/lib/python3.8/site-packages/airflow/example_dags/example_bash_operator.py for tasks to queue
[2025-11-12T23:36:58.834+0000] {logging_mixin.py:188} INFO - [2025-11-12T23:36:58.834+0000] {dagbag.py:538} INFO - Filling up the DagBag from /home/airflow/.local/lib/python3.8/site-packages/airflow/example_dags/example_bash_operator.py
[2025-11-12T23:36:58.844+0000] {processor.py:840} INFO - DAG(s) 'example_bash_operator' retrieved from /home/airflow/.local/lib/python3.8/site-packages/airflow/example_dags/example_bash_operator.py
[2025-11-12T23:36:58.867+0000] {logging_mixin.py:188} INFO - [2025-11-12T23:36:58.866+0000] {dag.py:3036} INFO - Sync 1 DAGs
[2025-11-12T23:36:58.884+0000] {logging_mixin.py:188} INFO - [2025-11-12T23:36:58.883+0000] {dag.py:3823} INFO - Setting next_dagrun for example_bash_operator to 2025-11-11 00:00:00+00:00, run_after=2025-11-12 00:00:00+00:00
[2025-11-12T23:36:58.897+0000] {processor.py:183} INFO - Processing /home/airflow/.local/lib/python3.8/site-packages/airflow/example_dags/example_bash_operator.py took 0.067 seconds
[2025-11-12T23:37:29.091+0000] {processor.py:161} INFO - Started process (PID=621) to work on /home/airflow/.local/lib/python3.8/site-packages/airflow/example_dags/example_bash_operator.py
[2025-11-12T23:37:29.092+0000] {processor.py:830} INFO - Processing file /home/airflow/.local/lib/python3.8/site-packages/airflow/example_dags/example_bash_operator.py for tasks to queue
[2025-11-12T23:37:29.094+0000] {logging_mixin.py:188} INFO - [2025-11-12T23:37:29.093+0000] {dagbag.py:538} INFO - Filling up the DagBag from /home/airflow/.local/lib/python3.8/site-packages/airflow/example_dags/example_bash_operator.py
[2025-11-12T23:37:29.102+0000] {processor.py:840} INFO - DAG(s) 'example_bash_operator' retrieved from /home/airflow/.local/lib/python3.8/site-packages/airflow/example_dags/example_bash_operator.py
[2025-11-12T23:37:29.125+0000] {logging_mixin.py:188} INFO - [2025-11-12T23:37:29.125+0000] {dag.py:3036} INFO - Sync 1 DAGs
[2025-11-12T23:37:29.142+0000] {logging_mixin.py:188} INFO - [2025-11-12T23:37:29.142+0000] {dag.py:3823} INFO - Setting next_dagrun for example_bash_operator to 2025-11-11 00:00:00+00:00, run_after=2025-11-12 00:00:00+00:00
[2025-11-12T23:37:29.154+0000] {processor.py:183} INFO - Processing /home/airflow/.local/lib/python3.8/site-packages/airflow/example_dags/example_bash_operator.py took 0.066 seconds
[2025-11-12T23:37:59.321+0000] {processor.py:161} INFO - Started process (PID=678) to work on /home/airflow/.local/lib/python3.8/site-packages/airflow/example_dags/example_bash_operator.py
[2025-11-12T23:37:59.321+0000] {processor.py:830} INFO - Processing file /home/airflow/.local/lib/python3.8/site-packages/airflow/example_dags/example_bash_operator.py for tasks to queue
[2025-11-12T23:37:59.323+0000] {logging_mixin.py:188} INFO - [2025-11-12T23:37:59.323+0000] {dagbag.py:538} INFO - Filling up the DagBag from /home/airflow/.local/lib/python3.8/site-packages/airflow/example_dags/example_bash_operator.py
[2025-11-12T23:37:59.332+0000] {processor.py:840} INFO - DAG(s) 'example_bash_operator' retrieved from /home/airflow/.local/lib/python3.8/site-packages/airflow/example_dags/example_bash_operator.py
[2025-11-12T23:37:59.356+0000] {logging_mixin.py:188} INFO - [2025-11-12T23:37:59.355+0000] {dag.py:3036} INFO - Sync 1 DAGs
[2025-11-12T23:37:59.373+0000] {logging_mixin.py:188} INFO - [2025-11-12T23:37:59.373+0000] {dag.py:3823} INFO - Setting next_dagrun for example_bash_operator to 2025-11-11 00:00:00+00:00, run_after=2025-11-12 00:00:00+00:00
[2025-11-12T23:37:59.386+0000] {processor.py:183} INFO - Processing /home/airflow/.local/lib/python3.8/site-packages/airflow/example_dags/example_bash_operator.py took 0.067 seconds
[2025-11-12T23:38:29.678+0000] {processor.py:161} INFO - Started process (PID=735) to work on /home/airflow/.local/lib/python3.8/site-packages/airflow/example_dags/example_bash_operator.py
[2025-11-12T23:38:29.679+0000] {processor.py:830} INFO - Processing file /home/airflow/.local/lib/python3.8/site-packages/airflow/example_dags/example_bash_operator.py for tasks to queue
[2025-11-12T23:38:29.680+0000] {logging_mixin.py:188} INFO - [2025-11-12T23:38:29.680+0000] {dagbag.py:538} INFO - Filling up the DagBag from /home/airflow/.local/lib/python3.8/site-packages/airflow/example_dags/example_bash_operator.py
[2025-11-12T23:38:29.689+0000] {processor.py:840} INFO - DAG(s) 'example_bash_operator' retrieved from /home/airflow/.local/lib/python3.8/site-packages/airflow/example_dags/example_bash_operator.py
[2025-11-12T23:38:29.712+0000] {logging_mixin.py:188} INFO - [2025-11-12T23:38:29.712+0000] {dag.py:3036} INFO - Sync 1 DAGs
[2025-11-12T23:38:29.729+0000] {logging_mixin.py:188} INFO - [2025-11-12T23:38:29.728+0000] {dag.py:3823} INFO - Setting next_dagrun for example_bash_operator to 2025-11-11 00:00:00+00:00, run_after=2025-11-12 00:00:00+00:00
[2025-11-12T23:38:29.740+0000] {processor.py:183} INFO - Processing /home/airflow/.local/lib/python3.8/site-packages/airflow/example_dags/example_bash_operator.py took 0.065 seconds
[2025-11-12T23:39:00.028+0000] {processor.py:161} INFO - Started process (PID=798) to work on /home/airflow/.local/lib/python3.8/site-packages/airflow/example_dags/example_bash_operator.py
[2025-11-12T23:39:00.028+0000] {processor.py:830} INFO - Processing file /home/airflow/.local/lib/python3.8/site-packages/airflow/example_dags/example_bash_operator.py for tasks to queue
[2025-11-12T23:39:00.030+0000] {logging_mixin.py:188} INFO - [2025-11-12T23:39:00.029+0000] {dagbag.py:538} INFO - Filling up the DagBag from /home/airflow/.local/lib/python3.8/site-packages/airflow/example_dags/example_bash_operator.py
[2025-11-12T23:39:00.038+0000] {processor.py:840} INFO - DAG(s) 'example_bash_operator' retrieved from /home/airflow/.local/lib/python3.8/site-packages/airflow/example_dags/example_bash_operator.py
[2025-11-12T23:39:00.062+0000] {logging_mixin.py:188} INFO - [2025-11-12T23:39:00.061+0000] {dag.py:3036} INFO - Sync 1 DAGs
[2025-11-12T23:39:00.078+0000] {logging_mixin.py:188} INFO - [2025-11-12T23:39:00.078+0000] {dag.py:3823} INFO - Setting next_dagrun for example_bash_operator to 2025-11-11 00:00:00+00:00, run_after=2025-11-12 00:00:00+00:00
[2025-11-12T23:39:00.090+0000] {processor.py:183} INFO - Processing /home/airflow/.local/lib/python3.8/site-packages/airflow/example_dags/example_bash_operator.py took 0.065 seconds
[2025-11-12T23:39:30.412+0000] {processor.py:161} INFO - Started process (PID=855) to work on /home/airflow/.local/lib/python3.8/site-packages/airflow/example_dags/example_bash_operator.py
[2025-11-12T23:39:30.413+0000] {processor.py:830} INFO - Processing file /home/airflow/.local/lib/python3.8/site-packages/airflow/example_dags/example_bash_operator.py for tasks to queue
[2025-11-12T23:39:30.414+0000] {logging_mixin.py:188} INFO - [2025-11-12T23:39:30.414+0000] {dagbag.py:538} INFO - Filling up the DagBag from /home/airflow/.local/lib/python3.8/site-packages/airflow/example_dags/example_bash_operator.py
[2025-11-12T23:39:30.423+0000] {processor.py:840} INFO - DAG(s) 'example_bash_operator' retrieved from /home/airflow/.local/lib/python3.8/site-packages/airflow/example_dags/example_bash_operator.py
[2025-11-12T23:39:30.446+0000] {logging_mixin.py:188} INFO - [2025-11-12T23:39:30.446+0000] {dag.py:3036} INFO - Sync 1 DAGs
[2025-11-12T23:39:30.462+0000] {logging_mixin.py:188} INFO - [2025-11-12T23:39:30.462+0000] {dag.py:3823} INFO - Setting next_dagrun for example_bash_operator to 2025-11-11 00:00:00+00:00, run_after=2025-11-12 00:00:00+00:00
[2025-11-12T23:39:30.475+0000] {processor.py:183} INFO - Processing /home/airflow/.local/lib/python3.8/site-packages/airflow/example_dags/example_bash_operator.py took 0.066 seconds
[2025-11-12T23:40:00.703+0000] {processor.py:161} INFO - Started process (PID=912) to work on /home/airflow/.local/lib/python3.8/site-packages/airflow/example_dags/example_bash_operator.py
[2025-11-12T23:40:00.703+0000] {processor.py:830} INFO - Processing file /home/airflow/.local/lib/python3.8/site-packages/airflow/example_dags/example_bash_operator.py for tasks to queue
[2025-11-12T23:40:00.705+0000] {logging_mixin.py:188} INFO - [2025-11-12T23:40:00.704+0000] {dagbag.py:538} INFO - Filling up the DagBag from /home/airflow/.local/lib/python3.8/site-packages/airflow/example_dags/example_bash_operator.py
[2025-11-12T23:40:00.714+0000] {processor.py:840} INFO - DAG(s) 'example_bash_operator' retrieved from /home/airflow/.local/lib/python3.8/site-packages/airflow/example_dags/example_bash_operator.py
[2025-11-12T23:40:00.737+0000] {logging_mixin.py:188} INFO - [2025-11-12T23:40:00.737+0000] {dag.py:3036} INFO - Sync 1 DAGs
[2025-11-12T23:40:00.755+0000] {logging_mixin.py:188} INFO - [2025-11-12T23:40:00.754+0000] {dag.py:3823} INFO - Setting next_dagrun for example_bash_operator to 2025-11-11 00:00:00+00:00, run_after=2025-11-12 00:00:00+00:00
[2025-11-12T23:40:00.768+0000] {processor.py:183} INFO - Processing /home/airflow/.local/lib/python3.8/site-packages/airflow/example_dags/example_bash_operator.py took 0.068 seconds
[2025-11-12T23:40:30.813+0000] {processor.py:161} INFO - Started process (PID=969) to work on /home/airflow/.local/lib/python3.8/site-packages/airflow/example_dags/example_bash_operator.py
[2025-11-12T23:40:30.814+0000] {processor.py:830} INFO - Processing file /home/airflow/.local/lib/python3.8/site-packages/airflow/example_dags/example_bash_operator.py for tasks to queue
[2025-11-12T23:40:30.815+0000] {logging_mixin.py:188} INFO - [2025-11-12T23:40:30.815+0000] {dagbag.py:538} INFO - Filling up the DagBag from /home/airflow/.local/lib/python3.8/site-packages/airflow/example_dags/example_bash_operator.py
[2025-11-12T23:40:30.825+0000] {processor.py:840} INFO - DAG(s) 'example_bash_operator' retrieved from /home/airflow/.local/lib/python3.8/site-packages/airflow/example_dags/example_bash_operator.py
[2025-11-12T23:40:30.848+0000] {logging_mixin.py:188} INFO - [2025-11-12T23:40:30.848+0000] {dag.py:3036} INFO - Sync 1 DAGs
[2025-11-12T23:40:30.865+0000] {logging_mixin.py:188} INFO - [2025-11-12T23:40:30.864+0000] {dag.py:3823} INFO - Setting next_dagrun for example_bash_operator to 2025-11-11 00:00:00+00:00, run_after=2025-11-12 00:00:00+00:00
[2025-11-12T23:40:30.877+0000] {processor.py:183} INFO - Processing /home/airflow/.local/lib/python3.8/site-packages/airflow/example_dags/example_bash_operator.py took 0.067 seconds
[2025-11-12T23:41:01.048+0000] {processor.py:161} INFO - Started process (PID=1026) to work on /home/airflow/.local/lib/python3.8/site-packages/airflow/example_dags/example_bash_operator.py
[2025-11-12T23:41:01.050+0000] {processor.py:830} INFO - Processing file /home/airflow/.local/lib/python3.8/site-packages/airflow/example_dags/example_bash_operator.py for tasks to queue
[2025-11-12T23:41:01.051+0000] {logging_mixin.py:188} INFO - [2025-11-12T23:41:01.051+0000] {dagbag.py:538} INFO - Filling up the DagBag from /home/airflow/.local/lib/python3.8/site-packages/airflow/example_dags/example_bash_operator.py
[2025-11-12T23:41:01.060+0000] {processor.py:840} INFO - DAG(s) 'example_bash_operator' retrieved from /home/airflow/.local/lib/python3.8/site-packages/airflow/example_dags/example_bash_operator.py
[2025-11-12T23:41:01.083+0000] {logging_mixin.py:188} INFO - [2025-11-12T23:41:01.083+0000] {dag.py:3036} INFO - Sync 1 DAGs
[2025-11-12T23:41:01.101+0000] {logging_mixin.py:188} INFO - [2025-11-12T23:41:01.101+0000] {dag.py:3823} INFO - Setting next_dagrun for example_bash_operator to 2025-11-11 00:00:00+00:00, run_after=2025-11-12 00:00:00+00:00
[2025-11-12T23:41:01.117+0000] {processor.py:183} INFO - Processing /home/airflow/.local/lib/python3.8/site-packages/airflow/example_dags/example_bash_operator.py took 0.071 seconds
[2025-11-12T23:41:31.275+0000] {processor.py:161} INFO - Started process (PID=1083) to work on /home/airflow/.local/lib/python3.8/site-packages/airflow/example_dags/example_bash_operator.py
[2025-11-12T23:41:31.276+0000] {processor.py:830} INFO - Processing file /home/airflow/.local/lib/python3.8/site-packages/airflow/example_dags/example_bash_operator.py for tasks to queue
[2025-11-12T23:41:31.278+0000] {logging_mixin.py:188} INFO - [2025-11-12T23:41:31.277+0000] {dagbag.py:538} INFO - Filling up the DagBag from /home/airflow/.local/lib/python3.8/site-packages/airflow/example_dags/example_bash_operator.py
[2025-11-12T23:41:31.286+0000] {processor.py:840} INFO - DAG(s) 'example_bash_operator' retrieved from /home/airflow/.local/lib/python3.8/site-packages/airflow/example_dags/example_bash_operator.py
[2025-11-12T23:41:31.310+0000] {logging_mixin.py:188} INFO - [2025-11-12T23:41:31.310+0000] {dag.py:3036} INFO - Sync 1 DAGs
[2025-11-12T23:41:31.330+0000] {logging_mixin.py:188} INFO - [2025-11-12T23:41:31.330+0000] {dag.py:3823} INFO - Setting next_dagrun for example_bash_operator to 2025-11-11 00:00:00+00:00, run_after=2025-11-12 00:00:00+00:00
[2025-11-12T23:41:31.344+0000] {processor.py:183} INFO - Processing /home/airflow/.local/lib/python3.8/site-packages/airflow/example_dags/example_bash_operator.py took 0.071 seconds
[2025-11-12T23:42:01.410+0000] {processor.py:161} INFO - Started process (PID=1140) to work on /home/airflow/.local/lib/python3.8/site-packages/airflow/example_dags/example_bash_operator.py
[2025-11-12T23:42:01.410+0000] {processor.py:830} INFO - Processing file /home/airflow/.local/lib/python3.8/site-packages/airflow/example_dags/example_bash_operator.py for tasks to queue
[2025-11-12T23:42:01.412+0000] {logging_mixin.py:188} INFO - [2025-11-12T23:42:01.411+0000] {dagbag.py:538} INFO - Filling up the DagBag from /home/airflow/.local/lib/python3.8/site-packages/airflow/example_dags/example_bash_operator.py
[2025-11-12T23:42:01.421+0000] {processor.py:840} INFO - DAG(s) 'example_bash_operator' retrieved from /home/airflow/.local/lib/python3.8/site-packages/airflow/example_dags/example_bash_operator.py
[2025-11-12T23:42:01.445+0000] {logging_mixin.py:188} INFO - [2025-11-12T23:42:01.444+0000] {dag.py:3036} INFO - Sync 1 DAGs
[2025-11-12T23:42:01.462+0000] {logging_mixin.py:188} INFO - [2025-11-12T23:42:01.461+0000] {dag.py:3823} INFO - Setting next_dagrun for example_bash_operator to 2025-11-11 00:00:00+00:00, run_after=2025-11-12 00:00:00+00:00
[2025-11-12T23:42:01.476+0000] {processor.py:183} INFO - Processing /home/airflow/.local/lib/python3.8/site-packages/airflow/example_dags/example_bash_operator.py took 0.069 seconds
[2025-11-12T23:42:31.745+0000] {processor.py:161} INFO - Started process (PID=1197) to work on /home/airflow/.local/lib/python3.8/site-packages/airflow/example_dags/example_bash_operator.py
[2025-11-12T23:42:31.746+0000] {processor.py:830} INFO - Processing file /home/airflow/.local/lib/python3.8/site-packages/airflow/example_dags/example_bash_operator.py for tasks to queue
[2025-11-12T23:42:31.747+0000] {logging_mixin.py:188} INFO - [2025-11-12T23:42:31.747+0000] {dagbag.py:538} INFO - Filling up the DagBag from /home/airflow/.local/lib/python3.8/site-packages/airflow/example_dags/example_bash_operator.py
[2025-11-12T23:42:31.756+0000] {processor.py:840} INFO - DAG(s) 'example_bash_operator' retrieved from /home/airflow/.local/lib/python3.8/site-packages/airflow/example_dags/example_bash_operator.py
[2025-11-12T23:42:31.780+0000] {logging_mixin.py:188} INFO - [2025-11-12T23:42:31.780+0000] {dag.py:3036} INFO - Sync 1 DAGs
[2025-11-12T23:42:31.798+0000] {logging_mixin.py:188} INFO - [2025-11-12T23:42:31.797+0000] {dag.py:3823} INFO - Setting next_dagrun for example_bash_operator to 2025-11-11 00:00:00+00:00, run_after=2025-11-12 00:00:00+00:00
[2025-11-12T23:42:31.812+0000] {processor.py:183} INFO - Processing /home/airflow/.local/lib/python3.8/site-packages/airflow/example_dags/example_bash_operator.py took 0.070 seconds
[2025-11-12T23:43:02.125+0000] {processor.py:161} INFO - Started process (PID=1254) to work on /home/airflow/.local/lib/python3.8/site-packages/airflow/example_dags/example_bash_operator.py
[2025-11-12T23:43:02.126+0000] {processor.py:830} INFO - Processing file /home/airflow/.local/lib/python3.8/site-packages/airflow/example_dags/example_bash_operator.py for tasks to queue
[2025-11-12T23:43:02.127+0000] {logging_mixin.py:188} INFO - [2025-11-12T23:43:02.127+0000] {dagbag.py:538} INFO - Filling up the DagBag from /home/airflow/.local/lib/python3.8/site-packages/airflow/example_dags/example_bash_operator.py
[2025-11-12T23:43:02.136+0000] {processor.py:840} INFO - DAG(s) 'example_bash_operator' retrieved from /home/airflow/.local/lib/python3.8/site-packages/airflow/example_dags/example_bash_operator.py
[2025-11-12T23:43:02.159+0000] {logging_mixin.py:188} INFO - [2025-11-12T23:43:02.159+0000] {dag.py:3036} INFO - Sync 1 DAGs
[2025-11-12T23:43:02.176+0000] {logging_mixin.py:188} INFO - [2025-11-12T23:43:02.176+0000] {dag.py:3823} INFO - Setting next_dagrun for example_bash_operator to 2025-11-11 00:00:00+00:00, run_after=2025-11-12 00:00:00+00:00
[2025-11-12T23:43:02.189+0000] {processor.py:183} INFO - Processing /home/airflow/.local/lib/python3.8/site-packages/airflow/example_dags/example_bash_operator.py took 0.066 seconds
[2025-11-12T23:43:32.295+0000] {processor.py:161} INFO - Started process (PID=1311) to work on /home/airflow/.local/lib/python3.8/site-packages/airflow/example_dags/example_bash_operator.py
[2025-11-12T23:43:32.296+0000] {processor.py:830} INFO - Processing file /home/airflow/.local/lib/python3.8/site-packages/airflow/example_dags/example_bash_operator.py for tasks to queue
[2025-11-12T23:43:32.297+0000] {logging_mixin.py:188} INFO - [2025-11-12T23:43:32.297+0000] {dagbag.py:538} INFO - Filling up the DagBag from /home/airflow/.local/lib/python3.8/site-packages/airflow/example_dags/example_bash_operator.py
[2025-11-12T23:43:32.307+0000] {processor.py:840} INFO - DAG(s) 'example_bash_operator' retrieved from /home/airflow/.local/lib/python3.8/site-packages/airflow/example_dags/example_bash_operator.py
[2025-11-12T23:43:32.333+0000] {logging_mixin.py:188} INFO - [2025-11-12T23:43:32.333+0000] {dag.py:3036} INFO - Sync 1 DAGs
[2025-11-12T23:43:32.349+0000] {logging_mixin.py:188} INFO - [2025-11-12T23:43:32.349+0000] {dag.py:3823} INFO - Setting next_dagrun for example_bash_operator to 2025-11-11 00:00:00+00:00, run_after=2025-11-12 00:00:00+00:00
[2025-11-12T23:43:32.361+0000] {processor.py:183} INFO - Processing /home/airflow/.local/lib/python3.8/site-packages/airflow/example_dags/example_bash_operator.py took 0.069 seconds
[2025-11-12T23:44:02.707+0000] {processor.py:161} INFO - Started process (PID=1368) to work on /home/airflow/.local/lib/python3.8/site-packages/airflow/example_dags/example_bash_operator.py
[2025-11-12T23:44:02.708+0000] {processor.py:830} INFO - Processing file /home/airflow/.local/lib/python3.8/site-packages/airflow/example_dags/example_bash_operator.py for tasks to queue
[2025-11-12T23:44:02.709+0000] {logging_mixin.py:188} INFO - [2025-11-12T23:44:02.709+0000] {dagbag.py:538} INFO - Filling up the DagBag from /home/airflow/.local/lib/python3.8/site-packages/airflow/example_dags/example_bash_operator.py
[2025-11-12T23:44:02.719+0000] {processor.py:840} INFO - DAG(s) 'example_bash_operator' retrieved from /home/airflow/.local/lib/python3.8/site-packages/airflow/example_dags/example_bash_operator.py
[2025-11-12T23:44:02.743+0000] {logging_mixin.py:188} INFO - [2025-11-12T23:44:02.743+0000] {dag.py:3036} INFO - Sync 1 DAGs
[2025-11-12T23:44:02.761+0000] {logging_mixin.py:188} INFO - [2025-11-12T23:44:02.761+0000] {dag.py:3823} INFO - Setting next_dagrun for example_bash_operator to 2025-11-11 00:00:00+00:00, run_after=2025-11-12 00:00:00+00:00
[2025-11-12T23:44:02.774+0000] {processor.py:183} INFO - Processing /home/airflow/.local/lib/python3.8/site-packages/airflow/example_dags/example_bash_operator.py took 0.069 seconds
[2025-11-12T23:44:32.860+0000] {processor.py:161} INFO - Started process (PID=1425) to work on /home/airflow/.local/lib/python3.8/site-packages/airflow/example_dags/example_bash_operator.py
[2025-11-12T23:44:32.861+0000] {processor.py:830} INFO - Processing file /home/airflow/.local/lib/python3.8/site-packages/airflow/example_dags/example_bash_operator.py for tasks to queue
[2025-11-12T23:44:32.863+0000] {logging_mixin.py:188} INFO - [2025-11-12T23:44:32.862+0000] {dagbag.py:538} INFO - Filling up the DagBag from /home/airflow/.local/lib/python3.8/site-packages/airflow/example_dags/example_bash_operator.py
[2025-11-12T23:44:32.872+0000] {processor.py:840} INFO - DAG(s) 'example_bash_operator' retrieved from /home/airflow/.local/lib/python3.8/site-packages/airflow/example_dags/example_bash_operator.py
[2025-11-12T23:44:32.895+0000] {logging_mixin.py:188} INFO - [2025-11-12T23:44:32.894+0000] {dag.py:3036} INFO - Sync 1 DAGs
[2025-11-12T23:44:32.913+0000] {logging_mixin.py:188} INFO - [2025-11-12T23:44:32.912+0000] {dag.py:3823} INFO - Setting next_dagrun for example_bash_operator to 2025-11-11 00:00:00+00:00, run_after=2025-11-12 00:00:00+00:00
[2025-11-12T23:44:32.925+0000] {processor.py:183} INFO - Processing /home/airflow/.local/lib/python3.8/site-packages/airflow/example_dags/example_bash_operator.py took 0.067 seconds
[2025-11-12T23:45:03.161+0000] {processor.py:161} INFO - Started process (PID=1482) to work on /home/airflow/.local/lib/python3.8/site-packages/airflow/example_dags/example_bash_operator.py
[2025-11-12T23:45:03.162+0000] {processor.py:830} INFO - Processing file /home/airflow/.local/lib/python3.8/site-packages/airflow/example_dags/example_bash_operator.py for tasks to queue
[2025-11-12T23:45:03.163+0000] {logging_mixin.py:188} INFO - [2025-11-12T23:45:03.163+0000] {dagbag.py:538} INFO - Filling up the DagBag from /home/airflow/.local/lib/python3.8/site-packages/airflow/example_dags/example_bash_operator.py
[2025-11-12T23:45:03.172+0000] {processor.py:840} INFO - DAG(s) 'example_bash_operator' retrieved from /home/airflow/.local/lib/python3.8/site-packages/airflow/example_dags/example_bash_operator.py
[2025-11-12T23:45:03.195+0000] {logging_mixin.py:188} INFO - [2025-11-12T23:45:03.195+0000] {dag.py:3036} INFO - Sync 1 DAGs
[2025-11-12T23:45:03.212+0000] {logging_mixin.py:188} INFO - [2025-11-12T23:45:03.212+0000] {dag.py:3823} INFO - Setting next_dagrun for example_bash_operator to 2025-11-11 00:00:00+00:00, run_after=2025-11-12 00:00:00+00:00
[2025-11-12T23:45:03.226+0000] {processor.py:183} INFO - Processing /home/airflow/.local/lib/python3.8/site-packages/airflow/example_dags/example_bash_operator.py took 0.068 seconds
[2025-11-12T23:45:33.266+0000] {processor.py:161} INFO - Started process (PID=1539) to work on /home/airflow/.local/lib/python3.8/site-packages/airflow/example_dags/example_bash_operator.py
[2025-11-12T23:45:33.266+0000] {processor.py:830} INFO - Processing file /home/airflow/.local/lib/python3.8/site-packages/airflow/example_dags/example_bash_operator.py for tasks to queue
[2025-11-12T23:45:33.268+0000] {logging_mixin.py:188} INFO - [2025-11-12T23:45:33.268+0000] {dagbag.py:538} INFO - Filling up the DagBag from /home/airflow/.local/lib/python3.8/site-packages/airflow/example_dags/example_bash_operator.py
[2025-11-12T23:45:33.277+0000] {processor.py:840} INFO - DAG(s) 'example_bash_operator' retrieved from /home/airflow/.local/lib/python3.8/site-packages/airflow/example_dags/example_bash_operator.py
[2025-11-12T23:45:33.300+0000] {logging_mixin.py:188} INFO - [2025-11-12T23:45:33.300+0000] {dag.py:3036} INFO - Sync 1 DAGs
[2025-11-12T23:45:33.318+0000] {logging_mixin.py:188} INFO - [2025-11-12T23:45:33.318+0000] {dag.py:3823} INFO - Setting next_dagrun for example_bash_operator to 2025-11-11 00:00:00+00:00, run_after=2025-11-12 00:00:00+00:00
[2025-11-12T23:45:33.330+0000] {processor.py:183} INFO - Processing /home/airflow/.local/lib/python3.8/site-packages/airflow/example_dags/example_bash_operator.py took 0.066 seconds
[2025-11-12T23:46:03.606+0000] {processor.py:161} INFO - Started process (PID=1596) to work on /home/airflow/.local/lib/python3.8/site-packages/airflow/example_dags/example_bash_operator.py
[2025-11-12T23:46:03.607+0000] {processor.py:830} INFO - Processing file /home/airflow/.local/lib/python3.8/site-packages/airflow/example_dags/example_bash_operator.py for tasks to queue
[2025-11-12T23:46:03.609+0000] {logging_mixin.py:188} INFO - [2025-11-12T23:46:03.608+0000] {dagbag.py:538} INFO - Filling up the DagBag from /home/airflow/.local/lib/python3.8/site-packages/airflow/example_dags/example_bash_operator.py
[2025-11-12T23:46:03.619+0000] {processor.py:840} INFO - DAG(s) 'example_bash_operator' retrieved from /home/airflow/.local/lib/python3.8/site-packages/airflow/example_dags/example_bash_operator.py
[2025-11-12T23:46:03.651+0000] {logging_mixin.py:188} INFO - [2025-11-12T23:46:03.651+0000] {dag.py:3036} INFO - Sync 1 DAGs
[2025-11-12T23:46:03.677+0000] {logging_mixin.py:188} INFO - [2025-11-12T23:46:03.677+0000] {dag.py:3823} INFO - Setting next_dagrun for example_bash_operator to 2025-11-11 00:00:00+00:00, run_after=2025-11-12 00:00:00+00:00
[2025-11-12T23:46:03.699+0000] {processor.py:183} INFO - Processing /home/airflow/.local/lib/python3.8/site-packages/airflow/example_dags/example_bash_operator.py took 0.096 seconds
