[2025-11-12T23:32:27.379+0000] {processor.py:161} INFO - Started process (PID=62) to work on /home/airflow/.local/lib/python3.8/site-packages/airflow/example_dags/example_datasets.py
[2025-11-12T23:32:27.380+0000] {processor.py:830} INFO - Processing file /home/airflow/.local/lib/python3.8/site-packages/airflow/example_dags/example_datasets.py for tasks to queue
[2025-11-12T23:32:27.382+0000] {logging_mixin.py:188} INFO - [2025-11-12T23:32:27.381+0000] {dagbag.py:538} INFO - Filling up the DagBag from /home/airflow/.local/lib/python3.8/site-packages/airflow/example_dags/example_datasets.py
[2025-11-12T23:32:27.396+0000] {processor.py:840} INFO - DAG(s) 'dataset_consumes_1_never_scheduled', 'dataset_consumes_unknown_never_scheduled', 'dataset_consumes_1', 'dataset_produces_2', 'dataset_produces_1', 'dataset_consumes_1_and_2' retrieved from /home/airflow/.local/lib/python3.8/site-packages/airflow/example_dags/example_datasets.py
[2025-11-12T23:32:27.486+0000] {logging_mixin.py:188} INFO - [2025-11-12T23:32:27.485+0000] {override.py:1769} INFO - Created Permission View: can delete on DAG:dataset_consumes_1_never_scheduled
[2025-11-12T23:32:27.493+0000] {logging_mixin.py:188} INFO - [2025-11-12T23:32:27.493+0000] {override.py:1769} INFO - Created Permission View: can edit on DAG:dataset_consumes_1_never_scheduled
[2025-11-12T23:32:27.499+0000] {logging_mixin.py:188} INFO - [2025-11-12T23:32:27.499+0000] {override.py:1769} INFO - Created Permission View: can read on DAG:dataset_consumes_1_never_scheduled
[2025-11-12T23:32:27.513+0000] {logging_mixin.py:188} INFO - [2025-11-12T23:32:27.512+0000] {override.py:1769} INFO - Created Permission View: can delete on DAG:dataset_consumes_unknown_never_scheduled
[2025-11-12T23:32:27.519+0000] {logging_mixin.py:188} INFO - [2025-11-12T23:32:27.519+0000] {override.py:1769} INFO - Created Permission View: can edit on DAG:dataset_consumes_unknown_never_scheduled
[2025-11-12T23:32:27.525+0000] {logging_mixin.py:188} INFO - [2025-11-12T23:32:27.525+0000] {override.py:1769} INFO - Created Permission View: can read on DAG:dataset_consumes_unknown_never_scheduled
[2025-11-12T23:32:27.540+0000] {logging_mixin.py:188} INFO - [2025-11-12T23:32:27.539+0000] {override.py:1769} INFO - Created Permission View: can delete on DAG:dataset_consumes_1
[2025-11-12T23:32:27.546+0000] {logging_mixin.py:188} INFO - [2025-11-12T23:32:27.546+0000] {override.py:1769} INFO - Created Permission View: can edit on DAG:dataset_consumes_1
[2025-11-12T23:32:27.552+0000] {logging_mixin.py:188} INFO - [2025-11-12T23:32:27.552+0000] {override.py:1769} INFO - Created Permission View: can read on DAG:dataset_consumes_1
[2025-11-12T23:32:27.564+0000] {logging_mixin.py:188} INFO - [2025-11-12T23:32:27.564+0000] {override.py:1769} INFO - Created Permission View: can delete on DAG:dataset_produces_2
[2025-11-12T23:32:27.569+0000] {logging_mixin.py:188} INFO - [2025-11-12T23:32:27.568+0000] {override.py:1769} INFO - Created Permission View: can edit on DAG:dataset_produces_2
[2025-11-12T23:32:27.573+0000] {logging_mixin.py:188} INFO - [2025-11-12T23:32:27.573+0000] {override.py:1769} INFO - Created Permission View: can read on DAG:dataset_produces_2
[2025-11-12T23:32:27.583+0000] {logging_mixin.py:188} INFO - [2025-11-12T23:32:27.583+0000] {override.py:1769} INFO - Created Permission View: can delete on DAG:dataset_produces_1
[2025-11-12T23:32:27.588+0000] {logging_mixin.py:188} INFO - [2025-11-12T23:32:27.588+0000] {override.py:1769} INFO - Created Permission View: can edit on DAG:dataset_produces_1
[2025-11-12T23:32:27.594+0000] {logging_mixin.py:188} INFO - [2025-11-12T23:32:27.594+0000] {override.py:1769} INFO - Created Permission View: can read on DAG:dataset_produces_1
[2025-11-12T23:32:27.604+0000] {logging_mixin.py:188} INFO - [2025-11-12T23:32:27.604+0000] {override.py:1769} INFO - Created Permission View: can delete on DAG:dataset_consumes_1_and_2
[2025-11-12T23:32:27.610+0000] {logging_mixin.py:188} INFO - [2025-11-12T23:32:27.609+0000] {override.py:1769} INFO - Created Permission View: can edit on DAG:dataset_consumes_1_and_2
[2025-11-12T23:32:27.614+0000] {logging_mixin.py:188} INFO - [2025-11-12T23:32:27.614+0000] {override.py:1769} INFO - Created Permission View: can read on DAG:dataset_consumes_1_and_2
[2025-11-12T23:32:27.615+0000] {logging_mixin.py:188} INFO - [2025-11-12T23:32:27.615+0000] {dag.py:3036} INFO - Sync 6 DAGs
[2025-11-12T23:32:27.624+0000] {logging_mixin.py:188} INFO - [2025-11-12T23:32:27.623+0000] {dag.py:3058} INFO - Creating ORM DAG for dataset_consumes_1_and_2
[2025-11-12T23:32:27.624+0000] {logging_mixin.py:188} INFO - [2025-11-12T23:32:27.624+0000] {dag.py:3058} INFO - Creating ORM DAG for dataset_consumes_1_never_scheduled
[2025-11-12T23:32:27.625+0000] {logging_mixin.py:188} INFO - [2025-11-12T23:32:27.624+0000] {dag.py:3058} INFO - Creating ORM DAG for dataset_produces_1
[2025-11-12T23:32:27.625+0000] {logging_mixin.py:188} INFO - [2025-11-12T23:32:27.625+0000] {dag.py:3058} INFO - Creating ORM DAG for dataset_produces_2
[2025-11-12T23:32:27.625+0000] {logging_mixin.py:188} INFO - [2025-11-12T23:32:27.625+0000] {dag.py:3058} INFO - Creating ORM DAG for dataset_consumes_unknown_never_scheduled
[2025-11-12T23:32:27.626+0000] {logging_mixin.py:188} INFO - [2025-11-12T23:32:27.626+0000] {dag.py:3058} INFO - Creating ORM DAG for dataset_consumes_1
[2025-11-12T23:32:27.634+0000] {logging_mixin.py:188} INFO - [2025-11-12T23:32:27.634+0000] {dag.py:3823} INFO - Setting next_dagrun for dataset_consumes_1 to None, run_after=None
[2025-11-12T23:32:27.635+0000] {logging_mixin.py:188} INFO - [2025-11-12T23:32:27.635+0000] {dag.py:3823} INFO - Setting next_dagrun for dataset_consumes_1_and_2 to None, run_after=None
[2025-11-12T23:32:27.635+0000] {logging_mixin.py:188} INFO - [2025-11-12T23:32:27.635+0000] {dag.py:3823} INFO - Setting next_dagrun for dataset_consumes_1_never_scheduled to None, run_after=None
[2025-11-12T23:32:27.636+0000] {logging_mixin.py:188} INFO - [2025-11-12T23:32:27.636+0000] {dag.py:3823} INFO - Setting next_dagrun for dataset_consumes_unknown_never_scheduled to None, run_after=None
[2025-11-12T23:32:27.637+0000] {logging_mixin.py:188} INFO - [2025-11-12T23:32:27.637+0000] {dag.py:3823} INFO - Setting next_dagrun for dataset_produces_1 to 2025-11-11 00:00:00+00:00, run_after=2025-11-12 00:00:00+00:00
[2025-11-12T23:32:27.638+0000] {logging_mixin.py:188} INFO - [2025-11-12T23:32:27.638+0000] {dag.py:3823} INFO - Setting next_dagrun for dataset_produces_2 to None, run_after=None
[2025-11-12T23:32:27.666+0000] {processor.py:183} INFO - Processing /home/airflow/.local/lib/python3.8/site-packages/airflow/example_dags/example_datasets.py took 0.289 seconds
[2025-11-12T23:32:58.055+0000] {processor.py:161} INFO - Started process (PID=119) to work on /home/airflow/.local/lib/python3.8/site-packages/airflow/example_dags/example_datasets.py
[2025-11-12T23:32:58.056+0000] {processor.py:830} INFO - Processing file /home/airflow/.local/lib/python3.8/site-packages/airflow/example_dags/example_datasets.py for tasks to queue
[2025-11-12T23:32:58.057+0000] {logging_mixin.py:188} INFO - [2025-11-12T23:32:58.057+0000] {dagbag.py:538} INFO - Filling up the DagBag from /home/airflow/.local/lib/python3.8/site-packages/airflow/example_dags/example_datasets.py
[2025-11-12T23:32:58.066+0000] {processor.py:840} INFO - DAG(s) 'dataset_produces_2', 'dataset_consumes_1_and_2', 'dataset_consumes_1', 'dataset_consumes_1_never_scheduled', 'dataset_consumes_unknown_never_scheduled', 'dataset_produces_1' retrieved from /home/airflow/.local/lib/python3.8/site-packages/airflow/example_dags/example_datasets.py
[2025-11-12T23:32:58.093+0000] {logging_mixin.py:188} INFO - [2025-11-12T23:32:58.093+0000] {dag.py:3036} INFO - Sync 6 DAGs
[2025-11-12T23:32:58.110+0000] {logging_mixin.py:188} INFO - [2025-11-12T23:32:58.110+0000] {dag.py:3823} INFO - Setting next_dagrun for dataset_consumes_1 to None, run_after=None
[2025-11-12T23:32:58.113+0000] {logging_mixin.py:188} INFO - [2025-11-12T23:32:58.112+0000] {dag.py:3823} INFO - Setting next_dagrun for dataset_consumes_1_and_2 to None, run_after=None
[2025-11-12T23:32:58.113+0000] {logging_mixin.py:188} INFO - [2025-11-12T23:32:58.113+0000] {dag.py:3823} INFO - Setting next_dagrun for dataset_consumes_1_never_scheduled to None, run_after=None
[2025-11-12T23:32:58.114+0000] {logging_mixin.py:188} INFO - [2025-11-12T23:32:58.114+0000] {dag.py:3823} INFO - Setting next_dagrun for dataset_consumes_unknown_never_scheduled to None, run_after=None
[2025-11-12T23:32:58.116+0000] {logging_mixin.py:188} INFO - [2025-11-12T23:32:58.116+0000] {dag.py:3823} INFO - Setting next_dagrun for dataset_produces_1 to 2025-11-11 00:00:00+00:00, run_after=2025-11-12 00:00:00+00:00
[2025-11-12T23:32:58.117+0000] {logging_mixin.py:188} INFO - [2025-11-12T23:32:58.117+0000] {dag.py:3823} INFO - Setting next_dagrun for dataset_produces_2 to None, run_after=None
[2025-11-12T23:32:58.138+0000] {processor.py:183} INFO - Processing /home/airflow/.local/lib/python3.8/site-packages/airflow/example_dags/example_datasets.py took 0.085 seconds
[2025-11-12T23:33:28.457+0000] {processor.py:161} INFO - Started process (PID=176) to work on /home/airflow/.local/lib/python3.8/site-packages/airflow/example_dags/example_datasets.py
[2025-11-12T23:33:28.457+0000] {processor.py:830} INFO - Processing file /home/airflow/.local/lib/python3.8/site-packages/airflow/example_dags/example_datasets.py for tasks to queue
[2025-11-12T23:33:28.458+0000] {logging_mixin.py:188} INFO - [2025-11-12T23:33:28.458+0000] {dagbag.py:538} INFO - Filling up the DagBag from /home/airflow/.local/lib/python3.8/site-packages/airflow/example_dags/example_datasets.py
[2025-11-12T23:33:28.466+0000] {processor.py:840} INFO - DAG(s) 'dataset_consumes_unknown_never_scheduled', 'dataset_produces_1', 'dataset_consumes_1_never_scheduled', 'dataset_produces_2', 'dataset_consumes_1', 'dataset_consumes_1_and_2' retrieved from /home/airflow/.local/lib/python3.8/site-packages/airflow/example_dags/example_datasets.py
[2025-11-12T23:33:28.493+0000] {logging_mixin.py:188} INFO - [2025-11-12T23:33:28.492+0000] {dag.py:3036} INFO - Sync 6 DAGs
[2025-11-12T23:33:28.510+0000] {logging_mixin.py:188} INFO - [2025-11-12T23:33:28.510+0000] {dag.py:3823} INFO - Setting next_dagrun for dataset_consumes_1 to None, run_after=None
[2025-11-12T23:33:28.513+0000] {logging_mixin.py:188} INFO - [2025-11-12T23:33:28.513+0000] {dag.py:3823} INFO - Setting next_dagrun for dataset_consumes_1_and_2 to None, run_after=None
[2025-11-12T23:33:28.514+0000] {logging_mixin.py:188} INFO - [2025-11-12T23:33:28.514+0000] {dag.py:3823} INFO - Setting next_dagrun for dataset_consumes_1_never_scheduled to None, run_after=None
[2025-11-12T23:33:28.514+0000] {logging_mixin.py:188} INFO - [2025-11-12T23:33:28.514+0000] {dag.py:3823} INFO - Setting next_dagrun for dataset_consumes_unknown_never_scheduled to None, run_after=None
[2025-11-12T23:33:28.517+0000] {logging_mixin.py:188} INFO - [2025-11-12T23:33:28.516+0000] {dag.py:3823} INFO - Setting next_dagrun for dataset_produces_1 to 2025-11-11 00:00:00+00:00, run_after=2025-11-12 00:00:00+00:00
[2025-11-12T23:33:28.517+0000] {logging_mixin.py:188} INFO - [2025-11-12T23:33:28.517+0000] {dag.py:3823} INFO - Setting next_dagrun for dataset_produces_2 to None, run_after=None
[2025-11-12T23:33:28.539+0000] {processor.py:183} INFO - Processing /home/airflow/.local/lib/python3.8/site-packages/airflow/example_dags/example_datasets.py took 0.085 seconds
[2025-11-12T23:33:58.831+0000] {processor.py:161} INFO - Started process (PID=233) to work on /home/airflow/.local/lib/python3.8/site-packages/airflow/example_dags/example_datasets.py
[2025-11-12T23:33:58.832+0000] {processor.py:830} INFO - Processing file /home/airflow/.local/lib/python3.8/site-packages/airflow/example_dags/example_datasets.py for tasks to queue
[2025-11-12T23:33:58.834+0000] {logging_mixin.py:188} INFO - [2025-11-12T23:33:58.833+0000] {dagbag.py:538} INFO - Filling up the DagBag from /home/airflow/.local/lib/python3.8/site-packages/airflow/example_dags/example_datasets.py
[2025-11-12T23:33:58.841+0000] {processor.py:840} INFO - DAG(s) 'dataset_consumes_1_and_2', 'dataset_consumes_1_never_scheduled', 'dataset_consumes_unknown_never_scheduled', 'dataset_produces_2', 'dataset_produces_1', 'dataset_consumes_1' retrieved from /home/airflow/.local/lib/python3.8/site-packages/airflow/example_dags/example_datasets.py
[2025-11-12T23:33:58.866+0000] {logging_mixin.py:188} INFO - [2025-11-12T23:33:58.865+0000] {dag.py:3036} INFO - Sync 6 DAGs
[2025-11-12T23:33:58.885+0000] {logging_mixin.py:188} INFO - [2025-11-12T23:33:58.885+0000] {dag.py:3823} INFO - Setting next_dagrun for dataset_consumes_1 to None, run_after=None
[2025-11-12T23:33:58.889+0000] {logging_mixin.py:188} INFO - [2025-11-12T23:33:58.889+0000] {dag.py:3823} INFO - Setting next_dagrun for dataset_consumes_1_and_2 to None, run_after=None
[2025-11-12T23:33:58.890+0000] {logging_mixin.py:188} INFO - [2025-11-12T23:33:58.890+0000] {dag.py:3823} INFO - Setting next_dagrun for dataset_consumes_1_never_scheduled to None, run_after=None
[2025-11-12T23:33:58.891+0000] {logging_mixin.py:188} INFO - [2025-11-12T23:33:58.891+0000] {dag.py:3823} INFO - Setting next_dagrun for dataset_consumes_unknown_never_scheduled to None, run_after=None
[2025-11-12T23:33:58.893+0000] {logging_mixin.py:188} INFO - [2025-11-12T23:33:58.893+0000] {dag.py:3823} INFO - Setting next_dagrun for dataset_produces_1 to 2025-11-11 00:00:00+00:00, run_after=2025-11-12 00:00:00+00:00
[2025-11-12T23:33:58.893+0000] {logging_mixin.py:188} INFO - [2025-11-12T23:33:58.893+0000] {dag.py:3823} INFO - Setting next_dagrun for dataset_produces_2 to None, run_after=None
[2025-11-12T23:33:58.914+0000] {processor.py:183} INFO - Processing /home/airflow/.local/lib/python3.8/site-packages/airflow/example_dags/example_datasets.py took 0.085 seconds
[2025-11-12T23:34:29.899+0000] {processor.py:161} INFO - Started process (PID=296) to work on /home/airflow/.local/lib/python3.8/site-packages/airflow/example_dags/example_datasets.py
[2025-11-12T23:34:29.900+0000] {processor.py:830} INFO - Processing file /home/airflow/.local/lib/python3.8/site-packages/airflow/example_dags/example_datasets.py for tasks to queue
[2025-11-12T23:34:29.901+0000] {logging_mixin.py:188} INFO - [2025-11-12T23:34:29.901+0000] {dagbag.py:538} INFO - Filling up the DagBag from /home/airflow/.local/lib/python3.8/site-packages/airflow/example_dags/example_datasets.py
[2025-11-12T23:34:29.909+0000] {processor.py:840} INFO - DAG(s) 'dataset_produces_2', 'dataset_consumes_unknown_never_scheduled', 'dataset_produces_1', 'dataset_consumes_1', 'dataset_consumes_1_and_2', 'dataset_consumes_1_never_scheduled' retrieved from /home/airflow/.local/lib/python3.8/site-packages/airflow/example_dags/example_datasets.py
[2025-11-12T23:34:29.934+0000] {logging_mixin.py:188} INFO - [2025-11-12T23:34:29.934+0000] {dag.py:3036} INFO - Sync 6 DAGs
[2025-11-12T23:34:29.951+0000] {logging_mixin.py:188} INFO - [2025-11-12T23:34:29.951+0000] {dag.py:3823} INFO - Setting next_dagrun for dataset_consumes_1 to None, run_after=None
[2025-11-12T23:34:29.955+0000] {logging_mixin.py:188} INFO - [2025-11-12T23:34:29.954+0000] {dag.py:3823} INFO - Setting next_dagrun for dataset_consumes_1_and_2 to None, run_after=None
[2025-11-12T23:34:29.956+0000] {logging_mixin.py:188} INFO - [2025-11-12T23:34:29.955+0000] {dag.py:3823} INFO - Setting next_dagrun for dataset_consumes_1_never_scheduled to None, run_after=None
[2025-11-12T23:34:29.956+0000] {logging_mixin.py:188} INFO - [2025-11-12T23:34:29.956+0000] {dag.py:3823} INFO - Setting next_dagrun for dataset_consumes_unknown_never_scheduled to None, run_after=None
[2025-11-12T23:34:29.958+0000] {logging_mixin.py:188} INFO - [2025-11-12T23:34:29.958+0000] {dag.py:3823} INFO - Setting next_dagrun for dataset_produces_1 to 2025-11-11 00:00:00+00:00, run_after=2025-11-12 00:00:00+00:00
[2025-11-12T23:34:29.959+0000] {logging_mixin.py:188} INFO - [2025-11-12T23:34:29.959+0000] {dag.py:3823} INFO - Setting next_dagrun for dataset_produces_2 to None, run_after=None
[2025-11-12T23:34:29.984+0000] {processor.py:183} INFO - Processing /home/airflow/.local/lib/python3.8/site-packages/airflow/example_dags/example_datasets.py took 0.088 seconds
[2025-11-12T23:35:00.994+0000] {processor.py:161} INFO - Started process (PID=353) to work on /home/airflow/.local/lib/python3.8/site-packages/airflow/example_dags/example_datasets.py
[2025-11-12T23:35:00.995+0000] {processor.py:830} INFO - Processing file /home/airflow/.local/lib/python3.8/site-packages/airflow/example_dags/example_datasets.py for tasks to queue
[2025-11-12T23:35:00.996+0000] {logging_mixin.py:188} INFO - [2025-11-12T23:35:00.996+0000] {dagbag.py:538} INFO - Filling up the DagBag from /home/airflow/.local/lib/python3.8/site-packages/airflow/example_dags/example_datasets.py
[2025-11-12T23:35:01.004+0000] {processor.py:840} INFO - DAG(s) 'dataset_consumes_1_never_scheduled', 'dataset_consumes_1_and_2', 'dataset_produces_1', 'dataset_consumes_unknown_never_scheduled', 'dataset_produces_2', 'dataset_consumes_1' retrieved from /home/airflow/.local/lib/python3.8/site-packages/airflow/example_dags/example_datasets.py
[2025-11-12T23:35:01.030+0000] {logging_mixin.py:188} INFO - [2025-11-12T23:35:01.030+0000] {dag.py:3036} INFO - Sync 6 DAGs
[2025-11-12T23:35:01.048+0000] {logging_mixin.py:188} INFO - [2025-11-12T23:35:01.048+0000] {dag.py:3823} INFO - Setting next_dagrun for dataset_consumes_1 to None, run_after=None
[2025-11-12T23:35:01.051+0000] {logging_mixin.py:188} INFO - [2025-11-12T23:35:01.051+0000] {dag.py:3823} INFO - Setting next_dagrun for dataset_consumes_1_and_2 to None, run_after=None
[2025-11-12T23:35:01.052+0000] {logging_mixin.py:188} INFO - [2025-11-12T23:35:01.051+0000] {dag.py:3823} INFO - Setting next_dagrun for dataset_consumes_1_never_scheduled to None, run_after=None
[2025-11-12T23:35:01.052+0000] {logging_mixin.py:188} INFO - [2025-11-12T23:35:01.052+0000] {dag.py:3823} INFO - Setting next_dagrun for dataset_consumes_unknown_never_scheduled to None, run_after=None
[2025-11-12T23:35:01.054+0000] {logging_mixin.py:188} INFO - [2025-11-12T23:35:01.054+0000] {dag.py:3823} INFO - Setting next_dagrun for dataset_produces_1 to 2025-11-11 00:00:00+00:00, run_after=2025-11-12 00:00:00+00:00
[2025-11-12T23:35:01.055+0000] {logging_mixin.py:188} INFO - [2025-11-12T23:35:01.055+0000] {dag.py:3823} INFO - Setting next_dagrun for dataset_produces_2 to None, run_after=None
[2025-11-12T23:35:01.075+0000] {processor.py:183} INFO - Processing /home/airflow/.local/lib/python3.8/site-packages/airflow/example_dags/example_datasets.py took 0.084 seconds
[2025-11-12T23:35:31.114+0000] {processor.py:161} INFO - Started process (PID=408) to work on /home/airflow/.local/lib/python3.8/site-packages/airflow/example_dags/example_datasets.py
[2025-11-12T23:35:31.115+0000] {processor.py:830} INFO - Processing file /home/airflow/.local/lib/python3.8/site-packages/airflow/example_dags/example_datasets.py for tasks to queue
[2025-11-12T23:35:31.117+0000] {logging_mixin.py:188} INFO - [2025-11-12T23:35:31.117+0000] {dagbag.py:538} INFO - Filling up the DagBag from /home/airflow/.local/lib/python3.8/site-packages/airflow/example_dags/example_datasets.py
[2025-11-12T23:35:31.124+0000] {processor.py:840} INFO - DAG(s) 'dataset_produces_2', 'dataset_consumes_1_never_scheduled', 'dataset_consumes_1', 'dataset_consumes_1_and_2', 'dataset_consumes_unknown_never_scheduled', 'dataset_produces_1' retrieved from /home/airflow/.local/lib/python3.8/site-packages/airflow/example_dags/example_datasets.py
[2025-11-12T23:35:31.152+0000] {logging_mixin.py:188} INFO - [2025-11-12T23:35:31.151+0000] {dag.py:3036} INFO - Sync 6 DAGs
[2025-11-12T23:35:31.170+0000] {logging_mixin.py:188} INFO - [2025-11-12T23:35:31.169+0000] {dag.py:3823} INFO - Setting next_dagrun for dataset_consumes_1 to None, run_after=None
[2025-11-12T23:35:31.172+0000] {logging_mixin.py:188} INFO - [2025-11-12T23:35:31.172+0000] {dag.py:3823} INFO - Setting next_dagrun for dataset_consumes_1_and_2 to None, run_after=None
[2025-11-12T23:35:31.173+0000] {logging_mixin.py:188} INFO - [2025-11-12T23:35:31.173+0000] {dag.py:3823} INFO - Setting next_dagrun for dataset_consumes_1_never_scheduled to None, run_after=None
[2025-11-12T23:35:31.174+0000] {logging_mixin.py:188} INFO - [2025-11-12T23:35:31.174+0000] {dag.py:3823} INFO - Setting next_dagrun for dataset_consumes_unknown_never_scheduled to None, run_after=None
[2025-11-12T23:35:31.176+0000] {logging_mixin.py:188} INFO - [2025-11-12T23:35:31.176+0000] {dag.py:3823} INFO - Setting next_dagrun for dataset_produces_1 to 2025-11-11 00:00:00+00:00, run_after=2025-11-12 00:00:00+00:00
[2025-11-12T23:35:31.177+0000] {logging_mixin.py:188} INFO - [2025-11-12T23:35:31.177+0000] {dag.py:3823} INFO - Setting next_dagrun for dataset_produces_2 to None, run_after=None
[2025-11-12T23:35:31.198+0000] {processor.py:183} INFO - Processing /home/airflow/.local/lib/python3.8/site-packages/airflow/example_dags/example_datasets.py took 0.087 seconds
[2025-11-12T23:36:01.490+0000] {processor.py:161} INFO - Started process (PID=465) to work on /home/airflow/.local/lib/python3.8/site-packages/airflow/example_dags/example_datasets.py
[2025-11-12T23:36:01.491+0000] {processor.py:830} INFO - Processing file /home/airflow/.local/lib/python3.8/site-packages/airflow/example_dags/example_datasets.py for tasks to queue
[2025-11-12T23:36:01.492+0000] {logging_mixin.py:188} INFO - [2025-11-12T23:36:01.492+0000] {dagbag.py:538} INFO - Filling up the DagBag from /home/airflow/.local/lib/python3.8/site-packages/airflow/example_dags/example_datasets.py
[2025-11-12T23:36:01.500+0000] {processor.py:840} INFO - DAG(s) 'dataset_produces_2', 'dataset_consumes_1', 'dataset_consumes_1_never_scheduled', 'dataset_consumes_unknown_never_scheduled', 'dataset_produces_1', 'dataset_consumes_1_and_2' retrieved from /home/airflow/.local/lib/python3.8/site-packages/airflow/example_dags/example_datasets.py
[2025-11-12T23:36:01.526+0000] {logging_mixin.py:188} INFO - [2025-11-12T23:36:01.526+0000] {dag.py:3036} INFO - Sync 6 DAGs
[2025-11-12T23:36:01.544+0000] {logging_mixin.py:188} INFO - [2025-11-12T23:36:01.544+0000] {dag.py:3823} INFO - Setting next_dagrun for dataset_consumes_1 to None, run_after=None
[2025-11-12T23:36:01.547+0000] {logging_mixin.py:188} INFO - [2025-11-12T23:36:01.547+0000] {dag.py:3823} INFO - Setting next_dagrun for dataset_consumes_1_and_2 to None, run_after=None
[2025-11-12T23:36:01.547+0000] {logging_mixin.py:188} INFO - [2025-11-12T23:36:01.547+0000] {dag.py:3823} INFO - Setting next_dagrun for dataset_consumes_1_never_scheduled to None, run_after=None
[2025-11-12T23:36:01.548+0000] {logging_mixin.py:188} INFO - [2025-11-12T23:36:01.548+0000] {dag.py:3823} INFO - Setting next_dagrun for dataset_consumes_unknown_never_scheduled to None, run_after=None
[2025-11-12T23:36:01.550+0000] {logging_mixin.py:188} INFO - [2025-11-12T23:36:01.550+0000] {dag.py:3823} INFO - Setting next_dagrun for dataset_produces_1 to 2025-11-11 00:00:00+00:00, run_after=2025-11-12 00:00:00+00:00
[2025-11-12T23:36:01.551+0000] {logging_mixin.py:188} INFO - [2025-11-12T23:36:01.551+0000] {dag.py:3823} INFO - Setting next_dagrun for dataset_produces_2 to None, run_after=None
[2025-11-12T23:36:01.571+0000] {processor.py:183} INFO - Processing /home/airflow/.local/lib/python3.8/site-packages/airflow/example_dags/example_datasets.py took 0.083 seconds
[2025-11-12T23:36:31.751+0000] {processor.py:161} INFO - Started process (PID=522) to work on /home/airflow/.local/lib/python3.8/site-packages/airflow/example_dags/example_datasets.py
[2025-11-12T23:36:31.752+0000] {processor.py:830} INFO - Processing file /home/airflow/.local/lib/python3.8/site-packages/airflow/example_dags/example_datasets.py for tasks to queue
[2025-11-12T23:36:31.753+0000] {logging_mixin.py:188} INFO - [2025-11-12T23:36:31.753+0000] {dagbag.py:538} INFO - Filling up the DagBag from /home/airflow/.local/lib/python3.8/site-packages/airflow/example_dags/example_datasets.py
[2025-11-12T23:36:31.761+0000] {processor.py:840} INFO - DAG(s) 'dataset_consumes_1_and_2', 'dataset_consumes_unknown_never_scheduled', 'dataset_consumes_1_never_scheduled', 'dataset_produces_2', 'dataset_produces_1', 'dataset_consumes_1' retrieved from /home/airflow/.local/lib/python3.8/site-packages/airflow/example_dags/example_datasets.py
[2025-11-12T23:36:31.785+0000] {logging_mixin.py:188} INFO - [2025-11-12T23:36:31.785+0000] {dag.py:3036} INFO - Sync 6 DAGs
[2025-11-12T23:36:31.802+0000] {logging_mixin.py:188} INFO - [2025-11-12T23:36:31.801+0000] {dag.py:3823} INFO - Setting next_dagrun for dataset_consumes_1 to None, run_after=None
[2025-11-12T23:36:31.804+0000] {logging_mixin.py:188} INFO - [2025-11-12T23:36:31.804+0000] {dag.py:3823} INFO - Setting next_dagrun for dataset_consumes_1_and_2 to None, run_after=None
[2025-11-12T23:36:31.805+0000] {logging_mixin.py:188} INFO - [2025-11-12T23:36:31.805+0000] {dag.py:3823} INFO - Setting next_dagrun for dataset_consumes_1_never_scheduled to None, run_after=None
[2025-11-12T23:36:31.806+0000] {logging_mixin.py:188} INFO - [2025-11-12T23:36:31.806+0000] {dag.py:3823} INFO - Setting next_dagrun for dataset_consumes_unknown_never_scheduled to None, run_after=None
[2025-11-12T23:36:31.808+0000] {logging_mixin.py:188} INFO - [2025-11-12T23:36:31.808+0000] {dag.py:3823} INFO - Setting next_dagrun for dataset_produces_1 to 2025-11-11 00:00:00+00:00, run_after=2025-11-12 00:00:00+00:00
[2025-11-12T23:36:31.809+0000] {logging_mixin.py:188} INFO - [2025-11-12T23:36:31.809+0000] {dag.py:3823} INFO - Setting next_dagrun for dataset_produces_2 to None, run_after=None
[2025-11-12T23:36:31.828+0000] {processor.py:183} INFO - Processing /home/airflow/.local/lib/python3.8/site-packages/airflow/example_dags/example_datasets.py took 0.079 seconds
[2025-11-12T23:37:02.111+0000] {processor.py:161} INFO - Started process (PID=579) to work on /home/airflow/.local/lib/python3.8/site-packages/airflow/example_dags/example_datasets.py
[2025-11-12T23:37:02.112+0000] {processor.py:830} INFO - Processing file /home/airflow/.local/lib/python3.8/site-packages/airflow/example_dags/example_datasets.py for tasks to queue
[2025-11-12T23:37:02.113+0000] {logging_mixin.py:188} INFO - [2025-11-12T23:37:02.113+0000] {dagbag.py:538} INFO - Filling up the DagBag from /home/airflow/.local/lib/python3.8/site-packages/airflow/example_dags/example_datasets.py
[2025-11-12T23:37:02.120+0000] {processor.py:840} INFO - DAG(s) 'dataset_consumes_1_never_scheduled', 'dataset_consumes_1', 'dataset_produces_2', 'dataset_consumes_unknown_never_scheduled', 'dataset_consumes_1_and_2', 'dataset_produces_1' retrieved from /home/airflow/.local/lib/python3.8/site-packages/airflow/example_dags/example_datasets.py
[2025-11-12T23:37:02.146+0000] {logging_mixin.py:188} INFO - [2025-11-12T23:37:02.146+0000] {dag.py:3036} INFO - Sync 6 DAGs
[2025-11-12T23:37:02.163+0000] {logging_mixin.py:188} INFO - [2025-11-12T23:37:02.163+0000] {dag.py:3823} INFO - Setting next_dagrun for dataset_consumes_1 to None, run_after=None
[2025-11-12T23:37:02.166+0000] {logging_mixin.py:188} INFO - [2025-11-12T23:37:02.165+0000] {dag.py:3823} INFO - Setting next_dagrun for dataset_consumes_1_and_2 to None, run_after=None
[2025-11-12T23:37:02.166+0000] {logging_mixin.py:188} INFO - [2025-11-12T23:37:02.166+0000] {dag.py:3823} INFO - Setting next_dagrun for dataset_consumes_1_never_scheduled to None, run_after=None
[2025-11-12T23:37:02.167+0000] {logging_mixin.py:188} INFO - [2025-11-12T23:37:02.167+0000] {dag.py:3823} INFO - Setting next_dagrun for dataset_consumes_unknown_never_scheduled to None, run_after=None
[2025-11-12T23:37:02.169+0000] {logging_mixin.py:188} INFO - [2025-11-12T23:37:02.169+0000] {dag.py:3823} INFO - Setting next_dagrun for dataset_produces_1 to 2025-11-11 00:00:00+00:00, run_after=2025-11-12 00:00:00+00:00
[2025-11-12T23:37:02.169+0000] {logging_mixin.py:188} INFO - [2025-11-12T23:37:02.169+0000] {dag.py:3823} INFO - Setting next_dagrun for dataset_produces_2 to None, run_after=None
[2025-11-12T23:37:02.190+0000] {processor.py:183} INFO - Processing /home/airflow/.local/lib/python3.8/site-packages/airflow/example_dags/example_datasets.py took 0.082 seconds
[2025-11-12T23:37:32.360+0000] {processor.py:161} INFO - Started process (PID=636) to work on /home/airflow/.local/lib/python3.8/site-packages/airflow/example_dags/example_datasets.py
[2025-11-12T23:37:32.360+0000] {processor.py:830} INFO - Processing file /home/airflow/.local/lib/python3.8/site-packages/airflow/example_dags/example_datasets.py for tasks to queue
[2025-11-12T23:37:32.362+0000] {logging_mixin.py:188} INFO - [2025-11-12T23:37:32.361+0000] {dagbag.py:538} INFO - Filling up the DagBag from /home/airflow/.local/lib/python3.8/site-packages/airflow/example_dags/example_datasets.py
[2025-11-12T23:37:32.369+0000] {processor.py:840} INFO - DAG(s) 'dataset_produces_1', 'dataset_consumes_1_never_scheduled', 'dataset_consumes_1', 'dataset_consumes_1_and_2', 'dataset_consumes_unknown_never_scheduled', 'dataset_produces_2' retrieved from /home/airflow/.local/lib/python3.8/site-packages/airflow/example_dags/example_datasets.py
[2025-11-12T23:37:32.393+0000] {logging_mixin.py:188} INFO - [2025-11-12T23:37:32.393+0000] {dag.py:3036} INFO - Sync 6 DAGs
[2025-11-12T23:37:32.410+0000] {logging_mixin.py:188} INFO - [2025-11-12T23:37:32.410+0000] {dag.py:3823} INFO - Setting next_dagrun for dataset_consumes_1 to None, run_after=None
[2025-11-12T23:37:32.413+0000] {logging_mixin.py:188} INFO - [2025-11-12T23:37:32.413+0000] {dag.py:3823} INFO - Setting next_dagrun for dataset_consumes_1_and_2 to None, run_after=None
[2025-11-12T23:37:32.413+0000] {logging_mixin.py:188} INFO - [2025-11-12T23:37:32.413+0000] {dag.py:3823} INFO - Setting next_dagrun for dataset_consumes_1_never_scheduled to None, run_after=None
[2025-11-12T23:37:32.414+0000] {logging_mixin.py:188} INFO - [2025-11-12T23:37:32.414+0000] {dag.py:3823} INFO - Setting next_dagrun for dataset_consumes_unknown_never_scheduled to None, run_after=None
[2025-11-12T23:37:32.416+0000] {logging_mixin.py:188} INFO - [2025-11-12T23:37:32.416+0000] {dag.py:3823} INFO - Setting next_dagrun for dataset_produces_1 to 2025-11-11 00:00:00+00:00, run_after=2025-11-12 00:00:00+00:00
[2025-11-12T23:37:32.417+0000] {logging_mixin.py:188} INFO - [2025-11-12T23:37:32.417+0000] {dag.py:3823} INFO - Setting next_dagrun for dataset_produces_2 to None, run_after=None
[2025-11-12T23:37:32.437+0000] {processor.py:183} INFO - Processing /home/airflow/.local/lib/python3.8/site-packages/airflow/example_dags/example_datasets.py took 0.080 seconds
[2025-11-12T23:38:02.589+0000] {processor.py:161} INFO - Started process (PID=693) to work on /home/airflow/.local/lib/python3.8/site-packages/airflow/example_dags/example_datasets.py
[2025-11-12T23:38:02.590+0000] {processor.py:830} INFO - Processing file /home/airflow/.local/lib/python3.8/site-packages/airflow/example_dags/example_datasets.py for tasks to queue
[2025-11-12T23:38:02.591+0000] {logging_mixin.py:188} INFO - [2025-11-12T23:38:02.591+0000] {dagbag.py:538} INFO - Filling up the DagBag from /home/airflow/.local/lib/python3.8/site-packages/airflow/example_dags/example_datasets.py
[2025-11-12T23:38:02.598+0000] {processor.py:840} INFO - DAG(s) 'dataset_consumes_1_and_2', 'dataset_consumes_1_never_scheduled', 'dataset_consumes_unknown_never_scheduled', 'dataset_produces_1', 'dataset_produces_2', 'dataset_consumes_1' retrieved from /home/airflow/.local/lib/python3.8/site-packages/airflow/example_dags/example_datasets.py
[2025-11-12T23:38:02.624+0000] {logging_mixin.py:188} INFO - [2025-11-12T23:38:02.624+0000] {dag.py:3036} INFO - Sync 6 DAGs
[2025-11-12T23:38:02.642+0000] {logging_mixin.py:188} INFO - [2025-11-12T23:38:02.642+0000] {dag.py:3823} INFO - Setting next_dagrun for dataset_consumes_1 to None, run_after=None
[2025-11-12T23:38:02.645+0000] {logging_mixin.py:188} INFO - [2025-11-12T23:38:02.645+0000] {dag.py:3823} INFO - Setting next_dagrun for dataset_consumes_1_and_2 to None, run_after=None
[2025-11-12T23:38:02.646+0000] {logging_mixin.py:188} INFO - [2025-11-12T23:38:02.646+0000] {dag.py:3823} INFO - Setting next_dagrun for dataset_consumes_1_never_scheduled to None, run_after=None
[2025-11-12T23:38:02.647+0000] {logging_mixin.py:188} INFO - [2025-11-12T23:38:02.646+0000] {dag.py:3823} INFO - Setting next_dagrun for dataset_consumes_unknown_never_scheduled to None, run_after=None
[2025-11-12T23:38:02.648+0000] {logging_mixin.py:188} INFO - [2025-11-12T23:38:02.648+0000] {dag.py:3823} INFO - Setting next_dagrun for dataset_produces_1 to 2025-11-11 00:00:00+00:00, run_after=2025-11-12 00:00:00+00:00
[2025-11-12T23:38:02.649+0000] {logging_mixin.py:188} INFO - [2025-11-12T23:38:02.649+0000] {dag.py:3823} INFO - Setting next_dagrun for dataset_produces_2 to None, run_after=None
[2025-11-12T23:38:02.670+0000] {processor.py:183} INFO - Processing /home/airflow/.local/lib/python3.8/site-packages/airflow/example_dags/example_datasets.py took 0.083 seconds
[2025-11-12T23:38:32.946+0000] {processor.py:161} INFO - Started process (PID=750) to work on /home/airflow/.local/lib/python3.8/site-packages/airflow/example_dags/example_datasets.py
[2025-11-12T23:38:32.946+0000] {processor.py:830} INFO - Processing file /home/airflow/.local/lib/python3.8/site-packages/airflow/example_dags/example_datasets.py for tasks to queue
[2025-11-12T23:38:32.948+0000] {logging_mixin.py:188} INFO - [2025-11-12T23:38:32.948+0000] {dagbag.py:538} INFO - Filling up the DagBag from /home/airflow/.local/lib/python3.8/site-packages/airflow/example_dags/example_datasets.py
[2025-11-12T23:38:32.955+0000] {processor.py:840} INFO - DAG(s) 'dataset_produces_1', 'dataset_consumes_1', 'dataset_consumes_unknown_never_scheduled', 'dataset_produces_2', 'dataset_consumes_1_and_2', 'dataset_consumes_1_never_scheduled' retrieved from /home/airflow/.local/lib/python3.8/site-packages/airflow/example_dags/example_datasets.py
[2025-11-12T23:38:32.980+0000] {logging_mixin.py:188} INFO - [2025-11-12T23:38:32.980+0000] {dag.py:3036} INFO - Sync 6 DAGs
[2025-11-12T23:38:32.998+0000] {logging_mixin.py:188} INFO - [2025-11-12T23:38:32.998+0000] {dag.py:3823} INFO - Setting next_dagrun for dataset_consumes_1 to None, run_after=None
[2025-11-12T23:38:33.000+0000] {logging_mixin.py:188} INFO - [2025-11-12T23:38:33.000+0000] {dag.py:3823} INFO - Setting next_dagrun for dataset_consumes_1_and_2 to None, run_after=None
[2025-11-12T23:38:33.001+0000] {logging_mixin.py:188} INFO - [2025-11-12T23:38:33.001+0000] {dag.py:3823} INFO - Setting next_dagrun for dataset_consumes_1_never_scheduled to None, run_after=None
[2025-11-12T23:38:33.002+0000] {logging_mixin.py:188} INFO - [2025-11-12T23:38:33.002+0000] {dag.py:3823} INFO - Setting next_dagrun for dataset_consumes_unknown_never_scheduled to None, run_after=None
[2025-11-12T23:38:33.004+0000] {logging_mixin.py:188} INFO - [2025-11-12T23:38:33.004+0000] {dag.py:3823} INFO - Setting next_dagrun for dataset_produces_1 to 2025-11-11 00:00:00+00:00, run_after=2025-11-12 00:00:00+00:00
[2025-11-12T23:38:33.004+0000] {logging_mixin.py:188} INFO - [2025-11-12T23:38:33.004+0000] {dag.py:3823} INFO - Setting next_dagrun for dataset_produces_2 to None, run_after=None
[2025-11-12T23:38:33.025+0000] {processor.py:183} INFO - Processing /home/airflow/.local/lib/python3.8/site-packages/airflow/example_dags/example_datasets.py took 0.082 seconds
[2025-11-12T23:39:03.298+0000] {processor.py:161} INFO - Started process (PID=807) to work on /home/airflow/.local/lib/python3.8/site-packages/airflow/example_dags/example_datasets.py
[2025-11-12T23:39:03.299+0000] {processor.py:830} INFO - Processing file /home/airflow/.local/lib/python3.8/site-packages/airflow/example_dags/example_datasets.py for tasks to queue
[2025-11-12T23:39:03.300+0000] {logging_mixin.py:188} INFO - [2025-11-12T23:39:03.300+0000] {dagbag.py:538} INFO - Filling up the DagBag from /home/airflow/.local/lib/python3.8/site-packages/airflow/example_dags/example_datasets.py
[2025-11-12T23:39:03.307+0000] {processor.py:840} INFO - DAG(s) 'dataset_produces_2', 'dataset_consumes_1_and_2', 'dataset_consumes_unknown_never_scheduled', 'dataset_consumes_1', 'dataset_consumes_1_never_scheduled', 'dataset_produces_1' retrieved from /home/airflow/.local/lib/python3.8/site-packages/airflow/example_dags/example_datasets.py
[2025-11-12T23:39:03.332+0000] {logging_mixin.py:188} INFO - [2025-11-12T23:39:03.332+0000] {dag.py:3036} INFO - Sync 6 DAGs
[2025-11-12T23:39:03.348+0000] {logging_mixin.py:188} INFO - [2025-11-12T23:39:03.348+0000] {dag.py:3823} INFO - Setting next_dagrun for dataset_consumes_1 to None, run_after=None
[2025-11-12T23:39:03.351+0000] {logging_mixin.py:188} INFO - [2025-11-12T23:39:03.350+0000] {dag.py:3823} INFO - Setting next_dagrun for dataset_consumes_1_and_2 to None, run_after=None
[2025-11-12T23:39:03.351+0000] {logging_mixin.py:188} INFO - [2025-11-12T23:39:03.351+0000] {dag.py:3823} INFO - Setting next_dagrun for dataset_consumes_1_never_scheduled to None, run_after=None
[2025-11-12T23:39:03.352+0000] {logging_mixin.py:188} INFO - [2025-11-12T23:39:03.352+0000] {dag.py:3823} INFO - Setting next_dagrun for dataset_consumes_unknown_never_scheduled to None, run_after=None
[2025-11-12T23:39:03.354+0000] {logging_mixin.py:188} INFO - [2025-11-12T23:39:03.354+0000] {dag.py:3823} INFO - Setting next_dagrun for dataset_produces_1 to 2025-11-11 00:00:00+00:00, run_after=2025-11-12 00:00:00+00:00
[2025-11-12T23:39:03.355+0000] {logging_mixin.py:188} INFO - [2025-11-12T23:39:03.354+0000] {dag.py:3823} INFO - Setting next_dagrun for dataset_produces_2 to None, run_after=None
[2025-11-12T23:39:03.376+0000] {processor.py:183} INFO - Processing /home/airflow/.local/lib/python3.8/site-packages/airflow/example_dags/example_datasets.py took 0.081 seconds
[2025-11-12T23:39:33.677+0000] {processor.py:161} INFO - Started process (PID=864) to work on /home/airflow/.local/lib/python3.8/site-packages/airflow/example_dags/example_datasets.py
[2025-11-12T23:39:33.678+0000] {processor.py:830} INFO - Processing file /home/airflow/.local/lib/python3.8/site-packages/airflow/example_dags/example_datasets.py for tasks to queue
[2025-11-12T23:39:33.679+0000] {logging_mixin.py:188} INFO - [2025-11-12T23:39:33.679+0000] {dagbag.py:538} INFO - Filling up the DagBag from /home/airflow/.local/lib/python3.8/site-packages/airflow/example_dags/example_datasets.py
[2025-11-12T23:39:33.687+0000] {processor.py:840} INFO - DAG(s) 'dataset_consumes_1_never_scheduled', 'dataset_consumes_1', 'dataset_produces_1', 'dataset_produces_2', 'dataset_consumes_unknown_never_scheduled', 'dataset_consumes_1_and_2' retrieved from /home/airflow/.local/lib/python3.8/site-packages/airflow/example_dags/example_datasets.py
[2025-11-12T23:39:33.714+0000] {logging_mixin.py:188} INFO - [2025-11-12T23:39:33.714+0000] {dag.py:3036} INFO - Sync 6 DAGs
[2025-11-12T23:39:33.733+0000] {logging_mixin.py:188} INFO - [2025-11-12T23:39:33.733+0000] {dag.py:3823} INFO - Setting next_dagrun for dataset_consumes_1 to None, run_after=None
[2025-11-12T23:39:33.736+0000] {logging_mixin.py:188} INFO - [2025-11-12T23:39:33.736+0000] {dag.py:3823} INFO - Setting next_dagrun for dataset_consumes_1_and_2 to None, run_after=None
[2025-11-12T23:39:33.737+0000] {logging_mixin.py:188} INFO - [2025-11-12T23:39:33.737+0000] {dag.py:3823} INFO - Setting next_dagrun for dataset_consumes_1_never_scheduled to None, run_after=None
[2025-11-12T23:39:33.738+0000] {logging_mixin.py:188} INFO - [2025-11-12T23:39:33.738+0000] {dag.py:3823} INFO - Setting next_dagrun for dataset_consumes_unknown_never_scheduled to None, run_after=None
[2025-11-12T23:39:33.740+0000] {logging_mixin.py:188} INFO - [2025-11-12T23:39:33.740+0000] {dag.py:3823} INFO - Setting next_dagrun for dataset_produces_1 to 2025-11-11 00:00:00+00:00, run_after=2025-11-12 00:00:00+00:00
[2025-11-12T23:39:33.740+0000] {logging_mixin.py:188} INFO - [2025-11-12T23:39:33.740+0000] {dag.py:3823} INFO - Setting next_dagrun for dataset_produces_2 to None, run_after=None
[2025-11-12T23:39:33.761+0000] {processor.py:183} INFO - Processing /home/airflow/.local/lib/python3.8/site-packages/airflow/example_dags/example_datasets.py took 0.087 seconds
[2025-11-12T23:40:03.982+0000] {processor.py:161} INFO - Started process (PID=921) to work on /home/airflow/.local/lib/python3.8/site-packages/airflow/example_dags/example_datasets.py
[2025-11-12T23:40:03.983+0000] {processor.py:830} INFO - Processing file /home/airflow/.local/lib/python3.8/site-packages/airflow/example_dags/example_datasets.py for tasks to queue
[2025-11-12T23:40:03.984+0000] {logging_mixin.py:188} INFO - [2025-11-12T23:40:03.984+0000] {dagbag.py:538} INFO - Filling up the DagBag from /home/airflow/.local/lib/python3.8/site-packages/airflow/example_dags/example_datasets.py
[2025-11-12T23:40:03.992+0000] {processor.py:840} INFO - DAG(s) 'dataset_produces_1', 'dataset_consumes_1_never_scheduled', 'dataset_consumes_1_and_2', 'dataset_consumes_1', 'dataset_consumes_unknown_never_scheduled', 'dataset_produces_2' retrieved from /home/airflow/.local/lib/python3.8/site-packages/airflow/example_dags/example_datasets.py
[2025-11-12T23:40:04.018+0000] {logging_mixin.py:188} INFO - [2025-11-12T23:40:04.018+0000] {dag.py:3036} INFO - Sync 6 DAGs
[2025-11-12T23:40:04.035+0000] {logging_mixin.py:188} INFO - [2025-11-12T23:40:04.035+0000] {dag.py:3823} INFO - Setting next_dagrun for dataset_consumes_1 to None, run_after=None
[2025-11-12T23:40:04.038+0000] {logging_mixin.py:188} INFO - [2025-11-12T23:40:04.038+0000] {dag.py:3823} INFO - Setting next_dagrun for dataset_consumes_1_and_2 to None, run_after=None
[2025-11-12T23:40:04.038+0000] {logging_mixin.py:188} INFO - [2025-11-12T23:40:04.038+0000] {dag.py:3823} INFO - Setting next_dagrun for dataset_consumes_1_never_scheduled to None, run_after=None
[2025-11-12T23:40:04.039+0000] {logging_mixin.py:188} INFO - [2025-11-12T23:40:04.039+0000] {dag.py:3823} INFO - Setting next_dagrun for dataset_consumes_unknown_never_scheduled to None, run_after=None
[2025-11-12T23:40:04.041+0000] {logging_mixin.py:188} INFO - [2025-11-12T23:40:04.041+0000] {dag.py:3823} INFO - Setting next_dagrun for dataset_produces_1 to 2025-11-11 00:00:00+00:00, run_after=2025-11-12 00:00:00+00:00
[2025-11-12T23:40:04.042+0000] {logging_mixin.py:188} INFO - [2025-11-12T23:40:04.042+0000] {dag.py:3823} INFO - Setting next_dagrun for dataset_produces_2 to None, run_after=None
[2025-11-12T23:40:04.065+0000] {processor.py:183} INFO - Processing /home/airflow/.local/lib/python3.8/site-packages/airflow/example_dags/example_datasets.py took 0.085 seconds
[2025-11-12T23:40:34.087+0000] {processor.py:161} INFO - Started process (PID=977) to work on /home/airflow/.local/lib/python3.8/site-packages/airflow/example_dags/example_datasets.py
[2025-11-12T23:40:34.088+0000] {processor.py:830} INFO - Processing file /home/airflow/.local/lib/python3.8/site-packages/airflow/example_dags/example_datasets.py for tasks to queue
[2025-11-12T23:40:34.089+0000] {logging_mixin.py:188} INFO - [2025-11-12T23:40:34.089+0000] {dagbag.py:538} INFO - Filling up the DagBag from /home/airflow/.local/lib/python3.8/site-packages/airflow/example_dags/example_datasets.py
[2025-11-12T23:40:34.096+0000] {processor.py:840} INFO - DAG(s) 'dataset_produces_2', 'dataset_consumes_1_and_2', 'dataset_consumes_unknown_never_scheduled', 'dataset_consumes_1', 'dataset_produces_1', 'dataset_consumes_1_never_scheduled' retrieved from /home/airflow/.local/lib/python3.8/site-packages/airflow/example_dags/example_datasets.py
[2025-11-12T23:40:34.122+0000] {logging_mixin.py:188} INFO - [2025-11-12T23:40:34.122+0000] {dag.py:3036} INFO - Sync 6 DAGs
[2025-11-12T23:40:34.138+0000] {logging_mixin.py:188} INFO - [2025-11-12T23:40:34.138+0000] {dag.py:3823} INFO - Setting next_dagrun for dataset_consumes_1 to None, run_after=None
[2025-11-12T23:40:34.141+0000] {logging_mixin.py:188} INFO - [2025-11-12T23:40:34.141+0000] {dag.py:3823} INFO - Setting next_dagrun for dataset_consumes_1_and_2 to None, run_after=None
[2025-11-12T23:40:34.141+0000] {logging_mixin.py:188} INFO - [2025-11-12T23:40:34.141+0000] {dag.py:3823} INFO - Setting next_dagrun for dataset_consumes_1_never_scheduled to None, run_after=None
[2025-11-12T23:40:34.142+0000] {logging_mixin.py:188} INFO - [2025-11-12T23:40:34.142+0000] {dag.py:3823} INFO - Setting next_dagrun for dataset_consumes_unknown_never_scheduled to None, run_after=None
[2025-11-12T23:40:34.144+0000] {logging_mixin.py:188} INFO - [2025-11-12T23:40:34.144+0000] {dag.py:3823} INFO - Setting next_dagrun for dataset_produces_1 to 2025-11-11 00:00:00+00:00, run_after=2025-11-12 00:00:00+00:00
[2025-11-12T23:40:34.145+0000] {logging_mixin.py:188} INFO - [2025-11-12T23:40:34.145+0000] {dag.py:3823} INFO - Setting next_dagrun for dataset_produces_2 to None, run_after=None
[2025-11-12T23:40:34.166+0000] {processor.py:183} INFO - Processing /home/airflow/.local/lib/python3.8/site-packages/airflow/example_dags/example_datasets.py took 0.082 seconds
[2025-11-12T23:41:04.332+0000] {processor.py:161} INFO - Started process (PID=1034) to work on /home/airflow/.local/lib/python3.8/site-packages/airflow/example_dags/example_datasets.py
[2025-11-12T23:41:04.332+0000] {processor.py:830} INFO - Processing file /home/airflow/.local/lib/python3.8/site-packages/airflow/example_dags/example_datasets.py for tasks to queue
[2025-11-12T23:41:04.334+0000] {logging_mixin.py:188} INFO - [2025-11-12T23:41:04.333+0000] {dagbag.py:538} INFO - Filling up the DagBag from /home/airflow/.local/lib/python3.8/site-packages/airflow/example_dags/example_datasets.py
[2025-11-12T23:41:04.341+0000] {processor.py:840} INFO - DAG(s) 'dataset_consumes_1', 'dataset_consumes_1_never_scheduled', 'dataset_produces_2', 'dataset_produces_1', 'dataset_consumes_1_and_2', 'dataset_consumes_unknown_never_scheduled' retrieved from /home/airflow/.local/lib/python3.8/site-packages/airflow/example_dags/example_datasets.py
[2025-11-12T23:41:04.367+0000] {logging_mixin.py:188} INFO - [2025-11-12T23:41:04.367+0000] {dag.py:3036} INFO - Sync 6 DAGs
[2025-11-12T23:41:04.384+0000] {logging_mixin.py:188} INFO - [2025-11-12T23:41:04.384+0000] {dag.py:3823} INFO - Setting next_dagrun for dataset_consumes_1 to None, run_after=None
[2025-11-12T23:41:04.386+0000] {logging_mixin.py:188} INFO - [2025-11-12T23:41:04.386+0000] {dag.py:3823} INFO - Setting next_dagrun for dataset_consumes_1_and_2 to None, run_after=None
[2025-11-12T23:41:04.387+0000] {logging_mixin.py:188} INFO - [2025-11-12T23:41:04.387+0000] {dag.py:3823} INFO - Setting next_dagrun for dataset_consumes_1_never_scheduled to None, run_after=None
[2025-11-12T23:41:04.388+0000] {logging_mixin.py:188} INFO - [2025-11-12T23:41:04.388+0000] {dag.py:3823} INFO - Setting next_dagrun for dataset_consumes_unknown_never_scheduled to None, run_after=None
[2025-11-12T23:41:04.390+0000] {logging_mixin.py:188} INFO - [2025-11-12T23:41:04.390+0000] {dag.py:3823} INFO - Setting next_dagrun for dataset_produces_1 to 2025-11-11 00:00:00+00:00, run_after=2025-11-12 00:00:00+00:00
[2025-11-12T23:41:04.391+0000] {logging_mixin.py:188} INFO - [2025-11-12T23:41:04.391+0000] {dag.py:3823} INFO - Setting next_dagrun for dataset_produces_2 to None, run_after=None
[2025-11-12T23:41:04.413+0000] {processor.py:183} INFO - Processing /home/airflow/.local/lib/python3.8/site-packages/airflow/example_dags/example_datasets.py took 0.084 seconds
[2025-11-12T23:41:34.564+0000] {processor.py:161} INFO - Started process (PID=1091) to work on /home/airflow/.local/lib/python3.8/site-packages/airflow/example_dags/example_datasets.py
[2025-11-12T23:41:34.565+0000] {processor.py:830} INFO - Processing file /home/airflow/.local/lib/python3.8/site-packages/airflow/example_dags/example_datasets.py for tasks to queue
[2025-11-12T23:41:34.566+0000] {logging_mixin.py:188} INFO - [2025-11-12T23:41:34.566+0000] {dagbag.py:538} INFO - Filling up the DagBag from /home/airflow/.local/lib/python3.8/site-packages/airflow/example_dags/example_datasets.py
[2025-11-12T23:41:34.573+0000] {processor.py:840} INFO - DAG(s) 'dataset_produces_2', 'dataset_produces_1', 'dataset_consumes_1_and_2', 'dataset_consumes_1_never_scheduled', 'dataset_consumes_1', 'dataset_consumes_unknown_never_scheduled' retrieved from /home/airflow/.local/lib/python3.8/site-packages/airflow/example_dags/example_datasets.py
[2025-11-12T23:41:34.600+0000] {logging_mixin.py:188} INFO - [2025-11-12T23:41:34.600+0000] {dag.py:3036} INFO - Sync 6 DAGs
[2025-11-12T23:41:34.617+0000] {logging_mixin.py:188} INFO - [2025-11-12T23:41:34.617+0000] {dag.py:3823} INFO - Setting next_dagrun for dataset_consumes_1 to None, run_after=None
[2025-11-12T23:41:34.620+0000] {logging_mixin.py:188} INFO - [2025-11-12T23:41:34.620+0000] {dag.py:3823} INFO - Setting next_dagrun for dataset_consumes_1_and_2 to None, run_after=None
[2025-11-12T23:41:34.621+0000] {logging_mixin.py:188} INFO - [2025-11-12T23:41:34.621+0000] {dag.py:3823} INFO - Setting next_dagrun for dataset_consumes_1_never_scheduled to None, run_after=None
[2025-11-12T23:41:34.622+0000] {logging_mixin.py:188} INFO - [2025-11-12T23:41:34.622+0000] {dag.py:3823} INFO - Setting next_dagrun for dataset_consumes_unknown_never_scheduled to None, run_after=None
[2025-11-12T23:41:34.624+0000] {logging_mixin.py:188} INFO - [2025-11-12T23:41:34.624+0000] {dag.py:3823} INFO - Setting next_dagrun for dataset_produces_1 to 2025-11-11 00:00:00+00:00, run_after=2025-11-12 00:00:00+00:00
[2025-11-12T23:41:34.625+0000] {logging_mixin.py:188} INFO - [2025-11-12T23:41:34.625+0000] {dag.py:3823} INFO - Setting next_dagrun for dataset_produces_2 to None, run_after=None
[2025-11-12T23:41:34.648+0000] {processor.py:183} INFO - Processing /home/airflow/.local/lib/python3.8/site-packages/airflow/example_dags/example_datasets.py took 0.087 seconds
[2025-11-12T23:42:04.695+0000] {processor.py:161} INFO - Started process (PID=1148) to work on /home/airflow/.local/lib/python3.8/site-packages/airflow/example_dags/example_datasets.py
[2025-11-12T23:42:04.696+0000] {processor.py:830} INFO - Processing file /home/airflow/.local/lib/python3.8/site-packages/airflow/example_dags/example_datasets.py for tasks to queue
[2025-11-12T23:42:04.697+0000] {logging_mixin.py:188} INFO - [2025-11-12T23:42:04.697+0000] {dagbag.py:538} INFO - Filling up the DagBag from /home/airflow/.local/lib/python3.8/site-packages/airflow/example_dags/example_datasets.py
[2025-11-12T23:42:04.705+0000] {processor.py:840} INFO - DAG(s) 'dataset_consumes_1_never_scheduled', 'dataset_consumes_unknown_never_scheduled', 'dataset_consumes_1', 'dataset_consumes_1_and_2', 'dataset_produces_1', 'dataset_produces_2' retrieved from /home/airflow/.local/lib/python3.8/site-packages/airflow/example_dags/example_datasets.py
[2025-11-12T23:42:04.734+0000] {logging_mixin.py:188} INFO - [2025-11-12T23:42:04.733+0000] {dag.py:3036} INFO - Sync 6 DAGs
[2025-11-12T23:42:04.756+0000] {logging_mixin.py:188} INFO - [2025-11-12T23:42:04.755+0000] {dag.py:3823} INFO - Setting next_dagrun for dataset_consumes_1 to None, run_after=None
[2025-11-12T23:42:04.759+0000] {logging_mixin.py:188} INFO - [2025-11-12T23:42:04.759+0000] {dag.py:3823} INFO - Setting next_dagrun for dataset_consumes_1_and_2 to None, run_after=None
[2025-11-12T23:42:04.761+0000] {logging_mixin.py:188} INFO - [2025-11-12T23:42:04.760+0000] {dag.py:3823} INFO - Setting next_dagrun for dataset_consumes_1_never_scheduled to None, run_after=None
[2025-11-12T23:42:04.762+0000] {logging_mixin.py:188} INFO - [2025-11-12T23:42:04.761+0000] {dag.py:3823} INFO - Setting next_dagrun for dataset_consumes_unknown_never_scheduled to None, run_after=None
[2025-11-12T23:42:04.765+0000] {logging_mixin.py:188} INFO - [2025-11-12T23:42:04.765+0000] {dag.py:3823} INFO - Setting next_dagrun for dataset_produces_1 to 2025-11-11 00:00:00+00:00, run_after=2025-11-12 00:00:00+00:00
[2025-11-12T23:42:04.766+0000] {logging_mixin.py:188} INFO - [2025-11-12T23:42:04.766+0000] {dag.py:3823} INFO - Setting next_dagrun for dataset_produces_2 to None, run_after=None
[2025-11-12T23:42:04.791+0000] {processor.py:183} INFO - Processing /home/airflow/.local/lib/python3.8/site-packages/airflow/example_dags/example_datasets.py took 0.099 seconds
[2025-11-12T23:42:35.018+0000] {processor.py:161} INFO - Started process (PID=1205) to work on /home/airflow/.local/lib/python3.8/site-packages/airflow/example_dags/example_datasets.py
[2025-11-12T23:42:35.019+0000] {processor.py:830} INFO - Processing file /home/airflow/.local/lib/python3.8/site-packages/airflow/example_dags/example_datasets.py for tasks to queue
[2025-11-12T23:42:35.020+0000] {logging_mixin.py:188} INFO - [2025-11-12T23:42:35.020+0000] {dagbag.py:538} INFO - Filling up the DagBag from /home/airflow/.local/lib/python3.8/site-packages/airflow/example_dags/example_datasets.py
[2025-11-12T23:42:35.028+0000] {processor.py:840} INFO - DAG(s) 'dataset_consumes_1', 'dataset_consumes_unknown_never_scheduled', 'dataset_consumes_1_never_scheduled', 'dataset_consumes_1_and_2', 'dataset_produces_1', 'dataset_produces_2' retrieved from /home/airflow/.local/lib/python3.8/site-packages/airflow/example_dags/example_datasets.py
[2025-11-12T23:42:35.060+0000] {logging_mixin.py:188} INFO - [2025-11-12T23:42:35.060+0000] {dag.py:3036} INFO - Sync 6 DAGs
[2025-11-12T23:42:35.079+0000] {logging_mixin.py:188} INFO - [2025-11-12T23:42:35.078+0000] {dag.py:3823} INFO - Setting next_dagrun for dataset_consumes_1 to None, run_after=None
[2025-11-12T23:42:35.082+0000] {logging_mixin.py:188} INFO - [2025-11-12T23:42:35.082+0000] {dag.py:3823} INFO - Setting next_dagrun for dataset_consumes_1_and_2 to None, run_after=None
[2025-11-12T23:42:35.083+0000] {logging_mixin.py:188} INFO - [2025-11-12T23:42:35.083+0000] {dag.py:3823} INFO - Setting next_dagrun for dataset_consumes_1_never_scheduled to None, run_after=None
[2025-11-12T23:42:35.084+0000] {logging_mixin.py:188} INFO - [2025-11-12T23:42:35.084+0000] {dag.py:3823} INFO - Setting next_dagrun for dataset_consumes_unknown_never_scheduled to None, run_after=None
[2025-11-12T23:42:35.086+0000] {logging_mixin.py:188} INFO - [2025-11-12T23:42:35.086+0000] {dag.py:3823} INFO - Setting next_dagrun for dataset_produces_1 to 2025-11-11 00:00:00+00:00, run_after=2025-11-12 00:00:00+00:00
[2025-11-12T23:42:35.086+0000] {logging_mixin.py:188} INFO - [2025-11-12T23:42:35.086+0000] {dag.py:3823} INFO - Setting next_dagrun for dataset_produces_2 to None, run_after=None
[2025-11-12T23:42:35.108+0000] {processor.py:183} INFO - Processing /home/airflow/.local/lib/python3.8/site-packages/airflow/example_dags/example_datasets.py took 0.092 seconds
[2025-11-12T23:43:05.390+0000] {processor.py:161} INFO - Started process (PID=1262) to work on /home/airflow/.local/lib/python3.8/site-packages/airflow/example_dags/example_datasets.py
[2025-11-12T23:43:05.391+0000] {processor.py:830} INFO - Processing file /home/airflow/.local/lib/python3.8/site-packages/airflow/example_dags/example_datasets.py for tasks to queue
[2025-11-12T23:43:05.392+0000] {logging_mixin.py:188} INFO - [2025-11-12T23:43:05.392+0000] {dagbag.py:538} INFO - Filling up the DagBag from /home/airflow/.local/lib/python3.8/site-packages/airflow/example_dags/example_datasets.py
[2025-11-12T23:43:05.400+0000] {processor.py:840} INFO - DAG(s) 'dataset_consumes_1', 'dataset_produces_1', 'dataset_consumes_unknown_never_scheduled', 'dataset_produces_2', 'dataset_consumes_1_never_scheduled', 'dataset_consumes_1_and_2' retrieved from /home/airflow/.local/lib/python3.8/site-packages/airflow/example_dags/example_datasets.py
[2025-11-12T23:43:05.425+0000] {logging_mixin.py:188} INFO - [2025-11-12T23:43:05.425+0000] {dag.py:3036} INFO - Sync 6 DAGs
[2025-11-12T23:43:05.443+0000] {logging_mixin.py:188} INFO - [2025-11-12T23:43:05.443+0000] {dag.py:3823} INFO - Setting next_dagrun for dataset_consumes_1 to None, run_after=None
[2025-11-12T23:43:05.446+0000] {logging_mixin.py:188} INFO - [2025-11-12T23:43:05.446+0000] {dag.py:3823} INFO - Setting next_dagrun for dataset_consumes_1_and_2 to None, run_after=None
[2025-11-12T23:43:05.447+0000] {logging_mixin.py:188} INFO - [2025-11-12T23:43:05.447+0000] {dag.py:3823} INFO - Setting next_dagrun for dataset_consumes_1_never_scheduled to None, run_after=None
[2025-11-12T23:43:05.447+0000] {logging_mixin.py:188} INFO - [2025-11-12T23:43:05.447+0000] {dag.py:3823} INFO - Setting next_dagrun for dataset_consumes_unknown_never_scheduled to None, run_after=None
[2025-11-12T23:43:05.449+0000] {logging_mixin.py:188} INFO - [2025-11-12T23:43:05.449+0000] {dag.py:3823} INFO - Setting next_dagrun for dataset_produces_1 to 2025-11-11 00:00:00+00:00, run_after=2025-11-12 00:00:00+00:00
[2025-11-12T23:43:05.450+0000] {logging_mixin.py:188} INFO - [2025-11-12T23:43:05.450+0000] {dag.py:3823} INFO - Setting next_dagrun for dataset_produces_2 to None, run_after=None
[2025-11-12T23:43:05.471+0000] {processor.py:183} INFO - Processing /home/airflow/.local/lib/python3.8/site-packages/airflow/example_dags/example_datasets.py took 0.083 seconds
[2025-11-12T23:43:35.562+0000] {processor.py:161} INFO - Started process (PID=1319) to work on /home/airflow/.local/lib/python3.8/site-packages/airflow/example_dags/example_datasets.py
[2025-11-12T23:43:35.562+0000] {processor.py:830} INFO - Processing file /home/airflow/.local/lib/python3.8/site-packages/airflow/example_dags/example_datasets.py for tasks to queue
[2025-11-12T23:43:35.564+0000] {logging_mixin.py:188} INFO - [2025-11-12T23:43:35.564+0000] {dagbag.py:538} INFO - Filling up the DagBag from /home/airflow/.local/lib/python3.8/site-packages/airflow/example_dags/example_datasets.py
[2025-11-12T23:43:35.572+0000] {processor.py:840} INFO - DAG(s) 'dataset_consumes_1', 'dataset_produces_1', 'dataset_consumes_1_never_scheduled', 'dataset_consumes_1_and_2', 'dataset_consumes_unknown_never_scheduled', 'dataset_produces_2' retrieved from /home/airflow/.local/lib/python3.8/site-packages/airflow/example_dags/example_datasets.py
[2025-11-12T23:43:35.600+0000] {logging_mixin.py:188} INFO - [2025-11-12T23:43:35.600+0000] {dag.py:3036} INFO - Sync 6 DAGs
[2025-11-12T23:43:35.616+0000] {logging_mixin.py:188} INFO - [2025-11-12T23:43:35.616+0000] {dag.py:3823} INFO - Setting next_dagrun for dataset_consumes_1 to None, run_after=None
[2025-11-12T23:43:35.618+0000] {logging_mixin.py:188} INFO - [2025-11-12T23:43:35.618+0000] {dag.py:3823} INFO - Setting next_dagrun for dataset_consumes_1_and_2 to None, run_after=None
[2025-11-12T23:43:35.619+0000] {logging_mixin.py:188} INFO - [2025-11-12T23:43:35.619+0000] {dag.py:3823} INFO - Setting next_dagrun for dataset_consumes_1_never_scheduled to None, run_after=None
[2025-11-12T23:43:35.620+0000] {logging_mixin.py:188} INFO - [2025-11-12T23:43:35.620+0000] {dag.py:3823} INFO - Setting next_dagrun for dataset_consumes_unknown_never_scheduled to None, run_after=None
[2025-11-12T23:43:35.622+0000] {logging_mixin.py:188} INFO - [2025-11-12T23:43:35.622+0000] {dag.py:3823} INFO - Setting next_dagrun for dataset_produces_1 to 2025-11-11 00:00:00+00:00, run_after=2025-11-12 00:00:00+00:00
[2025-11-12T23:43:35.623+0000] {logging_mixin.py:188} INFO - [2025-11-12T23:43:35.623+0000] {dag.py:3823} INFO - Setting next_dagrun for dataset_produces_2 to None, run_after=None
[2025-11-12T23:43:35.645+0000] {processor.py:183} INFO - Processing /home/airflow/.local/lib/python3.8/site-packages/airflow/example_dags/example_datasets.py took 0.086 seconds
[2025-11-12T23:44:05.973+0000] {processor.py:161} INFO - Started process (PID=1376) to work on /home/airflow/.local/lib/python3.8/site-packages/airflow/example_dags/example_datasets.py
[2025-11-12T23:44:05.974+0000] {processor.py:830} INFO - Processing file /home/airflow/.local/lib/python3.8/site-packages/airflow/example_dags/example_datasets.py for tasks to queue
[2025-11-12T23:44:05.976+0000] {logging_mixin.py:188} INFO - [2025-11-12T23:44:05.975+0000] {dagbag.py:538} INFO - Filling up the DagBag from /home/airflow/.local/lib/python3.8/site-packages/airflow/example_dags/example_datasets.py
[2025-11-12T23:44:05.983+0000] {processor.py:840} INFO - DAG(s) 'dataset_produces_2', 'dataset_consumes_1_never_scheduled', 'dataset_consumes_1_and_2', 'dataset_produces_1', 'dataset_consumes_1', 'dataset_consumes_unknown_never_scheduled' retrieved from /home/airflow/.local/lib/python3.8/site-packages/airflow/example_dags/example_datasets.py
[2025-11-12T23:44:06.010+0000] {logging_mixin.py:188} INFO - [2025-11-12T23:44:06.010+0000] {dag.py:3036} INFO - Sync 6 DAGs
[2025-11-12T23:44:06.028+0000] {logging_mixin.py:188} INFO - [2025-11-12T23:44:06.028+0000] {dag.py:3823} INFO - Setting next_dagrun for dataset_consumes_1 to None, run_after=None
[2025-11-12T23:44:06.030+0000] {logging_mixin.py:188} INFO - [2025-11-12T23:44:06.030+0000] {dag.py:3823} INFO - Setting next_dagrun for dataset_consumes_1_and_2 to None, run_after=None
[2025-11-12T23:44:06.031+0000] {logging_mixin.py:188} INFO - [2025-11-12T23:44:06.031+0000] {dag.py:3823} INFO - Setting next_dagrun for dataset_consumes_1_never_scheduled to None, run_after=None
[2025-11-12T23:44:06.032+0000] {logging_mixin.py:188} INFO - [2025-11-12T23:44:06.032+0000] {dag.py:3823} INFO - Setting next_dagrun for dataset_consumes_unknown_never_scheduled to None, run_after=None
[2025-11-12T23:44:06.034+0000] {logging_mixin.py:188} INFO - [2025-11-12T23:44:06.034+0000] {dag.py:3823} INFO - Setting next_dagrun for dataset_produces_1 to 2025-11-11 00:00:00+00:00, run_after=2025-11-12 00:00:00+00:00
[2025-11-12T23:44:06.035+0000] {logging_mixin.py:188} INFO - [2025-11-12T23:44:06.035+0000] {dag.py:3823} INFO - Setting next_dagrun for dataset_produces_2 to None, run_after=None
[2025-11-12T23:44:06.056+0000] {processor.py:183} INFO - Processing /home/airflow/.local/lib/python3.8/site-packages/airflow/example_dags/example_datasets.py took 0.086 seconds
[2025-11-12T23:44:36.131+0000] {processor.py:161} INFO - Started process (PID=1433) to work on /home/airflow/.local/lib/python3.8/site-packages/airflow/example_dags/example_datasets.py
[2025-11-12T23:44:36.132+0000] {processor.py:830} INFO - Processing file /home/airflow/.local/lib/python3.8/site-packages/airflow/example_dags/example_datasets.py for tasks to queue
[2025-11-12T23:44:36.133+0000] {logging_mixin.py:188} INFO - [2025-11-12T23:44:36.133+0000] {dagbag.py:538} INFO - Filling up the DagBag from /home/airflow/.local/lib/python3.8/site-packages/airflow/example_dags/example_datasets.py
[2025-11-12T23:44:36.140+0000] {processor.py:840} INFO - DAG(s) 'dataset_produces_1', 'dataset_consumes_1', 'dataset_consumes_1_never_scheduled', 'dataset_produces_2', 'dataset_consumes_1_and_2', 'dataset_consumes_unknown_never_scheduled' retrieved from /home/airflow/.local/lib/python3.8/site-packages/airflow/example_dags/example_datasets.py
[2025-11-12T23:44:36.165+0000] {logging_mixin.py:188} INFO - [2025-11-12T23:44:36.165+0000] {dag.py:3036} INFO - Sync 6 DAGs
[2025-11-12T23:44:36.181+0000] {logging_mixin.py:188} INFO - [2025-11-12T23:44:36.181+0000] {dag.py:3823} INFO - Setting next_dagrun for dataset_consumes_1 to None, run_after=None
[2025-11-12T23:44:36.184+0000] {logging_mixin.py:188} INFO - [2025-11-12T23:44:36.183+0000] {dag.py:3823} INFO - Setting next_dagrun for dataset_consumes_1_and_2 to None, run_after=None
[2025-11-12T23:44:36.184+0000] {logging_mixin.py:188} INFO - [2025-11-12T23:44:36.184+0000] {dag.py:3823} INFO - Setting next_dagrun for dataset_consumes_1_never_scheduled to None, run_after=None
[2025-11-12T23:44:36.185+0000] {logging_mixin.py:188} INFO - [2025-11-12T23:44:36.185+0000] {dag.py:3823} INFO - Setting next_dagrun for dataset_consumes_unknown_never_scheduled to None, run_after=None
[2025-11-12T23:44:36.187+0000] {logging_mixin.py:188} INFO - [2025-11-12T23:44:36.187+0000] {dag.py:3823} INFO - Setting next_dagrun for dataset_produces_1 to 2025-11-11 00:00:00+00:00, run_after=2025-11-12 00:00:00+00:00
[2025-11-12T23:44:36.188+0000] {logging_mixin.py:188} INFO - [2025-11-12T23:44:36.188+0000] {dag.py:3823} INFO - Setting next_dagrun for dataset_produces_2 to None, run_after=None
[2025-11-12T23:44:36.207+0000] {processor.py:183} INFO - Processing /home/airflow/.local/lib/python3.8/site-packages/airflow/example_dags/example_datasets.py took 0.079 seconds
[2025-11-12T23:45:06.439+0000] {processor.py:161} INFO - Started process (PID=1490) to work on /home/airflow/.local/lib/python3.8/site-packages/airflow/example_dags/example_datasets.py
[2025-11-12T23:45:06.440+0000] {processor.py:830} INFO - Processing file /home/airflow/.local/lib/python3.8/site-packages/airflow/example_dags/example_datasets.py for tasks to queue
[2025-11-12T23:45:06.441+0000] {logging_mixin.py:188} INFO - [2025-11-12T23:45:06.441+0000] {dagbag.py:538} INFO - Filling up the DagBag from /home/airflow/.local/lib/python3.8/site-packages/airflow/example_dags/example_datasets.py
[2025-11-12T23:45:06.448+0000] {processor.py:840} INFO - DAG(s) 'dataset_consumes_1_and_2', 'dataset_consumes_unknown_never_scheduled', 'dataset_produces_1', 'dataset_consumes_1_never_scheduled', 'dataset_consumes_1', 'dataset_produces_2' retrieved from /home/airflow/.local/lib/python3.8/site-packages/airflow/example_dags/example_datasets.py
[2025-11-12T23:45:06.475+0000] {logging_mixin.py:188} INFO - [2025-11-12T23:45:06.475+0000] {dag.py:3036} INFO - Sync 6 DAGs
[2025-11-12T23:45:06.492+0000] {logging_mixin.py:188} INFO - [2025-11-12T23:45:06.492+0000] {dag.py:3823} INFO - Setting next_dagrun for dataset_consumes_1 to None, run_after=None
[2025-11-12T23:45:06.495+0000] {logging_mixin.py:188} INFO - [2025-11-12T23:45:06.494+0000] {dag.py:3823} INFO - Setting next_dagrun for dataset_consumes_1_and_2 to None, run_after=None
[2025-11-12T23:45:06.495+0000] {logging_mixin.py:188} INFO - [2025-11-12T23:45:06.495+0000] {dag.py:3823} INFO - Setting next_dagrun for dataset_consumes_1_never_scheduled to None, run_after=None
[2025-11-12T23:45:06.496+0000] {logging_mixin.py:188} INFO - [2025-11-12T23:45:06.496+0000] {dag.py:3823} INFO - Setting next_dagrun for dataset_consumes_unknown_never_scheduled to None, run_after=None
[2025-11-12T23:45:06.498+0000] {logging_mixin.py:188} INFO - [2025-11-12T23:45:06.498+0000] {dag.py:3823} INFO - Setting next_dagrun for dataset_produces_1 to 2025-11-11 00:00:00+00:00, run_after=2025-11-12 00:00:00+00:00
[2025-11-12T23:45:06.499+0000] {logging_mixin.py:188} INFO - [2025-11-12T23:45:06.499+0000] {dag.py:3823} INFO - Setting next_dagrun for dataset_produces_2 to None, run_after=None
[2025-11-12T23:45:06.521+0000] {processor.py:183} INFO - Processing /home/airflow/.local/lib/python3.8/site-packages/airflow/example_dags/example_datasets.py took 0.085 seconds
[2025-11-12T23:45:36.540+0000] {processor.py:161} INFO - Started process (PID=1547) to work on /home/airflow/.local/lib/python3.8/site-packages/airflow/example_dags/example_datasets.py
[2025-11-12T23:45:36.540+0000] {processor.py:830} INFO - Processing file /home/airflow/.local/lib/python3.8/site-packages/airflow/example_dags/example_datasets.py for tasks to queue
[2025-11-12T23:45:36.542+0000] {logging_mixin.py:188} INFO - [2025-11-12T23:45:36.541+0000] {dagbag.py:538} INFO - Filling up the DagBag from /home/airflow/.local/lib/python3.8/site-packages/airflow/example_dags/example_datasets.py
[2025-11-12T23:45:36.549+0000] {processor.py:840} INFO - DAG(s) 'dataset_consumes_1_never_scheduled', 'dataset_consumes_unknown_never_scheduled', 'dataset_produces_2', 'dataset_produces_1', 'dataset_consumes_1', 'dataset_consumes_1_and_2' retrieved from /home/airflow/.local/lib/python3.8/site-packages/airflow/example_dags/example_datasets.py
[2025-11-12T23:45:36.575+0000] {logging_mixin.py:188} INFO - [2025-11-12T23:45:36.575+0000] {dag.py:3036} INFO - Sync 6 DAGs
[2025-11-12T23:45:36.592+0000] {logging_mixin.py:188} INFO - [2025-11-12T23:45:36.592+0000] {dag.py:3823} INFO - Setting next_dagrun for dataset_consumes_1 to None, run_after=None
[2025-11-12T23:45:36.595+0000] {logging_mixin.py:188} INFO - [2025-11-12T23:45:36.594+0000] {dag.py:3823} INFO - Setting next_dagrun for dataset_consumes_1_and_2 to None, run_after=None
[2025-11-12T23:45:36.595+0000] {logging_mixin.py:188} INFO - [2025-11-12T23:45:36.595+0000] {dag.py:3823} INFO - Setting next_dagrun for dataset_consumes_1_never_scheduled to None, run_after=None
[2025-11-12T23:45:36.596+0000] {logging_mixin.py:188} INFO - [2025-11-12T23:45:36.596+0000] {dag.py:3823} INFO - Setting next_dagrun for dataset_consumes_unknown_never_scheduled to None, run_after=None
[2025-11-12T23:45:36.598+0000] {logging_mixin.py:188} INFO - [2025-11-12T23:45:36.598+0000] {dag.py:3823} INFO - Setting next_dagrun for dataset_produces_1 to 2025-11-11 00:00:00+00:00, run_after=2025-11-12 00:00:00+00:00
[2025-11-12T23:45:36.599+0000] {logging_mixin.py:188} INFO - [2025-11-12T23:45:36.599+0000] {dag.py:3823} INFO - Setting next_dagrun for dataset_produces_2 to None, run_after=None
[2025-11-12T23:45:36.621+0000] {processor.py:183} INFO - Processing /home/airflow/.local/lib/python3.8/site-packages/airflow/example_dags/example_datasets.py took 0.084 seconds
