[2025-11-12T23:32:29.286+0000] {processor.py:161} INFO - Started process (PID=90) to work on /home/airflow/.local/lib/python3.8/site-packages/airflow/example_dags/example_subdag_operator.py
[2025-11-12T23:32:29.286+0000] {processor.py:830} INFO - Processing file /home/airflow/.local/lib/python3.8/site-packages/airflow/example_dags/example_subdag_operator.py for tasks to queue
[2025-11-12T23:32:29.288+0000] {logging_mixin.py:188} INFO - [2025-11-12T23:32:29.288+0000] {dagbag.py:538} INFO - Filling up the DagBag from /home/airflow/.local/lib/python3.8/site-packages/airflow/example_dags/example_subdag_operator.py
[2025-11-12T23:32:29.306+0000] {processor.py:840} INFO - DAG(s) 'example_subdag_operator.section-1', 'example_subdag_operator.section-2', 'example_subdag_operator' retrieved from /home/airflow/.local/lib/python3.8/site-packages/airflow/example_dags/example_subdag_operator.py
[2025-11-12T23:32:29.390+0000] {logging_mixin.py:188} INFO - [2025-11-12T23:32:29.389+0000] {override.py:1769} INFO - Created Permission View: can delete on DAG:example_subdag_operator
[2025-11-12T23:32:29.396+0000] {logging_mixin.py:188} INFO - [2025-11-12T23:32:29.396+0000] {override.py:1769} INFO - Created Permission View: can edit on DAG:example_subdag_operator
[2025-11-12T23:32:29.401+0000] {logging_mixin.py:188} INFO - [2025-11-12T23:32:29.401+0000] {override.py:1769} INFO - Created Permission View: can read on DAG:example_subdag_operator
[2025-11-12T23:32:29.401+0000] {logging_mixin.py:188} INFO - [2025-11-12T23:32:29.401+0000] {dag.py:3036} INFO - Sync 3 DAGs
[2025-11-12T23:32:29.410+0000] {logging_mixin.py:188} INFO - [2025-11-12T23:32:29.409+0000] {dag.py:3058} INFO - Creating ORM DAG for example_subdag_operator.section-2
[2025-11-12T23:32:29.410+0000] {logging_mixin.py:188} INFO - [2025-11-12T23:32:29.410+0000] {dag.py:3058} INFO - Creating ORM DAG for example_subdag_operator
[2025-11-12T23:32:29.410+0000] {logging_mixin.py:188} INFO - [2025-11-12T23:32:29.410+0000] {dag.py:3058} INFO - Creating ORM DAG for example_subdag_operator.section-1
[2025-11-12T23:32:29.417+0000] {logging_mixin.py:188} INFO - [2025-11-12T23:32:29.417+0000] {dag.py:3823} INFO - Setting next_dagrun for example_subdag_operator to 2022-01-01 00:00:00+00:00, run_after=2022-01-01 00:00:00+00:00
[2025-11-12T23:32:29.417+0000] {logging_mixin.py:188} INFO - [2025-11-12T23:32:29.417+0000] {dag.py:3823} INFO - Setting next_dagrun for example_subdag_operator.section-1 to None, run_after=None
[2025-11-12T23:32:29.418+0000] {logging_mixin.py:188} INFO - [2025-11-12T23:32:29.418+0000] {dag.py:3823} INFO - Setting next_dagrun for example_subdag_operator.section-2 to None, run_after=None
[2025-11-12T23:32:29.423+0000] {logging_mixin.py:188} INFO - [2025-11-12T23:32:29.423+0000] {dag.py:3036} INFO - Sync 2 DAGs
[2025-11-12T23:32:29.427+0000] {logging_mixin.py:188} INFO - [2025-11-12T23:32:29.427+0000] {dag.py:3823} INFO - Setting next_dagrun for example_subdag_operator.section-1 to None, run_after=None
[2025-11-12T23:32:29.429+0000] {logging_mixin.py:188} INFO - [2025-11-12T23:32:29.429+0000] {dag.py:3823} INFO - Setting next_dagrun for example_subdag_operator.section-2 to None, run_after=None
[2025-11-12T23:32:29.436+0000] {processor.py:183} INFO - Processing /home/airflow/.local/lib/python3.8/site-packages/airflow/example_dags/example_subdag_operator.py took 0.153 seconds
[2025-11-12T23:33:00.233+0000] {processor.py:161} INFO - Started process (PID=147) to work on /home/airflow/.local/lib/python3.8/site-packages/airflow/example_dags/example_subdag_operator.py
[2025-11-12T23:33:00.233+0000] {processor.py:830} INFO - Processing file /home/airflow/.local/lib/python3.8/site-packages/airflow/example_dags/example_subdag_operator.py for tasks to queue
[2025-11-12T23:33:00.235+0000] {logging_mixin.py:188} INFO - [2025-11-12T23:33:00.235+0000] {dagbag.py:538} INFO - Filling up the DagBag from /home/airflow/.local/lib/python3.8/site-packages/airflow/example_dags/example_subdag_operator.py
[2025-11-12T23:33:00.254+0000] {processor.py:840} INFO - DAG(s) 'example_subdag_operator.section-1', 'example_subdag_operator.section-2', 'example_subdag_operator' retrieved from /home/airflow/.local/lib/python3.8/site-packages/airflow/example_dags/example_subdag_operator.py
[2025-11-12T23:33:00.266+0000] {logging_mixin.py:188} INFO - [2025-11-12T23:33:00.266+0000] {dag.py:3036} INFO - Sync 3 DAGs
[2025-11-12T23:33:00.284+0000] {logging_mixin.py:188} INFO - [2025-11-12T23:33:00.284+0000] {dag.py:3823} INFO - Setting next_dagrun for example_subdag_operator to 2022-01-01 00:00:00+00:00, run_after=2022-01-01 00:00:00+00:00
[2025-11-12T23:33:00.287+0000] {logging_mixin.py:188} INFO - [2025-11-12T23:33:00.287+0000] {dag.py:3823} INFO - Setting next_dagrun for example_subdag_operator.section-1 to None, run_after=None
[2025-11-12T23:33:00.288+0000] {logging_mixin.py:188} INFO - [2025-11-12T23:33:00.288+0000] {dag.py:3823} INFO - Setting next_dagrun for example_subdag_operator.section-2 to None, run_after=None
[2025-11-12T23:33:00.294+0000] {logging_mixin.py:188} INFO - [2025-11-12T23:33:00.294+0000] {dag.py:3036} INFO - Sync 2 DAGs
[2025-11-12T23:33:00.299+0000] {logging_mixin.py:188} INFO - [2025-11-12T23:33:00.298+0000] {dag.py:3823} INFO - Setting next_dagrun for example_subdag_operator.section-1 to None, run_after=None
[2025-11-12T23:33:00.299+0000] {logging_mixin.py:188} INFO - [2025-11-12T23:33:00.299+0000] {dag.py:3823} INFO - Setting next_dagrun for example_subdag_operator.section-2 to None, run_after=None
[2025-11-12T23:33:00.308+0000] {processor.py:183} INFO - Processing /home/airflow/.local/lib/python3.8/site-packages/airflow/example_dags/example_subdag_operator.py took 0.079 seconds
[2025-11-12T23:33:30.471+0000] {processor.py:161} INFO - Started process (PID=204) to work on /home/airflow/.local/lib/python3.8/site-packages/airflow/example_dags/example_subdag_operator.py
[2025-11-12T23:33:30.472+0000] {processor.py:830} INFO - Processing file /home/airflow/.local/lib/python3.8/site-packages/airflow/example_dags/example_subdag_operator.py for tasks to queue
[2025-11-12T23:33:30.473+0000] {logging_mixin.py:188} INFO - [2025-11-12T23:33:30.473+0000] {dagbag.py:538} INFO - Filling up the DagBag from /home/airflow/.local/lib/python3.8/site-packages/airflow/example_dags/example_subdag_operator.py
[2025-11-12T23:33:30.492+0000] {processor.py:840} INFO - DAG(s) 'example_subdag_operator.section-1', 'example_subdag_operator.section-2', 'example_subdag_operator' retrieved from /home/airflow/.local/lib/python3.8/site-packages/airflow/example_dags/example_subdag_operator.py
[2025-11-12T23:33:30.503+0000] {logging_mixin.py:188} INFO - [2025-11-12T23:33:30.503+0000] {dag.py:3036} INFO - Sync 3 DAGs
[2025-11-12T23:33:30.518+0000] {logging_mixin.py:188} INFO - [2025-11-12T23:33:30.518+0000] {dag.py:3823} INFO - Setting next_dagrun for example_subdag_operator to 2022-01-01 00:00:00+00:00, run_after=2022-01-01 00:00:00+00:00
[2025-11-12T23:33:30.521+0000] {logging_mixin.py:188} INFO - [2025-11-12T23:33:30.521+0000] {dag.py:3823} INFO - Setting next_dagrun for example_subdag_operator.section-1 to None, run_after=None
[2025-11-12T23:33:30.521+0000] {logging_mixin.py:188} INFO - [2025-11-12T23:33:30.521+0000] {dag.py:3823} INFO - Setting next_dagrun for example_subdag_operator.section-2 to None, run_after=None
[2025-11-12T23:33:30.526+0000] {logging_mixin.py:188} INFO - [2025-11-12T23:33:30.526+0000] {dag.py:3036} INFO - Sync 2 DAGs
[2025-11-12T23:33:30.529+0000] {logging_mixin.py:188} INFO - [2025-11-12T23:33:30.529+0000] {dag.py:3823} INFO - Setting next_dagrun for example_subdag_operator.section-1 to None, run_after=None
[2025-11-12T23:33:30.530+0000] {logging_mixin.py:188} INFO - [2025-11-12T23:33:30.529+0000] {dag.py:3823} INFO - Setting next_dagrun for example_subdag_operator.section-2 to None, run_after=None
[2025-11-12T23:33:30.537+0000] {processor.py:183} INFO - Processing /home/airflow/.local/lib/python3.8/site-packages/airflow/example_dags/example_subdag_operator.py took 0.069 seconds
[2025-11-12T23:34:00.766+0000] {processor.py:161} INFO - Started process (PID=261) to work on /home/airflow/.local/lib/python3.8/site-packages/airflow/example_dags/example_subdag_operator.py
[2025-11-12T23:34:00.767+0000] {processor.py:830} INFO - Processing file /home/airflow/.local/lib/python3.8/site-packages/airflow/example_dags/example_subdag_operator.py for tasks to queue
[2025-11-12T23:34:00.768+0000] {logging_mixin.py:188} INFO - [2025-11-12T23:34:00.768+0000] {dagbag.py:538} INFO - Filling up the DagBag from /home/airflow/.local/lib/python3.8/site-packages/airflow/example_dags/example_subdag_operator.py
[2025-11-12T23:34:00.786+0000] {processor.py:840} INFO - DAG(s) 'example_subdag_operator.section-1', 'example_subdag_operator.section-2', 'example_subdag_operator' retrieved from /home/airflow/.local/lib/python3.8/site-packages/airflow/example_dags/example_subdag_operator.py
[2025-11-12T23:34:00.797+0000] {logging_mixin.py:188} INFO - [2025-11-12T23:34:00.797+0000] {dag.py:3036} INFO - Sync 3 DAGs
[2025-11-12T23:34:00.812+0000] {logging_mixin.py:188} INFO - [2025-11-12T23:34:00.812+0000] {dag.py:3823} INFO - Setting next_dagrun for example_subdag_operator to 2022-01-01 00:00:00+00:00, run_after=2022-01-01 00:00:00+00:00
[2025-11-12T23:34:00.814+0000] {logging_mixin.py:188} INFO - [2025-11-12T23:34:00.814+0000] {dag.py:3823} INFO - Setting next_dagrun for example_subdag_operator.section-1 to None, run_after=None
[2025-11-12T23:34:00.815+0000] {logging_mixin.py:188} INFO - [2025-11-12T23:34:00.815+0000] {dag.py:3823} INFO - Setting next_dagrun for example_subdag_operator.section-2 to None, run_after=None
[2025-11-12T23:34:00.820+0000] {logging_mixin.py:188} INFO - [2025-11-12T23:34:00.820+0000] {dag.py:3036} INFO - Sync 2 DAGs
[2025-11-12T23:34:00.823+0000] {logging_mixin.py:188} INFO - [2025-11-12T23:34:00.823+0000] {dag.py:3823} INFO - Setting next_dagrun for example_subdag_operator.section-1 to None, run_after=None
[2025-11-12T23:34:00.823+0000] {logging_mixin.py:188} INFO - [2025-11-12T23:34:00.823+0000] {dag.py:3823} INFO - Setting next_dagrun for example_subdag_operator.section-2 to None, run_after=None
[2025-11-12T23:34:00.831+0000] {processor.py:183} INFO - Processing /home/airflow/.local/lib/python3.8/site-packages/airflow/example_dags/example_subdag_operator.py took 0.068 seconds
[2025-11-12T23:34:30.910+0000] {processor.py:161} INFO - Started process (PID=318) to work on /home/airflow/.local/lib/python3.8/site-packages/airflow/example_dags/example_subdag_operator.py
[2025-11-12T23:34:30.911+0000] {processor.py:830} INFO - Processing file /home/airflow/.local/lib/python3.8/site-packages/airflow/example_dags/example_subdag_operator.py for tasks to queue
[2025-11-12T23:34:30.912+0000] {logging_mixin.py:188} INFO - [2025-11-12T23:34:30.912+0000] {dagbag.py:538} INFO - Filling up the DagBag from /home/airflow/.local/lib/python3.8/site-packages/airflow/example_dags/example_subdag_operator.py
[2025-11-12T23:34:30.930+0000] {processor.py:840} INFO - DAG(s) 'example_subdag_operator.section-1', 'example_subdag_operator.section-2', 'example_subdag_operator' retrieved from /home/airflow/.local/lib/python3.8/site-packages/airflow/example_dags/example_subdag_operator.py
[2025-11-12T23:34:30.943+0000] {logging_mixin.py:188} INFO - [2025-11-12T23:34:30.942+0000] {dag.py:3036} INFO - Sync 3 DAGs
[2025-11-12T23:34:30.960+0000] {logging_mixin.py:188} INFO - [2025-11-12T23:34:30.960+0000] {dag.py:3823} INFO - Setting next_dagrun for example_subdag_operator to 2022-01-01 00:00:00+00:00, run_after=2022-01-01 00:00:00+00:00
[2025-11-12T23:34:30.962+0000] {logging_mixin.py:188} INFO - [2025-11-12T23:34:30.962+0000] {dag.py:3823} INFO - Setting next_dagrun for example_subdag_operator.section-1 to None, run_after=None
[2025-11-12T23:34:30.963+0000] {logging_mixin.py:188} INFO - [2025-11-12T23:34:30.963+0000] {dag.py:3823} INFO - Setting next_dagrun for example_subdag_operator.section-2 to None, run_after=None
[2025-11-12T23:34:30.968+0000] {logging_mixin.py:188} INFO - [2025-11-12T23:34:30.968+0000] {dag.py:3036} INFO - Sync 2 DAGs
[2025-11-12T23:34:30.972+0000] {logging_mixin.py:188} INFO - [2025-11-12T23:34:30.972+0000] {dag.py:3823} INFO - Setting next_dagrun for example_subdag_operator.section-1 to None, run_after=None
[2025-11-12T23:34:30.972+0000] {logging_mixin.py:188} INFO - [2025-11-12T23:34:30.972+0000] {dag.py:3823} INFO - Setting next_dagrun for example_subdag_operator.section-2 to None, run_after=None
[2025-11-12T23:34:30.984+0000] {processor.py:183} INFO - Processing /home/airflow/.local/lib/python3.8/site-packages/airflow/example_dags/example_subdag_operator.py took 0.076 seconds
[2025-11-12T23:35:01.903+0000] {processor.py:161} INFO - Started process (PID=375) to work on /home/airflow/.local/lib/python3.8/site-packages/airflow/example_dags/example_subdag_operator.py
[2025-11-12T23:35:01.903+0000] {processor.py:830} INFO - Processing file /home/airflow/.local/lib/python3.8/site-packages/airflow/example_dags/example_subdag_operator.py for tasks to queue
[2025-11-12T23:35:01.905+0000] {logging_mixin.py:188} INFO - [2025-11-12T23:35:01.904+0000] {dagbag.py:538} INFO - Filling up the DagBag from /home/airflow/.local/lib/python3.8/site-packages/airflow/example_dags/example_subdag_operator.py
[2025-11-12T23:35:01.922+0000] {processor.py:840} INFO - DAG(s) 'example_subdag_operator.section-1', 'example_subdag_operator.section-2', 'example_subdag_operator' retrieved from /home/airflow/.local/lib/python3.8/site-packages/airflow/example_dags/example_subdag_operator.py
[2025-11-12T23:35:01.933+0000] {logging_mixin.py:188} INFO - [2025-11-12T23:35:01.933+0000] {dag.py:3036} INFO - Sync 3 DAGs
[2025-11-12T23:35:01.949+0000] {logging_mixin.py:188} INFO - [2025-11-12T23:35:01.949+0000] {dag.py:3823} INFO - Setting next_dagrun for example_subdag_operator to 2022-01-01 00:00:00+00:00, run_after=2022-01-01 00:00:00+00:00
[2025-11-12T23:35:01.951+0000] {logging_mixin.py:188} INFO - [2025-11-12T23:35:01.951+0000] {dag.py:3823} INFO - Setting next_dagrun for example_subdag_operator.section-1 to None, run_after=None
[2025-11-12T23:35:01.952+0000] {logging_mixin.py:188} INFO - [2025-11-12T23:35:01.952+0000] {dag.py:3823} INFO - Setting next_dagrun for example_subdag_operator.section-2 to None, run_after=None
[2025-11-12T23:35:01.956+0000] {logging_mixin.py:188} INFO - [2025-11-12T23:35:01.956+0000] {dag.py:3036} INFO - Sync 2 DAGs
[2025-11-12T23:35:01.960+0000] {logging_mixin.py:188} INFO - [2025-11-12T23:35:01.960+0000] {dag.py:3823} INFO - Setting next_dagrun for example_subdag_operator.section-1 to None, run_after=None
[2025-11-12T23:35:01.960+0000] {logging_mixin.py:188} INFO - [2025-11-12T23:35:01.960+0000] {dag.py:3823} INFO - Setting next_dagrun for example_subdag_operator.section-2 to None, run_after=None
[2025-11-12T23:35:01.967+0000] {processor.py:183} INFO - Processing /home/airflow/.local/lib/python3.8/site-packages/airflow/example_dags/example_subdag_operator.py took 0.067 seconds
[2025-11-12T23:35:32.258+0000] {processor.py:161} INFO - Started process (PID=432) to work on /home/airflow/.local/lib/python3.8/site-packages/airflow/example_dags/example_subdag_operator.py
[2025-11-12T23:35:32.259+0000] {processor.py:830} INFO - Processing file /home/airflow/.local/lib/python3.8/site-packages/airflow/example_dags/example_subdag_operator.py for tasks to queue
[2025-11-12T23:35:32.260+0000] {logging_mixin.py:188} INFO - [2025-11-12T23:35:32.260+0000] {dagbag.py:538} INFO - Filling up the DagBag from /home/airflow/.local/lib/python3.8/site-packages/airflow/example_dags/example_subdag_operator.py
[2025-11-12T23:35:32.279+0000] {processor.py:840} INFO - DAG(s) 'example_subdag_operator.section-1', 'example_subdag_operator.section-2', 'example_subdag_operator' retrieved from /home/airflow/.local/lib/python3.8/site-packages/airflow/example_dags/example_subdag_operator.py
[2025-11-12T23:35:32.291+0000] {logging_mixin.py:188} INFO - [2025-11-12T23:35:32.291+0000] {dag.py:3036} INFO - Sync 3 DAGs
[2025-11-12T23:35:32.311+0000] {logging_mixin.py:188} INFO - [2025-11-12T23:35:32.311+0000] {dag.py:3823} INFO - Setting next_dagrun for example_subdag_operator to 2022-01-01 00:00:00+00:00, run_after=2022-01-01 00:00:00+00:00
[2025-11-12T23:35:32.314+0000] {logging_mixin.py:188} INFO - [2025-11-12T23:35:32.313+0000] {dag.py:3823} INFO - Setting next_dagrun for example_subdag_operator.section-1 to None, run_after=None
[2025-11-12T23:35:32.314+0000] {logging_mixin.py:188} INFO - [2025-11-12T23:35:32.314+0000] {dag.py:3823} INFO - Setting next_dagrun for example_subdag_operator.section-2 to None, run_after=None
[2025-11-12T23:35:32.319+0000] {logging_mixin.py:188} INFO - [2025-11-12T23:35:32.319+0000] {dag.py:3036} INFO - Sync 2 DAGs
[2025-11-12T23:35:32.322+0000] {logging_mixin.py:188} INFO - [2025-11-12T23:35:32.322+0000] {dag.py:3823} INFO - Setting next_dagrun for example_subdag_operator.section-1 to None, run_after=None
[2025-11-12T23:35:32.323+0000] {logging_mixin.py:188} INFO - [2025-11-12T23:35:32.322+0000] {dag.py:3823} INFO - Setting next_dagrun for example_subdag_operator.section-2 to None, run_after=None
[2025-11-12T23:35:32.330+0000] {processor.py:183} INFO - Processing /home/airflow/.local/lib/python3.8/site-packages/airflow/example_dags/example_subdag_operator.py took 0.075 seconds
[2025-11-12T23:36:02.542+0000] {processor.py:161} INFO - Started process (PID=489) to work on /home/airflow/.local/lib/python3.8/site-packages/airflow/example_dags/example_subdag_operator.py
[2025-11-12T23:36:02.542+0000] {processor.py:830} INFO - Processing file /home/airflow/.local/lib/python3.8/site-packages/airflow/example_dags/example_subdag_operator.py for tasks to queue
[2025-11-12T23:36:02.544+0000] {logging_mixin.py:188} INFO - [2025-11-12T23:36:02.543+0000] {dagbag.py:538} INFO - Filling up the DagBag from /home/airflow/.local/lib/python3.8/site-packages/airflow/example_dags/example_subdag_operator.py
[2025-11-12T23:36:02.561+0000] {processor.py:840} INFO - DAG(s) 'example_subdag_operator.section-1', 'example_subdag_operator.section-2', 'example_subdag_operator' retrieved from /home/airflow/.local/lib/python3.8/site-packages/airflow/example_dags/example_subdag_operator.py
[2025-11-12T23:36:02.573+0000] {logging_mixin.py:188} INFO - [2025-11-12T23:36:02.573+0000] {dag.py:3036} INFO - Sync 3 DAGs
[2025-11-12T23:36:02.588+0000] {logging_mixin.py:188} INFO - [2025-11-12T23:36:02.588+0000] {dag.py:3823} INFO - Setting next_dagrun for example_subdag_operator to 2022-01-01 00:00:00+00:00, run_after=2022-01-01 00:00:00+00:00
[2025-11-12T23:36:02.591+0000] {logging_mixin.py:188} INFO - [2025-11-12T23:36:02.590+0000] {dag.py:3823} INFO - Setting next_dagrun for example_subdag_operator.section-1 to None, run_after=None
[2025-11-12T23:36:02.591+0000] {logging_mixin.py:188} INFO - [2025-11-12T23:36:02.591+0000] {dag.py:3823} INFO - Setting next_dagrun for example_subdag_operator.section-2 to None, run_after=None
[2025-11-12T23:36:02.596+0000] {logging_mixin.py:188} INFO - [2025-11-12T23:36:02.596+0000] {dag.py:3036} INFO - Sync 2 DAGs
[2025-11-12T23:36:02.599+0000] {logging_mixin.py:188} INFO - [2025-11-12T23:36:02.599+0000] {dag.py:3823} INFO - Setting next_dagrun for example_subdag_operator.section-1 to None, run_after=None
[2025-11-12T23:36:02.599+0000] {logging_mixin.py:188} INFO - [2025-11-12T23:36:02.599+0000] {dag.py:3823} INFO - Setting next_dagrun for example_subdag_operator.section-2 to None, run_after=None
[2025-11-12T23:36:02.607+0000] {processor.py:183} INFO - Processing /home/airflow/.local/lib/python3.8/site-packages/airflow/example_dags/example_subdag_operator.py took 0.068 seconds
[2025-11-12T23:36:32.923+0000] {processor.py:161} INFO - Started process (PID=546) to work on /home/airflow/.local/lib/python3.8/site-packages/airflow/example_dags/example_subdag_operator.py
[2025-11-12T23:36:32.923+0000] {processor.py:830} INFO - Processing file /home/airflow/.local/lib/python3.8/site-packages/airflow/example_dags/example_subdag_operator.py for tasks to queue
[2025-11-12T23:36:32.925+0000] {logging_mixin.py:188} INFO - [2025-11-12T23:36:32.924+0000] {dagbag.py:538} INFO - Filling up the DagBag from /home/airflow/.local/lib/python3.8/site-packages/airflow/example_dags/example_subdag_operator.py
[2025-11-12T23:36:32.943+0000] {processor.py:840} INFO - DAG(s) 'example_subdag_operator.section-1', 'example_subdag_operator.section-2', 'example_subdag_operator' retrieved from /home/airflow/.local/lib/python3.8/site-packages/airflow/example_dags/example_subdag_operator.py
[2025-11-12T23:36:32.955+0000] {logging_mixin.py:188} INFO - [2025-11-12T23:36:32.954+0000] {dag.py:3036} INFO - Sync 3 DAGs
[2025-11-12T23:36:32.970+0000] {logging_mixin.py:188} INFO - [2025-11-12T23:36:32.969+0000] {dag.py:3823} INFO - Setting next_dagrun for example_subdag_operator to 2022-01-01 00:00:00+00:00, run_after=2022-01-01 00:00:00+00:00
[2025-11-12T23:36:32.972+0000] {logging_mixin.py:188} INFO - [2025-11-12T23:36:32.972+0000] {dag.py:3823} INFO - Setting next_dagrun for example_subdag_operator.section-1 to None, run_after=None
[2025-11-12T23:36:32.973+0000] {logging_mixin.py:188} INFO - [2025-11-12T23:36:32.973+0000] {dag.py:3823} INFO - Setting next_dagrun for example_subdag_operator.section-2 to None, run_after=None
[2025-11-12T23:36:32.977+0000] {logging_mixin.py:188} INFO - [2025-11-12T23:36:32.977+0000] {dag.py:3036} INFO - Sync 2 DAGs
[2025-11-12T23:36:32.980+0000] {logging_mixin.py:188} INFO - [2025-11-12T23:36:32.980+0000] {dag.py:3823} INFO - Setting next_dagrun for example_subdag_operator.section-1 to None, run_after=None
[2025-11-12T23:36:32.980+0000] {logging_mixin.py:188} INFO - [2025-11-12T23:36:32.980+0000] {dag.py:3823} INFO - Setting next_dagrun for example_subdag_operator.section-2 to None, run_after=None
[2025-11-12T23:36:32.987+0000] {processor.py:183} INFO - Processing /home/airflow/.local/lib/python3.8/site-packages/airflow/example_dags/example_subdag_operator.py took 0.067 seconds
[2025-11-12T23:37:03.419+0000] {processor.py:161} INFO - Started process (PID=603) to work on /home/airflow/.local/lib/python3.8/site-packages/airflow/example_dags/example_subdag_operator.py
[2025-11-12T23:37:03.420+0000] {processor.py:830} INFO - Processing file /home/airflow/.local/lib/python3.8/site-packages/airflow/example_dags/example_subdag_operator.py for tasks to queue
[2025-11-12T23:37:03.421+0000] {logging_mixin.py:188} INFO - [2025-11-12T23:37:03.421+0000] {dagbag.py:538} INFO - Filling up the DagBag from /home/airflow/.local/lib/python3.8/site-packages/airflow/example_dags/example_subdag_operator.py
[2025-11-12T23:37:03.439+0000] {processor.py:840} INFO - DAG(s) 'example_subdag_operator.section-1', 'example_subdag_operator.section-2', 'example_subdag_operator' retrieved from /home/airflow/.local/lib/python3.8/site-packages/airflow/example_dags/example_subdag_operator.py
[2025-11-12T23:37:03.450+0000] {logging_mixin.py:188} INFO - [2025-11-12T23:37:03.450+0000] {dag.py:3036} INFO - Sync 3 DAGs
[2025-11-12T23:37:03.466+0000] {logging_mixin.py:188} INFO - [2025-11-12T23:37:03.466+0000] {dag.py:3823} INFO - Setting next_dagrun for example_subdag_operator to 2022-01-01 00:00:00+00:00, run_after=2022-01-01 00:00:00+00:00
[2025-11-12T23:37:03.469+0000] {logging_mixin.py:188} INFO - [2025-11-12T23:37:03.469+0000] {dag.py:3823} INFO - Setting next_dagrun for example_subdag_operator.section-1 to None, run_after=None
[2025-11-12T23:37:03.470+0000] {logging_mixin.py:188} INFO - [2025-11-12T23:37:03.469+0000] {dag.py:3823} INFO - Setting next_dagrun for example_subdag_operator.section-2 to None, run_after=None
[2025-11-12T23:37:03.474+0000] {logging_mixin.py:188} INFO - [2025-11-12T23:37:03.474+0000] {dag.py:3036} INFO - Sync 2 DAGs
[2025-11-12T23:37:03.478+0000] {logging_mixin.py:188} INFO - [2025-11-12T23:37:03.478+0000] {dag.py:3823} INFO - Setting next_dagrun for example_subdag_operator.section-1 to None, run_after=None
[2025-11-12T23:37:03.478+0000] {logging_mixin.py:188} INFO - [2025-11-12T23:37:03.478+0000] {dag.py:3823} INFO - Setting next_dagrun for example_subdag_operator.section-2 to None, run_after=None
[2025-11-12T23:37:03.486+0000] {processor.py:183} INFO - Processing /home/airflow/.local/lib/python3.8/site-packages/airflow/example_dags/example_subdag_operator.py took 0.070 seconds
[2025-11-12T23:37:34.402+0000] {processor.py:161} INFO - Started process (PID=660) to work on /home/airflow/.local/lib/python3.8/site-packages/airflow/example_dags/example_subdag_operator.py
[2025-11-12T23:37:34.403+0000] {processor.py:830} INFO - Processing file /home/airflow/.local/lib/python3.8/site-packages/airflow/example_dags/example_subdag_operator.py for tasks to queue
[2025-11-12T23:37:34.404+0000] {logging_mixin.py:188} INFO - [2025-11-12T23:37:34.404+0000] {dagbag.py:538} INFO - Filling up the DagBag from /home/airflow/.local/lib/python3.8/site-packages/airflow/example_dags/example_subdag_operator.py
[2025-11-12T23:37:34.421+0000] {processor.py:840} INFO - DAG(s) 'example_subdag_operator.section-1', 'example_subdag_operator.section-2', 'example_subdag_operator' retrieved from /home/airflow/.local/lib/python3.8/site-packages/airflow/example_dags/example_subdag_operator.py
[2025-11-12T23:37:34.432+0000] {logging_mixin.py:188} INFO - [2025-11-12T23:37:34.432+0000] {dag.py:3036} INFO - Sync 3 DAGs
[2025-11-12T23:37:34.447+0000] {logging_mixin.py:188} INFO - [2025-11-12T23:37:34.447+0000] {dag.py:3823} INFO - Setting next_dagrun for example_subdag_operator to 2022-01-01 00:00:00+00:00, run_after=2022-01-01 00:00:00+00:00
[2025-11-12T23:37:34.450+0000] {logging_mixin.py:188} INFO - [2025-11-12T23:37:34.450+0000] {dag.py:3823} INFO - Setting next_dagrun for example_subdag_operator.section-1 to None, run_after=None
[2025-11-12T23:37:34.450+0000] {logging_mixin.py:188} INFO - [2025-11-12T23:37:34.450+0000] {dag.py:3823} INFO - Setting next_dagrun for example_subdag_operator.section-2 to None, run_after=None
[2025-11-12T23:37:34.455+0000] {logging_mixin.py:188} INFO - [2025-11-12T23:37:34.455+0000] {dag.py:3036} INFO - Sync 2 DAGs
[2025-11-12T23:37:34.458+0000] {logging_mixin.py:188} INFO - [2025-11-12T23:37:34.458+0000] {dag.py:3823} INFO - Setting next_dagrun for example_subdag_operator.section-1 to None, run_after=None
[2025-11-12T23:37:34.458+0000] {logging_mixin.py:188} INFO - [2025-11-12T23:37:34.458+0000] {dag.py:3823} INFO - Setting next_dagrun for example_subdag_operator.section-2 to None, run_after=None
[2025-11-12T23:37:34.466+0000] {processor.py:183} INFO - Processing /home/airflow/.local/lib/python3.8/site-packages/airflow/example_dags/example_subdag_operator.py took 0.066 seconds
[2025-11-12T23:38:04.694+0000] {processor.py:161} INFO - Started process (PID=717) to work on /home/airflow/.local/lib/python3.8/site-packages/airflow/example_dags/example_subdag_operator.py
[2025-11-12T23:38:04.695+0000] {processor.py:830} INFO - Processing file /home/airflow/.local/lib/python3.8/site-packages/airflow/example_dags/example_subdag_operator.py for tasks to queue
[2025-11-12T23:38:04.697+0000] {logging_mixin.py:188} INFO - [2025-11-12T23:38:04.697+0000] {dagbag.py:538} INFO - Filling up the DagBag from /home/airflow/.local/lib/python3.8/site-packages/airflow/example_dags/example_subdag_operator.py
[2025-11-12T23:38:04.714+0000] {processor.py:840} INFO - DAG(s) 'example_subdag_operator.section-1', 'example_subdag_operator.section-2', 'example_subdag_operator' retrieved from /home/airflow/.local/lib/python3.8/site-packages/airflow/example_dags/example_subdag_operator.py
[2025-11-12T23:38:04.726+0000] {logging_mixin.py:188} INFO - [2025-11-12T23:38:04.726+0000] {dag.py:3036} INFO - Sync 3 DAGs
[2025-11-12T23:38:04.742+0000] {logging_mixin.py:188} INFO - [2025-11-12T23:38:04.742+0000] {dag.py:3823} INFO - Setting next_dagrun for example_subdag_operator to 2022-01-01 00:00:00+00:00, run_after=2022-01-01 00:00:00+00:00
[2025-11-12T23:38:04.744+0000] {logging_mixin.py:188} INFO - [2025-11-12T23:38:04.744+0000] {dag.py:3823} INFO - Setting next_dagrun for example_subdag_operator.section-1 to None, run_after=None
[2025-11-12T23:38:04.745+0000] {logging_mixin.py:188} INFO - [2025-11-12T23:38:04.745+0000] {dag.py:3823} INFO - Setting next_dagrun for example_subdag_operator.section-2 to None, run_after=None
[2025-11-12T23:38:04.750+0000] {logging_mixin.py:188} INFO - [2025-11-12T23:38:04.749+0000] {dag.py:3036} INFO - Sync 2 DAGs
[2025-11-12T23:38:04.753+0000] {logging_mixin.py:188} INFO - [2025-11-12T23:38:04.753+0000] {dag.py:3823} INFO - Setting next_dagrun for example_subdag_operator.section-1 to None, run_after=None
[2025-11-12T23:38:04.753+0000] {logging_mixin.py:188} INFO - [2025-11-12T23:38:04.753+0000] {dag.py:3823} INFO - Setting next_dagrun for example_subdag_operator.section-2 to None, run_after=None
[2025-11-12T23:38:04.761+0000] {processor.py:183} INFO - Processing /home/airflow/.local/lib/python3.8/site-packages/airflow/example_dags/example_subdag_operator.py took 0.069 seconds
[2025-11-12T23:38:35.013+0000] {processor.py:161} INFO - Started process (PID=774) to work on /home/airflow/.local/lib/python3.8/site-packages/airflow/example_dags/example_subdag_operator.py
[2025-11-12T23:38:35.014+0000] {processor.py:830} INFO - Processing file /home/airflow/.local/lib/python3.8/site-packages/airflow/example_dags/example_subdag_operator.py for tasks to queue
[2025-11-12T23:38:35.015+0000] {logging_mixin.py:188} INFO - [2025-11-12T23:38:35.015+0000] {dagbag.py:538} INFO - Filling up the DagBag from /home/airflow/.local/lib/python3.8/site-packages/airflow/example_dags/example_subdag_operator.py
[2025-11-12T23:38:35.032+0000] {processor.py:840} INFO - DAG(s) 'example_subdag_operator.section-1', 'example_subdag_operator.section-2', 'example_subdag_operator' retrieved from /home/airflow/.local/lib/python3.8/site-packages/airflow/example_dags/example_subdag_operator.py
[2025-11-12T23:38:35.044+0000] {logging_mixin.py:188} INFO - [2025-11-12T23:38:35.044+0000] {dag.py:3036} INFO - Sync 3 DAGs
[2025-11-12T23:38:35.060+0000] {logging_mixin.py:188} INFO - [2025-11-12T23:38:35.060+0000] {dag.py:3823} INFO - Setting next_dagrun for example_subdag_operator to 2022-01-01 00:00:00+00:00, run_after=2022-01-01 00:00:00+00:00
[2025-11-12T23:38:35.062+0000] {logging_mixin.py:188} INFO - [2025-11-12T23:38:35.062+0000] {dag.py:3823} INFO - Setting next_dagrun for example_subdag_operator.section-1 to None, run_after=None
[2025-11-12T23:38:35.063+0000] {logging_mixin.py:188} INFO - [2025-11-12T23:38:35.063+0000] {dag.py:3823} INFO - Setting next_dagrun for example_subdag_operator.section-2 to None, run_after=None
[2025-11-12T23:38:35.068+0000] {logging_mixin.py:188} INFO - [2025-11-12T23:38:35.068+0000] {dag.py:3036} INFO - Sync 2 DAGs
[2025-11-12T23:38:35.073+0000] {logging_mixin.py:188} INFO - [2025-11-12T23:38:35.073+0000] {dag.py:3823} INFO - Setting next_dagrun for example_subdag_operator.section-1 to None, run_after=None
[2025-11-12T23:38:35.074+0000] {logging_mixin.py:188} INFO - [2025-11-12T23:38:35.074+0000] {dag.py:3823} INFO - Setting next_dagrun for example_subdag_operator.section-2 to None, run_after=None
[2025-11-12T23:38:35.083+0000] {processor.py:183} INFO - Processing /home/airflow/.local/lib/python3.8/site-packages/airflow/example_dags/example_subdag_operator.py took 0.072 seconds
[2025-11-12T23:39:05.487+0000] {processor.py:161} INFO - Started process (PID=831) to work on /home/airflow/.local/lib/python3.8/site-packages/airflow/example_dags/example_subdag_operator.py
[2025-11-12T23:39:05.487+0000] {processor.py:830} INFO - Processing file /home/airflow/.local/lib/python3.8/site-packages/airflow/example_dags/example_subdag_operator.py for tasks to queue
[2025-11-12T23:39:05.489+0000] {logging_mixin.py:188} INFO - [2025-11-12T23:39:05.488+0000] {dagbag.py:538} INFO - Filling up the DagBag from /home/airflow/.local/lib/python3.8/site-packages/airflow/example_dags/example_subdag_operator.py
[2025-11-12T23:39:05.507+0000] {processor.py:840} INFO - DAG(s) 'example_subdag_operator.section-1', 'example_subdag_operator.section-2', 'example_subdag_operator' retrieved from /home/airflow/.local/lib/python3.8/site-packages/airflow/example_dags/example_subdag_operator.py
[2025-11-12T23:39:05.518+0000] {logging_mixin.py:188} INFO - [2025-11-12T23:39:05.518+0000] {dag.py:3036} INFO - Sync 3 DAGs
[2025-11-12T23:39:05.533+0000] {logging_mixin.py:188} INFO - [2025-11-12T23:39:05.533+0000] {dag.py:3823} INFO - Setting next_dagrun for example_subdag_operator to 2022-01-01 00:00:00+00:00, run_after=2022-01-01 00:00:00+00:00
[2025-11-12T23:39:05.535+0000] {logging_mixin.py:188} INFO - [2025-11-12T23:39:05.535+0000] {dag.py:3823} INFO - Setting next_dagrun for example_subdag_operator.section-1 to None, run_after=None
[2025-11-12T23:39:05.536+0000] {logging_mixin.py:188} INFO - [2025-11-12T23:39:05.536+0000] {dag.py:3823} INFO - Setting next_dagrun for example_subdag_operator.section-2 to None, run_after=None
[2025-11-12T23:39:05.541+0000] {logging_mixin.py:188} INFO - [2025-11-12T23:39:05.541+0000] {dag.py:3036} INFO - Sync 2 DAGs
[2025-11-12T23:39:05.544+0000] {logging_mixin.py:188} INFO - [2025-11-12T23:39:05.544+0000] {dag.py:3823} INFO - Setting next_dagrun for example_subdag_operator.section-1 to None, run_after=None
[2025-11-12T23:39:05.545+0000] {logging_mixin.py:188} INFO - [2025-11-12T23:39:05.544+0000] {dag.py:3823} INFO - Setting next_dagrun for example_subdag_operator.section-2 to None, run_after=None
[2025-11-12T23:39:05.552+0000] {processor.py:183} INFO - Processing /home/airflow/.local/lib/python3.8/site-packages/airflow/example_dags/example_subdag_operator.py took 0.068 seconds
[2025-11-12T23:39:35.692+0000] {processor.py:161} INFO - Started process (PID=888) to work on /home/airflow/.local/lib/python3.8/site-packages/airflow/example_dags/example_subdag_operator.py
[2025-11-12T23:39:35.693+0000] {processor.py:830} INFO - Processing file /home/airflow/.local/lib/python3.8/site-packages/airflow/example_dags/example_subdag_operator.py for tasks to queue
[2025-11-12T23:39:35.694+0000] {logging_mixin.py:188} INFO - [2025-11-12T23:39:35.694+0000] {dagbag.py:538} INFO - Filling up the DagBag from /home/airflow/.local/lib/python3.8/site-packages/airflow/example_dags/example_subdag_operator.py
[2025-11-12T23:39:35.712+0000] {processor.py:840} INFO - DAG(s) 'example_subdag_operator.section-1', 'example_subdag_operator.section-2', 'example_subdag_operator' retrieved from /home/airflow/.local/lib/python3.8/site-packages/airflow/example_dags/example_subdag_operator.py
[2025-11-12T23:39:35.724+0000] {logging_mixin.py:188} INFO - [2025-11-12T23:39:35.724+0000] {dag.py:3036} INFO - Sync 3 DAGs
[2025-11-12T23:39:35.742+0000] {logging_mixin.py:188} INFO - [2025-11-12T23:39:35.741+0000] {dag.py:3823} INFO - Setting next_dagrun for example_subdag_operator to 2022-01-01 00:00:00+00:00, run_after=2022-01-01 00:00:00+00:00
[2025-11-12T23:39:35.744+0000] {logging_mixin.py:188} INFO - [2025-11-12T23:39:35.744+0000] {dag.py:3823} INFO - Setting next_dagrun for example_subdag_operator.section-1 to None, run_after=None
[2025-11-12T23:39:35.745+0000] {logging_mixin.py:188} INFO - [2025-11-12T23:39:35.745+0000] {dag.py:3823} INFO - Setting next_dagrun for example_subdag_operator.section-2 to None, run_after=None
[2025-11-12T23:39:35.750+0000] {logging_mixin.py:188} INFO - [2025-11-12T23:39:35.750+0000] {dag.py:3036} INFO - Sync 2 DAGs
[2025-11-12T23:39:35.753+0000] {logging_mixin.py:188} INFO - [2025-11-12T23:39:35.753+0000] {dag.py:3823} INFO - Setting next_dagrun for example_subdag_operator.section-1 to None, run_after=None
[2025-11-12T23:39:35.753+0000] {logging_mixin.py:188} INFO - [2025-11-12T23:39:35.753+0000] {dag.py:3823} INFO - Setting next_dagrun for example_subdag_operator.section-2 to None, run_after=None
[2025-11-12T23:39:35.762+0000] {processor.py:183} INFO - Processing /home/airflow/.local/lib/python3.8/site-packages/airflow/example_dags/example_subdag_operator.py took 0.073 seconds
[2025-11-12T23:40:06.001+0000] {processor.py:161} INFO - Started process (PID=944) to work on /home/airflow/.local/lib/python3.8/site-packages/airflow/example_dags/example_subdag_operator.py
[2025-11-12T23:40:06.002+0000] {processor.py:830} INFO - Processing file /home/airflow/.local/lib/python3.8/site-packages/airflow/example_dags/example_subdag_operator.py for tasks to queue
[2025-11-12T23:40:06.003+0000] {logging_mixin.py:188} INFO - [2025-11-12T23:40:06.003+0000] {dagbag.py:538} INFO - Filling up the DagBag from /home/airflow/.local/lib/python3.8/site-packages/airflow/example_dags/example_subdag_operator.py
[2025-11-12T23:40:06.021+0000] {processor.py:840} INFO - DAG(s) 'example_subdag_operator.section-1', 'example_subdag_operator.section-2', 'example_subdag_operator' retrieved from /home/airflow/.local/lib/python3.8/site-packages/airflow/example_dags/example_subdag_operator.py
[2025-11-12T23:40:06.034+0000] {logging_mixin.py:188} INFO - [2025-11-12T23:40:06.033+0000] {dag.py:3036} INFO - Sync 3 DAGs
[2025-11-12T23:40:06.049+0000] {logging_mixin.py:188} INFO - [2025-11-12T23:40:06.049+0000] {dag.py:3823} INFO - Setting next_dagrun for example_subdag_operator to 2022-01-01 00:00:00+00:00, run_after=2022-01-01 00:00:00+00:00
[2025-11-12T23:40:06.053+0000] {logging_mixin.py:188} INFO - [2025-11-12T23:40:06.052+0000] {dag.py:3823} INFO - Setting next_dagrun for example_subdag_operator.section-1 to None, run_after=None
[2025-11-12T23:40:06.053+0000] {logging_mixin.py:188} INFO - [2025-11-12T23:40:06.053+0000] {dag.py:3823} INFO - Setting next_dagrun for example_subdag_operator.section-2 to None, run_after=None
[2025-11-12T23:40:06.058+0000] {logging_mixin.py:188} INFO - [2025-11-12T23:40:06.058+0000] {dag.py:3036} INFO - Sync 2 DAGs
[2025-11-12T23:40:06.062+0000] {logging_mixin.py:188} INFO - [2025-11-12T23:40:06.062+0000] {dag.py:3823} INFO - Setting next_dagrun for example_subdag_operator.section-1 to None, run_after=None
[2025-11-12T23:40:06.062+0000] {logging_mixin.py:188} INFO - [2025-11-12T23:40:06.062+0000] {dag.py:3823} INFO - Setting next_dagrun for example_subdag_operator.section-2 to None, run_after=None
[2025-11-12T23:40:06.070+0000] {processor.py:183} INFO - Processing /home/airflow/.local/lib/python3.8/site-packages/airflow/example_dags/example_subdag_operator.py took 0.072 seconds
[2025-11-12T23:40:36.117+0000] {processor.py:161} INFO - Started process (PID=1000) to work on /home/airflow/.local/lib/python3.8/site-packages/airflow/example_dags/example_subdag_operator.py
[2025-11-12T23:40:36.118+0000] {processor.py:830} INFO - Processing file /home/airflow/.local/lib/python3.8/site-packages/airflow/example_dags/example_subdag_operator.py for tasks to queue
[2025-11-12T23:40:36.119+0000] {logging_mixin.py:188} INFO - [2025-11-12T23:40:36.119+0000] {dagbag.py:538} INFO - Filling up the DagBag from /home/airflow/.local/lib/python3.8/site-packages/airflow/example_dags/example_subdag_operator.py
[2025-11-12T23:40:36.137+0000] {processor.py:840} INFO - DAG(s) 'example_subdag_operator.section-1', 'example_subdag_operator.section-2', 'example_subdag_operator' retrieved from /home/airflow/.local/lib/python3.8/site-packages/airflow/example_dags/example_subdag_operator.py
[2025-11-12T23:40:36.148+0000] {logging_mixin.py:188} INFO - [2025-11-12T23:40:36.148+0000] {dag.py:3036} INFO - Sync 3 DAGs
[2025-11-12T23:40:36.162+0000] {logging_mixin.py:188} INFO - [2025-11-12T23:40:36.162+0000] {dag.py:3823} INFO - Setting next_dagrun for example_subdag_operator to 2022-01-01 00:00:00+00:00, run_after=2022-01-01 00:00:00+00:00
[2025-11-12T23:40:36.164+0000] {logging_mixin.py:188} INFO - [2025-11-12T23:40:36.164+0000] {dag.py:3823} INFO - Setting next_dagrun for example_subdag_operator.section-1 to None, run_after=None
[2025-11-12T23:40:36.165+0000] {logging_mixin.py:188} INFO - [2025-11-12T23:40:36.165+0000] {dag.py:3823} INFO - Setting next_dagrun for example_subdag_operator.section-2 to None, run_after=None
[2025-11-12T23:40:36.169+0000] {logging_mixin.py:188} INFO - [2025-11-12T23:40:36.169+0000] {dag.py:3036} INFO - Sync 2 DAGs
[2025-11-12T23:40:36.173+0000] {logging_mixin.py:188} INFO - [2025-11-12T23:40:36.172+0000] {dag.py:3823} INFO - Setting next_dagrun for example_subdag_operator.section-1 to None, run_after=None
[2025-11-12T23:40:36.173+0000] {logging_mixin.py:188} INFO - [2025-11-12T23:40:36.173+0000] {dag.py:3823} INFO - Setting next_dagrun for example_subdag_operator.section-2 to None, run_after=None
[2025-11-12T23:40:36.180+0000] {processor.py:183} INFO - Processing /home/airflow/.local/lib/python3.8/site-packages/airflow/example_dags/example_subdag_operator.py took 0.066 seconds
[2025-11-12T23:41:06.363+0000] {processor.py:161} INFO - Started process (PID=1057) to work on /home/airflow/.local/lib/python3.8/site-packages/airflow/example_dags/example_subdag_operator.py
[2025-11-12T23:41:06.364+0000] {processor.py:830} INFO - Processing file /home/airflow/.local/lib/python3.8/site-packages/airflow/example_dags/example_subdag_operator.py for tasks to queue
[2025-11-12T23:41:06.365+0000] {logging_mixin.py:188} INFO - [2025-11-12T23:41:06.365+0000] {dagbag.py:538} INFO - Filling up the DagBag from /home/airflow/.local/lib/python3.8/site-packages/airflow/example_dags/example_subdag_operator.py
[2025-11-12T23:41:06.391+0000] {processor.py:840} INFO - DAG(s) 'example_subdag_operator.section-1', 'example_subdag_operator.section-2', 'example_subdag_operator' retrieved from /home/airflow/.local/lib/python3.8/site-packages/airflow/example_dags/example_subdag_operator.py
[2025-11-12T23:41:06.406+0000] {logging_mixin.py:188} INFO - [2025-11-12T23:41:06.406+0000] {dag.py:3036} INFO - Sync 3 DAGs
[2025-11-12T23:41:06.425+0000] {logging_mixin.py:188} INFO - [2025-11-12T23:41:06.425+0000] {dag.py:3823} INFO - Setting next_dagrun for example_subdag_operator to 2022-01-01 00:00:00+00:00, run_after=2022-01-01 00:00:00+00:00
[2025-11-12T23:41:06.428+0000] {logging_mixin.py:188} INFO - [2025-11-12T23:41:06.427+0000] {dag.py:3823} INFO - Setting next_dagrun for example_subdag_operator.section-1 to None, run_after=None
[2025-11-12T23:41:06.429+0000] {logging_mixin.py:188} INFO - [2025-11-12T23:41:06.428+0000] {dag.py:3823} INFO - Setting next_dagrun for example_subdag_operator.section-2 to None, run_after=None
[2025-11-12T23:41:06.433+0000] {logging_mixin.py:188} INFO - [2025-11-12T23:41:06.433+0000] {dag.py:3036} INFO - Sync 2 DAGs
[2025-11-12T23:41:06.437+0000] {logging_mixin.py:188} INFO - [2025-11-12T23:41:06.437+0000] {dag.py:3823} INFO - Setting next_dagrun for example_subdag_operator.section-1 to None, run_after=None
[2025-11-12T23:41:06.437+0000] {logging_mixin.py:188} INFO - [2025-11-12T23:41:06.437+0000] {dag.py:3823} INFO - Setting next_dagrun for example_subdag_operator.section-2 to None, run_after=None
[2025-11-12T23:41:06.445+0000] {processor.py:183} INFO - Processing /home/airflow/.local/lib/python3.8/site-packages/airflow/example_dags/example_subdag_operator.py took 0.085 seconds
[2025-11-12T23:41:36.494+0000] {processor.py:161} INFO - Started process (PID=1114) to work on /home/airflow/.local/lib/python3.8/site-packages/airflow/example_dags/example_subdag_operator.py
[2025-11-12T23:41:36.495+0000] {processor.py:830} INFO - Processing file /home/airflow/.local/lib/python3.8/site-packages/airflow/example_dags/example_subdag_operator.py for tasks to queue
[2025-11-12T23:41:36.497+0000] {logging_mixin.py:188} INFO - [2025-11-12T23:41:36.496+0000] {dagbag.py:538} INFO - Filling up the DagBag from /home/airflow/.local/lib/python3.8/site-packages/airflow/example_dags/example_subdag_operator.py
[2025-11-12T23:41:36.514+0000] {processor.py:840} INFO - DAG(s) 'example_subdag_operator.section-1', 'example_subdag_operator.section-2', 'example_subdag_operator' retrieved from /home/airflow/.local/lib/python3.8/site-packages/airflow/example_dags/example_subdag_operator.py
[2025-11-12T23:41:36.526+0000] {logging_mixin.py:188} INFO - [2025-11-12T23:41:36.526+0000] {dag.py:3036} INFO - Sync 3 DAGs
[2025-11-12T23:41:36.541+0000] {logging_mixin.py:188} INFO - [2025-11-12T23:41:36.541+0000] {dag.py:3823} INFO - Setting next_dagrun for example_subdag_operator to 2022-01-01 00:00:00+00:00, run_after=2022-01-01 00:00:00+00:00
[2025-11-12T23:41:36.544+0000] {logging_mixin.py:188} INFO - [2025-11-12T23:41:36.543+0000] {dag.py:3823} INFO - Setting next_dagrun for example_subdag_operator.section-1 to None, run_after=None
[2025-11-12T23:41:36.544+0000] {logging_mixin.py:188} INFO - [2025-11-12T23:41:36.544+0000] {dag.py:3823} INFO - Setting next_dagrun for example_subdag_operator.section-2 to None, run_after=None
[2025-11-12T23:41:36.549+0000] {logging_mixin.py:188} INFO - [2025-11-12T23:41:36.549+0000] {dag.py:3036} INFO - Sync 2 DAGs
[2025-11-12T23:41:36.552+0000] {logging_mixin.py:188} INFO - [2025-11-12T23:41:36.552+0000] {dag.py:3823} INFO - Setting next_dagrun for example_subdag_operator.section-1 to None, run_after=None
[2025-11-12T23:41:36.552+0000] {logging_mixin.py:188} INFO - [2025-11-12T23:41:36.552+0000] {dag.py:3823} INFO - Setting next_dagrun for example_subdag_operator.section-2 to None, run_after=None
[2025-11-12T23:41:36.560+0000] {processor.py:183} INFO - Processing /home/airflow/.local/lib/python3.8/site-packages/airflow/example_dags/example_subdag_operator.py took 0.068 seconds
[2025-11-12T23:42:06.773+0000] {processor.py:161} INFO - Started process (PID=1171) to work on /home/airflow/.local/lib/python3.8/site-packages/airflow/example_dags/example_subdag_operator.py
[2025-11-12T23:42:06.774+0000] {processor.py:830} INFO - Processing file /home/airflow/.local/lib/python3.8/site-packages/airflow/example_dags/example_subdag_operator.py for tasks to queue
[2025-11-12T23:42:06.776+0000] {logging_mixin.py:188} INFO - [2025-11-12T23:42:06.775+0000] {dagbag.py:538} INFO - Filling up the DagBag from /home/airflow/.local/lib/python3.8/site-packages/airflow/example_dags/example_subdag_operator.py
[2025-11-12T23:42:06.794+0000] {processor.py:840} INFO - DAG(s) 'example_subdag_operator.section-1', 'example_subdag_operator.section-2', 'example_subdag_operator' retrieved from /home/airflow/.local/lib/python3.8/site-packages/airflow/example_dags/example_subdag_operator.py
[2025-11-12T23:42:06.807+0000] {logging_mixin.py:188} INFO - [2025-11-12T23:42:06.807+0000] {dag.py:3036} INFO - Sync 3 DAGs
[2025-11-12T23:42:06.823+0000] {logging_mixin.py:188} INFO - [2025-11-12T23:42:06.823+0000] {dag.py:3823} INFO - Setting next_dagrun for example_subdag_operator to 2022-01-01 00:00:00+00:00, run_after=2022-01-01 00:00:00+00:00
[2025-11-12T23:42:06.825+0000] {logging_mixin.py:188} INFO - [2025-11-12T23:42:06.825+0000] {dag.py:3823} INFO - Setting next_dagrun for example_subdag_operator.section-1 to None, run_after=None
[2025-11-12T23:42:06.826+0000] {logging_mixin.py:188} INFO - [2025-11-12T23:42:06.826+0000] {dag.py:3823} INFO - Setting next_dagrun for example_subdag_operator.section-2 to None, run_after=None
[2025-11-12T23:42:06.831+0000] {logging_mixin.py:188} INFO - [2025-11-12T23:42:06.831+0000] {dag.py:3036} INFO - Sync 2 DAGs
[2025-11-12T23:42:06.834+0000] {logging_mixin.py:188} INFO - [2025-11-12T23:42:06.834+0000] {dag.py:3823} INFO - Setting next_dagrun for example_subdag_operator.section-1 to None, run_after=None
[2025-11-12T23:42:06.835+0000] {logging_mixin.py:188} INFO - [2025-11-12T23:42:06.835+0000] {dag.py:3823} INFO - Setting next_dagrun for example_subdag_operator.section-2 to None, run_after=None
[2025-11-12T23:42:06.843+0000] {processor.py:183} INFO - Processing /home/airflow/.local/lib/python3.8/site-packages/airflow/example_dags/example_subdag_operator.py took 0.073 seconds
[2025-11-12T23:42:37.028+0000] {processor.py:161} INFO - Started process (PID=1228) to work on /home/airflow/.local/lib/python3.8/site-packages/airflow/example_dags/example_subdag_operator.py
[2025-11-12T23:42:37.028+0000] {processor.py:830} INFO - Processing file /home/airflow/.local/lib/python3.8/site-packages/airflow/example_dags/example_subdag_operator.py for tasks to queue
[2025-11-12T23:42:37.030+0000] {logging_mixin.py:188} INFO - [2025-11-12T23:42:37.029+0000] {dagbag.py:538} INFO - Filling up the DagBag from /home/airflow/.local/lib/python3.8/site-packages/airflow/example_dags/example_subdag_operator.py
[2025-11-12T23:42:37.048+0000] {processor.py:840} INFO - DAG(s) 'example_subdag_operator.section-1', 'example_subdag_operator.section-2', 'example_subdag_operator' retrieved from /home/airflow/.local/lib/python3.8/site-packages/airflow/example_dags/example_subdag_operator.py
[2025-11-12T23:42:37.061+0000] {logging_mixin.py:188} INFO - [2025-11-12T23:42:37.060+0000] {dag.py:3036} INFO - Sync 3 DAGs
[2025-11-12T23:42:37.080+0000] {logging_mixin.py:188} INFO - [2025-11-12T23:42:37.079+0000] {dag.py:3823} INFO - Setting next_dagrun for example_subdag_operator to 2022-01-01 00:00:00+00:00, run_after=2022-01-01 00:00:00+00:00
[2025-11-12T23:42:37.082+0000] {logging_mixin.py:188} INFO - [2025-11-12T23:42:37.082+0000] {dag.py:3823} INFO - Setting next_dagrun for example_subdag_operator.section-1 to None, run_after=None
[2025-11-12T23:42:37.083+0000] {logging_mixin.py:188} INFO - [2025-11-12T23:42:37.082+0000] {dag.py:3823} INFO - Setting next_dagrun for example_subdag_operator.section-2 to None, run_after=None
[2025-11-12T23:42:37.087+0000] {logging_mixin.py:188} INFO - [2025-11-12T23:42:37.087+0000] {dag.py:3036} INFO - Sync 2 DAGs
[2025-11-12T23:42:37.090+0000] {logging_mixin.py:188} INFO - [2025-11-12T23:42:37.090+0000] {dag.py:3823} INFO - Setting next_dagrun for example_subdag_operator.section-1 to None, run_after=None
[2025-11-12T23:42:37.091+0000] {logging_mixin.py:188} INFO - [2025-11-12T23:42:37.090+0000] {dag.py:3823} INFO - Setting next_dagrun for example_subdag_operator.section-2 to None, run_after=None
[2025-11-12T23:42:37.099+0000] {processor.py:183} INFO - Processing /home/airflow/.local/lib/python3.8/site-packages/airflow/example_dags/example_subdag_operator.py took 0.075 seconds
[2025-11-12T23:43:07.312+0000] {processor.py:161} INFO - Started process (PID=1285) to work on /home/airflow/.local/lib/python3.8/site-packages/airflow/example_dags/example_subdag_operator.py
[2025-11-12T23:43:07.313+0000] {processor.py:830} INFO - Processing file /home/airflow/.local/lib/python3.8/site-packages/airflow/example_dags/example_subdag_operator.py for tasks to queue
[2025-11-12T23:43:07.314+0000] {logging_mixin.py:188} INFO - [2025-11-12T23:43:07.314+0000] {dagbag.py:538} INFO - Filling up the DagBag from /home/airflow/.local/lib/python3.8/site-packages/airflow/example_dags/example_subdag_operator.py
[2025-11-12T23:43:07.331+0000] {processor.py:840} INFO - DAG(s) 'example_subdag_operator.section-1', 'example_subdag_operator.section-2', 'example_subdag_operator' retrieved from /home/airflow/.local/lib/python3.8/site-packages/airflow/example_dags/example_subdag_operator.py
[2025-11-12T23:43:07.343+0000] {logging_mixin.py:188} INFO - [2025-11-12T23:43:07.343+0000] {dag.py:3036} INFO - Sync 3 DAGs
[2025-11-12T23:43:07.361+0000] {logging_mixin.py:188} INFO - [2025-11-12T23:43:07.361+0000] {dag.py:3823} INFO - Setting next_dagrun for example_subdag_operator to 2022-01-01 00:00:00+00:00, run_after=2022-01-01 00:00:00+00:00
[2025-11-12T23:43:07.364+0000] {logging_mixin.py:188} INFO - [2025-11-12T23:43:07.364+0000] {dag.py:3823} INFO - Setting next_dagrun for example_subdag_operator.section-1 to None, run_after=None
[2025-11-12T23:43:07.365+0000] {logging_mixin.py:188} INFO - [2025-11-12T23:43:07.365+0000] {dag.py:3823} INFO - Setting next_dagrun for example_subdag_operator.section-2 to None, run_after=None
[2025-11-12T23:43:07.369+0000] {logging_mixin.py:188} INFO - [2025-11-12T23:43:07.369+0000] {dag.py:3036} INFO - Sync 2 DAGs
[2025-11-12T23:43:07.373+0000] {logging_mixin.py:188} INFO - [2025-11-12T23:43:07.372+0000] {dag.py:3823} INFO - Setting next_dagrun for example_subdag_operator.section-1 to None, run_after=None
[2025-11-12T23:43:07.373+0000] {logging_mixin.py:188} INFO - [2025-11-12T23:43:07.373+0000] {dag.py:3823} INFO - Setting next_dagrun for example_subdag_operator.section-2 to None, run_after=None
[2025-11-12T23:43:07.381+0000] {processor.py:183} INFO - Processing /home/airflow/.local/lib/python3.8/site-packages/airflow/example_dags/example_subdag_operator.py took 0.072 seconds
[2025-11-12T23:43:37.615+0000] {processor.py:161} INFO - Started process (PID=1342) to work on /home/airflow/.local/lib/python3.8/site-packages/airflow/example_dags/example_subdag_operator.py
[2025-11-12T23:43:37.616+0000] {processor.py:830} INFO - Processing file /home/airflow/.local/lib/python3.8/site-packages/airflow/example_dags/example_subdag_operator.py for tasks to queue
[2025-11-12T23:43:37.617+0000] {logging_mixin.py:188} INFO - [2025-11-12T23:43:37.617+0000] {dagbag.py:538} INFO - Filling up the DagBag from /home/airflow/.local/lib/python3.8/site-packages/airflow/example_dags/example_subdag_operator.py
[2025-11-12T23:43:37.635+0000] {processor.py:840} INFO - DAG(s) 'example_subdag_operator.section-1', 'example_subdag_operator.section-2', 'example_subdag_operator' retrieved from /home/airflow/.local/lib/python3.8/site-packages/airflow/example_dags/example_subdag_operator.py
[2025-11-12T23:43:37.647+0000] {logging_mixin.py:188} INFO - [2025-11-12T23:43:37.647+0000] {dag.py:3036} INFO - Sync 3 DAGs
[2025-11-12T23:43:37.664+0000] {logging_mixin.py:188} INFO - [2025-11-12T23:43:37.664+0000] {dag.py:3823} INFO - Setting next_dagrun for example_subdag_operator to 2022-01-01 00:00:00+00:00, run_after=2022-01-01 00:00:00+00:00
[2025-11-12T23:43:37.667+0000] {logging_mixin.py:188} INFO - [2025-11-12T23:43:37.667+0000] {dag.py:3823} INFO - Setting next_dagrun for example_subdag_operator.section-1 to None, run_after=None
[2025-11-12T23:43:37.668+0000] {logging_mixin.py:188} INFO - [2025-11-12T23:43:37.668+0000] {dag.py:3823} INFO - Setting next_dagrun for example_subdag_operator.section-2 to None, run_after=None
[2025-11-12T23:43:37.674+0000] {logging_mixin.py:188} INFO - [2025-11-12T23:43:37.673+0000] {dag.py:3036} INFO - Sync 2 DAGs
[2025-11-12T23:43:37.677+0000] {logging_mixin.py:188} INFO - [2025-11-12T23:43:37.677+0000] {dag.py:3823} INFO - Setting next_dagrun for example_subdag_operator.section-1 to None, run_after=None
[2025-11-12T23:43:37.678+0000] {logging_mixin.py:188} INFO - [2025-11-12T23:43:37.678+0000] {dag.py:3823} INFO - Setting next_dagrun for example_subdag_operator.section-2 to None, run_after=None
[2025-11-12T23:43:37.686+0000] {processor.py:183} INFO - Processing /home/airflow/.local/lib/python3.8/site-packages/airflow/example_dags/example_subdag_operator.py took 0.074 seconds
[2025-11-12T23:44:07.902+0000] {processor.py:161} INFO - Started process (PID=1399) to work on /home/airflow/.local/lib/python3.8/site-packages/airflow/example_dags/example_subdag_operator.py
[2025-11-12T23:44:07.903+0000] {processor.py:830} INFO - Processing file /home/airflow/.local/lib/python3.8/site-packages/airflow/example_dags/example_subdag_operator.py for tasks to queue
[2025-11-12T23:44:07.904+0000] {logging_mixin.py:188} INFO - [2025-11-12T23:44:07.904+0000] {dagbag.py:538} INFO - Filling up the DagBag from /home/airflow/.local/lib/python3.8/site-packages/airflow/example_dags/example_subdag_operator.py
[2025-11-12T23:44:07.922+0000] {processor.py:840} INFO - DAG(s) 'example_subdag_operator.section-1', 'example_subdag_operator.section-2', 'example_subdag_operator' retrieved from /home/airflow/.local/lib/python3.8/site-packages/airflow/example_dags/example_subdag_operator.py
[2025-11-12T23:44:07.935+0000] {logging_mixin.py:188} INFO - [2025-11-12T23:44:07.934+0000] {dag.py:3036} INFO - Sync 3 DAGs
[2025-11-12T23:44:07.954+0000] {logging_mixin.py:188} INFO - [2025-11-12T23:44:07.954+0000] {dag.py:3823} INFO - Setting next_dagrun for example_subdag_operator to 2022-01-01 00:00:00+00:00, run_after=2022-01-01 00:00:00+00:00
[2025-11-12T23:44:07.959+0000] {logging_mixin.py:188} INFO - [2025-11-12T23:44:07.958+0000] {dag.py:3823} INFO - Setting next_dagrun for example_subdag_operator.section-1 to None, run_after=None
[2025-11-12T23:44:07.960+0000] {logging_mixin.py:188} INFO - [2025-11-12T23:44:07.960+0000] {dag.py:3823} INFO - Setting next_dagrun for example_subdag_operator.section-2 to None, run_after=None
[2025-11-12T23:44:07.967+0000] {logging_mixin.py:188} INFO - [2025-11-12T23:44:07.966+0000] {dag.py:3036} INFO - Sync 2 DAGs
[2025-11-12T23:44:07.972+0000] {logging_mixin.py:188} INFO - [2025-11-12T23:44:07.972+0000] {dag.py:3823} INFO - Setting next_dagrun for example_subdag_operator.section-1 to None, run_after=None
[2025-11-12T23:44:07.972+0000] {logging_mixin.py:188} INFO - [2025-11-12T23:44:07.972+0000] {dag.py:3823} INFO - Setting next_dagrun for example_subdag_operator.section-2 to None, run_after=None
[2025-11-12T23:44:07.983+0000] {processor.py:183} INFO - Processing /home/airflow/.local/lib/python3.8/site-packages/airflow/example_dags/example_subdag_operator.py took 0.084 seconds
[2025-11-12T23:44:38.107+0000] {processor.py:161} INFO - Started process (PID=1456) to work on /home/airflow/.local/lib/python3.8/site-packages/airflow/example_dags/example_subdag_operator.py
[2025-11-12T23:44:38.108+0000] {processor.py:830} INFO - Processing file /home/airflow/.local/lib/python3.8/site-packages/airflow/example_dags/example_subdag_operator.py for tasks to queue
[2025-11-12T23:44:38.109+0000] {logging_mixin.py:188} INFO - [2025-11-12T23:44:38.109+0000] {dagbag.py:538} INFO - Filling up the DagBag from /home/airflow/.local/lib/python3.8/site-packages/airflow/example_dags/example_subdag_operator.py
[2025-11-12T23:44:38.128+0000] {processor.py:840} INFO - DAG(s) 'example_subdag_operator.section-1', 'example_subdag_operator.section-2', 'example_subdag_operator' retrieved from /home/airflow/.local/lib/python3.8/site-packages/airflow/example_dags/example_subdag_operator.py
[2025-11-12T23:44:38.140+0000] {logging_mixin.py:188} INFO - [2025-11-12T23:44:38.140+0000] {dag.py:3036} INFO - Sync 3 DAGs
[2025-11-12T23:44:38.158+0000] {logging_mixin.py:188} INFO - [2025-11-12T23:44:38.157+0000] {dag.py:3823} INFO - Setting next_dagrun for example_subdag_operator to 2022-01-01 00:00:00+00:00, run_after=2022-01-01 00:00:00+00:00
[2025-11-12T23:44:38.160+0000] {logging_mixin.py:188} INFO - [2025-11-12T23:44:38.160+0000] {dag.py:3823} INFO - Setting next_dagrun for example_subdag_operator.section-1 to None, run_after=None
[2025-11-12T23:44:38.161+0000] {logging_mixin.py:188} INFO - [2025-11-12T23:44:38.161+0000] {dag.py:3823} INFO - Setting next_dagrun for example_subdag_operator.section-2 to None, run_after=None
[2025-11-12T23:44:38.167+0000] {logging_mixin.py:188} INFO - [2025-11-12T23:44:38.167+0000] {dag.py:3036} INFO - Sync 2 DAGs
[2025-11-12T23:44:38.171+0000] {logging_mixin.py:188} INFO - [2025-11-12T23:44:38.171+0000] {dag.py:3823} INFO - Setting next_dagrun for example_subdag_operator.section-1 to None, run_after=None
[2025-11-12T23:44:38.172+0000] {logging_mixin.py:188} INFO - [2025-11-12T23:44:38.172+0000] {dag.py:3823} INFO - Setting next_dagrun for example_subdag_operator.section-2 to None, run_after=None
[2025-11-12T23:44:38.181+0000] {processor.py:183} INFO - Processing /home/airflow/.local/lib/python3.8/site-packages/airflow/example_dags/example_subdag_operator.py took 0.077 seconds
[2025-11-12T23:45:08.327+0000] {processor.py:161} INFO - Started process (PID=1513) to work on /home/airflow/.local/lib/python3.8/site-packages/airflow/example_dags/example_subdag_operator.py
[2025-11-12T23:45:08.328+0000] {processor.py:830} INFO - Processing file /home/airflow/.local/lib/python3.8/site-packages/airflow/example_dags/example_subdag_operator.py for tasks to queue
[2025-11-12T23:45:08.329+0000] {logging_mixin.py:188} INFO - [2025-11-12T23:45:08.329+0000] {dagbag.py:538} INFO - Filling up the DagBag from /home/airflow/.local/lib/python3.8/site-packages/airflow/example_dags/example_subdag_operator.py
[2025-11-12T23:45:08.347+0000] {processor.py:840} INFO - DAG(s) 'example_subdag_operator.section-1', 'example_subdag_operator.section-2', 'example_subdag_operator' retrieved from /home/airflow/.local/lib/python3.8/site-packages/airflow/example_dags/example_subdag_operator.py
[2025-11-12T23:45:08.359+0000] {logging_mixin.py:188} INFO - [2025-11-12T23:45:08.359+0000] {dag.py:3036} INFO - Sync 3 DAGs
[2025-11-12T23:45:08.375+0000] {logging_mixin.py:188} INFO - [2025-11-12T23:45:08.375+0000] {dag.py:3823} INFO - Setting next_dagrun for example_subdag_operator to 2022-01-01 00:00:00+00:00, run_after=2022-01-01 00:00:00+00:00
[2025-11-12T23:45:08.377+0000] {logging_mixin.py:188} INFO - [2025-11-12T23:45:08.377+0000] {dag.py:3823} INFO - Setting next_dagrun for example_subdag_operator.section-1 to None, run_after=None
[2025-11-12T23:45:08.378+0000] {logging_mixin.py:188} INFO - [2025-11-12T23:45:08.378+0000] {dag.py:3823} INFO - Setting next_dagrun for example_subdag_operator.section-2 to None, run_after=None
[2025-11-12T23:45:08.383+0000] {logging_mixin.py:188} INFO - [2025-11-12T23:45:08.383+0000] {dag.py:3036} INFO - Sync 2 DAGs
[2025-11-12T23:45:08.386+0000] {logging_mixin.py:188} INFO - [2025-11-12T23:45:08.386+0000] {dag.py:3823} INFO - Setting next_dagrun for example_subdag_operator.section-1 to None, run_after=None
[2025-11-12T23:45:08.387+0000] {logging_mixin.py:188} INFO - [2025-11-12T23:45:08.387+0000] {dag.py:3823} INFO - Setting next_dagrun for example_subdag_operator.section-2 to None, run_after=None
[2025-11-12T23:45:08.394+0000] {processor.py:183} INFO - Processing /home/airflow/.local/lib/python3.8/site-packages/airflow/example_dags/example_subdag_operator.py took 0.069 seconds
[2025-11-12T23:45:38.512+0000] {processor.py:161} INFO - Started process (PID=1570) to work on /home/airflow/.local/lib/python3.8/site-packages/airflow/example_dags/example_subdag_operator.py
[2025-11-12T23:45:38.513+0000] {processor.py:830} INFO - Processing file /home/airflow/.local/lib/python3.8/site-packages/airflow/example_dags/example_subdag_operator.py for tasks to queue
[2025-11-12T23:45:38.514+0000] {logging_mixin.py:188} INFO - [2025-11-12T23:45:38.514+0000] {dagbag.py:538} INFO - Filling up the DagBag from /home/airflow/.local/lib/python3.8/site-packages/airflow/example_dags/example_subdag_operator.py
[2025-11-12T23:45:38.536+0000] {processor.py:840} INFO - DAG(s) 'example_subdag_operator.section-1', 'example_subdag_operator.section-2', 'example_subdag_operator' retrieved from /home/airflow/.local/lib/python3.8/site-packages/airflow/example_dags/example_subdag_operator.py
[2025-11-12T23:45:38.550+0000] {logging_mixin.py:188} INFO - [2025-11-12T23:45:38.550+0000] {dag.py:3036} INFO - Sync 3 DAGs
[2025-11-12T23:45:38.570+0000] {logging_mixin.py:188} INFO - [2025-11-12T23:45:38.569+0000] {dag.py:3823} INFO - Setting next_dagrun for example_subdag_operator to 2022-01-01 00:00:00+00:00, run_after=2022-01-01 00:00:00+00:00
[2025-11-12T23:45:38.572+0000] {logging_mixin.py:188} INFO - [2025-11-12T23:45:38.572+0000] {dag.py:3823} INFO - Setting next_dagrun for example_subdag_operator.section-1 to None, run_after=None
[2025-11-12T23:45:38.574+0000] {logging_mixin.py:188} INFO - [2025-11-12T23:45:38.573+0000] {dag.py:3823} INFO - Setting next_dagrun for example_subdag_operator.section-2 to None, run_after=None
[2025-11-12T23:45:38.579+0000] {logging_mixin.py:188} INFO - [2025-11-12T23:45:38.579+0000] {dag.py:3036} INFO - Sync 2 DAGs
[2025-11-12T23:45:38.584+0000] {logging_mixin.py:188} INFO - [2025-11-12T23:45:38.584+0000] {dag.py:3823} INFO - Setting next_dagrun for example_subdag_operator.section-1 to None, run_after=None
[2025-11-12T23:45:38.584+0000] {logging_mixin.py:188} INFO - [2025-11-12T23:45:38.584+0000] {dag.py:3823} INFO - Setting next_dagrun for example_subdag_operator.section-2 to None, run_after=None
[2025-11-12T23:45:38.593+0000] {processor.py:183} INFO - Processing /home/airflow/.local/lib/python3.8/site-packages/airflow/example_dags/example_subdag_operator.py took 0.084 seconds
