[2025-11-12T23:32:26.804+0000] {processor.py:161} INFO - Started process (PID=57) to work on /home/airflow/.local/lib/python3.8/site-packages/airflow/example_dags/example_branch_operator.py
[2025-11-12T23:32:26.805+0000] {processor.py:830} INFO - Processing file /home/airflow/.local/lib/python3.8/site-packages/airflow/example_dags/example_branch_operator.py for tasks to queue
[2025-11-12T23:32:26.807+0000] {logging_mixin.py:188} INFO - [2025-11-12T23:32:26.807+0000] {dagbag.py:538} INFO - Filling up the DagBag from /home/airflow/.local/lib/python3.8/site-packages/airflow/example_dags/example_branch_operator.py
[2025-11-12T23:32:26.831+0000] {processor.py:840} INFO - DAG(s) 'example_branch_operator' retrieved from /home/airflow/.local/lib/python3.8/site-packages/airflow/example_dags/example_branch_operator.py
[2025-11-12T23:32:26.931+0000] {logging_mixin.py:188} INFO - [2025-11-12T23:32:26.930+0000] {override.py:1769} INFO - Created Permission View: can delete on DAG:example_branch_operator
[2025-11-12T23:32:26.940+0000] {logging_mixin.py:188} INFO - [2025-11-12T23:32:26.940+0000] {override.py:1769} INFO - Created Permission View: can edit on DAG:example_branch_operator
[2025-11-12T23:32:26.946+0000] {logging_mixin.py:188} INFO - [2025-11-12T23:32:26.946+0000] {override.py:1769} INFO - Created Permission View: can read on DAG:example_branch_operator
[2025-11-12T23:32:26.947+0000] {logging_mixin.py:188} INFO - [2025-11-12T23:32:26.946+0000] {dag.py:3036} INFO - Sync 1 DAGs
[2025-11-12T23:32:26.957+0000] {logging_mixin.py:188} INFO - [2025-11-12T23:32:26.956+0000] {dag.py:3058} INFO - Creating ORM DAG for example_branch_operator
[2025-11-12T23:32:26.965+0000] {logging_mixin.py:188} INFO - [2025-11-12T23:32:26.965+0000] {dag.py:3823} INFO - Setting next_dagrun for example_branch_operator to 2025-11-11 00:00:00+00:00, run_after=2025-11-12 00:00:00+00:00
[2025-11-12T23:32:26.980+0000] {processor.py:183} INFO - Processing /home/airflow/.local/lib/python3.8/site-packages/airflow/example_dags/example_branch_operator.py took 0.180 seconds
[2025-11-12T23:32:57.714+0000] {processor.py:161} INFO - Started process (PID=114) to work on /home/airflow/.local/lib/python3.8/site-packages/airflow/example_dags/example_branch_operator.py
[2025-11-12T23:32:57.715+0000] {processor.py:830} INFO - Processing file /home/airflow/.local/lib/python3.8/site-packages/airflow/example_dags/example_branch_operator.py for tasks to queue
[2025-11-12T23:32:57.716+0000] {logging_mixin.py:188} INFO - [2025-11-12T23:32:57.716+0000] {dagbag.py:538} INFO - Filling up the DagBag from /home/airflow/.local/lib/python3.8/site-packages/airflow/example_dags/example_branch_operator.py
[2025-11-12T23:32:57.730+0000] {processor.py:840} INFO - DAG(s) 'example_branch_operator' retrieved from /home/airflow/.local/lib/python3.8/site-packages/airflow/example_dags/example_branch_operator.py
[2025-11-12T23:32:57.753+0000] {logging_mixin.py:188} INFO - [2025-11-12T23:32:57.753+0000] {dag.py:3036} INFO - Sync 1 DAGs
[2025-11-12T23:32:57.772+0000] {logging_mixin.py:188} INFO - [2025-11-12T23:32:57.771+0000] {dag.py:3823} INFO - Setting next_dagrun for example_branch_operator to 2025-11-11 00:00:00+00:00, run_after=2025-11-12 00:00:00+00:00
[2025-11-12T23:32:57.786+0000] {processor.py:183} INFO - Processing /home/airflow/.local/lib/python3.8/site-packages/airflow/example_dags/example_branch_operator.py took 0.075 seconds
[2025-11-12T23:33:28.107+0000] {processor.py:161} INFO - Started process (PID=171) to work on /home/airflow/.local/lib/python3.8/site-packages/airflow/example_dags/example_branch_operator.py
[2025-11-12T23:33:28.108+0000] {processor.py:830} INFO - Processing file /home/airflow/.local/lib/python3.8/site-packages/airflow/example_dags/example_branch_operator.py for tasks to queue
[2025-11-12T23:33:28.110+0000] {logging_mixin.py:188} INFO - [2025-11-12T23:33:28.109+0000] {dagbag.py:538} INFO - Filling up the DagBag from /home/airflow/.local/lib/python3.8/site-packages/airflow/example_dags/example_branch_operator.py
[2025-11-12T23:33:28.125+0000] {processor.py:840} INFO - DAG(s) 'example_branch_operator' retrieved from /home/airflow/.local/lib/python3.8/site-packages/airflow/example_dags/example_branch_operator.py
[2025-11-12T23:33:28.147+0000] {logging_mixin.py:188} INFO - [2025-11-12T23:33:28.146+0000] {dag.py:3036} INFO - Sync 1 DAGs
[2025-11-12T23:33:28.165+0000] {logging_mixin.py:188} INFO - [2025-11-12T23:33:28.165+0000] {dag.py:3823} INFO - Setting next_dagrun for example_branch_operator to 2025-11-11 00:00:00+00:00, run_after=2025-11-12 00:00:00+00:00
[2025-11-12T23:33:28.178+0000] {processor.py:183} INFO - Processing /home/airflow/.local/lib/python3.8/site-packages/airflow/example_dags/example_branch_operator.py took 0.073 seconds
[2025-11-12T23:33:58.249+0000] {processor.py:161} INFO - Started process (PID=226) to work on /home/airflow/.local/lib/python3.8/site-packages/airflow/example_dags/example_branch_operator.py
[2025-11-12T23:33:58.250+0000] {processor.py:830} INFO - Processing file /home/airflow/.local/lib/python3.8/site-packages/airflow/example_dags/example_branch_operator.py for tasks to queue
[2025-11-12T23:33:58.251+0000] {logging_mixin.py:188} INFO - [2025-11-12T23:33:58.251+0000] {dagbag.py:538} INFO - Filling up the DagBag from /home/airflow/.local/lib/python3.8/site-packages/airflow/example_dags/example_branch_operator.py
[2025-11-12T23:33:58.266+0000] {processor.py:840} INFO - DAG(s) 'example_branch_operator' retrieved from /home/airflow/.local/lib/python3.8/site-packages/airflow/example_dags/example_branch_operator.py
[2025-11-12T23:33:58.286+0000] {logging_mixin.py:188} INFO - [2025-11-12T23:33:58.286+0000] {dag.py:3036} INFO - Sync 1 DAGs
[2025-11-12T23:33:58.304+0000] {logging_mixin.py:188} INFO - [2025-11-12T23:33:58.304+0000] {dag.py:3823} INFO - Setting next_dagrun for example_branch_operator to 2025-11-11 00:00:00+00:00, run_after=2025-11-12 00:00:00+00:00
[2025-11-12T23:33:58.317+0000] {processor.py:183} INFO - Processing /home/airflow/.local/lib/python3.8/site-packages/airflow/example_dags/example_branch_operator.py took 0.071 seconds
[2025-11-12T23:34:28.524+0000] {processor.py:161} INFO - Started process (PID=283) to work on /home/airflow/.local/lib/python3.8/site-packages/airflow/example_dags/example_branch_operator.py
[2025-11-12T23:34:28.525+0000] {processor.py:830} INFO - Processing file /home/airflow/.local/lib/python3.8/site-packages/airflow/example_dags/example_branch_operator.py for tasks to queue
[2025-11-12T23:34:28.526+0000] {logging_mixin.py:188} INFO - [2025-11-12T23:34:28.526+0000] {dagbag.py:538} INFO - Filling up the DagBag from /home/airflow/.local/lib/python3.8/site-packages/airflow/example_dags/example_branch_operator.py
[2025-11-12T23:34:28.540+0000] {processor.py:840} INFO - DAG(s) 'example_branch_operator' retrieved from /home/airflow/.local/lib/python3.8/site-packages/airflow/example_dags/example_branch_operator.py
[2025-11-12T23:34:28.562+0000] {logging_mixin.py:188} INFO - [2025-11-12T23:34:28.562+0000] {dag.py:3036} INFO - Sync 1 DAGs
[2025-11-12T23:34:28.582+0000] {logging_mixin.py:188} INFO - [2025-11-12T23:34:28.582+0000] {dag.py:3823} INFO - Setting next_dagrun for example_branch_operator to 2025-11-11 00:00:00+00:00, run_after=2025-11-12 00:00:00+00:00
[2025-11-12T23:34:28.595+0000] {processor.py:183} INFO - Processing /home/airflow/.local/lib/python3.8/site-packages/airflow/example_dags/example_branch_operator.py took 0.074 seconds
[2025-11-12T23:34:58.618+0000] {processor.py:161} INFO - Started process (PID=340) to work on /home/airflow/.local/lib/python3.8/site-packages/airflow/example_dags/example_branch_operator.py
[2025-11-12T23:34:58.619+0000] {processor.py:830} INFO - Processing file /home/airflow/.local/lib/python3.8/site-packages/airflow/example_dags/example_branch_operator.py for tasks to queue
[2025-11-12T23:34:58.620+0000] {logging_mixin.py:188} INFO - [2025-11-12T23:34:58.620+0000] {dagbag.py:538} INFO - Filling up the DagBag from /home/airflow/.local/lib/python3.8/site-packages/airflow/example_dags/example_branch_operator.py
[2025-11-12T23:34:58.634+0000] {processor.py:840} INFO - DAG(s) 'example_branch_operator' retrieved from /home/airflow/.local/lib/python3.8/site-packages/airflow/example_dags/example_branch_operator.py
[2025-11-12T23:34:58.655+0000] {logging_mixin.py:188} INFO - [2025-11-12T23:34:58.655+0000] {dag.py:3036} INFO - Sync 1 DAGs
[2025-11-12T23:34:58.676+0000] {logging_mixin.py:188} INFO - [2025-11-12T23:34:58.676+0000] {dag.py:3823} INFO - Setting next_dagrun for example_branch_operator to 2025-11-11 00:00:00+00:00, run_after=2025-11-12 00:00:00+00:00
[2025-11-12T23:34:58.691+0000] {processor.py:183} INFO - Processing /home/airflow/.local/lib/python3.8/site-packages/airflow/example_dags/example_branch_operator.py took 0.075 seconds
[2025-11-12T23:35:28.922+0000] {processor.py:161} INFO - Started process (PID=397) to work on /home/airflow/.local/lib/python3.8/site-packages/airflow/example_dags/example_branch_operator.py
[2025-11-12T23:35:28.923+0000] {processor.py:830} INFO - Processing file /home/airflow/.local/lib/python3.8/site-packages/airflow/example_dags/example_branch_operator.py for tasks to queue
[2025-11-12T23:35:28.924+0000] {logging_mixin.py:188} INFO - [2025-11-12T23:35:28.924+0000] {dagbag.py:538} INFO - Filling up the DagBag from /home/airflow/.local/lib/python3.8/site-packages/airflow/example_dags/example_branch_operator.py
[2025-11-12T23:35:28.938+0000] {processor.py:840} INFO - DAG(s) 'example_branch_operator' retrieved from /home/airflow/.local/lib/python3.8/site-packages/airflow/example_dags/example_branch_operator.py
[2025-11-12T23:35:28.959+0000] {logging_mixin.py:188} INFO - [2025-11-12T23:35:28.959+0000] {dag.py:3036} INFO - Sync 1 DAGs
[2025-11-12T23:35:28.978+0000] {logging_mixin.py:188} INFO - [2025-11-12T23:35:28.978+0000] {dag.py:3823} INFO - Setting next_dagrun for example_branch_operator to 2025-11-11 00:00:00+00:00, run_after=2025-11-12 00:00:00+00:00
[2025-11-12T23:35:28.996+0000] {processor.py:183} INFO - Processing /home/airflow/.local/lib/python3.8/site-packages/airflow/example_dags/example_branch_operator.py took 0.076 seconds
[2025-11-12T23:35:59.319+0000] {processor.py:161} INFO - Started process (PID=454) to work on /home/airflow/.local/lib/python3.8/site-packages/airflow/example_dags/example_branch_operator.py
[2025-11-12T23:35:59.320+0000] {processor.py:830} INFO - Processing file /home/airflow/.local/lib/python3.8/site-packages/airflow/example_dags/example_branch_operator.py for tasks to queue
[2025-11-12T23:35:59.321+0000] {logging_mixin.py:188} INFO - [2025-11-12T23:35:59.321+0000] {dagbag.py:538} INFO - Filling up the DagBag from /home/airflow/.local/lib/python3.8/site-packages/airflow/example_dags/example_branch_operator.py
[2025-11-12T23:35:59.335+0000] {processor.py:840} INFO - DAG(s) 'example_branch_operator' retrieved from /home/airflow/.local/lib/python3.8/site-packages/airflow/example_dags/example_branch_operator.py
[2025-11-12T23:35:59.356+0000] {logging_mixin.py:188} INFO - [2025-11-12T23:35:59.356+0000] {dag.py:3036} INFO - Sync 1 DAGs
[2025-11-12T23:35:59.374+0000] {logging_mixin.py:188} INFO - [2025-11-12T23:35:59.374+0000] {dag.py:3823} INFO - Setting next_dagrun for example_branch_operator to 2025-11-11 00:00:00+00:00, run_after=2025-11-12 00:00:00+00:00
[2025-11-12T23:35:59.386+0000] {processor.py:183} INFO - Processing /home/airflow/.local/lib/python3.8/site-packages/airflow/example_dags/example_branch_operator.py took 0.070 seconds
[2025-11-12T23:36:29.569+0000] {processor.py:161} INFO - Started process (PID=511) to work on /home/airflow/.local/lib/python3.8/site-packages/airflow/example_dags/example_branch_operator.py
[2025-11-12T23:36:29.570+0000] {processor.py:830} INFO - Processing file /home/airflow/.local/lib/python3.8/site-packages/airflow/example_dags/example_branch_operator.py for tasks to queue
[2025-11-12T23:36:29.571+0000] {logging_mixin.py:188} INFO - [2025-11-12T23:36:29.571+0000] {dagbag.py:538} INFO - Filling up the DagBag from /home/airflow/.local/lib/python3.8/site-packages/airflow/example_dags/example_branch_operator.py
[2025-11-12T23:36:29.587+0000] {processor.py:840} INFO - DAG(s) 'example_branch_operator' retrieved from /home/airflow/.local/lib/python3.8/site-packages/airflow/example_dags/example_branch_operator.py
[2025-11-12T23:36:29.610+0000] {logging_mixin.py:188} INFO - [2025-11-12T23:36:29.610+0000] {dag.py:3036} INFO - Sync 1 DAGs
[2025-11-12T23:36:29.628+0000] {logging_mixin.py:188} INFO - [2025-11-12T23:36:29.628+0000] {dag.py:3823} INFO - Setting next_dagrun for example_branch_operator to 2025-11-11 00:00:00+00:00, run_after=2025-11-12 00:00:00+00:00
[2025-11-12T23:36:29.643+0000] {processor.py:183} INFO - Processing /home/airflow/.local/lib/python3.8/site-packages/airflow/example_dags/example_branch_operator.py took 0.077 seconds
[2025-11-12T23:36:59.933+0000] {processor.py:161} INFO - Started process (PID=574) to work on /home/airflow/.local/lib/python3.8/site-packages/airflow/example_dags/example_branch_operator.py
[2025-11-12T23:36:59.933+0000] {processor.py:830} INFO - Processing file /home/airflow/.local/lib/python3.8/site-packages/airflow/example_dags/example_branch_operator.py for tasks to queue
[2025-11-12T23:36:59.935+0000] {logging_mixin.py:188} INFO - [2025-11-12T23:36:59.934+0000] {dagbag.py:538} INFO - Filling up the DagBag from /home/airflow/.local/lib/python3.8/site-packages/airflow/example_dags/example_branch_operator.py
[2025-11-12T23:36:59.948+0000] {processor.py:840} INFO - DAG(s) 'example_branch_operator' retrieved from /home/airflow/.local/lib/python3.8/site-packages/airflow/example_dags/example_branch_operator.py
[2025-11-12T23:36:59.970+0000] {logging_mixin.py:188} INFO - [2025-11-12T23:36:59.969+0000] {dag.py:3036} INFO - Sync 1 DAGs
[2025-11-12T23:36:59.988+0000] {logging_mixin.py:188} INFO - [2025-11-12T23:36:59.987+0000] {dag.py:3823} INFO - Setting next_dagrun for example_branch_operator to 2025-11-11 00:00:00+00:00, run_after=2025-11-12 00:00:00+00:00
[2025-11-12T23:37:00.001+0000] {processor.py:183} INFO - Processing /home/airflow/.local/lib/python3.8/site-packages/airflow/example_dags/example_branch_operator.py took 0.071 seconds
[2025-11-12T23:37:30.186+0000] {processor.py:161} INFO - Started process (PID=631) to work on /home/airflow/.local/lib/python3.8/site-packages/airflow/example_dags/example_branch_operator.py
[2025-11-12T23:37:30.187+0000] {processor.py:830} INFO - Processing file /home/airflow/.local/lib/python3.8/site-packages/airflow/example_dags/example_branch_operator.py for tasks to queue
[2025-11-12T23:37:30.188+0000] {logging_mixin.py:188} INFO - [2025-11-12T23:37:30.188+0000] {dagbag.py:538} INFO - Filling up the DagBag from /home/airflow/.local/lib/python3.8/site-packages/airflow/example_dags/example_branch_operator.py
[2025-11-12T23:37:30.202+0000] {processor.py:840} INFO - DAG(s) 'example_branch_operator' retrieved from /home/airflow/.local/lib/python3.8/site-packages/airflow/example_dags/example_branch_operator.py
[2025-11-12T23:37:30.223+0000] {logging_mixin.py:188} INFO - [2025-11-12T23:37:30.223+0000] {dag.py:3036} INFO - Sync 1 DAGs
[2025-11-12T23:37:30.242+0000] {logging_mixin.py:188} INFO - [2025-11-12T23:37:30.241+0000] {dag.py:3823} INFO - Setting next_dagrun for example_branch_operator to 2025-11-11 00:00:00+00:00, run_after=2025-11-12 00:00:00+00:00
[2025-11-12T23:37:30.255+0000] {processor.py:183} INFO - Processing /home/airflow/.local/lib/python3.8/site-packages/airflow/example_dags/example_branch_operator.py took 0.072 seconds
[2025-11-12T23:38:00.416+0000] {processor.py:161} INFO - Started process (PID=688) to work on /home/airflow/.local/lib/python3.8/site-packages/airflow/example_dags/example_branch_operator.py
[2025-11-12T23:38:00.417+0000] {processor.py:830} INFO - Processing file /home/airflow/.local/lib/python3.8/site-packages/airflow/example_dags/example_branch_operator.py for tasks to queue
[2025-11-12T23:38:00.418+0000] {logging_mixin.py:188} INFO - [2025-11-12T23:38:00.418+0000] {dagbag.py:538} INFO - Filling up the DagBag from /home/airflow/.local/lib/python3.8/site-packages/airflow/example_dags/example_branch_operator.py
[2025-11-12T23:38:00.432+0000] {processor.py:840} INFO - DAG(s) 'example_branch_operator' retrieved from /home/airflow/.local/lib/python3.8/site-packages/airflow/example_dags/example_branch_operator.py
[2025-11-12T23:38:00.452+0000] {logging_mixin.py:188} INFO - [2025-11-12T23:38:00.452+0000] {dag.py:3036} INFO - Sync 1 DAGs
[2025-11-12T23:38:00.471+0000] {logging_mixin.py:188} INFO - [2025-11-12T23:38:00.471+0000] {dag.py:3823} INFO - Setting next_dagrun for example_branch_operator to 2025-11-11 00:00:00+00:00, run_after=2025-11-12 00:00:00+00:00
[2025-11-12T23:38:00.484+0000] {processor.py:183} INFO - Processing /home/airflow/.local/lib/python3.8/site-packages/airflow/example_dags/example_branch_operator.py took 0.071 seconds
[2025-11-12T23:38:30.772+0000] {processor.py:161} INFO - Started process (PID=745) to work on /home/airflow/.local/lib/python3.8/site-packages/airflow/example_dags/example_branch_operator.py
[2025-11-12T23:38:30.773+0000] {processor.py:830} INFO - Processing file /home/airflow/.local/lib/python3.8/site-packages/airflow/example_dags/example_branch_operator.py for tasks to queue
[2025-11-12T23:38:30.774+0000] {logging_mixin.py:188} INFO - [2025-11-12T23:38:30.774+0000] {dagbag.py:538} INFO - Filling up the DagBag from /home/airflow/.local/lib/python3.8/site-packages/airflow/example_dags/example_branch_operator.py
[2025-11-12T23:38:30.790+0000] {processor.py:840} INFO - DAG(s) 'example_branch_operator' retrieved from /home/airflow/.local/lib/python3.8/site-packages/airflow/example_dags/example_branch_operator.py
[2025-11-12T23:38:30.811+0000] {logging_mixin.py:188} INFO - [2025-11-12T23:38:30.810+0000] {dag.py:3036} INFO - Sync 1 DAGs
[2025-11-12T23:38:30.828+0000] {logging_mixin.py:188} INFO - [2025-11-12T23:38:30.827+0000] {dag.py:3823} INFO - Setting next_dagrun for example_branch_operator to 2025-11-11 00:00:00+00:00, run_after=2025-11-12 00:00:00+00:00
[2025-11-12T23:38:30.840+0000] {processor.py:183} INFO - Processing /home/airflow/.local/lib/python3.8/site-packages/airflow/example_dags/example_branch_operator.py took 0.070 seconds
[2025-11-12T23:39:01.122+0000] {processor.py:161} INFO - Started process (PID=802) to work on /home/airflow/.local/lib/python3.8/site-packages/airflow/example_dags/example_branch_operator.py
[2025-11-12T23:39:01.123+0000] {processor.py:830} INFO - Processing file /home/airflow/.local/lib/python3.8/site-packages/airflow/example_dags/example_branch_operator.py for tasks to queue
[2025-11-12T23:39:01.124+0000] {logging_mixin.py:188} INFO - [2025-11-12T23:39:01.124+0000] {dagbag.py:538} INFO - Filling up the DagBag from /home/airflow/.local/lib/python3.8/site-packages/airflow/example_dags/example_branch_operator.py
[2025-11-12T23:39:01.137+0000] {processor.py:840} INFO - DAG(s) 'example_branch_operator' retrieved from /home/airflow/.local/lib/python3.8/site-packages/airflow/example_dags/example_branch_operator.py
[2025-11-12T23:39:01.159+0000] {logging_mixin.py:188} INFO - [2025-11-12T23:39:01.158+0000] {dag.py:3036} INFO - Sync 1 DAGs
[2025-11-12T23:39:01.176+0000] {logging_mixin.py:188} INFO - [2025-11-12T23:39:01.176+0000] {dag.py:3823} INFO - Setting next_dagrun for example_branch_operator to 2025-11-11 00:00:00+00:00, run_after=2025-11-12 00:00:00+00:00
[2025-11-12T23:39:01.188+0000] {processor.py:183} INFO - Processing /home/airflow/.local/lib/python3.8/site-packages/airflow/example_dags/example_branch_operator.py took 0.069 seconds
[2025-11-12T23:39:31.506+0000] {processor.py:161} INFO - Started process (PID=859) to work on /home/airflow/.local/lib/python3.8/site-packages/airflow/example_dags/example_branch_operator.py
[2025-11-12T23:39:31.507+0000] {processor.py:830} INFO - Processing file /home/airflow/.local/lib/python3.8/site-packages/airflow/example_dags/example_branch_operator.py for tasks to queue
[2025-11-12T23:39:31.509+0000] {logging_mixin.py:188} INFO - [2025-11-12T23:39:31.508+0000] {dagbag.py:538} INFO - Filling up the DagBag from /home/airflow/.local/lib/python3.8/site-packages/airflow/example_dags/example_branch_operator.py
[2025-11-12T23:39:31.521+0000] {processor.py:840} INFO - DAG(s) 'example_branch_operator' retrieved from /home/airflow/.local/lib/python3.8/site-packages/airflow/example_dags/example_branch_operator.py
[2025-11-12T23:39:31.542+0000] {logging_mixin.py:188} INFO - [2025-11-12T23:39:31.542+0000] {dag.py:3036} INFO - Sync 1 DAGs
[2025-11-12T23:39:31.559+0000] {logging_mixin.py:188} INFO - [2025-11-12T23:39:31.559+0000] {dag.py:3823} INFO - Setting next_dagrun for example_branch_operator to 2025-11-11 00:00:00+00:00, run_after=2025-11-12 00:00:00+00:00
[2025-11-12T23:39:31.572+0000] {processor.py:183} INFO - Processing /home/airflow/.local/lib/python3.8/site-packages/airflow/example_dags/example_branch_operator.py took 0.068 seconds
[2025-11-12T23:40:01.805+0000] {processor.py:161} INFO - Started process (PID=916) to work on /home/airflow/.local/lib/python3.8/site-packages/airflow/example_dags/example_branch_operator.py
[2025-11-12T23:40:01.806+0000] {processor.py:830} INFO - Processing file /home/airflow/.local/lib/python3.8/site-packages/airflow/example_dags/example_branch_operator.py for tasks to queue
[2025-11-12T23:40:01.807+0000] {logging_mixin.py:188} INFO - [2025-11-12T23:40:01.807+0000] {dagbag.py:538} INFO - Filling up the DagBag from /home/airflow/.local/lib/python3.8/site-packages/airflow/example_dags/example_branch_operator.py
[2025-11-12T23:40:01.820+0000] {processor.py:840} INFO - DAG(s) 'example_branch_operator' retrieved from /home/airflow/.local/lib/python3.8/site-packages/airflow/example_dags/example_branch_operator.py
[2025-11-12T23:40:01.843+0000] {logging_mixin.py:188} INFO - [2025-11-12T23:40:01.843+0000] {dag.py:3036} INFO - Sync 1 DAGs
[2025-11-12T23:40:01.862+0000] {logging_mixin.py:188} INFO - [2025-11-12T23:40:01.861+0000] {dag.py:3823} INFO - Setting next_dagrun for example_branch_operator to 2025-11-11 00:00:00+00:00, run_after=2025-11-12 00:00:00+00:00
[2025-11-12T23:40:01.875+0000] {processor.py:183} INFO - Processing /home/airflow/.local/lib/python3.8/site-packages/airflow/example_dags/example_branch_operator.py took 0.072 seconds
[2025-11-12T23:40:31.912+0000] {processor.py:161} INFO - Started process (PID=973) to work on /home/airflow/.local/lib/python3.8/site-packages/airflow/example_dags/example_branch_operator.py
[2025-11-12T23:40:31.913+0000] {processor.py:830} INFO - Processing file /home/airflow/.local/lib/python3.8/site-packages/airflow/example_dags/example_branch_operator.py for tasks to queue
[2025-11-12T23:40:31.915+0000] {logging_mixin.py:188} INFO - [2025-11-12T23:40:31.914+0000] {dagbag.py:538} INFO - Filling up the DagBag from /home/airflow/.local/lib/python3.8/site-packages/airflow/example_dags/example_branch_operator.py
[2025-11-12T23:40:31.928+0000] {processor.py:840} INFO - DAG(s) 'example_branch_operator' retrieved from /home/airflow/.local/lib/python3.8/site-packages/airflow/example_dags/example_branch_operator.py
[2025-11-12T23:40:31.950+0000] {logging_mixin.py:188} INFO - [2025-11-12T23:40:31.950+0000] {dag.py:3036} INFO - Sync 1 DAGs
[2025-11-12T23:40:31.968+0000] {logging_mixin.py:188} INFO - [2025-11-12T23:40:31.968+0000] {dag.py:3823} INFO - Setting next_dagrun for example_branch_operator to 2025-11-11 00:00:00+00:00, run_after=2025-11-12 00:00:00+00:00
[2025-11-12T23:40:31.982+0000] {processor.py:183} INFO - Processing /home/airflow/.local/lib/python3.8/site-packages/airflow/example_dags/example_branch_operator.py took 0.073 seconds
[2025-11-12T23:41:02.156+0000] {processor.py:161} INFO - Started process (PID=1030) to work on /home/airflow/.local/lib/python3.8/site-packages/airflow/example_dags/example_branch_operator.py
[2025-11-12T23:41:02.157+0000] {processor.py:830} INFO - Processing file /home/airflow/.local/lib/python3.8/site-packages/airflow/example_dags/example_branch_operator.py for tasks to queue
[2025-11-12T23:41:02.158+0000] {logging_mixin.py:188} INFO - [2025-11-12T23:41:02.158+0000] {dagbag.py:538} INFO - Filling up the DagBag from /home/airflow/.local/lib/python3.8/site-packages/airflow/example_dags/example_branch_operator.py
[2025-11-12T23:41:02.172+0000] {processor.py:840} INFO - DAG(s) 'example_branch_operator' retrieved from /home/airflow/.local/lib/python3.8/site-packages/airflow/example_dags/example_branch_operator.py
[2025-11-12T23:41:02.194+0000] {logging_mixin.py:188} INFO - [2025-11-12T23:41:02.194+0000] {dag.py:3036} INFO - Sync 1 DAGs
[2025-11-12T23:41:02.212+0000] {logging_mixin.py:188} INFO - [2025-11-12T23:41:02.211+0000] {dag.py:3823} INFO - Setting next_dagrun for example_branch_operator to 2025-11-11 00:00:00+00:00, run_after=2025-11-12 00:00:00+00:00
[2025-11-12T23:41:02.223+0000] {processor.py:183} INFO - Processing /home/airflow/.local/lib/python3.8/site-packages/airflow/example_dags/example_branch_operator.py took 0.070 seconds
[2025-11-12T23:41:32.387+0000] {processor.py:161} INFO - Started process (PID=1087) to work on /home/airflow/.local/lib/python3.8/site-packages/airflow/example_dags/example_branch_operator.py
[2025-11-12T23:41:32.388+0000] {processor.py:830} INFO - Processing file /home/airflow/.local/lib/python3.8/site-packages/airflow/example_dags/example_branch_operator.py for tasks to queue
[2025-11-12T23:41:32.389+0000] {logging_mixin.py:188} INFO - [2025-11-12T23:41:32.389+0000] {dagbag.py:538} INFO - Filling up the DagBag from /home/airflow/.local/lib/python3.8/site-packages/airflow/example_dags/example_branch_operator.py
[2025-11-12T23:41:32.404+0000] {processor.py:840} INFO - DAG(s) 'example_branch_operator' retrieved from /home/airflow/.local/lib/python3.8/site-packages/airflow/example_dags/example_branch_operator.py
[2025-11-12T23:41:32.426+0000] {logging_mixin.py:188} INFO - [2025-11-12T23:41:32.425+0000] {dag.py:3036} INFO - Sync 1 DAGs
[2025-11-12T23:41:32.444+0000] {logging_mixin.py:188} INFO - [2025-11-12T23:41:32.444+0000] {dag.py:3823} INFO - Setting next_dagrun for example_branch_operator to 2025-11-11 00:00:00+00:00, run_after=2025-11-12 00:00:00+00:00
[2025-11-12T23:41:32.457+0000] {processor.py:183} INFO - Processing /home/airflow/.local/lib/python3.8/site-packages/airflow/example_dags/example_branch_operator.py took 0.073 seconds
[2025-11-12T23:42:02.516+0000] {processor.py:161} INFO - Started process (PID=1144) to work on /home/airflow/.local/lib/python3.8/site-packages/airflow/example_dags/example_branch_operator.py
[2025-11-12T23:42:02.517+0000] {processor.py:830} INFO - Processing file /home/airflow/.local/lib/python3.8/site-packages/airflow/example_dags/example_branch_operator.py for tasks to queue
[2025-11-12T23:42:02.518+0000] {logging_mixin.py:188} INFO - [2025-11-12T23:42:02.518+0000] {dagbag.py:538} INFO - Filling up the DagBag from /home/airflow/.local/lib/python3.8/site-packages/airflow/example_dags/example_branch_operator.py
[2025-11-12T23:42:02.532+0000] {processor.py:840} INFO - DAG(s) 'example_branch_operator' retrieved from /home/airflow/.local/lib/python3.8/site-packages/airflow/example_dags/example_branch_operator.py
[2025-11-12T23:42:02.556+0000] {logging_mixin.py:188} INFO - [2025-11-12T23:42:02.556+0000] {dag.py:3036} INFO - Sync 1 DAGs
[2025-11-12T23:42:02.576+0000] {logging_mixin.py:188} INFO - [2025-11-12T23:42:02.575+0000] {dag.py:3823} INFO - Setting next_dagrun for example_branch_operator to 2025-11-11 00:00:00+00:00, run_after=2025-11-12 00:00:00+00:00
[2025-11-12T23:42:02.588+0000] {processor.py:183} INFO - Processing /home/airflow/.local/lib/python3.8/site-packages/airflow/example_dags/example_branch_operator.py took 0.074 seconds
[2025-11-12T23:42:32.850+0000] {processor.py:161} INFO - Started process (PID=1201) to work on /home/airflow/.local/lib/python3.8/site-packages/airflow/example_dags/example_branch_operator.py
[2025-11-12T23:42:32.851+0000] {processor.py:830} INFO - Processing file /home/airflow/.local/lib/python3.8/site-packages/airflow/example_dags/example_branch_operator.py for tasks to queue
[2025-11-12T23:42:32.852+0000] {logging_mixin.py:188} INFO - [2025-11-12T23:42:32.852+0000] {dagbag.py:538} INFO - Filling up the DagBag from /home/airflow/.local/lib/python3.8/site-packages/airflow/example_dags/example_branch_operator.py
[2025-11-12T23:42:32.866+0000] {processor.py:840} INFO - DAG(s) 'example_branch_operator' retrieved from /home/airflow/.local/lib/python3.8/site-packages/airflow/example_dags/example_branch_operator.py
[2025-11-12T23:42:32.888+0000] {logging_mixin.py:188} INFO - [2025-11-12T23:42:32.887+0000] {dag.py:3036} INFO - Sync 1 DAGs
[2025-11-12T23:42:32.905+0000] {logging_mixin.py:188} INFO - [2025-11-12T23:42:32.905+0000] {dag.py:3823} INFO - Setting next_dagrun for example_branch_operator to 2025-11-11 00:00:00+00:00, run_after=2025-11-12 00:00:00+00:00
[2025-11-12T23:42:32.918+0000] {processor.py:183} INFO - Processing /home/airflow/.local/lib/python3.8/site-packages/airflow/example_dags/example_branch_operator.py took 0.071 seconds
[2025-11-12T23:43:03.220+0000] {processor.py:161} INFO - Started process (PID=1258) to work on /home/airflow/.local/lib/python3.8/site-packages/airflow/example_dags/example_branch_operator.py
[2025-11-12T23:43:03.221+0000] {processor.py:830} INFO - Processing file /home/airflow/.local/lib/python3.8/site-packages/airflow/example_dags/example_branch_operator.py for tasks to queue
[2025-11-12T23:43:03.222+0000] {logging_mixin.py:188} INFO - [2025-11-12T23:43:03.222+0000] {dagbag.py:538} INFO - Filling up the DagBag from /home/airflow/.local/lib/python3.8/site-packages/airflow/example_dags/example_branch_operator.py
[2025-11-12T23:43:03.235+0000] {processor.py:840} INFO - DAG(s) 'example_branch_operator' retrieved from /home/airflow/.local/lib/python3.8/site-packages/airflow/example_dags/example_branch_operator.py
[2025-11-12T23:43:03.256+0000] {logging_mixin.py:188} INFO - [2025-11-12T23:43:03.256+0000] {dag.py:3036} INFO - Sync 1 DAGs
[2025-11-12T23:43:03.274+0000] {logging_mixin.py:188} INFO - [2025-11-12T23:43:03.274+0000] {dag.py:3823} INFO - Setting next_dagrun for example_branch_operator to 2025-11-11 00:00:00+00:00, run_after=2025-11-12 00:00:00+00:00
[2025-11-12T23:43:03.288+0000] {processor.py:183} INFO - Processing /home/airflow/.local/lib/python3.8/site-packages/airflow/example_dags/example_branch_operator.py took 0.071 seconds
[2025-11-12T23:43:33.392+0000] {processor.py:161} INFO - Started process (PID=1315) to work on /home/airflow/.local/lib/python3.8/site-packages/airflow/example_dags/example_branch_operator.py
[2025-11-12T23:43:33.392+0000] {processor.py:830} INFO - Processing file /home/airflow/.local/lib/python3.8/site-packages/airflow/example_dags/example_branch_operator.py for tasks to queue
[2025-11-12T23:43:33.394+0000] {logging_mixin.py:188} INFO - [2025-11-12T23:43:33.393+0000] {dagbag.py:538} INFO - Filling up the DagBag from /home/airflow/.local/lib/python3.8/site-packages/airflow/example_dags/example_branch_operator.py
[2025-11-12T23:43:33.407+0000] {processor.py:840} INFO - DAG(s) 'example_branch_operator' retrieved from /home/airflow/.local/lib/python3.8/site-packages/airflow/example_dags/example_branch_operator.py
[2025-11-12T23:43:33.429+0000] {logging_mixin.py:188} INFO - [2025-11-12T23:43:33.428+0000] {dag.py:3036} INFO - Sync 1 DAGs
[2025-11-12T23:43:33.447+0000] {logging_mixin.py:188} INFO - [2025-11-12T23:43:33.447+0000] {dag.py:3823} INFO - Setting next_dagrun for example_branch_operator to 2025-11-11 00:00:00+00:00, run_after=2025-11-12 00:00:00+00:00
[2025-11-12T23:43:33.461+0000] {processor.py:183} INFO - Processing /home/airflow/.local/lib/python3.8/site-packages/airflow/example_dags/example_branch_operator.py took 0.071 seconds
[2025-11-12T23:44:03.805+0000] {processor.py:161} INFO - Started process (PID=1372) to work on /home/airflow/.local/lib/python3.8/site-packages/airflow/example_dags/example_branch_operator.py
[2025-11-12T23:44:03.806+0000] {processor.py:830} INFO - Processing file /home/airflow/.local/lib/python3.8/site-packages/airflow/example_dags/example_branch_operator.py for tasks to queue
[2025-11-12T23:44:03.807+0000] {logging_mixin.py:188} INFO - [2025-11-12T23:44:03.807+0000] {dagbag.py:538} INFO - Filling up the DagBag from /home/airflow/.local/lib/python3.8/site-packages/airflow/example_dags/example_branch_operator.py
[2025-11-12T23:44:03.821+0000] {processor.py:840} INFO - DAG(s) 'example_branch_operator' retrieved from /home/airflow/.local/lib/python3.8/site-packages/airflow/example_dags/example_branch_operator.py
[2025-11-12T23:44:03.843+0000] {logging_mixin.py:188} INFO - [2025-11-12T23:44:03.842+0000] {dag.py:3036} INFO - Sync 1 DAGs
[2025-11-12T23:44:03.860+0000] {logging_mixin.py:188} INFO - [2025-11-12T23:44:03.860+0000] {dag.py:3823} INFO - Setting next_dagrun for example_branch_operator to 2025-11-11 00:00:00+00:00, run_after=2025-11-12 00:00:00+00:00
[2025-11-12T23:44:03.872+0000] {processor.py:183} INFO - Processing /home/airflow/.local/lib/python3.8/site-packages/airflow/example_dags/example_branch_operator.py took 0.069 seconds
[2025-11-12T23:44:33.956+0000] {processor.py:161} INFO - Started process (PID=1429) to work on /home/airflow/.local/lib/python3.8/site-packages/airflow/example_dags/example_branch_operator.py
[2025-11-12T23:44:33.957+0000] {processor.py:830} INFO - Processing file /home/airflow/.local/lib/python3.8/site-packages/airflow/example_dags/example_branch_operator.py for tasks to queue
[2025-11-12T23:44:33.958+0000] {logging_mixin.py:188} INFO - [2025-11-12T23:44:33.958+0000] {dagbag.py:538} INFO - Filling up the DagBag from /home/airflow/.local/lib/python3.8/site-packages/airflow/example_dags/example_branch_operator.py
[2025-11-12T23:44:33.973+0000] {processor.py:840} INFO - DAG(s) 'example_branch_operator' retrieved from /home/airflow/.local/lib/python3.8/site-packages/airflow/example_dags/example_branch_operator.py
[2025-11-12T23:44:33.995+0000] {logging_mixin.py:188} INFO - [2025-11-12T23:44:33.995+0000] {dag.py:3036} INFO - Sync 1 DAGs
[2025-11-12T23:44:34.013+0000] {logging_mixin.py:188} INFO - [2025-11-12T23:44:34.013+0000] {dag.py:3823} INFO - Setting next_dagrun for example_branch_operator to 2025-11-11 00:00:00+00:00, run_after=2025-11-12 00:00:00+00:00
[2025-11-12T23:44:34.027+0000] {processor.py:183} INFO - Processing /home/airflow/.local/lib/python3.8/site-packages/airflow/example_dags/example_branch_operator.py took 0.074 seconds
[2025-11-12T23:45:04.265+0000] {processor.py:161} INFO - Started process (PID=1486) to work on /home/airflow/.local/lib/python3.8/site-packages/airflow/example_dags/example_branch_operator.py
[2025-11-12T23:45:04.266+0000] {processor.py:830} INFO - Processing file /home/airflow/.local/lib/python3.8/site-packages/airflow/example_dags/example_branch_operator.py for tasks to queue
[2025-11-12T23:45:04.267+0000] {logging_mixin.py:188} INFO - [2025-11-12T23:45:04.267+0000] {dagbag.py:538} INFO - Filling up the DagBag from /home/airflow/.local/lib/python3.8/site-packages/airflow/example_dags/example_branch_operator.py
[2025-11-12T23:45:04.281+0000] {processor.py:840} INFO - DAG(s) 'example_branch_operator' retrieved from /home/airflow/.local/lib/python3.8/site-packages/airflow/example_dags/example_branch_operator.py
[2025-11-12T23:45:04.303+0000] {logging_mixin.py:188} INFO - [2025-11-12T23:45:04.303+0000] {dag.py:3036} INFO - Sync 1 DAGs
[2025-11-12T23:45:04.322+0000] {logging_mixin.py:188} INFO - [2025-11-12T23:45:04.322+0000] {dag.py:3823} INFO - Setting next_dagrun for example_branch_operator to 2025-11-11 00:00:00+00:00, run_after=2025-11-12 00:00:00+00:00
[2025-11-12T23:45:04.335+0000] {processor.py:183} INFO - Processing /home/airflow/.local/lib/python3.8/site-packages/airflow/example_dags/example_branch_operator.py took 0.073 seconds
[2025-11-12T23:45:34.362+0000] {processor.py:161} INFO - Started process (PID=1543) to work on /home/airflow/.local/lib/python3.8/site-packages/airflow/example_dags/example_branch_operator.py
[2025-11-12T23:45:34.363+0000] {processor.py:830} INFO - Processing file /home/airflow/.local/lib/python3.8/site-packages/airflow/example_dags/example_branch_operator.py for tasks to queue
[2025-11-12T23:45:34.365+0000] {logging_mixin.py:188} INFO - [2025-11-12T23:45:34.365+0000] {dagbag.py:538} INFO - Filling up the DagBag from /home/airflow/.local/lib/python3.8/site-packages/airflow/example_dags/example_branch_operator.py
[2025-11-12T23:45:34.379+0000] {processor.py:840} INFO - DAG(s) 'example_branch_operator' retrieved from /home/airflow/.local/lib/python3.8/site-packages/airflow/example_dags/example_branch_operator.py
[2025-11-12T23:45:34.401+0000] {logging_mixin.py:188} INFO - [2025-11-12T23:45:34.401+0000] {dag.py:3036} INFO - Sync 1 DAGs
[2025-11-12T23:45:34.421+0000] {logging_mixin.py:188} INFO - [2025-11-12T23:45:34.420+0000] {dag.py:3823} INFO - Setting next_dagrun for example_branch_operator to 2025-11-11 00:00:00+00:00, run_after=2025-11-12 00:00:00+00:00
[2025-11-12T23:45:34.433+0000] {processor.py:183} INFO - Processing /home/airflow/.local/lib/python3.8/site-packages/airflow/example_dags/example_branch_operator.py took 0.074 seconds
