[2025-11-12T23:32:26.624+0000] {processor.py:161} INFO - Started process (PID=56) to work on /home/airflow/.local/lib/python3.8/site-packages/airflow/example_dags/example_branch_labels.py
[2025-11-12T23:32:26.625+0000] {processor.py:830} INFO - Processing file /home/airflow/.local/lib/python3.8/site-packages/airflow/example_dags/example_branch_labels.py for tasks to queue
[2025-11-12T23:32:26.626+0000] {logging_mixin.py:188} INFO - [2025-11-12T23:32:26.626+0000] {dagbag.py:538} INFO - Filling up the DagBag from /home/airflow/.local/lib/python3.8/site-packages/airflow/example_dags/example_branch_labels.py
[2025-11-12T23:32:26.635+0000] {processor.py:840} INFO - DAG(s) 'example_branch_labels' retrieved from /home/airflow/.local/lib/python3.8/site-packages/airflow/example_dags/example_branch_labels.py
[2025-11-12T23:32:26.728+0000] {logging_mixin.py:188} INFO - [2025-11-12T23:32:26.727+0000] {override.py:1769} INFO - Created Permission View: can delete on DAG:example_branch_labels
[2025-11-12T23:32:26.736+0000] {logging_mixin.py:188} INFO - [2025-11-12T23:32:26.736+0000] {override.py:1769} INFO - Created Permission View: can edit on DAG:example_branch_labels
[2025-11-12T23:32:26.742+0000] {logging_mixin.py:188} INFO - [2025-11-12T23:32:26.742+0000] {override.py:1769} INFO - Created Permission View: can read on DAG:example_branch_labels
[2025-11-12T23:32:26.742+0000] {logging_mixin.py:188} INFO - [2025-11-12T23:32:26.742+0000] {dag.py:3036} INFO - Sync 1 DAGs
[2025-11-12T23:32:26.751+0000] {logging_mixin.py:188} INFO - [2025-11-12T23:32:26.751+0000] {dag.py:3058} INFO - Creating ORM DAG for example_branch_labels
[2025-11-12T23:32:26.763+0000] {logging_mixin.py:188} INFO - [2025-11-12T23:32:26.763+0000] {dag.py:3823} INFO - Setting next_dagrun for example_branch_labels to 2025-11-11 00:00:00+00:00, run_after=2025-11-12 00:00:00+00:00
[2025-11-12T23:32:26.780+0000] {processor.py:183} INFO - Processing /home/airflow/.local/lib/python3.8/site-packages/airflow/example_dags/example_branch_labels.py took 0.158 seconds
[2025-11-12T23:32:57.639+0000] {processor.py:161} INFO - Started process (PID=112) to work on /home/airflow/.local/lib/python3.8/site-packages/airflow/example_dags/example_branch_labels.py
[2025-11-12T23:32:57.639+0000] {processor.py:830} INFO - Processing file /home/airflow/.local/lib/python3.8/site-packages/airflow/example_dags/example_branch_labels.py for tasks to queue
[2025-11-12T23:32:57.641+0000] {logging_mixin.py:188} INFO - [2025-11-12T23:32:57.640+0000] {dagbag.py:538} INFO - Filling up the DagBag from /home/airflow/.local/lib/python3.8/site-packages/airflow/example_dags/example_branch_labels.py
[2025-11-12T23:32:57.648+0000] {processor.py:840} INFO - DAG(s) 'example_branch_labels' retrieved from /home/airflow/.local/lib/python3.8/site-packages/airflow/example_dags/example_branch_labels.py
[2025-11-12T23:32:57.665+0000] {logging_mixin.py:188} INFO - [2025-11-12T23:32:57.665+0000] {dag.py:3036} INFO - Sync 1 DAGs
[2025-11-12T23:32:57.682+0000] {logging_mixin.py:188} INFO - [2025-11-12T23:32:57.682+0000] {dag.py:3823} INFO - Setting next_dagrun for example_branch_labels to 2025-11-11 00:00:00+00:00, run_after=2025-11-12 00:00:00+00:00
[2025-11-12T23:32:57.696+0000] {processor.py:183} INFO - Processing /home/airflow/.local/lib/python3.8/site-packages/airflow/example_dags/example_branch_labels.py took 0.060 seconds
[2025-11-12T23:33:28.031+0000] {processor.py:161} INFO - Started process (PID=169) to work on /home/airflow/.local/lib/python3.8/site-packages/airflow/example_dags/example_branch_labels.py
[2025-11-12T23:33:28.031+0000] {processor.py:830} INFO - Processing file /home/airflow/.local/lib/python3.8/site-packages/airflow/example_dags/example_branch_labels.py for tasks to queue
[2025-11-12T23:33:28.033+0000] {logging_mixin.py:188} INFO - [2025-11-12T23:33:28.033+0000] {dagbag.py:538} INFO - Filling up the DagBag from /home/airflow/.local/lib/python3.8/site-packages/airflow/example_dags/example_branch_labels.py
[2025-11-12T23:33:28.040+0000] {processor.py:840} INFO - DAG(s) 'example_branch_labels' retrieved from /home/airflow/.local/lib/python3.8/site-packages/airflow/example_dags/example_branch_labels.py
[2025-11-12T23:33:28.056+0000] {logging_mixin.py:188} INFO - [2025-11-12T23:33:28.056+0000] {dag.py:3036} INFO - Sync 1 DAGs
[2025-11-12T23:33:28.076+0000] {logging_mixin.py:188} INFO - [2025-11-12T23:33:28.076+0000] {dag.py:3823} INFO - Setting next_dagrun for example_branch_labels to 2025-11-11 00:00:00+00:00, run_after=2025-11-12 00:00:00+00:00
[2025-11-12T23:33:28.090+0000] {processor.py:183} INFO - Processing /home/airflow/.local/lib/python3.8/site-packages/airflow/example_dags/example_branch_labels.py took 0.063 seconds
[2025-11-12T23:33:58.243+0000] {processor.py:161} INFO - Started process (PID=225) to work on /home/airflow/.local/lib/python3.8/site-packages/airflow/example_dags/example_branch_labels.py
[2025-11-12T23:33:58.244+0000] {processor.py:830} INFO - Processing file /home/airflow/.local/lib/python3.8/site-packages/airflow/example_dags/example_branch_labels.py for tasks to queue
[2025-11-12T23:33:58.245+0000] {logging_mixin.py:188} INFO - [2025-11-12T23:33:58.245+0000] {dagbag.py:538} INFO - Filling up the DagBag from /home/airflow/.local/lib/python3.8/site-packages/airflow/example_dags/example_branch_labels.py
[2025-11-12T23:33:58.251+0000] {processor.py:840} INFO - DAG(s) 'example_branch_labels' retrieved from /home/airflow/.local/lib/python3.8/site-packages/airflow/example_dags/example_branch_labels.py
[2025-11-12T23:33:58.268+0000] {logging_mixin.py:188} INFO - [2025-11-12T23:33:58.268+0000] {dag.py:3036} INFO - Sync 1 DAGs
[2025-11-12T23:33:58.285+0000] {logging_mixin.py:188} INFO - [2025-11-12T23:33:58.285+0000] {dag.py:3823} INFO - Setting next_dagrun for example_branch_labels to 2025-11-11 00:00:00+00:00, run_after=2025-11-12 00:00:00+00:00
[2025-11-12T23:33:58.297+0000] {processor.py:183} INFO - Processing /home/airflow/.local/lib/python3.8/site-packages/airflow/example_dags/example_branch_labels.py took 0.057 seconds
[2025-11-12T23:34:28.518+0000] {processor.py:161} INFO - Started process (PID=282) to work on /home/airflow/.local/lib/python3.8/site-packages/airflow/example_dags/example_branch_labels.py
[2025-11-12T23:34:28.519+0000] {processor.py:830} INFO - Processing file /home/airflow/.local/lib/python3.8/site-packages/airflow/example_dags/example_branch_labels.py for tasks to queue
[2025-11-12T23:34:28.520+0000] {logging_mixin.py:188} INFO - [2025-11-12T23:34:28.520+0000] {dagbag.py:538} INFO - Filling up the DagBag from /home/airflow/.local/lib/python3.8/site-packages/airflow/example_dags/example_branch_labels.py
[2025-11-12T23:34:28.526+0000] {processor.py:840} INFO - DAG(s) 'example_branch_labels' retrieved from /home/airflow/.local/lib/python3.8/site-packages/airflow/example_dags/example_branch_labels.py
[2025-11-12T23:34:28.543+0000] {logging_mixin.py:188} INFO - [2025-11-12T23:34:28.543+0000] {dag.py:3036} INFO - Sync 1 DAGs
[2025-11-12T23:34:28.562+0000] {logging_mixin.py:188} INFO - [2025-11-12T23:34:28.562+0000] {dag.py:3823} INFO - Setting next_dagrun for example_branch_labels to 2025-11-11 00:00:00+00:00, run_after=2025-11-12 00:00:00+00:00
[2025-11-12T23:34:28.576+0000] {processor.py:183} INFO - Processing /home/airflow/.local/lib/python3.8/site-packages/airflow/example_dags/example_branch_labels.py took 0.060 seconds
[2025-11-12T23:34:58.612+0000] {processor.py:161} INFO - Started process (PID=339) to work on /home/airflow/.local/lib/python3.8/site-packages/airflow/example_dags/example_branch_labels.py
[2025-11-12T23:34:58.612+0000] {processor.py:830} INFO - Processing file /home/airflow/.local/lib/python3.8/site-packages/airflow/example_dags/example_branch_labels.py for tasks to queue
[2025-11-12T23:34:58.614+0000] {logging_mixin.py:188} INFO - [2025-11-12T23:34:58.614+0000] {dagbag.py:538} INFO - Filling up the DagBag from /home/airflow/.local/lib/python3.8/site-packages/airflow/example_dags/example_branch_labels.py
[2025-11-12T23:34:58.619+0000] {processor.py:840} INFO - DAG(s) 'example_branch_labels' retrieved from /home/airflow/.local/lib/python3.8/site-packages/airflow/example_dags/example_branch_labels.py
[2025-11-12T23:34:58.636+0000] {logging_mixin.py:188} INFO - [2025-11-12T23:34:58.636+0000] {dag.py:3036} INFO - Sync 1 DAGs
[2025-11-12T23:34:58.653+0000] {logging_mixin.py:188} INFO - [2025-11-12T23:34:58.653+0000] {dag.py:3823} INFO - Setting next_dagrun for example_branch_labels to 2025-11-11 00:00:00+00:00, run_after=2025-11-12 00:00:00+00:00
[2025-11-12T23:34:58.667+0000] {processor.py:183} INFO - Processing /home/airflow/.local/lib/python3.8/site-packages/airflow/example_dags/example_branch_labels.py took 0.058 seconds
[2025-11-12T23:35:28.916+0000] {processor.py:161} INFO - Started process (PID=396) to work on /home/airflow/.local/lib/python3.8/site-packages/airflow/example_dags/example_branch_labels.py
[2025-11-12T23:35:28.916+0000] {processor.py:830} INFO - Processing file /home/airflow/.local/lib/python3.8/site-packages/airflow/example_dags/example_branch_labels.py for tasks to queue
[2025-11-12T23:35:28.918+0000] {logging_mixin.py:188} INFO - [2025-11-12T23:35:28.918+0000] {dagbag.py:538} INFO - Filling up the DagBag from /home/airflow/.local/lib/python3.8/site-packages/airflow/example_dags/example_branch_labels.py
[2025-11-12T23:35:28.924+0000] {processor.py:840} INFO - DAG(s) 'example_branch_labels' retrieved from /home/airflow/.local/lib/python3.8/site-packages/airflow/example_dags/example_branch_labels.py
[2025-11-12T23:35:28.940+0000] {logging_mixin.py:188} INFO - [2025-11-12T23:35:28.939+0000] {dag.py:3036} INFO - Sync 1 DAGs
[2025-11-12T23:35:28.957+0000] {logging_mixin.py:188} INFO - [2025-11-12T23:35:28.957+0000] {dag.py:3823} INFO - Setting next_dagrun for example_branch_labels to 2025-11-11 00:00:00+00:00, run_after=2025-11-12 00:00:00+00:00
[2025-11-12T23:35:28.970+0000] {processor.py:183} INFO - Processing /home/airflow/.local/lib/python3.8/site-packages/airflow/example_dags/example_branch_labels.py took 0.058 seconds
[2025-11-12T23:35:59.313+0000] {processor.py:161} INFO - Started process (PID=453) to work on /home/airflow/.local/lib/python3.8/site-packages/airflow/example_dags/example_branch_labels.py
[2025-11-12T23:35:59.313+0000] {processor.py:830} INFO - Processing file /home/airflow/.local/lib/python3.8/site-packages/airflow/example_dags/example_branch_labels.py for tasks to queue
[2025-11-12T23:35:59.314+0000] {logging_mixin.py:188} INFO - [2025-11-12T23:35:59.314+0000] {dagbag.py:538} INFO - Filling up the DagBag from /home/airflow/.local/lib/python3.8/site-packages/airflow/example_dags/example_branch_labels.py
[2025-11-12T23:35:59.320+0000] {processor.py:840} INFO - DAG(s) 'example_branch_labels' retrieved from /home/airflow/.local/lib/python3.8/site-packages/airflow/example_dags/example_branch_labels.py
[2025-11-12T23:35:59.335+0000] {logging_mixin.py:188} INFO - [2025-11-12T23:35:59.335+0000] {dag.py:3036} INFO - Sync 1 DAGs
[2025-11-12T23:35:59.352+0000] {logging_mixin.py:188} INFO - [2025-11-12T23:35:59.352+0000] {dag.py:3823} INFO - Setting next_dagrun for example_branch_labels to 2025-11-11 00:00:00+00:00, run_after=2025-11-12 00:00:00+00:00
[2025-11-12T23:35:59.365+0000] {processor.py:183} INFO - Processing /home/airflow/.local/lib/python3.8/site-packages/airflow/example_dags/example_branch_labels.py took 0.055 seconds
[2025-11-12T23:36:29.562+0000] {processor.py:161} INFO - Started process (PID=510) to work on /home/airflow/.local/lib/python3.8/site-packages/airflow/example_dags/example_branch_labels.py
[2025-11-12T23:36:29.563+0000] {processor.py:830} INFO - Processing file /home/airflow/.local/lib/python3.8/site-packages/airflow/example_dags/example_branch_labels.py for tasks to queue
[2025-11-12T23:36:29.565+0000] {logging_mixin.py:188} INFO - [2025-11-12T23:36:29.564+0000] {dagbag.py:538} INFO - Filling up the DagBag from /home/airflow/.local/lib/python3.8/site-packages/airflow/example_dags/example_branch_labels.py
[2025-11-12T23:36:29.571+0000] {processor.py:840} INFO - DAG(s) 'example_branch_labels' retrieved from /home/airflow/.local/lib/python3.8/site-packages/airflow/example_dags/example_branch_labels.py
[2025-11-12T23:36:29.588+0000] {logging_mixin.py:188} INFO - [2025-11-12T23:36:29.588+0000] {dag.py:3036} INFO - Sync 1 DAGs
[2025-11-12T23:36:29.607+0000] {logging_mixin.py:188} INFO - [2025-11-12T23:36:29.607+0000] {dag.py:3823} INFO - Setting next_dagrun for example_branch_labels to 2025-11-11 00:00:00+00:00, run_after=2025-11-12 00:00:00+00:00
[2025-11-12T23:36:29.622+0000] {processor.py:183} INFO - Processing /home/airflow/.local/lib/python3.8/site-packages/airflow/example_dags/example_branch_labels.py took 0.062 seconds
[2025-11-12T23:36:59.926+0000] {processor.py:161} INFO - Started process (PID=573) to work on /home/airflow/.local/lib/python3.8/site-packages/airflow/example_dags/example_branch_labels.py
[2025-11-12T23:36:59.927+0000] {processor.py:830} INFO - Processing file /home/airflow/.local/lib/python3.8/site-packages/airflow/example_dags/example_branch_labels.py for tasks to queue
[2025-11-12T23:36:59.928+0000] {logging_mixin.py:188} INFO - [2025-11-12T23:36:59.928+0000] {dagbag.py:538} INFO - Filling up the DagBag from /home/airflow/.local/lib/python3.8/site-packages/airflow/example_dags/example_branch_labels.py
[2025-11-12T23:36:59.934+0000] {processor.py:840} INFO - DAG(s) 'example_branch_labels' retrieved from /home/airflow/.local/lib/python3.8/site-packages/airflow/example_dags/example_branch_labels.py
[2025-11-12T23:36:59.950+0000] {logging_mixin.py:188} INFO - [2025-11-12T23:36:59.949+0000] {dag.py:3036} INFO - Sync 1 DAGs
[2025-11-12T23:36:59.966+0000] {logging_mixin.py:188} INFO - [2025-11-12T23:36:59.966+0000] {dag.py:3823} INFO - Setting next_dagrun for example_branch_labels to 2025-11-11 00:00:00+00:00, run_after=2025-11-12 00:00:00+00:00
[2025-11-12T23:36:59.978+0000] {processor.py:183} INFO - Processing /home/airflow/.local/lib/python3.8/site-packages/airflow/example_dags/example_branch_labels.py took 0.054 seconds
[2025-11-12T23:37:30.180+0000] {processor.py:161} INFO - Started process (PID=630) to work on /home/airflow/.local/lib/python3.8/site-packages/airflow/example_dags/example_branch_labels.py
[2025-11-12T23:37:30.181+0000] {processor.py:830} INFO - Processing file /home/airflow/.local/lib/python3.8/site-packages/airflow/example_dags/example_branch_labels.py for tasks to queue
[2025-11-12T23:37:30.182+0000] {logging_mixin.py:188} INFO - [2025-11-12T23:37:30.182+0000] {dagbag.py:538} INFO - Filling up the DagBag from /home/airflow/.local/lib/python3.8/site-packages/airflow/example_dags/example_branch_labels.py
[2025-11-12T23:37:30.188+0000] {processor.py:840} INFO - DAG(s) 'example_branch_labels' retrieved from /home/airflow/.local/lib/python3.8/site-packages/airflow/example_dags/example_branch_labels.py
[2025-11-12T23:37:30.204+0000] {logging_mixin.py:188} INFO - [2025-11-12T23:37:30.204+0000] {dag.py:3036} INFO - Sync 1 DAGs
[2025-11-12T23:37:30.221+0000] {logging_mixin.py:188} INFO - [2025-11-12T23:37:30.221+0000] {dag.py:3823} INFO - Setting next_dagrun for example_branch_labels to 2025-11-11 00:00:00+00:00, run_after=2025-11-12 00:00:00+00:00
[2025-11-12T23:37:30.233+0000] {processor.py:183} INFO - Processing /home/airflow/.local/lib/python3.8/site-packages/airflow/example_dags/example_branch_labels.py took 0.056 seconds
[2025-11-12T23:38:00.410+0000] {processor.py:161} INFO - Started process (PID=687) to work on /home/airflow/.local/lib/python3.8/site-packages/airflow/example_dags/example_branch_labels.py
[2025-11-12T23:38:00.411+0000] {processor.py:830} INFO - Processing file /home/airflow/.local/lib/python3.8/site-packages/airflow/example_dags/example_branch_labels.py for tasks to queue
[2025-11-12T23:38:00.412+0000] {logging_mixin.py:188} INFO - [2025-11-12T23:38:00.412+0000] {dagbag.py:538} INFO - Filling up the DagBag from /home/airflow/.local/lib/python3.8/site-packages/airflow/example_dags/example_branch_labels.py
[2025-11-12T23:38:00.418+0000] {processor.py:840} INFO - DAG(s) 'example_branch_labels' retrieved from /home/airflow/.local/lib/python3.8/site-packages/airflow/example_dags/example_branch_labels.py
[2025-11-12T23:38:00.433+0000] {logging_mixin.py:188} INFO - [2025-11-12T23:38:00.433+0000] {dag.py:3036} INFO - Sync 1 DAGs
[2025-11-12T23:38:00.450+0000] {logging_mixin.py:188} INFO - [2025-11-12T23:38:00.449+0000] {dag.py:3823} INFO - Setting next_dagrun for example_branch_labels to 2025-11-11 00:00:00+00:00, run_after=2025-11-12 00:00:00+00:00
[2025-11-12T23:38:00.462+0000] {processor.py:183} INFO - Processing /home/airflow/.local/lib/python3.8/site-packages/airflow/example_dags/example_branch_labels.py took 0.054 seconds
[2025-11-12T23:38:30.766+0000] {processor.py:161} INFO - Started process (PID=744) to work on /home/airflow/.local/lib/python3.8/site-packages/airflow/example_dags/example_branch_labels.py
[2025-11-12T23:38:30.766+0000] {processor.py:830} INFO - Processing file /home/airflow/.local/lib/python3.8/site-packages/airflow/example_dags/example_branch_labels.py for tasks to queue
[2025-11-12T23:38:30.768+0000] {logging_mixin.py:188} INFO - [2025-11-12T23:38:30.767+0000] {dagbag.py:538} INFO - Filling up the DagBag from /home/airflow/.local/lib/python3.8/site-packages/airflow/example_dags/example_branch_labels.py
[2025-11-12T23:38:30.773+0000] {processor.py:840} INFO - DAG(s) 'example_branch_labels' retrieved from /home/airflow/.local/lib/python3.8/site-packages/airflow/example_dags/example_branch_labels.py
[2025-11-12T23:38:30.791+0000] {logging_mixin.py:188} INFO - [2025-11-12T23:38:30.791+0000] {dag.py:3036} INFO - Sync 1 DAGs
[2025-11-12T23:38:30.807+0000] {logging_mixin.py:188} INFO - [2025-11-12T23:38:30.807+0000] {dag.py:3823} INFO - Setting next_dagrun for example_branch_labels to 2025-11-11 00:00:00+00:00, run_after=2025-11-12 00:00:00+00:00
[2025-11-12T23:38:30.819+0000] {processor.py:183} INFO - Processing /home/airflow/.local/lib/python3.8/site-packages/airflow/example_dags/example_branch_labels.py took 0.056 seconds
[2025-11-12T23:39:01.116+0000] {processor.py:161} INFO - Started process (PID=801) to work on /home/airflow/.local/lib/python3.8/site-packages/airflow/example_dags/example_branch_labels.py
[2025-11-12T23:39:01.117+0000] {processor.py:830} INFO - Processing file /home/airflow/.local/lib/python3.8/site-packages/airflow/example_dags/example_branch_labels.py for tasks to queue
[2025-11-12T23:39:01.119+0000] {logging_mixin.py:188} INFO - [2025-11-12T23:39:01.118+0000] {dagbag.py:538} INFO - Filling up the DagBag from /home/airflow/.local/lib/python3.8/site-packages/airflow/example_dags/example_branch_labels.py
[2025-11-12T23:39:01.125+0000] {processor.py:840} INFO - DAG(s) 'example_branch_labels' retrieved from /home/airflow/.local/lib/python3.8/site-packages/airflow/example_dags/example_branch_labels.py
[2025-11-12T23:39:01.140+0000] {logging_mixin.py:188} INFO - [2025-11-12T23:39:01.140+0000] {dag.py:3036} INFO - Sync 1 DAGs
[2025-11-12T23:39:01.158+0000] {logging_mixin.py:188} INFO - [2025-11-12T23:39:01.157+0000] {dag.py:3823} INFO - Setting next_dagrun for example_branch_labels to 2025-11-11 00:00:00+00:00, run_after=2025-11-12 00:00:00+00:00
[2025-11-12T23:39:01.170+0000] {processor.py:183} INFO - Processing /home/airflow/.local/lib/python3.8/site-packages/airflow/example_dags/example_branch_labels.py took 0.057 seconds
[2025-11-12T23:39:31.500+0000] {processor.py:161} INFO - Started process (PID=858) to work on /home/airflow/.local/lib/python3.8/site-packages/airflow/example_dags/example_branch_labels.py
[2025-11-12T23:39:31.501+0000] {processor.py:830} INFO - Processing file /home/airflow/.local/lib/python3.8/site-packages/airflow/example_dags/example_branch_labels.py for tasks to queue
[2025-11-12T23:39:31.502+0000] {logging_mixin.py:188} INFO - [2025-11-12T23:39:31.502+0000] {dagbag.py:538} INFO - Filling up the DagBag from /home/airflow/.local/lib/python3.8/site-packages/airflow/example_dags/example_branch_labels.py
[2025-11-12T23:39:31.508+0000] {processor.py:840} INFO - DAG(s) 'example_branch_labels' retrieved from /home/airflow/.local/lib/python3.8/site-packages/airflow/example_dags/example_branch_labels.py
[2025-11-12T23:39:31.523+0000] {logging_mixin.py:188} INFO - [2025-11-12T23:39:31.522+0000] {dag.py:3036} INFO - Sync 1 DAGs
[2025-11-12T23:39:31.539+0000] {logging_mixin.py:188} INFO - [2025-11-12T23:39:31.539+0000] {dag.py:3823} INFO - Setting next_dagrun for example_branch_labels to 2025-11-11 00:00:00+00:00, run_after=2025-11-12 00:00:00+00:00
[2025-11-12T23:39:31.551+0000] {processor.py:183} INFO - Processing /home/airflow/.local/lib/python3.8/site-packages/airflow/example_dags/example_branch_labels.py took 0.053 seconds
[2025-11-12T23:40:01.799+0000] {processor.py:161} INFO - Started process (PID=915) to work on /home/airflow/.local/lib/python3.8/site-packages/airflow/example_dags/example_branch_labels.py
[2025-11-12T23:40:01.799+0000] {processor.py:830} INFO - Processing file /home/airflow/.local/lib/python3.8/site-packages/airflow/example_dags/example_branch_labels.py for tasks to queue
[2025-11-12T23:40:01.800+0000] {logging_mixin.py:188} INFO - [2025-11-12T23:40:01.800+0000] {dagbag.py:538} INFO - Filling up the DagBag from /home/airflow/.local/lib/python3.8/site-packages/airflow/example_dags/example_branch_labels.py
[2025-11-12T23:40:01.807+0000] {processor.py:840} INFO - DAG(s) 'example_branch_labels' retrieved from /home/airflow/.local/lib/python3.8/site-packages/airflow/example_dags/example_branch_labels.py
[2025-11-12T23:40:01.823+0000] {logging_mixin.py:188} INFO - [2025-11-12T23:40:01.823+0000] {dag.py:3036} INFO - Sync 1 DAGs
[2025-11-12T23:40:01.841+0000] {logging_mixin.py:188} INFO - [2025-11-12T23:40:01.841+0000] {dag.py:3823} INFO - Setting next_dagrun for example_branch_labels to 2025-11-11 00:00:00+00:00, run_after=2025-11-12 00:00:00+00:00
[2025-11-12T23:40:01.854+0000] {processor.py:183} INFO - Processing /home/airflow/.local/lib/python3.8/site-packages/airflow/example_dags/example_branch_labels.py took 0.058 seconds
[2025-11-12T23:40:31.906+0000] {processor.py:161} INFO - Started process (PID=972) to work on /home/airflow/.local/lib/python3.8/site-packages/airflow/example_dags/example_branch_labels.py
[2025-11-12T23:40:31.906+0000] {processor.py:830} INFO - Processing file /home/airflow/.local/lib/python3.8/site-packages/airflow/example_dags/example_branch_labels.py for tasks to queue
[2025-11-12T23:40:31.908+0000] {logging_mixin.py:188} INFO - [2025-11-12T23:40:31.907+0000] {dagbag.py:538} INFO - Filling up the DagBag from /home/airflow/.local/lib/python3.8/site-packages/airflow/example_dags/example_branch_labels.py
[2025-11-12T23:40:31.914+0000] {processor.py:840} INFO - DAG(s) 'example_branch_labels' retrieved from /home/airflow/.local/lib/python3.8/site-packages/airflow/example_dags/example_branch_labels.py
[2025-11-12T23:40:31.930+0000] {logging_mixin.py:188} INFO - [2025-11-12T23:40:31.930+0000] {dag.py:3036} INFO - Sync 1 DAGs
[2025-11-12T23:40:31.947+0000] {logging_mixin.py:188} INFO - [2025-11-12T23:40:31.947+0000] {dag.py:3823} INFO - Setting next_dagrun for example_branch_labels to 2025-11-11 00:00:00+00:00, run_after=2025-11-12 00:00:00+00:00
[2025-11-12T23:40:31.960+0000] {processor.py:183} INFO - Processing /home/airflow/.local/lib/python3.8/site-packages/airflow/example_dags/example_branch_labels.py took 0.057 seconds
[2025-11-12T23:41:02.149+0000] {processor.py:161} INFO - Started process (PID=1029) to work on /home/airflow/.local/lib/python3.8/site-packages/airflow/example_dags/example_branch_labels.py
[2025-11-12T23:41:02.150+0000] {processor.py:830} INFO - Processing file /home/airflow/.local/lib/python3.8/site-packages/airflow/example_dags/example_branch_labels.py for tasks to queue
[2025-11-12T23:41:02.151+0000] {logging_mixin.py:188} INFO - [2025-11-12T23:41:02.151+0000] {dagbag.py:538} INFO - Filling up the DagBag from /home/airflow/.local/lib/python3.8/site-packages/airflow/example_dags/example_branch_labels.py
[2025-11-12T23:41:02.157+0000] {processor.py:840} INFO - DAG(s) 'example_branch_labels' retrieved from /home/airflow/.local/lib/python3.8/site-packages/airflow/example_dags/example_branch_labels.py
[2025-11-12T23:41:02.173+0000] {logging_mixin.py:188} INFO - [2025-11-12T23:41:02.173+0000] {dag.py:3036} INFO - Sync 1 DAGs
[2025-11-12T23:41:02.191+0000] {logging_mixin.py:188} INFO - [2025-11-12T23:41:02.190+0000] {dag.py:3823} INFO - Setting next_dagrun for example_branch_labels to 2025-11-11 00:00:00+00:00, run_after=2025-11-12 00:00:00+00:00
[2025-11-12T23:41:02.204+0000] {processor.py:183} INFO - Processing /home/airflow/.local/lib/python3.8/site-packages/airflow/example_dags/example_branch_labels.py took 0.057 seconds
[2025-11-12T23:41:32.379+0000] {processor.py:161} INFO - Started process (PID=1086) to work on /home/airflow/.local/lib/python3.8/site-packages/airflow/example_dags/example_branch_labels.py
[2025-11-12T23:41:32.380+0000] {processor.py:830} INFO - Processing file /home/airflow/.local/lib/python3.8/site-packages/airflow/example_dags/example_branch_labels.py for tasks to queue
[2025-11-12T23:41:32.381+0000] {logging_mixin.py:188} INFO - [2025-11-12T23:41:32.381+0000] {dagbag.py:538} INFO - Filling up the DagBag from /home/airflow/.local/lib/python3.8/site-packages/airflow/example_dags/example_branch_labels.py
[2025-11-12T23:41:32.387+0000] {processor.py:840} INFO - DAG(s) 'example_branch_labels' retrieved from /home/airflow/.local/lib/python3.8/site-packages/airflow/example_dags/example_branch_labels.py
[2025-11-12T23:41:32.404+0000] {logging_mixin.py:188} INFO - [2025-11-12T23:41:32.403+0000] {dag.py:3036} INFO - Sync 1 DAGs
[2025-11-12T23:41:32.421+0000] {logging_mixin.py:188} INFO - [2025-11-12T23:41:32.421+0000] {dag.py:3823} INFO - Setting next_dagrun for example_branch_labels to 2025-11-11 00:00:00+00:00, run_after=2025-11-12 00:00:00+00:00
[2025-11-12T23:41:32.435+0000] {processor.py:183} INFO - Processing /home/airflow/.local/lib/python3.8/site-packages/airflow/example_dags/example_branch_labels.py took 0.059 seconds
[2025-11-12T23:42:02.509+0000] {processor.py:161} INFO - Started process (PID=1143) to work on /home/airflow/.local/lib/python3.8/site-packages/airflow/example_dags/example_branch_labels.py
[2025-11-12T23:42:02.509+0000] {processor.py:830} INFO - Processing file /home/airflow/.local/lib/python3.8/site-packages/airflow/example_dags/example_branch_labels.py for tasks to queue
[2025-11-12T23:42:02.511+0000] {logging_mixin.py:188} INFO - [2025-11-12T23:42:02.510+0000] {dagbag.py:538} INFO - Filling up the DagBag from /home/airflow/.local/lib/python3.8/site-packages/airflow/example_dags/example_branch_labels.py
[2025-11-12T23:42:02.517+0000] {processor.py:840} INFO - DAG(s) 'example_branch_labels' retrieved from /home/airflow/.local/lib/python3.8/site-packages/airflow/example_dags/example_branch_labels.py
[2025-11-12T23:42:02.533+0000] {logging_mixin.py:188} INFO - [2025-11-12T23:42:02.532+0000] {dag.py:3036} INFO - Sync 1 DAGs
[2025-11-12T23:42:02.552+0000] {logging_mixin.py:188} INFO - [2025-11-12T23:42:02.552+0000] {dag.py:3823} INFO - Setting next_dagrun for example_branch_labels to 2025-11-11 00:00:00+00:00, run_after=2025-11-12 00:00:00+00:00
[2025-11-12T23:42:02.566+0000] {processor.py:183} INFO - Processing /home/airflow/.local/lib/python3.8/site-packages/airflow/example_dags/example_branch_labels.py took 0.059 seconds
[2025-11-12T23:42:32.843+0000] {processor.py:161} INFO - Started process (PID=1200) to work on /home/airflow/.local/lib/python3.8/site-packages/airflow/example_dags/example_branch_labels.py
[2025-11-12T23:42:32.844+0000] {processor.py:830} INFO - Processing file /home/airflow/.local/lib/python3.8/site-packages/airflow/example_dags/example_branch_labels.py for tasks to queue
[2025-11-12T23:42:32.846+0000] {logging_mixin.py:188} INFO - [2025-11-12T23:42:32.845+0000] {dagbag.py:538} INFO - Filling up the DagBag from /home/airflow/.local/lib/python3.8/site-packages/airflow/example_dags/example_branch_labels.py
[2025-11-12T23:42:32.852+0000] {processor.py:840} INFO - DAG(s) 'example_branch_labels' retrieved from /home/airflow/.local/lib/python3.8/site-packages/airflow/example_dags/example_branch_labels.py
[2025-11-12T23:42:32.868+0000] {logging_mixin.py:188} INFO - [2025-11-12T23:42:32.868+0000] {dag.py:3036} INFO - Sync 1 DAGs
[2025-11-12T23:42:32.885+0000] {logging_mixin.py:188} INFO - [2025-11-12T23:42:32.885+0000] {dag.py:3823} INFO - Setting next_dagrun for example_branch_labels to 2025-11-11 00:00:00+00:00, run_after=2025-11-12 00:00:00+00:00
[2025-11-12T23:42:32.899+0000] {processor.py:183} INFO - Processing /home/airflow/.local/lib/python3.8/site-packages/airflow/example_dags/example_branch_labels.py took 0.059 seconds
[2025-11-12T23:43:03.213+0000] {processor.py:161} INFO - Started process (PID=1257) to work on /home/airflow/.local/lib/python3.8/site-packages/airflow/example_dags/example_branch_labels.py
[2025-11-12T23:43:03.214+0000] {processor.py:830} INFO - Processing file /home/airflow/.local/lib/python3.8/site-packages/airflow/example_dags/example_branch_labels.py for tasks to queue
[2025-11-12T23:43:03.215+0000] {logging_mixin.py:188} INFO - [2025-11-12T23:43:03.215+0000] {dagbag.py:538} INFO - Filling up the DagBag from /home/airflow/.local/lib/python3.8/site-packages/airflow/example_dags/example_branch_labels.py
[2025-11-12T23:43:03.221+0000] {processor.py:840} INFO - DAG(s) 'example_branch_labels' retrieved from /home/airflow/.local/lib/python3.8/site-packages/airflow/example_dags/example_branch_labels.py
[2025-11-12T23:43:03.237+0000] {logging_mixin.py:188} INFO - [2025-11-12T23:43:03.237+0000] {dag.py:3036} INFO - Sync 1 DAGs
[2025-11-12T23:43:03.253+0000] {logging_mixin.py:188} INFO - [2025-11-12T23:43:03.253+0000] {dag.py:3823} INFO - Setting next_dagrun for example_branch_labels to 2025-11-11 00:00:00+00:00, run_after=2025-11-12 00:00:00+00:00
[2025-11-12T23:43:03.266+0000] {processor.py:183} INFO - Processing /home/airflow/.local/lib/python3.8/site-packages/airflow/example_dags/example_branch_labels.py took 0.056 seconds
[2025-11-12T23:43:33.385+0000] {processor.py:161} INFO - Started process (PID=1314) to work on /home/airflow/.local/lib/python3.8/site-packages/airflow/example_dags/example_branch_labels.py
[2025-11-12T23:43:33.386+0000] {processor.py:830} INFO - Processing file /home/airflow/.local/lib/python3.8/site-packages/airflow/example_dags/example_branch_labels.py for tasks to queue
[2025-11-12T23:43:33.387+0000] {logging_mixin.py:188} INFO - [2025-11-12T23:43:33.387+0000] {dagbag.py:538} INFO - Filling up the DagBag from /home/airflow/.local/lib/python3.8/site-packages/airflow/example_dags/example_branch_labels.py
[2025-11-12T23:43:33.393+0000] {processor.py:840} INFO - DAG(s) 'example_branch_labels' retrieved from /home/airflow/.local/lib/python3.8/site-packages/airflow/example_dags/example_branch_labels.py
[2025-11-12T23:43:33.409+0000] {logging_mixin.py:188} INFO - [2025-11-12T23:43:33.409+0000] {dag.py:3036} INFO - Sync 1 DAGs
[2025-11-12T23:43:33.426+0000] {logging_mixin.py:188} INFO - [2025-11-12T23:43:33.426+0000] {dag.py:3823} INFO - Setting next_dagrun for example_branch_labels to 2025-11-11 00:00:00+00:00, run_after=2025-11-12 00:00:00+00:00
[2025-11-12T23:43:33.442+0000] {processor.py:183} INFO - Processing /home/airflow/.local/lib/python3.8/site-packages/airflow/example_dags/example_branch_labels.py took 0.059 seconds
[2025-11-12T23:44:03.799+0000] {processor.py:161} INFO - Started process (PID=1371) to work on /home/airflow/.local/lib/python3.8/site-packages/airflow/example_dags/example_branch_labels.py
[2025-11-12T23:44:03.799+0000] {processor.py:830} INFO - Processing file /home/airflow/.local/lib/python3.8/site-packages/airflow/example_dags/example_branch_labels.py for tasks to queue
[2025-11-12T23:44:03.800+0000] {logging_mixin.py:188} INFO - [2025-11-12T23:44:03.800+0000] {dagbag.py:538} INFO - Filling up the DagBag from /home/airflow/.local/lib/python3.8/site-packages/airflow/example_dags/example_branch_labels.py
[2025-11-12T23:44:03.807+0000] {processor.py:840} INFO - DAG(s) 'example_branch_labels' retrieved from /home/airflow/.local/lib/python3.8/site-packages/airflow/example_dags/example_branch_labels.py
[2025-11-12T23:44:03.823+0000] {logging_mixin.py:188} INFO - [2025-11-12T23:44:03.822+0000] {dag.py:3036} INFO - Sync 1 DAGs
[2025-11-12T23:44:03.841+0000] {logging_mixin.py:188} INFO - [2025-11-12T23:44:03.840+0000] {dag.py:3823} INFO - Setting next_dagrun for example_branch_labels to 2025-11-11 00:00:00+00:00, run_after=2025-11-12 00:00:00+00:00
[2025-11-12T23:44:03.853+0000] {processor.py:183} INFO - Processing /home/airflow/.local/lib/python3.8/site-packages/airflow/example_dags/example_branch_labels.py took 0.056 seconds
[2025-11-12T23:44:33.950+0000] {processor.py:161} INFO - Started process (PID=1428) to work on /home/airflow/.local/lib/python3.8/site-packages/airflow/example_dags/example_branch_labels.py
[2025-11-12T23:44:33.950+0000] {processor.py:830} INFO - Processing file /home/airflow/.local/lib/python3.8/site-packages/airflow/example_dags/example_branch_labels.py for tasks to queue
[2025-11-12T23:44:33.952+0000] {logging_mixin.py:188} INFO - [2025-11-12T23:44:33.952+0000] {dagbag.py:538} INFO - Filling up the DagBag from /home/airflow/.local/lib/python3.8/site-packages/airflow/example_dags/example_branch_labels.py
[2025-11-12T23:44:33.958+0000] {processor.py:840} INFO - DAG(s) 'example_branch_labels' retrieved from /home/airflow/.local/lib/python3.8/site-packages/airflow/example_dags/example_branch_labels.py
[2025-11-12T23:44:33.975+0000] {logging_mixin.py:188} INFO - [2025-11-12T23:44:33.974+0000] {dag.py:3036} INFO - Sync 1 DAGs
[2025-11-12T23:44:33.994+0000] {logging_mixin.py:188} INFO - [2025-11-12T23:44:33.993+0000] {dag.py:3823} INFO - Setting next_dagrun for example_branch_labels to 2025-11-11 00:00:00+00:00, run_after=2025-11-12 00:00:00+00:00
[2025-11-12T23:44:34.007+0000] {processor.py:183} INFO - Processing /home/airflow/.local/lib/python3.8/site-packages/airflow/example_dags/example_branch_labels.py took 0.060 seconds
[2025-11-12T23:45:04.258+0000] {processor.py:161} INFO - Started process (PID=1485) to work on /home/airflow/.local/lib/python3.8/site-packages/airflow/example_dags/example_branch_labels.py
[2025-11-12T23:45:04.259+0000] {processor.py:830} INFO - Processing file /home/airflow/.local/lib/python3.8/site-packages/airflow/example_dags/example_branch_labels.py for tasks to queue
[2025-11-12T23:45:04.260+0000] {logging_mixin.py:188} INFO - [2025-11-12T23:45:04.260+0000] {dagbag.py:538} INFO - Filling up the DagBag from /home/airflow/.local/lib/python3.8/site-packages/airflow/example_dags/example_branch_labels.py
[2025-11-12T23:45:04.266+0000] {processor.py:840} INFO - DAG(s) 'example_branch_labels' retrieved from /home/airflow/.local/lib/python3.8/site-packages/airflow/example_dags/example_branch_labels.py
[2025-11-12T23:45:04.283+0000] {logging_mixin.py:188} INFO - [2025-11-12T23:45:04.283+0000] {dag.py:3036} INFO - Sync 1 DAGs
[2025-11-12T23:45:04.301+0000] {logging_mixin.py:188} INFO - [2025-11-12T23:45:04.301+0000] {dag.py:3823} INFO - Setting next_dagrun for example_branch_labels to 2025-11-11 00:00:00+00:00, run_after=2025-11-12 00:00:00+00:00
[2025-11-12T23:45:04.315+0000] {processor.py:183} INFO - Processing /home/airflow/.local/lib/python3.8/site-packages/airflow/example_dags/example_branch_labels.py took 0.059 seconds
[2025-11-12T23:45:34.355+0000] {processor.py:161} INFO - Started process (PID=1542) to work on /home/airflow/.local/lib/python3.8/site-packages/airflow/example_dags/example_branch_labels.py
[2025-11-12T23:45:34.356+0000] {processor.py:830} INFO - Processing file /home/airflow/.local/lib/python3.8/site-packages/airflow/example_dags/example_branch_labels.py for tasks to queue
[2025-11-12T23:45:34.358+0000] {logging_mixin.py:188} INFO - [2025-11-12T23:45:34.357+0000] {dagbag.py:538} INFO - Filling up the DagBag from /home/airflow/.local/lib/python3.8/site-packages/airflow/example_dags/example_branch_labels.py
[2025-11-12T23:45:34.364+0000] {processor.py:840} INFO - DAG(s) 'example_branch_labels' retrieved from /home/airflow/.local/lib/python3.8/site-packages/airflow/example_dags/example_branch_labels.py
[2025-11-12T23:45:34.381+0000] {logging_mixin.py:188} INFO - [2025-11-12T23:45:34.381+0000] {dag.py:3036} INFO - Sync 1 DAGs
[2025-11-12T23:45:34.398+0000] {logging_mixin.py:188} INFO - [2025-11-12T23:45:34.398+0000] {dag.py:3823} INFO - Setting next_dagrun for example_branch_labels to 2025-11-11 00:00:00+00:00, run_after=2025-11-12 00:00:00+00:00
[2025-11-12T23:45:34.412+0000] {processor.py:183} INFO - Processing /home/airflow/.local/lib/python3.8/site-packages/airflow/example_dags/example_branch_labels.py took 0.059 seconds
