[2025-11-12T23:32:27.304+0000] {processor.py:161} INFO - Started process (PID=61) to work on /home/airflow/.local/lib/python3.8/site-packages/airflow/example_dags/example_dag_decorator.py
[2025-11-12T23:32:27.305+0000] {processor.py:830} INFO - Processing file /home/airflow/.local/lib/python3.8/site-packages/airflow/example_dags/example_dag_decorator.py for tasks to queue
[2025-11-12T23:32:27.306+0000] {logging_mixin.py:188} INFO - [2025-11-12T23:32:27.306+0000] {dagbag.py:538} INFO - Filling up the DagBag from /home/airflow/.local/lib/python3.8/site-packages/airflow/example_dags/example_dag_decorator.py
[2025-11-12T23:32:27.491+0000] {processor.py:840} INFO - DAG(s) 'example_dag_decorator' retrieved from /home/airflow/.local/lib/python3.8/site-packages/airflow/example_dags/example_dag_decorator.py
[2025-11-12T23:32:27.585+0000] {logging_mixin.py:188} INFO - [2025-11-12T23:32:27.584+0000] {override.py:1769} INFO - Created Permission View: can delete on DAG:example_dag_decorator
[2025-11-12T23:32:27.593+0000] {logging_mixin.py:188} INFO - [2025-11-12T23:32:27.593+0000] {override.py:1769} INFO - Created Permission View: can edit on DAG:example_dag_decorator
[2025-11-12T23:32:27.598+0000] {logging_mixin.py:188} INFO - [2025-11-12T23:32:27.598+0000] {override.py:1769} INFO - Created Permission View: can read on DAG:example_dag_decorator
[2025-11-12T23:32:27.598+0000] {logging_mixin.py:188} INFO - [2025-11-12T23:32:27.598+0000] {dag.py:3036} INFO - Sync 1 DAGs
[2025-11-12T23:32:27.606+0000] {logging_mixin.py:188} INFO - [2025-11-12T23:32:27.606+0000] {dag.py:3058} INFO - Creating ORM DAG for example_dag_decorator
[2025-11-12T23:32:27.606+0000] {logging_mixin.py:188} INFO - [2025-11-12T23:32:27.606+0000] {dag.py:3823} INFO - Setting next_dagrun for example_dag_decorator to None, run_after=None
[2025-11-12T23:32:27.618+0000] {processor.py:183} INFO - Processing /home/airflow/.local/lib/python3.8/site-packages/airflow/example_dags/example_dag_decorator.py took 0.317 seconds
[2025-11-12T23:32:58.018+0000] {processor.py:161} INFO - Started process (PID=118) to work on /home/airflow/.local/lib/python3.8/site-packages/airflow/example_dags/example_dag_decorator.py
[2025-11-12T23:32:58.019+0000] {processor.py:830} INFO - Processing file /home/airflow/.local/lib/python3.8/site-packages/airflow/example_dags/example_dag_decorator.py for tasks to queue
[2025-11-12T23:32:58.020+0000] {logging_mixin.py:188} INFO - [2025-11-12T23:32:58.020+0000] {dagbag.py:538} INFO - Filling up the DagBag from /home/airflow/.local/lib/python3.8/site-packages/airflow/example_dags/example_dag_decorator.py
[2025-11-12T23:32:58.094+0000] {processor.py:840} INFO - DAG(s) 'example_dag_decorator' retrieved from /home/airflow/.local/lib/python3.8/site-packages/airflow/example_dags/example_dag_decorator.py
[2025-11-12T23:32:58.176+0000] {logging_mixin.py:188} INFO - [2025-11-12T23:32:58.176+0000] {dag.py:3036} INFO - Sync 1 DAGs
[2025-11-12T23:32:58.184+0000] {logging_mixin.py:188} INFO - [2025-11-12T23:32:58.183+0000] {dag.py:3823} INFO - Setting next_dagrun for example_dag_decorator to None, run_after=None
[2025-11-12T23:32:58.196+0000] {processor.py:183} INFO - Processing /home/airflow/.local/lib/python3.8/site-packages/airflow/example_dags/example_dag_decorator.py took 0.181 seconds
[2025-11-12T23:33:28.405+0000] {processor.py:161} INFO - Started process (PID=175) to work on /home/airflow/.local/lib/python3.8/site-packages/airflow/example_dags/example_dag_decorator.py
[2025-11-12T23:33:28.406+0000] {processor.py:830} INFO - Processing file /home/airflow/.local/lib/python3.8/site-packages/airflow/example_dags/example_dag_decorator.py for tasks to queue
[2025-11-12T23:33:28.407+0000] {logging_mixin.py:188} INFO - [2025-11-12T23:33:28.407+0000] {dagbag.py:538} INFO - Filling up the DagBag from /home/airflow/.local/lib/python3.8/site-packages/airflow/example_dags/example_dag_decorator.py
[2025-11-12T23:33:28.483+0000] {processor.py:840} INFO - DAG(s) 'example_dag_decorator' retrieved from /home/airflow/.local/lib/python3.8/site-packages/airflow/example_dags/example_dag_decorator.py
[2025-11-12T23:33:28.567+0000] {logging_mixin.py:188} INFO - [2025-11-12T23:33:28.567+0000] {dag.py:3036} INFO - Sync 1 DAGs
[2025-11-12T23:33:28.575+0000] {logging_mixin.py:188} INFO - [2025-11-12T23:33:28.575+0000] {dag.py:3823} INFO - Setting next_dagrun for example_dag_decorator to None, run_after=None
[2025-11-12T23:33:28.591+0000] {processor.py:183} INFO - Processing /home/airflow/.local/lib/python3.8/site-packages/airflow/example_dags/example_dag_decorator.py took 0.188 seconds
[2025-11-12T23:33:58.826+0000] {processor.py:161} INFO - Started process (PID=232) to work on /home/airflow/.local/lib/python3.8/site-packages/airflow/example_dags/example_dag_decorator.py
[2025-11-12T23:33:58.826+0000] {processor.py:830} INFO - Processing file /home/airflow/.local/lib/python3.8/site-packages/airflow/example_dags/example_dag_decorator.py for tasks to queue
[2025-11-12T23:33:58.828+0000] {logging_mixin.py:188} INFO - [2025-11-12T23:33:58.827+0000] {dagbag.py:538} INFO - Filling up the DagBag from /home/airflow/.local/lib/python3.8/site-packages/airflow/example_dags/example_dag_decorator.py
[2025-11-12T23:33:58.904+0000] {processor.py:840} INFO - DAG(s) 'example_dag_decorator' retrieved from /home/airflow/.local/lib/python3.8/site-packages/airflow/example_dags/example_dag_decorator.py
[2025-11-12T23:33:58.983+0000] {logging_mixin.py:188} INFO - [2025-11-12T23:33:58.983+0000] {dag.py:3036} INFO - Sync 1 DAGs
[2025-11-12T23:33:58.991+0000] {logging_mixin.py:188} INFO - [2025-11-12T23:33:58.991+0000] {dag.py:3823} INFO - Setting next_dagrun for example_dag_decorator to None, run_after=None
[2025-11-12T23:33:59.004+0000] {processor.py:183} INFO - Processing /home/airflow/.local/lib/python3.8/site-packages/airflow/example_dags/example_dag_decorator.py took 0.181 seconds
[2025-11-12T23:34:29.703+0000] {processor.py:161} INFO - Started process (PID=294) to work on /home/airflow/.local/lib/python3.8/site-packages/airflow/example_dags/example_dag_decorator.py
[2025-11-12T23:34:29.704+0000] {processor.py:830} INFO - Processing file /home/airflow/.local/lib/python3.8/site-packages/airflow/example_dags/example_dag_decorator.py for tasks to queue
[2025-11-12T23:34:29.705+0000] {logging_mixin.py:188} INFO - [2025-11-12T23:34:29.705+0000] {dagbag.py:538} INFO - Filling up the DagBag from /home/airflow/.local/lib/python3.8/site-packages/airflow/example_dags/example_dag_decorator.py
[2025-11-12T23:34:29.779+0000] {processor.py:840} INFO - DAG(s) 'example_dag_decorator' retrieved from /home/airflow/.local/lib/python3.8/site-packages/airflow/example_dags/example_dag_decorator.py
[2025-11-12T23:34:29.859+0000] {logging_mixin.py:188} INFO - [2025-11-12T23:34:29.858+0000] {dag.py:3036} INFO - Sync 1 DAGs
[2025-11-12T23:34:29.866+0000] {logging_mixin.py:188} INFO - [2025-11-12T23:34:29.866+0000] {dag.py:3823} INFO - Setting next_dagrun for example_dag_decorator to None, run_after=None
[2025-11-12T23:34:29.879+0000] {processor.py:183} INFO - Processing /home/airflow/.local/lib/python3.8/site-packages/airflow/example_dags/example_dag_decorator.py took 0.178 seconds
[2025-11-12T23:35:00.802+0000] {processor.py:161} INFO - Started process (PID=351) to work on /home/airflow/.local/lib/python3.8/site-packages/airflow/example_dags/example_dag_decorator.py
[2025-11-12T23:35:00.803+0000] {processor.py:830} INFO - Processing file /home/airflow/.local/lib/python3.8/site-packages/airflow/example_dags/example_dag_decorator.py for tasks to queue
[2025-11-12T23:35:00.804+0000] {logging_mixin.py:188} INFO - [2025-11-12T23:35:00.804+0000] {dagbag.py:538} INFO - Filling up the DagBag from /home/airflow/.local/lib/python3.8/site-packages/airflow/example_dags/example_dag_decorator.py
[2025-11-12T23:35:00.875+0000] {processor.py:840} INFO - DAG(s) 'example_dag_decorator' retrieved from /home/airflow/.local/lib/python3.8/site-packages/airflow/example_dags/example_dag_decorator.py
[2025-11-12T23:35:00.953+0000] {logging_mixin.py:188} INFO - [2025-11-12T23:35:00.953+0000] {dag.py:3036} INFO - Sync 1 DAGs
[2025-11-12T23:35:00.961+0000] {logging_mixin.py:188} INFO - [2025-11-12T23:35:00.961+0000] {dag.py:3823} INFO - Setting next_dagrun for example_dag_decorator to None, run_after=None
[2025-11-12T23:35:00.975+0000] {processor.py:183} INFO - Processing /home/airflow/.local/lib/python3.8/site-packages/airflow/example_dags/example_dag_decorator.py took 0.175 seconds
[2025-11-12T23:35:31.109+0000] {processor.py:161} INFO - Started process (PID=407) to work on /home/airflow/.local/lib/python3.8/site-packages/airflow/example_dags/example_dag_decorator.py
[2025-11-12T23:35:31.110+0000] {processor.py:830} INFO - Processing file /home/airflow/.local/lib/python3.8/site-packages/airflow/example_dags/example_dag_decorator.py for tasks to queue
[2025-11-12T23:35:31.111+0000] {logging_mixin.py:188} INFO - [2025-11-12T23:35:31.111+0000] {dagbag.py:538} INFO - Filling up the DagBag from /home/airflow/.local/lib/python3.8/site-packages/airflow/example_dags/example_dag_decorator.py
[2025-11-12T23:35:31.184+0000] {processor.py:840} INFO - DAG(s) 'example_dag_decorator' retrieved from /home/airflow/.local/lib/python3.8/site-packages/airflow/example_dags/example_dag_decorator.py
[2025-11-12T23:35:31.264+0000] {logging_mixin.py:188} INFO - [2025-11-12T23:35:31.264+0000] {dag.py:3036} INFO - Sync 1 DAGs
[2025-11-12T23:35:31.272+0000] {logging_mixin.py:188} INFO - [2025-11-12T23:35:31.272+0000] {dag.py:3823} INFO - Setting next_dagrun for example_dag_decorator to None, run_after=None
[2025-11-12T23:35:31.284+0000] {processor.py:183} INFO - Processing /home/airflow/.local/lib/python3.8/site-packages/airflow/example_dags/example_dag_decorator.py took 0.178 seconds
[2025-11-12T23:36:01.484+0000] {processor.py:161} INFO - Started process (PID=464) to work on /home/airflow/.local/lib/python3.8/site-packages/airflow/example_dags/example_dag_decorator.py
[2025-11-12T23:36:01.484+0000] {processor.py:830} INFO - Processing file /home/airflow/.local/lib/python3.8/site-packages/airflow/example_dags/example_dag_decorator.py for tasks to queue
[2025-11-12T23:36:01.486+0000] {logging_mixin.py:188} INFO - [2025-11-12T23:36:01.485+0000] {dagbag.py:538} INFO - Filling up the DagBag from /home/airflow/.local/lib/python3.8/site-packages/airflow/example_dags/example_dag_decorator.py
[2025-11-12T23:36:01.556+0000] {processor.py:840} INFO - DAG(s) 'example_dag_decorator' retrieved from /home/airflow/.local/lib/python3.8/site-packages/airflow/example_dags/example_dag_decorator.py
[2025-11-12T23:36:01.574+0000] {logging_mixin.py:188} INFO - [2025-11-12T23:36:01.574+0000] {dag.py:3036} INFO - Sync 1 DAGs
[2025-11-12T23:36:01.586+0000] {logging_mixin.py:188} INFO - [2025-11-12T23:36:01.585+0000] {dag.py:3823} INFO - Setting next_dagrun for example_dag_decorator to None, run_after=None
[2025-11-12T23:36:01.599+0000] {processor.py:183} INFO - Processing /home/airflow/.local/lib/python3.8/site-packages/airflow/example_dags/example_dag_decorator.py took 0.117 seconds
[2025-11-12T23:36:31.746+0000] {processor.py:161} INFO - Started process (PID=521) to work on /home/airflow/.local/lib/python3.8/site-packages/airflow/example_dags/example_dag_decorator.py
[2025-11-12T23:36:31.747+0000] {processor.py:830} INFO - Processing file /home/airflow/.local/lib/python3.8/site-packages/airflow/example_dags/example_dag_decorator.py for tasks to queue
[2025-11-12T23:36:31.748+0000] {logging_mixin.py:188} INFO - [2025-11-12T23:36:31.748+0000] {dagbag.py:538} INFO - Filling up the DagBag from /home/airflow/.local/lib/python3.8/site-packages/airflow/example_dags/example_dag_decorator.py
[2025-11-12T23:36:31.818+0000] {processor.py:840} INFO - DAG(s) 'example_dag_decorator' retrieved from /home/airflow/.local/lib/python3.8/site-packages/airflow/example_dags/example_dag_decorator.py
[2025-11-12T23:36:31.895+0000] {logging_mixin.py:188} INFO - [2025-11-12T23:36:31.895+0000] {dag.py:3036} INFO - Sync 1 DAGs
[2025-11-12T23:36:31.903+0000] {logging_mixin.py:188} INFO - [2025-11-12T23:36:31.902+0000] {dag.py:3823} INFO - Setting next_dagrun for example_dag_decorator to None, run_after=None
[2025-11-12T23:36:31.921+0000] {processor.py:183} INFO - Processing /home/airflow/.local/lib/python3.8/site-packages/airflow/example_dags/example_dag_decorator.py took 0.178 seconds
[2025-11-12T23:37:02.105+0000] {processor.py:161} INFO - Started process (PID=578) to work on /home/airflow/.local/lib/python3.8/site-packages/airflow/example_dags/example_dag_decorator.py
[2025-11-12T23:37:02.105+0000] {processor.py:830} INFO - Processing file /home/airflow/.local/lib/python3.8/site-packages/airflow/example_dags/example_dag_decorator.py for tasks to queue
[2025-11-12T23:37:02.107+0000] {logging_mixin.py:188} INFO - [2025-11-12T23:37:02.107+0000] {dagbag.py:538} INFO - Filling up the DagBag from /home/airflow/.local/lib/python3.8/site-packages/airflow/example_dags/example_dag_decorator.py
[2025-11-12T23:37:02.177+0000] {processor.py:840} INFO - DAG(s) 'example_dag_decorator' retrieved from /home/airflow/.local/lib/python3.8/site-packages/airflow/example_dags/example_dag_decorator.py
[2025-11-12T23:37:02.255+0000] {logging_mixin.py:188} INFO - [2025-11-12T23:37:02.255+0000] {dag.py:3036} INFO - Sync 1 DAGs
[2025-11-12T23:37:02.265+0000] {logging_mixin.py:188} INFO - [2025-11-12T23:37:02.265+0000] {dag.py:3823} INFO - Setting next_dagrun for example_dag_decorator to None, run_after=None
[2025-11-12T23:37:02.279+0000] {processor.py:183} INFO - Processing /home/airflow/.local/lib/python3.8/site-packages/airflow/example_dags/example_dag_decorator.py took 0.177 seconds
[2025-11-12T23:37:32.354+0000] {processor.py:161} INFO - Started process (PID=635) to work on /home/airflow/.local/lib/python3.8/site-packages/airflow/example_dags/example_dag_decorator.py
[2025-11-12T23:37:32.355+0000] {processor.py:830} INFO - Processing file /home/airflow/.local/lib/python3.8/site-packages/airflow/example_dags/example_dag_decorator.py for tasks to queue
[2025-11-12T23:37:32.356+0000] {logging_mixin.py:188} INFO - [2025-11-12T23:37:32.356+0000] {dagbag.py:538} INFO - Filling up the DagBag from /home/airflow/.local/lib/python3.8/site-packages/airflow/example_dags/example_dag_decorator.py
[2025-11-12T23:37:32.426+0000] {processor.py:840} INFO - DAG(s) 'example_dag_decorator' retrieved from /home/airflow/.local/lib/python3.8/site-packages/airflow/example_dags/example_dag_decorator.py
[2025-11-12T23:37:32.504+0000] {logging_mixin.py:188} INFO - [2025-11-12T23:37:32.504+0000] {dag.py:3036} INFO - Sync 1 DAGs
[2025-11-12T23:37:32.514+0000] {logging_mixin.py:188} INFO - [2025-11-12T23:37:32.513+0000] {dag.py:3823} INFO - Setting next_dagrun for example_dag_decorator to None, run_after=None
[2025-11-12T23:37:32.526+0000] {processor.py:183} INFO - Processing /home/airflow/.local/lib/python3.8/site-packages/airflow/example_dags/example_dag_decorator.py took 0.174 seconds
[2025-11-12T23:38:02.583+0000] {processor.py:161} INFO - Started process (PID=692) to work on /home/airflow/.local/lib/python3.8/site-packages/airflow/example_dags/example_dag_decorator.py
[2025-11-12T23:38:02.584+0000] {processor.py:830} INFO - Processing file /home/airflow/.local/lib/python3.8/site-packages/airflow/example_dags/example_dag_decorator.py for tasks to queue
[2025-11-12T23:38:02.585+0000] {logging_mixin.py:188} INFO - [2025-11-12T23:38:02.585+0000] {dagbag.py:538} INFO - Filling up the DagBag from /home/airflow/.local/lib/python3.8/site-packages/airflow/example_dags/example_dag_decorator.py
[2025-11-12T23:38:02.656+0000] {processor.py:840} INFO - DAG(s) 'example_dag_decorator' retrieved from /home/airflow/.local/lib/python3.8/site-packages/airflow/example_dags/example_dag_decorator.py
[2025-11-12T23:38:02.735+0000] {logging_mixin.py:188} INFO - [2025-11-12T23:38:02.735+0000] {dag.py:3036} INFO - Sync 1 DAGs
[2025-11-12T23:38:02.744+0000] {logging_mixin.py:188} INFO - [2025-11-12T23:38:02.743+0000] {dag.py:3823} INFO - Setting next_dagrun for example_dag_decorator to None, run_after=None
[2025-11-12T23:38:02.758+0000] {processor.py:183} INFO - Processing /home/airflow/.local/lib/python3.8/site-packages/airflow/example_dags/example_dag_decorator.py took 0.177 seconds
[2025-11-12T23:38:32.940+0000] {processor.py:161} INFO - Started process (PID=749) to work on /home/airflow/.local/lib/python3.8/site-packages/airflow/example_dags/example_dag_decorator.py
[2025-11-12T23:38:32.941+0000] {processor.py:830} INFO - Processing file /home/airflow/.local/lib/python3.8/site-packages/airflow/example_dags/example_dag_decorator.py for tasks to queue
[2025-11-12T23:38:32.942+0000] {logging_mixin.py:188} INFO - [2025-11-12T23:38:32.942+0000] {dagbag.py:538} INFO - Filling up the DagBag from /home/airflow/.local/lib/python3.8/site-packages/airflow/example_dags/example_dag_decorator.py
[2025-11-12T23:38:33.013+0000] {processor.py:840} INFO - DAG(s) 'example_dag_decorator' retrieved from /home/airflow/.local/lib/python3.8/site-packages/airflow/example_dags/example_dag_decorator.py
[2025-11-12T23:38:33.090+0000] {logging_mixin.py:188} INFO - [2025-11-12T23:38:33.090+0000] {dag.py:3036} INFO - Sync 1 DAGs
[2025-11-12T23:38:33.098+0000] {logging_mixin.py:188} INFO - [2025-11-12T23:38:33.098+0000] {dag.py:3823} INFO - Setting next_dagrun for example_dag_decorator to None, run_after=None
[2025-11-12T23:38:33.111+0000] {processor.py:183} INFO - Processing /home/airflow/.local/lib/python3.8/site-packages/airflow/example_dags/example_dag_decorator.py took 0.174 seconds
[2025-11-12T23:39:03.292+0000] {processor.py:161} INFO - Started process (PID=806) to work on /home/airflow/.local/lib/python3.8/site-packages/airflow/example_dags/example_dag_decorator.py
[2025-11-12T23:39:03.293+0000] {processor.py:830} INFO - Processing file /home/airflow/.local/lib/python3.8/site-packages/airflow/example_dags/example_dag_decorator.py for tasks to queue
[2025-11-12T23:39:03.294+0000] {logging_mixin.py:188} INFO - [2025-11-12T23:39:03.294+0000] {dagbag.py:538} INFO - Filling up the DagBag from /home/airflow/.local/lib/python3.8/site-packages/airflow/example_dags/example_dag_decorator.py
[2025-11-12T23:39:03.364+0000] {processor.py:840} INFO - DAG(s) 'example_dag_decorator' retrieved from /home/airflow/.local/lib/python3.8/site-packages/airflow/example_dags/example_dag_decorator.py
[2025-11-12T23:39:03.445+0000] {logging_mixin.py:188} INFO - [2025-11-12T23:39:03.445+0000] {dag.py:3036} INFO - Sync 1 DAGs
[2025-11-12T23:39:03.454+0000] {logging_mixin.py:188} INFO - [2025-11-12T23:39:03.454+0000] {dag.py:3823} INFO - Setting next_dagrun for example_dag_decorator to None, run_after=None
[2025-11-12T23:39:03.470+0000] {processor.py:183} INFO - Processing /home/airflow/.local/lib/python3.8/site-packages/airflow/example_dags/example_dag_decorator.py took 0.180 seconds
[2025-11-12T23:39:33.672+0000] {processor.py:161} INFO - Started process (PID=863) to work on /home/airflow/.local/lib/python3.8/site-packages/airflow/example_dags/example_dag_decorator.py
[2025-11-12T23:39:33.673+0000] {processor.py:830} INFO - Processing file /home/airflow/.local/lib/python3.8/site-packages/airflow/example_dags/example_dag_decorator.py for tasks to queue
[2025-11-12T23:39:33.675+0000] {logging_mixin.py:188} INFO - [2025-11-12T23:39:33.674+0000] {dagbag.py:538} INFO - Filling up the DagBag from /home/airflow/.local/lib/python3.8/site-packages/airflow/example_dags/example_dag_decorator.py
[2025-11-12T23:39:33.750+0000] {processor.py:840} INFO - DAG(s) 'example_dag_decorator' retrieved from /home/airflow/.local/lib/python3.8/site-packages/airflow/example_dags/example_dag_decorator.py
[2025-11-12T23:39:33.829+0000] {logging_mixin.py:188} INFO - [2025-11-12T23:39:33.829+0000] {dag.py:3036} INFO - Sync 1 DAGs
[2025-11-12T23:39:33.838+0000] {logging_mixin.py:188} INFO - [2025-11-12T23:39:33.838+0000] {dag.py:3823} INFO - Setting next_dagrun for example_dag_decorator to None, run_after=None
[2025-11-12T23:39:33.853+0000] {processor.py:183} INFO - Processing /home/airflow/.local/lib/python3.8/site-packages/airflow/example_dags/example_dag_decorator.py took 0.184 seconds
[2025-11-12T23:40:03.976+0000] {processor.py:161} INFO - Started process (PID=920) to work on /home/airflow/.local/lib/python3.8/site-packages/airflow/example_dags/example_dag_decorator.py
[2025-11-12T23:40:03.976+0000] {processor.py:830} INFO - Processing file /home/airflow/.local/lib/python3.8/site-packages/airflow/example_dags/example_dag_decorator.py for tasks to queue
[2025-11-12T23:40:03.978+0000] {logging_mixin.py:188} INFO - [2025-11-12T23:40:03.978+0000] {dagbag.py:538} INFO - Filling up the DagBag from /home/airflow/.local/lib/python3.8/site-packages/airflow/example_dags/example_dag_decorator.py
[2025-11-12T23:40:04.053+0000] {processor.py:840} INFO - DAG(s) 'example_dag_decorator' retrieved from /home/airflow/.local/lib/python3.8/site-packages/airflow/example_dags/example_dag_decorator.py
[2025-11-12T23:40:04.133+0000] {logging_mixin.py:188} INFO - [2025-11-12T23:40:04.133+0000] {dag.py:3036} INFO - Sync 1 DAGs
[2025-11-12T23:40:04.142+0000] {logging_mixin.py:188} INFO - [2025-11-12T23:40:04.142+0000] {dag.py:3823} INFO - Setting next_dagrun for example_dag_decorator to None, run_after=None
[2025-11-12T23:40:04.156+0000] {processor.py:183} INFO - Processing /home/airflow/.local/lib/python3.8/site-packages/airflow/example_dags/example_dag_decorator.py took 0.183 seconds
[2025-11-12T23:40:34.183+0000] {processor.py:161} INFO - Started process (PID=978) to work on /home/airflow/.local/lib/python3.8/site-packages/airflow/example_dags/example_dag_decorator.py
[2025-11-12T23:40:34.184+0000] {processor.py:830} INFO - Processing file /home/airflow/.local/lib/python3.8/site-packages/airflow/example_dags/example_dag_decorator.py for tasks to queue
[2025-11-12T23:40:34.186+0000] {logging_mixin.py:188} INFO - [2025-11-12T23:40:34.185+0000] {dagbag.py:538} INFO - Filling up the DagBag from /home/airflow/.local/lib/python3.8/site-packages/airflow/example_dags/example_dag_decorator.py
[2025-11-12T23:40:34.260+0000] {processor.py:840} INFO - DAG(s) 'example_dag_decorator' retrieved from /home/airflow/.local/lib/python3.8/site-packages/airflow/example_dags/example_dag_decorator.py
[2025-11-12T23:40:34.338+0000] {logging_mixin.py:188} INFO - [2025-11-12T23:40:34.337+0000] {dag.py:3036} INFO - Sync 1 DAGs
[2025-11-12T23:40:34.345+0000] {logging_mixin.py:188} INFO - [2025-11-12T23:40:34.345+0000] {dag.py:3823} INFO - Setting next_dagrun for example_dag_decorator to None, run_after=None
[2025-11-12T23:40:34.358+0000] {processor.py:183} INFO - Processing /home/airflow/.local/lib/python3.8/site-packages/airflow/example_dags/example_dag_decorator.py took 0.177 seconds
[2025-11-12T23:41:04.432+0000] {processor.py:161} INFO - Started process (PID=1037) to work on /home/airflow/.local/lib/python3.8/site-packages/airflow/example_dags/example_dag_decorator.py
[2025-11-12T23:41:04.432+0000] {processor.py:830} INFO - Processing file /home/airflow/.local/lib/python3.8/site-packages/airflow/example_dags/example_dag_decorator.py for tasks to queue
[2025-11-12T23:41:04.434+0000] {logging_mixin.py:188} INFO - [2025-11-12T23:41:04.434+0000] {dagbag.py:538} INFO - Filling up the DagBag from /home/airflow/.local/lib/python3.8/site-packages/airflow/example_dags/example_dag_decorator.py
[2025-11-12T23:41:04.507+0000] {processor.py:840} INFO - DAG(s) 'example_dag_decorator' retrieved from /home/airflow/.local/lib/python3.8/site-packages/airflow/example_dags/example_dag_decorator.py
[2025-11-12T23:41:04.587+0000] {logging_mixin.py:188} INFO - [2025-11-12T23:41:04.587+0000] {dag.py:3036} INFO - Sync 1 DAGs
[2025-11-12T23:41:04.595+0000] {logging_mixin.py:188} INFO - [2025-11-12T23:41:04.595+0000] {dag.py:3823} INFO - Setting next_dagrun for example_dag_decorator to None, run_after=None
[2025-11-12T23:41:04.608+0000] {processor.py:183} INFO - Processing /home/airflow/.local/lib/python3.8/site-packages/airflow/example_dags/example_dag_decorator.py took 0.179 seconds
[2025-11-12T23:41:34.710+0000] {processor.py:161} INFO - Started process (PID=1095) to work on /home/airflow/.local/lib/python3.8/site-packages/airflow/example_dags/example_dag_decorator.py
[2025-11-12T23:41:34.711+0000] {processor.py:830} INFO - Processing file /home/airflow/.local/lib/python3.8/site-packages/airflow/example_dags/example_dag_decorator.py for tasks to queue
[2025-11-12T23:41:34.712+0000] {logging_mixin.py:188} INFO - [2025-11-12T23:41:34.712+0000] {dagbag.py:538} INFO - Filling up the DagBag from /home/airflow/.local/lib/python3.8/site-packages/airflow/example_dags/example_dag_decorator.py
[2025-11-12T23:41:34.785+0000] {processor.py:840} INFO - DAG(s) 'example_dag_decorator' retrieved from /home/airflow/.local/lib/python3.8/site-packages/airflow/example_dags/example_dag_decorator.py
[2025-11-12T23:41:34.864+0000] {logging_mixin.py:188} INFO - [2025-11-12T23:41:34.864+0000] {dag.py:3036} INFO - Sync 1 DAGs
[2025-11-12T23:41:34.874+0000] {logging_mixin.py:188} INFO - [2025-11-12T23:41:34.874+0000] {dag.py:3823} INFO - Setting next_dagrun for example_dag_decorator to None, run_after=None
[2025-11-12T23:41:34.889+0000] {processor.py:183} INFO - Processing /home/airflow/.local/lib/python3.8/site-packages/airflow/example_dags/example_dag_decorator.py took 0.182 seconds
[2025-11-12T23:42:04.931+0000] {processor.py:161} INFO - Started process (PID=1153) to work on /home/airflow/.local/lib/python3.8/site-packages/airflow/example_dags/example_dag_decorator.py
[2025-11-12T23:42:04.931+0000] {processor.py:830} INFO - Processing file /home/airflow/.local/lib/python3.8/site-packages/airflow/example_dags/example_dag_decorator.py for tasks to queue
[2025-11-12T23:42:04.933+0000] {logging_mixin.py:188} INFO - [2025-11-12T23:42:04.933+0000] {dagbag.py:538} INFO - Filling up the DagBag from /home/airflow/.local/lib/python3.8/site-packages/airflow/example_dags/example_dag_decorator.py
[2025-11-12T23:42:05.021+0000] {processor.py:840} INFO - DAG(s) 'example_dag_decorator' retrieved from /home/airflow/.local/lib/python3.8/site-packages/airflow/example_dags/example_dag_decorator.py
[2025-11-12T23:42:05.117+0000] {logging_mixin.py:188} INFO - [2025-11-12T23:42:05.117+0000] {dag.py:3036} INFO - Sync 1 DAGs
[2025-11-12T23:42:05.126+0000] {logging_mixin.py:188} INFO - [2025-11-12T23:42:05.126+0000] {dag.py:3823} INFO - Setting next_dagrun for example_dag_decorator to None, run_after=None
[2025-11-12T23:42:05.263+0000] {processor.py:183} INFO - Processing /home/airflow/.local/lib/python3.8/site-packages/airflow/example_dags/example_dag_decorator.py took 0.335 seconds
[2025-11-12T23:42:35.335+0000] {processor.py:161} INFO - Started process (PID=1213) to work on /home/airflow/.local/lib/python3.8/site-packages/airflow/example_dags/example_dag_decorator.py
[2025-11-12T23:42:35.336+0000] {processor.py:830} INFO - Processing file /home/airflow/.local/lib/python3.8/site-packages/airflow/example_dags/example_dag_decorator.py for tasks to queue
[2025-11-12T23:42:35.337+0000] {logging_mixin.py:188} INFO - [2025-11-12T23:42:35.337+0000] {dagbag.py:538} INFO - Filling up the DagBag from /home/airflow/.local/lib/python3.8/site-packages/airflow/example_dags/example_dag_decorator.py
[2025-11-12T23:42:35.410+0000] {processor.py:840} INFO - DAG(s) 'example_dag_decorator' retrieved from /home/airflow/.local/lib/python3.8/site-packages/airflow/example_dags/example_dag_decorator.py
[2025-11-12T23:42:35.493+0000] {logging_mixin.py:188} INFO - [2025-11-12T23:42:35.493+0000] {dag.py:3036} INFO - Sync 1 DAGs
[2025-11-12T23:42:35.504+0000] {logging_mixin.py:188} INFO - [2025-11-12T23:42:35.504+0000] {dag.py:3823} INFO - Setting next_dagrun for example_dag_decorator to None, run_after=None
[2025-11-12T23:42:35.634+0000] {processor.py:183} INFO - Processing /home/airflow/.local/lib/python3.8/site-packages/airflow/example_dags/example_dag_decorator.py took 0.302 seconds
[2025-11-12T23:43:05.682+0000] {processor.py:161} INFO - Started process (PID=1270) to work on /home/airflow/.local/lib/python3.8/site-packages/airflow/example_dags/example_dag_decorator.py
[2025-11-12T23:43:05.682+0000] {processor.py:830} INFO - Processing file /home/airflow/.local/lib/python3.8/site-packages/airflow/example_dags/example_dag_decorator.py for tasks to queue
[2025-11-12T23:43:05.684+0000] {logging_mixin.py:188} INFO - [2025-11-12T23:43:05.683+0000] {dagbag.py:538} INFO - Filling up the DagBag from /home/airflow/.local/lib/python3.8/site-packages/airflow/example_dags/example_dag_decorator.py
[2025-11-12T23:43:05.756+0000] {processor.py:840} INFO - DAG(s) 'example_dag_decorator' retrieved from /home/airflow/.local/lib/python3.8/site-packages/airflow/example_dags/example_dag_decorator.py
[2025-11-12T23:43:05.833+0000] {logging_mixin.py:188} INFO - [2025-11-12T23:43:05.832+0000] {dag.py:3036} INFO - Sync 1 DAGs
[2025-11-12T23:43:05.840+0000] {logging_mixin.py:188} INFO - [2025-11-12T23:43:05.840+0000] {dag.py:3823} INFO - Setting next_dagrun for example_dag_decorator to None, run_after=None
[2025-11-12T23:43:05.852+0000] {processor.py:183} INFO - Processing /home/airflow/.local/lib/python3.8/site-packages/airflow/example_dags/example_dag_decorator.py took 0.173 seconds
[2025-11-12T23:43:35.925+0000] {processor.py:161} INFO - Started process (PID=1327) to work on /home/airflow/.local/lib/python3.8/site-packages/airflow/example_dags/example_dag_decorator.py
[2025-11-12T23:43:35.926+0000] {processor.py:830} INFO - Processing file /home/airflow/.local/lib/python3.8/site-packages/airflow/example_dags/example_dag_decorator.py for tasks to queue
[2025-11-12T23:43:35.927+0000] {logging_mixin.py:188} INFO - [2025-11-12T23:43:35.927+0000] {dagbag.py:538} INFO - Filling up the DagBag from /home/airflow/.local/lib/python3.8/site-packages/airflow/example_dags/example_dag_decorator.py
[2025-11-12T23:43:36.002+0000] {processor.py:840} INFO - DAG(s) 'example_dag_decorator' retrieved from /home/airflow/.local/lib/python3.8/site-packages/airflow/example_dags/example_dag_decorator.py
[2025-11-12T23:43:36.081+0000] {logging_mixin.py:188} INFO - [2025-11-12T23:43:36.081+0000] {dag.py:3036} INFO - Sync 1 DAGs
[2025-11-12T23:43:36.089+0000] {logging_mixin.py:188} INFO - [2025-11-12T23:43:36.088+0000] {dag.py:3823} INFO - Setting next_dagrun for example_dag_decorator to None, run_after=None
[2025-11-12T23:43:36.100+0000] {processor.py:183} INFO - Processing /home/airflow/.local/lib/python3.8/site-packages/airflow/example_dags/example_dag_decorator.py took 0.177 seconds
[2025-11-12T23:44:06.273+0000] {processor.py:161} INFO - Started process (PID=1384) to work on /home/airflow/.local/lib/python3.8/site-packages/airflow/example_dags/example_dag_decorator.py
[2025-11-12T23:44:06.274+0000] {processor.py:830} INFO - Processing file /home/airflow/.local/lib/python3.8/site-packages/airflow/example_dags/example_dag_decorator.py for tasks to queue
[2025-11-12T23:44:06.275+0000] {logging_mixin.py:188} INFO - [2025-11-12T23:44:06.275+0000] {dagbag.py:538} INFO - Filling up the DagBag from /home/airflow/.local/lib/python3.8/site-packages/airflow/example_dags/example_dag_decorator.py
[2025-11-12T23:44:06.350+0000] {processor.py:840} INFO - DAG(s) 'example_dag_decorator' retrieved from /home/airflow/.local/lib/python3.8/site-packages/airflow/example_dags/example_dag_decorator.py
[2025-11-12T23:44:06.432+0000] {logging_mixin.py:188} INFO - [2025-11-12T23:44:06.432+0000] {dag.py:3036} INFO - Sync 1 DAGs
[2025-11-12T23:44:06.439+0000] {logging_mixin.py:188} INFO - [2025-11-12T23:44:06.439+0000] {dag.py:3823} INFO - Setting next_dagrun for example_dag_decorator to None, run_after=None
[2025-11-12T23:44:06.451+0000] {processor.py:183} INFO - Processing /home/airflow/.local/lib/python3.8/site-packages/airflow/example_dags/example_dag_decorator.py took 0.180 seconds
[2025-11-12T23:44:36.489+0000] {processor.py:161} INFO - Started process (PID=1441) to work on /home/airflow/.local/lib/python3.8/site-packages/airflow/example_dags/example_dag_decorator.py
[2025-11-12T23:44:36.489+0000] {processor.py:830} INFO - Processing file /home/airflow/.local/lib/python3.8/site-packages/airflow/example_dags/example_dag_decorator.py for tasks to queue
[2025-11-12T23:44:36.491+0000] {logging_mixin.py:188} INFO - [2025-11-12T23:44:36.490+0000] {dagbag.py:538} INFO - Filling up the DagBag from /home/airflow/.local/lib/python3.8/site-packages/airflow/example_dags/example_dag_decorator.py
[2025-11-12T23:44:36.560+0000] {processor.py:840} INFO - DAG(s) 'example_dag_decorator' retrieved from /home/airflow/.local/lib/python3.8/site-packages/airflow/example_dags/example_dag_decorator.py
[2025-11-12T23:44:36.746+0000] {logging_mixin.py:188} INFO - [2025-11-12T23:44:36.746+0000] {dag.py:3036} INFO - Sync 1 DAGs
[2025-11-12T23:44:36.753+0000] {logging_mixin.py:188} INFO - [2025-11-12T23:44:36.753+0000] {dag.py:3823} INFO - Setting next_dagrun for example_dag_decorator to None, run_after=None
[2025-11-12T23:44:36.764+0000] {processor.py:183} INFO - Processing /home/airflow/.local/lib/python3.8/site-packages/airflow/example_dags/example_dag_decorator.py took 0.278 seconds
[2025-11-12T23:45:06.807+0000] {processor.py:161} INFO - Started process (PID=1499) to work on /home/airflow/.local/lib/python3.8/site-packages/airflow/example_dags/example_dag_decorator.py
[2025-11-12T23:45:06.808+0000] {processor.py:830} INFO - Processing file /home/airflow/.local/lib/python3.8/site-packages/airflow/example_dags/example_dag_decorator.py for tasks to queue
[2025-11-12T23:45:06.809+0000] {logging_mixin.py:188} INFO - [2025-11-12T23:45:06.808+0000] {dagbag.py:538} INFO - Filling up the DagBag from /home/airflow/.local/lib/python3.8/site-packages/airflow/example_dags/example_dag_decorator.py
[2025-11-12T23:45:06.879+0000] {processor.py:840} INFO - DAG(s) 'example_dag_decorator' retrieved from /home/airflow/.local/lib/python3.8/site-packages/airflow/example_dags/example_dag_decorator.py
[2025-11-12T23:45:07.071+0000] {logging_mixin.py:188} INFO - [2025-11-12T23:45:07.070+0000] {dag.py:3036} INFO - Sync 1 DAGs
[2025-11-12T23:45:07.078+0000] {logging_mixin.py:188} INFO - [2025-11-12T23:45:07.078+0000] {dag.py:3823} INFO - Setting next_dagrun for example_dag_decorator to None, run_after=None
[2025-11-12T23:45:07.089+0000] {processor.py:183} INFO - Processing /home/airflow/.local/lib/python3.8/site-packages/airflow/example_dags/example_dag_decorator.py took 0.285 seconds
[2025-11-12T23:45:37.943+0000] {processor.py:161} INFO - Started process (PID=1556) to work on /home/airflow/.local/lib/python3.8/site-packages/airflow/example_dags/example_dag_decorator.py
[2025-11-12T23:45:37.943+0000] {processor.py:830} INFO - Processing file /home/airflow/.local/lib/python3.8/site-packages/airflow/example_dags/example_dag_decorator.py for tasks to queue
[2025-11-12T23:45:37.945+0000] {logging_mixin.py:188} INFO - [2025-11-12T23:45:37.944+0000] {dagbag.py:538} INFO - Filling up the DagBag from /home/airflow/.local/lib/python3.8/site-packages/airflow/example_dags/example_dag_decorator.py
[2025-11-12T23:45:38.019+0000] {processor.py:840} INFO - DAG(s) 'example_dag_decorator' retrieved from /home/airflow/.local/lib/python3.8/site-packages/airflow/example_dags/example_dag_decorator.py
[2025-11-12T23:45:38.037+0000] {logging_mixin.py:188} INFO - [2025-11-12T23:45:38.037+0000] {dag.py:3036} INFO - Sync 1 DAGs
[2025-11-12T23:45:38.048+0000] {logging_mixin.py:188} INFO - [2025-11-12T23:45:38.048+0000] {dag.py:3823} INFO - Setting next_dagrun for example_dag_decorator to None, run_after=None
[2025-11-12T23:45:38.060+0000] {processor.py:183} INFO - Processing /home/airflow/.local/lib/python3.8/site-packages/airflow/example_dags/example_dag_decorator.py took 0.120 seconds
