[2025-11-12T23:32:29.818+0000] {processor.py:161} INFO - Started process (PID=97) to work on /home/airflow/.local/lib/python3.8/site-packages/airflow/example_dags/example_xcomargs.py
[2025-11-12T23:32:29.818+0000] {processor.py:830} INFO - Processing file /home/airflow/.local/lib/python3.8/site-packages/airflow/example_dags/example_xcomargs.py for tasks to queue
[2025-11-12T23:32:29.819+0000] {logging_mixin.py:188} INFO - [2025-11-12T23:32:29.819+0000] {dagbag.py:538} INFO - Filling up the DagBag from /home/airflow/.local/lib/python3.8/site-packages/airflow/example_dags/example_xcomargs.py
[2025-11-12T23:32:29.826+0000] {processor.py:840} INFO - DAG(s) 'example_xcom_args_with_operators', 'example_xcom_args' retrieved from /home/airflow/.local/lib/python3.8/site-packages/airflow/example_dags/example_xcomargs.py
[2025-11-12T23:32:29.907+0000] {logging_mixin.py:188} INFO - [2025-11-12T23:32:29.906+0000] {override.py:1769} INFO - Created Permission View: can delete on DAG:example_xcom_args_with_operators
[2025-11-12T23:32:29.915+0000] {logging_mixin.py:188} INFO - [2025-11-12T23:32:29.915+0000] {override.py:1769} INFO - Created Permission View: can edit on DAG:example_xcom_args_with_operators
[2025-11-12T23:32:29.921+0000] {logging_mixin.py:188} INFO - [2025-11-12T23:32:29.921+0000] {override.py:1769} INFO - Created Permission View: can read on DAG:example_xcom_args_with_operators
[2025-11-12T23:32:29.935+0000] {logging_mixin.py:188} INFO - [2025-11-12T23:32:29.935+0000] {override.py:1769} INFO - Created Permission View: can delete on DAG:example_xcom_args
[2025-11-12T23:32:29.942+0000] {logging_mixin.py:188} INFO - [2025-11-12T23:32:29.942+0000] {override.py:1769} INFO - Created Permission View: can edit on DAG:example_xcom_args
[2025-11-12T23:32:29.957+0000] {logging_mixin.py:188} INFO - [2025-11-12T23:32:29.957+0000] {override.py:1769} INFO - Created Permission View: can read on DAG:example_xcom_args
[2025-11-12T23:32:29.957+0000] {logging_mixin.py:188} INFO - [2025-11-12T23:32:29.957+0000] {dag.py:3036} INFO - Sync 2 DAGs
[2025-11-12T23:32:29.967+0000] {logging_mixin.py:188} INFO - [2025-11-12T23:32:29.967+0000] {dag.py:3058} INFO - Creating ORM DAG for example_xcom_args_with_operators
[2025-11-12T23:32:29.967+0000] {logging_mixin.py:188} INFO - [2025-11-12T23:32:29.967+0000] {dag.py:3058} INFO - Creating ORM DAG for example_xcom_args
[2025-11-12T23:32:29.968+0000] {logging_mixin.py:188} INFO - [2025-11-12T23:32:29.968+0000] {dag.py:3823} INFO - Setting next_dagrun for example_xcom_args to None, run_after=None
[2025-11-12T23:32:29.968+0000] {logging_mixin.py:188} INFO - [2025-11-12T23:32:29.968+0000] {dag.py:3823} INFO - Setting next_dagrun for example_xcom_args_with_operators to None, run_after=None
[2025-11-12T23:32:29.983+0000] {processor.py:183} INFO - Processing /home/airflow/.local/lib/python3.8/site-packages/airflow/example_dags/example_xcomargs.py took 0.168 seconds
[2025-11-12T23:33:00.542+0000] {processor.py:161} INFO - Started process (PID=154) to work on /home/airflow/.local/lib/python3.8/site-packages/airflow/example_dags/example_xcomargs.py
[2025-11-12T23:33:00.542+0000] {processor.py:830} INFO - Processing file /home/airflow/.local/lib/python3.8/site-packages/airflow/example_dags/example_xcomargs.py for tasks to queue
[2025-11-12T23:33:00.544+0000] {logging_mixin.py:188} INFO - [2025-11-12T23:33:00.543+0000] {dagbag.py:538} INFO - Filling up the DagBag from /home/airflow/.local/lib/python3.8/site-packages/airflow/example_dags/example_xcomargs.py
[2025-11-12T23:33:00.550+0000] {processor.py:840} INFO - DAG(s) 'example_xcom_args_with_operators', 'example_xcom_args' retrieved from /home/airflow/.local/lib/python3.8/site-packages/airflow/example_dags/example_xcomargs.py
[2025-11-12T23:33:00.569+0000] {logging_mixin.py:188} INFO - [2025-11-12T23:33:00.569+0000] {dag.py:3036} INFO - Sync 2 DAGs
[2025-11-12T23:33:00.580+0000] {logging_mixin.py:188} INFO - [2025-11-12T23:33:00.580+0000] {dag.py:3823} INFO - Setting next_dagrun for example_xcom_args to None, run_after=None
[2025-11-12T23:33:00.583+0000] {logging_mixin.py:188} INFO - [2025-11-12T23:33:00.583+0000] {dag.py:3823} INFO - Setting next_dagrun for example_xcom_args_with_operators to None, run_after=None
[2025-11-12T23:33:00.595+0000] {processor.py:183} INFO - Processing /home/airflow/.local/lib/python3.8/site-packages/airflow/example_dags/example_xcomargs.py took 0.056 seconds
[2025-11-12T23:33:30.748+0000] {processor.py:161} INFO - Started process (PID=211) to work on /home/airflow/.local/lib/python3.8/site-packages/airflow/example_dags/example_xcomargs.py
[2025-11-12T23:33:30.749+0000] {processor.py:830} INFO - Processing file /home/airflow/.local/lib/python3.8/site-packages/airflow/example_dags/example_xcomargs.py for tasks to queue
[2025-11-12T23:33:30.750+0000] {logging_mixin.py:188} INFO - [2025-11-12T23:33:30.750+0000] {dagbag.py:538} INFO - Filling up the DagBag from /home/airflow/.local/lib/python3.8/site-packages/airflow/example_dags/example_xcomargs.py
[2025-11-12T23:33:30.756+0000] {processor.py:840} INFO - DAG(s) 'example_xcom_args', 'example_xcom_args_with_operators' retrieved from /home/airflow/.local/lib/python3.8/site-packages/airflow/example_dags/example_xcomargs.py
[2025-11-12T23:33:30.773+0000] {logging_mixin.py:188} INFO - [2025-11-12T23:33:30.773+0000] {dag.py:3036} INFO - Sync 2 DAGs
[2025-11-12T23:33:30.783+0000] {logging_mixin.py:188} INFO - [2025-11-12T23:33:30.783+0000] {dag.py:3823} INFO - Setting next_dagrun for example_xcom_args to None, run_after=None
[2025-11-12T23:33:30.785+0000] {logging_mixin.py:188} INFO - [2025-11-12T23:33:30.785+0000] {dag.py:3823} INFO - Setting next_dagrun for example_xcom_args_with_operators to None, run_after=None
[2025-11-12T23:33:30.796+0000] {processor.py:183} INFO - Processing /home/airflow/.local/lib/python3.8/site-packages/airflow/example_dags/example_xcomargs.py took 0.051 seconds
[2025-11-12T23:34:01.036+0000] {processor.py:161} INFO - Started process (PID=268) to work on /home/airflow/.local/lib/python3.8/site-packages/airflow/example_dags/example_xcomargs.py
[2025-11-12T23:34:01.037+0000] {processor.py:830} INFO - Processing file /home/airflow/.local/lib/python3.8/site-packages/airflow/example_dags/example_xcomargs.py for tasks to queue
[2025-11-12T23:34:01.038+0000] {logging_mixin.py:188} INFO - [2025-11-12T23:34:01.038+0000] {dagbag.py:538} INFO - Filling up the DagBag from /home/airflow/.local/lib/python3.8/site-packages/airflow/example_dags/example_xcomargs.py
[2025-11-12T23:34:01.044+0000] {processor.py:840} INFO - DAG(s) 'example_xcom_args', 'example_xcom_args_with_operators' retrieved from /home/airflow/.local/lib/python3.8/site-packages/airflow/example_dags/example_xcomargs.py
[2025-11-12T23:34:01.064+0000] {logging_mixin.py:188} INFO - [2025-11-12T23:34:01.064+0000] {dag.py:3036} INFO - Sync 2 DAGs
[2025-11-12T23:34:01.073+0000] {logging_mixin.py:188} INFO - [2025-11-12T23:34:01.073+0000] {dag.py:3823} INFO - Setting next_dagrun for example_xcom_args to None, run_after=None
[2025-11-12T23:34:01.075+0000] {logging_mixin.py:188} INFO - [2025-11-12T23:34:01.075+0000] {dag.py:3823} INFO - Setting next_dagrun for example_xcom_args_with_operators to None, run_after=None
[2025-11-12T23:34:01.087+0000] {processor.py:183} INFO - Processing /home/airflow/.local/lib/python3.8/site-packages/airflow/example_dags/example_xcomargs.py took 0.054 seconds
[2025-11-12T23:34:31.164+0000] {processor.py:161} INFO - Started process (PID=325) to work on /home/airflow/.local/lib/python3.8/site-packages/airflow/example_dags/example_xcomargs.py
[2025-11-12T23:34:31.165+0000] {processor.py:830} INFO - Processing file /home/airflow/.local/lib/python3.8/site-packages/airflow/example_dags/example_xcomargs.py for tasks to queue
[2025-11-12T23:34:31.166+0000] {logging_mixin.py:188} INFO - [2025-11-12T23:34:31.166+0000] {dagbag.py:538} INFO - Filling up the DagBag from /home/airflow/.local/lib/python3.8/site-packages/airflow/example_dags/example_xcomargs.py
[2025-11-12T23:34:31.173+0000] {processor.py:840} INFO - DAG(s) 'example_xcom_args_with_operators', 'example_xcom_args' retrieved from /home/airflow/.local/lib/python3.8/site-packages/airflow/example_dags/example_xcomargs.py
[2025-11-12T23:34:31.191+0000] {logging_mixin.py:188} INFO - [2025-11-12T23:34:31.191+0000] {dag.py:3036} INFO - Sync 2 DAGs
[2025-11-12T23:34:31.202+0000] {logging_mixin.py:188} INFO - [2025-11-12T23:34:31.202+0000] {dag.py:3823} INFO - Setting next_dagrun for example_xcom_args to None, run_after=None
[2025-11-12T23:34:31.205+0000] {logging_mixin.py:188} INFO - [2025-11-12T23:34:31.204+0000] {dag.py:3823} INFO - Setting next_dagrun for example_xcom_args_with_operators to None, run_after=None
[2025-11-12T23:34:31.216+0000] {processor.py:183} INFO - Processing /home/airflow/.local/lib/python3.8/site-packages/airflow/example_dags/example_xcomargs.py took 0.055 seconds
[2025-11-12T23:35:02.141+0000] {processor.py:161} INFO - Started process (PID=382) to work on /home/airflow/.local/lib/python3.8/site-packages/airflow/example_dags/example_xcomargs.py
[2025-11-12T23:35:02.142+0000] {processor.py:830} INFO - Processing file /home/airflow/.local/lib/python3.8/site-packages/airflow/example_dags/example_xcomargs.py for tasks to queue
[2025-11-12T23:35:02.144+0000] {logging_mixin.py:188} INFO - [2025-11-12T23:35:02.143+0000] {dagbag.py:538} INFO - Filling up the DagBag from /home/airflow/.local/lib/python3.8/site-packages/airflow/example_dags/example_xcomargs.py
[2025-11-12T23:35:02.150+0000] {processor.py:840} INFO - DAG(s) 'example_xcom_args_with_operators', 'example_xcom_args' retrieved from /home/airflow/.local/lib/python3.8/site-packages/airflow/example_dags/example_xcomargs.py
[2025-11-12T23:35:02.169+0000] {logging_mixin.py:188} INFO - [2025-11-12T23:35:02.168+0000] {dag.py:3036} INFO - Sync 2 DAGs
[2025-11-12T23:35:02.178+0000] {logging_mixin.py:188} INFO - [2025-11-12T23:35:02.178+0000] {dag.py:3823} INFO - Setting next_dagrun for example_xcom_args to None, run_after=None
[2025-11-12T23:35:02.181+0000] {logging_mixin.py:188} INFO - [2025-11-12T23:35:02.181+0000] {dag.py:3823} INFO - Setting next_dagrun for example_xcom_args_with_operators to None, run_after=None
[2025-11-12T23:35:02.192+0000] {processor.py:183} INFO - Processing /home/airflow/.local/lib/python3.8/site-packages/airflow/example_dags/example_xcomargs.py took 0.054 seconds
[2025-11-12T23:35:32.556+0000] {processor.py:161} INFO - Started process (PID=439) to work on /home/airflow/.local/lib/python3.8/site-packages/airflow/example_dags/example_xcomargs.py
[2025-11-12T23:35:32.556+0000] {processor.py:830} INFO - Processing file /home/airflow/.local/lib/python3.8/site-packages/airflow/example_dags/example_xcomargs.py for tasks to queue
[2025-11-12T23:35:32.558+0000] {logging_mixin.py:188} INFO - [2025-11-12T23:35:32.557+0000] {dagbag.py:538} INFO - Filling up the DagBag from /home/airflow/.local/lib/python3.8/site-packages/airflow/example_dags/example_xcomargs.py
[2025-11-12T23:35:32.564+0000] {processor.py:840} INFO - DAG(s) 'example_xcom_args', 'example_xcom_args_with_operators' retrieved from /home/airflow/.local/lib/python3.8/site-packages/airflow/example_dags/example_xcomargs.py
[2025-11-12T23:35:32.582+0000] {logging_mixin.py:188} INFO - [2025-11-12T23:35:32.582+0000] {dag.py:3036} INFO - Sync 2 DAGs
[2025-11-12T23:35:32.592+0000] {logging_mixin.py:188} INFO - [2025-11-12T23:35:32.592+0000] {dag.py:3823} INFO - Setting next_dagrun for example_xcom_args to None, run_after=None
[2025-11-12T23:35:32.595+0000] {logging_mixin.py:188} INFO - [2025-11-12T23:35:32.595+0000] {dag.py:3823} INFO - Setting next_dagrun for example_xcom_args_with_operators to None, run_after=None
[2025-11-12T23:35:32.607+0000] {processor.py:183} INFO - Processing /home/airflow/.local/lib/python3.8/site-packages/airflow/example_dags/example_xcomargs.py took 0.054 seconds
[2025-11-12T23:36:02.820+0000] {processor.py:161} INFO - Started process (PID=496) to work on /home/airflow/.local/lib/python3.8/site-packages/airflow/example_dags/example_xcomargs.py
[2025-11-12T23:36:02.821+0000] {processor.py:830} INFO - Processing file /home/airflow/.local/lib/python3.8/site-packages/airflow/example_dags/example_xcomargs.py for tasks to queue
[2025-11-12T23:36:02.822+0000] {logging_mixin.py:188} INFO - [2025-11-12T23:36:02.822+0000] {dagbag.py:538} INFO - Filling up the DagBag from /home/airflow/.local/lib/python3.8/site-packages/airflow/example_dags/example_xcomargs.py
[2025-11-12T23:36:02.829+0000] {processor.py:840} INFO - DAG(s) 'example_xcom_args', 'example_xcom_args_with_operators' retrieved from /home/airflow/.local/lib/python3.8/site-packages/airflow/example_dags/example_xcomargs.py
[2025-11-12T23:36:02.847+0000] {logging_mixin.py:188} INFO - [2025-11-12T23:36:02.847+0000] {dag.py:3036} INFO - Sync 2 DAGs
[2025-11-12T23:36:02.856+0000] {logging_mixin.py:188} INFO - [2025-11-12T23:36:02.856+0000] {dag.py:3823} INFO - Setting next_dagrun for example_xcom_args to None, run_after=None
[2025-11-12T23:36:02.859+0000] {logging_mixin.py:188} INFO - [2025-11-12T23:36:02.859+0000] {dag.py:3823} INFO - Setting next_dagrun for example_xcom_args_with_operators to None, run_after=None
[2025-11-12T23:36:02.870+0000] {processor.py:183} INFO - Processing /home/airflow/.local/lib/python3.8/site-packages/airflow/example_dags/example_xcomargs.py took 0.053 seconds
[2025-11-12T23:36:33.171+0000] {processor.py:161} INFO - Started process (PID=553) to work on /home/airflow/.local/lib/python3.8/site-packages/airflow/example_dags/example_xcomargs.py
[2025-11-12T23:36:33.172+0000] {processor.py:830} INFO - Processing file /home/airflow/.local/lib/python3.8/site-packages/airflow/example_dags/example_xcomargs.py for tasks to queue
[2025-11-12T23:36:33.173+0000] {logging_mixin.py:188} INFO - [2025-11-12T23:36:33.173+0000] {dagbag.py:538} INFO - Filling up the DagBag from /home/airflow/.local/lib/python3.8/site-packages/airflow/example_dags/example_xcomargs.py
[2025-11-12T23:36:33.179+0000] {processor.py:840} INFO - DAG(s) 'example_xcom_args', 'example_xcom_args_with_operators' retrieved from /home/airflow/.local/lib/python3.8/site-packages/airflow/example_dags/example_xcomargs.py
[2025-11-12T23:36:33.196+0000] {logging_mixin.py:188} INFO - [2025-11-12T23:36:33.196+0000] {dag.py:3036} INFO - Sync 2 DAGs
[2025-11-12T23:36:33.206+0000] {logging_mixin.py:188} INFO - [2025-11-12T23:36:33.206+0000] {dag.py:3823} INFO - Setting next_dagrun for example_xcom_args to None, run_after=None
[2025-11-12T23:36:33.209+0000] {logging_mixin.py:188} INFO - [2025-11-12T23:36:33.209+0000] {dag.py:3823} INFO - Setting next_dagrun for example_xcom_args_with_operators to None, run_after=None
[2025-11-12T23:36:33.220+0000] {processor.py:183} INFO - Processing /home/airflow/.local/lib/python3.8/site-packages/airflow/example_dags/example_xcomargs.py took 0.051 seconds
[2025-11-12T23:37:03.701+0000] {processor.py:161} INFO - Started process (PID=610) to work on /home/airflow/.local/lib/python3.8/site-packages/airflow/example_dags/example_xcomargs.py
[2025-11-12T23:37:03.702+0000] {processor.py:830} INFO - Processing file /home/airflow/.local/lib/python3.8/site-packages/airflow/example_dags/example_xcomargs.py for tasks to queue
[2025-11-12T23:37:03.703+0000] {logging_mixin.py:188} INFO - [2025-11-12T23:37:03.703+0000] {dagbag.py:538} INFO - Filling up the DagBag from /home/airflow/.local/lib/python3.8/site-packages/airflow/example_dags/example_xcomargs.py
[2025-11-12T23:37:03.709+0000] {processor.py:840} INFO - DAG(s) 'example_xcom_args_with_operators', 'example_xcom_args' retrieved from /home/airflow/.local/lib/python3.8/site-packages/airflow/example_dags/example_xcomargs.py
[2025-11-12T23:37:03.728+0000] {logging_mixin.py:188} INFO - [2025-11-12T23:37:03.728+0000] {dag.py:3036} INFO - Sync 2 DAGs
[2025-11-12T23:37:03.738+0000] {logging_mixin.py:188} INFO - [2025-11-12T23:37:03.738+0000] {dag.py:3823} INFO - Setting next_dagrun for example_xcom_args to None, run_after=None
[2025-11-12T23:37:03.740+0000] {logging_mixin.py:188} INFO - [2025-11-12T23:37:03.740+0000] {dag.py:3823} INFO - Setting next_dagrun for example_xcom_args_with_operators to None, run_after=None
[2025-11-12T23:37:03.751+0000] {processor.py:183} INFO - Processing /home/airflow/.local/lib/python3.8/site-packages/airflow/example_dags/example_xcomargs.py took 0.052 seconds
[2025-11-12T23:37:34.639+0000] {processor.py:161} INFO - Started process (PID=667) to work on /home/airflow/.local/lib/python3.8/site-packages/airflow/example_dags/example_xcomargs.py
[2025-11-12T23:37:34.640+0000] {processor.py:830} INFO - Processing file /home/airflow/.local/lib/python3.8/site-packages/airflow/example_dags/example_xcomargs.py for tasks to queue
[2025-11-12T23:37:34.641+0000] {logging_mixin.py:188} INFO - [2025-11-12T23:37:34.641+0000] {dagbag.py:538} INFO - Filling up the DagBag from /home/airflow/.local/lib/python3.8/site-packages/airflow/example_dags/example_xcomargs.py
[2025-11-12T23:37:34.647+0000] {processor.py:840} INFO - DAG(s) 'example_xcom_args_with_operators', 'example_xcom_args' retrieved from /home/airflow/.local/lib/python3.8/site-packages/airflow/example_dags/example_xcomargs.py
[2025-11-12T23:37:34.664+0000] {logging_mixin.py:188} INFO - [2025-11-12T23:37:34.664+0000] {dag.py:3036} INFO - Sync 2 DAGs
[2025-11-12T23:37:34.673+0000] {logging_mixin.py:188} INFO - [2025-11-12T23:37:34.673+0000] {dag.py:3823} INFO - Setting next_dagrun for example_xcom_args to None, run_after=None
[2025-11-12T23:37:34.676+0000] {logging_mixin.py:188} INFO - [2025-11-12T23:37:34.676+0000] {dag.py:3823} INFO - Setting next_dagrun for example_xcom_args_with_operators to None, run_after=None
[2025-11-12T23:37:34.687+0000] {processor.py:183} INFO - Processing /home/airflow/.local/lib/python3.8/site-packages/airflow/example_dags/example_xcomargs.py took 0.050 seconds
[2025-11-12T23:38:04.940+0000] {processor.py:161} INFO - Started process (PID=724) to work on /home/airflow/.local/lib/python3.8/site-packages/airflow/example_dags/example_xcomargs.py
[2025-11-12T23:38:04.940+0000] {processor.py:830} INFO - Processing file /home/airflow/.local/lib/python3.8/site-packages/airflow/example_dags/example_xcomargs.py for tasks to queue
[2025-11-12T23:38:04.942+0000] {logging_mixin.py:188} INFO - [2025-11-12T23:38:04.942+0000] {dagbag.py:538} INFO - Filling up the DagBag from /home/airflow/.local/lib/python3.8/site-packages/airflow/example_dags/example_xcomargs.py
[2025-11-12T23:38:04.948+0000] {processor.py:840} INFO - DAG(s) 'example_xcom_args', 'example_xcom_args_with_operators' retrieved from /home/airflow/.local/lib/python3.8/site-packages/airflow/example_dags/example_xcomargs.py
[2025-11-12T23:38:04.965+0000] {logging_mixin.py:188} INFO - [2025-11-12T23:38:04.965+0000] {dag.py:3036} INFO - Sync 2 DAGs
[2025-11-12T23:38:04.975+0000] {logging_mixin.py:188} INFO - [2025-11-12T23:38:04.975+0000] {dag.py:3823} INFO - Setting next_dagrun for example_xcom_args to None, run_after=None
[2025-11-12T23:38:04.977+0000] {logging_mixin.py:188} INFO - [2025-11-12T23:38:04.977+0000] {dag.py:3823} INFO - Setting next_dagrun for example_xcom_args_with_operators to None, run_after=None
[2025-11-12T23:38:04.990+0000] {processor.py:183} INFO - Processing /home/airflow/.local/lib/python3.8/site-packages/airflow/example_dags/example_xcomargs.py took 0.053 seconds
[2025-11-12T23:38:35.308+0000] {processor.py:161} INFO - Started process (PID=781) to work on /home/airflow/.local/lib/python3.8/site-packages/airflow/example_dags/example_xcomargs.py
[2025-11-12T23:38:35.309+0000] {processor.py:830} INFO - Processing file /home/airflow/.local/lib/python3.8/site-packages/airflow/example_dags/example_xcomargs.py for tasks to queue
[2025-11-12T23:38:35.311+0000] {logging_mixin.py:188} INFO - [2025-11-12T23:38:35.311+0000] {dagbag.py:538} INFO - Filling up the DagBag from /home/airflow/.local/lib/python3.8/site-packages/airflow/example_dags/example_xcomargs.py
[2025-11-12T23:38:35.317+0000] {processor.py:840} INFO - DAG(s) 'example_xcom_args_with_operators', 'example_xcom_args' retrieved from /home/airflow/.local/lib/python3.8/site-packages/airflow/example_dags/example_xcomargs.py
[2025-11-12T23:38:35.335+0000] {logging_mixin.py:188} INFO - [2025-11-12T23:38:35.335+0000] {dag.py:3036} INFO - Sync 2 DAGs
[2025-11-12T23:38:35.345+0000] {logging_mixin.py:188} INFO - [2025-11-12T23:38:35.345+0000] {dag.py:3823} INFO - Setting next_dagrun for example_xcom_args to None, run_after=None
[2025-11-12T23:38:35.348+0000] {logging_mixin.py:188} INFO - [2025-11-12T23:38:35.348+0000] {dag.py:3823} INFO - Setting next_dagrun for example_xcom_args_with_operators to None, run_after=None
[2025-11-12T23:38:35.358+0000] {processor.py:183} INFO - Processing /home/airflow/.local/lib/python3.8/site-packages/airflow/example_dags/example_xcomargs.py took 0.053 seconds
[2025-11-12T23:39:05.754+0000] {processor.py:161} INFO - Started process (PID=838) to work on /home/airflow/.local/lib/python3.8/site-packages/airflow/example_dags/example_xcomargs.py
[2025-11-12T23:39:05.755+0000] {processor.py:830} INFO - Processing file /home/airflow/.local/lib/python3.8/site-packages/airflow/example_dags/example_xcomargs.py for tasks to queue
[2025-11-12T23:39:05.756+0000] {logging_mixin.py:188} INFO - [2025-11-12T23:39:05.756+0000] {dagbag.py:538} INFO - Filling up the DagBag from /home/airflow/.local/lib/python3.8/site-packages/airflow/example_dags/example_xcomargs.py
[2025-11-12T23:39:05.763+0000] {processor.py:840} INFO - DAG(s) 'example_xcom_args_with_operators', 'example_xcom_args' retrieved from /home/airflow/.local/lib/python3.8/site-packages/airflow/example_dags/example_xcomargs.py
[2025-11-12T23:39:05.779+0000] {logging_mixin.py:188} INFO - [2025-11-12T23:39:05.779+0000] {dag.py:3036} INFO - Sync 2 DAGs
[2025-11-12T23:39:05.789+0000] {logging_mixin.py:188} INFO - [2025-11-12T23:39:05.788+0000] {dag.py:3823} INFO - Setting next_dagrun for example_xcom_args to None, run_after=None
[2025-11-12T23:39:05.791+0000] {logging_mixin.py:188} INFO - [2025-11-12T23:39:05.791+0000] {dag.py:3823} INFO - Setting next_dagrun for example_xcom_args_with_operators to None, run_after=None
[2025-11-12T23:39:05.802+0000] {processor.py:183} INFO - Processing /home/airflow/.local/lib/python3.8/site-packages/airflow/example_dags/example_xcomargs.py took 0.050 seconds
[2025-11-12T23:39:36.028+0000] {processor.py:161} INFO - Started process (PID=895) to work on /home/airflow/.local/lib/python3.8/site-packages/airflow/example_dags/example_xcomargs.py
[2025-11-12T23:39:36.029+0000] {processor.py:830} INFO - Processing file /home/airflow/.local/lib/python3.8/site-packages/airflow/example_dags/example_xcomargs.py for tasks to queue
[2025-11-12T23:39:36.030+0000] {logging_mixin.py:188} INFO - [2025-11-12T23:39:36.030+0000] {dagbag.py:538} INFO - Filling up the DagBag from /home/airflow/.local/lib/python3.8/site-packages/airflow/example_dags/example_xcomargs.py
[2025-11-12T23:39:36.036+0000] {processor.py:840} INFO - DAG(s) 'example_xcom_args_with_operators', 'example_xcom_args' retrieved from /home/airflow/.local/lib/python3.8/site-packages/airflow/example_dags/example_xcomargs.py
[2025-11-12T23:39:36.054+0000] {logging_mixin.py:188} INFO - [2025-11-12T23:39:36.054+0000] {dag.py:3036} INFO - Sync 2 DAGs
[2025-11-12T23:39:36.064+0000] {logging_mixin.py:188} INFO - [2025-11-12T23:39:36.064+0000] {dag.py:3823} INFO - Setting next_dagrun for example_xcom_args to None, run_after=None
[2025-11-12T23:39:36.067+0000] {logging_mixin.py:188} INFO - [2025-11-12T23:39:36.067+0000] {dag.py:3823} INFO - Setting next_dagrun for example_xcom_args_with_operators to None, run_after=None
[2025-11-12T23:39:36.079+0000] {processor.py:183} INFO - Processing /home/airflow/.local/lib/python3.8/site-packages/airflow/example_dags/example_xcomargs.py took 0.053 seconds
[2025-11-12T23:40:06.425+0000] {processor.py:161} INFO - Started process (PID=952) to work on /home/airflow/.local/lib/python3.8/site-packages/airflow/example_dags/example_xcomargs.py
[2025-11-12T23:40:06.426+0000] {processor.py:830} INFO - Processing file /home/airflow/.local/lib/python3.8/site-packages/airflow/example_dags/example_xcomargs.py for tasks to queue
[2025-11-12T23:40:06.427+0000] {logging_mixin.py:188} INFO - [2025-11-12T23:40:06.427+0000] {dagbag.py:538} INFO - Filling up the DagBag from /home/airflow/.local/lib/python3.8/site-packages/airflow/example_dags/example_xcomargs.py
[2025-11-12T23:40:06.433+0000] {processor.py:840} INFO - DAG(s) 'example_xcom_args', 'example_xcom_args_with_operators' retrieved from /home/airflow/.local/lib/python3.8/site-packages/airflow/example_dags/example_xcomargs.py
[2025-11-12T23:40:06.452+0000] {logging_mixin.py:188} INFO - [2025-11-12T23:40:06.452+0000] {dag.py:3036} INFO - Sync 2 DAGs
[2025-11-12T23:40:06.461+0000] {logging_mixin.py:188} INFO - [2025-11-12T23:40:06.461+0000] {dag.py:3823} INFO - Setting next_dagrun for example_xcom_args to None, run_after=None
[2025-11-12T23:40:06.464+0000] {logging_mixin.py:188} INFO - [2025-11-12T23:40:06.464+0000] {dag.py:3823} INFO - Setting next_dagrun for example_xcom_args_with_operators to None, run_after=None
[2025-11-12T23:40:06.476+0000] {processor.py:183} INFO - Processing /home/airflow/.local/lib/python3.8/site-packages/airflow/example_dags/example_xcomargs.py took 0.054 seconds
[2025-11-12T23:40:36.602+0000] {processor.py:161} INFO - Started process (PID=1009) to work on /home/airflow/.local/lib/python3.8/site-packages/airflow/example_dags/example_xcomargs.py
[2025-11-12T23:40:36.603+0000] {processor.py:830} INFO - Processing file /home/airflow/.local/lib/python3.8/site-packages/airflow/example_dags/example_xcomargs.py for tasks to queue
[2025-11-12T23:40:36.604+0000] {logging_mixin.py:188} INFO - [2025-11-12T23:40:36.604+0000] {dagbag.py:538} INFO - Filling up the DagBag from /home/airflow/.local/lib/python3.8/site-packages/airflow/example_dags/example_xcomargs.py
[2025-11-12T23:40:36.611+0000] {processor.py:840} INFO - DAG(s) 'example_xcom_args', 'example_xcom_args_with_operators' retrieved from /home/airflow/.local/lib/python3.8/site-packages/airflow/example_dags/example_xcomargs.py
[2025-11-12T23:40:36.629+0000] {logging_mixin.py:188} INFO - [2025-11-12T23:40:36.628+0000] {dag.py:3036} INFO - Sync 2 DAGs
[2025-11-12T23:40:36.638+0000] {logging_mixin.py:188} INFO - [2025-11-12T23:40:36.638+0000] {dag.py:3823} INFO - Setting next_dagrun for example_xcom_args to None, run_after=None
[2025-11-12T23:40:36.640+0000] {logging_mixin.py:188} INFO - [2025-11-12T23:40:36.640+0000] {dag.py:3823} INFO - Setting next_dagrun for example_xcom_args_with_operators to None, run_after=None
[2025-11-12T23:40:36.653+0000] {processor.py:183} INFO - Processing /home/airflow/.local/lib/python3.8/site-packages/airflow/example_dags/example_xcomargs.py took 0.053 seconds
[2025-11-12T23:41:06.685+0000] {processor.py:161} INFO - Started process (PID=1064) to work on /home/airflow/.local/lib/python3.8/site-packages/airflow/example_dags/example_xcomargs.py
[2025-11-12T23:41:06.686+0000] {processor.py:830} INFO - Processing file /home/airflow/.local/lib/python3.8/site-packages/airflow/example_dags/example_xcomargs.py for tasks to queue
[2025-11-12T23:41:06.687+0000] {logging_mixin.py:188} INFO - [2025-11-12T23:41:06.687+0000] {dagbag.py:538} INFO - Filling up the DagBag from /home/airflow/.local/lib/python3.8/site-packages/airflow/example_dags/example_xcomargs.py
[2025-11-12T23:41:06.694+0000] {processor.py:840} INFO - DAG(s) 'example_xcom_args_with_operators', 'example_xcom_args' retrieved from /home/airflow/.local/lib/python3.8/site-packages/airflow/example_dags/example_xcomargs.py
[2025-11-12T23:41:06.713+0000] {logging_mixin.py:188} INFO - [2025-11-12T23:41:06.713+0000] {dag.py:3036} INFO - Sync 2 DAGs
[2025-11-12T23:41:06.722+0000] {logging_mixin.py:188} INFO - [2025-11-12T23:41:06.722+0000] {dag.py:3823} INFO - Setting next_dagrun for example_xcom_args to None, run_after=None
[2025-11-12T23:41:06.725+0000] {logging_mixin.py:188} INFO - [2025-11-12T23:41:06.725+0000] {dag.py:3823} INFO - Setting next_dagrun for example_xcom_args_with_operators to None, run_after=None
[2025-11-12T23:41:06.737+0000] {processor.py:183} INFO - Processing /home/airflow/.local/lib/python3.8/site-packages/airflow/example_dags/example_xcomargs.py took 0.055 seconds
[2025-11-12T23:41:36.773+0000] {processor.py:161} INFO - Started process (PID=1121) to work on /home/airflow/.local/lib/python3.8/site-packages/airflow/example_dags/example_xcomargs.py
[2025-11-12T23:41:36.774+0000] {processor.py:830} INFO - Processing file /home/airflow/.local/lib/python3.8/site-packages/airflow/example_dags/example_xcomargs.py for tasks to queue
[2025-11-12T23:41:36.775+0000] {logging_mixin.py:188} INFO - [2025-11-12T23:41:36.775+0000] {dagbag.py:538} INFO - Filling up the DagBag from /home/airflow/.local/lib/python3.8/site-packages/airflow/example_dags/example_xcomargs.py
[2025-11-12T23:41:36.782+0000] {processor.py:840} INFO - DAG(s) 'example_xcom_args_with_operators', 'example_xcom_args' retrieved from /home/airflow/.local/lib/python3.8/site-packages/airflow/example_dags/example_xcomargs.py
[2025-11-12T23:41:36.798+0000] {logging_mixin.py:188} INFO - [2025-11-12T23:41:36.798+0000] {dag.py:3036} INFO - Sync 2 DAGs
[2025-11-12T23:41:36.807+0000] {logging_mixin.py:188} INFO - [2025-11-12T23:41:36.807+0000] {dag.py:3823} INFO - Setting next_dagrun for example_xcom_args to None, run_after=None
[2025-11-12T23:41:36.810+0000] {logging_mixin.py:188} INFO - [2025-11-12T23:41:36.809+0000] {dag.py:3823} INFO - Setting next_dagrun for example_xcom_args_with_operators to None, run_after=None
[2025-11-12T23:41:36.820+0000] {processor.py:183} INFO - Processing /home/airflow/.local/lib/python3.8/site-packages/airflow/example_dags/example_xcomargs.py took 0.050 seconds
[2025-11-12T23:42:07.063+0000] {processor.py:161} INFO - Started process (PID=1178) to work on /home/airflow/.local/lib/python3.8/site-packages/airflow/example_dags/example_xcomargs.py
[2025-11-12T23:42:07.064+0000] {processor.py:830} INFO - Processing file /home/airflow/.local/lib/python3.8/site-packages/airflow/example_dags/example_xcomargs.py for tasks to queue
[2025-11-12T23:42:07.066+0000] {logging_mixin.py:188} INFO - [2025-11-12T23:42:07.065+0000] {dagbag.py:538} INFO - Filling up the DagBag from /home/airflow/.local/lib/python3.8/site-packages/airflow/example_dags/example_xcomargs.py
[2025-11-12T23:42:07.072+0000] {processor.py:840} INFO - DAG(s) 'example_xcom_args_with_operators', 'example_xcom_args' retrieved from /home/airflow/.local/lib/python3.8/site-packages/airflow/example_dags/example_xcomargs.py
[2025-11-12T23:42:07.089+0000] {logging_mixin.py:188} INFO - [2025-11-12T23:42:07.089+0000] {dag.py:3036} INFO - Sync 2 DAGs
[2025-11-12T23:42:07.098+0000] {logging_mixin.py:188} INFO - [2025-11-12T23:42:07.098+0000] {dag.py:3823} INFO - Setting next_dagrun for example_xcom_args to None, run_after=None
[2025-11-12T23:42:07.100+0000] {logging_mixin.py:188} INFO - [2025-11-12T23:42:07.100+0000] {dag.py:3823} INFO - Setting next_dagrun for example_xcom_args_with_operators to None, run_after=None
[2025-11-12T23:42:07.111+0000] {processor.py:183} INFO - Processing /home/airflow/.local/lib/python3.8/site-packages/airflow/example_dags/example_xcomargs.py took 0.050 seconds
[2025-11-12T23:42:37.403+0000] {processor.py:161} INFO - Started process (PID=1235) to work on /home/airflow/.local/lib/python3.8/site-packages/airflow/example_dags/example_xcomargs.py
[2025-11-12T23:42:37.404+0000] {processor.py:830} INFO - Processing file /home/airflow/.local/lib/python3.8/site-packages/airflow/example_dags/example_xcomargs.py for tasks to queue
[2025-11-12T23:42:37.406+0000] {logging_mixin.py:188} INFO - [2025-11-12T23:42:37.406+0000] {dagbag.py:538} INFO - Filling up the DagBag from /home/airflow/.local/lib/python3.8/site-packages/airflow/example_dags/example_xcomargs.py
[2025-11-12T23:42:37.413+0000] {processor.py:840} INFO - DAG(s) 'example_xcom_args', 'example_xcom_args_with_operators' retrieved from /home/airflow/.local/lib/python3.8/site-packages/airflow/example_dags/example_xcomargs.py
[2025-11-12T23:42:37.432+0000] {logging_mixin.py:188} INFO - [2025-11-12T23:42:37.432+0000] {dag.py:3036} INFO - Sync 2 DAGs
[2025-11-12T23:42:37.442+0000] {logging_mixin.py:188} INFO - [2025-11-12T23:42:37.442+0000] {dag.py:3823} INFO - Setting next_dagrun for example_xcom_args to None, run_after=None
[2025-11-12T23:42:37.445+0000] {logging_mixin.py:188} INFO - [2025-11-12T23:42:37.445+0000] {dag.py:3823} INFO - Setting next_dagrun for example_xcom_args_with_operators to None, run_after=None
[2025-11-12T23:42:37.459+0000] {processor.py:183} INFO - Processing /home/airflow/.local/lib/python3.8/site-packages/airflow/example_dags/example_xcomargs.py took 0.059 seconds
[2025-11-12T23:43:07.608+0000] {processor.py:161} INFO - Started process (PID=1292) to work on /home/airflow/.local/lib/python3.8/site-packages/airflow/example_dags/example_xcomargs.py
[2025-11-12T23:43:07.609+0000] {processor.py:830} INFO - Processing file /home/airflow/.local/lib/python3.8/site-packages/airflow/example_dags/example_xcomargs.py for tasks to queue
[2025-11-12T23:43:07.610+0000] {logging_mixin.py:188} INFO - [2025-11-12T23:43:07.610+0000] {dagbag.py:538} INFO - Filling up the DagBag from /home/airflow/.local/lib/python3.8/site-packages/airflow/example_dags/example_xcomargs.py
[2025-11-12T23:43:07.616+0000] {processor.py:840} INFO - DAG(s) 'example_xcom_args', 'example_xcom_args_with_operators' retrieved from /home/airflow/.local/lib/python3.8/site-packages/airflow/example_dags/example_xcomargs.py
[2025-11-12T23:43:07.633+0000] {logging_mixin.py:188} INFO - [2025-11-12T23:43:07.633+0000] {dag.py:3036} INFO - Sync 2 DAGs
[2025-11-12T23:43:07.643+0000] {logging_mixin.py:188} INFO - [2025-11-12T23:43:07.643+0000] {dag.py:3823} INFO - Setting next_dagrun for example_xcom_args to None, run_after=None
[2025-11-12T23:43:07.646+0000] {logging_mixin.py:188} INFO - [2025-11-12T23:43:07.645+0000] {dag.py:3823} INFO - Setting next_dagrun for example_xcom_args_with_operators to None, run_after=None
[2025-11-12T23:43:07.658+0000] {processor.py:183} INFO - Processing /home/airflow/.local/lib/python3.8/site-packages/airflow/example_dags/example_xcomargs.py took 0.052 seconds
[2025-11-12T23:43:37.899+0000] {processor.py:161} INFO - Started process (PID=1349) to work on /home/airflow/.local/lib/python3.8/site-packages/airflow/example_dags/example_xcomargs.py
[2025-11-12T23:43:37.900+0000] {processor.py:830} INFO - Processing file /home/airflow/.local/lib/python3.8/site-packages/airflow/example_dags/example_xcomargs.py for tasks to queue
[2025-11-12T23:43:37.901+0000] {logging_mixin.py:188} INFO - [2025-11-12T23:43:37.901+0000] {dagbag.py:538} INFO - Filling up the DagBag from /home/airflow/.local/lib/python3.8/site-packages/airflow/example_dags/example_xcomargs.py
[2025-11-12T23:43:37.907+0000] {processor.py:840} INFO - DAG(s) 'example_xcom_args_with_operators', 'example_xcom_args' retrieved from /home/airflow/.local/lib/python3.8/site-packages/airflow/example_dags/example_xcomargs.py
[2025-11-12T23:43:37.924+0000] {logging_mixin.py:188} INFO - [2025-11-12T23:43:37.924+0000] {dag.py:3036} INFO - Sync 2 DAGs
[2025-11-12T23:43:37.933+0000] {logging_mixin.py:188} INFO - [2025-11-12T23:43:37.933+0000] {dag.py:3823} INFO - Setting next_dagrun for example_xcom_args to None, run_after=None
[2025-11-12T23:43:37.936+0000] {logging_mixin.py:188} INFO - [2025-11-12T23:43:37.935+0000] {dag.py:3823} INFO - Setting next_dagrun for example_xcom_args_with_operators to None, run_after=None
[2025-11-12T23:43:37.947+0000] {processor.py:183} INFO - Processing /home/airflow/.local/lib/python3.8/site-packages/airflow/example_dags/example_xcomargs.py took 0.051 seconds
[2025-11-12T23:44:08.205+0000] {processor.py:161} INFO - Started process (PID=1406) to work on /home/airflow/.local/lib/python3.8/site-packages/airflow/example_dags/example_xcomargs.py
[2025-11-12T23:44:08.206+0000] {processor.py:830} INFO - Processing file /home/airflow/.local/lib/python3.8/site-packages/airflow/example_dags/example_xcomargs.py for tasks to queue
[2025-11-12T23:44:08.207+0000] {logging_mixin.py:188} INFO - [2025-11-12T23:44:08.207+0000] {dagbag.py:538} INFO - Filling up the DagBag from /home/airflow/.local/lib/python3.8/site-packages/airflow/example_dags/example_xcomargs.py
[2025-11-12T23:44:08.213+0000] {processor.py:840} INFO - DAG(s) 'example_xcom_args_with_operators', 'example_xcom_args' retrieved from /home/airflow/.local/lib/python3.8/site-packages/airflow/example_dags/example_xcomargs.py
[2025-11-12T23:44:08.231+0000] {logging_mixin.py:188} INFO - [2025-11-12T23:44:08.231+0000] {dag.py:3036} INFO - Sync 2 DAGs
[2025-11-12T23:44:08.240+0000] {logging_mixin.py:188} INFO - [2025-11-12T23:44:08.240+0000] {dag.py:3823} INFO - Setting next_dagrun for example_xcom_args to None, run_after=None
[2025-11-12T23:44:08.242+0000] {logging_mixin.py:188} INFO - [2025-11-12T23:44:08.242+0000] {dag.py:3823} INFO - Setting next_dagrun for example_xcom_args_with_operators to None, run_after=None
[2025-11-12T23:44:08.253+0000] {processor.py:183} INFO - Processing /home/airflow/.local/lib/python3.8/site-packages/airflow/example_dags/example_xcomargs.py took 0.051 seconds
[2025-11-12T23:44:38.426+0000] {processor.py:161} INFO - Started process (PID=1463) to work on /home/airflow/.local/lib/python3.8/site-packages/airflow/example_dags/example_xcomargs.py
[2025-11-12T23:44:38.427+0000] {processor.py:830} INFO - Processing file /home/airflow/.local/lib/python3.8/site-packages/airflow/example_dags/example_xcomargs.py for tasks to queue
[2025-11-12T23:44:38.429+0000] {logging_mixin.py:188} INFO - [2025-11-12T23:44:38.429+0000] {dagbag.py:538} INFO - Filling up the DagBag from /home/airflow/.local/lib/python3.8/site-packages/airflow/example_dags/example_xcomargs.py
[2025-11-12T23:44:38.437+0000] {processor.py:840} INFO - DAG(s) 'example_xcom_args', 'example_xcom_args_with_operators' retrieved from /home/airflow/.local/lib/python3.8/site-packages/airflow/example_dags/example_xcomargs.py
[2025-11-12T23:44:38.456+0000] {logging_mixin.py:188} INFO - [2025-11-12T23:44:38.456+0000] {dag.py:3036} INFO - Sync 2 DAGs
[2025-11-12T23:44:38.467+0000] {logging_mixin.py:188} INFO - [2025-11-12T23:44:38.466+0000] {dag.py:3823} INFO - Setting next_dagrun for example_xcom_args to None, run_after=None
[2025-11-12T23:44:38.470+0000] {logging_mixin.py:188} INFO - [2025-11-12T23:44:38.470+0000] {dag.py:3823} INFO - Setting next_dagrun for example_xcom_args_with_operators to None, run_after=None
[2025-11-12T23:44:38.483+0000] {processor.py:183} INFO - Processing /home/airflow/.local/lib/python3.8/site-packages/airflow/example_dags/example_xcomargs.py took 0.059 seconds
[2025-11-12T23:45:08.610+0000] {processor.py:161} INFO - Started process (PID=1520) to work on /home/airflow/.local/lib/python3.8/site-packages/airflow/example_dags/example_xcomargs.py
[2025-11-12T23:45:08.611+0000] {processor.py:830} INFO - Processing file /home/airflow/.local/lib/python3.8/site-packages/airflow/example_dags/example_xcomargs.py for tasks to queue
[2025-11-12T23:45:08.612+0000] {logging_mixin.py:188} INFO - [2025-11-12T23:45:08.612+0000] {dagbag.py:538} INFO - Filling up the DagBag from /home/airflow/.local/lib/python3.8/site-packages/airflow/example_dags/example_xcomargs.py
[2025-11-12T23:45:08.618+0000] {processor.py:840} INFO - DAG(s) 'example_xcom_args', 'example_xcom_args_with_operators' retrieved from /home/airflow/.local/lib/python3.8/site-packages/airflow/example_dags/example_xcomargs.py
[2025-11-12T23:45:08.636+0000] {logging_mixin.py:188} INFO - [2025-11-12T23:45:08.636+0000] {dag.py:3036} INFO - Sync 2 DAGs
[2025-11-12T23:45:08.645+0000] {logging_mixin.py:188} INFO - [2025-11-12T23:45:08.645+0000] {dag.py:3823} INFO - Setting next_dagrun for example_xcom_args to None, run_after=None
[2025-11-12T23:45:08.648+0000] {logging_mixin.py:188} INFO - [2025-11-12T23:45:08.648+0000] {dag.py:3823} INFO - Setting next_dagrun for example_xcom_args_with_operators to None, run_after=None
[2025-11-12T23:45:08.658+0000] {processor.py:183} INFO - Processing /home/airflow/.local/lib/python3.8/site-packages/airflow/example_dags/example_xcomargs.py took 0.051 seconds
[2025-11-12T23:45:38.817+0000] {processor.py:161} INFO - Started process (PID=1577) to work on /home/airflow/.local/lib/python3.8/site-packages/airflow/example_dags/example_xcomargs.py
[2025-11-12T23:45:38.818+0000] {processor.py:830} INFO - Processing file /home/airflow/.local/lib/python3.8/site-packages/airflow/example_dags/example_xcomargs.py for tasks to queue
[2025-11-12T23:45:38.819+0000] {logging_mixin.py:188} INFO - [2025-11-12T23:45:38.819+0000] {dagbag.py:538} INFO - Filling up the DagBag from /home/airflow/.local/lib/python3.8/site-packages/airflow/example_dags/example_xcomargs.py
[2025-11-12T23:45:38.826+0000] {processor.py:840} INFO - DAG(s) 'example_xcom_args', 'example_xcom_args_with_operators' retrieved from /home/airflow/.local/lib/python3.8/site-packages/airflow/example_dags/example_xcomargs.py
[2025-11-12T23:45:38.845+0000] {logging_mixin.py:188} INFO - [2025-11-12T23:45:38.845+0000] {dag.py:3036} INFO - Sync 2 DAGs
[2025-11-12T23:45:38.855+0000] {logging_mixin.py:188} INFO - [2025-11-12T23:45:38.855+0000] {dag.py:3823} INFO - Setting next_dagrun for example_xcom_args to None, run_after=None
[2025-11-12T23:45:38.857+0000] {logging_mixin.py:188} INFO - [2025-11-12T23:45:38.857+0000] {dag.py:3823} INFO - Setting next_dagrun for example_xcom_args_with_operators to None, run_after=None
[2025-11-12T23:45:38.869+0000] {processor.py:183} INFO - Processing /home/airflow/.local/lib/python3.8/site-packages/airflow/example_dags/example_xcomargs.py took 0.055 seconds
