[2025-11-12T23:32:27.800+0000] {processor.py:161} INFO - Started process (PID=65) to work on /home/airflow/.local/lib/python3.8/site-packages/airflow/example_dags/example_external_task_marker_dag.py
[2025-11-12T23:32:27.800+0000] {processor.py:830} INFO - Processing file /home/airflow/.local/lib/python3.8/site-packages/airflow/example_dags/example_external_task_marker_dag.py for tasks to queue
[2025-11-12T23:32:27.801+0000] {logging_mixin.py:188} INFO - [2025-11-12T23:32:27.801+0000] {dagbag.py:538} INFO - Filling up the DagBag from /home/airflow/.local/lib/python3.8/site-packages/airflow/example_dags/example_external_task_marker_dag.py
[2025-11-12T23:32:27.808+0000] {processor.py:840} INFO - DAG(s) 'example_external_task_marker_parent', 'example_external_task_marker_child' retrieved from /home/airflow/.local/lib/python3.8/site-packages/airflow/example_dags/example_external_task_marker_dag.py
[2025-11-12T23:32:27.886+0000] {logging_mixin.py:188} INFO - [2025-11-12T23:32:27.886+0000] {override.py:1769} INFO - Created Permission View: can delete on DAG:example_external_task_marker_parent
[2025-11-12T23:32:27.896+0000] {logging_mixin.py:188} INFO - [2025-11-12T23:32:27.896+0000] {override.py:1769} INFO - Created Permission View: can edit on DAG:example_external_task_marker_parent
[2025-11-12T23:32:27.902+0000] {logging_mixin.py:188} INFO - [2025-11-12T23:32:27.902+0000] {override.py:1769} INFO - Created Permission View: can read on DAG:example_external_task_marker_parent
[2025-11-12T23:32:27.914+0000] {logging_mixin.py:188} INFO - [2025-11-12T23:32:27.913+0000] {override.py:1769} INFO - Created Permission View: can delete on DAG:example_external_task_marker_child
[2025-11-12T23:32:27.919+0000] {logging_mixin.py:188} INFO - [2025-11-12T23:32:27.919+0000] {override.py:1769} INFO - Created Permission View: can edit on DAG:example_external_task_marker_child
[2025-11-12T23:32:27.923+0000] {logging_mixin.py:188} INFO - [2025-11-12T23:32:27.923+0000] {override.py:1769} INFO - Created Permission View: can read on DAG:example_external_task_marker_child
[2025-11-12T23:32:27.923+0000] {logging_mixin.py:188} INFO - [2025-11-12T23:32:27.923+0000] {dag.py:3036} INFO - Sync 2 DAGs
[2025-11-12T23:32:27.932+0000] {logging_mixin.py:188} INFO - [2025-11-12T23:32:27.932+0000] {dag.py:3058} INFO - Creating ORM DAG for example_external_task_marker_parent
[2025-11-12T23:32:27.932+0000] {logging_mixin.py:188} INFO - [2025-11-12T23:32:27.932+0000] {dag.py:3058} INFO - Creating ORM DAG for example_external_task_marker_child
[2025-11-12T23:32:27.932+0000] {logging_mixin.py:188} INFO - [2025-11-12T23:32:27.932+0000] {dag.py:3823} INFO - Setting next_dagrun for example_external_task_marker_child to None, run_after=None
[2025-11-12T23:32:27.933+0000] {logging_mixin.py:188} INFO - [2025-11-12T23:32:27.933+0000] {dag.py:3823} INFO - Setting next_dagrun for example_external_task_marker_parent to None, run_after=None
[2025-11-12T23:32:27.944+0000] {processor.py:183} INFO - Processing /home/airflow/.local/lib/python3.8/site-packages/airflow/example_dags/example_external_task_marker_dag.py took 0.147 seconds
[2025-11-12T23:32:58.224+0000] {processor.py:161} INFO - Started process (PID=122) to work on /home/airflow/.local/lib/python3.8/site-packages/airflow/example_dags/example_external_task_marker_dag.py
[2025-11-12T23:32:58.225+0000] {processor.py:830} INFO - Processing file /home/airflow/.local/lib/python3.8/site-packages/airflow/example_dags/example_external_task_marker_dag.py for tasks to queue
[2025-11-12T23:32:58.226+0000] {logging_mixin.py:188} INFO - [2025-11-12T23:32:58.226+0000] {dagbag.py:538} INFO - Filling up the DagBag from /home/airflow/.local/lib/python3.8/site-packages/airflow/example_dags/example_external_task_marker_dag.py
[2025-11-12T23:32:58.231+0000] {processor.py:840} INFO - DAG(s) 'example_external_task_marker_child', 'example_external_task_marker_parent' retrieved from /home/airflow/.local/lib/python3.8/site-packages/airflow/example_dags/example_external_task_marker_dag.py
[2025-11-12T23:32:58.248+0000] {logging_mixin.py:188} INFO - [2025-11-12T23:32:58.248+0000] {dag.py:3036} INFO - Sync 2 DAGs
[2025-11-12T23:32:58.257+0000] {logging_mixin.py:188} INFO - [2025-11-12T23:32:58.257+0000] {dag.py:3823} INFO - Setting next_dagrun for example_external_task_marker_child to None, run_after=None
[2025-11-12T23:32:58.260+0000] {logging_mixin.py:188} INFO - [2025-11-12T23:32:58.260+0000] {dag.py:3823} INFO - Setting next_dagrun for example_external_task_marker_parent to None, run_after=None
[2025-11-12T23:32:58.272+0000] {processor.py:183} INFO - Processing /home/airflow/.local/lib/python3.8/site-packages/airflow/example_dags/example_external_task_marker_dag.py took 0.050 seconds
[2025-11-12T23:33:28.636+0000] {processor.py:161} INFO - Started process (PID=179) to work on /home/airflow/.local/lib/python3.8/site-packages/airflow/example_dags/example_external_task_marker_dag.py
[2025-11-12T23:33:28.636+0000] {processor.py:830} INFO - Processing file /home/airflow/.local/lib/python3.8/site-packages/airflow/example_dags/example_external_task_marker_dag.py for tasks to queue
[2025-11-12T23:33:28.638+0000] {logging_mixin.py:188} INFO - [2025-11-12T23:33:28.638+0000] {dagbag.py:538} INFO - Filling up the DagBag from /home/airflow/.local/lib/python3.8/site-packages/airflow/example_dags/example_external_task_marker_dag.py
[2025-11-12T23:33:28.643+0000] {processor.py:840} INFO - DAG(s) 'example_external_task_marker_parent', 'example_external_task_marker_child' retrieved from /home/airflow/.local/lib/python3.8/site-packages/airflow/example_dags/example_external_task_marker_dag.py
[2025-11-12T23:33:28.663+0000] {logging_mixin.py:188} INFO - [2025-11-12T23:33:28.663+0000] {dag.py:3036} INFO - Sync 2 DAGs
[2025-11-12T23:33:28.677+0000] {logging_mixin.py:188} INFO - [2025-11-12T23:33:28.677+0000] {dag.py:3823} INFO - Setting next_dagrun for example_external_task_marker_child to None, run_after=None
[2025-11-12T23:33:28.681+0000] {logging_mixin.py:188} INFO - [2025-11-12T23:33:28.681+0000] {dag.py:3823} INFO - Setting next_dagrun for example_external_task_marker_parent to None, run_after=None
[2025-11-12T23:33:28.699+0000] {processor.py:183} INFO - Processing /home/airflow/.local/lib/python3.8/site-packages/airflow/example_dags/example_external_task_marker_dag.py took 0.066 seconds
[2025-11-12T23:33:59.023+0000] {processor.py:161} INFO - Started process (PID=236) to work on /home/airflow/.local/lib/python3.8/site-packages/airflow/example_dags/example_external_task_marker_dag.py
[2025-11-12T23:33:59.024+0000] {processor.py:830} INFO - Processing file /home/airflow/.local/lib/python3.8/site-packages/airflow/example_dags/example_external_task_marker_dag.py for tasks to queue
[2025-11-12T23:33:59.025+0000] {logging_mixin.py:188} INFO - [2025-11-12T23:33:59.025+0000] {dagbag.py:538} INFO - Filling up the DagBag from /home/airflow/.local/lib/python3.8/site-packages/airflow/example_dags/example_external_task_marker_dag.py
[2025-11-12T23:33:59.029+0000] {processor.py:840} INFO - DAG(s) 'example_external_task_marker_child', 'example_external_task_marker_parent' retrieved from /home/airflow/.local/lib/python3.8/site-packages/airflow/example_dags/example_external_task_marker_dag.py
[2025-11-12T23:33:59.046+0000] {logging_mixin.py:188} INFO - [2025-11-12T23:33:59.046+0000] {dag.py:3036} INFO - Sync 2 DAGs
[2025-11-12T23:33:59.056+0000] {logging_mixin.py:188} INFO - [2025-11-12T23:33:59.056+0000] {dag.py:3823} INFO - Setting next_dagrun for example_external_task_marker_child to None, run_after=None
[2025-11-12T23:33:59.059+0000] {logging_mixin.py:188} INFO - [2025-11-12T23:33:59.058+0000] {dag.py:3823} INFO - Setting next_dagrun for example_external_task_marker_parent to None, run_after=None
[2025-11-12T23:33:59.071+0000] {processor.py:183} INFO - Processing /home/airflow/.local/lib/python3.8/site-packages/airflow/example_dags/example_external_task_marker_dag.py took 0.051 seconds
[2025-11-12T23:34:30.086+0000] {processor.py:161} INFO - Started process (PID=299) to work on /home/airflow/.local/lib/python3.8/site-packages/airflow/example_dags/example_external_task_marker_dag.py
[2025-11-12T23:34:30.087+0000] {processor.py:830} INFO - Processing file /home/airflow/.local/lib/python3.8/site-packages/airflow/example_dags/example_external_task_marker_dag.py for tasks to queue
[2025-11-12T23:34:30.088+0000] {logging_mixin.py:188} INFO - [2025-11-12T23:34:30.088+0000] {dagbag.py:538} INFO - Filling up the DagBag from /home/airflow/.local/lib/python3.8/site-packages/airflow/example_dags/example_external_task_marker_dag.py
[2025-11-12T23:34:30.093+0000] {processor.py:840} INFO - DAG(s) 'example_external_task_marker_child', 'example_external_task_marker_parent' retrieved from /home/airflow/.local/lib/python3.8/site-packages/airflow/example_dags/example_external_task_marker_dag.py
[2025-11-12T23:34:30.110+0000] {logging_mixin.py:188} INFO - [2025-11-12T23:34:30.110+0000] {dag.py:3036} INFO - Sync 2 DAGs
[2025-11-12T23:34:30.121+0000] {logging_mixin.py:188} INFO - [2025-11-12T23:34:30.121+0000] {dag.py:3823} INFO - Setting next_dagrun for example_external_task_marker_child to None, run_after=None
[2025-11-12T23:34:30.123+0000] {logging_mixin.py:188} INFO - [2025-11-12T23:34:30.123+0000] {dag.py:3823} INFO - Setting next_dagrun for example_external_task_marker_parent to None, run_after=None
[2025-11-12T23:34:30.136+0000] {processor.py:183} INFO - Processing /home/airflow/.local/lib/python3.8/site-packages/airflow/example_dags/example_external_task_marker_dag.py took 0.053 seconds
[2025-11-12T23:35:01.219+0000] {processor.py:161} INFO - Started process (PID=356) to work on /home/airflow/.local/lib/python3.8/site-packages/airflow/example_dags/example_external_task_marker_dag.py
[2025-11-12T23:35:01.220+0000] {processor.py:830} INFO - Processing file /home/airflow/.local/lib/python3.8/site-packages/airflow/example_dags/example_external_task_marker_dag.py for tasks to queue
[2025-11-12T23:35:01.221+0000] {logging_mixin.py:188} INFO - [2025-11-12T23:35:01.221+0000] {dagbag.py:538} INFO - Filling up the DagBag from /home/airflow/.local/lib/python3.8/site-packages/airflow/example_dags/example_external_task_marker_dag.py
[2025-11-12T23:35:01.225+0000] {processor.py:840} INFO - DAG(s) 'example_external_task_marker_child', 'example_external_task_marker_parent' retrieved from /home/airflow/.local/lib/python3.8/site-packages/airflow/example_dags/example_external_task_marker_dag.py
[2025-11-12T23:35:01.242+0000] {logging_mixin.py:188} INFO - [2025-11-12T23:35:01.242+0000] {dag.py:3036} INFO - Sync 2 DAGs
[2025-11-12T23:35:01.252+0000] {logging_mixin.py:188} INFO - [2025-11-12T23:35:01.252+0000] {dag.py:3823} INFO - Setting next_dagrun for example_external_task_marker_child to None, run_after=None
[2025-11-12T23:35:01.255+0000] {logging_mixin.py:188} INFO - [2025-11-12T23:35:01.255+0000] {dag.py:3823} INFO - Setting next_dagrun for example_external_task_marker_parent to None, run_after=None
[2025-11-12T23:35:01.266+0000] {processor.py:183} INFO - Processing /home/airflow/.local/lib/python3.8/site-packages/airflow/example_dags/example_external_task_marker_dag.py took 0.049 seconds
[2025-11-12T23:35:31.441+0000] {processor.py:161} INFO - Started process (PID=413) to work on /home/airflow/.local/lib/python3.8/site-packages/airflow/example_dags/example_external_task_marker_dag.py
[2025-11-12T23:35:31.441+0000] {processor.py:830} INFO - Processing file /home/airflow/.local/lib/python3.8/site-packages/airflow/example_dags/example_external_task_marker_dag.py for tasks to queue
[2025-11-12T23:35:31.443+0000] {logging_mixin.py:188} INFO - [2025-11-12T23:35:31.442+0000] {dagbag.py:538} INFO - Filling up the DagBag from /home/airflow/.local/lib/python3.8/site-packages/airflow/example_dags/example_external_task_marker_dag.py
[2025-11-12T23:35:31.448+0000] {processor.py:840} INFO - DAG(s) 'example_external_task_marker_child', 'example_external_task_marker_parent' retrieved from /home/airflow/.local/lib/python3.8/site-packages/airflow/example_dags/example_external_task_marker_dag.py
[2025-11-12T23:35:31.465+0000] {logging_mixin.py:188} INFO - [2025-11-12T23:35:31.465+0000] {dag.py:3036} INFO - Sync 2 DAGs
[2025-11-12T23:35:31.476+0000] {logging_mixin.py:188} INFO - [2025-11-12T23:35:31.475+0000] {dag.py:3823} INFO - Setting next_dagrun for example_external_task_marker_child to None, run_after=None
[2025-11-12T23:35:31.478+0000] {logging_mixin.py:188} INFO - [2025-11-12T23:35:31.478+0000] {dag.py:3823} INFO - Setting next_dagrun for example_external_task_marker_parent to None, run_after=None
[2025-11-12T23:35:31.489+0000] {processor.py:183} INFO - Processing /home/airflow/.local/lib/python3.8/site-packages/airflow/example_dags/example_external_task_marker_dag.py took 0.051 seconds
[2025-11-12T23:36:01.685+0000] {processor.py:161} INFO - Started process (PID=469) to work on /home/airflow/.local/lib/python3.8/site-packages/airflow/example_dags/example_external_task_marker_dag.py
[2025-11-12T23:36:01.686+0000] {processor.py:830} INFO - Processing file /home/airflow/.local/lib/python3.8/site-packages/airflow/example_dags/example_external_task_marker_dag.py for tasks to queue
[2025-11-12T23:36:01.687+0000] {logging_mixin.py:188} INFO - [2025-11-12T23:36:01.687+0000] {dagbag.py:538} INFO - Filling up the DagBag from /home/airflow/.local/lib/python3.8/site-packages/airflow/example_dags/example_external_task_marker_dag.py
[2025-11-12T23:36:01.692+0000] {processor.py:840} INFO - DAG(s) 'example_external_task_marker_child', 'example_external_task_marker_parent' retrieved from /home/airflow/.local/lib/python3.8/site-packages/airflow/example_dags/example_external_task_marker_dag.py
[2025-11-12T23:36:01.711+0000] {logging_mixin.py:188} INFO - [2025-11-12T23:36:01.710+0000] {dag.py:3036} INFO - Sync 2 DAGs
[2025-11-12T23:36:01.720+0000] {logging_mixin.py:188} INFO - [2025-11-12T23:36:01.720+0000] {dag.py:3823} INFO - Setting next_dagrun for example_external_task_marker_child to None, run_after=None
[2025-11-12T23:36:01.723+0000] {logging_mixin.py:188} INFO - [2025-11-12T23:36:01.723+0000] {dag.py:3823} INFO - Setting next_dagrun for example_external_task_marker_parent to None, run_after=None
[2025-11-12T23:36:01.734+0000] {processor.py:183} INFO - Processing /home/airflow/.local/lib/python3.8/site-packages/airflow/example_dags/example_external_task_marker_dag.py took 0.052 seconds
[2025-11-12T23:36:31.999+0000] {processor.py:161} INFO - Started process (PID=525) to work on /home/airflow/.local/lib/python3.8/site-packages/airflow/example_dags/example_external_task_marker_dag.py
[2025-11-12T23:36:31.999+0000] {processor.py:830} INFO - Processing file /home/airflow/.local/lib/python3.8/site-packages/airflow/example_dags/example_external_task_marker_dag.py for tasks to queue
[2025-11-12T23:36:32.001+0000] {logging_mixin.py:188} INFO - [2025-11-12T23:36:32.000+0000] {dagbag.py:538} INFO - Filling up the DagBag from /home/airflow/.local/lib/python3.8/site-packages/airflow/example_dags/example_external_task_marker_dag.py
[2025-11-12T23:36:32.005+0000] {processor.py:840} INFO - DAG(s) 'example_external_task_marker_parent', 'example_external_task_marker_child' retrieved from /home/airflow/.local/lib/python3.8/site-packages/airflow/example_dags/example_external_task_marker_dag.py
[2025-11-12T23:36:32.022+0000] {logging_mixin.py:188} INFO - [2025-11-12T23:36:32.022+0000] {dag.py:3036} INFO - Sync 2 DAGs
[2025-11-12T23:36:32.034+0000] {logging_mixin.py:188} INFO - [2025-11-12T23:36:32.034+0000] {dag.py:3823} INFO - Setting next_dagrun for example_external_task_marker_child to None, run_after=None
[2025-11-12T23:36:32.036+0000] {logging_mixin.py:188} INFO - [2025-11-12T23:36:32.036+0000] {dag.py:3823} INFO - Setting next_dagrun for example_external_task_marker_parent to None, run_after=None
[2025-11-12T23:36:32.047+0000] {processor.py:183} INFO - Processing /home/airflow/.local/lib/python3.8/site-packages/airflow/example_dags/example_external_task_marker_dag.py took 0.051 seconds
[2025-11-12T23:37:02.299+0000] {processor.py:161} INFO - Started process (PID=582) to work on /home/airflow/.local/lib/python3.8/site-packages/airflow/example_dags/example_external_task_marker_dag.py
[2025-11-12T23:37:02.300+0000] {processor.py:830} INFO - Processing file /home/airflow/.local/lib/python3.8/site-packages/airflow/example_dags/example_external_task_marker_dag.py for tasks to queue
[2025-11-12T23:37:02.301+0000] {logging_mixin.py:188} INFO - [2025-11-12T23:37:02.301+0000] {dagbag.py:538} INFO - Filling up the DagBag from /home/airflow/.local/lib/python3.8/site-packages/airflow/example_dags/example_external_task_marker_dag.py
[2025-11-12T23:37:02.306+0000] {processor.py:840} INFO - DAG(s) 'example_external_task_marker_child', 'example_external_task_marker_parent' retrieved from /home/airflow/.local/lib/python3.8/site-packages/airflow/example_dags/example_external_task_marker_dag.py
[2025-11-12T23:37:02.323+0000] {logging_mixin.py:188} INFO - [2025-11-12T23:37:02.323+0000] {dag.py:3036} INFO - Sync 2 DAGs
[2025-11-12T23:37:02.332+0000] {logging_mixin.py:188} INFO - [2025-11-12T23:37:02.332+0000] {dag.py:3823} INFO - Setting next_dagrun for example_external_task_marker_child to None, run_after=None
[2025-11-12T23:37:02.336+0000] {logging_mixin.py:188} INFO - [2025-11-12T23:37:02.335+0000] {dag.py:3823} INFO - Setting next_dagrun for example_external_task_marker_parent to None, run_after=None
[2025-11-12T23:37:02.347+0000] {processor.py:183} INFO - Processing /home/airflow/.local/lib/python3.8/site-packages/airflow/example_dags/example_external_task_marker_dag.py took 0.050 seconds
[2025-11-12T23:37:32.545+0000] {processor.py:161} INFO - Started process (PID=639) to work on /home/airflow/.local/lib/python3.8/site-packages/airflow/example_dags/example_external_task_marker_dag.py
[2025-11-12T23:37:32.546+0000] {processor.py:830} INFO - Processing file /home/airflow/.local/lib/python3.8/site-packages/airflow/example_dags/example_external_task_marker_dag.py for tasks to queue
[2025-11-12T23:37:32.547+0000] {logging_mixin.py:188} INFO - [2025-11-12T23:37:32.547+0000] {dagbag.py:538} INFO - Filling up the DagBag from /home/airflow/.local/lib/python3.8/site-packages/airflow/example_dags/example_external_task_marker_dag.py
[2025-11-12T23:37:32.551+0000] {processor.py:840} INFO - DAG(s) 'example_external_task_marker_child', 'example_external_task_marker_parent' retrieved from /home/airflow/.local/lib/python3.8/site-packages/airflow/example_dags/example_external_task_marker_dag.py
[2025-11-12T23:37:32.569+0000] {logging_mixin.py:188} INFO - [2025-11-12T23:37:32.569+0000] {dag.py:3036} INFO - Sync 2 DAGs
[2025-11-12T23:37:32.579+0000] {logging_mixin.py:188} INFO - [2025-11-12T23:37:32.579+0000] {dag.py:3823} INFO - Setting next_dagrun for example_external_task_marker_child to None, run_after=None
[2025-11-12T23:37:32.582+0000] {logging_mixin.py:188} INFO - [2025-11-12T23:37:32.582+0000] {dag.py:3823} INFO - Setting next_dagrun for example_external_task_marker_parent to None, run_after=None
[2025-11-12T23:37:32.594+0000] {processor.py:183} INFO - Processing /home/airflow/.local/lib/python3.8/site-packages/airflow/example_dags/example_external_task_marker_dag.py took 0.052 seconds
[2025-11-12T23:38:02.778+0000] {processor.py:161} INFO - Started process (PID=696) to work on /home/airflow/.local/lib/python3.8/site-packages/airflow/example_dags/example_external_task_marker_dag.py
[2025-11-12T23:38:02.778+0000] {processor.py:830} INFO - Processing file /home/airflow/.local/lib/python3.8/site-packages/airflow/example_dags/example_external_task_marker_dag.py for tasks to queue
[2025-11-12T23:38:02.780+0000] {logging_mixin.py:188} INFO - [2025-11-12T23:38:02.779+0000] {dagbag.py:538} INFO - Filling up the DagBag from /home/airflow/.local/lib/python3.8/site-packages/airflow/example_dags/example_external_task_marker_dag.py
[2025-11-12T23:38:02.784+0000] {processor.py:840} INFO - DAG(s) 'example_external_task_marker_child', 'example_external_task_marker_parent' retrieved from /home/airflow/.local/lib/python3.8/site-packages/airflow/example_dags/example_external_task_marker_dag.py
[2025-11-12T23:38:02.801+0000] {logging_mixin.py:188} INFO - [2025-11-12T23:38:02.801+0000] {dag.py:3036} INFO - Sync 2 DAGs
[2025-11-12T23:38:02.811+0000] {logging_mixin.py:188} INFO - [2025-11-12T23:38:02.811+0000] {dag.py:3823} INFO - Setting next_dagrun for example_external_task_marker_child to None, run_after=None
[2025-11-12T23:38:02.813+0000] {logging_mixin.py:188} INFO - [2025-11-12T23:38:02.813+0000] {dag.py:3823} INFO - Setting next_dagrun for example_external_task_marker_parent to None, run_after=None
[2025-11-12T23:38:02.825+0000] {processor.py:183} INFO - Processing /home/airflow/.local/lib/python3.8/site-packages/airflow/example_dags/example_external_task_marker_dag.py took 0.049 seconds
[2025-11-12T23:38:33.130+0000] {processor.py:161} INFO - Started process (PID=753) to work on /home/airflow/.local/lib/python3.8/site-packages/airflow/example_dags/example_external_task_marker_dag.py
[2025-11-12T23:38:33.131+0000] {processor.py:830} INFO - Processing file /home/airflow/.local/lib/python3.8/site-packages/airflow/example_dags/example_external_task_marker_dag.py for tasks to queue
[2025-11-12T23:38:33.132+0000] {logging_mixin.py:188} INFO - [2025-11-12T23:38:33.132+0000] {dagbag.py:538} INFO - Filling up the DagBag from /home/airflow/.local/lib/python3.8/site-packages/airflow/example_dags/example_external_task_marker_dag.py
[2025-11-12T23:38:33.136+0000] {processor.py:840} INFO - DAG(s) 'example_external_task_marker_parent', 'example_external_task_marker_child' retrieved from /home/airflow/.local/lib/python3.8/site-packages/airflow/example_dags/example_external_task_marker_dag.py
[2025-11-12T23:38:33.154+0000] {logging_mixin.py:188} INFO - [2025-11-12T23:38:33.154+0000] {dag.py:3036} INFO - Sync 2 DAGs
[2025-11-12T23:38:33.165+0000] {logging_mixin.py:188} INFO - [2025-11-12T23:38:33.165+0000] {dag.py:3823} INFO - Setting next_dagrun for example_external_task_marker_child to None, run_after=None
[2025-11-12T23:38:33.168+0000] {logging_mixin.py:188} INFO - [2025-11-12T23:38:33.167+0000] {dag.py:3823} INFO - Setting next_dagrun for example_external_task_marker_parent to None, run_after=None
[2025-11-12T23:38:33.179+0000] {processor.py:183} INFO - Processing /home/airflow/.local/lib/python3.8/site-packages/airflow/example_dags/example_external_task_marker_dag.py took 0.052 seconds
[2025-11-12T23:39:03.489+0000] {processor.py:161} INFO - Started process (PID=810) to work on /home/airflow/.local/lib/python3.8/site-packages/airflow/example_dags/example_external_task_marker_dag.py
[2025-11-12T23:39:03.490+0000] {processor.py:830} INFO - Processing file /home/airflow/.local/lib/python3.8/site-packages/airflow/example_dags/example_external_task_marker_dag.py for tasks to queue
[2025-11-12T23:39:03.492+0000] {logging_mixin.py:188} INFO - [2025-11-12T23:39:03.491+0000] {dagbag.py:538} INFO - Filling up the DagBag from /home/airflow/.local/lib/python3.8/site-packages/airflow/example_dags/example_external_task_marker_dag.py
[2025-11-12T23:39:03.497+0000] {processor.py:840} INFO - DAG(s) 'example_external_task_marker_child', 'example_external_task_marker_parent' retrieved from /home/airflow/.local/lib/python3.8/site-packages/airflow/example_dags/example_external_task_marker_dag.py
[2025-11-12T23:39:03.515+0000] {logging_mixin.py:188} INFO - [2025-11-12T23:39:03.515+0000] {dag.py:3036} INFO - Sync 2 DAGs
[2025-11-12T23:39:03.525+0000] {logging_mixin.py:188} INFO - [2025-11-12T23:39:03.525+0000] {dag.py:3823} INFO - Setting next_dagrun for example_external_task_marker_child to None, run_after=None
[2025-11-12T23:39:03.528+0000] {logging_mixin.py:188} INFO - [2025-11-12T23:39:03.527+0000] {dag.py:3823} INFO - Setting next_dagrun for example_external_task_marker_parent to None, run_after=None
[2025-11-12T23:39:03.539+0000] {processor.py:183} INFO - Processing /home/airflow/.local/lib/python3.8/site-packages/airflow/example_dags/example_external_task_marker_dag.py took 0.053 seconds
[2025-11-12T23:39:33.871+0000] {processor.py:161} INFO - Started process (PID=867) to work on /home/airflow/.local/lib/python3.8/site-packages/airflow/example_dags/example_external_task_marker_dag.py
[2025-11-12T23:39:33.872+0000] {processor.py:830} INFO - Processing file /home/airflow/.local/lib/python3.8/site-packages/airflow/example_dags/example_external_task_marker_dag.py for tasks to queue
[2025-11-12T23:39:33.873+0000] {logging_mixin.py:188} INFO - [2025-11-12T23:39:33.873+0000] {dagbag.py:538} INFO - Filling up the DagBag from /home/airflow/.local/lib/python3.8/site-packages/airflow/example_dags/example_external_task_marker_dag.py
[2025-11-12T23:39:33.878+0000] {processor.py:840} INFO - DAG(s) 'example_external_task_marker_child', 'example_external_task_marker_parent' retrieved from /home/airflow/.local/lib/python3.8/site-packages/airflow/example_dags/example_external_task_marker_dag.py
[2025-11-12T23:39:33.894+0000] {logging_mixin.py:188} INFO - [2025-11-12T23:39:33.894+0000] {dag.py:3036} INFO - Sync 2 DAGs
[2025-11-12T23:39:33.904+0000] {logging_mixin.py:188} INFO - [2025-11-12T23:39:33.904+0000] {dag.py:3823} INFO - Setting next_dagrun for example_external_task_marker_child to None, run_after=None
[2025-11-12T23:39:33.906+0000] {logging_mixin.py:188} INFO - [2025-11-12T23:39:33.906+0000] {dag.py:3823} INFO - Setting next_dagrun for example_external_task_marker_parent to None, run_after=None
[2025-11-12T23:39:33.918+0000] {processor.py:183} INFO - Processing /home/airflow/.local/lib/python3.8/site-packages/airflow/example_dags/example_external_task_marker_dag.py took 0.049 seconds
[2025-11-12T23:40:04.176+0000] {processor.py:161} INFO - Started process (PID=924) to work on /home/airflow/.local/lib/python3.8/site-packages/airflow/example_dags/example_external_task_marker_dag.py
[2025-11-12T23:40:04.177+0000] {processor.py:830} INFO - Processing file /home/airflow/.local/lib/python3.8/site-packages/airflow/example_dags/example_external_task_marker_dag.py for tasks to queue
[2025-11-12T23:40:04.178+0000] {logging_mixin.py:188} INFO - [2025-11-12T23:40:04.178+0000] {dagbag.py:538} INFO - Filling up the DagBag from /home/airflow/.local/lib/python3.8/site-packages/airflow/example_dags/example_external_task_marker_dag.py
[2025-11-12T23:40:04.183+0000] {processor.py:840} INFO - DAG(s) 'example_external_task_marker_child', 'example_external_task_marker_parent' retrieved from /home/airflow/.local/lib/python3.8/site-packages/airflow/example_dags/example_external_task_marker_dag.py
[2025-11-12T23:40:04.201+0000] {logging_mixin.py:188} INFO - [2025-11-12T23:40:04.201+0000] {dag.py:3036} INFO - Sync 2 DAGs
[2025-11-12T23:40:04.212+0000] {logging_mixin.py:188} INFO - [2025-11-12T23:40:04.212+0000] {dag.py:3823} INFO - Setting next_dagrun for example_external_task_marker_child to None, run_after=None
[2025-11-12T23:40:04.215+0000] {logging_mixin.py:188} INFO - [2025-11-12T23:40:04.214+0000] {dag.py:3823} INFO - Setting next_dagrun for example_external_task_marker_parent to None, run_after=None
[2025-11-12T23:40:04.227+0000] {processor.py:183} INFO - Processing /home/airflow/.local/lib/python3.8/site-packages/airflow/example_dags/example_external_task_marker_dag.py took 0.053 seconds
[2025-11-12T23:40:34.320+0000] {processor.py:161} INFO - Started process (PID=981) to work on /home/airflow/.local/lib/python3.8/site-packages/airflow/example_dags/example_external_task_marker_dag.py
[2025-11-12T23:40:34.321+0000] {processor.py:830} INFO - Processing file /home/airflow/.local/lib/python3.8/site-packages/airflow/example_dags/example_external_task_marker_dag.py for tasks to queue
[2025-11-12T23:40:34.323+0000] {logging_mixin.py:188} INFO - [2025-11-12T23:40:34.322+0000] {dagbag.py:538} INFO - Filling up the DagBag from /home/airflow/.local/lib/python3.8/site-packages/airflow/example_dags/example_external_task_marker_dag.py
[2025-11-12T23:40:34.327+0000] {processor.py:840} INFO - DAG(s) 'example_external_task_marker_child', 'example_external_task_marker_parent' retrieved from /home/airflow/.local/lib/python3.8/site-packages/airflow/example_dags/example_external_task_marker_dag.py
[2025-11-12T23:40:34.344+0000] {logging_mixin.py:188} INFO - [2025-11-12T23:40:34.344+0000] {dag.py:3036} INFO - Sync 2 DAGs
[2025-11-12T23:40:34.354+0000] {logging_mixin.py:188} INFO - [2025-11-12T23:40:34.354+0000] {dag.py:3823} INFO - Setting next_dagrun for example_external_task_marker_child to None, run_after=None
[2025-11-12T23:40:34.357+0000] {logging_mixin.py:188} INFO - [2025-11-12T23:40:34.356+0000] {dag.py:3823} INFO - Setting next_dagrun for example_external_task_marker_parent to None, run_after=None
[2025-11-12T23:40:34.370+0000] {processor.py:183} INFO - Processing /home/airflow/.local/lib/python3.8/site-packages/airflow/example_dags/example_external_task_marker_dag.py took 0.052 seconds
[2025-11-12T23:41:04.474+0000] {processor.py:161} INFO - Started process (PID=1038) to work on /home/airflow/.local/lib/python3.8/site-packages/airflow/example_dags/example_external_task_marker_dag.py
[2025-11-12T23:41:04.475+0000] {processor.py:830} INFO - Processing file /home/airflow/.local/lib/python3.8/site-packages/airflow/example_dags/example_external_task_marker_dag.py for tasks to queue
[2025-11-12T23:41:04.476+0000] {logging_mixin.py:188} INFO - [2025-11-12T23:41:04.476+0000] {dagbag.py:538} INFO - Filling up the DagBag from /home/airflow/.local/lib/python3.8/site-packages/airflow/example_dags/example_external_task_marker_dag.py
[2025-11-12T23:41:04.481+0000] {processor.py:840} INFO - DAG(s) 'example_external_task_marker_child', 'example_external_task_marker_parent' retrieved from /home/airflow/.local/lib/python3.8/site-packages/airflow/example_dags/example_external_task_marker_dag.py
[2025-11-12T23:41:04.499+0000] {logging_mixin.py:188} INFO - [2025-11-12T23:41:04.499+0000] {dag.py:3036} INFO - Sync 2 DAGs
[2025-11-12T23:41:04.510+0000] {logging_mixin.py:188} INFO - [2025-11-12T23:41:04.510+0000] {dag.py:3823} INFO - Setting next_dagrun for example_external_task_marker_child to None, run_after=None
[2025-11-12T23:41:04.513+0000] {logging_mixin.py:188} INFO - [2025-11-12T23:41:04.513+0000] {dag.py:3823} INFO - Setting next_dagrun for example_external_task_marker_parent to None, run_after=None
[2025-11-12T23:41:04.525+0000] {processor.py:183} INFO - Processing /home/airflow/.local/lib/python3.8/site-packages/airflow/example_dags/example_external_task_marker_dag.py took 0.054 seconds
[2025-11-12T23:41:34.666+0000] {processor.py:161} INFO - Started process (PID=1094) to work on /home/airflow/.local/lib/python3.8/site-packages/airflow/example_dags/example_external_task_marker_dag.py
[2025-11-12T23:41:34.667+0000] {processor.py:830} INFO - Processing file /home/airflow/.local/lib/python3.8/site-packages/airflow/example_dags/example_external_task_marker_dag.py for tasks to queue
[2025-11-12T23:41:34.669+0000] {logging_mixin.py:188} INFO - [2025-11-12T23:41:34.668+0000] {dagbag.py:538} INFO - Filling up the DagBag from /home/airflow/.local/lib/python3.8/site-packages/airflow/example_dags/example_external_task_marker_dag.py
[2025-11-12T23:41:34.674+0000] {processor.py:840} INFO - DAG(s) 'example_external_task_marker_parent', 'example_external_task_marker_child' retrieved from /home/airflow/.local/lib/python3.8/site-packages/airflow/example_dags/example_external_task_marker_dag.py
[2025-11-12T23:41:34.693+0000] {logging_mixin.py:188} INFO - [2025-11-12T23:41:34.693+0000] {dag.py:3036} INFO - Sync 2 DAGs
[2025-11-12T23:41:34.703+0000] {logging_mixin.py:188} INFO - [2025-11-12T23:41:34.703+0000] {dag.py:3823} INFO - Setting next_dagrun for example_external_task_marker_child to None, run_after=None
[2025-11-12T23:41:34.706+0000] {logging_mixin.py:188} INFO - [2025-11-12T23:41:34.706+0000] {dag.py:3823} INFO - Setting next_dagrun for example_external_task_marker_parent to None, run_after=None
[2025-11-12T23:41:34.718+0000] {processor.py:183} INFO - Processing /home/airflow/.local/lib/python3.8/site-packages/airflow/example_dags/example_external_task_marker_dag.py took 0.054 seconds
[2025-11-12T23:42:04.809+0000] {processor.py:161} INFO - Started process (PID=1151) to work on /home/airflow/.local/lib/python3.8/site-packages/airflow/example_dags/example_external_task_marker_dag.py
[2025-11-12T23:42:04.810+0000] {processor.py:830} INFO - Processing file /home/airflow/.local/lib/python3.8/site-packages/airflow/example_dags/example_external_task_marker_dag.py for tasks to queue
[2025-11-12T23:42:04.811+0000] {logging_mixin.py:188} INFO - [2025-11-12T23:42:04.811+0000] {dagbag.py:538} INFO - Filling up the DagBag from /home/airflow/.local/lib/python3.8/site-packages/airflow/example_dags/example_external_task_marker_dag.py
[2025-11-12T23:42:04.816+0000] {processor.py:840} INFO - DAG(s) 'example_external_task_marker_parent', 'example_external_task_marker_child' retrieved from /home/airflow/.local/lib/python3.8/site-packages/airflow/example_dags/example_external_task_marker_dag.py
[2025-11-12T23:42:04.839+0000] {logging_mixin.py:188} INFO - [2025-11-12T23:42:04.838+0000] {dag.py:3036} INFO - Sync 2 DAGs
[2025-11-12T23:42:04.848+0000] {logging_mixin.py:188} INFO - [2025-11-12T23:42:04.848+0000] {dag.py:3823} INFO - Setting next_dagrun for example_external_task_marker_child to None, run_after=None
[2025-11-12T23:42:04.851+0000] {logging_mixin.py:188} INFO - [2025-11-12T23:42:04.851+0000] {dag.py:3823} INFO - Setting next_dagrun for example_external_task_marker_parent to None, run_after=None
[2025-11-12T23:42:04.864+0000] {processor.py:183} INFO - Processing /home/airflow/.local/lib/python3.8/site-packages/airflow/example_dags/example_external_task_marker_dag.py took 0.057 seconds
[2025-11-12T23:42:35.127+0000] {processor.py:161} INFO - Started process (PID=1208) to work on /home/airflow/.local/lib/python3.8/site-packages/airflow/example_dags/example_external_task_marker_dag.py
[2025-11-12T23:42:35.128+0000] {processor.py:830} INFO - Processing file /home/airflow/.local/lib/python3.8/site-packages/airflow/example_dags/example_external_task_marker_dag.py for tasks to queue
[2025-11-12T23:42:35.130+0000] {logging_mixin.py:188} INFO - [2025-11-12T23:42:35.129+0000] {dagbag.py:538} INFO - Filling up the DagBag from /home/airflow/.local/lib/python3.8/site-packages/airflow/example_dags/example_external_task_marker_dag.py
[2025-11-12T23:42:35.134+0000] {processor.py:840} INFO - DAG(s) 'example_external_task_marker_parent', 'example_external_task_marker_child' retrieved from /home/airflow/.local/lib/python3.8/site-packages/airflow/example_dags/example_external_task_marker_dag.py
[2025-11-12T23:42:35.153+0000] {logging_mixin.py:188} INFO - [2025-11-12T23:42:35.153+0000] {dag.py:3036} INFO - Sync 2 DAGs
[2025-11-12T23:42:35.163+0000] {logging_mixin.py:188} INFO - [2025-11-12T23:42:35.163+0000] {dag.py:3823} INFO - Setting next_dagrun for example_external_task_marker_child to None, run_after=None
[2025-11-12T23:42:35.166+0000] {logging_mixin.py:188} INFO - [2025-11-12T23:42:35.166+0000] {dag.py:3823} INFO - Setting next_dagrun for example_external_task_marker_parent to None, run_after=None
[2025-11-12T23:42:35.181+0000] {processor.py:183} INFO - Processing /home/airflow/.local/lib/python3.8/site-packages/airflow/example_dags/example_external_task_marker_dag.py took 0.056 seconds
[2025-11-12T23:43:05.488+0000] {processor.py:161} INFO - Started process (PID=1265) to work on /home/airflow/.local/lib/python3.8/site-packages/airflow/example_dags/example_external_task_marker_dag.py
[2025-11-12T23:43:05.489+0000] {processor.py:830} INFO - Processing file /home/airflow/.local/lib/python3.8/site-packages/airflow/example_dags/example_external_task_marker_dag.py for tasks to queue
[2025-11-12T23:43:05.491+0000] {logging_mixin.py:188} INFO - [2025-11-12T23:43:05.490+0000] {dagbag.py:538} INFO - Filling up the DagBag from /home/airflow/.local/lib/python3.8/site-packages/airflow/example_dags/example_external_task_marker_dag.py
[2025-11-12T23:43:05.495+0000] {processor.py:840} INFO - DAG(s) 'example_external_task_marker_child', 'example_external_task_marker_parent' retrieved from /home/airflow/.local/lib/python3.8/site-packages/airflow/example_dags/example_external_task_marker_dag.py
[2025-11-12T23:43:05.514+0000] {logging_mixin.py:188} INFO - [2025-11-12T23:43:05.513+0000] {dag.py:3036} INFO - Sync 2 DAGs
[2025-11-12T23:43:05.524+0000] {logging_mixin.py:188} INFO - [2025-11-12T23:43:05.524+0000] {dag.py:3823} INFO - Setting next_dagrun for example_external_task_marker_child to None, run_after=None
[2025-11-12T23:43:05.527+0000] {logging_mixin.py:188} INFO - [2025-11-12T23:43:05.527+0000] {dag.py:3823} INFO - Setting next_dagrun for example_external_task_marker_parent to None, run_after=None
[2025-11-12T23:43:05.538+0000] {processor.py:183} INFO - Processing /home/airflow/.local/lib/python3.8/site-packages/airflow/example_dags/example_external_task_marker_dag.py took 0.052 seconds
[2025-11-12T23:43:35.664+0000] {processor.py:161} INFO - Started process (PID=1322) to work on /home/airflow/.local/lib/python3.8/site-packages/airflow/example_dags/example_external_task_marker_dag.py
[2025-11-12T23:43:35.664+0000] {processor.py:830} INFO - Processing file /home/airflow/.local/lib/python3.8/site-packages/airflow/example_dags/example_external_task_marker_dag.py for tasks to queue
[2025-11-12T23:43:35.666+0000] {logging_mixin.py:188} INFO - [2025-11-12T23:43:35.665+0000] {dagbag.py:538} INFO - Filling up the DagBag from /home/airflow/.local/lib/python3.8/site-packages/airflow/example_dags/example_external_task_marker_dag.py
[2025-11-12T23:43:35.670+0000] {processor.py:840} INFO - DAG(s) 'example_external_task_marker_child', 'example_external_task_marker_parent' retrieved from /home/airflow/.local/lib/python3.8/site-packages/airflow/example_dags/example_external_task_marker_dag.py
[2025-11-12T23:43:35.688+0000] {logging_mixin.py:188} INFO - [2025-11-12T23:43:35.688+0000] {dag.py:3036} INFO - Sync 2 DAGs
[2025-11-12T23:43:35.698+0000] {logging_mixin.py:188} INFO - [2025-11-12T23:43:35.698+0000] {dag.py:3823} INFO - Setting next_dagrun for example_external_task_marker_child to None, run_after=None
[2025-11-12T23:43:35.701+0000] {logging_mixin.py:188} INFO - [2025-11-12T23:43:35.701+0000] {dag.py:3823} INFO - Setting next_dagrun for example_external_task_marker_parent to None, run_after=None
[2025-11-12T23:43:35.712+0000] {processor.py:183} INFO - Processing /home/airflow/.local/lib/python3.8/site-packages/airflow/example_dags/example_external_task_marker_dag.py took 0.051 seconds
[2025-11-12T23:44:06.075+0000] {processor.py:161} INFO - Started process (PID=1379) to work on /home/airflow/.local/lib/python3.8/site-packages/airflow/example_dags/example_external_task_marker_dag.py
[2025-11-12T23:44:06.076+0000] {processor.py:830} INFO - Processing file /home/airflow/.local/lib/python3.8/site-packages/airflow/example_dags/example_external_task_marker_dag.py for tasks to queue
[2025-11-12T23:44:06.077+0000] {logging_mixin.py:188} INFO - [2025-11-12T23:44:06.077+0000] {dagbag.py:538} INFO - Filling up the DagBag from /home/airflow/.local/lib/python3.8/site-packages/airflow/example_dags/example_external_task_marker_dag.py
[2025-11-12T23:44:06.082+0000] {processor.py:840} INFO - DAG(s) 'example_external_task_marker_parent', 'example_external_task_marker_child' retrieved from /home/airflow/.local/lib/python3.8/site-packages/airflow/example_dags/example_external_task_marker_dag.py
[2025-11-12T23:44:06.100+0000] {logging_mixin.py:188} INFO - [2025-11-12T23:44:06.100+0000] {dag.py:3036} INFO - Sync 2 DAGs
[2025-11-12T23:44:06.111+0000] {logging_mixin.py:188} INFO - [2025-11-12T23:44:06.111+0000] {dag.py:3823} INFO - Setting next_dagrun for example_external_task_marker_child to None, run_after=None
[2025-11-12T23:44:06.114+0000] {logging_mixin.py:188} INFO - [2025-11-12T23:44:06.114+0000] {dag.py:3823} INFO - Setting next_dagrun for example_external_task_marker_parent to None, run_after=None
[2025-11-12T23:44:06.124+0000] {processor.py:183} INFO - Processing /home/airflow/.local/lib/python3.8/site-packages/airflow/example_dags/example_external_task_marker_dag.py took 0.052 seconds
[2025-11-12T23:44:36.226+0000] {processor.py:161} INFO - Started process (PID=1436) to work on /home/airflow/.local/lib/python3.8/site-packages/airflow/example_dags/example_external_task_marker_dag.py
[2025-11-12T23:44:36.227+0000] {processor.py:830} INFO - Processing file /home/airflow/.local/lib/python3.8/site-packages/airflow/example_dags/example_external_task_marker_dag.py for tasks to queue
[2025-11-12T23:44:36.228+0000] {logging_mixin.py:188} INFO - [2025-11-12T23:44:36.228+0000] {dagbag.py:538} INFO - Filling up the DagBag from /home/airflow/.local/lib/python3.8/site-packages/airflow/example_dags/example_external_task_marker_dag.py
[2025-11-12T23:44:36.233+0000] {processor.py:840} INFO - DAG(s) 'example_external_task_marker_parent', 'example_external_task_marker_child' retrieved from /home/airflow/.local/lib/python3.8/site-packages/airflow/example_dags/example_external_task_marker_dag.py
[2025-11-12T23:44:36.250+0000] {logging_mixin.py:188} INFO - [2025-11-12T23:44:36.250+0000] {dag.py:3036} INFO - Sync 2 DAGs
[2025-11-12T23:44:36.260+0000] {logging_mixin.py:188} INFO - [2025-11-12T23:44:36.259+0000] {dag.py:3823} INFO - Setting next_dagrun for example_external_task_marker_child to None, run_after=None
[2025-11-12T23:44:36.262+0000] {logging_mixin.py:188} INFO - [2025-11-12T23:44:36.262+0000] {dag.py:3823} INFO - Setting next_dagrun for example_external_task_marker_parent to None, run_after=None
[2025-11-12T23:44:36.273+0000] {processor.py:183} INFO - Processing /home/airflow/.local/lib/python3.8/site-packages/airflow/example_dags/example_external_task_marker_dag.py took 0.049 seconds
[2025-11-12T23:45:06.541+0000] {processor.py:161} INFO - Started process (PID=1493) to work on /home/airflow/.local/lib/python3.8/site-packages/airflow/example_dags/example_external_task_marker_dag.py
[2025-11-12T23:45:06.542+0000] {processor.py:830} INFO - Processing file /home/airflow/.local/lib/python3.8/site-packages/airflow/example_dags/example_external_task_marker_dag.py for tasks to queue
[2025-11-12T23:45:06.543+0000] {logging_mixin.py:188} INFO - [2025-11-12T23:45:06.543+0000] {dagbag.py:538} INFO - Filling up the DagBag from /home/airflow/.local/lib/python3.8/site-packages/airflow/example_dags/example_external_task_marker_dag.py
[2025-11-12T23:45:06.549+0000] {processor.py:840} INFO - DAG(s) 'example_external_task_marker_child', 'example_external_task_marker_parent' retrieved from /home/airflow/.local/lib/python3.8/site-packages/airflow/example_dags/example_external_task_marker_dag.py
[2025-11-12T23:45:06.567+0000] {logging_mixin.py:188} INFO - [2025-11-12T23:45:06.566+0000] {dag.py:3036} INFO - Sync 2 DAGs
[2025-11-12T23:45:06.577+0000] {logging_mixin.py:188} INFO - [2025-11-12T23:45:06.577+0000] {dag.py:3823} INFO - Setting next_dagrun for example_external_task_marker_child to None, run_after=None
[2025-11-12T23:45:06.580+0000] {logging_mixin.py:188} INFO - [2025-11-12T23:45:06.580+0000] {dag.py:3823} INFO - Setting next_dagrun for example_external_task_marker_parent to None, run_after=None
[2025-11-12T23:45:06.593+0000] {processor.py:183} INFO - Processing /home/airflow/.local/lib/python3.8/site-packages/airflow/example_dags/example_external_task_marker_dag.py took 0.054 seconds
[2025-11-12T23:45:36.641+0000] {processor.py:161} INFO - Started process (PID=1550) to work on /home/airflow/.local/lib/python3.8/site-packages/airflow/example_dags/example_external_task_marker_dag.py
[2025-11-12T23:45:36.641+0000] {processor.py:830} INFO - Processing file /home/airflow/.local/lib/python3.8/site-packages/airflow/example_dags/example_external_task_marker_dag.py for tasks to queue
[2025-11-12T23:45:36.643+0000] {logging_mixin.py:188} INFO - [2025-11-12T23:45:36.642+0000] {dagbag.py:538} INFO - Filling up the DagBag from /home/airflow/.local/lib/python3.8/site-packages/airflow/example_dags/example_external_task_marker_dag.py
[2025-11-12T23:45:36.648+0000] {processor.py:840} INFO - DAG(s) 'example_external_task_marker_parent', 'example_external_task_marker_child' retrieved from /home/airflow/.local/lib/python3.8/site-packages/airflow/example_dags/example_external_task_marker_dag.py
[2025-11-12T23:45:36.666+0000] {logging_mixin.py:188} INFO - [2025-11-12T23:45:36.666+0000] {dag.py:3036} INFO - Sync 2 DAGs
[2025-11-12T23:45:36.677+0000] {logging_mixin.py:188} INFO - [2025-11-12T23:45:36.677+0000] {dag.py:3823} INFO - Setting next_dagrun for example_external_task_marker_child to None, run_after=None
[2025-11-12T23:45:36.680+0000] {logging_mixin.py:188} INFO - [2025-11-12T23:45:36.680+0000] {dag.py:3823} INFO - Setting next_dagrun for example_external_task_marker_parent to None, run_after=None
[2025-11-12T23:45:36.697+0000] {processor.py:183} INFO - Processing /home/airflow/.local/lib/python3.8/site-packages/airflow/example_dags/example_external_task_marker_dag.py took 0.059 seconds
