[2025-11-12T23:32:28.612+0000] {processor.py:161} INFO - Started process (PID=75) to work on /home/airflow/.local/lib/python3.8/site-packages/airflow/example_dags/example_python_operator.py
[2025-11-12T23:32:28.613+0000] {processor.py:830} INFO - Processing file /home/airflow/.local/lib/python3.8/site-packages/airflow/example_dags/example_python_operator.py for tasks to queue
[2025-11-12T23:32:28.614+0000] {logging_mixin.py:188} INFO - [2025-11-12T23:32:28.614+0000] {dagbag.py:538} INFO - Filling up the DagBag from /home/airflow/.local/lib/python3.8/site-packages/airflow/example_dags/example_python_operator.py
[2025-11-12T23:32:28.624+0000] {processor.py:840} INFO - DAG(s) 'example_python_operator' retrieved from /home/airflow/.local/lib/python3.8/site-packages/airflow/example_dags/example_python_operator.py
[2025-11-12T23:32:28.703+0000] {logging_mixin.py:188} INFO - [2025-11-12T23:32:28.703+0000] {override.py:1769} INFO - Created Permission View: can delete on DAG:example_python_operator
[2025-11-12T23:32:28.710+0000] {logging_mixin.py:188} INFO - [2025-11-12T23:32:28.710+0000] {override.py:1769} INFO - Created Permission View: can edit on DAG:example_python_operator
[2025-11-12T23:32:28.715+0000] {logging_mixin.py:188} INFO - [2025-11-12T23:32:28.715+0000] {override.py:1769} INFO - Created Permission View: can read on DAG:example_python_operator
[2025-11-12T23:32:28.716+0000] {logging_mixin.py:188} INFO - [2025-11-12T23:32:28.716+0000] {dag.py:3036} INFO - Sync 1 DAGs
[2025-11-12T23:32:28.723+0000] {logging_mixin.py:188} INFO - [2025-11-12T23:32:28.723+0000] {dag.py:3058} INFO - Creating ORM DAG for example_python_operator
[2025-11-12T23:32:28.724+0000] {logging_mixin.py:188} INFO - [2025-11-12T23:32:28.724+0000] {dag.py:3823} INFO - Setting next_dagrun for example_python_operator to None, run_after=None
[2025-11-12T23:32:28.735+0000] {processor.py:183} INFO - Processing /home/airflow/.local/lib/python3.8/site-packages/airflow/example_dags/example_python_operator.py took 0.126 seconds
[2025-11-12T23:32:58.786+0000] {processor.py:161} INFO - Started process (PID=132) to work on /home/airflow/.local/lib/python3.8/site-packages/airflow/example_dags/example_python_operator.py
[2025-11-12T23:32:58.787+0000] {processor.py:830} INFO - Processing file /home/airflow/.local/lib/python3.8/site-packages/airflow/example_dags/example_python_operator.py for tasks to queue
[2025-11-12T23:32:58.788+0000] {logging_mixin.py:188} INFO - [2025-11-12T23:32:58.788+0000] {dagbag.py:538} INFO - Filling up the DagBag from /home/airflow/.local/lib/python3.8/site-packages/airflow/example_dags/example_python_operator.py
[2025-11-12T23:32:58.797+0000] {processor.py:840} INFO - DAG(s) 'example_python_operator' retrieved from /home/airflow/.local/lib/python3.8/site-packages/airflow/example_dags/example_python_operator.py
[2025-11-12T23:32:58.813+0000] {logging_mixin.py:188} INFO - [2025-11-12T23:32:58.813+0000] {dag.py:3036} INFO - Sync 1 DAGs
[2025-11-12T23:32:58.822+0000] {logging_mixin.py:188} INFO - [2025-11-12T23:32:58.822+0000] {dag.py:3823} INFO - Setting next_dagrun for example_python_operator to None, run_after=None
[2025-11-12T23:32:58.835+0000] {processor.py:183} INFO - Processing /home/airflow/.local/lib/python3.8/site-packages/airflow/example_dags/example_python_operator.py took 0.051 seconds
[2025-11-12T23:33:29.075+0000] {processor.py:161} INFO - Started process (PID=189) to work on /home/airflow/.local/lib/python3.8/site-packages/airflow/example_dags/example_python_operator.py
[2025-11-12T23:33:29.076+0000] {processor.py:830} INFO - Processing file /home/airflow/.local/lib/python3.8/site-packages/airflow/example_dags/example_python_operator.py for tasks to queue
[2025-11-12T23:33:29.078+0000] {logging_mixin.py:188} INFO - [2025-11-12T23:33:29.077+0000] {dagbag.py:538} INFO - Filling up the DagBag from /home/airflow/.local/lib/python3.8/site-packages/airflow/example_dags/example_python_operator.py
[2025-11-12T23:33:29.087+0000] {processor.py:840} INFO - DAG(s) 'example_python_operator' retrieved from /home/airflow/.local/lib/python3.8/site-packages/airflow/example_dags/example_python_operator.py
[2025-11-12T23:33:29.106+0000] {logging_mixin.py:188} INFO - [2025-11-12T23:33:29.106+0000] {dag.py:3036} INFO - Sync 1 DAGs
[2025-11-12T23:33:29.117+0000] {logging_mixin.py:188} INFO - [2025-11-12T23:33:29.117+0000] {dag.py:3823} INFO - Setting next_dagrun for example_python_operator to None, run_after=None
[2025-11-12T23:33:29.131+0000] {processor.py:183} INFO - Processing /home/airflow/.local/lib/python3.8/site-packages/airflow/example_dags/example_python_operator.py took 0.059 seconds
[2025-11-12T23:33:59.407+0000] {processor.py:161} INFO - Started process (PID=252) to work on /home/airflow/.local/lib/python3.8/site-packages/airflow/example_dags/example_python_operator.py
[2025-11-12T23:33:59.408+0000] {processor.py:830} INFO - Processing file /home/airflow/.local/lib/python3.8/site-packages/airflow/example_dags/example_python_operator.py for tasks to queue
[2025-11-12T23:33:59.410+0000] {logging_mixin.py:188} INFO - [2025-11-12T23:33:59.410+0000] {dagbag.py:538} INFO - Filling up the DagBag from /home/airflow/.local/lib/python3.8/site-packages/airflow/example_dags/example_python_operator.py
[2025-11-12T23:33:59.418+0000] {processor.py:840} INFO - DAG(s) 'example_python_operator' retrieved from /home/airflow/.local/lib/python3.8/site-packages/airflow/example_dags/example_python_operator.py
[2025-11-12T23:33:59.435+0000] {logging_mixin.py:188} INFO - [2025-11-12T23:33:59.435+0000] {dag.py:3036} INFO - Sync 1 DAGs
[2025-11-12T23:33:59.444+0000] {logging_mixin.py:188} INFO - [2025-11-12T23:33:59.444+0000] {dag.py:3823} INFO - Setting next_dagrun for example_python_operator to None, run_after=None
[2025-11-12T23:33:59.460+0000] {processor.py:183} INFO - Processing /home/airflow/.local/lib/python3.8/site-packages/airflow/example_dags/example_python_operator.py took 0.055 seconds
[2025-11-12T23:34:30.568+0000] {processor.py:161} INFO - Started process (PID=309) to work on /home/airflow/.local/lib/python3.8/site-packages/airflow/example_dags/example_python_operator.py
[2025-11-12T23:34:30.569+0000] {processor.py:830} INFO - Processing file /home/airflow/.local/lib/python3.8/site-packages/airflow/example_dags/example_python_operator.py for tasks to queue
[2025-11-12T23:34:30.571+0000] {logging_mixin.py:188} INFO - [2025-11-12T23:34:30.570+0000] {dagbag.py:538} INFO - Filling up the DagBag from /home/airflow/.local/lib/python3.8/site-packages/airflow/example_dags/example_python_operator.py
[2025-11-12T23:34:30.579+0000] {processor.py:840} INFO - DAG(s) 'example_python_operator' retrieved from /home/airflow/.local/lib/python3.8/site-packages/airflow/example_dags/example_python_operator.py
[2025-11-12T23:34:30.596+0000] {logging_mixin.py:188} INFO - [2025-11-12T23:34:30.595+0000] {dag.py:3036} INFO - Sync 1 DAGs
[2025-11-12T23:34:30.605+0000] {logging_mixin.py:188} INFO - [2025-11-12T23:34:30.605+0000] {dag.py:3823} INFO - Setting next_dagrun for example_python_operator to None, run_after=None
[2025-11-12T23:34:30.618+0000] {processor.py:183} INFO - Processing /home/airflow/.local/lib/python3.8/site-packages/airflow/example_dags/example_python_operator.py took 0.052 seconds
[2025-11-12T23:35:01.598+0000] {processor.py:161} INFO - Started process (PID=366) to work on /home/airflow/.local/lib/python3.8/site-packages/airflow/example_dags/example_python_operator.py
[2025-11-12T23:35:01.598+0000] {processor.py:830} INFO - Processing file /home/airflow/.local/lib/python3.8/site-packages/airflow/example_dags/example_python_operator.py for tasks to queue
[2025-11-12T23:35:01.599+0000] {logging_mixin.py:188} INFO - [2025-11-12T23:35:01.599+0000] {dagbag.py:538} INFO - Filling up the DagBag from /home/airflow/.local/lib/python3.8/site-packages/airflow/example_dags/example_python_operator.py
[2025-11-12T23:35:01.607+0000] {processor.py:840} INFO - DAG(s) 'example_python_operator' retrieved from /home/airflow/.local/lib/python3.8/site-packages/airflow/example_dags/example_python_operator.py
[2025-11-12T23:35:01.624+0000] {logging_mixin.py:188} INFO - [2025-11-12T23:35:01.624+0000] {dag.py:3036} INFO - Sync 1 DAGs
[2025-11-12T23:35:01.633+0000] {logging_mixin.py:188} INFO - [2025-11-12T23:35:01.633+0000] {dag.py:3823} INFO - Setting next_dagrun for example_python_operator to None, run_after=None
[2025-11-12T23:35:01.648+0000] {processor.py:183} INFO - Processing /home/airflow/.local/lib/python3.8/site-packages/airflow/example_dags/example_python_operator.py took 0.053 seconds
[2025-11-12T23:35:31.919+0000] {processor.py:161} INFO - Started process (PID=423) to work on /home/airflow/.local/lib/python3.8/site-packages/airflow/example_dags/example_python_operator.py
[2025-11-12T23:35:31.920+0000] {processor.py:830} INFO - Processing file /home/airflow/.local/lib/python3.8/site-packages/airflow/example_dags/example_python_operator.py for tasks to queue
[2025-11-12T23:35:31.921+0000] {logging_mixin.py:188} INFO - [2025-11-12T23:35:31.921+0000] {dagbag.py:538} INFO - Filling up the DagBag from /home/airflow/.local/lib/python3.8/site-packages/airflow/example_dags/example_python_operator.py
[2025-11-12T23:35:31.929+0000] {processor.py:840} INFO - DAG(s) 'example_python_operator' retrieved from /home/airflow/.local/lib/python3.8/site-packages/airflow/example_dags/example_python_operator.py
[2025-11-12T23:35:31.946+0000] {logging_mixin.py:188} INFO - [2025-11-12T23:35:31.945+0000] {dag.py:3036} INFO - Sync 1 DAGs
[2025-11-12T23:35:31.954+0000] {logging_mixin.py:188} INFO - [2025-11-12T23:35:31.954+0000] {dag.py:3823} INFO - Setting next_dagrun for example_python_operator to None, run_after=None
[2025-11-12T23:35:31.967+0000] {processor.py:183} INFO - Processing /home/airflow/.local/lib/python3.8/site-packages/airflow/example_dags/example_python_operator.py took 0.051 seconds
[2025-11-12T23:36:02.223+0000] {processor.py:161} INFO - Started process (PID=480) to work on /home/airflow/.local/lib/python3.8/site-packages/airflow/example_dags/example_python_operator.py
[2025-11-12T23:36:02.224+0000] {processor.py:830} INFO - Processing file /home/airflow/.local/lib/python3.8/site-packages/airflow/example_dags/example_python_operator.py for tasks to queue
[2025-11-12T23:36:02.225+0000] {logging_mixin.py:188} INFO - [2025-11-12T23:36:02.225+0000] {dagbag.py:538} INFO - Filling up the DagBag from /home/airflow/.local/lib/python3.8/site-packages/airflow/example_dags/example_python_operator.py
[2025-11-12T23:36:02.233+0000] {processor.py:840} INFO - DAG(s) 'example_python_operator' retrieved from /home/airflow/.local/lib/python3.8/site-packages/airflow/example_dags/example_python_operator.py
[2025-11-12T23:36:02.250+0000] {logging_mixin.py:188} INFO - [2025-11-12T23:36:02.250+0000] {dag.py:3036} INFO - Sync 1 DAGs
[2025-11-12T23:36:02.261+0000] {logging_mixin.py:188} INFO - [2025-11-12T23:36:02.261+0000] {dag.py:3823} INFO - Setting next_dagrun for example_python_operator to None, run_after=None
[2025-11-12T23:36:02.275+0000] {processor.py:183} INFO - Processing /home/airflow/.local/lib/python3.8/site-packages/airflow/example_dags/example_python_operator.py took 0.056 seconds
[2025-11-12T23:36:32.580+0000] {processor.py:161} INFO - Started process (PID=537) to work on /home/airflow/.local/lib/python3.8/site-packages/airflow/example_dags/example_python_operator.py
[2025-11-12T23:36:32.580+0000] {processor.py:830} INFO - Processing file /home/airflow/.local/lib/python3.8/site-packages/airflow/example_dags/example_python_operator.py for tasks to queue
[2025-11-12T23:36:32.582+0000] {logging_mixin.py:188} INFO - [2025-11-12T23:36:32.582+0000] {dagbag.py:538} INFO - Filling up the DagBag from /home/airflow/.local/lib/python3.8/site-packages/airflow/example_dags/example_python_operator.py
[2025-11-12T23:36:32.590+0000] {processor.py:840} INFO - DAG(s) 'example_python_operator' retrieved from /home/airflow/.local/lib/python3.8/site-packages/airflow/example_dags/example_python_operator.py
[2025-11-12T23:36:32.606+0000] {logging_mixin.py:188} INFO - [2025-11-12T23:36:32.606+0000] {dag.py:3036} INFO - Sync 1 DAGs
[2025-11-12T23:36:32.615+0000] {logging_mixin.py:188} INFO - [2025-11-12T23:36:32.615+0000] {dag.py:3823} INFO - Setting next_dagrun for example_python_operator to None, run_after=None
[2025-11-12T23:36:32.629+0000] {processor.py:183} INFO - Processing /home/airflow/.local/lib/python3.8/site-packages/airflow/example_dags/example_python_operator.py took 0.052 seconds
[2025-11-12T23:37:03.082+0000] {processor.py:161} INFO - Started process (PID=594) to work on /home/airflow/.local/lib/python3.8/site-packages/airflow/example_dags/example_python_operator.py
[2025-11-12T23:37:03.082+0000] {processor.py:830} INFO - Processing file /home/airflow/.local/lib/python3.8/site-packages/airflow/example_dags/example_python_operator.py for tasks to queue
[2025-11-12T23:37:03.083+0000] {logging_mixin.py:188} INFO - [2025-11-12T23:37:03.083+0000] {dagbag.py:538} INFO - Filling up the DagBag from /home/airflow/.local/lib/python3.8/site-packages/airflow/example_dags/example_python_operator.py
[2025-11-12T23:37:03.092+0000] {processor.py:840} INFO - DAG(s) 'example_python_operator' retrieved from /home/airflow/.local/lib/python3.8/site-packages/airflow/example_dags/example_python_operator.py
[2025-11-12T23:37:03.107+0000] {logging_mixin.py:188} INFO - [2025-11-12T23:37:03.107+0000] {dag.py:3036} INFO - Sync 1 DAGs
[2025-11-12T23:37:03.116+0000] {logging_mixin.py:188} INFO - [2025-11-12T23:37:03.116+0000] {dag.py:3823} INFO - Setting next_dagrun for example_python_operator to None, run_after=None
[2025-11-12T23:37:03.127+0000] {processor.py:183} INFO - Processing /home/airflow/.local/lib/python3.8/site-packages/airflow/example_dags/example_python_operator.py took 0.048 seconds
[2025-11-12T23:37:34.108+0000] {processor.py:161} INFO - Started process (PID=651) to work on /home/airflow/.local/lib/python3.8/site-packages/airflow/example_dags/example_python_operator.py
[2025-11-12T23:37:34.109+0000] {processor.py:830} INFO - Processing file /home/airflow/.local/lib/python3.8/site-packages/airflow/example_dags/example_python_operator.py for tasks to queue
[2025-11-12T23:37:34.110+0000] {logging_mixin.py:188} INFO - [2025-11-12T23:37:34.110+0000] {dagbag.py:538} INFO - Filling up the DagBag from /home/airflow/.local/lib/python3.8/site-packages/airflow/example_dags/example_python_operator.py
[2025-11-12T23:37:34.118+0000] {processor.py:840} INFO - DAG(s) 'example_python_operator' retrieved from /home/airflow/.local/lib/python3.8/site-packages/airflow/example_dags/example_python_operator.py
[2025-11-12T23:37:34.135+0000] {logging_mixin.py:188} INFO - [2025-11-12T23:37:34.135+0000] {dag.py:3036} INFO - Sync 1 DAGs
[2025-11-12T23:37:34.145+0000] {logging_mixin.py:188} INFO - [2025-11-12T23:37:34.144+0000] {dag.py:3823} INFO - Setting next_dagrun for example_python_operator to None, run_after=None
[2025-11-12T23:37:34.157+0000] {processor.py:183} INFO - Processing /home/airflow/.local/lib/python3.8/site-packages/airflow/example_dags/example_python_operator.py took 0.051 seconds
[2025-11-12T23:38:04.286+0000] {processor.py:161} INFO - Started process (PID=708) to work on /home/airflow/.local/lib/python3.8/site-packages/airflow/example_dags/example_python_operator.py
[2025-11-12T23:38:04.287+0000] {processor.py:830} INFO - Processing file /home/airflow/.local/lib/python3.8/site-packages/airflow/example_dags/example_python_operator.py for tasks to queue
[2025-11-12T23:38:04.288+0000] {logging_mixin.py:188} INFO - [2025-11-12T23:38:04.288+0000] {dagbag.py:538} INFO - Filling up the DagBag from /home/airflow/.local/lib/python3.8/site-packages/airflow/example_dags/example_python_operator.py
[2025-11-12T23:38:04.297+0000] {processor.py:840} INFO - DAG(s) 'example_python_operator' retrieved from /home/airflow/.local/lib/python3.8/site-packages/airflow/example_dags/example_python_operator.py
[2025-11-12T23:38:04.314+0000] {logging_mixin.py:188} INFO - [2025-11-12T23:38:04.313+0000] {dag.py:3036} INFO - Sync 1 DAGs
[2025-11-12T23:38:04.323+0000] {logging_mixin.py:188} INFO - [2025-11-12T23:38:04.323+0000] {dag.py:3823} INFO - Setting next_dagrun for example_python_operator to None, run_after=None
[2025-11-12T23:38:04.336+0000] {processor.py:183} INFO - Processing /home/airflow/.local/lib/python3.8/site-packages/airflow/example_dags/example_python_operator.py took 0.052 seconds
[2025-11-12T23:38:34.530+0000] {processor.py:161} INFO - Started process (PID=764) to work on /home/airflow/.local/lib/python3.8/site-packages/airflow/example_dags/example_python_operator.py
[2025-11-12T23:38:34.531+0000] {processor.py:830} INFO - Processing file /home/airflow/.local/lib/python3.8/site-packages/airflow/example_dags/example_python_operator.py for tasks to queue
[2025-11-12T23:38:34.532+0000] {logging_mixin.py:188} INFO - [2025-11-12T23:38:34.532+0000] {dagbag.py:538} INFO - Filling up the DagBag from /home/airflow/.local/lib/python3.8/site-packages/airflow/example_dags/example_python_operator.py
[2025-11-12T23:38:34.540+0000] {processor.py:840} INFO - DAG(s) 'example_python_operator' retrieved from /home/airflow/.local/lib/python3.8/site-packages/airflow/example_dags/example_python_operator.py
[2025-11-12T23:38:34.557+0000] {logging_mixin.py:188} INFO - [2025-11-12T23:38:34.557+0000] {dag.py:3036} INFO - Sync 1 DAGs
[2025-11-12T23:38:34.567+0000] {logging_mixin.py:188} INFO - [2025-11-12T23:38:34.566+0000] {dag.py:3823} INFO - Setting next_dagrun for example_python_operator to None, run_after=None
[2025-11-12T23:38:34.579+0000] {processor.py:183} INFO - Processing /home/airflow/.local/lib/python3.8/site-packages/airflow/example_dags/example_python_operator.py took 0.052 seconds
[2025-11-12T23:39:04.927+0000] {processor.py:161} INFO - Started process (PID=820) to work on /home/airflow/.local/lib/python3.8/site-packages/airflow/example_dags/example_python_operator.py
[2025-11-12T23:39:04.928+0000] {processor.py:830} INFO - Processing file /home/airflow/.local/lib/python3.8/site-packages/airflow/example_dags/example_python_operator.py for tasks to queue
[2025-11-12T23:39:04.929+0000] {logging_mixin.py:188} INFO - [2025-11-12T23:39:04.929+0000] {dagbag.py:538} INFO - Filling up the DagBag from /home/airflow/.local/lib/python3.8/site-packages/airflow/example_dags/example_python_operator.py
[2025-11-12T23:39:04.936+0000] {processor.py:840} INFO - DAG(s) 'example_python_operator' retrieved from /home/airflow/.local/lib/python3.8/site-packages/airflow/example_dags/example_python_operator.py
[2025-11-12T23:39:04.952+0000] {logging_mixin.py:188} INFO - [2025-11-12T23:39:04.952+0000] {dag.py:3036} INFO - Sync 1 DAGs
[2025-11-12T23:39:04.961+0000] {logging_mixin.py:188} INFO - [2025-11-12T23:39:04.961+0000] {dag.py:3823} INFO - Setting next_dagrun for example_python_operator to None, run_after=None
[2025-11-12T23:39:04.974+0000] {processor.py:183} INFO - Processing /home/airflow/.local/lib/python3.8/site-packages/airflow/example_dags/example_python_operator.py took 0.049 seconds
[2025-11-12T23:39:35.249+0000] {processor.py:161} INFO - Started process (PID=877) to work on /home/airflow/.local/lib/python3.8/site-packages/airflow/example_dags/example_python_operator.py
[2025-11-12T23:39:35.250+0000] {processor.py:830} INFO - Processing file /home/airflow/.local/lib/python3.8/site-packages/airflow/example_dags/example_python_operator.py for tasks to queue
[2025-11-12T23:39:35.252+0000] {logging_mixin.py:188} INFO - [2025-11-12T23:39:35.251+0000] {dagbag.py:538} INFO - Filling up the DagBag from /home/airflow/.local/lib/python3.8/site-packages/airflow/example_dags/example_python_operator.py
[2025-11-12T23:39:35.260+0000] {processor.py:840} INFO - DAG(s) 'example_python_operator' retrieved from /home/airflow/.local/lib/python3.8/site-packages/airflow/example_dags/example_python_operator.py
[2025-11-12T23:39:35.277+0000] {logging_mixin.py:188} INFO - [2025-11-12T23:39:35.277+0000] {dag.py:3036} INFO - Sync 1 DAGs
[2025-11-12T23:39:35.288+0000] {logging_mixin.py:188} INFO - [2025-11-12T23:39:35.288+0000] {dag.py:3823} INFO - Setting next_dagrun for example_python_operator to None, run_after=None
[2025-11-12T23:39:35.301+0000] {processor.py:183} INFO - Processing /home/airflow/.local/lib/python3.8/site-packages/airflow/example_dags/example_python_operator.py took 0.054 seconds
[2025-11-12T23:40:05.626+0000] {processor.py:161} INFO - Started process (PID=934) to work on /home/airflow/.local/lib/python3.8/site-packages/airflow/example_dags/example_python_operator.py
[2025-11-12T23:40:05.627+0000] {processor.py:830} INFO - Processing file /home/airflow/.local/lib/python3.8/site-packages/airflow/example_dags/example_python_operator.py for tasks to queue
[2025-11-12T23:40:05.628+0000] {logging_mixin.py:188} INFO - [2025-11-12T23:40:05.628+0000] {dagbag.py:538} INFO - Filling up the DagBag from /home/airflow/.local/lib/python3.8/site-packages/airflow/example_dags/example_python_operator.py
[2025-11-12T23:40:05.636+0000] {processor.py:840} INFO - DAG(s) 'example_python_operator' retrieved from /home/airflow/.local/lib/python3.8/site-packages/airflow/example_dags/example_python_operator.py
[2025-11-12T23:40:05.653+0000] {logging_mixin.py:188} INFO - [2025-11-12T23:40:05.653+0000] {dag.py:3036} INFO - Sync 1 DAGs
[2025-11-12T23:40:05.663+0000] {logging_mixin.py:188} INFO - [2025-11-12T23:40:05.662+0000] {dag.py:3823} INFO - Setting next_dagrun for example_python_operator to None, run_after=None
[2025-11-12T23:40:05.675+0000] {processor.py:183} INFO - Processing /home/airflow/.local/lib/python3.8/site-packages/airflow/example_dags/example_python_operator.py took 0.052 seconds
[2025-11-12T23:40:35.773+0000] {processor.py:161} INFO - Started process (PID=991) to work on /home/airflow/.local/lib/python3.8/site-packages/airflow/example_dags/example_python_operator.py
[2025-11-12T23:40:35.773+0000] {processor.py:830} INFO - Processing file /home/airflow/.local/lib/python3.8/site-packages/airflow/example_dags/example_python_operator.py for tasks to queue
[2025-11-12T23:40:35.775+0000] {logging_mixin.py:188} INFO - [2025-11-12T23:40:35.774+0000] {dagbag.py:538} INFO - Filling up the DagBag from /home/airflow/.local/lib/python3.8/site-packages/airflow/example_dags/example_python_operator.py
[2025-11-12T23:40:35.783+0000] {processor.py:840} INFO - DAG(s) 'example_python_operator' retrieved from /home/airflow/.local/lib/python3.8/site-packages/airflow/example_dags/example_python_operator.py
[2025-11-12T23:40:35.800+0000] {logging_mixin.py:188} INFO - [2025-11-12T23:40:35.800+0000] {dag.py:3036} INFO - Sync 1 DAGs
[2025-11-12T23:40:35.809+0000] {logging_mixin.py:188} INFO - [2025-11-12T23:40:35.809+0000] {dag.py:3823} INFO - Setting next_dagrun for example_python_operator to None, run_after=None
[2025-11-12T23:40:35.820+0000] {processor.py:183} INFO - Processing /home/airflow/.local/lib/python3.8/site-packages/airflow/example_dags/example_python_operator.py took 0.050 seconds
[2025-11-12T23:41:06.008+0000] {processor.py:161} INFO - Started process (PID=1048) to work on /home/airflow/.local/lib/python3.8/site-packages/airflow/example_dags/example_python_operator.py
[2025-11-12T23:41:06.009+0000] {processor.py:830} INFO - Processing file /home/airflow/.local/lib/python3.8/site-packages/airflow/example_dags/example_python_operator.py for tasks to queue
[2025-11-12T23:41:06.010+0000] {logging_mixin.py:188} INFO - [2025-11-12T23:41:06.010+0000] {dagbag.py:538} INFO - Filling up the DagBag from /home/airflow/.local/lib/python3.8/site-packages/airflow/example_dags/example_python_operator.py
[2025-11-12T23:41:06.018+0000] {processor.py:840} INFO - DAG(s) 'example_python_operator' retrieved from /home/airflow/.local/lib/python3.8/site-packages/airflow/example_dags/example_python_operator.py
[2025-11-12T23:41:06.035+0000] {logging_mixin.py:188} INFO - [2025-11-12T23:41:06.035+0000] {dag.py:3036} INFO - Sync 1 DAGs
[2025-11-12T23:41:06.044+0000] {logging_mixin.py:188} INFO - [2025-11-12T23:41:06.044+0000] {dag.py:3823} INFO - Setting next_dagrun for example_python_operator to None, run_after=None
[2025-11-12T23:41:06.056+0000] {processor.py:183} INFO - Processing /home/airflow/.local/lib/python3.8/site-packages/airflow/example_dags/example_python_operator.py took 0.050 seconds
[2025-11-12T23:41:36.162+0000] {processor.py:161} INFO - Started process (PID=1105) to work on /home/airflow/.local/lib/python3.8/site-packages/airflow/example_dags/example_python_operator.py
[2025-11-12T23:41:36.163+0000] {processor.py:830} INFO - Processing file /home/airflow/.local/lib/python3.8/site-packages/airflow/example_dags/example_python_operator.py for tasks to queue
[2025-11-12T23:41:36.164+0000] {logging_mixin.py:188} INFO - [2025-11-12T23:41:36.164+0000] {dagbag.py:538} INFO - Filling up the DagBag from /home/airflow/.local/lib/python3.8/site-packages/airflow/example_dags/example_python_operator.py
[2025-11-12T23:41:36.172+0000] {processor.py:840} INFO - DAG(s) 'example_python_operator' retrieved from /home/airflow/.local/lib/python3.8/site-packages/airflow/example_dags/example_python_operator.py
[2025-11-12T23:41:36.189+0000] {logging_mixin.py:188} INFO - [2025-11-12T23:41:36.188+0000] {dag.py:3036} INFO - Sync 1 DAGs
[2025-11-12T23:41:36.197+0000] {logging_mixin.py:188} INFO - [2025-11-12T23:41:36.197+0000] {dag.py:3823} INFO - Setting next_dagrun for example_python_operator to None, run_after=None
[2025-11-12T23:41:36.210+0000] {processor.py:183} INFO - Processing /home/airflow/.local/lib/python3.8/site-packages/airflow/example_dags/example_python_operator.py took 0.050 seconds
[2025-11-12T23:42:06.437+0000] {processor.py:161} INFO - Started process (PID=1162) to work on /home/airflow/.local/lib/python3.8/site-packages/airflow/example_dags/example_python_operator.py
[2025-11-12T23:42:06.437+0000] {processor.py:830} INFO - Processing file /home/airflow/.local/lib/python3.8/site-packages/airflow/example_dags/example_python_operator.py for tasks to queue
[2025-11-12T23:42:06.439+0000] {logging_mixin.py:188} INFO - [2025-11-12T23:42:06.438+0000] {dagbag.py:538} INFO - Filling up the DagBag from /home/airflow/.local/lib/python3.8/site-packages/airflow/example_dags/example_python_operator.py
[2025-11-12T23:42:06.447+0000] {processor.py:840} INFO - DAG(s) 'example_python_operator' retrieved from /home/airflow/.local/lib/python3.8/site-packages/airflow/example_dags/example_python_operator.py
[2025-11-12T23:42:06.463+0000] {logging_mixin.py:188} INFO - [2025-11-12T23:42:06.463+0000] {dag.py:3036} INFO - Sync 1 DAGs
[2025-11-12T23:42:06.472+0000] {logging_mixin.py:188} INFO - [2025-11-12T23:42:06.472+0000] {dag.py:3823} INFO - Setting next_dagrun for example_python_operator to None, run_after=None
[2025-11-12T23:42:06.483+0000] {processor.py:183} INFO - Processing /home/airflow/.local/lib/python3.8/site-packages/airflow/example_dags/example_python_operator.py took 0.049 seconds
[2025-11-12T23:42:36.634+0000] {processor.py:161} INFO - Started process (PID=1219) to work on /home/airflow/.local/lib/python3.8/site-packages/airflow/example_dags/example_python_operator.py
[2025-11-12T23:42:36.635+0000] {processor.py:830} INFO - Processing file /home/airflow/.local/lib/python3.8/site-packages/airflow/example_dags/example_python_operator.py for tasks to queue
[2025-11-12T23:42:36.636+0000] {logging_mixin.py:188} INFO - [2025-11-12T23:42:36.636+0000] {dagbag.py:538} INFO - Filling up the DagBag from /home/airflow/.local/lib/python3.8/site-packages/airflow/example_dags/example_python_operator.py
[2025-11-12T23:42:36.646+0000] {processor.py:840} INFO - DAG(s) 'example_python_operator' retrieved from /home/airflow/.local/lib/python3.8/site-packages/airflow/example_dags/example_python_operator.py
[2025-11-12T23:42:36.664+0000] {logging_mixin.py:188} INFO - [2025-11-12T23:42:36.664+0000] {dag.py:3036} INFO - Sync 1 DAGs
[2025-11-12T23:42:36.675+0000] {logging_mixin.py:188} INFO - [2025-11-12T23:42:36.674+0000] {dag.py:3823} INFO - Setting next_dagrun for example_python_operator to None, run_after=None
[2025-11-12T23:42:36.689+0000] {processor.py:183} INFO - Processing /home/airflow/.local/lib/python3.8/site-packages/airflow/example_dags/example_python_operator.py took 0.058 seconds
[2025-11-12T23:43:06.954+0000] {processor.py:161} INFO - Started process (PID=1276) to work on /home/airflow/.local/lib/python3.8/site-packages/airflow/example_dags/example_python_operator.py
[2025-11-12T23:43:06.954+0000] {processor.py:830} INFO - Processing file /home/airflow/.local/lib/python3.8/site-packages/airflow/example_dags/example_python_operator.py for tasks to queue
[2025-11-12T23:43:06.955+0000] {logging_mixin.py:188} INFO - [2025-11-12T23:43:06.955+0000] {dagbag.py:538} INFO - Filling up the DagBag from /home/airflow/.local/lib/python3.8/site-packages/airflow/example_dags/example_python_operator.py
[2025-11-12T23:43:06.964+0000] {processor.py:840} INFO - DAG(s) 'example_python_operator' retrieved from /home/airflow/.local/lib/python3.8/site-packages/airflow/example_dags/example_python_operator.py
[2025-11-12T23:43:06.981+0000] {logging_mixin.py:188} INFO - [2025-11-12T23:43:06.981+0000] {dag.py:3036} INFO - Sync 1 DAGs
[2025-11-12T23:43:06.991+0000] {logging_mixin.py:188} INFO - [2025-11-12T23:43:06.991+0000] {dag.py:3823} INFO - Setting next_dagrun for example_python_operator to None, run_after=None
[2025-11-12T23:43:07.007+0000] {processor.py:183} INFO - Processing /home/airflow/.local/lib/python3.8/site-packages/airflow/example_dags/example_python_operator.py took 0.056 seconds
[2025-11-12T23:43:37.190+0000] {processor.py:161} INFO - Started process (PID=1333) to work on /home/airflow/.local/lib/python3.8/site-packages/airflow/example_dags/example_python_operator.py
[2025-11-12T23:43:37.191+0000] {processor.py:830} INFO - Processing file /home/airflow/.local/lib/python3.8/site-packages/airflow/example_dags/example_python_operator.py for tasks to queue
[2025-11-12T23:43:37.192+0000] {logging_mixin.py:188} INFO - [2025-11-12T23:43:37.192+0000] {dagbag.py:538} INFO - Filling up the DagBag from /home/airflow/.local/lib/python3.8/site-packages/airflow/example_dags/example_python_operator.py
[2025-11-12T23:43:37.200+0000] {processor.py:840} INFO - DAG(s) 'example_python_operator' retrieved from /home/airflow/.local/lib/python3.8/site-packages/airflow/example_dags/example_python_operator.py
[2025-11-12T23:43:37.217+0000] {logging_mixin.py:188} INFO - [2025-11-12T23:43:37.217+0000] {dag.py:3036} INFO - Sync 1 DAGs
[2025-11-12T23:43:37.226+0000] {logging_mixin.py:188} INFO - [2025-11-12T23:43:37.226+0000] {dag.py:3823} INFO - Setting next_dagrun for example_python_operator to None, run_after=None
[2025-11-12T23:43:37.240+0000] {processor.py:183} INFO - Processing /home/airflow/.local/lib/python3.8/site-packages/airflow/example_dags/example_python_operator.py took 0.052 seconds
[2025-11-12T23:44:07.544+0000] {processor.py:161} INFO - Started process (PID=1390) to work on /home/airflow/.local/lib/python3.8/site-packages/airflow/example_dags/example_python_operator.py
[2025-11-12T23:44:07.545+0000] {processor.py:830} INFO - Processing file /home/airflow/.local/lib/python3.8/site-packages/airflow/example_dags/example_python_operator.py for tasks to queue
[2025-11-12T23:44:07.546+0000] {logging_mixin.py:188} INFO - [2025-11-12T23:44:07.546+0000] {dagbag.py:538} INFO - Filling up the DagBag from /home/airflow/.local/lib/python3.8/site-packages/airflow/example_dags/example_python_operator.py
[2025-11-12T23:44:07.554+0000] {processor.py:840} INFO - DAG(s) 'example_python_operator' retrieved from /home/airflow/.local/lib/python3.8/site-packages/airflow/example_dags/example_python_operator.py
[2025-11-12T23:44:07.575+0000] {logging_mixin.py:188} INFO - [2025-11-12T23:44:07.575+0000] {dag.py:3036} INFO - Sync 1 DAGs
[2025-11-12T23:44:07.584+0000] {logging_mixin.py:188} INFO - [2025-11-12T23:44:07.584+0000] {dag.py:3823} INFO - Setting next_dagrun for example_python_operator to None, run_after=None
[2025-11-12T23:44:07.598+0000] {processor.py:183} INFO - Processing /home/airflow/.local/lib/python3.8/site-packages/airflow/example_dags/example_python_operator.py took 0.057 seconds
[2025-11-12T23:44:37.749+0000] {processor.py:161} INFO - Started process (PID=1447) to work on /home/airflow/.local/lib/python3.8/site-packages/airflow/example_dags/example_python_operator.py
[2025-11-12T23:44:37.749+0000] {processor.py:830} INFO - Processing file /home/airflow/.local/lib/python3.8/site-packages/airflow/example_dags/example_python_operator.py for tasks to queue
[2025-11-12T23:44:37.751+0000] {logging_mixin.py:188} INFO - [2025-11-12T23:44:37.750+0000] {dagbag.py:538} INFO - Filling up the DagBag from /home/airflow/.local/lib/python3.8/site-packages/airflow/example_dags/example_python_operator.py
[2025-11-12T23:44:37.758+0000] {processor.py:840} INFO - DAG(s) 'example_python_operator' retrieved from /home/airflow/.local/lib/python3.8/site-packages/airflow/example_dags/example_python_operator.py
[2025-11-12T23:44:37.775+0000] {logging_mixin.py:188} INFO - [2025-11-12T23:44:37.774+0000] {dag.py:3036} INFO - Sync 1 DAGs
[2025-11-12T23:44:37.784+0000] {logging_mixin.py:188} INFO - [2025-11-12T23:44:37.784+0000] {dag.py:3823} INFO - Setting next_dagrun for example_python_operator to None, run_after=None
[2025-11-12T23:44:37.797+0000] {processor.py:183} INFO - Processing /home/airflow/.local/lib/python3.8/site-packages/airflow/example_dags/example_python_operator.py took 0.051 seconds
[2025-11-12T23:45:07.984+0000] {processor.py:161} INFO - Started process (PID=1504) to work on /home/airflow/.local/lib/python3.8/site-packages/airflow/example_dags/example_python_operator.py
[2025-11-12T23:45:07.985+0000] {processor.py:830} INFO - Processing file /home/airflow/.local/lib/python3.8/site-packages/airflow/example_dags/example_python_operator.py for tasks to queue
[2025-11-12T23:45:07.986+0000] {logging_mixin.py:188} INFO - [2025-11-12T23:45:07.986+0000] {dagbag.py:538} INFO - Filling up the DagBag from /home/airflow/.local/lib/python3.8/site-packages/airflow/example_dags/example_python_operator.py
[2025-11-12T23:45:07.994+0000] {processor.py:840} INFO - DAG(s) 'example_python_operator' retrieved from /home/airflow/.local/lib/python3.8/site-packages/airflow/example_dags/example_python_operator.py
[2025-11-12T23:45:08.011+0000] {logging_mixin.py:188} INFO - [2025-11-12T23:45:08.011+0000] {dag.py:3036} INFO - Sync 1 DAGs
[2025-11-12T23:45:08.021+0000] {logging_mixin.py:188} INFO - [2025-11-12T23:45:08.021+0000] {dag.py:3823} INFO - Setting next_dagrun for example_python_operator to None, run_after=None
[2025-11-12T23:45:08.034+0000] {processor.py:183} INFO - Processing /home/airflow/.local/lib/python3.8/site-packages/airflow/example_dags/example_python_operator.py took 0.052 seconds
[2025-11-12T23:45:38.160+0000] {processor.py:161} INFO - Started process (PID=1561) to work on /home/airflow/.local/lib/python3.8/site-packages/airflow/example_dags/example_python_operator.py
[2025-11-12T23:45:38.161+0000] {processor.py:830} INFO - Processing file /home/airflow/.local/lib/python3.8/site-packages/airflow/example_dags/example_python_operator.py for tasks to queue
[2025-11-12T23:45:38.163+0000] {logging_mixin.py:188} INFO - [2025-11-12T23:45:38.162+0000] {dagbag.py:538} INFO - Filling up the DagBag from /home/airflow/.local/lib/python3.8/site-packages/airflow/example_dags/example_python_operator.py
[2025-11-12T23:45:38.171+0000] {processor.py:840} INFO - DAG(s) 'example_python_operator' retrieved from /home/airflow/.local/lib/python3.8/site-packages/airflow/example_dags/example_python_operator.py
[2025-11-12T23:45:38.187+0000] {logging_mixin.py:188} INFO - [2025-11-12T23:45:38.187+0000] {dag.py:3036} INFO - Sync 1 DAGs
[2025-11-12T23:45:38.196+0000] {logging_mixin.py:188} INFO - [2025-11-12T23:45:38.196+0000] {dag.py:3823} INFO - Setting next_dagrun for example_python_operator to None, run_after=None
[2025-11-12T23:45:38.209+0000] {processor.py:183} INFO - Processing /home/airflow/.local/lib/python3.8/site-packages/airflow/example_dags/example_python_operator.py took 0.051 seconds
