[2025-11-12T23:32:29.535+0000] {processor.py:161} INFO - Started process (PID=93) to work on /home/airflow/.local/lib/python3.8/site-packages/airflow/example_dags/example_time_delta_sensor_async.py
[2025-11-12T23:32:29.536+0000] {processor.py:830} INFO - Processing file /home/airflow/.local/lib/python3.8/site-packages/airflow/example_dags/example_time_delta_sensor_async.py for tasks to queue
[2025-11-12T23:32:29.537+0000] {logging_mixin.py:188} INFO - [2025-11-12T23:32:29.537+0000] {dagbag.py:538} INFO - Filling up the DagBag from /home/airflow/.local/lib/python3.8/site-packages/airflow/example_dags/example_time_delta_sensor_async.py
[2025-11-12T23:32:29.541+0000] {processor.py:840} INFO - DAG(s) 'example_time_delta_sensor_async' retrieved from /home/airflow/.local/lib/python3.8/site-packages/airflow/example_dags/example_time_delta_sensor_async.py
[2025-11-12T23:32:29.622+0000] {logging_mixin.py:188} INFO - [2025-11-12T23:32:29.621+0000] {override.py:1769} INFO - Created Permission View: can delete on DAG:example_time_delta_sensor_async
[2025-11-12T23:32:29.629+0000] {logging_mixin.py:188} INFO - [2025-11-12T23:32:29.629+0000] {override.py:1769} INFO - Created Permission View: can edit on DAG:example_time_delta_sensor_async
[2025-11-12T23:32:29.635+0000] {logging_mixin.py:188} INFO - [2025-11-12T23:32:29.634+0000] {override.py:1769} INFO - Created Permission View: can read on DAG:example_time_delta_sensor_async
[2025-11-12T23:32:29.635+0000] {logging_mixin.py:188} INFO - [2025-11-12T23:32:29.635+0000] {dag.py:3036} INFO - Sync 1 DAGs
[2025-11-12T23:32:29.642+0000] {logging_mixin.py:188} INFO - [2025-11-12T23:32:29.642+0000] {dag.py:3058} INFO - Creating ORM DAG for example_time_delta_sensor_async
[2025-11-12T23:32:29.643+0000] {logging_mixin.py:188} INFO - [2025-11-12T23:32:29.643+0000] {dag.py:3823} INFO - Setting next_dagrun for example_time_delta_sensor_async to None, run_after=None
[2025-11-12T23:32:29.655+0000] {processor.py:183} INFO - Processing /home/airflow/.local/lib/python3.8/site-packages/airflow/example_dags/example_time_delta_sensor_async.py took 0.122 seconds
[2025-11-12T23:33:00.383+0000] {processor.py:161} INFO - Started process (PID=150) to work on /home/airflow/.local/lib/python3.8/site-packages/airflow/example_dags/example_time_delta_sensor_async.py
[2025-11-12T23:33:00.384+0000] {processor.py:830} INFO - Processing file /home/airflow/.local/lib/python3.8/site-packages/airflow/example_dags/example_time_delta_sensor_async.py for tasks to queue
[2025-11-12T23:33:00.386+0000] {logging_mixin.py:188} INFO - [2025-11-12T23:33:00.386+0000] {dagbag.py:538} INFO - Filling up the DagBag from /home/airflow/.local/lib/python3.8/site-packages/airflow/example_dags/example_time_delta_sensor_async.py
[2025-11-12T23:33:00.390+0000] {processor.py:840} INFO - DAG(s) 'example_time_delta_sensor_async' retrieved from /home/airflow/.local/lib/python3.8/site-packages/airflow/example_dags/example_time_delta_sensor_async.py
[2025-11-12T23:33:00.409+0000] {logging_mixin.py:188} INFO - [2025-11-12T23:33:00.408+0000] {dag.py:3036} INFO - Sync 1 DAGs
[2025-11-12T23:33:00.422+0000] {logging_mixin.py:188} INFO - [2025-11-12T23:33:00.422+0000] {dag.py:3823} INFO - Setting next_dagrun for example_time_delta_sensor_async to None, run_after=None
[2025-11-12T23:33:00.440+0000] {processor.py:183} INFO - Processing /home/airflow/.local/lib/python3.8/site-packages/airflow/example_dags/example_time_delta_sensor_async.py took 0.060 seconds
[2025-11-12T23:33:30.556+0000] {processor.py:161} INFO - Started process (PID=207) to work on /home/airflow/.local/lib/python3.8/site-packages/airflow/example_dags/example_time_delta_sensor_async.py
[2025-11-12T23:33:30.556+0000] {processor.py:830} INFO - Processing file /home/airflow/.local/lib/python3.8/site-packages/airflow/example_dags/example_time_delta_sensor_async.py for tasks to queue
[2025-11-12T23:33:30.558+0000] {logging_mixin.py:188} INFO - [2025-11-12T23:33:30.557+0000] {dagbag.py:538} INFO - Filling up the DagBag from /home/airflow/.local/lib/python3.8/site-packages/airflow/example_dags/example_time_delta_sensor_async.py
[2025-11-12T23:33:30.562+0000] {processor.py:840} INFO - DAG(s) 'example_time_delta_sensor_async' retrieved from /home/airflow/.local/lib/python3.8/site-packages/airflow/example_dags/example_time_delta_sensor_async.py
[2025-11-12T23:33:30.576+0000] {logging_mixin.py:188} INFO - [2025-11-12T23:33:30.576+0000] {dag.py:3036} INFO - Sync 1 DAGs
[2025-11-12T23:33:30.585+0000] {logging_mixin.py:188} INFO - [2025-11-12T23:33:30.585+0000] {dag.py:3823} INFO - Setting next_dagrun for example_time_delta_sensor_async to None, run_after=None
[2025-11-12T23:33:30.598+0000] {processor.py:183} INFO - Processing /home/airflow/.local/lib/python3.8/site-packages/airflow/example_dags/example_time_delta_sensor_async.py took 0.045 seconds
[2025-11-12T23:34:00.849+0000] {processor.py:161} INFO - Started process (PID=264) to work on /home/airflow/.local/lib/python3.8/site-packages/airflow/example_dags/example_time_delta_sensor_async.py
[2025-11-12T23:34:00.850+0000] {processor.py:830} INFO - Processing file /home/airflow/.local/lib/python3.8/site-packages/airflow/example_dags/example_time_delta_sensor_async.py for tasks to queue
[2025-11-12T23:34:00.851+0000] {logging_mixin.py:188} INFO - [2025-11-12T23:34:00.851+0000] {dagbag.py:538} INFO - Filling up the DagBag from /home/airflow/.local/lib/python3.8/site-packages/airflow/example_dags/example_time_delta_sensor_async.py
[2025-11-12T23:34:00.855+0000] {processor.py:840} INFO - DAG(s) 'example_time_delta_sensor_async' retrieved from /home/airflow/.local/lib/python3.8/site-packages/airflow/example_dags/example_time_delta_sensor_async.py
[2025-11-12T23:34:00.870+0000] {logging_mixin.py:188} INFO - [2025-11-12T23:34:00.870+0000] {dag.py:3036} INFO - Sync 1 DAGs
[2025-11-12T23:34:00.879+0000] {logging_mixin.py:188} INFO - [2025-11-12T23:34:00.879+0000] {dag.py:3823} INFO - Setting next_dagrun for example_time_delta_sensor_async to None, run_after=None
[2025-11-12T23:34:00.892+0000] {processor.py:183} INFO - Processing /home/airflow/.local/lib/python3.8/site-packages/airflow/example_dags/example_time_delta_sensor_async.py took 0.046 seconds
[2025-11-12T23:34:31.003+0000] {processor.py:161} INFO - Started process (PID=320) to work on /home/airflow/.local/lib/python3.8/site-packages/airflow/example_dags/example_time_delta_sensor_async.py
[2025-11-12T23:34:31.004+0000] {processor.py:830} INFO - Processing file /home/airflow/.local/lib/python3.8/site-packages/airflow/example_dags/example_time_delta_sensor_async.py for tasks to queue
[2025-11-12T23:34:31.005+0000] {logging_mixin.py:188} INFO - [2025-11-12T23:34:31.005+0000] {dagbag.py:538} INFO - Filling up the DagBag from /home/airflow/.local/lib/python3.8/site-packages/airflow/example_dags/example_time_delta_sensor_async.py
[2025-11-12T23:34:31.009+0000] {processor.py:840} INFO - DAG(s) 'example_time_delta_sensor_async' retrieved from /home/airflow/.local/lib/python3.8/site-packages/airflow/example_dags/example_time_delta_sensor_async.py
[2025-11-12T23:34:31.024+0000] {logging_mixin.py:188} INFO - [2025-11-12T23:34:31.024+0000] {dag.py:3036} INFO - Sync 1 DAGs
[2025-11-12T23:34:31.034+0000] {logging_mixin.py:188} INFO - [2025-11-12T23:34:31.034+0000] {dag.py:3823} INFO - Setting next_dagrun for example_time_delta_sensor_async to None, run_after=None
[2025-11-12T23:34:31.047+0000] {processor.py:183} INFO - Processing /home/airflow/.local/lib/python3.8/site-packages/airflow/example_dags/example_time_delta_sensor_async.py took 0.047 seconds
[2025-11-12T23:35:02.017+0000] {processor.py:161} INFO - Started process (PID=378) to work on /home/airflow/.local/lib/python3.8/site-packages/airflow/example_dags/example_time_delta_sensor_async.py
[2025-11-12T23:35:02.018+0000] {processor.py:830} INFO - Processing file /home/airflow/.local/lib/python3.8/site-packages/airflow/example_dags/example_time_delta_sensor_async.py for tasks to queue
[2025-11-12T23:35:02.019+0000] {logging_mixin.py:188} INFO - [2025-11-12T23:35:02.019+0000] {dagbag.py:538} INFO - Filling up the DagBag from /home/airflow/.local/lib/python3.8/site-packages/airflow/example_dags/example_time_delta_sensor_async.py
[2025-11-12T23:35:02.023+0000] {processor.py:840} INFO - DAG(s) 'example_time_delta_sensor_async' retrieved from /home/airflow/.local/lib/python3.8/site-packages/airflow/example_dags/example_time_delta_sensor_async.py
[2025-11-12T23:35:02.038+0000] {logging_mixin.py:188} INFO - [2025-11-12T23:35:02.038+0000] {dag.py:3036} INFO - Sync 1 DAGs
[2025-11-12T23:35:02.048+0000] {logging_mixin.py:188} INFO - [2025-11-12T23:35:02.047+0000] {dag.py:3823} INFO - Setting next_dagrun for example_time_delta_sensor_async to None, run_after=None
[2025-11-12T23:35:02.061+0000] {processor.py:183} INFO - Processing /home/airflow/.local/lib/python3.8/site-packages/airflow/example_dags/example_time_delta_sensor_async.py took 0.047 seconds
[2025-11-12T23:35:32.361+0000] {processor.py:161} INFO - Started process (PID=435) to work on /home/airflow/.local/lib/python3.8/site-packages/airflow/example_dags/example_time_delta_sensor_async.py
[2025-11-12T23:35:32.361+0000] {processor.py:830} INFO - Processing file /home/airflow/.local/lib/python3.8/site-packages/airflow/example_dags/example_time_delta_sensor_async.py for tasks to queue
[2025-11-12T23:35:32.363+0000] {logging_mixin.py:188} INFO - [2025-11-12T23:35:32.362+0000] {dagbag.py:538} INFO - Filling up the DagBag from /home/airflow/.local/lib/python3.8/site-packages/airflow/example_dags/example_time_delta_sensor_async.py
[2025-11-12T23:35:32.367+0000] {processor.py:840} INFO - DAG(s) 'example_time_delta_sensor_async' retrieved from /home/airflow/.local/lib/python3.8/site-packages/airflow/example_dags/example_time_delta_sensor_async.py
[2025-11-12T23:35:32.382+0000] {logging_mixin.py:188} INFO - [2025-11-12T23:35:32.382+0000] {dag.py:3036} INFO - Sync 1 DAGs
[2025-11-12T23:35:32.392+0000] {logging_mixin.py:188} INFO - [2025-11-12T23:35:32.392+0000] {dag.py:3823} INFO - Setting next_dagrun for example_time_delta_sensor_async to None, run_after=None
[2025-11-12T23:35:32.406+0000] {processor.py:183} INFO - Processing /home/airflow/.local/lib/python3.8/site-packages/airflow/example_dags/example_time_delta_sensor_async.py took 0.048 seconds
[2025-11-12T23:36:02.643+0000] {processor.py:161} INFO - Started process (PID=492) to work on /home/airflow/.local/lib/python3.8/site-packages/airflow/example_dags/example_time_delta_sensor_async.py
[2025-11-12T23:36:02.644+0000] {processor.py:830} INFO - Processing file /home/airflow/.local/lib/python3.8/site-packages/airflow/example_dags/example_time_delta_sensor_async.py for tasks to queue
[2025-11-12T23:36:02.646+0000] {logging_mixin.py:188} INFO - [2025-11-12T23:36:02.646+0000] {dagbag.py:538} INFO - Filling up the DagBag from /home/airflow/.local/lib/python3.8/site-packages/airflow/example_dags/example_time_delta_sensor_async.py
[2025-11-12T23:36:02.649+0000] {processor.py:840} INFO - DAG(s) 'example_time_delta_sensor_async' retrieved from /home/airflow/.local/lib/python3.8/site-packages/airflow/example_dags/example_time_delta_sensor_async.py
[2025-11-12T23:36:02.664+0000] {logging_mixin.py:188} INFO - [2025-11-12T23:36:02.663+0000] {dag.py:3036} INFO - Sync 1 DAGs
[2025-11-12T23:36:02.673+0000] {logging_mixin.py:188} INFO - [2025-11-12T23:36:02.673+0000] {dag.py:3823} INFO - Setting next_dagrun for example_time_delta_sensor_async to None, run_after=None
[2025-11-12T23:36:02.685+0000] {processor.py:183} INFO - Processing /home/airflow/.local/lib/python3.8/site-packages/airflow/example_dags/example_time_delta_sensor_async.py took 0.044 seconds
[2025-11-12T23:36:33.048+0000] {processor.py:161} INFO - Started process (PID=549) to work on /home/airflow/.local/lib/python3.8/site-packages/airflow/example_dags/example_time_delta_sensor_async.py
[2025-11-12T23:36:33.048+0000] {processor.py:830} INFO - Processing file /home/airflow/.local/lib/python3.8/site-packages/airflow/example_dags/example_time_delta_sensor_async.py for tasks to queue
[2025-11-12T23:36:33.050+0000] {logging_mixin.py:188} INFO - [2025-11-12T23:36:33.049+0000] {dagbag.py:538} INFO - Filling up the DagBag from /home/airflow/.local/lib/python3.8/site-packages/airflow/example_dags/example_time_delta_sensor_async.py
[2025-11-12T23:36:33.054+0000] {processor.py:840} INFO - DAG(s) 'example_time_delta_sensor_async' retrieved from /home/airflow/.local/lib/python3.8/site-packages/airflow/example_dags/example_time_delta_sensor_async.py
[2025-11-12T23:36:33.068+0000] {logging_mixin.py:188} INFO - [2025-11-12T23:36:33.068+0000] {dag.py:3036} INFO - Sync 1 DAGs
[2025-11-12T23:36:33.078+0000] {logging_mixin.py:188} INFO - [2025-11-12T23:36:33.078+0000] {dag.py:3823} INFO - Setting next_dagrun for example_time_delta_sensor_async to None, run_after=None
[2025-11-12T23:36:33.090+0000] {processor.py:183} INFO - Processing /home/airflow/.local/lib/python3.8/site-packages/airflow/example_dags/example_time_delta_sensor_async.py took 0.045 seconds
[2025-11-12T23:37:03.515+0000] {processor.py:161} INFO - Started process (PID=606) to work on /home/airflow/.local/lib/python3.8/site-packages/airflow/example_dags/example_time_delta_sensor_async.py
[2025-11-12T23:37:03.516+0000] {processor.py:830} INFO - Processing file /home/airflow/.local/lib/python3.8/site-packages/airflow/example_dags/example_time_delta_sensor_async.py for tasks to queue
[2025-11-12T23:37:03.517+0000] {logging_mixin.py:188} INFO - [2025-11-12T23:37:03.517+0000] {dagbag.py:538} INFO - Filling up the DagBag from /home/airflow/.local/lib/python3.8/site-packages/airflow/example_dags/example_time_delta_sensor_async.py
[2025-11-12T23:37:03.521+0000] {processor.py:840} INFO - DAG(s) 'example_time_delta_sensor_async' retrieved from /home/airflow/.local/lib/python3.8/site-packages/airflow/example_dags/example_time_delta_sensor_async.py
[2025-11-12T23:37:03.535+0000] {logging_mixin.py:188} INFO - [2025-11-12T23:37:03.534+0000] {dag.py:3036} INFO - Sync 1 DAGs
[2025-11-12T23:37:03.544+0000] {logging_mixin.py:188} INFO - [2025-11-12T23:37:03.543+0000] {dag.py:3823} INFO - Setting next_dagrun for example_time_delta_sensor_async to None, run_after=None
[2025-11-12T23:37:03.557+0000] {processor.py:183} INFO - Processing /home/airflow/.local/lib/python3.8/site-packages/airflow/example_dags/example_time_delta_sensor_async.py took 0.045 seconds
[2025-11-12T23:37:34.519+0000] {processor.py:161} INFO - Started process (PID=663) to work on /home/airflow/.local/lib/python3.8/site-packages/airflow/example_dags/example_time_delta_sensor_async.py
[2025-11-12T23:37:34.519+0000] {processor.py:830} INFO - Processing file /home/airflow/.local/lib/python3.8/site-packages/airflow/example_dags/example_time_delta_sensor_async.py for tasks to queue
[2025-11-12T23:37:34.521+0000] {logging_mixin.py:188} INFO - [2025-11-12T23:37:34.520+0000] {dagbag.py:538} INFO - Filling up the DagBag from /home/airflow/.local/lib/python3.8/site-packages/airflow/example_dags/example_time_delta_sensor_async.py
[2025-11-12T23:37:34.524+0000] {processor.py:840} INFO - DAG(s) 'example_time_delta_sensor_async' retrieved from /home/airflow/.local/lib/python3.8/site-packages/airflow/example_dags/example_time_delta_sensor_async.py
[2025-11-12T23:37:34.539+0000] {logging_mixin.py:188} INFO - [2025-11-12T23:37:34.538+0000] {dag.py:3036} INFO - Sync 1 DAGs
[2025-11-12T23:37:34.547+0000] {logging_mixin.py:188} INFO - [2025-11-12T23:37:34.547+0000] {dag.py:3823} INFO - Setting next_dagrun for example_time_delta_sensor_async to None, run_after=None
[2025-11-12T23:37:34.560+0000] {processor.py:183} INFO - Processing /home/airflow/.local/lib/python3.8/site-packages/airflow/example_dags/example_time_delta_sensor_async.py took 0.043 seconds
[2025-11-12T23:38:04.815+0000] {processor.py:161} INFO - Started process (PID=720) to work on /home/airflow/.local/lib/python3.8/site-packages/airflow/example_dags/example_time_delta_sensor_async.py
[2025-11-12T23:38:04.815+0000] {processor.py:830} INFO - Processing file /home/airflow/.local/lib/python3.8/site-packages/airflow/example_dags/example_time_delta_sensor_async.py for tasks to queue
[2025-11-12T23:38:04.817+0000] {logging_mixin.py:188} INFO - [2025-11-12T23:38:04.817+0000] {dagbag.py:538} INFO - Filling up the DagBag from /home/airflow/.local/lib/python3.8/site-packages/airflow/example_dags/example_time_delta_sensor_async.py
[2025-11-12T23:38:04.820+0000] {processor.py:840} INFO - DAG(s) 'example_time_delta_sensor_async' retrieved from /home/airflow/.local/lib/python3.8/site-packages/airflow/example_dags/example_time_delta_sensor_async.py
[2025-11-12T23:38:04.835+0000] {logging_mixin.py:188} INFO - [2025-11-12T23:38:04.835+0000] {dag.py:3036} INFO - Sync 1 DAGs
[2025-11-12T23:38:04.844+0000] {logging_mixin.py:188} INFO - [2025-11-12T23:38:04.844+0000] {dag.py:3823} INFO - Setting next_dagrun for example_time_delta_sensor_async to None, run_after=None
[2025-11-12T23:38:04.856+0000] {processor.py:183} INFO - Processing /home/airflow/.local/lib/python3.8/site-packages/airflow/example_dags/example_time_delta_sensor_async.py took 0.044 seconds
[2025-11-12T23:38:35.120+0000] {processor.py:161} INFO - Started process (PID=777) to work on /home/airflow/.local/lib/python3.8/site-packages/airflow/example_dags/example_time_delta_sensor_async.py
[2025-11-12T23:38:35.121+0000] {processor.py:830} INFO - Processing file /home/airflow/.local/lib/python3.8/site-packages/airflow/example_dags/example_time_delta_sensor_async.py for tasks to queue
[2025-11-12T23:38:35.122+0000] {logging_mixin.py:188} INFO - [2025-11-12T23:38:35.122+0000] {dagbag.py:538} INFO - Filling up the DagBag from /home/airflow/.local/lib/python3.8/site-packages/airflow/example_dags/example_time_delta_sensor_async.py
[2025-11-12T23:38:35.126+0000] {processor.py:840} INFO - DAG(s) 'example_time_delta_sensor_async' retrieved from /home/airflow/.local/lib/python3.8/site-packages/airflow/example_dags/example_time_delta_sensor_async.py
[2025-11-12T23:38:35.142+0000] {logging_mixin.py:188} INFO - [2025-11-12T23:38:35.142+0000] {dag.py:3036} INFO - Sync 1 DAGs
[2025-11-12T23:38:35.152+0000] {logging_mixin.py:188} INFO - [2025-11-12T23:38:35.152+0000] {dag.py:3823} INFO - Setting next_dagrun for example_time_delta_sensor_async to None, run_after=None
[2025-11-12T23:38:35.166+0000] {processor.py:183} INFO - Processing /home/airflow/.local/lib/python3.8/site-packages/airflow/example_dags/example_time_delta_sensor_async.py took 0.048 seconds
[2025-11-12T23:39:05.571+0000] {processor.py:161} INFO - Started process (PID=834) to work on /home/airflow/.local/lib/python3.8/site-packages/airflow/example_dags/example_time_delta_sensor_async.py
[2025-11-12T23:39:05.571+0000] {processor.py:830} INFO - Processing file /home/airflow/.local/lib/python3.8/site-packages/airflow/example_dags/example_time_delta_sensor_async.py for tasks to queue
[2025-11-12T23:39:05.573+0000] {logging_mixin.py:188} INFO - [2025-11-12T23:39:05.572+0000] {dagbag.py:538} INFO - Filling up the DagBag from /home/airflow/.local/lib/python3.8/site-packages/airflow/example_dags/example_time_delta_sensor_async.py
[2025-11-12T23:39:05.577+0000] {processor.py:840} INFO - DAG(s) 'example_time_delta_sensor_async' retrieved from /home/airflow/.local/lib/python3.8/site-packages/airflow/example_dags/example_time_delta_sensor_async.py
[2025-11-12T23:39:05.591+0000] {logging_mixin.py:188} INFO - [2025-11-12T23:39:05.591+0000] {dag.py:3036} INFO - Sync 1 DAGs
[2025-11-12T23:39:05.600+0000] {logging_mixin.py:188} INFO - [2025-11-12T23:39:05.600+0000] {dag.py:3823} INFO - Setting next_dagrun for example_time_delta_sensor_async to None, run_after=None
[2025-11-12T23:39:05.613+0000] {processor.py:183} INFO - Processing /home/airflow/.local/lib/python3.8/site-packages/airflow/example_dags/example_time_delta_sensor_async.py took 0.045 seconds
[2025-11-12T23:39:35.902+0000] {processor.py:161} INFO - Started process (PID=891) to work on /home/airflow/.local/lib/python3.8/site-packages/airflow/example_dags/example_time_delta_sensor_async.py
[2025-11-12T23:39:35.903+0000] {processor.py:830} INFO - Processing file /home/airflow/.local/lib/python3.8/site-packages/airflow/example_dags/example_time_delta_sensor_async.py for tasks to queue
[2025-11-12T23:39:35.904+0000] {logging_mixin.py:188} INFO - [2025-11-12T23:39:35.904+0000] {dagbag.py:538} INFO - Filling up the DagBag from /home/airflow/.local/lib/python3.8/site-packages/airflow/example_dags/example_time_delta_sensor_async.py
[2025-11-12T23:39:35.908+0000] {processor.py:840} INFO - DAG(s) 'example_time_delta_sensor_async' retrieved from /home/airflow/.local/lib/python3.8/site-packages/airflow/example_dags/example_time_delta_sensor_async.py
[2025-11-12T23:39:35.923+0000] {logging_mixin.py:188} INFO - [2025-11-12T23:39:35.923+0000] {dag.py:3036} INFO - Sync 1 DAGs
[2025-11-12T23:39:35.933+0000] {logging_mixin.py:188} INFO - [2025-11-12T23:39:35.933+0000] {dag.py:3823} INFO - Setting next_dagrun for example_time_delta_sensor_async to None, run_after=None
[2025-11-12T23:39:35.947+0000] {processor.py:183} INFO - Processing /home/airflow/.local/lib/python3.8/site-packages/airflow/example_dags/example_time_delta_sensor_async.py took 0.047 seconds
[2025-11-12T23:40:06.248+0000] {processor.py:161} INFO - Started process (PID=948) to work on /home/airflow/.local/lib/python3.8/site-packages/airflow/example_dags/example_time_delta_sensor_async.py
[2025-11-12T23:40:06.248+0000] {processor.py:830} INFO - Processing file /home/airflow/.local/lib/python3.8/site-packages/airflow/example_dags/example_time_delta_sensor_async.py for tasks to queue
[2025-11-12T23:40:06.250+0000] {logging_mixin.py:188} INFO - [2025-11-12T23:40:06.249+0000] {dagbag.py:538} INFO - Filling up the DagBag from /home/airflow/.local/lib/python3.8/site-packages/airflow/example_dags/example_time_delta_sensor_async.py
[2025-11-12T23:40:06.253+0000] {processor.py:840} INFO - DAG(s) 'example_time_delta_sensor_async' retrieved from /home/airflow/.local/lib/python3.8/site-packages/airflow/example_dags/example_time_delta_sensor_async.py
[2025-11-12T23:40:06.269+0000] {logging_mixin.py:188} INFO - [2025-11-12T23:40:06.268+0000] {dag.py:3036} INFO - Sync 1 DAGs
[2025-11-12T23:40:06.278+0000] {logging_mixin.py:188} INFO - [2025-11-12T23:40:06.277+0000] {dag.py:3823} INFO - Setting next_dagrun for example_time_delta_sensor_async to None, run_after=None
[2025-11-12T23:40:06.293+0000] {processor.py:183} INFO - Processing /home/airflow/.local/lib/python3.8/site-packages/airflow/example_dags/example_time_delta_sensor_async.py took 0.048 seconds
[2025-11-12T23:40:36.340+0000] {processor.py:161} INFO - Started process (PID=1003) to work on /home/airflow/.local/lib/python3.8/site-packages/airflow/example_dags/example_time_delta_sensor_async.py
[2025-11-12T23:40:36.341+0000] {processor.py:830} INFO - Processing file /home/airflow/.local/lib/python3.8/site-packages/airflow/example_dags/example_time_delta_sensor_async.py for tasks to queue
[2025-11-12T23:40:36.342+0000] {logging_mixin.py:188} INFO - [2025-11-12T23:40:36.342+0000] {dagbag.py:538} INFO - Filling up the DagBag from /home/airflow/.local/lib/python3.8/site-packages/airflow/example_dags/example_time_delta_sensor_async.py
[2025-11-12T23:40:36.346+0000] {processor.py:840} INFO - DAG(s) 'example_time_delta_sensor_async' retrieved from /home/airflow/.local/lib/python3.8/site-packages/airflow/example_dags/example_time_delta_sensor_async.py
[2025-11-12T23:40:36.360+0000] {logging_mixin.py:188} INFO - [2025-11-12T23:40:36.360+0000] {dag.py:3036} INFO - Sync 1 DAGs
[2025-11-12T23:40:36.369+0000] {logging_mixin.py:188} INFO - [2025-11-12T23:40:36.369+0000] {dag.py:3823} INFO - Setting next_dagrun for example_time_delta_sensor_async to None, run_after=None
[2025-11-12T23:40:36.381+0000] {processor.py:183} INFO - Processing /home/airflow/.local/lib/python3.8/site-packages/airflow/example_dags/example_time_delta_sensor_async.py took 0.044 seconds
[2025-11-12T23:41:06.540+0000] {processor.py:161} INFO - Started process (PID=1060) to work on /home/airflow/.local/lib/python3.8/site-packages/airflow/example_dags/example_time_delta_sensor_async.py
[2025-11-12T23:41:06.540+0000] {processor.py:830} INFO - Processing file /home/airflow/.local/lib/python3.8/site-packages/airflow/example_dags/example_time_delta_sensor_async.py for tasks to queue
[2025-11-12T23:41:06.542+0000] {logging_mixin.py:188} INFO - [2025-11-12T23:41:06.542+0000] {dagbag.py:538} INFO - Filling up the DagBag from /home/airflow/.local/lib/python3.8/site-packages/airflow/example_dags/example_time_delta_sensor_async.py
[2025-11-12T23:41:06.545+0000] {processor.py:840} INFO - DAG(s) 'example_time_delta_sensor_async' retrieved from /home/airflow/.local/lib/python3.8/site-packages/airflow/example_dags/example_time_delta_sensor_async.py
[2025-11-12T23:41:06.561+0000] {logging_mixin.py:188} INFO - [2025-11-12T23:41:06.561+0000] {dag.py:3036} INFO - Sync 1 DAGs
[2025-11-12T23:41:06.571+0000] {logging_mixin.py:188} INFO - [2025-11-12T23:41:06.571+0000] {dag.py:3823} INFO - Setting next_dagrun for example_time_delta_sensor_async to None, run_after=None
[2025-11-12T23:41:06.584+0000] {processor.py:183} INFO - Processing /home/airflow/.local/lib/python3.8/site-packages/airflow/example_dags/example_time_delta_sensor_async.py took 0.047 seconds
[2025-11-12T23:41:36.651+0000] {processor.py:161} INFO - Started process (PID=1117) to work on /home/airflow/.local/lib/python3.8/site-packages/airflow/example_dags/example_time_delta_sensor_async.py
[2025-11-12T23:41:36.652+0000] {processor.py:830} INFO - Processing file /home/airflow/.local/lib/python3.8/site-packages/airflow/example_dags/example_time_delta_sensor_async.py for tasks to queue
[2025-11-12T23:41:36.653+0000] {logging_mixin.py:188} INFO - [2025-11-12T23:41:36.653+0000] {dagbag.py:538} INFO - Filling up the DagBag from /home/airflow/.local/lib/python3.8/site-packages/airflow/example_dags/example_time_delta_sensor_async.py
[2025-11-12T23:41:36.657+0000] {processor.py:840} INFO - DAG(s) 'example_time_delta_sensor_async' retrieved from /home/airflow/.local/lib/python3.8/site-packages/airflow/example_dags/example_time_delta_sensor_async.py
[2025-11-12T23:41:36.672+0000] {logging_mixin.py:188} INFO - [2025-11-12T23:41:36.672+0000] {dag.py:3036} INFO - Sync 1 DAGs
[2025-11-12T23:41:36.681+0000] {logging_mixin.py:188} INFO - [2025-11-12T23:41:36.681+0000] {dag.py:3823} INFO - Setting next_dagrun for example_time_delta_sensor_async to None, run_after=None
[2025-11-12T23:41:36.694+0000] {processor.py:183} INFO - Processing /home/airflow/.local/lib/python3.8/site-packages/airflow/example_dags/example_time_delta_sensor_async.py took 0.046 seconds
[2025-11-12T23:42:06.878+0000] {processor.py:161} INFO - Started process (PID=1174) to work on /home/airflow/.local/lib/python3.8/site-packages/airflow/example_dags/example_time_delta_sensor_async.py
[2025-11-12T23:42:06.879+0000] {processor.py:830} INFO - Processing file /home/airflow/.local/lib/python3.8/site-packages/airflow/example_dags/example_time_delta_sensor_async.py for tasks to queue
[2025-11-12T23:42:06.880+0000] {logging_mixin.py:188} INFO - [2025-11-12T23:42:06.880+0000] {dagbag.py:538} INFO - Filling up the DagBag from /home/airflow/.local/lib/python3.8/site-packages/airflow/example_dags/example_time_delta_sensor_async.py
[2025-11-12T23:42:06.884+0000] {processor.py:840} INFO - DAG(s) 'example_time_delta_sensor_async' retrieved from /home/airflow/.local/lib/python3.8/site-packages/airflow/example_dags/example_time_delta_sensor_async.py
[2025-11-12T23:42:06.900+0000] {logging_mixin.py:188} INFO - [2025-11-12T23:42:06.899+0000] {dag.py:3036} INFO - Sync 1 DAGs
[2025-11-12T23:42:06.910+0000] {logging_mixin.py:188} INFO - [2025-11-12T23:42:06.909+0000] {dag.py:3823} INFO - Setting next_dagrun for example_time_delta_sensor_async to None, run_after=None
[2025-11-12T23:42:06.923+0000] {processor.py:183} INFO - Processing /home/airflow/.local/lib/python3.8/site-packages/airflow/example_dags/example_time_delta_sensor_async.py took 0.048 seconds
[2025-11-12T23:42:37.198+0000] {processor.py:161} INFO - Started process (PID=1231) to work on /home/airflow/.local/lib/python3.8/site-packages/airflow/example_dags/example_time_delta_sensor_async.py
[2025-11-12T23:42:37.199+0000] {processor.py:830} INFO - Processing file /home/airflow/.local/lib/python3.8/site-packages/airflow/example_dags/example_time_delta_sensor_async.py for tasks to queue
[2025-11-12T23:42:37.200+0000] {logging_mixin.py:188} INFO - [2025-11-12T23:42:37.200+0000] {dagbag.py:538} INFO - Filling up the DagBag from /home/airflow/.local/lib/python3.8/site-packages/airflow/example_dags/example_time_delta_sensor_async.py
[2025-11-12T23:42:37.204+0000] {processor.py:840} INFO - DAG(s) 'example_time_delta_sensor_async' retrieved from /home/airflow/.local/lib/python3.8/site-packages/airflow/example_dags/example_time_delta_sensor_async.py
[2025-11-12T23:42:37.219+0000] {logging_mixin.py:188} INFO - [2025-11-12T23:42:37.218+0000] {dag.py:3036} INFO - Sync 1 DAGs
[2025-11-12T23:42:37.228+0000] {logging_mixin.py:188} INFO - [2025-11-12T23:42:37.227+0000] {dag.py:3823} INFO - Setting next_dagrun for example_time_delta_sensor_async to None, run_after=None
[2025-11-12T23:42:37.242+0000] {processor.py:183} INFO - Processing /home/airflow/.local/lib/python3.8/site-packages/airflow/example_dags/example_time_delta_sensor_async.py took 0.046 seconds
[2025-11-12T23:43:07.410+0000] {processor.py:161} INFO - Started process (PID=1288) to work on /home/airflow/.local/lib/python3.8/site-packages/airflow/example_dags/example_time_delta_sensor_async.py
[2025-11-12T23:43:07.411+0000] {processor.py:830} INFO - Processing file /home/airflow/.local/lib/python3.8/site-packages/airflow/example_dags/example_time_delta_sensor_async.py for tasks to queue
[2025-11-12T23:43:07.412+0000] {logging_mixin.py:188} INFO - [2025-11-12T23:43:07.412+0000] {dagbag.py:538} INFO - Filling up the DagBag from /home/airflow/.local/lib/python3.8/site-packages/airflow/example_dags/example_time_delta_sensor_async.py
[2025-11-12T23:43:07.416+0000] {processor.py:840} INFO - DAG(s) 'example_time_delta_sensor_async' retrieved from /home/airflow/.local/lib/python3.8/site-packages/airflow/example_dags/example_time_delta_sensor_async.py
[2025-11-12T23:43:07.433+0000] {logging_mixin.py:188} INFO - [2025-11-12T23:43:07.433+0000] {dag.py:3036} INFO - Sync 1 DAGs
[2025-11-12T23:43:07.443+0000] {logging_mixin.py:188} INFO - [2025-11-12T23:43:07.443+0000] {dag.py:3823} INFO - Setting next_dagrun for example_time_delta_sensor_async to None, run_after=None
[2025-11-12T23:43:07.460+0000] {processor.py:183} INFO - Processing /home/airflow/.local/lib/python3.8/site-packages/airflow/example_dags/example_time_delta_sensor_async.py took 0.053 seconds
[2025-11-12T23:43:37.705+0000] {processor.py:161} INFO - Started process (PID=1345) to work on /home/airflow/.local/lib/python3.8/site-packages/airflow/example_dags/example_time_delta_sensor_async.py
[2025-11-12T23:43:37.706+0000] {processor.py:830} INFO - Processing file /home/airflow/.local/lib/python3.8/site-packages/airflow/example_dags/example_time_delta_sensor_async.py for tasks to queue
[2025-11-12T23:43:37.707+0000] {logging_mixin.py:188} INFO - [2025-11-12T23:43:37.707+0000] {dagbag.py:538} INFO - Filling up the DagBag from /home/airflow/.local/lib/python3.8/site-packages/airflow/example_dags/example_time_delta_sensor_async.py
[2025-11-12T23:43:37.711+0000] {processor.py:840} INFO - DAG(s) 'example_time_delta_sensor_async' retrieved from /home/airflow/.local/lib/python3.8/site-packages/airflow/example_dags/example_time_delta_sensor_async.py
[2025-11-12T23:43:37.726+0000] {logging_mixin.py:188} INFO - [2025-11-12T23:43:37.725+0000] {dag.py:3036} INFO - Sync 1 DAGs
[2025-11-12T23:43:37.735+0000] {logging_mixin.py:188} INFO - [2025-11-12T23:43:37.735+0000] {dag.py:3823} INFO - Setting next_dagrun for example_time_delta_sensor_async to None, run_after=None
[2025-11-12T23:43:37.749+0000] {processor.py:183} INFO - Processing /home/airflow/.local/lib/python3.8/site-packages/airflow/example_dags/example_time_delta_sensor_async.py took 0.047 seconds
[2025-11-12T23:44:08.013+0000] {processor.py:161} INFO - Started process (PID=1402) to work on /home/airflow/.local/lib/python3.8/site-packages/airflow/example_dags/example_time_delta_sensor_async.py
[2025-11-12T23:44:08.013+0000] {processor.py:830} INFO - Processing file /home/airflow/.local/lib/python3.8/site-packages/airflow/example_dags/example_time_delta_sensor_async.py for tasks to queue
[2025-11-12T23:44:08.015+0000] {logging_mixin.py:188} INFO - [2025-11-12T23:44:08.015+0000] {dagbag.py:538} INFO - Filling up the DagBag from /home/airflow/.local/lib/python3.8/site-packages/airflow/example_dags/example_time_delta_sensor_async.py
[2025-11-12T23:44:08.019+0000] {processor.py:840} INFO - DAG(s) 'example_time_delta_sensor_async' retrieved from /home/airflow/.local/lib/python3.8/site-packages/airflow/example_dags/example_time_delta_sensor_async.py
[2025-11-12T23:44:08.033+0000] {logging_mixin.py:188} INFO - [2025-11-12T23:44:08.033+0000] {dag.py:3036} INFO - Sync 1 DAGs
[2025-11-12T23:44:08.042+0000] {logging_mixin.py:188} INFO - [2025-11-12T23:44:08.042+0000] {dag.py:3823} INFO - Setting next_dagrun for example_time_delta_sensor_async to None, run_after=None
[2025-11-12T23:44:08.054+0000] {processor.py:183} INFO - Processing /home/airflow/.local/lib/python3.8/site-packages/airflow/example_dags/example_time_delta_sensor_async.py took 0.044 seconds
[2025-11-12T23:44:38.288+0000] {processor.py:161} INFO - Started process (PID=1459) to work on /home/airflow/.local/lib/python3.8/site-packages/airflow/example_dags/example_time_delta_sensor_async.py
[2025-11-12T23:44:38.289+0000] {processor.py:830} INFO - Processing file /home/airflow/.local/lib/python3.8/site-packages/airflow/example_dags/example_time_delta_sensor_async.py for tasks to queue
[2025-11-12T23:44:38.291+0000] {logging_mixin.py:188} INFO - [2025-11-12T23:44:38.291+0000] {dagbag.py:538} INFO - Filling up the DagBag from /home/airflow/.local/lib/python3.8/site-packages/airflow/example_dags/example_time_delta_sensor_async.py
[2025-11-12T23:44:38.294+0000] {processor.py:840} INFO - DAG(s) 'example_time_delta_sensor_async' retrieved from /home/airflow/.local/lib/python3.8/site-packages/airflow/example_dags/example_time_delta_sensor_async.py
[2025-11-12T23:44:38.312+0000] {logging_mixin.py:188} INFO - [2025-11-12T23:44:38.312+0000] {dag.py:3036} INFO - Sync 1 DAGs
[2025-11-12T23:44:38.323+0000] {logging_mixin.py:188} INFO - [2025-11-12T23:44:38.323+0000] {dag.py:3823} INFO - Setting next_dagrun for example_time_delta_sensor_async to None, run_after=None
[2025-11-12T23:44:38.339+0000] {processor.py:183} INFO - Processing /home/airflow/.local/lib/python3.8/site-packages/airflow/example_dags/example_time_delta_sensor_async.py took 0.054 seconds
[2025-11-12T23:45:08.486+0000] {processor.py:161} INFO - Started process (PID=1516) to work on /home/airflow/.local/lib/python3.8/site-packages/airflow/example_dags/example_time_delta_sensor_async.py
[2025-11-12T23:45:08.487+0000] {processor.py:830} INFO - Processing file /home/airflow/.local/lib/python3.8/site-packages/airflow/example_dags/example_time_delta_sensor_async.py for tasks to queue
[2025-11-12T23:45:08.489+0000] {logging_mixin.py:188} INFO - [2025-11-12T23:45:08.488+0000] {dagbag.py:538} INFO - Filling up the DagBag from /home/airflow/.local/lib/python3.8/site-packages/airflow/example_dags/example_time_delta_sensor_async.py
[2025-11-12T23:45:08.492+0000] {processor.py:840} INFO - DAG(s) 'example_time_delta_sensor_async' retrieved from /home/airflow/.local/lib/python3.8/site-packages/airflow/example_dags/example_time_delta_sensor_async.py
[2025-11-12T23:45:08.507+0000] {logging_mixin.py:188} INFO - [2025-11-12T23:45:08.507+0000] {dag.py:3036} INFO - Sync 1 DAGs
[2025-11-12T23:45:08.516+0000] {logging_mixin.py:188} INFO - [2025-11-12T23:45:08.516+0000] {dag.py:3823} INFO - Setting next_dagrun for example_time_delta_sensor_async to None, run_after=None
[2025-11-12T23:45:08.527+0000] {processor.py:183} INFO - Processing /home/airflow/.local/lib/python3.8/site-packages/airflow/example_dags/example_time_delta_sensor_async.py took 0.043 seconds
[2025-11-12T23:45:38.622+0000] {processor.py:161} INFO - Started process (PID=1573) to work on /home/airflow/.local/lib/python3.8/site-packages/airflow/example_dags/example_time_delta_sensor_async.py
[2025-11-12T23:45:38.623+0000] {processor.py:830} INFO - Processing file /home/airflow/.local/lib/python3.8/site-packages/airflow/example_dags/example_time_delta_sensor_async.py for tasks to queue
[2025-11-12T23:45:38.624+0000] {logging_mixin.py:188} INFO - [2025-11-12T23:45:38.624+0000] {dagbag.py:538} INFO - Filling up the DagBag from /home/airflow/.local/lib/python3.8/site-packages/airflow/example_dags/example_time_delta_sensor_async.py
[2025-11-12T23:45:38.628+0000] {processor.py:840} INFO - DAG(s) 'example_time_delta_sensor_async' retrieved from /home/airflow/.local/lib/python3.8/site-packages/airflow/example_dags/example_time_delta_sensor_async.py
[2025-11-12T23:45:38.643+0000] {logging_mixin.py:188} INFO - [2025-11-12T23:45:38.643+0000] {dag.py:3036} INFO - Sync 1 DAGs
[2025-11-12T23:45:38.654+0000] {logging_mixin.py:188} INFO - [2025-11-12T23:45:38.654+0000] {dag.py:3823} INFO - Setting next_dagrun for example_time_delta_sensor_async to None, run_after=None
[2025-11-12T23:45:38.671+0000] {processor.py:183} INFO - Processing /home/airflow/.local/lib/python3.8/site-packages/airflow/example_dags/example_time_delta_sensor_async.py took 0.052 seconds
