[2025-11-12T23:32:27.192+0000] {processor.py:161} INFO - Started process (PID=60) to work on /home/airflow/.local/lib/python3.8/site-packages/airflow/example_dags/example_complex.py
[2025-11-12T23:32:27.193+0000] {processor.py:830} INFO - Processing file /home/airflow/.local/lib/python3.8/site-packages/airflow/example_dags/example_complex.py for tasks to queue
[2025-11-12T23:32:27.194+0000] {logging_mixin.py:188} INFO - [2025-11-12T23:32:27.194+0000] {dagbag.py:538} INFO - Filling up the DagBag from /home/airflow/.local/lib/python3.8/site-packages/airflow/example_dags/example_complex.py
[2025-11-12T23:32:27.208+0000] {processor.py:840} INFO - DAG(s) 'example_complex' retrieved from /home/airflow/.local/lib/python3.8/site-packages/airflow/example_dags/example_complex.py
[2025-11-12T23:32:27.301+0000] {logging_mixin.py:188} INFO - [2025-11-12T23:32:27.300+0000] {override.py:1769} INFO - Created Permission View: can delete on DAG:example_complex
[2025-11-12T23:32:27.313+0000] {logging_mixin.py:188} INFO - [2025-11-12T23:32:27.313+0000] {override.py:1769} INFO - Created Permission View: can edit on DAG:example_complex
[2025-11-12T23:32:27.320+0000] {logging_mixin.py:188} INFO - [2025-11-12T23:32:27.319+0000] {override.py:1769} INFO - Created Permission View: can read on DAG:example_complex
[2025-11-12T23:32:27.320+0000] {logging_mixin.py:188} INFO - [2025-11-12T23:32:27.320+0000] {dag.py:3036} INFO - Sync 1 DAGs
[2025-11-12T23:32:27.330+0000] {logging_mixin.py:188} INFO - [2025-11-12T23:32:27.330+0000] {dag.py:3058} INFO - Creating ORM DAG for example_complex
[2025-11-12T23:32:27.331+0000] {logging_mixin.py:188} INFO - [2025-11-12T23:32:27.331+0000] {dag.py:3823} INFO - Setting next_dagrun for example_complex to None, run_after=None
[2025-11-12T23:32:27.350+0000] {processor.py:183} INFO - Processing /home/airflow/.local/lib/python3.8/site-packages/airflow/example_dags/example_complex.py took 0.161 seconds
[2025-11-12T23:32:57.975+0000] {processor.py:161} INFO - Started process (PID=117) to work on /home/airflow/.local/lib/python3.8/site-packages/airflow/example_dags/example_complex.py
[2025-11-12T23:32:57.976+0000] {processor.py:830} INFO - Processing file /home/airflow/.local/lib/python3.8/site-packages/airflow/example_dags/example_complex.py for tasks to queue
[2025-11-12T23:32:57.977+0000] {logging_mixin.py:188} INFO - [2025-11-12T23:32:57.977+0000] {dagbag.py:538} INFO - Filling up the DagBag from /home/airflow/.local/lib/python3.8/site-packages/airflow/example_dags/example_complex.py
[2025-11-12T23:32:57.988+0000] {processor.py:840} INFO - DAG(s) 'example_complex' retrieved from /home/airflow/.local/lib/python3.8/site-packages/airflow/example_dags/example_complex.py
[2025-11-12T23:32:58.013+0000] {logging_mixin.py:188} INFO - [2025-11-12T23:32:58.013+0000] {dag.py:3036} INFO - Sync 1 DAGs
[2025-11-12T23:32:58.023+0000] {logging_mixin.py:188} INFO - [2025-11-12T23:32:58.023+0000] {dag.py:3823} INFO - Setting next_dagrun for example_complex to None, run_after=None
[2025-11-12T23:32:58.036+0000] {processor.py:183} INFO - Processing /home/airflow/.local/lib/python3.8/site-packages/airflow/example_dags/example_complex.py took 0.064 seconds
[2025-11-12T23:33:28.377+0000] {processor.py:161} INFO - Started process (PID=174) to work on /home/airflow/.local/lib/python3.8/site-packages/airflow/example_dags/example_complex.py
[2025-11-12T23:33:28.377+0000] {processor.py:830} INFO - Processing file /home/airflow/.local/lib/python3.8/site-packages/airflow/example_dags/example_complex.py for tasks to queue
[2025-11-12T23:33:28.379+0000] {logging_mixin.py:188} INFO - [2025-11-12T23:33:28.379+0000] {dagbag.py:538} INFO - Filling up the DagBag from /home/airflow/.local/lib/python3.8/site-packages/airflow/example_dags/example_complex.py
[2025-11-12T23:33:28.389+0000] {processor.py:840} INFO - DAG(s) 'example_complex' retrieved from /home/airflow/.local/lib/python3.8/site-packages/airflow/example_dags/example_complex.py
[2025-11-12T23:33:28.414+0000] {logging_mixin.py:188} INFO - [2025-11-12T23:33:28.414+0000] {dag.py:3036} INFO - Sync 1 DAGs
[2025-11-12T23:33:28.423+0000] {logging_mixin.py:188} INFO - [2025-11-12T23:33:28.423+0000] {dag.py:3823} INFO - Setting next_dagrun for example_complex to None, run_after=None
[2025-11-12T23:33:28.437+0000] {processor.py:183} INFO - Processing /home/airflow/.local/lib/python3.8/site-packages/airflow/example_dags/example_complex.py took 0.062 seconds
[2025-11-12T23:33:58.477+0000] {processor.py:161} INFO - Started process (PID=230) to work on /home/airflow/.local/lib/python3.8/site-packages/airflow/example_dags/example_complex.py
[2025-11-12T23:33:58.478+0000] {processor.py:830} INFO - Processing file /home/airflow/.local/lib/python3.8/site-packages/airflow/example_dags/example_complex.py for tasks to queue
[2025-11-12T23:33:58.479+0000] {logging_mixin.py:188} INFO - [2025-11-12T23:33:58.479+0000] {dagbag.py:538} INFO - Filling up the DagBag from /home/airflow/.local/lib/python3.8/site-packages/airflow/example_dags/example_complex.py
[2025-11-12T23:33:58.488+0000] {processor.py:840} INFO - DAG(s) 'example_complex' retrieved from /home/airflow/.local/lib/python3.8/site-packages/airflow/example_dags/example_complex.py
[2025-11-12T23:33:58.512+0000] {logging_mixin.py:188} INFO - [2025-11-12T23:33:58.512+0000] {dag.py:3036} INFO - Sync 1 DAGs
[2025-11-12T23:33:58.522+0000] {logging_mixin.py:188} INFO - [2025-11-12T23:33:58.522+0000] {dag.py:3823} INFO - Setting next_dagrun for example_complex to None, run_after=None
[2025-11-12T23:33:58.536+0000] {processor.py:183} INFO - Processing /home/airflow/.local/lib/python3.8/site-packages/airflow/example_dags/example_complex.py took 0.061 seconds
[2025-11-12T23:34:28.682+0000] {processor.py:161} INFO - Started process (PID=286) to work on /home/airflow/.local/lib/python3.8/site-packages/airflow/example_dags/example_complex.py
[2025-11-12T23:34:28.683+0000] {processor.py:830} INFO - Processing file /home/airflow/.local/lib/python3.8/site-packages/airflow/example_dags/example_complex.py for tasks to queue
[2025-11-12T23:34:28.684+0000] {logging_mixin.py:188} INFO - [2025-11-12T23:34:28.684+0000] {dagbag.py:538} INFO - Filling up the DagBag from /home/airflow/.local/lib/python3.8/site-packages/airflow/example_dags/example_complex.py
[2025-11-12T23:34:28.693+0000] {processor.py:840} INFO - DAG(s) 'example_complex' retrieved from /home/airflow/.local/lib/python3.8/site-packages/airflow/example_dags/example_complex.py
[2025-11-12T23:34:28.716+0000] {logging_mixin.py:188} INFO - [2025-11-12T23:34:28.716+0000] {dag.py:3036} INFO - Sync 1 DAGs
[2025-11-12T23:34:28.725+0000] {logging_mixin.py:188} INFO - [2025-11-12T23:34:28.724+0000] {dag.py:3823} INFO - Setting next_dagrun for example_complex to None, run_after=None
[2025-11-12T23:34:28.737+0000] {processor.py:183} INFO - Processing /home/airflow/.local/lib/python3.8/site-packages/airflow/example_dags/example_complex.py took 0.058 seconds
[2025-11-12T23:34:58.777+0000] {processor.py:161} INFO - Started process (PID=343) to work on /home/airflow/.local/lib/python3.8/site-packages/airflow/example_dags/example_complex.py
[2025-11-12T23:34:58.778+0000] {processor.py:830} INFO - Processing file /home/airflow/.local/lib/python3.8/site-packages/airflow/example_dags/example_complex.py for tasks to queue
[2025-11-12T23:34:58.779+0000] {logging_mixin.py:188} INFO - [2025-11-12T23:34:58.779+0000] {dagbag.py:538} INFO - Filling up the DagBag from /home/airflow/.local/lib/python3.8/site-packages/airflow/example_dags/example_complex.py
[2025-11-12T23:34:58.788+0000] {processor.py:840} INFO - DAG(s) 'example_complex' retrieved from /home/airflow/.local/lib/python3.8/site-packages/airflow/example_dags/example_complex.py
[2025-11-12T23:34:58.810+0000] {logging_mixin.py:188} INFO - [2025-11-12T23:34:58.810+0000] {dag.py:3036} INFO - Sync 1 DAGs
[2025-11-12T23:34:58.819+0000] {logging_mixin.py:188} INFO - [2025-11-12T23:34:58.819+0000] {dag.py:3823} INFO - Setting next_dagrun for example_complex to None, run_after=None
[2025-11-12T23:34:58.831+0000] {processor.py:183} INFO - Processing /home/airflow/.local/lib/python3.8/site-packages/airflow/example_dags/example_complex.py took 0.056 seconds
[2025-11-12T23:35:29.088+0000] {processor.py:161} INFO - Started process (PID=400) to work on /home/airflow/.local/lib/python3.8/site-packages/airflow/example_dags/example_complex.py
[2025-11-12T23:35:29.089+0000] {processor.py:830} INFO - Processing file /home/airflow/.local/lib/python3.8/site-packages/airflow/example_dags/example_complex.py for tasks to queue
[2025-11-12T23:35:29.091+0000] {logging_mixin.py:188} INFO - [2025-11-12T23:35:29.090+0000] {dagbag.py:538} INFO - Filling up the DagBag from /home/airflow/.local/lib/python3.8/site-packages/airflow/example_dags/example_complex.py
[2025-11-12T23:35:29.100+0000] {processor.py:840} INFO - DAG(s) 'example_complex' retrieved from /home/airflow/.local/lib/python3.8/site-packages/airflow/example_dags/example_complex.py
[2025-11-12T23:35:29.123+0000] {logging_mixin.py:188} INFO - [2025-11-12T23:35:29.123+0000] {dag.py:3036} INFO - Sync 1 DAGs
[2025-11-12T23:35:29.132+0000] {logging_mixin.py:188} INFO - [2025-11-12T23:35:29.132+0000] {dag.py:3823} INFO - Setting next_dagrun for example_complex to None, run_after=None
[2025-11-12T23:35:29.144+0000] {processor.py:183} INFO - Processing /home/airflow/.local/lib/python3.8/site-packages/airflow/example_dags/example_complex.py took 0.059 seconds
[2025-11-12T23:35:59.473+0000] {processor.py:161} INFO - Started process (PID=457) to work on /home/airflow/.local/lib/python3.8/site-packages/airflow/example_dags/example_complex.py
[2025-11-12T23:35:59.474+0000] {processor.py:830} INFO - Processing file /home/airflow/.local/lib/python3.8/site-packages/airflow/example_dags/example_complex.py for tasks to queue
[2025-11-12T23:35:59.475+0000] {logging_mixin.py:188} INFO - [2025-11-12T23:35:59.475+0000] {dagbag.py:538} INFO - Filling up the DagBag from /home/airflow/.local/lib/python3.8/site-packages/airflow/example_dags/example_complex.py
[2025-11-12T23:35:59.484+0000] {processor.py:840} INFO - DAG(s) 'example_complex' retrieved from /home/airflow/.local/lib/python3.8/site-packages/airflow/example_dags/example_complex.py
[2025-11-12T23:35:59.508+0000] {logging_mixin.py:188} INFO - [2025-11-12T23:35:59.507+0000] {dag.py:3036} INFO - Sync 1 DAGs
[2025-11-12T23:35:59.516+0000] {logging_mixin.py:188} INFO - [2025-11-12T23:35:59.516+0000] {dag.py:3823} INFO - Setting next_dagrun for example_complex to None, run_after=None
[2025-11-12T23:35:59.528+0000] {processor.py:183} INFO - Processing /home/airflow/.local/lib/python3.8/site-packages/airflow/example_dags/example_complex.py took 0.057 seconds
[2025-11-12T23:36:29.734+0000] {processor.py:161} INFO - Started process (PID=520) to work on /home/airflow/.local/lib/python3.8/site-packages/airflow/example_dags/example_complex.py
[2025-11-12T23:36:29.735+0000] {processor.py:830} INFO - Processing file /home/airflow/.local/lib/python3.8/site-packages/airflow/example_dags/example_complex.py for tasks to queue
[2025-11-12T23:36:29.736+0000] {logging_mixin.py:188} INFO - [2025-11-12T23:36:29.736+0000] {dagbag.py:538} INFO - Filling up the DagBag from /home/airflow/.local/lib/python3.8/site-packages/airflow/example_dags/example_complex.py
[2025-11-12T23:36:29.746+0000] {processor.py:840} INFO - DAG(s) 'example_complex' retrieved from /home/airflow/.local/lib/python3.8/site-packages/airflow/example_dags/example_complex.py
[2025-11-12T23:36:29.769+0000] {logging_mixin.py:188} INFO - [2025-11-12T23:36:29.769+0000] {dag.py:3036} INFO - Sync 1 DAGs
[2025-11-12T23:36:29.779+0000] {logging_mixin.py:188} INFO - [2025-11-12T23:36:29.779+0000] {dag.py:3823} INFO - Setting next_dagrun for example_complex to None, run_after=None
[2025-11-12T23:36:29.793+0000] {processor.py:183} INFO - Processing /home/airflow/.local/lib/python3.8/site-packages/airflow/example_dags/example_complex.py took 0.061 seconds
[2025-11-12T23:37:00.083+0000] {processor.py:161} INFO - Started process (PID=577) to work on /home/airflow/.local/lib/python3.8/site-packages/airflow/example_dags/example_complex.py
[2025-11-12T23:37:00.084+0000] {processor.py:830} INFO - Processing file /home/airflow/.local/lib/python3.8/site-packages/airflow/example_dags/example_complex.py for tasks to queue
[2025-11-12T23:37:00.085+0000] {logging_mixin.py:188} INFO - [2025-11-12T23:37:00.085+0000] {dagbag.py:538} INFO - Filling up the DagBag from /home/airflow/.local/lib/python3.8/site-packages/airflow/example_dags/example_complex.py
[2025-11-12T23:37:00.095+0000] {processor.py:840} INFO - DAG(s) 'example_complex' retrieved from /home/airflow/.local/lib/python3.8/site-packages/airflow/example_dags/example_complex.py
[2025-11-12T23:37:00.117+0000] {logging_mixin.py:188} INFO - [2025-11-12T23:37:00.117+0000] {dag.py:3036} INFO - Sync 1 DAGs
[2025-11-12T23:37:00.126+0000] {logging_mixin.py:188} INFO - [2025-11-12T23:37:00.126+0000] {dag.py:3823} INFO - Setting next_dagrun for example_complex to None, run_after=None
[2025-11-12T23:37:00.137+0000] {processor.py:183} INFO - Processing /home/airflow/.local/lib/python3.8/site-packages/airflow/example_dags/example_complex.py took 0.057 seconds
[2025-11-12T23:37:30.337+0000] {processor.py:161} INFO - Started process (PID=634) to work on /home/airflow/.local/lib/python3.8/site-packages/airflow/example_dags/example_complex.py
[2025-11-12T23:37:30.338+0000] {processor.py:830} INFO - Processing file /home/airflow/.local/lib/python3.8/site-packages/airflow/example_dags/example_complex.py for tasks to queue
[2025-11-12T23:37:30.339+0000] {logging_mixin.py:188} INFO - [2025-11-12T23:37:30.339+0000] {dagbag.py:538} INFO - Filling up the DagBag from /home/airflow/.local/lib/python3.8/site-packages/airflow/example_dags/example_complex.py
[2025-11-12T23:37:30.348+0000] {processor.py:840} INFO - DAG(s) 'example_complex' retrieved from /home/airflow/.local/lib/python3.8/site-packages/airflow/example_dags/example_complex.py
[2025-11-12T23:37:30.370+0000] {logging_mixin.py:188} INFO - [2025-11-12T23:37:30.370+0000] {dag.py:3036} INFO - Sync 1 DAGs
[2025-11-12T23:37:30.379+0000] {logging_mixin.py:188} INFO - [2025-11-12T23:37:30.379+0000] {dag.py:3823} INFO - Setting next_dagrun for example_complex to None, run_after=None
[2025-11-12T23:37:30.391+0000] {processor.py:183} INFO - Processing /home/airflow/.local/lib/python3.8/site-packages/airflow/example_dags/example_complex.py took 0.056 seconds
[2025-11-12T23:38:00.565+0000] {processor.py:161} INFO - Started process (PID=691) to work on /home/airflow/.local/lib/python3.8/site-packages/airflow/example_dags/example_complex.py
[2025-11-12T23:38:00.566+0000] {processor.py:830} INFO - Processing file /home/airflow/.local/lib/python3.8/site-packages/airflow/example_dags/example_complex.py for tasks to queue
[2025-11-12T23:38:00.567+0000] {logging_mixin.py:188} INFO - [2025-11-12T23:38:00.567+0000] {dagbag.py:538} INFO - Filling up the DagBag from /home/airflow/.local/lib/python3.8/site-packages/airflow/example_dags/example_complex.py
[2025-11-12T23:38:00.576+0000] {processor.py:840} INFO - DAG(s) 'example_complex' retrieved from /home/airflow/.local/lib/python3.8/site-packages/airflow/example_dags/example_complex.py
[2025-11-12T23:38:00.598+0000] {logging_mixin.py:188} INFO - [2025-11-12T23:38:00.598+0000] {dag.py:3036} INFO - Sync 1 DAGs
[2025-11-12T23:38:00.606+0000] {logging_mixin.py:188} INFO - [2025-11-12T23:38:00.606+0000] {dag.py:3823} INFO - Setting next_dagrun for example_complex to None, run_after=None
[2025-11-12T23:38:00.618+0000] {processor.py:183} INFO - Processing /home/airflow/.local/lib/python3.8/site-packages/airflow/example_dags/example_complex.py took 0.055 seconds
[2025-11-12T23:38:30.924+0000] {processor.py:161} INFO - Started process (PID=748) to work on /home/airflow/.local/lib/python3.8/site-packages/airflow/example_dags/example_complex.py
[2025-11-12T23:38:30.925+0000] {processor.py:830} INFO - Processing file /home/airflow/.local/lib/python3.8/site-packages/airflow/example_dags/example_complex.py for tasks to queue
[2025-11-12T23:38:30.926+0000] {logging_mixin.py:188} INFO - [2025-11-12T23:38:30.926+0000] {dagbag.py:538} INFO - Filling up the DagBag from /home/airflow/.local/lib/python3.8/site-packages/airflow/example_dags/example_complex.py
[2025-11-12T23:38:30.935+0000] {processor.py:840} INFO - DAG(s) 'example_complex' retrieved from /home/airflow/.local/lib/python3.8/site-packages/airflow/example_dags/example_complex.py
[2025-11-12T23:38:30.957+0000] {logging_mixin.py:188} INFO - [2025-11-12T23:38:30.957+0000] {dag.py:3036} INFO - Sync 1 DAGs
[2025-11-12T23:38:30.966+0000] {logging_mixin.py:188} INFO - [2025-11-12T23:38:30.966+0000] {dag.py:3823} INFO - Setting next_dagrun for example_complex to None, run_after=None
[2025-11-12T23:38:30.977+0000] {processor.py:183} INFO - Processing /home/airflow/.local/lib/python3.8/site-packages/airflow/example_dags/example_complex.py took 0.055 seconds
[2025-11-12T23:39:01.276+0000] {processor.py:161} INFO - Started process (PID=805) to work on /home/airflow/.local/lib/python3.8/site-packages/airflow/example_dags/example_complex.py
[2025-11-12T23:39:01.277+0000] {processor.py:830} INFO - Processing file /home/airflow/.local/lib/python3.8/site-packages/airflow/example_dags/example_complex.py for tasks to queue
[2025-11-12T23:39:01.278+0000] {logging_mixin.py:188} INFO - [2025-11-12T23:39:01.278+0000] {dagbag.py:538} INFO - Filling up the DagBag from /home/airflow/.local/lib/python3.8/site-packages/airflow/example_dags/example_complex.py
[2025-11-12T23:39:01.287+0000] {processor.py:840} INFO - DAG(s) 'example_complex' retrieved from /home/airflow/.local/lib/python3.8/site-packages/airflow/example_dags/example_complex.py
[2025-11-12T23:39:01.310+0000] {logging_mixin.py:188} INFO - [2025-11-12T23:39:01.310+0000] {dag.py:3036} INFO - Sync 1 DAGs
[2025-11-12T23:39:01.318+0000] {logging_mixin.py:188} INFO - [2025-11-12T23:39:01.318+0000] {dag.py:3823} INFO - Setting next_dagrun for example_complex to None, run_after=None
[2025-11-12T23:39:01.330+0000] {processor.py:183} INFO - Processing /home/airflow/.local/lib/python3.8/site-packages/airflow/example_dags/example_complex.py took 0.056 seconds
[2025-11-12T23:39:31.654+0000] {processor.py:161} INFO - Started process (PID=862) to work on /home/airflow/.local/lib/python3.8/site-packages/airflow/example_dags/example_complex.py
[2025-11-12T23:39:31.655+0000] {processor.py:830} INFO - Processing file /home/airflow/.local/lib/python3.8/site-packages/airflow/example_dags/example_complex.py for tasks to queue
[2025-11-12T23:39:31.656+0000] {logging_mixin.py:188} INFO - [2025-11-12T23:39:31.656+0000] {dagbag.py:538} INFO - Filling up the DagBag from /home/airflow/.local/lib/python3.8/site-packages/airflow/example_dags/example_complex.py
[2025-11-12T23:39:31.665+0000] {processor.py:840} INFO - DAG(s) 'example_complex' retrieved from /home/airflow/.local/lib/python3.8/site-packages/airflow/example_dags/example_complex.py
[2025-11-12T23:39:31.687+0000] {logging_mixin.py:188} INFO - [2025-11-12T23:39:31.687+0000] {dag.py:3036} INFO - Sync 1 DAGs
[2025-11-12T23:39:31.695+0000] {logging_mixin.py:188} INFO - [2025-11-12T23:39:31.695+0000] {dag.py:3823} INFO - Setting next_dagrun for example_complex to None, run_after=None
[2025-11-12T23:39:31.707+0000] {processor.py:183} INFO - Processing /home/airflow/.local/lib/python3.8/site-packages/airflow/example_dags/example_complex.py took 0.055 seconds
[2025-11-12T23:40:01.960+0000] {processor.py:161} INFO - Started process (PID=919) to work on /home/airflow/.local/lib/python3.8/site-packages/airflow/example_dags/example_complex.py
[2025-11-12T23:40:01.960+0000] {processor.py:830} INFO - Processing file /home/airflow/.local/lib/python3.8/site-packages/airflow/example_dags/example_complex.py for tasks to queue
[2025-11-12T23:40:01.962+0000] {logging_mixin.py:188} INFO - [2025-11-12T23:40:01.961+0000] {dagbag.py:538} INFO - Filling up the DagBag from /home/airflow/.local/lib/python3.8/site-packages/airflow/example_dags/example_complex.py
[2025-11-12T23:40:01.970+0000] {processor.py:840} INFO - DAG(s) 'example_complex' retrieved from /home/airflow/.local/lib/python3.8/site-packages/airflow/example_dags/example_complex.py
[2025-11-12T23:40:01.994+0000] {logging_mixin.py:188} INFO - [2025-11-12T23:40:01.993+0000] {dag.py:3036} INFO - Sync 1 DAGs
[2025-11-12T23:40:02.002+0000] {logging_mixin.py:188} INFO - [2025-11-12T23:40:02.002+0000] {dag.py:3823} INFO - Setting next_dagrun for example_complex to None, run_after=None
[2025-11-12T23:40:02.014+0000] {processor.py:183} INFO - Processing /home/airflow/.local/lib/python3.8/site-packages/airflow/example_dags/example_complex.py took 0.057 seconds
[2025-11-12T23:40:32.068+0000] {processor.py:161} INFO - Started process (PID=976) to work on /home/airflow/.local/lib/python3.8/site-packages/airflow/example_dags/example_complex.py
[2025-11-12T23:40:32.069+0000] {processor.py:830} INFO - Processing file /home/airflow/.local/lib/python3.8/site-packages/airflow/example_dags/example_complex.py for tasks to queue
[2025-11-12T23:40:32.070+0000] {logging_mixin.py:188} INFO - [2025-11-12T23:40:32.070+0000] {dagbag.py:538} INFO - Filling up the DagBag from /home/airflow/.local/lib/python3.8/site-packages/airflow/example_dags/example_complex.py
[2025-11-12T23:40:32.079+0000] {processor.py:840} INFO - DAG(s) 'example_complex' retrieved from /home/airflow/.local/lib/python3.8/site-packages/airflow/example_dags/example_complex.py
[2025-11-12T23:40:32.102+0000] {logging_mixin.py:188} INFO - [2025-11-12T23:40:32.102+0000] {dag.py:3036} INFO - Sync 1 DAGs
[2025-11-12T23:40:32.111+0000] {logging_mixin.py:188} INFO - [2025-11-12T23:40:32.111+0000] {dag.py:3823} INFO - Setting next_dagrun for example_complex to None, run_after=None
[2025-11-12T23:40:32.124+0000] {processor.py:183} INFO - Processing /home/airflow/.local/lib/python3.8/site-packages/airflow/example_dags/example_complex.py took 0.058 seconds
[2025-11-12T23:41:02.319+0000] {processor.py:161} INFO - Started process (PID=1033) to work on /home/airflow/.local/lib/python3.8/site-packages/airflow/example_dags/example_complex.py
[2025-11-12T23:41:02.319+0000] {processor.py:830} INFO - Processing file /home/airflow/.local/lib/python3.8/site-packages/airflow/example_dags/example_complex.py for tasks to queue
[2025-11-12T23:41:02.321+0000] {logging_mixin.py:188} INFO - [2025-11-12T23:41:02.320+0000] {dagbag.py:538} INFO - Filling up the DagBag from /home/airflow/.local/lib/python3.8/site-packages/airflow/example_dags/example_complex.py
[2025-11-12T23:41:02.330+0000] {processor.py:840} INFO - DAG(s) 'example_complex' retrieved from /home/airflow/.local/lib/python3.8/site-packages/airflow/example_dags/example_complex.py
[2025-11-12T23:41:02.353+0000] {logging_mixin.py:188} INFO - [2025-11-12T23:41:02.353+0000] {dag.py:3036} INFO - Sync 1 DAGs
[2025-11-12T23:41:02.362+0000] {logging_mixin.py:188} INFO - [2025-11-12T23:41:02.362+0000] {dag.py:3823} INFO - Setting next_dagrun for example_complex to None, run_after=None
[2025-11-12T23:41:02.374+0000] {processor.py:183} INFO - Processing /home/airflow/.local/lib/python3.8/site-packages/airflow/example_dags/example_complex.py took 0.057 seconds
[2025-11-12T23:41:32.544+0000] {processor.py:161} INFO - Started process (PID=1090) to work on /home/airflow/.local/lib/python3.8/site-packages/airflow/example_dags/example_complex.py
[2025-11-12T23:41:32.545+0000] {processor.py:830} INFO - Processing file /home/airflow/.local/lib/python3.8/site-packages/airflow/example_dags/example_complex.py for tasks to queue
[2025-11-12T23:41:32.546+0000] {logging_mixin.py:188} INFO - [2025-11-12T23:41:32.546+0000] {dagbag.py:538} INFO - Filling up the DagBag from /home/airflow/.local/lib/python3.8/site-packages/airflow/example_dags/example_complex.py
[2025-11-12T23:41:32.555+0000] {processor.py:840} INFO - DAG(s) 'example_complex' retrieved from /home/airflow/.local/lib/python3.8/site-packages/airflow/example_dags/example_complex.py
[2025-11-12T23:41:32.579+0000] {logging_mixin.py:188} INFO - [2025-11-12T23:41:32.578+0000] {dag.py:3036} INFO - Sync 1 DAGs
[2025-11-12T23:41:32.588+0000] {logging_mixin.py:188} INFO - [2025-11-12T23:41:32.588+0000] {dag.py:3823} INFO - Setting next_dagrun for example_complex to None, run_after=None
[2025-11-12T23:41:32.601+0000] {processor.py:183} INFO - Processing /home/airflow/.local/lib/python3.8/site-packages/airflow/example_dags/example_complex.py took 0.060 seconds
[2025-11-12T23:42:02.676+0000] {processor.py:161} INFO - Started process (PID=1147) to work on /home/airflow/.local/lib/python3.8/site-packages/airflow/example_dags/example_complex.py
[2025-11-12T23:42:02.677+0000] {processor.py:830} INFO - Processing file /home/airflow/.local/lib/python3.8/site-packages/airflow/example_dags/example_complex.py for tasks to queue
[2025-11-12T23:42:02.678+0000] {logging_mixin.py:188} INFO - [2025-11-12T23:42:02.678+0000] {dagbag.py:538} INFO - Filling up the DagBag from /home/airflow/.local/lib/python3.8/site-packages/airflow/example_dags/example_complex.py
[2025-11-12T23:42:02.687+0000] {processor.py:840} INFO - DAG(s) 'example_complex' retrieved from /home/airflow/.local/lib/python3.8/site-packages/airflow/example_dags/example_complex.py
[2025-11-12T23:42:02.710+0000] {logging_mixin.py:188} INFO - [2025-11-12T23:42:02.709+0000] {dag.py:3036} INFO - Sync 1 DAGs
[2025-11-12T23:42:02.718+0000] {logging_mixin.py:188} INFO - [2025-11-12T23:42:02.718+0000] {dag.py:3823} INFO - Setting next_dagrun for example_complex to None, run_after=None
[2025-11-12T23:42:02.731+0000] {processor.py:183} INFO - Processing /home/airflow/.local/lib/python3.8/site-packages/airflow/example_dags/example_complex.py took 0.058 seconds
[2025-11-12T23:42:33.006+0000] {processor.py:161} INFO - Started process (PID=1204) to work on /home/airflow/.local/lib/python3.8/site-packages/airflow/example_dags/example_complex.py
[2025-11-12T23:42:33.007+0000] {processor.py:830} INFO - Processing file /home/airflow/.local/lib/python3.8/site-packages/airflow/example_dags/example_complex.py for tasks to queue
[2025-11-12T23:42:33.009+0000] {logging_mixin.py:188} INFO - [2025-11-12T23:42:33.008+0000] {dagbag.py:538} INFO - Filling up the DagBag from /home/airflow/.local/lib/python3.8/site-packages/airflow/example_dags/example_complex.py
[2025-11-12T23:42:33.019+0000] {processor.py:840} INFO - DAG(s) 'example_complex' retrieved from /home/airflow/.local/lib/python3.8/site-packages/airflow/example_dags/example_complex.py
[2025-11-12T23:42:33.044+0000] {logging_mixin.py:188} INFO - [2025-11-12T23:42:33.044+0000] {dag.py:3036} INFO - Sync 1 DAGs
[2025-11-12T23:42:33.053+0000] {logging_mixin.py:188} INFO - [2025-11-12T23:42:33.053+0000] {dag.py:3823} INFO - Setting next_dagrun for example_complex to None, run_after=None
[2025-11-12T23:42:33.067+0000] {processor.py:183} INFO - Processing /home/airflow/.local/lib/python3.8/site-packages/airflow/example_dags/example_complex.py took 0.063 seconds
[2025-11-12T23:43:03.373+0000] {processor.py:161} INFO - Started process (PID=1261) to work on /home/airflow/.local/lib/python3.8/site-packages/airflow/example_dags/example_complex.py
[2025-11-12T23:43:03.374+0000] {processor.py:830} INFO - Processing file /home/airflow/.local/lib/python3.8/site-packages/airflow/example_dags/example_complex.py for tasks to queue
[2025-11-12T23:43:03.375+0000] {logging_mixin.py:188} INFO - [2025-11-12T23:43:03.375+0000] {dagbag.py:538} INFO - Filling up the DagBag from /home/airflow/.local/lib/python3.8/site-packages/airflow/example_dags/example_complex.py
[2025-11-12T23:43:03.384+0000] {processor.py:840} INFO - DAG(s) 'example_complex' retrieved from /home/airflow/.local/lib/python3.8/site-packages/airflow/example_dags/example_complex.py
[2025-11-12T23:43:03.408+0000] {logging_mixin.py:188} INFO - [2025-11-12T23:43:03.408+0000] {dag.py:3036} INFO - Sync 1 DAGs
[2025-11-12T23:43:03.417+0000] {logging_mixin.py:188} INFO - [2025-11-12T23:43:03.416+0000] {dag.py:3823} INFO - Setting next_dagrun for example_complex to None, run_after=None
[2025-11-12T23:43:03.428+0000] {processor.py:183} INFO - Processing /home/airflow/.local/lib/python3.8/site-packages/airflow/example_dags/example_complex.py took 0.058 seconds
[2025-11-12T23:43:33.551+0000] {processor.py:161} INFO - Started process (PID=1318) to work on /home/airflow/.local/lib/python3.8/site-packages/airflow/example_dags/example_complex.py
[2025-11-12T23:43:33.551+0000] {processor.py:830} INFO - Processing file /home/airflow/.local/lib/python3.8/site-packages/airflow/example_dags/example_complex.py for tasks to queue
[2025-11-12T23:43:33.553+0000] {logging_mixin.py:188} INFO - [2025-11-12T23:43:33.552+0000] {dagbag.py:538} INFO - Filling up the DagBag from /home/airflow/.local/lib/python3.8/site-packages/airflow/example_dags/example_complex.py
[2025-11-12T23:43:33.562+0000] {processor.py:840} INFO - DAG(s) 'example_complex' retrieved from /home/airflow/.local/lib/python3.8/site-packages/airflow/example_dags/example_complex.py
[2025-11-12T23:43:33.586+0000] {logging_mixin.py:188} INFO - [2025-11-12T23:43:33.586+0000] {dag.py:3036} INFO - Sync 1 DAGs
[2025-11-12T23:43:33.595+0000] {logging_mixin.py:188} INFO - [2025-11-12T23:43:33.595+0000] {dag.py:3823} INFO - Setting next_dagrun for example_complex to None, run_after=None
[2025-11-12T23:43:33.610+0000] {processor.py:183} INFO - Processing /home/airflow/.local/lib/python3.8/site-packages/airflow/example_dags/example_complex.py took 0.062 seconds
[2025-11-12T23:44:03.958+0000] {processor.py:161} INFO - Started process (PID=1375) to work on /home/airflow/.local/lib/python3.8/site-packages/airflow/example_dags/example_complex.py
[2025-11-12T23:44:03.958+0000] {processor.py:830} INFO - Processing file /home/airflow/.local/lib/python3.8/site-packages/airflow/example_dags/example_complex.py for tasks to queue
[2025-11-12T23:44:03.960+0000] {logging_mixin.py:188} INFO - [2025-11-12T23:44:03.959+0000] {dagbag.py:538} INFO - Filling up the DagBag from /home/airflow/.local/lib/python3.8/site-packages/airflow/example_dags/example_complex.py
[2025-11-12T23:44:03.969+0000] {processor.py:840} INFO - DAG(s) 'example_complex' retrieved from /home/airflow/.local/lib/python3.8/site-packages/airflow/example_dags/example_complex.py
[2025-11-12T23:44:03.993+0000] {logging_mixin.py:188} INFO - [2025-11-12T23:44:03.992+0000] {dag.py:3036} INFO - Sync 1 DAGs
[2025-11-12T23:44:04.002+0000] {logging_mixin.py:188} INFO - [2025-11-12T23:44:04.001+0000] {dag.py:3823} INFO - Setting next_dagrun for example_complex to None, run_after=None
[2025-11-12T23:44:04.013+0000] {processor.py:183} INFO - Processing /home/airflow/.local/lib/python3.8/site-packages/airflow/example_dags/example_complex.py took 0.058 seconds
[2025-11-12T23:44:34.113+0000] {processor.py:161} INFO - Started process (PID=1432) to work on /home/airflow/.local/lib/python3.8/site-packages/airflow/example_dags/example_complex.py
[2025-11-12T23:44:34.114+0000] {processor.py:830} INFO - Processing file /home/airflow/.local/lib/python3.8/site-packages/airflow/example_dags/example_complex.py for tasks to queue
[2025-11-12T23:44:34.115+0000] {logging_mixin.py:188} INFO - [2025-11-12T23:44:34.115+0000] {dagbag.py:538} INFO - Filling up the DagBag from /home/airflow/.local/lib/python3.8/site-packages/airflow/example_dags/example_complex.py
[2025-11-12T23:44:34.124+0000] {processor.py:840} INFO - DAG(s) 'example_complex' retrieved from /home/airflow/.local/lib/python3.8/site-packages/airflow/example_dags/example_complex.py
[2025-11-12T23:44:34.148+0000] {logging_mixin.py:188} INFO - [2025-11-12T23:44:34.148+0000] {dag.py:3036} INFO - Sync 1 DAGs
[2025-11-12T23:44:34.158+0000] {logging_mixin.py:188} INFO - [2025-11-12T23:44:34.157+0000] {dag.py:3823} INFO - Setting next_dagrun for example_complex to None, run_after=None
[2025-11-12T23:44:34.170+0000] {processor.py:183} INFO - Processing /home/airflow/.local/lib/python3.8/site-packages/airflow/example_dags/example_complex.py took 0.060 seconds
[2025-11-12T23:45:04.423+0000] {processor.py:161} INFO - Started process (PID=1489) to work on /home/airflow/.local/lib/python3.8/site-packages/airflow/example_dags/example_complex.py
[2025-11-12T23:45:04.423+0000] {processor.py:830} INFO - Processing file /home/airflow/.local/lib/python3.8/site-packages/airflow/example_dags/example_complex.py for tasks to queue
[2025-11-12T23:45:04.425+0000] {logging_mixin.py:188} INFO - [2025-11-12T23:45:04.424+0000] {dagbag.py:538} INFO - Filling up the DagBag from /home/airflow/.local/lib/python3.8/site-packages/airflow/example_dags/example_complex.py
[2025-11-12T23:45:04.434+0000] {processor.py:840} INFO - DAG(s) 'example_complex' retrieved from /home/airflow/.local/lib/python3.8/site-packages/airflow/example_dags/example_complex.py
[2025-11-12T23:45:04.458+0000] {logging_mixin.py:188} INFO - [2025-11-12T23:45:04.458+0000] {dag.py:3036} INFO - Sync 1 DAGs
[2025-11-12T23:45:04.467+0000] {logging_mixin.py:188} INFO - [2025-11-12T23:45:04.467+0000] {dag.py:3823} INFO - Setting next_dagrun for example_complex to None, run_after=None
[2025-11-12T23:45:04.479+0000] {processor.py:183} INFO - Processing /home/airflow/.local/lib/python3.8/site-packages/airflow/example_dags/example_complex.py took 0.059 seconds
[2025-11-12T23:45:34.521+0000] {processor.py:161} INFO - Started process (PID=1546) to work on /home/airflow/.local/lib/python3.8/site-packages/airflow/example_dags/example_complex.py
[2025-11-12T23:45:34.521+0000] {processor.py:830} INFO - Processing file /home/airflow/.local/lib/python3.8/site-packages/airflow/example_dags/example_complex.py for tasks to queue
[2025-11-12T23:45:34.522+0000] {logging_mixin.py:188} INFO - [2025-11-12T23:45:34.522+0000] {dagbag.py:538} INFO - Filling up the DagBag from /home/airflow/.local/lib/python3.8/site-packages/airflow/example_dags/example_complex.py
[2025-11-12T23:45:34.531+0000] {processor.py:840} INFO - DAG(s) 'example_complex' retrieved from /home/airflow/.local/lib/python3.8/site-packages/airflow/example_dags/example_complex.py
[2025-11-12T23:45:34.554+0000] {logging_mixin.py:188} INFO - [2025-11-12T23:45:34.554+0000] {dag.py:3036} INFO - Sync 1 DAGs
[2025-11-12T23:45:34.563+0000] {logging_mixin.py:188} INFO - [2025-11-12T23:45:34.563+0000] {dag.py:3823} INFO - Setting next_dagrun for example_complex to None, run_after=None
[2025-11-12T23:45:34.576+0000] {processor.py:183} INFO - Processing /home/airflow/.local/lib/python3.8/site-packages/airflow/example_dags/example_complex.py took 0.058 seconds
