[2025-11-12T23:32:28.019+0000] {processor.py:161} INFO - Started process (PID=68) to work on /home/airflow/.local/lib/python3.8/site-packages/airflow/example_dags/example_latest_only_with_trigger.py
[2025-11-12T23:32:28.019+0000] {processor.py:830} INFO - Processing file /home/airflow/.local/lib/python3.8/site-packages/airflow/example_dags/example_latest_only_with_trigger.py for tasks to queue
[2025-11-12T23:32:28.020+0000] {logging_mixin.py:188} INFO - [2025-11-12T23:32:28.020+0000] {dagbag.py:538} INFO - Filling up the DagBag from /home/airflow/.local/lib/python3.8/site-packages/airflow/example_dags/example_latest_only_with_trigger.py
[2025-11-12T23:32:28.027+0000] {processor.py:840} INFO - DAG(s) 'latest_only_with_trigger' retrieved from /home/airflow/.local/lib/python3.8/site-packages/airflow/example_dags/example_latest_only_with_trigger.py
[2025-11-12T23:32:28.107+0000] {logging_mixin.py:188} INFO - [2025-11-12T23:32:28.107+0000] {override.py:1769} INFO - Created Permission View: can delete on DAG:latest_only_with_trigger
[2025-11-12T23:32:28.116+0000] {logging_mixin.py:188} INFO - [2025-11-12T23:32:28.115+0000] {override.py:1769} INFO - Created Permission View: can edit on DAG:latest_only_with_trigger
[2025-11-12T23:32:28.122+0000] {logging_mixin.py:188} INFO - [2025-11-12T23:32:28.122+0000] {override.py:1769} INFO - Created Permission View: can read on DAG:latest_only_with_trigger
[2025-11-12T23:32:28.122+0000] {logging_mixin.py:188} INFO - [2025-11-12T23:32:28.122+0000] {dag.py:3036} INFO - Sync 1 DAGs
[2025-11-12T23:32:28.132+0000] {logging_mixin.py:188} INFO - [2025-11-12T23:32:28.132+0000] {dag.py:3058} INFO - Creating ORM DAG for latest_only_with_trigger
[2025-11-12T23:32:28.141+0000] {logging_mixin.py:188} INFO - [2025-11-12T23:32:28.141+0000] {dag.py:3823} INFO - Setting next_dagrun for latest_only_with_trigger to 2025-11-12 16:00:00+00:00, run_after=2025-11-12 20:00:00+00:00
[2025-11-12T23:32:28.153+0000] {processor.py:183} INFO - Processing /home/airflow/.local/lib/python3.8/site-packages/airflow/example_dags/example_latest_only_with_trigger.py took 0.137 seconds
[2025-11-12T23:32:58.368+0000] {processor.py:161} INFO - Started process (PID=125) to work on /home/airflow/.local/lib/python3.8/site-packages/airflow/example_dags/example_latest_only_with_trigger.py
[2025-11-12T23:32:58.369+0000] {processor.py:830} INFO - Processing file /home/airflow/.local/lib/python3.8/site-packages/airflow/example_dags/example_latest_only_with_trigger.py for tasks to queue
[2025-11-12T23:32:58.370+0000] {logging_mixin.py:188} INFO - [2025-11-12T23:32:58.370+0000] {dagbag.py:538} INFO - Filling up the DagBag from /home/airflow/.local/lib/python3.8/site-packages/airflow/example_dags/example_latest_only_with_trigger.py
[2025-11-12T23:32:58.374+0000] {processor.py:840} INFO - DAG(s) 'latest_only_with_trigger' retrieved from /home/airflow/.local/lib/python3.8/site-packages/airflow/example_dags/example_latest_only_with_trigger.py
[2025-11-12T23:32:58.391+0000] {logging_mixin.py:188} INFO - [2025-11-12T23:32:58.391+0000] {dag.py:3036} INFO - Sync 1 DAGs
[2025-11-12T23:32:58.407+0000] {logging_mixin.py:188} INFO - [2025-11-12T23:32:58.407+0000] {dag.py:3823} INFO - Setting next_dagrun for latest_only_with_trigger to 2025-11-12 16:00:00+00:00, run_after=2025-11-12 20:00:00+00:00
[2025-11-12T23:32:58.420+0000] {processor.py:183} INFO - Processing /home/airflow/.local/lib/python3.8/site-packages/airflow/example_dags/example_latest_only_with_trigger.py took 0.054 seconds
[2025-11-12T23:33:28.788+0000] {processor.py:161} INFO - Started process (PID=182) to work on /home/airflow/.local/lib/python3.8/site-packages/airflow/example_dags/example_latest_only_with_trigger.py
[2025-11-12T23:33:28.788+0000] {processor.py:830} INFO - Processing file /home/airflow/.local/lib/python3.8/site-packages/airflow/example_dags/example_latest_only_with_trigger.py for tasks to queue
[2025-11-12T23:33:28.790+0000] {logging_mixin.py:188} INFO - [2025-11-12T23:33:28.789+0000] {dagbag.py:538} INFO - Filling up the DagBag from /home/airflow/.local/lib/python3.8/site-packages/airflow/example_dags/example_latest_only_with_trigger.py
[2025-11-12T23:33:28.794+0000] {processor.py:840} INFO - DAG(s) 'latest_only_with_trigger' retrieved from /home/airflow/.local/lib/python3.8/site-packages/airflow/example_dags/example_latest_only_with_trigger.py
[2025-11-12T23:33:28.811+0000] {logging_mixin.py:188} INFO - [2025-11-12T23:33:28.811+0000] {dag.py:3036} INFO - Sync 1 DAGs
[2025-11-12T23:33:28.828+0000] {logging_mixin.py:188} INFO - [2025-11-12T23:33:28.827+0000] {dag.py:3823} INFO - Setting next_dagrun for latest_only_with_trigger to 2025-11-12 16:00:00+00:00, run_after=2025-11-12 20:00:00+00:00
[2025-11-12T23:33:28.843+0000] {processor.py:183} INFO - Processing /home/airflow/.local/lib/python3.8/site-packages/airflow/example_dags/example_latest_only_with_trigger.py took 0.058 seconds
[2025-11-12T23:33:59.148+0000] {processor.py:161} INFO - Started process (PID=239) to work on /home/airflow/.local/lib/python3.8/site-packages/airflow/example_dags/example_latest_only_with_trigger.py
[2025-11-12T23:33:59.149+0000] {processor.py:830} INFO - Processing file /home/airflow/.local/lib/python3.8/site-packages/airflow/example_dags/example_latest_only_with_trigger.py for tasks to queue
[2025-11-12T23:33:59.150+0000] {logging_mixin.py:188} INFO - [2025-11-12T23:33:59.150+0000] {dagbag.py:538} INFO - Filling up the DagBag from /home/airflow/.local/lib/python3.8/site-packages/airflow/example_dags/example_latest_only_with_trigger.py
[2025-11-12T23:33:59.154+0000] {processor.py:840} INFO - DAG(s) 'latest_only_with_trigger' retrieved from /home/airflow/.local/lib/python3.8/site-packages/airflow/example_dags/example_latest_only_with_trigger.py
[2025-11-12T23:33:59.169+0000] {logging_mixin.py:188} INFO - [2025-11-12T23:33:59.169+0000] {dag.py:3036} INFO - Sync 1 DAGs
[2025-11-12T23:33:59.184+0000] {logging_mixin.py:188} INFO - [2025-11-12T23:33:59.184+0000] {dag.py:3823} INFO - Setting next_dagrun for latest_only_with_trigger to 2025-11-12 16:00:00+00:00, run_after=2025-11-12 20:00:00+00:00
[2025-11-12T23:33:59.196+0000] {processor.py:183} INFO - Processing /home/airflow/.local/lib/python3.8/site-packages/airflow/example_dags/example_latest_only_with_trigger.py took 0.050 seconds
[2025-11-12T23:34:30.225+0000] {processor.py:161} INFO - Started process (PID=302) to work on /home/airflow/.local/lib/python3.8/site-packages/airflow/example_dags/example_latest_only_with_trigger.py
[2025-11-12T23:34:30.225+0000] {processor.py:830} INFO - Processing file /home/airflow/.local/lib/python3.8/site-packages/airflow/example_dags/example_latest_only_with_trigger.py for tasks to queue
[2025-11-12T23:34:30.227+0000] {logging_mixin.py:188} INFO - [2025-11-12T23:34:30.226+0000] {dagbag.py:538} INFO - Filling up the DagBag from /home/airflow/.local/lib/python3.8/site-packages/airflow/example_dags/example_latest_only_with_trigger.py
[2025-11-12T23:34:30.231+0000] {processor.py:840} INFO - DAG(s) 'latest_only_with_trigger' retrieved from /home/airflow/.local/lib/python3.8/site-packages/airflow/example_dags/example_latest_only_with_trigger.py
[2025-11-12T23:34:30.246+0000] {logging_mixin.py:188} INFO - [2025-11-12T23:34:30.246+0000] {dag.py:3036} INFO - Sync 1 DAGs
[2025-11-12T23:34:30.264+0000] {logging_mixin.py:188} INFO - [2025-11-12T23:34:30.264+0000] {dag.py:3823} INFO - Setting next_dagrun for latest_only_with_trigger to 2025-11-12 16:00:00+00:00, run_after=2025-11-12 20:00:00+00:00
[2025-11-12T23:34:30.276+0000] {processor.py:183} INFO - Processing /home/airflow/.local/lib/python3.8/site-packages/airflow/example_dags/example_latest_only_with_trigger.py took 0.054 seconds
[2025-11-12T23:35:01.308+0000] {processor.py:161} INFO - Started process (PID=359) to work on /home/airflow/.local/lib/python3.8/site-packages/airflow/example_dags/example_latest_only_with_trigger.py
[2025-11-12T23:35:01.308+0000] {processor.py:830} INFO - Processing file /home/airflow/.local/lib/python3.8/site-packages/airflow/example_dags/example_latest_only_with_trigger.py for tasks to queue
[2025-11-12T23:35:01.310+0000] {logging_mixin.py:188} INFO - [2025-11-12T23:35:01.310+0000] {dagbag.py:538} INFO - Filling up the DagBag from /home/airflow/.local/lib/python3.8/site-packages/airflow/example_dags/example_latest_only_with_trigger.py
[2025-11-12T23:35:01.314+0000] {processor.py:840} INFO - DAG(s) 'latest_only_with_trigger' retrieved from /home/airflow/.local/lib/python3.8/site-packages/airflow/example_dags/example_latest_only_with_trigger.py
[2025-11-12T23:35:01.329+0000] {logging_mixin.py:188} INFO - [2025-11-12T23:35:01.329+0000] {dag.py:3036} INFO - Sync 1 DAGs
[2025-11-12T23:35:01.346+0000] {logging_mixin.py:188} INFO - [2025-11-12T23:35:01.346+0000] {dag.py:3823} INFO - Setting next_dagrun for latest_only_with_trigger to 2025-11-12 16:00:00+00:00, run_after=2025-11-12 20:00:00+00:00
[2025-11-12T23:35:01.359+0000] {processor.py:183} INFO - Processing /home/airflow/.local/lib/python3.8/site-packages/airflow/example_dags/example_latest_only_with_trigger.py took 0.054 seconds
[2025-11-12T23:35:31.659+0000] {processor.py:161} INFO - Started process (PID=416) to work on /home/airflow/.local/lib/python3.8/site-packages/airflow/example_dags/example_latest_only_with_trigger.py
[2025-11-12T23:35:31.659+0000] {processor.py:830} INFO - Processing file /home/airflow/.local/lib/python3.8/site-packages/airflow/example_dags/example_latest_only_with_trigger.py for tasks to queue
[2025-11-12T23:35:31.660+0000] {logging_mixin.py:188} INFO - [2025-11-12T23:35:31.660+0000] {dagbag.py:538} INFO - Filling up the DagBag from /home/airflow/.local/lib/python3.8/site-packages/airflow/example_dags/example_latest_only_with_trigger.py
[2025-11-12T23:35:31.665+0000] {processor.py:840} INFO - DAG(s) 'latest_only_with_trigger' retrieved from /home/airflow/.local/lib/python3.8/site-packages/airflow/example_dags/example_latest_only_with_trigger.py
[2025-11-12T23:35:31.681+0000] {logging_mixin.py:188} INFO - [2025-11-12T23:35:31.681+0000] {dag.py:3036} INFO - Sync 1 DAGs
[2025-11-12T23:35:31.700+0000] {logging_mixin.py:188} INFO - [2025-11-12T23:35:31.700+0000] {dag.py:3823} INFO - Setting next_dagrun for latest_only_with_trigger to 2025-11-12 16:00:00+00:00, run_after=2025-11-12 20:00:00+00:00
[2025-11-12T23:35:31.714+0000] {processor.py:183} INFO - Processing /home/airflow/.local/lib/python3.8/site-packages/airflow/example_dags/example_latest_only_with_trigger.py took 0.058 seconds
[2025-11-12T23:36:01.903+0000] {processor.py:161} INFO - Started process (PID=473) to work on /home/airflow/.local/lib/python3.8/site-packages/airflow/example_dags/example_latest_only_with_trigger.py
[2025-11-12T23:36:01.904+0000] {processor.py:830} INFO - Processing file /home/airflow/.local/lib/python3.8/site-packages/airflow/example_dags/example_latest_only_with_trigger.py for tasks to queue
[2025-11-12T23:36:01.906+0000] {logging_mixin.py:188} INFO - [2025-11-12T23:36:01.905+0000] {dagbag.py:538} INFO - Filling up the DagBag from /home/airflow/.local/lib/python3.8/site-packages/airflow/example_dags/example_latest_only_with_trigger.py
[2025-11-12T23:36:01.910+0000] {processor.py:840} INFO - DAG(s) 'latest_only_with_trigger' retrieved from /home/airflow/.local/lib/python3.8/site-packages/airflow/example_dags/example_latest_only_with_trigger.py
[2025-11-12T23:36:01.927+0000] {logging_mixin.py:188} INFO - [2025-11-12T23:36:01.926+0000] {dag.py:3036} INFO - Sync 1 DAGs
[2025-11-12T23:36:01.942+0000] {logging_mixin.py:188} INFO - [2025-11-12T23:36:01.942+0000] {dag.py:3823} INFO - Setting next_dagrun for latest_only_with_trigger to 2025-11-12 16:00:00+00:00, run_after=2025-11-12 20:00:00+00:00
[2025-11-12T23:36:01.954+0000] {processor.py:183} INFO - Processing /home/airflow/.local/lib/python3.8/site-packages/airflow/example_dags/example_latest_only_with_trigger.py took 0.053 seconds
[2025-11-12T23:36:32.088+0000] {processor.py:161} INFO - Started process (PID=528) to work on /home/airflow/.local/lib/python3.8/site-packages/airflow/example_dags/example_latest_only_with_trigger.py
[2025-11-12T23:36:32.088+0000] {processor.py:830} INFO - Processing file /home/airflow/.local/lib/python3.8/site-packages/airflow/example_dags/example_latest_only_with_trigger.py for tasks to queue
[2025-11-12T23:36:32.090+0000] {logging_mixin.py:188} INFO - [2025-11-12T23:36:32.089+0000] {dagbag.py:538} INFO - Filling up the DagBag from /home/airflow/.local/lib/python3.8/site-packages/airflow/example_dags/example_latest_only_with_trigger.py
[2025-11-12T23:36:32.094+0000] {processor.py:840} INFO - DAG(s) 'latest_only_with_trigger' retrieved from /home/airflow/.local/lib/python3.8/site-packages/airflow/example_dags/example_latest_only_with_trigger.py
[2025-11-12T23:36:32.109+0000] {logging_mixin.py:188} INFO - [2025-11-12T23:36:32.109+0000] {dag.py:3036} INFO - Sync 1 DAGs
[2025-11-12T23:36:32.126+0000] {logging_mixin.py:188} INFO - [2025-11-12T23:36:32.126+0000] {dag.py:3823} INFO - Setting next_dagrun for latest_only_with_trigger to 2025-11-12 16:00:00+00:00, run_after=2025-11-12 20:00:00+00:00
[2025-11-12T23:36:32.139+0000] {processor.py:183} INFO - Processing /home/airflow/.local/lib/python3.8/site-packages/airflow/example_dags/example_latest_only_with_trigger.py took 0.054 seconds
[2025-11-12T23:37:02.428+0000] {processor.py:161} INFO - Started process (PID=585) to work on /home/airflow/.local/lib/python3.8/site-packages/airflow/example_dags/example_latest_only_with_trigger.py
[2025-11-12T23:37:02.429+0000] {processor.py:830} INFO - Processing file /home/airflow/.local/lib/python3.8/site-packages/airflow/example_dags/example_latest_only_with_trigger.py for tasks to queue
[2025-11-12T23:37:02.430+0000] {logging_mixin.py:188} INFO - [2025-11-12T23:37:02.430+0000] {dagbag.py:538} INFO - Filling up the DagBag from /home/airflow/.local/lib/python3.8/site-packages/airflow/example_dags/example_latest_only_with_trigger.py
[2025-11-12T23:37:02.434+0000] {processor.py:840} INFO - DAG(s) 'latest_only_with_trigger' retrieved from /home/airflow/.local/lib/python3.8/site-packages/airflow/example_dags/example_latest_only_with_trigger.py
[2025-11-12T23:37:02.450+0000] {logging_mixin.py:188} INFO - [2025-11-12T23:37:02.450+0000] {dag.py:3036} INFO - Sync 1 DAGs
[2025-11-12T23:37:02.465+0000] {logging_mixin.py:188} INFO - [2025-11-12T23:37:02.465+0000] {dag.py:3823} INFO - Setting next_dagrun for latest_only_with_trigger to 2025-11-12 16:00:00+00:00, run_after=2025-11-12 20:00:00+00:00
[2025-11-12T23:37:02.477+0000] {processor.py:183} INFO - Processing /home/airflow/.local/lib/python3.8/site-packages/airflow/example_dags/example_latest_only_with_trigger.py took 0.052 seconds
[2025-11-12T23:37:32.668+0000] {processor.py:161} INFO - Started process (PID=642) to work on /home/airflow/.local/lib/python3.8/site-packages/airflow/example_dags/example_latest_only_with_trigger.py
[2025-11-12T23:37:32.669+0000] {processor.py:830} INFO - Processing file /home/airflow/.local/lib/python3.8/site-packages/airflow/example_dags/example_latest_only_with_trigger.py for tasks to queue
[2025-11-12T23:37:32.670+0000] {logging_mixin.py:188} INFO - [2025-11-12T23:37:32.670+0000] {dagbag.py:538} INFO - Filling up the DagBag from /home/airflow/.local/lib/python3.8/site-packages/airflow/example_dags/example_latest_only_with_trigger.py
[2025-11-12T23:37:32.674+0000] {processor.py:840} INFO - DAG(s) 'latest_only_with_trigger' retrieved from /home/airflow/.local/lib/python3.8/site-packages/airflow/example_dags/example_latest_only_with_trigger.py
[2025-11-12T23:37:32.689+0000] {logging_mixin.py:188} INFO - [2025-11-12T23:37:32.689+0000] {dag.py:3036} INFO - Sync 1 DAGs
[2025-11-12T23:37:32.706+0000] {logging_mixin.py:188} INFO - [2025-11-12T23:37:32.705+0000] {dag.py:3823} INFO - Setting next_dagrun for latest_only_with_trigger to 2025-11-12 16:00:00+00:00, run_after=2025-11-12 20:00:00+00:00
[2025-11-12T23:37:32.717+0000] {processor.py:183} INFO - Processing /home/airflow/.local/lib/python3.8/site-packages/airflow/example_dags/example_latest_only_with_trigger.py took 0.052 seconds
[2025-11-12T23:38:02.904+0000] {processor.py:161} INFO - Started process (PID=699) to work on /home/airflow/.local/lib/python3.8/site-packages/airflow/example_dags/example_latest_only_with_trigger.py
[2025-11-12T23:38:02.904+0000] {processor.py:830} INFO - Processing file /home/airflow/.local/lib/python3.8/site-packages/airflow/example_dags/example_latest_only_with_trigger.py for tasks to queue
[2025-11-12T23:38:02.906+0000] {logging_mixin.py:188} INFO - [2025-11-12T23:38:02.906+0000] {dagbag.py:538} INFO - Filling up the DagBag from /home/airflow/.local/lib/python3.8/site-packages/airflow/example_dags/example_latest_only_with_trigger.py
[2025-11-12T23:38:02.910+0000] {processor.py:840} INFO - DAG(s) 'latest_only_with_trigger' retrieved from /home/airflow/.local/lib/python3.8/site-packages/airflow/example_dags/example_latest_only_with_trigger.py
[2025-11-12T23:38:02.925+0000] {logging_mixin.py:188} INFO - [2025-11-12T23:38:02.925+0000] {dag.py:3036} INFO - Sync 1 DAGs
[2025-11-12T23:38:02.940+0000] {logging_mixin.py:188} INFO - [2025-11-12T23:38:02.940+0000] {dag.py:3823} INFO - Setting next_dagrun for latest_only_with_trigger to 2025-11-12 16:00:00+00:00, run_after=2025-11-12 20:00:00+00:00
[2025-11-12T23:38:02.952+0000] {processor.py:183} INFO - Processing /home/airflow/.local/lib/python3.8/site-packages/airflow/example_dags/example_latest_only_with_trigger.py took 0.051 seconds
[2025-11-12T23:38:33.258+0000] {processor.py:161} INFO - Started process (PID=756) to work on /home/airflow/.local/lib/python3.8/site-packages/airflow/example_dags/example_latest_only_with_trigger.py
[2025-11-12T23:38:33.259+0000] {processor.py:830} INFO - Processing file /home/airflow/.local/lib/python3.8/site-packages/airflow/example_dags/example_latest_only_with_trigger.py for tasks to queue
[2025-11-12T23:38:33.260+0000] {logging_mixin.py:188} INFO - [2025-11-12T23:38:33.260+0000] {dagbag.py:538} INFO - Filling up the DagBag from /home/airflow/.local/lib/python3.8/site-packages/airflow/example_dags/example_latest_only_with_trigger.py
[2025-11-12T23:38:33.264+0000] {processor.py:840} INFO - DAG(s) 'latest_only_with_trigger' retrieved from /home/airflow/.local/lib/python3.8/site-packages/airflow/example_dags/example_latest_only_with_trigger.py
[2025-11-12T23:38:33.279+0000] {logging_mixin.py:188} INFO - [2025-11-12T23:38:33.279+0000] {dag.py:3036} INFO - Sync 1 DAGs
[2025-11-12T23:38:33.295+0000] {logging_mixin.py:188} INFO - [2025-11-12T23:38:33.295+0000] {dag.py:3823} INFO - Setting next_dagrun for latest_only_with_trigger to 2025-11-12 16:00:00+00:00, run_after=2025-11-12 20:00:00+00:00
[2025-11-12T23:38:33.308+0000] {processor.py:183} INFO - Processing /home/airflow/.local/lib/python3.8/site-packages/airflow/example_dags/example_latest_only_with_trigger.py took 0.053 seconds
[2025-11-12T23:39:03.615+0000] {processor.py:161} INFO - Started process (PID=813) to work on /home/airflow/.local/lib/python3.8/site-packages/airflow/example_dags/example_latest_only_with_trigger.py
[2025-11-12T23:39:03.615+0000] {processor.py:830} INFO - Processing file /home/airflow/.local/lib/python3.8/site-packages/airflow/example_dags/example_latest_only_with_trigger.py for tasks to queue
[2025-11-12T23:39:03.617+0000] {logging_mixin.py:188} INFO - [2025-11-12T23:39:03.617+0000] {dagbag.py:538} INFO - Filling up the DagBag from /home/airflow/.local/lib/python3.8/site-packages/airflow/example_dags/example_latest_only_with_trigger.py
[2025-11-12T23:39:03.621+0000] {processor.py:840} INFO - DAG(s) 'latest_only_with_trigger' retrieved from /home/airflow/.local/lib/python3.8/site-packages/airflow/example_dags/example_latest_only_with_trigger.py
[2025-11-12T23:39:03.636+0000] {logging_mixin.py:188} INFO - [2025-11-12T23:39:03.635+0000] {dag.py:3036} INFO - Sync 1 DAGs
[2025-11-12T23:39:03.651+0000] {logging_mixin.py:188} INFO - [2025-11-12T23:39:03.650+0000] {dag.py:3823} INFO - Setting next_dagrun for latest_only_with_trigger to 2025-11-12 16:00:00+00:00, run_after=2025-11-12 20:00:00+00:00
[2025-11-12T23:39:03.662+0000] {processor.py:183} INFO - Processing /home/airflow/.local/lib/python3.8/site-packages/airflow/example_dags/example_latest_only_with_trigger.py took 0.050 seconds
[2025-11-12T23:39:33.994+0000] {processor.py:161} INFO - Started process (PID=870) to work on /home/airflow/.local/lib/python3.8/site-packages/airflow/example_dags/example_latest_only_with_trigger.py
[2025-11-12T23:39:33.995+0000] {processor.py:830} INFO - Processing file /home/airflow/.local/lib/python3.8/site-packages/airflow/example_dags/example_latest_only_with_trigger.py for tasks to queue
[2025-11-12T23:39:33.996+0000] {logging_mixin.py:188} INFO - [2025-11-12T23:39:33.996+0000] {dagbag.py:538} INFO - Filling up the DagBag from /home/airflow/.local/lib/python3.8/site-packages/airflow/example_dags/example_latest_only_with_trigger.py
[2025-11-12T23:39:34.000+0000] {processor.py:840} INFO - DAG(s) 'latest_only_with_trigger' retrieved from /home/airflow/.local/lib/python3.8/site-packages/airflow/example_dags/example_latest_only_with_trigger.py
[2025-11-12T23:39:34.015+0000] {logging_mixin.py:188} INFO - [2025-11-12T23:39:34.015+0000] {dag.py:3036} INFO - Sync 1 DAGs
[2025-11-12T23:39:34.030+0000] {logging_mixin.py:188} INFO - [2025-11-12T23:39:34.030+0000] {dag.py:3823} INFO - Setting next_dagrun for latest_only_with_trigger to 2025-11-12 16:00:00+00:00, run_after=2025-11-12 20:00:00+00:00
[2025-11-12T23:39:34.042+0000] {processor.py:183} INFO - Processing /home/airflow/.local/lib/python3.8/site-packages/airflow/example_dags/example_latest_only_with_trigger.py took 0.051 seconds
[2025-11-12T23:40:04.307+0000] {processor.py:161} INFO - Started process (PID=927) to work on /home/airflow/.local/lib/python3.8/site-packages/airflow/example_dags/example_latest_only_with_trigger.py
[2025-11-12T23:40:04.308+0000] {processor.py:830} INFO - Processing file /home/airflow/.local/lib/python3.8/site-packages/airflow/example_dags/example_latest_only_with_trigger.py for tasks to queue
[2025-11-12T23:40:04.309+0000] {logging_mixin.py:188} INFO - [2025-11-12T23:40:04.309+0000] {dagbag.py:538} INFO - Filling up the DagBag from /home/airflow/.local/lib/python3.8/site-packages/airflow/example_dags/example_latest_only_with_trigger.py
[2025-11-12T23:40:04.313+0000] {processor.py:840} INFO - DAG(s) 'latest_only_with_trigger' retrieved from /home/airflow/.local/lib/python3.8/site-packages/airflow/example_dags/example_latest_only_with_trigger.py
[2025-11-12T23:40:04.328+0000] {logging_mixin.py:188} INFO - [2025-11-12T23:40:04.328+0000] {dag.py:3036} INFO - Sync 1 DAGs
[2025-11-12T23:40:04.343+0000] {logging_mixin.py:188} INFO - [2025-11-12T23:40:04.343+0000] {dag.py:3823} INFO - Setting next_dagrun for latest_only_with_trigger to 2025-11-12 16:00:00+00:00, run_after=2025-11-12 20:00:00+00:00
[2025-11-12T23:40:04.355+0000] {processor.py:183} INFO - Processing /home/airflow/.local/lib/python3.8/site-packages/airflow/example_dags/example_latest_only_with_trigger.py took 0.050 seconds
[2025-11-12T23:40:34.455+0000] {processor.py:161} INFO - Started process (PID=984) to work on /home/airflow/.local/lib/python3.8/site-packages/airflow/example_dags/example_latest_only_with_trigger.py
[2025-11-12T23:40:34.455+0000] {processor.py:830} INFO - Processing file /home/airflow/.local/lib/python3.8/site-packages/airflow/example_dags/example_latest_only_with_trigger.py for tasks to queue
[2025-11-12T23:40:34.457+0000] {logging_mixin.py:188} INFO - [2025-11-12T23:40:34.456+0000] {dagbag.py:538} INFO - Filling up the DagBag from /home/airflow/.local/lib/python3.8/site-packages/airflow/example_dags/example_latest_only_with_trigger.py
[2025-11-12T23:40:34.461+0000] {processor.py:840} INFO - DAG(s) 'latest_only_with_trigger' retrieved from /home/airflow/.local/lib/python3.8/site-packages/airflow/example_dags/example_latest_only_with_trigger.py
[2025-11-12T23:40:34.476+0000] {logging_mixin.py:188} INFO - [2025-11-12T23:40:34.476+0000] {dag.py:3036} INFO - Sync 1 DAGs
[2025-11-12T23:40:34.492+0000] {logging_mixin.py:188} INFO - [2025-11-12T23:40:34.492+0000] {dag.py:3823} INFO - Setting next_dagrun for latest_only_with_trigger to 2025-11-12 16:00:00+00:00, run_after=2025-11-12 20:00:00+00:00
[2025-11-12T23:40:34.504+0000] {processor.py:183} INFO - Processing /home/airflow/.local/lib/python3.8/site-packages/airflow/example_dags/example_latest_only_with_trigger.py took 0.052 seconds
[2025-11-12T23:41:04.688+0000] {processor.py:161} INFO - Started process (PID=1041) to work on /home/airflow/.local/lib/python3.8/site-packages/airflow/example_dags/example_latest_only_with_trigger.py
[2025-11-12T23:41:04.689+0000] {processor.py:830} INFO - Processing file /home/airflow/.local/lib/python3.8/site-packages/airflow/example_dags/example_latest_only_with_trigger.py for tasks to queue
[2025-11-12T23:41:04.690+0000] {logging_mixin.py:188} INFO - [2025-11-12T23:41:04.690+0000] {dagbag.py:538} INFO - Filling up the DagBag from /home/airflow/.local/lib/python3.8/site-packages/airflow/example_dags/example_latest_only_with_trigger.py
[2025-11-12T23:41:04.695+0000] {processor.py:840} INFO - DAG(s) 'latest_only_with_trigger' retrieved from /home/airflow/.local/lib/python3.8/site-packages/airflow/example_dags/example_latest_only_with_trigger.py
[2025-11-12T23:41:04.710+0000] {logging_mixin.py:188} INFO - [2025-11-12T23:41:04.710+0000] {dag.py:3036} INFO - Sync 1 DAGs
[2025-11-12T23:41:04.726+0000] {logging_mixin.py:188} INFO - [2025-11-12T23:41:04.726+0000] {dag.py:3823} INFO - Setting next_dagrun for latest_only_with_trigger to 2025-11-12 16:00:00+00:00, run_after=2025-11-12 20:00:00+00:00
[2025-11-12T23:41:04.737+0000] {processor.py:183} INFO - Processing /home/airflow/.local/lib/python3.8/site-packages/airflow/example_dags/example_latest_only_with_trigger.py took 0.051 seconds
[2025-11-12T23:41:34.890+0000] {processor.py:161} INFO - Started process (PID=1098) to work on /home/airflow/.local/lib/python3.8/site-packages/airflow/example_dags/example_latest_only_with_trigger.py
[2025-11-12T23:41:34.891+0000] {processor.py:830} INFO - Processing file /home/airflow/.local/lib/python3.8/site-packages/airflow/example_dags/example_latest_only_with_trigger.py for tasks to queue
[2025-11-12T23:41:34.892+0000] {logging_mixin.py:188} INFO - [2025-11-12T23:41:34.892+0000] {dagbag.py:538} INFO - Filling up the DagBag from /home/airflow/.local/lib/python3.8/site-packages/airflow/example_dags/example_latest_only_with_trigger.py
[2025-11-12T23:41:34.896+0000] {processor.py:840} INFO - DAG(s) 'latest_only_with_trigger' retrieved from /home/airflow/.local/lib/python3.8/site-packages/airflow/example_dags/example_latest_only_with_trigger.py
[2025-11-12T23:41:34.912+0000] {logging_mixin.py:188} INFO - [2025-11-12T23:41:34.912+0000] {dag.py:3036} INFO - Sync 1 DAGs
[2025-11-12T23:41:34.929+0000] {logging_mixin.py:188} INFO - [2025-11-12T23:41:34.928+0000] {dag.py:3823} INFO - Setting next_dagrun for latest_only_with_trigger to 2025-11-12 16:00:00+00:00, run_after=2025-11-12 20:00:00+00:00
[2025-11-12T23:41:34.943+0000] {processor.py:183} INFO - Processing /home/airflow/.local/lib/python3.8/site-packages/airflow/example_dags/example_latest_only_with_trigger.py took 0.055 seconds
[2025-11-12T23:42:05.018+0000] {processor.py:161} INFO - Started process (PID=1155) to work on /home/airflow/.local/lib/python3.8/site-packages/airflow/example_dags/example_latest_only_with_trigger.py
[2025-11-12T23:42:05.018+0000] {processor.py:830} INFO - Processing file /home/airflow/.local/lib/python3.8/site-packages/airflow/example_dags/example_latest_only_with_trigger.py for tasks to queue
[2025-11-12T23:42:05.020+0000] {logging_mixin.py:188} INFO - [2025-11-12T23:42:05.020+0000] {dagbag.py:538} INFO - Filling up the DagBag from /home/airflow/.local/lib/python3.8/site-packages/airflow/example_dags/example_latest_only_with_trigger.py
[2025-11-12T23:42:05.025+0000] {processor.py:840} INFO - DAG(s) 'latest_only_with_trigger' retrieved from /home/airflow/.local/lib/python3.8/site-packages/airflow/example_dags/example_latest_only_with_trigger.py
[2025-11-12T23:42:05.045+0000] {logging_mixin.py:188} INFO - [2025-11-12T23:42:05.045+0000] {dag.py:3036} INFO - Sync 1 DAGs
[2025-11-12T23:42:05.066+0000] {logging_mixin.py:188} INFO - [2025-11-12T23:42:05.066+0000] {dag.py:3823} INFO - Setting next_dagrun for latest_only_with_trigger to 2025-11-12 16:00:00+00:00, run_after=2025-11-12 20:00:00+00:00
[2025-11-12T23:42:05.082+0000] {processor.py:183} INFO - Processing /home/airflow/.local/lib/python3.8/site-packages/airflow/example_dags/example_latest_only_with_trigger.py took 0.068 seconds
[2025-11-12T23:42:35.258+0000] {processor.py:161} INFO - Started process (PID=1211) to work on /home/airflow/.local/lib/python3.8/site-packages/airflow/example_dags/example_latest_only_with_trigger.py
[2025-11-12T23:42:35.259+0000] {processor.py:830} INFO - Processing file /home/airflow/.local/lib/python3.8/site-packages/airflow/example_dags/example_latest_only_with_trigger.py for tasks to queue
[2025-11-12T23:42:35.260+0000] {logging_mixin.py:188} INFO - [2025-11-12T23:42:35.260+0000] {dagbag.py:538} INFO - Filling up the DagBag from /home/airflow/.local/lib/python3.8/site-packages/airflow/example_dags/example_latest_only_with_trigger.py
[2025-11-12T23:42:35.265+0000] {processor.py:840} INFO - DAG(s) 'latest_only_with_trigger' retrieved from /home/airflow/.local/lib/python3.8/site-packages/airflow/example_dags/example_latest_only_with_trigger.py
[2025-11-12T23:42:35.283+0000] {logging_mixin.py:188} INFO - [2025-11-12T23:42:35.282+0000] {dag.py:3036} INFO - Sync 1 DAGs
[2025-11-12T23:42:35.301+0000] {logging_mixin.py:188} INFO - [2025-11-12T23:42:35.301+0000] {dag.py:3823} INFO - Setting next_dagrun for latest_only_with_trigger to 2025-11-12 16:00:00+00:00, run_after=2025-11-12 20:00:00+00:00
[2025-11-12T23:42:35.316+0000] {processor.py:183} INFO - Processing /home/airflow/.local/lib/python3.8/site-packages/airflow/example_dags/example_latest_only_with_trigger.py took 0.061 seconds
[2025-11-12T23:43:05.611+0000] {processor.py:161} INFO - Started process (PID=1268) to work on /home/airflow/.local/lib/python3.8/site-packages/airflow/example_dags/example_latest_only_with_trigger.py
[2025-11-12T23:43:05.612+0000] {processor.py:830} INFO - Processing file /home/airflow/.local/lib/python3.8/site-packages/airflow/example_dags/example_latest_only_with_trigger.py for tasks to queue
[2025-11-12T23:43:05.613+0000] {logging_mixin.py:188} INFO - [2025-11-12T23:43:05.613+0000] {dagbag.py:538} INFO - Filling up the DagBag from /home/airflow/.local/lib/python3.8/site-packages/airflow/example_dags/example_latest_only_with_trigger.py
[2025-11-12T23:43:05.617+0000] {processor.py:840} INFO - DAG(s) 'latest_only_with_trigger' retrieved from /home/airflow/.local/lib/python3.8/site-packages/airflow/example_dags/example_latest_only_with_trigger.py
[2025-11-12T23:43:05.632+0000] {logging_mixin.py:188} INFO - [2025-11-12T23:43:05.632+0000] {dag.py:3036} INFO - Sync 1 DAGs
[2025-11-12T23:43:05.649+0000] {logging_mixin.py:188} INFO - [2025-11-12T23:43:05.649+0000] {dag.py:3823} INFO - Setting next_dagrun for latest_only_with_trigger to 2025-11-12 16:00:00+00:00, run_after=2025-11-12 20:00:00+00:00
[2025-11-12T23:43:05.663+0000] {processor.py:183} INFO - Processing /home/airflow/.local/lib/python3.8/site-packages/airflow/example_dags/example_latest_only_with_trigger.py took 0.055 seconds
[2025-11-12T23:43:35.792+0000] {processor.py:161} INFO - Started process (PID=1325) to work on /home/airflow/.local/lib/python3.8/site-packages/airflow/example_dags/example_latest_only_with_trigger.py
[2025-11-12T23:43:35.793+0000] {processor.py:830} INFO - Processing file /home/airflow/.local/lib/python3.8/site-packages/airflow/example_dags/example_latest_only_with_trigger.py for tasks to queue
[2025-11-12T23:43:35.794+0000] {logging_mixin.py:188} INFO - [2025-11-12T23:43:35.794+0000] {dagbag.py:538} INFO - Filling up the DagBag from /home/airflow/.local/lib/python3.8/site-packages/airflow/example_dags/example_latest_only_with_trigger.py
[2025-11-12T23:43:35.798+0000] {processor.py:840} INFO - DAG(s) 'latest_only_with_trigger' retrieved from /home/airflow/.local/lib/python3.8/site-packages/airflow/example_dags/example_latest_only_with_trigger.py
[2025-11-12T23:43:35.813+0000] {logging_mixin.py:188} INFO - [2025-11-12T23:43:35.812+0000] {dag.py:3036} INFO - Sync 1 DAGs
[2025-11-12T23:43:35.827+0000] {logging_mixin.py:188} INFO - [2025-11-12T23:43:35.827+0000] {dag.py:3823} INFO - Setting next_dagrun for latest_only_with_trigger to 2025-11-12 16:00:00+00:00, run_after=2025-11-12 20:00:00+00:00
[2025-11-12T23:43:35.839+0000] {processor.py:183} INFO - Processing /home/airflow/.local/lib/python3.8/site-packages/airflow/example_dags/example_latest_only_with_trigger.py took 0.049 seconds
[2025-11-12T23:44:06.202+0000] {processor.py:161} INFO - Started process (PID=1382) to work on /home/airflow/.local/lib/python3.8/site-packages/airflow/example_dags/example_latest_only_with_trigger.py
[2025-11-12T23:44:06.203+0000] {processor.py:830} INFO - Processing file /home/airflow/.local/lib/python3.8/site-packages/airflow/example_dags/example_latest_only_with_trigger.py for tasks to queue
[2025-11-12T23:44:06.204+0000] {logging_mixin.py:188} INFO - [2025-11-12T23:44:06.204+0000] {dagbag.py:538} INFO - Filling up the DagBag from /home/airflow/.local/lib/python3.8/site-packages/airflow/example_dags/example_latest_only_with_trigger.py
[2025-11-12T23:44:06.209+0000] {processor.py:840} INFO - DAG(s) 'latest_only_with_trigger' retrieved from /home/airflow/.local/lib/python3.8/site-packages/airflow/example_dags/example_latest_only_with_trigger.py
[2025-11-12T23:44:06.226+0000] {logging_mixin.py:188} INFO - [2025-11-12T23:44:06.226+0000] {dag.py:3036} INFO - Sync 1 DAGs
[2025-11-12T23:44:06.242+0000] {logging_mixin.py:188} INFO - [2025-11-12T23:44:06.242+0000] {dag.py:3823} INFO - Setting next_dagrun for latest_only_with_trigger to 2025-11-12 16:00:00+00:00, run_after=2025-11-12 20:00:00+00:00
[2025-11-12T23:44:06.254+0000] {processor.py:183} INFO - Processing /home/airflow/.local/lib/python3.8/site-packages/airflow/example_dags/example_latest_only_with_trigger.py took 0.055 seconds
[2025-11-12T23:44:36.352+0000] {processor.py:161} INFO - Started process (PID=1439) to work on /home/airflow/.local/lib/python3.8/site-packages/airflow/example_dags/example_latest_only_with_trigger.py
[2025-11-12T23:44:36.353+0000] {processor.py:830} INFO - Processing file /home/airflow/.local/lib/python3.8/site-packages/airflow/example_dags/example_latest_only_with_trigger.py for tasks to queue
[2025-11-12T23:44:36.354+0000] {logging_mixin.py:188} INFO - [2025-11-12T23:44:36.354+0000] {dagbag.py:538} INFO - Filling up the DagBag from /home/airflow/.local/lib/python3.8/site-packages/airflow/example_dags/example_latest_only_with_trigger.py
[2025-11-12T23:44:36.358+0000] {processor.py:840} INFO - DAG(s) 'latest_only_with_trigger' retrieved from /home/airflow/.local/lib/python3.8/site-packages/airflow/example_dags/example_latest_only_with_trigger.py
[2025-11-12T23:44:36.374+0000] {logging_mixin.py:188} INFO - [2025-11-12T23:44:36.374+0000] {dag.py:3036} INFO - Sync 1 DAGs
[2025-11-12T23:44:36.390+0000] {logging_mixin.py:188} INFO - [2025-11-12T23:44:36.390+0000] {dag.py:3823} INFO - Setting next_dagrun for latest_only_with_trigger to 2025-11-12 16:00:00+00:00, run_after=2025-11-12 20:00:00+00:00
[2025-11-12T23:44:36.402+0000] {processor.py:183} INFO - Processing /home/airflow/.local/lib/python3.8/site-packages/airflow/example_dags/example_latest_only_with_trigger.py took 0.053 seconds
[2025-11-12T23:45:06.667+0000] {processor.py:161} INFO - Started process (PID=1496) to work on /home/airflow/.local/lib/python3.8/site-packages/airflow/example_dags/example_latest_only_with_trigger.py
[2025-11-12T23:45:06.668+0000] {processor.py:830} INFO - Processing file /home/airflow/.local/lib/python3.8/site-packages/airflow/example_dags/example_latest_only_with_trigger.py for tasks to queue
[2025-11-12T23:45:06.669+0000] {logging_mixin.py:188} INFO - [2025-11-12T23:45:06.669+0000] {dagbag.py:538} INFO - Filling up the DagBag from /home/airflow/.local/lib/python3.8/site-packages/airflow/example_dags/example_latest_only_with_trigger.py
[2025-11-12T23:45:06.674+0000] {processor.py:840} INFO - DAG(s) 'latest_only_with_trigger' retrieved from /home/airflow/.local/lib/python3.8/site-packages/airflow/example_dags/example_latest_only_with_trigger.py
[2025-11-12T23:45:06.690+0000] {logging_mixin.py:188} INFO - [2025-11-12T23:45:06.689+0000] {dag.py:3036} INFO - Sync 1 DAGs
[2025-11-12T23:45:06.707+0000] {logging_mixin.py:188} INFO - [2025-11-12T23:45:06.707+0000] {dag.py:3823} INFO - Setting next_dagrun for latest_only_with_trigger to 2025-11-12 16:00:00+00:00, run_after=2025-11-12 20:00:00+00:00
[2025-11-12T23:45:06.719+0000] {processor.py:183} INFO - Processing /home/airflow/.local/lib/python3.8/site-packages/airflow/example_dags/example_latest_only_with_trigger.py took 0.055 seconds
[2025-11-12T23:45:36.791+0000] {processor.py:161} INFO - Started process (PID=1553) to work on /home/airflow/.local/lib/python3.8/site-packages/airflow/example_dags/example_latest_only_with_trigger.py
[2025-11-12T23:45:36.792+0000] {processor.py:830} INFO - Processing file /home/airflow/.local/lib/python3.8/site-packages/airflow/example_dags/example_latest_only_with_trigger.py for tasks to queue
[2025-11-12T23:45:36.793+0000] {logging_mixin.py:188} INFO - [2025-11-12T23:45:36.793+0000] {dagbag.py:538} INFO - Filling up the DagBag from /home/airflow/.local/lib/python3.8/site-packages/airflow/example_dags/example_latest_only_with_trigger.py
[2025-11-12T23:45:36.798+0000] {processor.py:840} INFO - DAG(s) 'latest_only_with_trigger' retrieved from /home/airflow/.local/lib/python3.8/site-packages/airflow/example_dags/example_latest_only_with_trigger.py
[2025-11-12T23:45:36.813+0000] {logging_mixin.py:188} INFO - [2025-11-12T23:45:36.813+0000] {dag.py:3036} INFO - Sync 1 DAGs
[2025-11-12T23:45:36.829+0000] {logging_mixin.py:188} INFO - [2025-11-12T23:45:36.829+0000] {dag.py:3823} INFO - Setting next_dagrun for latest_only_with_trigger to 2025-11-12 16:00:00+00:00, run_after=2025-11-12 20:00:00+00:00
[2025-11-12T23:45:36.842+0000] {processor.py:183} INFO - Processing /home/airflow/.local/lib/python3.8/site-packages/airflow/example_dags/example_latest_only_with_trigger.py took 0.053 seconds
