[2025-11-12T23:32:28.114+0000] {processor.py:161} INFO - Started process (PID=69) to work on /home/airflow/.local/lib/python3.8/site-packages/airflow/example_dags/example_local_kubernetes_executor.py
[2025-11-12T23:32:28.115+0000] {processor.py:830} INFO - Processing file /home/airflow/.local/lib/python3.8/site-packages/airflow/example_dags/example_local_kubernetes_executor.py for tasks to queue
[2025-11-12T23:32:28.117+0000] {logging_mixin.py:188} INFO - [2025-11-12T23:32:28.116+0000] {dagbag.py:538} INFO - Filling up the DagBag from /home/airflow/.local/lib/python3.8/site-packages/airflow/example_dags/example_local_kubernetes_executor.py
[2025-11-12T23:32:28.127+0000] {processor.py:840} INFO - DAG(s) 'example_local_kubernetes_executor' retrieved from /home/airflow/.local/lib/python3.8/site-packages/airflow/example_dags/example_local_kubernetes_executor.py
[2025-11-12T23:32:28.221+0000] {logging_mixin.py:188} INFO - [2025-11-12T23:32:28.220+0000] {override.py:1769} INFO - Created Permission View: can delete on DAG:example_local_kubernetes_executor
[2025-11-12T23:32:28.230+0000] {logging_mixin.py:188} INFO - [2025-11-12T23:32:28.229+0000] {override.py:1769} INFO - Created Permission View: can edit on DAG:example_local_kubernetes_executor
[2025-11-12T23:32:28.234+0000] {logging_mixin.py:188} INFO - [2025-11-12T23:32:28.234+0000] {override.py:1769} INFO - Created Permission View: can read on DAG:example_local_kubernetes_executor
[2025-11-12T23:32:28.235+0000] {logging_mixin.py:188} INFO - [2025-11-12T23:32:28.234+0000] {dag.py:3036} INFO - Sync 1 DAGs
[2025-11-12T23:32:28.243+0000] {logging_mixin.py:188} INFO - [2025-11-12T23:32:28.243+0000] {dag.py:3058} INFO - Creating ORM DAG for example_local_kubernetes_executor
[2025-11-12T23:32:28.244+0000] {logging_mixin.py:188} INFO - [2025-11-12T23:32:28.244+0000] {dag.py:3823} INFO - Setting next_dagrun for example_local_kubernetes_executor to None, run_after=None
[2025-11-12T23:32:28.255+0000] {processor.py:183} INFO - Processing /home/airflow/.local/lib/python3.8/site-packages/airflow/example_dags/example_local_kubernetes_executor.py took 0.144 seconds
[2025-11-12T23:32:58.429+0000] {processor.py:161} INFO - Started process (PID=126) to work on /home/airflow/.local/lib/python3.8/site-packages/airflow/example_dags/example_local_kubernetes_executor.py
[2025-11-12T23:32:58.430+0000] {processor.py:830} INFO - Processing file /home/airflow/.local/lib/python3.8/site-packages/airflow/example_dags/example_local_kubernetes_executor.py for tasks to queue
[2025-11-12T23:32:58.431+0000] {logging_mixin.py:188} INFO - [2025-11-12T23:32:58.431+0000] {dagbag.py:538} INFO - Filling up the DagBag from /home/airflow/.local/lib/python3.8/site-packages/airflow/example_dags/example_local_kubernetes_executor.py
[2025-11-12T23:32:58.437+0000] {processor.py:840} INFO - DAG(s) 'example_local_kubernetes_executor' retrieved from /home/airflow/.local/lib/python3.8/site-packages/airflow/example_dags/example_local_kubernetes_executor.py
[2025-11-12T23:32:58.463+0000] {logging_mixin.py:188} INFO - [2025-11-12T23:32:58.463+0000] {dag.py:3036} INFO - Sync 1 DAGs
[2025-11-12T23:32:58.473+0000] {logging_mixin.py:188} INFO - [2025-11-12T23:32:58.473+0000] {dag.py:3823} INFO - Setting next_dagrun for example_local_kubernetes_executor to None, run_after=None
[2025-11-12T23:32:58.488+0000] {processor.py:183} INFO - Processing /home/airflow/.local/lib/python3.8/site-packages/airflow/example_dags/example_local_kubernetes_executor.py took 0.061 seconds
[2025-11-12T23:33:28.799+0000] {processor.py:161} INFO - Started process (PID=183) to work on /home/airflow/.local/lib/python3.8/site-packages/airflow/example_dags/example_local_kubernetes_executor.py
[2025-11-12T23:33:28.800+0000] {processor.py:830} INFO - Processing file /home/airflow/.local/lib/python3.8/site-packages/airflow/example_dags/example_local_kubernetes_executor.py for tasks to queue
[2025-11-12T23:33:28.801+0000] {logging_mixin.py:188} INFO - [2025-11-12T23:33:28.801+0000] {dagbag.py:538} INFO - Filling up the DagBag from /home/airflow/.local/lib/python3.8/site-packages/airflow/example_dags/example_local_kubernetes_executor.py
[2025-11-12T23:33:28.808+0000] {processor.py:840} INFO - DAG(s) 'example_local_kubernetes_executor' retrieved from /home/airflow/.local/lib/python3.8/site-packages/airflow/example_dags/example_local_kubernetes_executor.py
[2025-11-12T23:33:28.834+0000] {logging_mixin.py:188} INFO - [2025-11-12T23:33:28.834+0000] {dag.py:3036} INFO - Sync 1 DAGs
[2025-11-12T23:33:28.845+0000] {logging_mixin.py:188} INFO - [2025-11-12T23:33:28.845+0000] {dag.py:3823} INFO - Setting next_dagrun for example_local_kubernetes_executor to None, run_after=None
[2025-11-12T23:33:28.860+0000] {processor.py:183} INFO - Processing /home/airflow/.local/lib/python3.8/site-packages/airflow/example_dags/example_local_kubernetes_executor.py took 0.064 seconds
[2025-11-12T23:33:59.158+0000] {processor.py:161} INFO - Started process (PID=240) to work on /home/airflow/.local/lib/python3.8/site-packages/airflow/example_dags/example_local_kubernetes_executor.py
[2025-11-12T23:33:59.159+0000] {processor.py:830} INFO - Processing file /home/airflow/.local/lib/python3.8/site-packages/airflow/example_dags/example_local_kubernetes_executor.py for tasks to queue
[2025-11-12T23:33:59.160+0000] {logging_mixin.py:188} INFO - [2025-11-12T23:33:59.160+0000] {dagbag.py:538} INFO - Filling up the DagBag from /home/airflow/.local/lib/python3.8/site-packages/airflow/example_dags/example_local_kubernetes_executor.py
[2025-11-12T23:33:59.166+0000] {processor.py:840} INFO - DAG(s) 'example_local_kubernetes_executor' retrieved from /home/airflow/.local/lib/python3.8/site-packages/airflow/example_dags/example_local_kubernetes_executor.py
[2025-11-12T23:33:59.191+0000] {logging_mixin.py:188} INFO - [2025-11-12T23:33:59.191+0000] {dag.py:3036} INFO - Sync 1 DAGs
[2025-11-12T23:33:59.200+0000] {logging_mixin.py:188} INFO - [2025-11-12T23:33:59.200+0000] {dag.py:3823} INFO - Setting next_dagrun for example_local_kubernetes_executor to None, run_after=None
[2025-11-12T23:33:59.213+0000] {processor.py:183} INFO - Processing /home/airflow/.local/lib/python3.8/site-packages/airflow/example_dags/example_local_kubernetes_executor.py took 0.058 seconds
[2025-11-12T23:34:30.294+0000] {processor.py:161} INFO - Started process (PID=303) to work on /home/airflow/.local/lib/python3.8/site-packages/airflow/example_dags/example_local_kubernetes_executor.py
[2025-11-12T23:34:30.294+0000] {processor.py:830} INFO - Processing file /home/airflow/.local/lib/python3.8/site-packages/airflow/example_dags/example_local_kubernetes_executor.py for tasks to queue
[2025-11-12T23:34:30.296+0000] {logging_mixin.py:188} INFO - [2025-11-12T23:34:30.296+0000] {dagbag.py:538} INFO - Filling up the DagBag from /home/airflow/.local/lib/python3.8/site-packages/airflow/example_dags/example_local_kubernetes_executor.py
[2025-11-12T23:34:30.302+0000] {processor.py:840} INFO - DAG(s) 'example_local_kubernetes_executor' retrieved from /home/airflow/.local/lib/python3.8/site-packages/airflow/example_dags/example_local_kubernetes_executor.py
[2025-11-12T23:34:30.329+0000] {logging_mixin.py:188} INFO - [2025-11-12T23:34:30.329+0000] {dag.py:3036} INFO - Sync 1 DAGs
[2025-11-12T23:34:30.338+0000] {logging_mixin.py:188} INFO - [2025-11-12T23:34:30.338+0000] {dag.py:3823} INFO - Setting next_dagrun for example_local_kubernetes_executor to None, run_after=None
[2025-11-12T23:34:30.351+0000] {processor.py:183} INFO - Processing /home/airflow/.local/lib/python3.8/site-packages/airflow/example_dags/example_local_kubernetes_executor.py took 0.059 seconds
[2025-11-12T23:35:01.351+0000] {processor.py:161} INFO - Started process (PID=360) to work on /home/airflow/.local/lib/python3.8/site-packages/airflow/example_dags/example_local_kubernetes_executor.py
[2025-11-12T23:35:01.352+0000] {processor.py:830} INFO - Processing file /home/airflow/.local/lib/python3.8/site-packages/airflow/example_dags/example_local_kubernetes_executor.py for tasks to queue
[2025-11-12T23:35:01.354+0000] {logging_mixin.py:188} INFO - [2025-11-12T23:35:01.354+0000] {dagbag.py:538} INFO - Filling up the DagBag from /home/airflow/.local/lib/python3.8/site-packages/airflow/example_dags/example_local_kubernetes_executor.py
[2025-11-12T23:35:01.361+0000] {processor.py:840} INFO - DAG(s) 'example_local_kubernetes_executor' retrieved from /home/airflow/.local/lib/python3.8/site-packages/airflow/example_dags/example_local_kubernetes_executor.py
[2025-11-12T23:35:01.388+0000] {logging_mixin.py:188} INFO - [2025-11-12T23:35:01.387+0000] {dag.py:3036} INFO - Sync 1 DAGs
[2025-11-12T23:35:01.397+0000] {logging_mixin.py:188} INFO - [2025-11-12T23:35:01.397+0000] {dag.py:3823} INFO - Setting next_dagrun for example_local_kubernetes_executor to None, run_after=None
[2025-11-12T23:35:01.409+0000] {processor.py:183} INFO - Processing /home/airflow/.local/lib/python3.8/site-packages/airflow/example_dags/example_local_kubernetes_executor.py took 0.060 seconds
[2025-11-12T23:35:31.664+0000] {processor.py:161} INFO - Started process (PID=417) to work on /home/airflow/.local/lib/python3.8/site-packages/airflow/example_dags/example_local_kubernetes_executor.py
[2025-11-12T23:35:31.664+0000] {processor.py:830} INFO - Processing file /home/airflow/.local/lib/python3.8/site-packages/airflow/example_dags/example_local_kubernetes_executor.py for tasks to queue
[2025-11-12T23:35:31.666+0000] {logging_mixin.py:188} INFO - [2025-11-12T23:35:31.665+0000] {dagbag.py:538} INFO - Filling up the DagBag from /home/airflow/.local/lib/python3.8/site-packages/airflow/example_dags/example_local_kubernetes_executor.py
[2025-11-12T23:35:31.672+0000] {processor.py:840} INFO - DAG(s) 'example_local_kubernetes_executor' retrieved from /home/airflow/.local/lib/python3.8/site-packages/airflow/example_dags/example_local_kubernetes_executor.py
[2025-11-12T23:35:31.700+0000] {logging_mixin.py:188} INFO - [2025-11-12T23:35:31.700+0000] {dag.py:3036} INFO - Sync 1 DAGs
[2025-11-12T23:35:31.710+0000] {logging_mixin.py:188} INFO - [2025-11-12T23:35:31.710+0000] {dag.py:3823} INFO - Setting next_dagrun for example_local_kubernetes_executor to None, run_after=None
[2025-11-12T23:35:31.724+0000] {processor.py:183} INFO - Processing /home/airflow/.local/lib/python3.8/site-packages/airflow/example_dags/example_local_kubernetes_executor.py took 0.063 seconds
[2025-11-12T23:36:01.971+0000] {processor.py:161} INFO - Started process (PID=474) to work on /home/airflow/.local/lib/python3.8/site-packages/airflow/example_dags/example_local_kubernetes_executor.py
[2025-11-12T23:36:01.972+0000] {processor.py:830} INFO - Processing file /home/airflow/.local/lib/python3.8/site-packages/airflow/example_dags/example_local_kubernetes_executor.py for tasks to queue
[2025-11-12T23:36:01.974+0000] {logging_mixin.py:188} INFO - [2025-11-12T23:36:01.973+0000] {dagbag.py:538} INFO - Filling up the DagBag from /home/airflow/.local/lib/python3.8/site-packages/airflow/example_dags/example_local_kubernetes_executor.py
[2025-11-12T23:36:01.980+0000] {processor.py:840} INFO - DAG(s) 'example_local_kubernetes_executor' retrieved from /home/airflow/.local/lib/python3.8/site-packages/airflow/example_dags/example_local_kubernetes_executor.py
[2025-11-12T23:36:02.007+0000] {logging_mixin.py:188} INFO - [2025-11-12T23:36:02.007+0000] {dag.py:3036} INFO - Sync 1 DAGs
[2025-11-12T23:36:02.016+0000] {logging_mixin.py:188} INFO - [2025-11-12T23:36:02.015+0000] {dag.py:3823} INFO - Setting next_dagrun for example_local_kubernetes_executor to None, run_after=None
[2025-11-12T23:36:02.028+0000] {processor.py:183} INFO - Processing /home/airflow/.local/lib/python3.8/site-packages/airflow/example_dags/example_local_kubernetes_executor.py took 0.059 seconds
[2025-11-12T23:36:32.157+0000] {processor.py:161} INFO - Started process (PID=530) to work on /home/airflow/.local/lib/python3.8/site-packages/airflow/example_dags/example_local_kubernetes_executor.py
[2025-11-12T23:36:32.158+0000] {processor.py:830} INFO - Processing file /home/airflow/.local/lib/python3.8/site-packages/airflow/example_dags/example_local_kubernetes_executor.py for tasks to queue
[2025-11-12T23:36:32.159+0000] {logging_mixin.py:188} INFO - [2025-11-12T23:36:32.159+0000] {dagbag.py:538} INFO - Filling up the DagBag from /home/airflow/.local/lib/python3.8/site-packages/airflow/example_dags/example_local_kubernetes_executor.py
[2025-11-12T23:36:32.165+0000] {processor.py:840} INFO - DAG(s) 'example_local_kubernetes_executor' retrieved from /home/airflow/.local/lib/python3.8/site-packages/airflow/example_dags/example_local_kubernetes_executor.py
[2025-11-12T23:36:32.190+0000] {logging_mixin.py:188} INFO - [2025-11-12T23:36:32.190+0000] {dag.py:3036} INFO - Sync 1 DAGs
[2025-11-12T23:36:32.199+0000] {logging_mixin.py:188} INFO - [2025-11-12T23:36:32.199+0000] {dag.py:3823} INFO - Setting next_dagrun for example_local_kubernetes_executor to None, run_after=None
[2025-11-12T23:36:32.212+0000] {processor.py:183} INFO - Processing /home/airflow/.local/lib/python3.8/site-packages/airflow/example_dags/example_local_kubernetes_executor.py took 0.057 seconds
[2025-11-12T23:37:02.494+0000] {processor.py:161} INFO - Started process (PID=586) to work on /home/airflow/.local/lib/python3.8/site-packages/airflow/example_dags/example_local_kubernetes_executor.py
[2025-11-12T23:37:02.494+0000] {processor.py:830} INFO - Processing file /home/airflow/.local/lib/python3.8/site-packages/airflow/example_dags/example_local_kubernetes_executor.py for tasks to queue
[2025-11-12T23:37:02.496+0000] {logging_mixin.py:188} INFO - [2025-11-12T23:37:02.495+0000] {dagbag.py:538} INFO - Filling up the DagBag from /home/airflow/.local/lib/python3.8/site-packages/airflow/example_dags/example_local_kubernetes_executor.py
[2025-11-12T23:37:02.501+0000] {processor.py:840} INFO - DAG(s) 'example_local_kubernetes_executor' retrieved from /home/airflow/.local/lib/python3.8/site-packages/airflow/example_dags/example_local_kubernetes_executor.py
[2025-11-12T23:37:02.525+0000] {logging_mixin.py:188} INFO - [2025-11-12T23:37:02.525+0000] {dag.py:3036} INFO - Sync 1 DAGs
[2025-11-12T23:37:02.534+0000] {logging_mixin.py:188} INFO - [2025-11-12T23:37:02.534+0000] {dag.py:3823} INFO - Setting next_dagrun for example_local_kubernetes_executor to None, run_after=None
[2025-11-12T23:37:02.547+0000] {processor.py:183} INFO - Processing /home/airflow/.local/lib/python3.8/site-packages/airflow/example_dags/example_local_kubernetes_executor.py took 0.056 seconds
[2025-11-12T23:37:32.680+0000] {processor.py:161} INFO - Started process (PID=643) to work on /home/airflow/.local/lib/python3.8/site-packages/airflow/example_dags/example_local_kubernetes_executor.py
[2025-11-12T23:37:32.681+0000] {processor.py:830} INFO - Processing file /home/airflow/.local/lib/python3.8/site-packages/airflow/example_dags/example_local_kubernetes_executor.py for tasks to queue
[2025-11-12T23:37:32.682+0000] {logging_mixin.py:188} INFO - [2025-11-12T23:37:32.682+0000] {dagbag.py:538} INFO - Filling up the DagBag from /home/airflow/.local/lib/python3.8/site-packages/airflow/example_dags/example_local_kubernetes_executor.py
[2025-11-12T23:37:32.687+0000] {processor.py:840} INFO - DAG(s) 'example_local_kubernetes_executor' retrieved from /home/airflow/.local/lib/python3.8/site-packages/airflow/example_dags/example_local_kubernetes_executor.py
[2025-11-12T23:37:32.713+0000] {logging_mixin.py:188} INFO - [2025-11-12T23:37:32.713+0000] {dag.py:3036} INFO - Sync 1 DAGs
[2025-11-12T23:37:32.722+0000] {logging_mixin.py:188} INFO - [2025-11-12T23:37:32.722+0000] {dag.py:3823} INFO - Setting next_dagrun for example_local_kubernetes_executor to None, run_after=None
[2025-11-12T23:37:32.735+0000] {processor.py:183} INFO - Processing /home/airflow/.local/lib/python3.8/site-packages/airflow/example_dags/example_local_kubernetes_executor.py took 0.058 seconds
[2025-11-12T23:38:02.968+0000] {processor.py:161} INFO - Started process (PID=700) to work on /home/airflow/.local/lib/python3.8/site-packages/airflow/example_dags/example_local_kubernetes_executor.py
[2025-11-12T23:38:02.969+0000] {processor.py:830} INFO - Processing file /home/airflow/.local/lib/python3.8/site-packages/airflow/example_dags/example_local_kubernetes_executor.py for tasks to queue
[2025-11-12T23:38:02.970+0000] {logging_mixin.py:188} INFO - [2025-11-12T23:38:02.970+0000] {dagbag.py:538} INFO - Filling up the DagBag from /home/airflow/.local/lib/python3.8/site-packages/airflow/example_dags/example_local_kubernetes_executor.py
[2025-11-12T23:38:02.976+0000] {processor.py:840} INFO - DAG(s) 'example_local_kubernetes_executor' retrieved from /home/airflow/.local/lib/python3.8/site-packages/airflow/example_dags/example_local_kubernetes_executor.py
[2025-11-12T23:38:03.001+0000] {logging_mixin.py:188} INFO - [2025-11-12T23:38:03.001+0000] {dag.py:3036} INFO - Sync 1 DAGs
[2025-11-12T23:38:03.010+0000] {logging_mixin.py:188} INFO - [2025-11-12T23:38:03.010+0000] {dag.py:3823} INFO - Setting next_dagrun for example_local_kubernetes_executor to None, run_after=None
[2025-11-12T23:38:03.022+0000] {processor.py:183} INFO - Processing /home/airflow/.local/lib/python3.8/site-packages/airflow/example_dags/example_local_kubernetes_executor.py took 0.057 seconds
[2025-11-12T23:38:33.267+0000] {processor.py:161} INFO - Started process (PID=757) to work on /home/airflow/.local/lib/python3.8/site-packages/airflow/example_dags/example_local_kubernetes_executor.py
[2025-11-12T23:38:33.268+0000] {processor.py:830} INFO - Processing file /home/airflow/.local/lib/python3.8/site-packages/airflow/example_dags/example_local_kubernetes_executor.py for tasks to queue
[2025-11-12T23:38:33.269+0000] {logging_mixin.py:188} INFO - [2025-11-12T23:38:33.269+0000] {dagbag.py:538} INFO - Filling up the DagBag from /home/airflow/.local/lib/python3.8/site-packages/airflow/example_dags/example_local_kubernetes_executor.py
[2025-11-12T23:38:33.275+0000] {processor.py:840} INFO - DAG(s) 'example_local_kubernetes_executor' retrieved from /home/airflow/.local/lib/python3.8/site-packages/airflow/example_dags/example_local_kubernetes_executor.py
[2025-11-12T23:38:33.302+0000] {logging_mixin.py:188} INFO - [2025-11-12T23:38:33.301+0000] {dag.py:3036} INFO - Sync 1 DAGs
[2025-11-12T23:38:33.311+0000] {logging_mixin.py:188} INFO - [2025-11-12T23:38:33.311+0000] {dag.py:3823} INFO - Setting next_dagrun for example_local_kubernetes_executor to None, run_after=None
[2025-11-12T23:38:33.324+0000] {processor.py:183} INFO - Processing /home/airflow/.local/lib/python3.8/site-packages/airflow/example_dags/example_local_kubernetes_executor.py took 0.059 seconds
[2025-11-12T23:39:03.677+0000] {processor.py:161} INFO - Started process (PID=814) to work on /home/airflow/.local/lib/python3.8/site-packages/airflow/example_dags/example_local_kubernetes_executor.py
[2025-11-12T23:39:03.678+0000] {processor.py:830} INFO - Processing file /home/airflow/.local/lib/python3.8/site-packages/airflow/example_dags/example_local_kubernetes_executor.py for tasks to queue
[2025-11-12T23:39:03.679+0000] {logging_mixin.py:188} INFO - [2025-11-12T23:39:03.679+0000] {dagbag.py:538} INFO - Filling up the DagBag from /home/airflow/.local/lib/python3.8/site-packages/airflow/example_dags/example_local_kubernetes_executor.py
[2025-11-12T23:39:03.685+0000] {processor.py:840} INFO - DAG(s) 'example_local_kubernetes_executor' retrieved from /home/airflow/.local/lib/python3.8/site-packages/airflow/example_dags/example_local_kubernetes_executor.py
[2025-11-12T23:39:03.712+0000] {logging_mixin.py:188} INFO - [2025-11-12T23:39:03.711+0000] {dag.py:3036} INFO - Sync 1 DAGs
[2025-11-12T23:39:03.721+0000] {logging_mixin.py:188} INFO - [2025-11-12T23:39:03.721+0000] {dag.py:3823} INFO - Setting next_dagrun for example_local_kubernetes_executor to None, run_after=None
[2025-11-12T23:39:03.734+0000] {processor.py:183} INFO - Processing /home/airflow/.local/lib/python3.8/site-packages/airflow/example_dags/example_local_kubernetes_executor.py took 0.059 seconds
[2025-11-12T23:39:34.004+0000] {processor.py:161} INFO - Started process (PID=871) to work on /home/airflow/.local/lib/python3.8/site-packages/airflow/example_dags/example_local_kubernetes_executor.py
[2025-11-12T23:39:34.005+0000] {processor.py:830} INFO - Processing file /home/airflow/.local/lib/python3.8/site-packages/airflow/example_dags/example_local_kubernetes_executor.py for tasks to queue
[2025-11-12T23:39:34.006+0000] {logging_mixin.py:188} INFO - [2025-11-12T23:39:34.006+0000] {dagbag.py:538} INFO - Filling up the DagBag from /home/airflow/.local/lib/python3.8/site-packages/airflow/example_dags/example_local_kubernetes_executor.py
[2025-11-12T23:39:34.012+0000] {processor.py:840} INFO - DAG(s) 'example_local_kubernetes_executor' retrieved from /home/airflow/.local/lib/python3.8/site-packages/airflow/example_dags/example_local_kubernetes_executor.py
[2025-11-12T23:39:34.038+0000] {logging_mixin.py:188} INFO - [2025-11-12T23:39:34.037+0000] {dag.py:3036} INFO - Sync 1 DAGs
[2025-11-12T23:39:34.047+0000] {logging_mixin.py:188} INFO - [2025-11-12T23:39:34.047+0000] {dag.py:3823} INFO - Setting next_dagrun for example_local_kubernetes_executor to None, run_after=None
[2025-11-12T23:39:34.059+0000] {processor.py:183} INFO - Processing /home/airflow/.local/lib/python3.8/site-packages/airflow/example_dags/example_local_kubernetes_executor.py took 0.058 seconds
[2025-11-12T23:40:04.370+0000] {processor.py:161} INFO - Started process (PID=928) to work on /home/airflow/.local/lib/python3.8/site-packages/airflow/example_dags/example_local_kubernetes_executor.py
[2025-11-12T23:40:04.371+0000] {processor.py:830} INFO - Processing file /home/airflow/.local/lib/python3.8/site-packages/airflow/example_dags/example_local_kubernetes_executor.py for tasks to queue
[2025-11-12T23:40:04.372+0000] {logging_mixin.py:188} INFO - [2025-11-12T23:40:04.372+0000] {dagbag.py:538} INFO - Filling up the DagBag from /home/airflow/.local/lib/python3.8/site-packages/airflow/example_dags/example_local_kubernetes_executor.py
[2025-11-12T23:40:04.378+0000] {processor.py:840} INFO - DAG(s) 'example_local_kubernetes_executor' retrieved from /home/airflow/.local/lib/python3.8/site-packages/airflow/example_dags/example_local_kubernetes_executor.py
[2025-11-12T23:40:04.405+0000] {logging_mixin.py:188} INFO - [2025-11-12T23:40:04.405+0000] {dag.py:3036} INFO - Sync 1 DAGs
[2025-11-12T23:40:04.415+0000] {logging_mixin.py:188} INFO - [2025-11-12T23:40:04.414+0000] {dag.py:3823} INFO - Setting next_dagrun for example_local_kubernetes_executor to None, run_after=None
[2025-11-12T23:40:04.429+0000] {processor.py:183} INFO - Processing /home/airflow/.local/lib/python3.8/site-packages/airflow/example_dags/example_local_kubernetes_executor.py took 0.061 seconds
[2025-11-12T23:40:34.522+0000] {processor.py:161} INFO - Started process (PID=985) to work on /home/airflow/.local/lib/python3.8/site-packages/airflow/example_dags/example_local_kubernetes_executor.py
[2025-11-12T23:40:34.522+0000] {processor.py:830} INFO - Processing file /home/airflow/.local/lib/python3.8/site-packages/airflow/example_dags/example_local_kubernetes_executor.py for tasks to queue
[2025-11-12T23:40:34.524+0000] {logging_mixin.py:188} INFO - [2025-11-12T23:40:34.523+0000] {dagbag.py:538} INFO - Filling up the DagBag from /home/airflow/.local/lib/python3.8/site-packages/airflow/example_dags/example_local_kubernetes_executor.py
[2025-11-12T23:40:34.530+0000] {processor.py:840} INFO - DAG(s) 'example_local_kubernetes_executor' retrieved from /home/airflow/.local/lib/python3.8/site-packages/airflow/example_dags/example_local_kubernetes_executor.py
[2025-11-12T23:40:34.556+0000] {logging_mixin.py:188} INFO - [2025-11-12T23:40:34.556+0000] {dag.py:3036} INFO - Sync 1 DAGs
[2025-11-12T23:40:34.565+0000] {logging_mixin.py:188} INFO - [2025-11-12T23:40:34.565+0000] {dag.py:3823} INFO - Setting next_dagrun for example_local_kubernetes_executor to None, run_after=None
[2025-11-12T23:40:34.577+0000] {processor.py:183} INFO - Processing /home/airflow/.local/lib/python3.8/site-packages/airflow/example_dags/example_local_kubernetes_executor.py took 0.058 seconds
[2025-11-12T23:41:04.753+0000] {processor.py:161} INFO - Started process (PID=1042) to work on /home/airflow/.local/lib/python3.8/site-packages/airflow/example_dags/example_local_kubernetes_executor.py
[2025-11-12T23:41:04.754+0000] {processor.py:830} INFO - Processing file /home/airflow/.local/lib/python3.8/site-packages/airflow/example_dags/example_local_kubernetes_executor.py for tasks to queue
[2025-11-12T23:41:04.755+0000] {logging_mixin.py:188} INFO - [2025-11-12T23:41:04.755+0000] {dagbag.py:538} INFO - Filling up the DagBag from /home/airflow/.local/lib/python3.8/site-packages/airflow/example_dags/example_local_kubernetes_executor.py
[2025-11-12T23:41:04.762+0000] {processor.py:840} INFO - DAG(s) 'example_local_kubernetes_executor' retrieved from /home/airflow/.local/lib/python3.8/site-packages/airflow/example_dags/example_local_kubernetes_executor.py
[2025-11-12T23:41:04.789+0000] {logging_mixin.py:188} INFO - [2025-11-12T23:41:04.789+0000] {dag.py:3036} INFO - Sync 1 DAGs
[2025-11-12T23:41:04.798+0000] {logging_mixin.py:188} INFO - [2025-11-12T23:41:04.798+0000] {dag.py:3823} INFO - Setting next_dagrun for example_local_kubernetes_executor to None, run_after=None
[2025-11-12T23:41:04.811+0000] {processor.py:183} INFO - Processing /home/airflow/.local/lib/python3.8/site-packages/airflow/example_dags/example_local_kubernetes_executor.py took 0.060 seconds
[2025-11-12T23:41:34.910+0000] {processor.py:161} INFO - Started process (PID=1099) to work on /home/airflow/.local/lib/python3.8/site-packages/airflow/example_dags/example_local_kubernetes_executor.py
[2025-11-12T23:41:34.910+0000] {processor.py:830} INFO - Processing file /home/airflow/.local/lib/python3.8/site-packages/airflow/example_dags/example_local_kubernetes_executor.py for tasks to queue
[2025-11-12T23:41:34.912+0000] {logging_mixin.py:188} INFO - [2025-11-12T23:41:34.911+0000] {dagbag.py:538} INFO - Filling up the DagBag from /home/airflow/.local/lib/python3.8/site-packages/airflow/example_dags/example_local_kubernetes_executor.py
[2025-11-12T23:41:34.917+0000] {processor.py:840} INFO - DAG(s) 'example_local_kubernetes_executor' retrieved from /home/airflow/.local/lib/python3.8/site-packages/airflow/example_dags/example_local_kubernetes_executor.py
[2025-11-12T23:41:34.945+0000] {logging_mixin.py:188} INFO - [2025-11-12T23:41:34.945+0000] {dag.py:3036} INFO - Sync 1 DAGs
[2025-11-12T23:41:34.955+0000] {logging_mixin.py:188} INFO - [2025-11-12T23:41:34.955+0000] {dag.py:3823} INFO - Setting next_dagrun for example_local_kubernetes_executor to None, run_after=None
[2025-11-12T23:41:34.968+0000] {processor.py:183} INFO - Processing /home/airflow/.local/lib/python3.8/site-packages/airflow/example_dags/example_local_kubernetes_executor.py took 0.062 seconds
[2025-11-12T23:42:05.103+0000] {processor.py:161} INFO - Started process (PID=1156) to work on /home/airflow/.local/lib/python3.8/site-packages/airflow/example_dags/example_local_kubernetes_executor.py
[2025-11-12T23:42:05.104+0000] {processor.py:830} INFO - Processing file /home/airflow/.local/lib/python3.8/site-packages/airflow/example_dags/example_local_kubernetes_executor.py for tasks to queue
[2025-11-12T23:42:05.106+0000] {logging_mixin.py:188} INFO - [2025-11-12T23:42:05.105+0000] {dagbag.py:538} INFO - Filling up the DagBag from /home/airflow/.local/lib/python3.8/site-packages/airflow/example_dags/example_local_kubernetes_executor.py
[2025-11-12T23:42:05.112+0000] {processor.py:840} INFO - DAG(s) 'example_local_kubernetes_executor' retrieved from /home/airflow/.local/lib/python3.8/site-packages/airflow/example_dags/example_local_kubernetes_executor.py
[2025-11-12T23:42:05.141+0000] {logging_mixin.py:188} INFO - [2025-11-12T23:42:05.141+0000] {dag.py:3036} INFO - Sync 1 DAGs
[2025-11-12T23:42:05.153+0000] {logging_mixin.py:188} INFO - [2025-11-12T23:42:05.153+0000] {dag.py:3823} INFO - Setting next_dagrun for example_local_kubernetes_executor to None, run_after=None
[2025-11-12T23:42:05.169+0000] {processor.py:183} INFO - Processing /home/airflow/.local/lib/python3.8/site-packages/airflow/example_dags/example_local_kubernetes_executor.py took 0.068 seconds
[2025-11-12T23:42:35.274+0000] {processor.py:161} INFO - Started process (PID=1212) to work on /home/airflow/.local/lib/python3.8/site-packages/airflow/example_dags/example_local_kubernetes_executor.py
[2025-11-12T23:42:35.275+0000] {processor.py:830} INFO - Processing file /home/airflow/.local/lib/python3.8/site-packages/airflow/example_dags/example_local_kubernetes_executor.py for tasks to queue
[2025-11-12T23:42:35.276+0000] {logging_mixin.py:188} INFO - [2025-11-12T23:42:35.276+0000] {dagbag.py:538} INFO - Filling up the DagBag from /home/airflow/.local/lib/python3.8/site-packages/airflow/example_dags/example_local_kubernetes_executor.py
[2025-11-12T23:42:35.283+0000] {processor.py:840} INFO - DAG(s) 'example_local_kubernetes_executor' retrieved from /home/airflow/.local/lib/python3.8/site-packages/airflow/example_dags/example_local_kubernetes_executor.py
[2025-11-12T23:42:35.314+0000] {logging_mixin.py:188} INFO - [2025-11-12T23:42:35.314+0000] {dag.py:3036} INFO - Sync 1 DAGs
[2025-11-12T23:42:35.325+0000] {logging_mixin.py:188} INFO - [2025-11-12T23:42:35.325+0000] {dag.py:3823} INFO - Setting next_dagrun for example_local_kubernetes_executor to None, run_after=None
[2025-11-12T23:42:35.344+0000] {processor.py:183} INFO - Processing /home/airflow/.local/lib/python3.8/site-packages/airflow/example_dags/example_local_kubernetes_executor.py took 0.073 seconds
[2025-11-12T23:43:05.624+0000] {processor.py:161} INFO - Started process (PID=1269) to work on /home/airflow/.local/lib/python3.8/site-packages/airflow/example_dags/example_local_kubernetes_executor.py
[2025-11-12T23:43:05.625+0000] {processor.py:830} INFO - Processing file /home/airflow/.local/lib/python3.8/site-packages/airflow/example_dags/example_local_kubernetes_executor.py for tasks to queue
[2025-11-12T23:43:05.626+0000] {logging_mixin.py:188} INFO - [2025-11-12T23:43:05.626+0000] {dagbag.py:538} INFO - Filling up the DagBag from /home/airflow/.local/lib/python3.8/site-packages/airflow/example_dags/example_local_kubernetes_executor.py
[2025-11-12T23:43:05.632+0000] {processor.py:840} INFO - DAG(s) 'example_local_kubernetes_executor' retrieved from /home/airflow/.local/lib/python3.8/site-packages/airflow/example_dags/example_local_kubernetes_executor.py
[2025-11-12T23:43:05.662+0000] {logging_mixin.py:188} INFO - [2025-11-12T23:43:05.661+0000] {dag.py:3036} INFO - Sync 1 DAGs
[2025-11-12T23:43:05.671+0000] {logging_mixin.py:188} INFO - [2025-11-12T23:43:05.671+0000] {dag.py:3823} INFO - Setting next_dagrun for example_local_kubernetes_executor to None, run_after=None
[2025-11-12T23:43:05.684+0000] {processor.py:183} INFO - Processing /home/airflow/.local/lib/python3.8/site-packages/airflow/example_dags/example_local_kubernetes_executor.py took 0.062 seconds
[2025-11-12T23:43:35.855+0000] {processor.py:161} INFO - Started process (PID=1326) to work on /home/airflow/.local/lib/python3.8/site-packages/airflow/example_dags/example_local_kubernetes_executor.py
[2025-11-12T23:43:35.856+0000] {processor.py:830} INFO - Processing file /home/airflow/.local/lib/python3.8/site-packages/airflow/example_dags/example_local_kubernetes_executor.py for tasks to queue
[2025-11-12T23:43:35.857+0000] {logging_mixin.py:188} INFO - [2025-11-12T23:43:35.857+0000] {dagbag.py:538} INFO - Filling up the DagBag from /home/airflow/.local/lib/python3.8/site-packages/airflow/example_dags/example_local_kubernetes_executor.py
[2025-11-12T23:43:35.863+0000] {processor.py:840} INFO - DAG(s) 'example_local_kubernetes_executor' retrieved from /home/airflow/.local/lib/python3.8/site-packages/airflow/example_dags/example_local_kubernetes_executor.py
[2025-11-12T23:43:35.888+0000] {logging_mixin.py:188} INFO - [2025-11-12T23:43:35.888+0000] {dag.py:3036} INFO - Sync 1 DAGs
[2025-11-12T23:43:35.897+0000] {logging_mixin.py:188} INFO - [2025-11-12T23:43:35.897+0000] {dag.py:3823} INFO - Setting next_dagrun for example_local_kubernetes_executor to None, run_after=None
[2025-11-12T23:43:35.908+0000] {processor.py:183} INFO - Processing /home/airflow/.local/lib/python3.8/site-packages/airflow/example_dags/example_local_kubernetes_executor.py took 0.056 seconds
[2025-11-12T23:44:06.216+0000] {processor.py:161} INFO - Started process (PID=1383) to work on /home/airflow/.local/lib/python3.8/site-packages/airflow/example_dags/example_local_kubernetes_executor.py
[2025-11-12T23:44:06.216+0000] {processor.py:830} INFO - Processing file /home/airflow/.local/lib/python3.8/site-packages/airflow/example_dags/example_local_kubernetes_executor.py for tasks to queue
[2025-11-12T23:44:06.218+0000] {logging_mixin.py:188} INFO - [2025-11-12T23:44:06.217+0000] {dagbag.py:538} INFO - Filling up the DagBag from /home/airflow/.local/lib/python3.8/site-packages/airflow/example_dags/example_local_kubernetes_executor.py
[2025-11-12T23:44:06.224+0000] {processor.py:840} INFO - DAG(s) 'example_local_kubernetes_executor' retrieved from /home/airflow/.local/lib/python3.8/site-packages/airflow/example_dags/example_local_kubernetes_executor.py
[2025-11-12T23:44:06.250+0000] {logging_mixin.py:188} INFO - [2025-11-12T23:44:06.250+0000] {dag.py:3036} INFO - Sync 1 DAGs
[2025-11-12T23:44:06.259+0000] {logging_mixin.py:188} INFO - [2025-11-12T23:44:06.258+0000] {dag.py:3823} INFO - Setting next_dagrun for example_local_kubernetes_executor to None, run_after=None
[2025-11-12T23:44:06.271+0000] {processor.py:183} INFO - Processing /home/airflow/.local/lib/python3.8/site-packages/airflow/example_dags/example_local_kubernetes_executor.py took 0.058 seconds
[2025-11-12T23:44:36.418+0000] {processor.py:161} INFO - Started process (PID=1440) to work on /home/airflow/.local/lib/python3.8/site-packages/airflow/example_dags/example_local_kubernetes_executor.py
[2025-11-12T23:44:36.419+0000] {processor.py:830} INFO - Processing file /home/airflow/.local/lib/python3.8/site-packages/airflow/example_dags/example_local_kubernetes_executor.py for tasks to queue
[2025-11-12T23:44:36.420+0000] {logging_mixin.py:188} INFO - [2025-11-12T23:44:36.420+0000] {dagbag.py:538} INFO - Filling up the DagBag from /home/airflow/.local/lib/python3.8/site-packages/airflow/example_dags/example_local_kubernetes_executor.py
[2025-11-12T23:44:36.426+0000] {processor.py:840} INFO - DAG(s) 'example_local_kubernetes_executor' retrieved from /home/airflow/.local/lib/python3.8/site-packages/airflow/example_dags/example_local_kubernetes_executor.py
[2025-11-12T23:44:36.451+0000] {logging_mixin.py:188} INFO - [2025-11-12T23:44:36.451+0000] {dag.py:3036} INFO - Sync 1 DAGs
[2025-11-12T23:44:36.460+0000] {logging_mixin.py:188} INFO - [2025-11-12T23:44:36.460+0000] {dag.py:3823} INFO - Setting next_dagrun for example_local_kubernetes_executor to None, run_after=None
[2025-11-12T23:44:36.471+0000] {processor.py:183} INFO - Processing /home/airflow/.local/lib/python3.8/site-packages/airflow/example_dags/example_local_kubernetes_executor.py took 0.056 seconds
[2025-11-12T23:45:06.681+0000] {processor.py:161} INFO - Started process (PID=1497) to work on /home/airflow/.local/lib/python3.8/site-packages/airflow/example_dags/example_local_kubernetes_executor.py
[2025-11-12T23:45:06.681+0000] {processor.py:830} INFO - Processing file /home/airflow/.local/lib/python3.8/site-packages/airflow/example_dags/example_local_kubernetes_executor.py for tasks to queue
[2025-11-12T23:45:06.683+0000] {logging_mixin.py:188} INFO - [2025-11-12T23:45:06.683+0000] {dagbag.py:538} INFO - Filling up the DagBag from /home/airflow/.local/lib/python3.8/site-packages/airflow/example_dags/example_local_kubernetes_executor.py
[2025-11-12T23:45:06.689+0000] {processor.py:840} INFO - DAG(s) 'example_local_kubernetes_executor' retrieved from /home/airflow/.local/lib/python3.8/site-packages/airflow/example_dags/example_local_kubernetes_executor.py
[2025-11-12T23:45:06.718+0000] {logging_mixin.py:188} INFO - [2025-11-12T23:45:06.717+0000] {dag.py:3036} INFO - Sync 1 DAGs
[2025-11-12T23:45:06.728+0000] {logging_mixin.py:188} INFO - [2025-11-12T23:45:06.727+0000] {dag.py:3823} INFO - Setting next_dagrun for example_local_kubernetes_executor to None, run_after=None
[2025-11-12T23:45:06.742+0000] {processor.py:183} INFO - Processing /home/airflow/.local/lib/python3.8/site-packages/airflow/example_dags/example_local_kubernetes_executor.py took 0.064 seconds
[2025-11-12T23:45:36.860+0000] {processor.py:161} INFO - Started process (PID=1554) to work on /home/airflow/.local/lib/python3.8/site-packages/airflow/example_dags/example_local_kubernetes_executor.py
[2025-11-12T23:45:36.860+0000] {processor.py:830} INFO - Processing file /home/airflow/.local/lib/python3.8/site-packages/airflow/example_dags/example_local_kubernetes_executor.py for tasks to queue
[2025-11-12T23:45:36.861+0000] {logging_mixin.py:188} INFO - [2025-11-12T23:45:36.861+0000] {dagbag.py:538} INFO - Filling up the DagBag from /home/airflow/.local/lib/python3.8/site-packages/airflow/example_dags/example_local_kubernetes_executor.py
[2025-11-12T23:45:36.867+0000] {processor.py:840} INFO - DAG(s) 'example_local_kubernetes_executor' retrieved from /home/airflow/.local/lib/python3.8/site-packages/airflow/example_dags/example_local_kubernetes_executor.py
[2025-11-12T23:45:36.895+0000] {logging_mixin.py:188} INFO - [2025-11-12T23:45:36.895+0000] {dag.py:3036} INFO - Sync 1 DAGs
[2025-11-12T23:45:36.904+0000] {logging_mixin.py:188} INFO - [2025-11-12T23:45:36.904+0000] {dag.py:3823} INFO - Setting next_dagrun for example_local_kubernetes_executor to None, run_after=None
[2025-11-12T23:45:36.916+0000] {processor.py:183} INFO - Processing /home/airflow/.local/lib/python3.8/site-packages/airflow/example_dags/example_local_kubernetes_executor.py took 0.059 seconds
