[2025-11-12T23:32:27.127+0000] {processor.py:161} INFO - Started process (PID=59) to work on /home/airflow/.local/lib/python3.8/site-packages/airflow/example_dags/example_branch_python_dop_operator_3.py
[2025-11-12T23:32:27.128+0000] {processor.py:830} INFO - Processing file /home/airflow/.local/lib/python3.8/site-packages/airflow/example_dags/example_branch_python_dop_operator_3.py for tasks to queue
[2025-11-12T23:32:27.129+0000] {logging_mixin.py:188} INFO - [2025-11-12T23:32:27.129+0000] {dagbag.py:538} INFO - Filling up the DagBag from /home/airflow/.local/lib/python3.8/site-packages/airflow/example_dags/example_branch_python_dop_operator_3.py
[2025-11-12T23:32:27.141+0000] {processor.py:840} INFO - DAG(s) 'example_branch_dop_operator_v3' retrieved from /home/airflow/.local/lib/python3.8/site-packages/airflow/example_dags/example_branch_python_dop_operator_3.py
[2025-11-12T23:32:27.227+0000] {logging_mixin.py:188} INFO - [2025-11-12T23:32:27.226+0000] {override.py:1769} INFO - Created Permission View: can delete on DAG:example_branch_dop_operator_v3
[2025-11-12T23:32:27.235+0000] {logging_mixin.py:188} INFO - [2025-11-12T23:32:27.235+0000] {override.py:1769} INFO - Created Permission View: can edit on DAG:example_branch_dop_operator_v3
[2025-11-12T23:32:27.241+0000] {logging_mixin.py:188} INFO - [2025-11-12T23:32:27.240+0000] {override.py:1769} INFO - Created Permission View: can read on DAG:example_branch_dop_operator_v3
[2025-11-12T23:32:27.241+0000] {logging_mixin.py:188} INFO - [2025-11-12T23:32:27.241+0000] {dag.py:3036} INFO - Sync 1 DAGs
[2025-11-12T23:32:27.250+0000] {logging_mixin.py:188} INFO - [2025-11-12T23:32:27.250+0000] {dag.py:3058} INFO - Creating ORM DAG for example_branch_dop_operator_v3
[2025-11-12T23:32:27.264+0000] {logging_mixin.py:188} INFO - [2025-11-12T23:32:27.264+0000] {dag.py:3823} INFO - Setting next_dagrun for example_branch_dop_operator_v3 to 2025-11-12 23:31:00+00:00, run_after=2025-11-12 23:32:00+00:00
[2025-11-12T23:32:27.279+0000] {processor.py:183} INFO - Processing /home/airflow/.local/lib/python3.8/site-packages/airflow/example_dags/example_branch_python_dop_operator_3.py took 0.155 seconds
[2025-11-12T23:32:57.896+0000] {processor.py:161} INFO - Started process (PID=116) to work on /home/airflow/.local/lib/python3.8/site-packages/airflow/example_dags/example_branch_python_dop_operator_3.py
[2025-11-12T23:32:57.897+0000] {processor.py:830} INFO - Processing file /home/airflow/.local/lib/python3.8/site-packages/airflow/example_dags/example_branch_python_dop_operator_3.py for tasks to queue
[2025-11-12T23:32:57.898+0000] {logging_mixin.py:188} INFO - [2025-11-12T23:32:57.898+0000] {dagbag.py:538} INFO - Filling up the DagBag from /home/airflow/.local/lib/python3.8/site-packages/airflow/example_dags/example_branch_python_dop_operator_3.py
[2025-11-12T23:32:57.905+0000] {processor.py:840} INFO - DAG(s) 'example_branch_dop_operator_v3' retrieved from /home/airflow/.local/lib/python3.8/site-packages/airflow/example_dags/example_branch_python_dop_operator_3.py
[2025-11-12T23:32:57.922+0000] {logging_mixin.py:188} INFO - [2025-11-12T23:32:57.921+0000] {dag.py:3036} INFO - Sync 1 DAGs
[2025-11-12T23:32:57.943+0000] {logging_mixin.py:188} INFO - [2025-11-12T23:32:57.943+0000] {dag.py:3823} INFO - Setting next_dagrun for example_branch_dop_operator_v3 to 2025-11-12 23:31:00+00:00, run_after=2025-11-12 23:32:00+00:00
[2025-11-12T23:32:57.956+0000] {processor.py:183} INFO - Processing /home/airflow/.local/lib/python3.8/site-packages/airflow/example_dags/example_branch_python_dop_operator_3.py took 0.063 seconds
[2025-11-12T23:33:28.295+0000] {processor.py:161} INFO - Started process (PID=173) to work on /home/airflow/.local/lib/python3.8/site-packages/airflow/example_dags/example_branch_python_dop_operator_3.py
[2025-11-12T23:33:28.295+0000] {processor.py:830} INFO - Processing file /home/airflow/.local/lib/python3.8/site-packages/airflow/example_dags/example_branch_python_dop_operator_3.py for tasks to queue
[2025-11-12T23:33:28.297+0000] {logging_mixin.py:188} INFO - [2025-11-12T23:33:28.297+0000] {dagbag.py:538} INFO - Filling up the DagBag from /home/airflow/.local/lib/python3.8/site-packages/airflow/example_dags/example_branch_python_dop_operator_3.py
[2025-11-12T23:33:28.305+0000] {processor.py:840} INFO - DAG(s) 'example_branch_dop_operator_v3' retrieved from /home/airflow/.local/lib/python3.8/site-packages/airflow/example_dags/example_branch_python_dop_operator_3.py
[2025-11-12T23:33:28.322+0000] {logging_mixin.py:188} INFO - [2025-11-12T23:33:28.322+0000] {dag.py:3036} INFO - Sync 1 DAGs
[2025-11-12T23:33:28.343+0000] {logging_mixin.py:188} INFO - [2025-11-12T23:33:28.343+0000] {dag.py:3823} INFO - Setting next_dagrun for example_branch_dop_operator_v3 to 2025-11-12 23:32:00+00:00, run_after=2025-11-12 23:33:00+00:00
[2025-11-12T23:33:28.358+0000] {processor.py:183} INFO - Processing /home/airflow/.local/lib/python3.8/site-packages/airflow/example_dags/example_branch_python_dop_operator_3.py took 0.066 seconds
[2025-11-12T23:33:58.398+0000] {processor.py:161} INFO - Started process (PID=228) to work on /home/airflow/.local/lib/python3.8/site-packages/airflow/example_dags/example_branch_python_dop_operator_3.py
[2025-11-12T23:33:58.399+0000] {processor.py:830} INFO - Processing file /home/airflow/.local/lib/python3.8/site-packages/airflow/example_dags/example_branch_python_dop_operator_3.py for tasks to queue
[2025-11-12T23:33:58.400+0000] {logging_mixin.py:188} INFO - [2025-11-12T23:33:58.400+0000] {dagbag.py:538} INFO - Filling up the DagBag from /home/airflow/.local/lib/python3.8/site-packages/airflow/example_dags/example_branch_python_dop_operator_3.py
[2025-11-12T23:33:58.407+0000] {processor.py:840} INFO - DAG(s) 'example_branch_dop_operator_v3' retrieved from /home/airflow/.local/lib/python3.8/site-packages/airflow/example_dags/example_branch_python_dop_operator_3.py
[2025-11-12T23:33:58.421+0000] {logging_mixin.py:188} INFO - [2025-11-12T23:33:58.421+0000] {dag.py:3036} INFO - Sync 1 DAGs
[2025-11-12T23:33:58.441+0000] {logging_mixin.py:188} INFO - [2025-11-12T23:33:58.441+0000] {dag.py:3823} INFO - Setting next_dagrun for example_branch_dop_operator_v3 to 2025-11-12 23:32:00+00:00, run_after=2025-11-12 23:33:00+00:00
[2025-11-12T23:33:58.453+0000] {processor.py:183} INFO - Processing /home/airflow/.local/lib/python3.8/site-packages/airflow/example_dags/example_branch_python_dop_operator_3.py took 0.057 seconds
[2025-11-12T23:34:28.614+0000] {processor.py:161} INFO - Started process (PID=285) to work on /home/airflow/.local/lib/python3.8/site-packages/airflow/example_dags/example_branch_python_dop_operator_3.py
[2025-11-12T23:34:28.615+0000] {processor.py:830} INFO - Processing file /home/airflow/.local/lib/python3.8/site-packages/airflow/example_dags/example_branch_python_dop_operator_3.py for tasks to queue
[2025-11-12T23:34:28.617+0000] {logging_mixin.py:188} INFO - [2025-11-12T23:34:28.616+0000] {dagbag.py:538} INFO - Filling up the DagBag from /home/airflow/.local/lib/python3.8/site-packages/airflow/example_dags/example_branch_python_dop_operator_3.py
[2025-11-12T23:34:28.624+0000] {processor.py:840} INFO - DAG(s) 'example_branch_dop_operator_v3' retrieved from /home/airflow/.local/lib/python3.8/site-packages/airflow/example_dags/example_branch_python_dop_operator_3.py
[2025-11-12T23:34:28.639+0000] {logging_mixin.py:188} INFO - [2025-11-12T23:34:28.638+0000] {dag.py:3036} INFO - Sync 1 DAGs
[2025-11-12T23:34:28.660+0000] {logging_mixin.py:188} INFO - [2025-11-12T23:34:28.660+0000] {dag.py:3823} INFO - Setting next_dagrun for example_branch_dop_operator_v3 to 2025-11-12 23:33:00+00:00, run_after=2025-11-12 23:34:00+00:00
[2025-11-12T23:34:28.675+0000] {processor.py:183} INFO - Processing /home/airflow/.local/lib/python3.8/site-packages/airflow/example_dags/example_branch_python_dop_operator_3.py took 0.064 seconds
[2025-11-12T23:34:58.710+0000] {processor.py:161} INFO - Started process (PID=342) to work on /home/airflow/.local/lib/python3.8/site-packages/airflow/example_dags/example_branch_python_dop_operator_3.py
[2025-11-12T23:34:58.710+0000] {processor.py:830} INFO - Processing file /home/airflow/.local/lib/python3.8/site-packages/airflow/example_dags/example_branch_python_dop_operator_3.py for tasks to queue
[2025-11-12T23:34:58.712+0000] {logging_mixin.py:188} INFO - [2025-11-12T23:34:58.712+0000] {dagbag.py:538} INFO - Filling up the DagBag from /home/airflow/.local/lib/python3.8/site-packages/airflow/example_dags/example_branch_python_dop_operator_3.py
[2025-11-12T23:34:58.719+0000] {processor.py:840} INFO - DAG(s) 'example_branch_dop_operator_v3' retrieved from /home/airflow/.local/lib/python3.8/site-packages/airflow/example_dags/example_branch_python_dop_operator_3.py
[2025-11-12T23:34:58.733+0000] {logging_mixin.py:188} INFO - [2025-11-12T23:34:58.733+0000] {dag.py:3036} INFO - Sync 1 DAGs
[2025-11-12T23:34:58.756+0000] {logging_mixin.py:188} INFO - [2025-11-12T23:34:58.756+0000] {dag.py:3823} INFO - Setting next_dagrun for example_branch_dop_operator_v3 to 2025-11-12 23:33:00+00:00, run_after=2025-11-12 23:34:00+00:00
[2025-11-12T23:34:58.770+0000] {processor.py:183} INFO - Processing /home/airflow/.local/lib/python3.8/site-packages/airflow/example_dags/example_branch_python_dop_operator_3.py took 0.063 seconds
[2025-11-12T23:35:29.021+0000] {processor.py:161} INFO - Started process (PID=399) to work on /home/airflow/.local/lib/python3.8/site-packages/airflow/example_dags/example_branch_python_dop_operator_3.py
[2025-11-12T23:35:29.022+0000] {processor.py:830} INFO - Processing file /home/airflow/.local/lib/python3.8/site-packages/airflow/example_dags/example_branch_python_dop_operator_3.py for tasks to queue
[2025-11-12T23:35:29.023+0000] {logging_mixin.py:188} INFO - [2025-11-12T23:35:29.023+0000] {dagbag.py:538} INFO - Filling up the DagBag from /home/airflow/.local/lib/python3.8/site-packages/airflow/example_dags/example_branch_python_dop_operator_3.py
[2025-11-12T23:35:29.030+0000] {processor.py:840} INFO - DAG(s) 'example_branch_dop_operator_v3' retrieved from /home/airflow/.local/lib/python3.8/site-packages/airflow/example_dags/example_branch_python_dop_operator_3.py
[2025-11-12T23:35:29.046+0000] {logging_mixin.py:188} INFO - [2025-11-12T23:35:29.046+0000] {dag.py:3036} INFO - Sync 1 DAGs
[2025-11-12T23:35:29.067+0000] {logging_mixin.py:188} INFO - [2025-11-12T23:35:29.067+0000] {dag.py:3823} INFO - Setting next_dagrun for example_branch_dop_operator_v3 to 2025-11-12 23:34:00+00:00, run_after=2025-11-12 23:35:00+00:00
[2025-11-12T23:35:29.082+0000] {processor.py:183} INFO - Processing /home/airflow/.local/lib/python3.8/site-packages/airflow/example_dags/example_branch_python_dop_operator_3.py took 0.064 seconds
[2025-11-12T23:35:59.405+0000] {processor.py:161} INFO - Started process (PID=456) to work on /home/airflow/.local/lib/python3.8/site-packages/airflow/example_dags/example_branch_python_dop_operator_3.py
[2025-11-12T23:35:59.405+0000] {processor.py:830} INFO - Processing file /home/airflow/.local/lib/python3.8/site-packages/airflow/example_dags/example_branch_python_dop_operator_3.py for tasks to queue
[2025-11-12T23:35:59.407+0000] {logging_mixin.py:188} INFO - [2025-11-12T23:35:59.406+0000] {dagbag.py:538} INFO - Filling up the DagBag from /home/airflow/.local/lib/python3.8/site-packages/airflow/example_dags/example_branch_python_dop_operator_3.py
[2025-11-12T23:35:59.414+0000] {processor.py:840} INFO - DAG(s) 'example_branch_dop_operator_v3' retrieved from /home/airflow/.local/lib/python3.8/site-packages/airflow/example_dags/example_branch_python_dop_operator_3.py
[2025-11-12T23:35:59.429+0000] {logging_mixin.py:188} INFO - [2025-11-12T23:35:59.428+0000] {dag.py:3036} INFO - Sync 1 DAGs
[2025-11-12T23:35:59.449+0000] {logging_mixin.py:188} INFO - [2025-11-12T23:35:59.449+0000] {dag.py:3823} INFO - Setting next_dagrun for example_branch_dop_operator_v3 to 2025-11-12 23:34:00+00:00, run_after=2025-11-12 23:35:00+00:00
[2025-11-12T23:35:59.463+0000] {processor.py:183} INFO - Processing /home/airflow/.local/lib/python3.8/site-packages/airflow/example_dags/example_branch_python_dop_operator_3.py took 0.061 seconds
[2025-11-12T23:36:29.662+0000] {processor.py:161} INFO - Started process (PID=519) to work on /home/airflow/.local/lib/python3.8/site-packages/airflow/example_dags/example_branch_python_dop_operator_3.py
[2025-11-12T23:36:29.663+0000] {processor.py:830} INFO - Processing file /home/airflow/.local/lib/python3.8/site-packages/airflow/example_dags/example_branch_python_dop_operator_3.py for tasks to queue
[2025-11-12T23:36:29.665+0000] {logging_mixin.py:188} INFO - [2025-11-12T23:36:29.664+0000] {dagbag.py:538} INFO - Filling up the DagBag from /home/airflow/.local/lib/python3.8/site-packages/airflow/example_dags/example_branch_python_dop_operator_3.py
[2025-11-12T23:36:29.672+0000] {processor.py:840} INFO - DAG(s) 'example_branch_dop_operator_v3' retrieved from /home/airflow/.local/lib/python3.8/site-packages/airflow/example_dags/example_branch_python_dop_operator_3.py
[2025-11-12T23:36:29.688+0000] {logging_mixin.py:188} INFO - [2025-11-12T23:36:29.688+0000] {dag.py:3036} INFO - Sync 1 DAGs
[2025-11-12T23:36:29.709+0000] {logging_mixin.py:188} INFO - [2025-11-12T23:36:29.709+0000] {dag.py:3823} INFO - Setting next_dagrun for example_branch_dop_operator_v3 to 2025-11-12 23:35:00+00:00, run_after=2025-11-12 23:36:00+00:00
[2025-11-12T23:36:29.723+0000] {processor.py:183} INFO - Processing /home/airflow/.local/lib/python3.8/site-packages/airflow/example_dags/example_branch_python_dop_operator_3.py took 0.063 seconds
[2025-11-12T23:37:00.019+0000] {processor.py:161} INFO - Started process (PID=576) to work on /home/airflow/.local/lib/python3.8/site-packages/airflow/example_dags/example_branch_python_dop_operator_3.py
[2025-11-12T23:37:00.020+0000] {processor.py:830} INFO - Processing file /home/airflow/.local/lib/python3.8/site-packages/airflow/example_dags/example_branch_python_dop_operator_3.py for tasks to queue
[2025-11-12T23:37:00.021+0000] {logging_mixin.py:188} INFO - [2025-11-12T23:37:00.021+0000] {dagbag.py:538} INFO - Filling up the DagBag from /home/airflow/.local/lib/python3.8/site-packages/airflow/example_dags/example_branch_python_dop_operator_3.py
[2025-11-12T23:37:00.028+0000] {processor.py:840} INFO - DAG(s) 'example_branch_dop_operator_v3' retrieved from /home/airflow/.local/lib/python3.8/site-packages/airflow/example_dags/example_branch_python_dop_operator_3.py
[2025-11-12T23:37:00.043+0000] {logging_mixin.py:188} INFO - [2025-11-12T23:37:00.043+0000] {dag.py:3036} INFO - Sync 1 DAGs
[2025-11-12T23:37:00.064+0000] {logging_mixin.py:188} INFO - [2025-11-12T23:37:00.064+0000] {dag.py:3823} INFO - Setting next_dagrun for example_branch_dop_operator_v3 to 2025-11-12 23:36:00+00:00, run_after=2025-11-12 23:37:00+00:00
[2025-11-12T23:37:00.078+0000] {processor.py:183} INFO - Processing /home/airflow/.local/lib/python3.8/site-packages/airflow/example_dags/example_branch_python_dop_operator_3.py took 0.062 seconds
[2025-11-12T23:37:30.274+0000] {processor.py:161} INFO - Started process (PID=633) to work on /home/airflow/.local/lib/python3.8/site-packages/airflow/example_dags/example_branch_python_dop_operator_3.py
[2025-11-12T23:37:30.275+0000] {processor.py:830} INFO - Processing file /home/airflow/.local/lib/python3.8/site-packages/airflow/example_dags/example_branch_python_dop_operator_3.py for tasks to queue
[2025-11-12T23:37:30.276+0000] {logging_mixin.py:188} INFO - [2025-11-12T23:37:30.276+0000] {dagbag.py:538} INFO - Filling up the DagBag from /home/airflow/.local/lib/python3.8/site-packages/airflow/example_dags/example_branch_python_dop_operator_3.py
[2025-11-12T23:37:30.283+0000] {processor.py:840} INFO - DAG(s) 'example_branch_dop_operator_v3' retrieved from /home/airflow/.local/lib/python3.8/site-packages/airflow/example_dags/example_branch_python_dop_operator_3.py
[2025-11-12T23:37:30.297+0000] {logging_mixin.py:188} INFO - [2025-11-12T23:37:30.297+0000] {dag.py:3036} INFO - Sync 1 DAGs
[2025-11-12T23:37:30.316+0000] {logging_mixin.py:188} INFO - [2025-11-12T23:37:30.316+0000] {dag.py:3823} INFO - Setting next_dagrun for example_branch_dop_operator_v3 to 2025-11-12 23:36:00+00:00, run_after=2025-11-12 23:37:00+00:00
[2025-11-12T23:37:30.328+0000] {processor.py:183} INFO - Processing /home/airflow/.local/lib/python3.8/site-packages/airflow/example_dags/example_branch_python_dop_operator_3.py took 0.057 seconds
[2025-11-12T23:38:00.502+0000] {processor.py:161} INFO - Started process (PID=690) to work on /home/airflow/.local/lib/python3.8/site-packages/airflow/example_dags/example_branch_python_dop_operator_3.py
[2025-11-12T23:38:00.503+0000] {processor.py:830} INFO - Processing file /home/airflow/.local/lib/python3.8/site-packages/airflow/example_dags/example_branch_python_dop_operator_3.py for tasks to queue
[2025-11-12T23:38:00.504+0000] {logging_mixin.py:188} INFO - [2025-11-12T23:38:00.504+0000] {dagbag.py:538} INFO - Filling up the DagBag from /home/airflow/.local/lib/python3.8/site-packages/airflow/example_dags/example_branch_python_dop_operator_3.py
[2025-11-12T23:38:00.511+0000] {processor.py:840} INFO - DAG(s) 'example_branch_dop_operator_v3' retrieved from /home/airflow/.local/lib/python3.8/site-packages/airflow/example_dags/example_branch_python_dop_operator_3.py
[2025-11-12T23:38:00.525+0000] {logging_mixin.py:188} INFO - [2025-11-12T23:38:00.525+0000] {dag.py:3036} INFO - Sync 1 DAGs
[2025-11-12T23:38:00.545+0000] {logging_mixin.py:188} INFO - [2025-11-12T23:38:00.545+0000] {dag.py:3823} INFO - Setting next_dagrun for example_branch_dop_operator_v3 to 2025-11-12 23:37:00+00:00, run_after=2025-11-12 23:38:00+00:00
[2025-11-12T23:38:00.558+0000] {processor.py:183} INFO - Processing /home/airflow/.local/lib/python3.8/site-packages/airflow/example_dags/example_branch_python_dop_operator_3.py took 0.058 seconds
[2025-11-12T23:38:30.858+0000] {processor.py:161} INFO - Started process (PID=747) to work on /home/airflow/.local/lib/python3.8/site-packages/airflow/example_dags/example_branch_python_dop_operator_3.py
[2025-11-12T23:38:30.858+0000] {processor.py:830} INFO - Processing file /home/airflow/.local/lib/python3.8/site-packages/airflow/example_dags/example_branch_python_dop_operator_3.py for tasks to queue
[2025-11-12T23:38:30.860+0000] {logging_mixin.py:188} INFO - [2025-11-12T23:38:30.860+0000] {dagbag.py:538} INFO - Filling up the DagBag from /home/airflow/.local/lib/python3.8/site-packages/airflow/example_dags/example_branch_python_dop_operator_3.py
[2025-11-12T23:38:30.867+0000] {processor.py:840} INFO - DAG(s) 'example_branch_dop_operator_v3' retrieved from /home/airflow/.local/lib/python3.8/site-packages/airflow/example_dags/example_branch_python_dop_operator_3.py
[2025-11-12T23:38:30.882+0000] {logging_mixin.py:188} INFO - [2025-11-12T23:38:30.881+0000] {dag.py:3036} INFO - Sync 1 DAGs
[2025-11-12T23:38:30.901+0000] {logging_mixin.py:188} INFO - [2025-11-12T23:38:30.901+0000] {dag.py:3823} INFO - Setting next_dagrun for example_branch_dop_operator_v3 to 2025-11-12 23:37:00+00:00, run_after=2025-11-12 23:38:00+00:00
[2025-11-12T23:38:30.915+0000] {processor.py:183} INFO - Processing /home/airflow/.local/lib/python3.8/site-packages/airflow/example_dags/example_branch_python_dop_operator_3.py took 0.060 seconds
[2025-11-12T23:39:01.213+0000] {processor.py:161} INFO - Started process (PID=804) to work on /home/airflow/.local/lib/python3.8/site-packages/airflow/example_dags/example_branch_python_dop_operator_3.py
[2025-11-12T23:39:01.213+0000] {processor.py:830} INFO - Processing file /home/airflow/.local/lib/python3.8/site-packages/airflow/example_dags/example_branch_python_dop_operator_3.py for tasks to queue
[2025-11-12T23:39:01.215+0000] {logging_mixin.py:188} INFO - [2025-11-12T23:39:01.214+0000] {dagbag.py:538} INFO - Filling up the DagBag from /home/airflow/.local/lib/python3.8/site-packages/airflow/example_dags/example_branch_python_dop_operator_3.py
[2025-11-12T23:39:01.222+0000] {processor.py:840} INFO - DAG(s) 'example_branch_dop_operator_v3' retrieved from /home/airflow/.local/lib/python3.8/site-packages/airflow/example_dags/example_branch_python_dop_operator_3.py
[2025-11-12T23:39:01.236+0000] {logging_mixin.py:188} INFO - [2025-11-12T23:39:01.236+0000] {dag.py:3036} INFO - Sync 1 DAGs
[2025-11-12T23:39:01.255+0000] {logging_mixin.py:188} INFO - [2025-11-12T23:39:01.255+0000] {dag.py:3823} INFO - Setting next_dagrun for example_branch_dop_operator_v3 to 2025-11-12 23:38:00+00:00, run_after=2025-11-12 23:39:00+00:00
[2025-11-12T23:39:01.268+0000] {processor.py:183} INFO - Processing /home/airflow/.local/lib/python3.8/site-packages/airflow/example_dags/example_branch_python_dop_operator_3.py took 0.058 seconds
[2025-11-12T23:39:31.590+0000] {processor.py:161} INFO - Started process (PID=861) to work on /home/airflow/.local/lib/python3.8/site-packages/airflow/example_dags/example_branch_python_dop_operator_3.py
[2025-11-12T23:39:31.591+0000] {processor.py:830} INFO - Processing file /home/airflow/.local/lib/python3.8/site-packages/airflow/example_dags/example_branch_python_dop_operator_3.py for tasks to queue
[2025-11-12T23:39:31.592+0000] {logging_mixin.py:188} INFO - [2025-11-12T23:39:31.592+0000] {dagbag.py:538} INFO - Filling up the DagBag from /home/airflow/.local/lib/python3.8/site-packages/airflow/example_dags/example_branch_python_dop_operator_3.py
[2025-11-12T23:39:31.599+0000] {processor.py:840} INFO - DAG(s) 'example_branch_dop_operator_v3' retrieved from /home/airflow/.local/lib/python3.8/site-packages/airflow/example_dags/example_branch_python_dop_operator_3.py
[2025-11-12T23:39:31.614+0000] {logging_mixin.py:188} INFO - [2025-11-12T23:39:31.613+0000] {dag.py:3036} INFO - Sync 1 DAGs
[2025-11-12T23:39:31.633+0000] {logging_mixin.py:188} INFO - [2025-11-12T23:39:31.633+0000] {dag.py:3823} INFO - Setting next_dagrun for example_branch_dop_operator_v3 to 2025-11-12 23:38:00+00:00, run_after=2025-11-12 23:39:00+00:00
[2025-11-12T23:39:31.645+0000] {processor.py:183} INFO - Processing /home/airflow/.local/lib/python3.8/site-packages/airflow/example_dags/example_branch_python_dop_operator_3.py took 0.058 seconds
[2025-11-12T23:40:01.893+0000] {processor.py:161} INFO - Started process (PID=918) to work on /home/airflow/.local/lib/python3.8/site-packages/airflow/example_dags/example_branch_python_dop_operator_3.py
[2025-11-12T23:40:01.893+0000] {processor.py:830} INFO - Processing file /home/airflow/.local/lib/python3.8/site-packages/airflow/example_dags/example_branch_python_dop_operator_3.py for tasks to queue
[2025-11-12T23:40:01.894+0000] {logging_mixin.py:188} INFO - [2025-11-12T23:40:01.894+0000] {dagbag.py:538} INFO - Filling up the DagBag from /home/airflow/.local/lib/python3.8/site-packages/airflow/example_dags/example_branch_python_dop_operator_3.py
[2025-11-12T23:40:01.901+0000] {processor.py:840} INFO - DAG(s) 'example_branch_dop_operator_v3' retrieved from /home/airflow/.local/lib/python3.8/site-packages/airflow/example_dags/example_branch_python_dop_operator_3.py
[2025-11-12T23:40:01.916+0000] {logging_mixin.py:188} INFO - [2025-11-12T23:40:01.916+0000] {dag.py:3036} INFO - Sync 1 DAGs
[2025-11-12T23:40:01.936+0000] {logging_mixin.py:188} INFO - [2025-11-12T23:40:01.935+0000] {dag.py:3823} INFO - Setting next_dagrun for example_branch_dop_operator_v3 to 2025-11-12 23:39:00+00:00, run_after=2025-11-12 23:40:00+00:00
[2025-11-12T23:40:01.950+0000] {processor.py:183} INFO - Processing /home/airflow/.local/lib/python3.8/site-packages/airflow/example_dags/example_branch_python_dop_operator_3.py took 0.060 seconds
[2025-11-12T23:40:32.002+0000] {processor.py:161} INFO - Started process (PID=975) to work on /home/airflow/.local/lib/python3.8/site-packages/airflow/example_dags/example_branch_python_dop_operator_3.py
[2025-11-12T23:40:32.003+0000] {processor.py:830} INFO - Processing file /home/airflow/.local/lib/python3.8/site-packages/airflow/example_dags/example_branch_python_dop_operator_3.py for tasks to queue
[2025-11-12T23:40:32.004+0000] {logging_mixin.py:188} INFO - [2025-11-12T23:40:32.004+0000] {dagbag.py:538} INFO - Filling up the DagBag from /home/airflow/.local/lib/python3.8/site-packages/airflow/example_dags/example_branch_python_dop_operator_3.py
[2025-11-12T23:40:32.012+0000] {processor.py:840} INFO - DAG(s) 'example_branch_dop_operator_v3' retrieved from /home/airflow/.local/lib/python3.8/site-packages/airflow/example_dags/example_branch_python_dop_operator_3.py
[2025-11-12T23:40:32.028+0000] {logging_mixin.py:188} INFO - [2025-11-12T23:40:32.028+0000] {dag.py:3036} INFO - Sync 1 DAGs
[2025-11-12T23:40:32.048+0000] {logging_mixin.py:188} INFO - [2025-11-12T23:40:32.048+0000] {dag.py:3823} INFO - Setting next_dagrun for example_branch_dop_operator_v3 to 2025-11-12 23:39:00+00:00, run_after=2025-11-12 23:40:00+00:00
[2025-11-12T23:40:32.061+0000] {processor.py:183} INFO - Processing /home/airflow/.local/lib/python3.8/site-packages/airflow/example_dags/example_branch_python_dop_operator_3.py took 0.062 seconds
[2025-11-12T23:41:02.245+0000] {processor.py:161} INFO - Started process (PID=1032) to work on /home/airflow/.local/lib/python3.8/site-packages/airflow/example_dags/example_branch_python_dop_operator_3.py
[2025-11-12T23:41:02.245+0000] {processor.py:830} INFO - Processing file /home/airflow/.local/lib/python3.8/site-packages/airflow/example_dags/example_branch_python_dop_operator_3.py for tasks to queue
[2025-11-12T23:41:02.247+0000] {logging_mixin.py:188} INFO - [2025-11-12T23:41:02.247+0000] {dagbag.py:538} INFO - Filling up the DagBag from /home/airflow/.local/lib/python3.8/site-packages/airflow/example_dags/example_branch_python_dop_operator_3.py
[2025-11-12T23:41:02.254+0000] {processor.py:840} INFO - DAG(s) 'example_branch_dop_operator_v3' retrieved from /home/airflow/.local/lib/python3.8/site-packages/airflow/example_dags/example_branch_python_dop_operator_3.py
[2025-11-12T23:41:02.269+0000] {logging_mixin.py:188} INFO - [2025-11-12T23:41:02.269+0000] {dag.py:3036} INFO - Sync 1 DAGs
[2025-11-12T23:41:02.289+0000] {logging_mixin.py:188} INFO - [2025-11-12T23:41:02.289+0000] {dag.py:3823} INFO - Setting next_dagrun for example_branch_dop_operator_v3 to 2025-11-12 23:40:00+00:00, run_after=2025-11-12 23:41:00+00:00
[2025-11-12T23:41:02.302+0000] {processor.py:183} INFO - Processing /home/airflow/.local/lib/python3.8/site-packages/airflow/example_dags/example_branch_python_dop_operator_3.py took 0.060 seconds
[2025-11-12T23:41:32.476+0000] {processor.py:161} INFO - Started process (PID=1089) to work on /home/airflow/.local/lib/python3.8/site-packages/airflow/example_dags/example_branch_python_dop_operator_3.py
[2025-11-12T23:41:32.477+0000] {processor.py:830} INFO - Processing file /home/airflow/.local/lib/python3.8/site-packages/airflow/example_dags/example_branch_python_dop_operator_3.py for tasks to queue
[2025-11-12T23:41:32.479+0000] {logging_mixin.py:188} INFO - [2025-11-12T23:41:32.478+0000] {dagbag.py:538} INFO - Filling up the DagBag from /home/airflow/.local/lib/python3.8/site-packages/airflow/example_dags/example_branch_python_dop_operator_3.py
[2025-11-12T23:41:32.486+0000] {processor.py:840} INFO - DAG(s) 'example_branch_dop_operator_v3' retrieved from /home/airflow/.local/lib/python3.8/site-packages/airflow/example_dags/example_branch_python_dop_operator_3.py
[2025-11-12T23:41:32.502+0000] {logging_mixin.py:188} INFO - [2025-11-12T23:41:32.501+0000] {dag.py:3036} INFO - Sync 1 DAGs
[2025-11-12T23:41:32.524+0000] {logging_mixin.py:188} INFO - [2025-11-12T23:41:32.524+0000] {dag.py:3823} INFO - Setting next_dagrun for example_branch_dop_operator_v3 to 2025-11-12 23:40:00+00:00, run_after=2025-11-12 23:41:00+00:00
[2025-11-12T23:41:32.539+0000] {processor.py:183} INFO - Processing /home/airflow/.local/lib/python3.8/site-packages/airflow/example_dags/example_branch_python_dop_operator_3.py took 0.065 seconds
[2025-11-12T23:42:02.607+0000] {processor.py:161} INFO - Started process (PID=1146) to work on /home/airflow/.local/lib/python3.8/site-packages/airflow/example_dags/example_branch_python_dop_operator_3.py
[2025-11-12T23:42:02.608+0000] {processor.py:830} INFO - Processing file /home/airflow/.local/lib/python3.8/site-packages/airflow/example_dags/example_branch_python_dop_operator_3.py for tasks to queue
[2025-11-12T23:42:02.610+0000] {logging_mixin.py:188} INFO - [2025-11-12T23:42:02.609+0000] {dagbag.py:538} INFO - Filling up the DagBag from /home/airflow/.local/lib/python3.8/site-packages/airflow/example_dags/example_branch_python_dop_operator_3.py
[2025-11-12T23:42:02.617+0000] {processor.py:840} INFO - DAG(s) 'example_branch_dop_operator_v3' retrieved from /home/airflow/.local/lib/python3.8/site-packages/airflow/example_dags/example_branch_python_dop_operator_3.py
[2025-11-12T23:42:02.632+0000] {logging_mixin.py:188} INFO - [2025-11-12T23:42:02.632+0000] {dag.py:3036} INFO - Sync 1 DAGs
[2025-11-12T23:42:02.655+0000] {logging_mixin.py:188} INFO - [2025-11-12T23:42:02.654+0000] {dag.py:3823} INFO - Setting next_dagrun for example_branch_dop_operator_v3 to 2025-11-12 23:41:00+00:00, run_after=2025-11-12 23:42:00+00:00
[2025-11-12T23:42:02.669+0000] {processor.py:183} INFO - Processing /home/airflow/.local/lib/python3.8/site-packages/airflow/example_dags/example_branch_python_dop_operator_3.py took 0.064 seconds
[2025-11-12T23:42:32.938+0000] {processor.py:161} INFO - Started process (PID=1203) to work on /home/airflow/.local/lib/python3.8/site-packages/airflow/example_dags/example_branch_python_dop_operator_3.py
[2025-11-12T23:42:32.939+0000] {processor.py:830} INFO - Processing file /home/airflow/.local/lib/python3.8/site-packages/airflow/example_dags/example_branch_python_dop_operator_3.py for tasks to queue
[2025-11-12T23:42:32.940+0000] {logging_mixin.py:188} INFO - [2025-11-12T23:42:32.940+0000] {dagbag.py:538} INFO - Filling up the DagBag from /home/airflow/.local/lib/python3.8/site-packages/airflow/example_dags/example_branch_python_dop_operator_3.py
[2025-11-12T23:42:32.947+0000] {processor.py:840} INFO - DAG(s) 'example_branch_dop_operator_v3' retrieved from /home/airflow/.local/lib/python3.8/site-packages/airflow/example_dags/example_branch_python_dop_operator_3.py
[2025-11-12T23:42:32.962+0000] {logging_mixin.py:188} INFO - [2025-11-12T23:42:32.962+0000] {dag.py:3036} INFO - Sync 1 DAGs
[2025-11-12T23:42:32.982+0000] {logging_mixin.py:188} INFO - [2025-11-12T23:42:32.982+0000] {dag.py:3823} INFO - Setting next_dagrun for example_branch_dop_operator_v3 to 2025-11-12 23:41:00+00:00, run_after=2025-11-12 23:42:00+00:00
[2025-11-12T23:42:32.995+0000] {processor.py:183} INFO - Processing /home/airflow/.local/lib/python3.8/site-packages/airflow/example_dags/example_branch_python_dop_operator_3.py took 0.061 seconds
[2025-11-12T23:43:03.307+0000] {processor.py:161} INFO - Started process (PID=1260) to work on /home/airflow/.local/lib/python3.8/site-packages/airflow/example_dags/example_branch_python_dop_operator_3.py
[2025-11-12T23:43:03.308+0000] {processor.py:830} INFO - Processing file /home/airflow/.local/lib/python3.8/site-packages/airflow/example_dags/example_branch_python_dop_operator_3.py for tasks to queue
[2025-11-12T23:43:03.309+0000] {logging_mixin.py:188} INFO - [2025-11-12T23:43:03.309+0000] {dagbag.py:538} INFO - Filling up the DagBag from /home/airflow/.local/lib/python3.8/site-packages/airflow/example_dags/example_branch_python_dop_operator_3.py
[2025-11-12T23:43:03.316+0000] {processor.py:840} INFO - DAG(s) 'example_branch_dop_operator_v3' retrieved from /home/airflow/.local/lib/python3.8/site-packages/airflow/example_dags/example_branch_python_dop_operator_3.py
[2025-11-12T23:43:03.331+0000] {logging_mixin.py:188} INFO - [2025-11-12T23:43:03.331+0000] {dag.py:3036} INFO - Sync 1 DAGs
[2025-11-12T23:43:03.352+0000] {logging_mixin.py:188} INFO - [2025-11-12T23:43:03.352+0000] {dag.py:3823} INFO - Setting next_dagrun for example_branch_dop_operator_v3 to 2025-11-12 23:42:00+00:00, run_after=2025-11-12 23:43:00+00:00
[2025-11-12T23:43:03.366+0000] {processor.py:183} INFO - Processing /home/airflow/.local/lib/python3.8/site-packages/airflow/example_dags/example_branch_python_dop_operator_3.py took 0.062 seconds
[2025-11-12T23:43:33.481+0000] {processor.py:161} INFO - Started process (PID=1317) to work on /home/airflow/.local/lib/python3.8/site-packages/airflow/example_dags/example_branch_python_dop_operator_3.py
[2025-11-12T23:43:33.482+0000] {processor.py:830} INFO - Processing file /home/airflow/.local/lib/python3.8/site-packages/airflow/example_dags/example_branch_python_dop_operator_3.py for tasks to queue
[2025-11-12T23:43:33.483+0000] {logging_mixin.py:188} INFO - [2025-11-12T23:43:33.483+0000] {dagbag.py:538} INFO - Filling up the DagBag from /home/airflow/.local/lib/python3.8/site-packages/airflow/example_dags/example_branch_python_dop_operator_3.py
[2025-11-12T23:43:33.491+0000] {processor.py:840} INFO - DAG(s) 'example_branch_dop_operator_v3' retrieved from /home/airflow/.local/lib/python3.8/site-packages/airflow/example_dags/example_branch_python_dop_operator_3.py
[2025-11-12T23:43:33.505+0000] {logging_mixin.py:188} INFO - [2025-11-12T23:43:33.505+0000] {dag.py:3036} INFO - Sync 1 DAGs
[2025-11-12T23:43:33.526+0000] {logging_mixin.py:188} INFO - [2025-11-12T23:43:33.526+0000] {dag.py:3823} INFO - Setting next_dagrun for example_branch_dop_operator_v3 to 2025-11-12 23:42:00+00:00, run_after=2025-11-12 23:43:00+00:00
[2025-11-12T23:43:33.540+0000] {processor.py:183} INFO - Processing /home/airflow/.local/lib/python3.8/site-packages/airflow/example_dags/example_branch_python_dop_operator_3.py took 0.062 seconds
[2025-11-12T23:44:03.890+0000] {processor.py:161} INFO - Started process (PID=1374) to work on /home/airflow/.local/lib/python3.8/site-packages/airflow/example_dags/example_branch_python_dop_operator_3.py
[2025-11-12T23:44:03.891+0000] {processor.py:830} INFO - Processing file /home/airflow/.local/lib/python3.8/site-packages/airflow/example_dags/example_branch_python_dop_operator_3.py for tasks to queue
[2025-11-12T23:44:03.893+0000] {logging_mixin.py:188} INFO - [2025-11-12T23:44:03.892+0000] {dagbag.py:538} INFO - Filling up the DagBag from /home/airflow/.local/lib/python3.8/site-packages/airflow/example_dags/example_branch_python_dop_operator_3.py
[2025-11-12T23:44:03.900+0000] {processor.py:840} INFO - DAG(s) 'example_branch_dop_operator_v3' retrieved from /home/airflow/.local/lib/python3.8/site-packages/airflow/example_dags/example_branch_python_dop_operator_3.py
[2025-11-12T23:44:03.914+0000] {logging_mixin.py:188} INFO - [2025-11-12T23:44:03.914+0000] {dag.py:3036} INFO - Sync 1 DAGs
[2025-11-12T23:44:03.935+0000] {logging_mixin.py:188} INFO - [2025-11-12T23:44:03.934+0000] {dag.py:3823} INFO - Setting next_dagrun for example_branch_dop_operator_v3 to 2025-11-12 23:43:00+00:00, run_after=2025-11-12 23:44:00+00:00
[2025-11-12T23:44:03.947+0000] {processor.py:183} INFO - Processing /home/airflow/.local/lib/python3.8/site-packages/airflow/example_dags/example_branch_python_dop_operator_3.py took 0.059 seconds
[2025-11-12T23:44:34.046+0000] {processor.py:161} INFO - Started process (PID=1431) to work on /home/airflow/.local/lib/python3.8/site-packages/airflow/example_dags/example_branch_python_dop_operator_3.py
[2025-11-12T23:44:34.047+0000] {processor.py:830} INFO - Processing file /home/airflow/.local/lib/python3.8/site-packages/airflow/example_dags/example_branch_python_dop_operator_3.py for tasks to queue
[2025-11-12T23:44:34.048+0000] {logging_mixin.py:188} INFO - [2025-11-12T23:44:34.048+0000] {dagbag.py:538} INFO - Filling up the DagBag from /home/airflow/.local/lib/python3.8/site-packages/airflow/example_dags/example_branch_python_dop_operator_3.py
[2025-11-12T23:44:34.056+0000] {processor.py:840} INFO - DAG(s) 'example_branch_dop_operator_v3' retrieved from /home/airflow/.local/lib/python3.8/site-packages/airflow/example_dags/example_branch_python_dop_operator_3.py
[2025-11-12T23:44:34.072+0000] {logging_mixin.py:188} INFO - [2025-11-12T23:44:34.071+0000] {dag.py:3036} INFO - Sync 1 DAGs
[2025-11-12T23:44:34.092+0000] {logging_mixin.py:188} INFO - [2025-11-12T23:44:34.092+0000] {dag.py:3823} INFO - Setting next_dagrun for example_branch_dop_operator_v3 to 2025-11-12 23:43:00+00:00, run_after=2025-11-12 23:44:00+00:00
[2025-11-12T23:44:34.106+0000] {processor.py:183} INFO - Processing /home/airflow/.local/lib/python3.8/site-packages/airflow/example_dags/example_branch_python_dop_operator_3.py took 0.062 seconds
[2025-11-12T23:45:04.354+0000] {processor.py:161} INFO - Started process (PID=1488) to work on /home/airflow/.local/lib/python3.8/site-packages/airflow/example_dags/example_branch_python_dop_operator_3.py
[2025-11-12T23:45:04.355+0000] {processor.py:830} INFO - Processing file /home/airflow/.local/lib/python3.8/site-packages/airflow/example_dags/example_branch_python_dop_operator_3.py for tasks to queue
[2025-11-12T23:45:04.356+0000] {logging_mixin.py:188} INFO - [2025-11-12T23:45:04.356+0000] {dagbag.py:538} INFO - Filling up the DagBag from /home/airflow/.local/lib/python3.8/site-packages/airflow/example_dags/example_branch_python_dop_operator_3.py
[2025-11-12T23:45:04.365+0000] {processor.py:840} INFO - DAG(s) 'example_branch_dop_operator_v3' retrieved from /home/airflow/.local/lib/python3.8/site-packages/airflow/example_dags/example_branch_python_dop_operator_3.py
[2025-11-12T23:45:04.380+0000] {logging_mixin.py:188} INFO - [2025-11-12T23:45:04.379+0000] {dag.py:3036} INFO - Sync 1 DAGs
[2025-11-12T23:45:04.400+0000] {logging_mixin.py:188} INFO - [2025-11-12T23:45:04.400+0000] {dag.py:3823} INFO - Setting next_dagrun for example_branch_dop_operator_v3 to 2025-11-12 23:44:00+00:00, run_after=2025-11-12 23:45:00+00:00
[2025-11-12T23:45:04.413+0000] {processor.py:183} INFO - Processing /home/airflow/.local/lib/python3.8/site-packages/airflow/example_dags/example_branch_python_dop_operator_3.py took 0.062 seconds
[2025-11-12T23:45:34.453+0000] {processor.py:161} INFO - Started process (PID=1545) to work on /home/airflow/.local/lib/python3.8/site-packages/airflow/example_dags/example_branch_python_dop_operator_3.py
[2025-11-12T23:45:34.454+0000] {processor.py:830} INFO - Processing file /home/airflow/.local/lib/python3.8/site-packages/airflow/example_dags/example_branch_python_dop_operator_3.py for tasks to queue
[2025-11-12T23:45:34.455+0000] {logging_mixin.py:188} INFO - [2025-11-12T23:45:34.455+0000] {dagbag.py:538} INFO - Filling up the DagBag from /home/airflow/.local/lib/python3.8/site-packages/airflow/example_dags/example_branch_python_dop_operator_3.py
[2025-11-12T23:45:34.462+0000] {processor.py:840} INFO - DAG(s) 'example_branch_dop_operator_v3' retrieved from /home/airflow/.local/lib/python3.8/site-packages/airflow/example_dags/example_branch_python_dop_operator_3.py
[2025-11-12T23:45:34.478+0000] {logging_mixin.py:188} INFO - [2025-11-12T23:45:34.478+0000] {dag.py:3036} INFO - Sync 1 DAGs
[2025-11-12T23:45:34.499+0000] {logging_mixin.py:188} INFO - [2025-11-12T23:45:34.499+0000] {dag.py:3823} INFO - Setting next_dagrun for example_branch_dop_operator_v3 to 2025-11-12 23:44:00+00:00, run_after=2025-11-12 23:45:00+00:00
[2025-11-12T23:45:34.513+0000] {processor.py:183} INFO - Processing /home/airflow/.local/lib/python3.8/site-packages/airflow/example_dags/example_branch_python_dop_operator_3.py took 0.063 seconds
