[2025-11-12T23:32:29.059+0000] {processor.py:161} INFO - Started process (PID=81) to work on /home/airflow/.local/lib/python3.8/site-packages/airflow/example_dags/example_short_circuit_operator.py
[2025-11-12T23:32:29.060+0000] {processor.py:830} INFO - Processing file /home/airflow/.local/lib/python3.8/site-packages/airflow/example_dags/example_short_circuit_operator.py for tasks to queue
[2025-11-12T23:32:29.061+0000] {logging_mixin.py:188} INFO - [2025-11-12T23:32:29.061+0000] {dagbag.py:538} INFO - Filling up the DagBag from /home/airflow/.local/lib/python3.8/site-packages/airflow/example_dags/example_short_circuit_operator.py
[2025-11-12T23:32:29.069+0000] {processor.py:840} INFO - DAG(s) 'example_short_circuit_operator' retrieved from /home/airflow/.local/lib/python3.8/site-packages/airflow/example_dags/example_short_circuit_operator.py
[2025-11-12T23:32:29.153+0000] {logging_mixin.py:188} INFO - [2025-11-12T23:32:29.152+0000] {override.py:1769} INFO - Created Permission View: can delete on DAG:example_short_circuit_operator
[2025-11-12T23:32:29.160+0000] {logging_mixin.py:188} INFO - [2025-11-12T23:32:29.160+0000] {override.py:1769} INFO - Created Permission View: can edit on DAG:example_short_circuit_operator
[2025-11-12T23:32:29.165+0000] {logging_mixin.py:188} INFO - [2025-11-12T23:32:29.165+0000] {override.py:1769} INFO - Created Permission View: can read on DAG:example_short_circuit_operator
[2025-11-12T23:32:29.166+0000] {logging_mixin.py:188} INFO - [2025-11-12T23:32:29.166+0000] {dag.py:3036} INFO - Sync 1 DAGs
[2025-11-12T23:32:29.174+0000] {logging_mixin.py:188} INFO - [2025-11-12T23:32:29.174+0000] {dag.py:3058} INFO - Creating ORM DAG for example_short_circuit_operator
[2025-11-12T23:32:29.181+0000] {logging_mixin.py:188} INFO - [2025-11-12T23:32:29.181+0000] {dag.py:3823} INFO - Setting next_dagrun for example_short_circuit_operator to 2025-11-11 00:00:00+00:00, run_after=2025-11-12 00:00:00+00:00
[2025-11-12T23:32:29.203+0000] {processor.py:183} INFO - Processing /home/airflow/.local/lib/python3.8/site-packages/airflow/example_dags/example_short_circuit_operator.py took 0.147 seconds
[2025-11-12T23:33:00.142+0000] {processor.py:161} INFO - Started process (PID=144) to work on /home/airflow/.local/lib/python3.8/site-packages/airflow/example_dags/example_short_circuit_operator.py
[2025-11-12T23:33:00.143+0000] {processor.py:830} INFO - Processing file /home/airflow/.local/lib/python3.8/site-packages/airflow/example_dags/example_short_circuit_operator.py for tasks to queue
[2025-11-12T23:33:00.145+0000] {logging_mixin.py:188} INFO - [2025-11-12T23:33:00.144+0000] {dagbag.py:538} INFO - Filling up the DagBag from /home/airflow/.local/lib/python3.8/site-packages/airflow/example_dags/example_short_circuit_operator.py
[2025-11-12T23:33:00.152+0000] {processor.py:840} INFO - DAG(s) 'example_short_circuit_operator' retrieved from /home/airflow/.local/lib/python3.8/site-packages/airflow/example_dags/example_short_circuit_operator.py
[2025-11-12T23:33:00.174+0000] {logging_mixin.py:188} INFO - [2025-11-12T23:33:00.173+0000] {dag.py:3036} INFO - Sync 1 DAGs
[2025-11-12T23:33:00.194+0000] {logging_mixin.py:188} INFO - [2025-11-12T23:33:00.194+0000] {dag.py:3823} INFO - Setting next_dagrun for example_short_circuit_operator to 2025-11-11 00:00:00+00:00, run_after=2025-11-12 00:00:00+00:00
[2025-11-12T23:33:00.211+0000] {processor.py:183} INFO - Processing /home/airflow/.local/lib/python3.8/site-packages/airflow/example_dags/example_short_circuit_operator.py took 0.072 seconds
[2025-11-12T23:33:30.323+0000] {processor.py:161} INFO - Started process (PID=201) to work on /home/airflow/.local/lib/python3.8/site-packages/airflow/example_dags/example_short_circuit_operator.py
[2025-11-12T23:33:30.323+0000] {processor.py:830} INFO - Processing file /home/airflow/.local/lib/python3.8/site-packages/airflow/example_dags/example_short_circuit_operator.py for tasks to queue
[2025-11-12T23:33:30.325+0000] {logging_mixin.py:188} INFO - [2025-11-12T23:33:30.325+0000] {dagbag.py:538} INFO - Filling up the DagBag from /home/airflow/.local/lib/python3.8/site-packages/airflow/example_dags/example_short_circuit_operator.py
[2025-11-12T23:33:30.331+0000] {processor.py:840} INFO - DAG(s) 'example_short_circuit_operator' retrieved from /home/airflow/.local/lib/python3.8/site-packages/airflow/example_dags/example_short_circuit_operator.py
[2025-11-12T23:33:30.349+0000] {logging_mixin.py:188} INFO - [2025-11-12T23:33:30.349+0000] {dag.py:3036} INFO - Sync 1 DAGs
[2025-11-12T23:33:30.367+0000] {logging_mixin.py:188} INFO - [2025-11-12T23:33:30.367+0000] {dag.py:3823} INFO - Setting next_dagrun for example_short_circuit_operator to 2025-11-11 00:00:00+00:00, run_after=2025-11-12 00:00:00+00:00
[2025-11-12T23:33:30.380+0000] {processor.py:183} INFO - Processing /home/airflow/.local/lib/python3.8/site-packages/airflow/example_dags/example_short_circuit_operator.py took 0.060 seconds
[2025-11-12T23:34:00.627+0000] {processor.py:161} INFO - Started process (PID=258) to work on /home/airflow/.local/lib/python3.8/site-packages/airflow/example_dags/example_short_circuit_operator.py
[2025-11-12T23:34:00.628+0000] {processor.py:830} INFO - Processing file /home/airflow/.local/lib/python3.8/site-packages/airflow/example_dags/example_short_circuit_operator.py for tasks to queue
[2025-11-12T23:34:00.629+0000] {logging_mixin.py:188} INFO - [2025-11-12T23:34:00.629+0000] {dagbag.py:538} INFO - Filling up the DagBag from /home/airflow/.local/lib/python3.8/site-packages/airflow/example_dags/example_short_circuit_operator.py
[2025-11-12T23:34:00.635+0000] {processor.py:840} INFO - DAG(s) 'example_short_circuit_operator' retrieved from /home/airflow/.local/lib/python3.8/site-packages/airflow/example_dags/example_short_circuit_operator.py
[2025-11-12T23:34:00.654+0000] {logging_mixin.py:188} INFO - [2025-11-12T23:34:00.653+0000] {dag.py:3036} INFO - Sync 1 DAGs
[2025-11-12T23:34:00.669+0000] {logging_mixin.py:188} INFO - [2025-11-12T23:34:00.669+0000] {dag.py:3823} INFO - Setting next_dagrun for example_short_circuit_operator to 2025-11-11 00:00:00+00:00, run_after=2025-11-12 00:00:00+00:00
[2025-11-12T23:34:00.682+0000] {processor.py:183} INFO - Processing /home/airflow/.local/lib/python3.8/site-packages/airflow/example_dags/example_short_circuit_operator.py took 0.057 seconds
[2025-11-12T23:34:30.789+0000] {processor.py:161} INFO - Started process (PID=315) to work on /home/airflow/.local/lib/python3.8/site-packages/airflow/example_dags/example_short_circuit_operator.py
[2025-11-12T23:34:30.790+0000] {processor.py:830} INFO - Processing file /home/airflow/.local/lib/python3.8/site-packages/airflow/example_dags/example_short_circuit_operator.py for tasks to queue
[2025-11-12T23:34:30.791+0000] {logging_mixin.py:188} INFO - [2025-11-12T23:34:30.791+0000] {dagbag.py:538} INFO - Filling up the DagBag from /home/airflow/.local/lib/python3.8/site-packages/airflow/example_dags/example_short_circuit_operator.py
[2025-11-12T23:34:30.797+0000] {processor.py:840} INFO - DAG(s) 'example_short_circuit_operator' retrieved from /home/airflow/.local/lib/python3.8/site-packages/airflow/example_dags/example_short_circuit_operator.py
[2025-11-12T23:34:30.815+0000] {logging_mixin.py:188} INFO - [2025-11-12T23:34:30.815+0000] {dag.py:3036} INFO - Sync 1 DAGs
[2025-11-12T23:34:30.834+0000] {logging_mixin.py:188} INFO - [2025-11-12T23:34:30.834+0000] {dag.py:3823} INFO - Setting next_dagrun for example_short_circuit_operator to 2025-11-11 00:00:00+00:00, run_after=2025-11-12 00:00:00+00:00
[2025-11-12T23:34:30.848+0000] {processor.py:183} INFO - Processing /home/airflow/.local/lib/python3.8/site-packages/airflow/example_dags/example_short_circuit_operator.py took 0.062 seconds
[2025-11-12T23:35:01.807+0000] {processor.py:161} INFO - Started process (PID=372) to work on /home/airflow/.local/lib/python3.8/site-packages/airflow/example_dags/example_short_circuit_operator.py
[2025-11-12T23:35:01.808+0000] {processor.py:830} INFO - Processing file /home/airflow/.local/lib/python3.8/site-packages/airflow/example_dags/example_short_circuit_operator.py for tasks to queue
[2025-11-12T23:35:01.809+0000] {logging_mixin.py:188} INFO - [2025-11-12T23:35:01.809+0000] {dagbag.py:538} INFO - Filling up the DagBag from /home/airflow/.local/lib/python3.8/site-packages/airflow/example_dags/example_short_circuit_operator.py
[2025-11-12T23:35:01.815+0000] {processor.py:840} INFO - DAG(s) 'example_short_circuit_operator' retrieved from /home/airflow/.local/lib/python3.8/site-packages/airflow/example_dags/example_short_circuit_operator.py
[2025-11-12T23:35:01.833+0000] {logging_mixin.py:188} INFO - [2025-11-12T23:35:01.833+0000] {dag.py:3036} INFO - Sync 1 DAGs
[2025-11-12T23:35:01.849+0000] {logging_mixin.py:188} INFO - [2025-11-12T23:35:01.849+0000] {dag.py:3823} INFO - Setting next_dagrun for example_short_circuit_operator to 2025-11-11 00:00:00+00:00, run_after=2025-11-12 00:00:00+00:00
[2025-11-12T23:35:01.860+0000] {processor.py:183} INFO - Processing /home/airflow/.local/lib/python3.8/site-packages/airflow/example_dags/example_short_circuit_operator.py took 0.055 seconds
[2025-11-12T23:35:32.133+0000] {processor.py:161} INFO - Started process (PID=429) to work on /home/airflow/.local/lib/python3.8/site-packages/airflow/example_dags/example_short_circuit_operator.py
[2025-11-12T23:35:32.133+0000] {processor.py:830} INFO - Processing file /home/airflow/.local/lib/python3.8/site-packages/airflow/example_dags/example_short_circuit_operator.py for tasks to queue
[2025-11-12T23:35:32.135+0000] {logging_mixin.py:188} INFO - [2025-11-12T23:35:32.134+0000] {dagbag.py:538} INFO - Filling up the DagBag from /home/airflow/.local/lib/python3.8/site-packages/airflow/example_dags/example_short_circuit_operator.py
[2025-11-12T23:35:32.141+0000] {processor.py:840} INFO - DAG(s) 'example_short_circuit_operator' retrieved from /home/airflow/.local/lib/python3.8/site-packages/airflow/example_dags/example_short_circuit_operator.py
[2025-11-12T23:35:32.159+0000] {logging_mixin.py:188} INFO - [2025-11-12T23:35:32.159+0000] {dag.py:3036} INFO - Sync 1 DAGs
[2025-11-12T23:35:32.179+0000] {logging_mixin.py:188} INFO - [2025-11-12T23:35:32.179+0000] {dag.py:3823} INFO - Setting next_dagrun for example_short_circuit_operator to 2025-11-11 00:00:00+00:00, run_after=2025-11-12 00:00:00+00:00
[2025-11-12T23:35:32.194+0000] {processor.py:183} INFO - Processing /home/airflow/.local/lib/python3.8/site-packages/airflow/example_dags/example_short_circuit_operator.py took 0.063 seconds
[2025-11-12T23:36:02.433+0000] {processor.py:161} INFO - Started process (PID=486) to work on /home/airflow/.local/lib/python3.8/site-packages/airflow/example_dags/example_short_circuit_operator.py
[2025-11-12T23:36:02.434+0000] {processor.py:830} INFO - Processing file /home/airflow/.local/lib/python3.8/site-packages/airflow/example_dags/example_short_circuit_operator.py for tasks to queue
[2025-11-12T23:36:02.435+0000] {logging_mixin.py:188} INFO - [2025-11-12T23:36:02.435+0000] {dagbag.py:538} INFO - Filling up the DagBag from /home/airflow/.local/lib/python3.8/site-packages/airflow/example_dags/example_short_circuit_operator.py
[2025-11-12T23:36:02.441+0000] {processor.py:840} INFO - DAG(s) 'example_short_circuit_operator' retrieved from /home/airflow/.local/lib/python3.8/site-packages/airflow/example_dags/example_short_circuit_operator.py
[2025-11-12T23:36:02.458+0000] {logging_mixin.py:188} INFO - [2025-11-12T23:36:02.458+0000] {dag.py:3036} INFO - Sync 1 DAGs
[2025-11-12T23:36:02.474+0000] {logging_mixin.py:188} INFO - [2025-11-12T23:36:02.474+0000] {dag.py:3823} INFO - Setting next_dagrun for example_short_circuit_operator to 2025-11-11 00:00:00+00:00, run_after=2025-11-12 00:00:00+00:00
[2025-11-12T23:36:02.486+0000] {processor.py:183} INFO - Processing /home/airflow/.local/lib/python3.8/site-packages/airflow/example_dags/example_short_circuit_operator.py took 0.056 seconds
[2025-11-12T23:36:32.837+0000] {processor.py:161} INFO - Started process (PID=543) to work on /home/airflow/.local/lib/python3.8/site-packages/airflow/example_dags/example_short_circuit_operator.py
[2025-11-12T23:36:32.838+0000] {processor.py:830} INFO - Processing file /home/airflow/.local/lib/python3.8/site-packages/airflow/example_dags/example_short_circuit_operator.py for tasks to queue
[2025-11-12T23:36:32.839+0000] {logging_mixin.py:188} INFO - [2025-11-12T23:36:32.839+0000] {dagbag.py:538} INFO - Filling up the DagBag from /home/airflow/.local/lib/python3.8/site-packages/airflow/example_dags/example_short_circuit_operator.py
[2025-11-12T23:36:32.845+0000] {processor.py:840} INFO - DAG(s) 'example_short_circuit_operator' retrieved from /home/airflow/.local/lib/python3.8/site-packages/airflow/example_dags/example_short_circuit_operator.py
[2025-11-12T23:36:32.862+0000] {logging_mixin.py:188} INFO - [2025-11-12T23:36:32.862+0000] {dag.py:3036} INFO - Sync 1 DAGs
[2025-11-12T23:36:32.878+0000] {logging_mixin.py:188} INFO - [2025-11-12T23:36:32.878+0000] {dag.py:3823} INFO - Setting next_dagrun for example_short_circuit_operator to 2025-11-11 00:00:00+00:00, run_after=2025-11-12 00:00:00+00:00
[2025-11-12T23:36:32.891+0000] {processor.py:183} INFO - Processing /home/airflow/.local/lib/python3.8/site-packages/airflow/example_dags/example_short_circuit_operator.py took 0.056 seconds
[2025-11-12T23:37:03.295+0000] {processor.py:161} INFO - Started process (PID=600) to work on /home/airflow/.local/lib/python3.8/site-packages/airflow/example_dags/example_short_circuit_operator.py
[2025-11-12T23:37:03.295+0000] {processor.py:830} INFO - Processing file /home/airflow/.local/lib/python3.8/site-packages/airflow/example_dags/example_short_circuit_operator.py for tasks to queue
[2025-11-12T23:37:03.297+0000] {logging_mixin.py:188} INFO - [2025-11-12T23:37:03.296+0000] {dagbag.py:538} INFO - Filling up the DagBag from /home/airflow/.local/lib/python3.8/site-packages/airflow/example_dags/example_short_circuit_operator.py
[2025-11-12T23:37:03.302+0000] {processor.py:840} INFO - DAG(s) 'example_short_circuit_operator' retrieved from /home/airflow/.local/lib/python3.8/site-packages/airflow/example_dags/example_short_circuit_operator.py
[2025-11-12T23:37:03.320+0000] {logging_mixin.py:188} INFO - [2025-11-12T23:37:03.320+0000] {dag.py:3036} INFO - Sync 1 DAGs
[2025-11-12T23:37:03.337+0000] {logging_mixin.py:188} INFO - [2025-11-12T23:37:03.337+0000] {dag.py:3823} INFO - Setting next_dagrun for example_short_circuit_operator to 2025-11-11 00:00:00+00:00, run_after=2025-11-12 00:00:00+00:00
[2025-11-12T23:37:03.351+0000] {processor.py:183} INFO - Processing /home/airflow/.local/lib/python3.8/site-packages/airflow/example_dags/example_short_circuit_operator.py took 0.059 seconds
[2025-11-12T23:37:34.311+0000] {processor.py:161} INFO - Started process (PID=657) to work on /home/airflow/.local/lib/python3.8/site-packages/airflow/example_dags/example_short_circuit_operator.py
[2025-11-12T23:37:34.312+0000] {processor.py:830} INFO - Processing file /home/airflow/.local/lib/python3.8/site-packages/airflow/example_dags/example_short_circuit_operator.py for tasks to queue
[2025-11-12T23:37:34.314+0000] {logging_mixin.py:188} INFO - [2025-11-12T23:37:34.313+0000] {dagbag.py:538} INFO - Filling up the DagBag from /home/airflow/.local/lib/python3.8/site-packages/airflow/example_dags/example_short_circuit_operator.py
[2025-11-12T23:37:34.319+0000] {processor.py:840} INFO - DAG(s) 'example_short_circuit_operator' retrieved from /home/airflow/.local/lib/python3.8/site-packages/airflow/example_dags/example_short_circuit_operator.py
[2025-11-12T23:37:34.336+0000] {logging_mixin.py:188} INFO - [2025-11-12T23:37:34.336+0000] {dag.py:3036} INFO - Sync 1 DAGs
[2025-11-12T23:37:34.352+0000] {logging_mixin.py:188} INFO - [2025-11-12T23:37:34.352+0000] {dag.py:3823} INFO - Setting next_dagrun for example_short_circuit_operator to 2025-11-11 00:00:00+00:00, run_after=2025-11-12 00:00:00+00:00
[2025-11-12T23:37:34.364+0000] {processor.py:183} INFO - Processing /home/airflow/.local/lib/python3.8/site-packages/airflow/example_dags/example_short_circuit_operator.py took 0.055 seconds
[2025-11-12T23:38:04.595+0000] {processor.py:161} INFO - Started process (PID=714) to work on /home/airflow/.local/lib/python3.8/site-packages/airflow/example_dags/example_short_circuit_operator.py
[2025-11-12T23:38:04.596+0000] {processor.py:830} INFO - Processing file /home/airflow/.local/lib/python3.8/site-packages/airflow/example_dags/example_short_circuit_operator.py for tasks to queue
[2025-11-12T23:38:04.597+0000] {logging_mixin.py:188} INFO - [2025-11-12T23:38:04.597+0000] {dagbag.py:538} INFO - Filling up the DagBag from /home/airflow/.local/lib/python3.8/site-packages/airflow/example_dags/example_short_circuit_operator.py
[2025-11-12T23:38:04.604+0000] {processor.py:840} INFO - DAG(s) 'example_short_circuit_operator' retrieved from /home/airflow/.local/lib/python3.8/site-packages/airflow/example_dags/example_short_circuit_operator.py
[2025-11-12T23:38:04.621+0000] {logging_mixin.py:188} INFO - [2025-11-12T23:38:04.621+0000] {dag.py:3036} INFO - Sync 1 DAGs
[2025-11-12T23:38:04.638+0000] {logging_mixin.py:188} INFO - [2025-11-12T23:38:04.638+0000] {dag.py:3823} INFO - Setting next_dagrun for example_short_circuit_operator to 2025-11-11 00:00:00+00:00, run_after=2025-11-12 00:00:00+00:00
[2025-11-12T23:38:04.651+0000] {processor.py:183} INFO - Processing /home/airflow/.local/lib/python3.8/site-packages/airflow/example_dags/example_short_circuit_operator.py took 0.058 seconds
[2025-11-12T23:38:34.895+0000] {processor.py:161} INFO - Started process (PID=771) to work on /home/airflow/.local/lib/python3.8/site-packages/airflow/example_dags/example_short_circuit_operator.py
[2025-11-12T23:38:34.895+0000] {processor.py:830} INFO - Processing file /home/airflow/.local/lib/python3.8/site-packages/airflow/example_dags/example_short_circuit_operator.py for tasks to queue
[2025-11-12T23:38:34.896+0000] {logging_mixin.py:188} INFO - [2025-11-12T23:38:34.896+0000] {dagbag.py:538} INFO - Filling up the DagBag from /home/airflow/.local/lib/python3.8/site-packages/airflow/example_dags/example_short_circuit_operator.py
[2025-11-12T23:38:34.902+0000] {processor.py:840} INFO - DAG(s) 'example_short_circuit_operator' retrieved from /home/airflow/.local/lib/python3.8/site-packages/airflow/example_dags/example_short_circuit_operator.py
[2025-11-12T23:38:34.920+0000] {logging_mixin.py:188} INFO - [2025-11-12T23:38:34.920+0000] {dag.py:3036} INFO - Sync 1 DAGs
[2025-11-12T23:38:34.937+0000] {logging_mixin.py:188} INFO - [2025-11-12T23:38:34.937+0000] {dag.py:3823} INFO - Setting next_dagrun for example_short_circuit_operator to 2025-11-11 00:00:00+00:00, run_after=2025-11-12 00:00:00+00:00
[2025-11-12T23:38:34.951+0000] {processor.py:183} INFO - Processing /home/airflow/.local/lib/python3.8/site-packages/airflow/example_dags/example_short_circuit_operator.py took 0.059 seconds
[2025-11-12T23:39:05.282+0000] {processor.py:161} INFO - Started process (PID=828) to work on /home/airflow/.local/lib/python3.8/site-packages/airflow/example_dags/example_short_circuit_operator.py
[2025-11-12T23:39:05.283+0000] {processor.py:830} INFO - Processing file /home/airflow/.local/lib/python3.8/site-packages/airflow/example_dags/example_short_circuit_operator.py for tasks to queue
[2025-11-12T23:39:05.284+0000] {logging_mixin.py:188} INFO - [2025-11-12T23:39:05.284+0000] {dagbag.py:538} INFO - Filling up the DagBag from /home/airflow/.local/lib/python3.8/site-packages/airflow/example_dags/example_short_circuit_operator.py
[2025-11-12T23:39:05.290+0000] {processor.py:840} INFO - DAG(s) 'example_short_circuit_operator' retrieved from /home/airflow/.local/lib/python3.8/site-packages/airflow/example_dags/example_short_circuit_operator.py
[2025-11-12T23:39:05.307+0000] {logging_mixin.py:188} INFO - [2025-11-12T23:39:05.307+0000] {dag.py:3036} INFO - Sync 1 DAGs
[2025-11-12T23:39:05.323+0000] {logging_mixin.py:188} INFO - [2025-11-12T23:39:05.323+0000] {dag.py:3823} INFO - Setting next_dagrun for example_short_circuit_operator to 2025-11-11 00:00:00+00:00, run_after=2025-11-12 00:00:00+00:00
[2025-11-12T23:39:05.335+0000] {processor.py:183} INFO - Processing /home/airflow/.local/lib/python3.8/site-packages/airflow/example_dags/example_short_circuit_operator.py took 0.056 seconds
[2025-11-12T23:39:35.464+0000] {processor.py:161} INFO - Started process (PID=883) to work on /home/airflow/.local/lib/python3.8/site-packages/airflow/example_dags/example_short_circuit_operator.py
[2025-11-12T23:39:35.465+0000] {processor.py:830} INFO - Processing file /home/airflow/.local/lib/python3.8/site-packages/airflow/example_dags/example_short_circuit_operator.py for tasks to queue
[2025-11-12T23:39:35.466+0000] {logging_mixin.py:188} INFO - [2025-11-12T23:39:35.466+0000] {dagbag.py:538} INFO - Filling up the DagBag from /home/airflow/.local/lib/python3.8/site-packages/airflow/example_dags/example_short_circuit_operator.py
[2025-11-12T23:39:35.472+0000] {processor.py:840} INFO - DAG(s) 'example_short_circuit_operator' retrieved from /home/airflow/.local/lib/python3.8/site-packages/airflow/example_dags/example_short_circuit_operator.py
[2025-11-12T23:39:35.492+0000] {logging_mixin.py:188} INFO - [2025-11-12T23:39:35.492+0000] {dag.py:3036} INFO - Sync 1 DAGs
[2025-11-12T23:39:35.509+0000] {logging_mixin.py:188} INFO - [2025-11-12T23:39:35.508+0000] {dag.py:3823} INFO - Setting next_dagrun for example_short_circuit_operator to 2025-11-11 00:00:00+00:00, run_after=2025-11-12 00:00:00+00:00
[2025-11-12T23:39:35.523+0000] {processor.py:183} INFO - Processing /home/airflow/.local/lib/python3.8/site-packages/airflow/example_dags/example_short_circuit_operator.py took 0.062 seconds
[2025-11-12T23:40:05.848+0000] {processor.py:161} INFO - Started process (PID=940) to work on /home/airflow/.local/lib/python3.8/site-packages/airflow/example_dags/example_short_circuit_operator.py
[2025-11-12T23:40:05.849+0000] {processor.py:830} INFO - Processing file /home/airflow/.local/lib/python3.8/site-packages/airflow/example_dags/example_short_circuit_operator.py for tasks to queue
[2025-11-12T23:40:05.850+0000] {logging_mixin.py:188} INFO - [2025-11-12T23:40:05.850+0000] {dagbag.py:538} INFO - Filling up the DagBag from /home/airflow/.local/lib/python3.8/site-packages/airflow/example_dags/example_short_circuit_operator.py
[2025-11-12T23:40:05.855+0000] {processor.py:840} INFO - DAG(s) 'example_short_circuit_operator' retrieved from /home/airflow/.local/lib/python3.8/site-packages/airflow/example_dags/example_short_circuit_operator.py
[2025-11-12T23:40:05.874+0000] {logging_mixin.py:188} INFO - [2025-11-12T23:40:05.874+0000] {dag.py:3036} INFO - Sync 1 DAGs
[2025-11-12T23:40:05.891+0000] {logging_mixin.py:188} INFO - [2025-11-12T23:40:05.891+0000] {dag.py:3823} INFO - Setting next_dagrun for example_short_circuit_operator to 2025-11-11 00:00:00+00:00, run_after=2025-11-12 00:00:00+00:00
[2025-11-12T23:40:05.905+0000] {processor.py:183} INFO - Processing /home/airflow/.local/lib/python3.8/site-packages/airflow/example_dags/example_short_circuit_operator.py took 0.059 seconds
[2025-11-12T23:40:35.996+0000] {processor.py:161} INFO - Started process (PID=997) to work on /home/airflow/.local/lib/python3.8/site-packages/airflow/example_dags/example_short_circuit_operator.py
[2025-11-12T23:40:35.997+0000] {processor.py:830} INFO - Processing file /home/airflow/.local/lib/python3.8/site-packages/airflow/example_dags/example_short_circuit_operator.py for tasks to queue
[2025-11-12T23:40:35.998+0000] {logging_mixin.py:188} INFO - [2025-11-12T23:40:35.998+0000] {dagbag.py:538} INFO - Filling up the DagBag from /home/airflow/.local/lib/python3.8/site-packages/airflow/example_dags/example_short_circuit_operator.py
[2025-11-12T23:40:36.004+0000] {processor.py:840} INFO - DAG(s) 'example_short_circuit_operator' retrieved from /home/airflow/.local/lib/python3.8/site-packages/airflow/example_dags/example_short_circuit_operator.py
[2025-11-12T23:40:36.021+0000] {logging_mixin.py:188} INFO - [2025-11-12T23:40:36.021+0000] {dag.py:3036} INFO - Sync 1 DAGs
[2025-11-12T23:40:36.036+0000] {logging_mixin.py:188} INFO - [2025-11-12T23:40:36.036+0000] {dag.py:3823} INFO - Setting next_dagrun for example_short_circuit_operator to 2025-11-11 00:00:00+00:00, run_after=2025-11-12 00:00:00+00:00
[2025-11-12T23:40:36.049+0000] {processor.py:183} INFO - Processing /home/airflow/.local/lib/python3.8/site-packages/airflow/example_dags/example_short_circuit_operator.py took 0.056 seconds
[2025-11-12T23:41:06.224+0000] {processor.py:161} INFO - Started process (PID=1054) to work on /home/airflow/.local/lib/python3.8/site-packages/airflow/example_dags/example_short_circuit_operator.py
[2025-11-12T23:41:06.224+0000] {processor.py:830} INFO - Processing file /home/airflow/.local/lib/python3.8/site-packages/airflow/example_dags/example_short_circuit_operator.py for tasks to queue
[2025-11-12T23:41:06.226+0000] {logging_mixin.py:188} INFO - [2025-11-12T23:41:06.225+0000] {dagbag.py:538} INFO - Filling up the DagBag from /home/airflow/.local/lib/python3.8/site-packages/airflow/example_dags/example_short_circuit_operator.py
[2025-11-12T23:41:06.232+0000] {processor.py:840} INFO - DAG(s) 'example_short_circuit_operator' retrieved from /home/airflow/.local/lib/python3.8/site-packages/airflow/example_dags/example_short_circuit_operator.py
[2025-11-12T23:41:06.249+0000] {logging_mixin.py:188} INFO - [2025-11-12T23:41:06.249+0000] {dag.py:3036} INFO - Sync 1 DAGs
[2025-11-12T23:41:06.265+0000] {logging_mixin.py:188} INFO - [2025-11-12T23:41:06.265+0000] {dag.py:3823} INFO - Setting next_dagrun for example_short_circuit_operator to 2025-11-11 00:00:00+00:00, run_after=2025-11-12 00:00:00+00:00
[2025-11-12T23:41:06.278+0000] {processor.py:183} INFO - Processing /home/airflow/.local/lib/python3.8/site-packages/airflow/example_dags/example_short_circuit_operator.py took 0.057 seconds
[2025-11-12T23:41:36.374+0000] {processor.py:161} INFO - Started process (PID=1111) to work on /home/airflow/.local/lib/python3.8/site-packages/airflow/example_dags/example_short_circuit_operator.py
[2025-11-12T23:41:36.375+0000] {processor.py:830} INFO - Processing file /home/airflow/.local/lib/python3.8/site-packages/airflow/example_dags/example_short_circuit_operator.py for tasks to queue
[2025-11-12T23:41:36.376+0000] {logging_mixin.py:188} INFO - [2025-11-12T23:41:36.376+0000] {dagbag.py:538} INFO - Filling up the DagBag from /home/airflow/.local/lib/python3.8/site-packages/airflow/example_dags/example_short_circuit_operator.py
[2025-11-12T23:41:36.382+0000] {processor.py:840} INFO - DAG(s) 'example_short_circuit_operator' retrieved from /home/airflow/.local/lib/python3.8/site-packages/airflow/example_dags/example_short_circuit_operator.py
[2025-11-12T23:41:36.400+0000] {logging_mixin.py:188} INFO - [2025-11-12T23:41:36.400+0000] {dag.py:3036} INFO - Sync 1 DAGs
[2025-11-12T23:41:36.416+0000] {logging_mixin.py:188} INFO - [2025-11-12T23:41:36.416+0000] {dag.py:3823} INFO - Setting next_dagrun for example_short_circuit_operator to 2025-11-11 00:00:00+00:00, run_after=2025-11-12 00:00:00+00:00
[2025-11-12T23:41:36.428+0000] {processor.py:183} INFO - Processing /home/airflow/.local/lib/python3.8/site-packages/airflow/example_dags/example_short_circuit_operator.py took 0.057 seconds
[2025-11-12T23:42:06.650+0000] {processor.py:161} INFO - Started process (PID=1168) to work on /home/airflow/.local/lib/python3.8/site-packages/airflow/example_dags/example_short_circuit_operator.py
[2025-11-12T23:42:06.651+0000] {processor.py:830} INFO - Processing file /home/airflow/.local/lib/python3.8/site-packages/airflow/example_dags/example_short_circuit_operator.py for tasks to queue
[2025-11-12T23:42:06.652+0000] {logging_mixin.py:188} INFO - [2025-11-12T23:42:06.652+0000] {dagbag.py:538} INFO - Filling up the DagBag from /home/airflow/.local/lib/python3.8/site-packages/airflow/example_dags/example_short_circuit_operator.py
[2025-11-12T23:42:06.658+0000] {processor.py:840} INFO - DAG(s) 'example_short_circuit_operator' retrieved from /home/airflow/.local/lib/python3.8/site-packages/airflow/example_dags/example_short_circuit_operator.py
[2025-11-12T23:42:06.675+0000] {logging_mixin.py:188} INFO - [2025-11-12T23:42:06.675+0000] {dag.py:3036} INFO - Sync 1 DAGs
[2025-11-12T23:42:06.692+0000] {logging_mixin.py:188} INFO - [2025-11-12T23:42:06.692+0000] {dag.py:3823} INFO - Setting next_dagrun for example_short_circuit_operator to 2025-11-11 00:00:00+00:00, run_after=2025-11-12 00:00:00+00:00
[2025-11-12T23:42:06.704+0000] {processor.py:183} INFO - Processing /home/airflow/.local/lib/python3.8/site-packages/airflow/example_dags/example_short_circuit_operator.py took 0.057 seconds
[2025-11-12T23:42:36.872+0000] {processor.py:161} INFO - Started process (PID=1225) to work on /home/airflow/.local/lib/python3.8/site-packages/airflow/example_dags/example_short_circuit_operator.py
[2025-11-12T23:42:36.873+0000] {processor.py:830} INFO - Processing file /home/airflow/.local/lib/python3.8/site-packages/airflow/example_dags/example_short_circuit_operator.py for tasks to queue
[2025-11-12T23:42:36.875+0000] {logging_mixin.py:188} INFO - [2025-11-12T23:42:36.875+0000] {dagbag.py:538} INFO - Filling up the DagBag from /home/airflow/.local/lib/python3.8/site-packages/airflow/example_dags/example_short_circuit_operator.py
[2025-11-12T23:42:36.882+0000] {processor.py:840} INFO - DAG(s) 'example_short_circuit_operator' retrieved from /home/airflow/.local/lib/python3.8/site-packages/airflow/example_dags/example_short_circuit_operator.py
[2025-11-12T23:42:36.902+0000] {logging_mixin.py:188} INFO - [2025-11-12T23:42:36.902+0000] {dag.py:3036} INFO - Sync 1 DAGs
[2025-11-12T23:42:36.919+0000] {logging_mixin.py:188} INFO - [2025-11-12T23:42:36.919+0000] {dag.py:3823} INFO - Setting next_dagrun for example_short_circuit_operator to 2025-11-11 00:00:00+00:00, run_after=2025-11-12 00:00:00+00:00
[2025-11-12T23:42:36.933+0000] {processor.py:183} INFO - Processing /home/airflow/.local/lib/python3.8/site-packages/airflow/example_dags/example_short_circuit_operator.py took 0.064 seconds
[2025-11-12T23:43:07.177+0000] {processor.py:161} INFO - Started process (PID=1282) to work on /home/airflow/.local/lib/python3.8/site-packages/airflow/example_dags/example_short_circuit_operator.py
[2025-11-12T23:43:07.177+0000] {processor.py:830} INFO - Processing file /home/airflow/.local/lib/python3.8/site-packages/airflow/example_dags/example_short_circuit_operator.py for tasks to queue
[2025-11-12T23:43:07.179+0000] {logging_mixin.py:188} INFO - [2025-11-12T23:43:07.178+0000] {dagbag.py:538} INFO - Filling up the DagBag from /home/airflow/.local/lib/python3.8/site-packages/airflow/example_dags/example_short_circuit_operator.py
[2025-11-12T23:43:07.185+0000] {processor.py:840} INFO - DAG(s) 'example_short_circuit_operator' retrieved from /home/airflow/.local/lib/python3.8/site-packages/airflow/example_dags/example_short_circuit_operator.py
[2025-11-12T23:43:07.202+0000] {logging_mixin.py:188} INFO - [2025-11-12T23:43:07.202+0000] {dag.py:3036} INFO - Sync 1 DAGs
[2025-11-12T23:43:07.220+0000] {logging_mixin.py:188} INFO - [2025-11-12T23:43:07.220+0000] {dag.py:3823} INFO - Setting next_dagrun for example_short_circuit_operator to 2025-11-11 00:00:00+00:00, run_after=2025-11-12 00:00:00+00:00
[2025-11-12T23:43:07.236+0000] {processor.py:183} INFO - Processing /home/airflow/.local/lib/python3.8/site-packages/airflow/example_dags/example_short_circuit_operator.py took 0.063 seconds
[2025-11-12T23:43:37.466+0000] {processor.py:161} INFO - Started process (PID=1339) to work on /home/airflow/.local/lib/python3.8/site-packages/airflow/example_dags/example_short_circuit_operator.py
[2025-11-12T23:43:37.467+0000] {processor.py:830} INFO - Processing file /home/airflow/.local/lib/python3.8/site-packages/airflow/example_dags/example_short_circuit_operator.py for tasks to queue
[2025-11-12T23:43:37.468+0000] {logging_mixin.py:188} INFO - [2025-11-12T23:43:37.468+0000] {dagbag.py:538} INFO - Filling up the DagBag from /home/airflow/.local/lib/python3.8/site-packages/airflow/example_dags/example_short_circuit_operator.py
[2025-11-12T23:43:37.474+0000] {processor.py:840} INFO - DAG(s) 'example_short_circuit_operator' retrieved from /home/airflow/.local/lib/python3.8/site-packages/airflow/example_dags/example_short_circuit_operator.py
[2025-11-12T23:43:37.493+0000] {logging_mixin.py:188} INFO - [2025-11-12T23:43:37.493+0000] {dag.py:3036} INFO - Sync 1 DAGs
[2025-11-12T23:43:37.509+0000] {logging_mixin.py:188} INFO - [2025-11-12T23:43:37.509+0000] {dag.py:3823} INFO - Setting next_dagrun for example_short_circuit_operator to 2025-11-11 00:00:00+00:00, run_after=2025-11-12 00:00:00+00:00
[2025-11-12T23:43:37.523+0000] {processor.py:183} INFO - Processing /home/airflow/.local/lib/python3.8/site-packages/airflow/example_dags/example_short_circuit_operator.py took 0.060 seconds
[2025-11-12T23:44:07.778+0000] {processor.py:161} INFO - Started process (PID=1396) to work on /home/airflow/.local/lib/python3.8/site-packages/airflow/example_dags/example_short_circuit_operator.py
[2025-11-12T23:44:07.778+0000] {processor.py:830} INFO - Processing file /home/airflow/.local/lib/python3.8/site-packages/airflow/example_dags/example_short_circuit_operator.py for tasks to queue
[2025-11-12T23:44:07.780+0000] {logging_mixin.py:188} INFO - [2025-11-12T23:44:07.779+0000] {dagbag.py:538} INFO - Filling up the DagBag from /home/airflow/.local/lib/python3.8/site-packages/airflow/example_dags/example_short_circuit_operator.py
[2025-11-12T23:44:07.786+0000] {processor.py:840} INFO - DAG(s) 'example_short_circuit_operator' retrieved from /home/airflow/.local/lib/python3.8/site-packages/airflow/example_dags/example_short_circuit_operator.py
[2025-11-12T23:44:07.804+0000] {logging_mixin.py:188} INFO - [2025-11-12T23:44:07.804+0000] {dag.py:3036} INFO - Sync 1 DAGs
[2025-11-12T23:44:07.822+0000] {logging_mixin.py:188} INFO - [2025-11-12T23:44:07.821+0000] {dag.py:3823} INFO - Setting next_dagrun for example_short_circuit_operator to 2025-11-11 00:00:00+00:00, run_after=2025-11-12 00:00:00+00:00
[2025-11-12T23:44:07.834+0000] {processor.py:183} INFO - Processing /home/airflow/.local/lib/python3.8/site-packages/airflow/example_dags/example_short_circuit_operator.py took 0.059 seconds
[2025-11-12T23:44:37.977+0000] {processor.py:161} INFO - Started process (PID=1453) to work on /home/airflow/.local/lib/python3.8/site-packages/airflow/example_dags/example_short_circuit_operator.py
[2025-11-12T23:44:37.977+0000] {processor.py:830} INFO - Processing file /home/airflow/.local/lib/python3.8/site-packages/airflow/example_dags/example_short_circuit_operator.py for tasks to queue
[2025-11-12T23:44:37.979+0000] {logging_mixin.py:188} INFO - [2025-11-12T23:44:37.978+0000] {dagbag.py:538} INFO - Filling up the DagBag from /home/airflow/.local/lib/python3.8/site-packages/airflow/example_dags/example_short_circuit_operator.py
[2025-11-12T23:44:37.985+0000] {processor.py:840} INFO - DAG(s) 'example_short_circuit_operator' retrieved from /home/airflow/.local/lib/python3.8/site-packages/airflow/example_dags/example_short_circuit_operator.py
[2025-11-12T23:44:38.003+0000] {logging_mixin.py:188} INFO - [2025-11-12T23:44:38.002+0000] {dag.py:3036} INFO - Sync 1 DAGs
[2025-11-12T23:44:38.019+0000] {logging_mixin.py:188} INFO - [2025-11-12T23:44:38.019+0000] {dag.py:3823} INFO - Setting next_dagrun for example_short_circuit_operator to 2025-11-11 00:00:00+00:00, run_after=2025-11-12 00:00:00+00:00
[2025-11-12T23:44:38.033+0000] {processor.py:183} INFO - Processing /home/airflow/.local/lib/python3.8/site-packages/airflow/example_dags/example_short_circuit_operator.py took 0.060 seconds
[2025-11-12T23:45:08.193+0000] {processor.py:161} INFO - Started process (PID=1510) to work on /home/airflow/.local/lib/python3.8/site-packages/airflow/example_dags/example_short_circuit_operator.py
[2025-11-12T23:45:08.194+0000] {processor.py:830} INFO - Processing file /home/airflow/.local/lib/python3.8/site-packages/airflow/example_dags/example_short_circuit_operator.py for tasks to queue
[2025-11-12T23:45:08.195+0000] {logging_mixin.py:188} INFO - [2025-11-12T23:45:08.195+0000] {dagbag.py:538} INFO - Filling up the DagBag from /home/airflow/.local/lib/python3.8/site-packages/airflow/example_dags/example_short_circuit_operator.py
[2025-11-12T23:45:08.201+0000] {processor.py:840} INFO - DAG(s) 'example_short_circuit_operator' retrieved from /home/airflow/.local/lib/python3.8/site-packages/airflow/example_dags/example_short_circuit_operator.py
[2025-11-12T23:45:08.219+0000] {logging_mixin.py:188} INFO - [2025-11-12T23:45:08.219+0000] {dag.py:3036} INFO - Sync 1 DAGs
[2025-11-12T23:45:08.236+0000] {logging_mixin.py:188} INFO - [2025-11-12T23:45:08.236+0000] {dag.py:3823} INFO - Setting next_dagrun for example_short_circuit_operator to 2025-11-11 00:00:00+00:00, run_after=2025-11-12 00:00:00+00:00
[2025-11-12T23:45:08.250+0000] {processor.py:183} INFO - Processing /home/airflow/.local/lib/python3.8/site-packages/airflow/example_dags/example_short_circuit_operator.py took 0.059 seconds
[2025-11-12T23:45:38.381+0000] {processor.py:161} INFO - Started process (PID=1567) to work on /home/airflow/.local/lib/python3.8/site-packages/airflow/example_dags/example_short_circuit_operator.py
[2025-11-12T23:45:38.382+0000] {processor.py:830} INFO - Processing file /home/airflow/.local/lib/python3.8/site-packages/airflow/example_dags/example_short_circuit_operator.py for tasks to queue
[2025-11-12T23:45:38.383+0000] {logging_mixin.py:188} INFO - [2025-11-12T23:45:38.383+0000] {dagbag.py:538} INFO - Filling up the DagBag from /home/airflow/.local/lib/python3.8/site-packages/airflow/example_dags/example_short_circuit_operator.py
[2025-11-12T23:45:38.389+0000] {processor.py:840} INFO - DAG(s) 'example_short_circuit_operator' retrieved from /home/airflow/.local/lib/python3.8/site-packages/airflow/example_dags/example_short_circuit_operator.py
[2025-11-12T23:45:38.407+0000] {logging_mixin.py:188} INFO - [2025-11-12T23:45:38.406+0000] {dag.py:3036} INFO - Sync 1 DAGs
[2025-11-12T23:45:38.425+0000] {logging_mixin.py:188} INFO - [2025-11-12T23:45:38.425+0000] {dag.py:3823} INFO - Setting next_dagrun for example_short_circuit_operator to 2025-11-11 00:00:00+00:00, run_after=2025-11-12 00:00:00+00:00
[2025-11-12T23:45:38.439+0000] {processor.py:183} INFO - Processing /home/airflow/.local/lib/python3.8/site-packages/airflow/example_dags/example_short_circuit_operator.py took 0.061 seconds
