[2025-11-12T23:32:28.278+0000] {processor.py:161} INFO - Started process (PID=71) to work on /home/airflow/.local/lib/python3.8/site-packages/airflow/example_dags/example_params_trigger_ui.py
[2025-11-12T23:32:28.278+0000] {processor.py:830} INFO - Processing file /home/airflow/.local/lib/python3.8/site-packages/airflow/example_dags/example_params_trigger_ui.py for tasks to queue
[2025-11-12T23:32:28.280+0000] {logging_mixin.py:188} INFO - [2025-11-12T23:32:28.279+0000] {dagbag.py:538} INFO - Filling up the DagBag from /home/airflow/.local/lib/python3.8/site-packages/airflow/example_dags/example_params_trigger_ui.py
[2025-11-12T23:32:28.292+0000] {processor.py:840} INFO - DAG(s) 'example_params_trigger_ui' retrieved from /home/airflow/.local/lib/python3.8/site-packages/airflow/example_dags/example_params_trigger_ui.py
[2025-11-12T23:32:28.404+0000] {logging_mixin.py:188} INFO - [2025-11-12T23:32:28.403+0000] {override.py:1769} INFO - Created Permission View: can delete on DAG:example_params_trigger_ui
[2025-11-12T23:32:28.412+0000] {logging_mixin.py:188} INFO - [2025-11-12T23:32:28.412+0000] {override.py:1769} INFO - Created Permission View: can edit on DAG:example_params_trigger_ui
[2025-11-12T23:32:28.417+0000] {logging_mixin.py:188} INFO - [2025-11-12T23:32:28.417+0000] {override.py:1769} INFO - Created Permission View: can read on DAG:example_params_trigger_ui
[2025-11-12T23:32:28.418+0000] {logging_mixin.py:188} INFO - [2025-11-12T23:32:28.417+0000] {dag.py:3036} INFO - Sync 1 DAGs
[2025-11-12T23:32:28.429+0000] {logging_mixin.py:188} INFO - [2025-11-12T23:32:28.429+0000] {dag.py:3058} INFO - Creating ORM DAG for example_params_trigger_ui
[2025-11-12T23:32:28.429+0000] {logging_mixin.py:188} INFO - [2025-11-12T23:32:28.429+0000] {dag.py:3823} INFO - Setting next_dagrun for example_params_trigger_ui to None, run_after=None
[2025-11-12T23:32:28.441+0000] {processor.py:183} INFO - Processing /home/airflow/.local/lib/python3.8/site-packages/airflow/example_dags/example_params_trigger_ui.py took 0.166 seconds
[2025-11-12T23:32:58.509+0000] {processor.py:161} INFO - Started process (PID=128) to work on /home/airflow/.local/lib/python3.8/site-packages/airflow/example_dags/example_params_trigger_ui.py
[2025-11-12T23:32:58.510+0000] {processor.py:830} INFO - Processing file /home/airflow/.local/lib/python3.8/site-packages/airflow/example_dags/example_params_trigger_ui.py for tasks to queue
[2025-11-12T23:32:58.511+0000] {logging_mixin.py:188} INFO - [2025-11-12T23:32:58.511+0000] {dagbag.py:538} INFO - Filling up the DagBag from /home/airflow/.local/lib/python3.8/site-packages/airflow/example_dags/example_params_trigger_ui.py
[2025-11-12T23:32:58.521+0000] {processor.py:840} INFO - DAG(s) 'example_params_trigger_ui' retrieved from /home/airflow/.local/lib/python3.8/site-packages/airflow/example_dags/example_params_trigger_ui.py
[2025-11-12T23:32:58.561+0000] {logging_mixin.py:188} INFO - [2025-11-12T23:32:58.561+0000] {dag.py:3036} INFO - Sync 1 DAGs
[2025-11-12T23:32:58.570+0000] {logging_mixin.py:188} INFO - [2025-11-12T23:32:58.569+0000] {dag.py:3823} INFO - Setting next_dagrun for example_params_trigger_ui to None, run_after=None
[2025-11-12T23:32:58.582+0000] {processor.py:183} INFO - Processing /home/airflow/.local/lib/python3.8/site-packages/airflow/example_dags/example_params_trigger_ui.py took 0.075 seconds
[2025-11-12T23:33:28.884+0000] {processor.py:161} INFO - Started process (PID=185) to work on /home/airflow/.local/lib/python3.8/site-packages/airflow/example_dags/example_params_trigger_ui.py
[2025-11-12T23:33:28.885+0000] {processor.py:830} INFO - Processing file /home/airflow/.local/lib/python3.8/site-packages/airflow/example_dags/example_params_trigger_ui.py for tasks to queue
[2025-11-12T23:33:28.886+0000] {logging_mixin.py:188} INFO - [2025-11-12T23:33:28.886+0000] {dagbag.py:538} INFO - Filling up the DagBag from /home/airflow/.local/lib/python3.8/site-packages/airflow/example_dags/example_params_trigger_ui.py
[2025-11-12T23:33:28.897+0000] {processor.py:840} INFO - DAG(s) 'example_params_trigger_ui' retrieved from /home/airflow/.local/lib/python3.8/site-packages/airflow/example_dags/example_params_trigger_ui.py
[2025-11-12T23:33:28.944+0000] {logging_mixin.py:188} INFO - [2025-11-12T23:33:28.944+0000] {dag.py:3036} INFO - Sync 1 DAGs
[2025-11-12T23:33:28.954+0000] {logging_mixin.py:188} INFO - [2025-11-12T23:33:28.954+0000] {dag.py:3823} INFO - Setting next_dagrun for example_params_trigger_ui to None, run_after=None
[2025-11-12T23:33:28.970+0000] {processor.py:183} INFO - Processing /home/airflow/.local/lib/python3.8/site-packages/airflow/example_dags/example_params_trigger_ui.py took 0.089 seconds
[2025-11-12T23:33:59.232+0000] {processor.py:161} INFO - Started process (PID=242) to work on /home/airflow/.local/lib/python3.8/site-packages/airflow/example_dags/example_params_trigger_ui.py
[2025-11-12T23:33:59.233+0000] {processor.py:830} INFO - Processing file /home/airflow/.local/lib/python3.8/site-packages/airflow/example_dags/example_params_trigger_ui.py for tasks to queue
[2025-11-12T23:33:59.234+0000] {logging_mixin.py:188} INFO - [2025-11-12T23:33:59.234+0000] {dagbag.py:538} INFO - Filling up the DagBag from /home/airflow/.local/lib/python3.8/site-packages/airflow/example_dags/example_params_trigger_ui.py
[2025-11-12T23:33:59.244+0000] {processor.py:840} INFO - DAG(s) 'example_params_trigger_ui' retrieved from /home/airflow/.local/lib/python3.8/site-packages/airflow/example_dags/example_params_trigger_ui.py
[2025-11-12T23:33:59.288+0000] {logging_mixin.py:188} INFO - [2025-11-12T23:33:59.287+0000] {dag.py:3036} INFO - Sync 1 DAGs
[2025-11-12T23:33:59.297+0000] {logging_mixin.py:188} INFO - [2025-11-12T23:33:59.296+0000] {dag.py:3823} INFO - Setting next_dagrun for example_params_trigger_ui to None, run_after=None
[2025-11-12T23:33:59.311+0000] {processor.py:183} INFO - Processing /home/airflow/.local/lib/python3.8/site-packages/airflow/example_dags/example_params_trigger_ui.py took 0.081 seconds
[2025-11-12T23:34:30.368+0000] {processor.py:161} INFO - Started process (PID=305) to work on /home/airflow/.local/lib/python3.8/site-packages/airflow/example_dags/example_params_trigger_ui.py
[2025-11-12T23:34:30.369+0000] {processor.py:830} INFO - Processing file /home/airflow/.local/lib/python3.8/site-packages/airflow/example_dags/example_params_trigger_ui.py for tasks to queue
[2025-11-12T23:34:30.370+0000] {logging_mixin.py:188} INFO - [2025-11-12T23:34:30.370+0000] {dagbag.py:538} INFO - Filling up the DagBag from /home/airflow/.local/lib/python3.8/site-packages/airflow/example_dags/example_params_trigger_ui.py
[2025-11-12T23:34:30.382+0000] {processor.py:840} INFO - DAG(s) 'example_params_trigger_ui' retrieved from /home/airflow/.local/lib/python3.8/site-packages/airflow/example_dags/example_params_trigger_ui.py
[2025-11-12T23:34:30.423+0000] {logging_mixin.py:188} INFO - [2025-11-12T23:34:30.423+0000] {dag.py:3036} INFO - Sync 1 DAGs
[2025-11-12T23:34:30.432+0000] {logging_mixin.py:188} INFO - [2025-11-12T23:34:30.432+0000] {dag.py:3823} INFO - Setting next_dagrun for example_params_trigger_ui to None, run_after=None
[2025-11-12T23:34:30.444+0000] {processor.py:183} INFO - Processing /home/airflow/.local/lib/python3.8/site-packages/airflow/example_dags/example_params_trigger_ui.py took 0.079 seconds
[2025-11-12T23:35:01.427+0000] {processor.py:161} INFO - Started process (PID=362) to work on /home/airflow/.local/lib/python3.8/site-packages/airflow/example_dags/example_params_trigger_ui.py
[2025-11-12T23:35:01.428+0000] {processor.py:830} INFO - Processing file /home/airflow/.local/lib/python3.8/site-packages/airflow/example_dags/example_params_trigger_ui.py for tasks to queue
[2025-11-12T23:35:01.429+0000] {logging_mixin.py:188} INFO - [2025-11-12T23:35:01.429+0000] {dagbag.py:538} INFO - Filling up the DagBag from /home/airflow/.local/lib/python3.8/site-packages/airflow/example_dags/example_params_trigger_ui.py
[2025-11-12T23:35:01.440+0000] {processor.py:840} INFO - DAG(s) 'example_params_trigger_ui' retrieved from /home/airflow/.local/lib/python3.8/site-packages/airflow/example_dags/example_params_trigger_ui.py
[2025-11-12T23:35:01.480+0000] {logging_mixin.py:188} INFO - [2025-11-12T23:35:01.480+0000] {dag.py:3036} INFO - Sync 1 DAGs
[2025-11-12T23:35:01.489+0000] {logging_mixin.py:188} INFO - [2025-11-12T23:35:01.489+0000] {dag.py:3823} INFO - Setting next_dagrun for example_params_trigger_ui to None, run_after=None
[2025-11-12T23:35:01.501+0000] {processor.py:183} INFO - Processing /home/airflow/.local/lib/python3.8/site-packages/airflow/example_dags/example_params_trigger_ui.py took 0.076 seconds
[2025-11-12T23:35:31.744+0000] {processor.py:161} INFO - Started process (PID=419) to work on /home/airflow/.local/lib/python3.8/site-packages/airflow/example_dags/example_params_trigger_ui.py
[2025-11-12T23:35:31.744+0000] {processor.py:830} INFO - Processing file /home/airflow/.local/lib/python3.8/site-packages/airflow/example_dags/example_params_trigger_ui.py for tasks to queue
[2025-11-12T23:35:31.746+0000] {logging_mixin.py:188} INFO - [2025-11-12T23:35:31.746+0000] {dagbag.py:538} INFO - Filling up the DagBag from /home/airflow/.local/lib/python3.8/site-packages/airflow/example_dags/example_params_trigger_ui.py
[2025-11-12T23:35:31.757+0000] {processor.py:840} INFO - DAG(s) 'example_params_trigger_ui' retrieved from /home/airflow/.local/lib/python3.8/site-packages/airflow/example_dags/example_params_trigger_ui.py
[2025-11-12T23:35:31.798+0000] {logging_mixin.py:188} INFO - [2025-11-12T23:35:31.798+0000] {dag.py:3036} INFO - Sync 1 DAGs
[2025-11-12T23:35:31.807+0000] {logging_mixin.py:188} INFO - [2025-11-12T23:35:31.807+0000] {dag.py:3823} INFO - Setting next_dagrun for example_params_trigger_ui to None, run_after=None
[2025-11-12T23:35:31.819+0000] {processor.py:183} INFO - Processing /home/airflow/.local/lib/python3.8/site-packages/airflow/example_dags/example_params_trigger_ui.py took 0.078 seconds
[2025-11-12T23:36:02.047+0000] {processor.py:161} INFO - Started process (PID=476) to work on /home/airflow/.local/lib/python3.8/site-packages/airflow/example_dags/example_params_trigger_ui.py
[2025-11-12T23:36:02.048+0000] {processor.py:830} INFO - Processing file /home/airflow/.local/lib/python3.8/site-packages/airflow/example_dags/example_params_trigger_ui.py for tasks to queue
[2025-11-12T23:36:02.049+0000] {logging_mixin.py:188} INFO - [2025-11-12T23:36:02.049+0000] {dagbag.py:538} INFO - Filling up the DagBag from /home/airflow/.local/lib/python3.8/site-packages/airflow/example_dags/example_params_trigger_ui.py
[2025-11-12T23:36:02.061+0000] {processor.py:840} INFO - DAG(s) 'example_params_trigger_ui' retrieved from /home/airflow/.local/lib/python3.8/site-packages/airflow/example_dags/example_params_trigger_ui.py
[2025-11-12T23:36:02.104+0000] {logging_mixin.py:188} INFO - [2025-11-12T23:36:02.104+0000] {dag.py:3036} INFO - Sync 1 DAGs
[2025-11-12T23:36:02.113+0000] {logging_mixin.py:188} INFO - [2025-11-12T23:36:02.113+0000] {dag.py:3823} INFO - Setting next_dagrun for example_params_trigger_ui to None, run_after=None
[2025-11-12T23:36:02.128+0000] {processor.py:183} INFO - Processing /home/airflow/.local/lib/python3.8/site-packages/airflow/example_dags/example_params_trigger_ui.py took 0.083 seconds
[2025-11-12T23:36:32.305+0000] {processor.py:161} INFO - Started process (PID=533) to work on /home/airflow/.local/lib/python3.8/site-packages/airflow/example_dags/example_params_trigger_ui.py
[2025-11-12T23:36:32.306+0000] {processor.py:830} INFO - Processing file /home/airflow/.local/lib/python3.8/site-packages/airflow/example_dags/example_params_trigger_ui.py for tasks to queue
[2025-11-12T23:36:32.307+0000] {logging_mixin.py:188} INFO - [2025-11-12T23:36:32.307+0000] {dagbag.py:538} INFO - Filling up the DagBag from /home/airflow/.local/lib/python3.8/site-packages/airflow/example_dags/example_params_trigger_ui.py
[2025-11-12T23:36:32.317+0000] {processor.py:840} INFO - DAG(s) 'example_params_trigger_ui' retrieved from /home/airflow/.local/lib/python3.8/site-packages/airflow/example_dags/example_params_trigger_ui.py
[2025-11-12T23:36:32.360+0000] {logging_mixin.py:188} INFO - [2025-11-12T23:36:32.360+0000] {dag.py:3036} INFO - Sync 1 DAGs
[2025-11-12T23:36:32.370+0000] {logging_mixin.py:188} INFO - [2025-11-12T23:36:32.370+0000] {dag.py:3823} INFO - Setting next_dagrun for example_params_trigger_ui to None, run_after=None
[2025-11-12T23:36:32.384+0000] {processor.py:183} INFO - Processing /home/airflow/.local/lib/python3.8/site-packages/airflow/example_dags/example_params_trigger_ui.py took 0.082 seconds
[2025-11-12T23:37:02.913+0000] {processor.py:161} INFO - Started process (PID=590) to work on /home/airflow/.local/lib/python3.8/site-packages/airflow/example_dags/example_params_trigger_ui.py
[2025-11-12T23:37:02.913+0000] {processor.py:830} INFO - Processing file /home/airflow/.local/lib/python3.8/site-packages/airflow/example_dags/example_params_trigger_ui.py for tasks to queue
[2025-11-12T23:37:02.914+0000] {logging_mixin.py:188} INFO - [2025-11-12T23:37:02.914+0000] {dagbag.py:538} INFO - Filling up the DagBag from /home/airflow/.local/lib/python3.8/site-packages/airflow/example_dags/example_params_trigger_ui.py
[2025-11-12T23:37:02.924+0000] {processor.py:840} INFO - DAG(s) 'example_params_trigger_ui' retrieved from /home/airflow/.local/lib/python3.8/site-packages/airflow/example_dags/example_params_trigger_ui.py
[2025-11-12T23:37:02.966+0000] {logging_mixin.py:188} INFO - [2025-11-12T23:37:02.966+0000] {dag.py:3036} INFO - Sync 1 DAGs
[2025-11-12T23:37:02.975+0000] {logging_mixin.py:188} INFO - [2025-11-12T23:37:02.974+0000] {dag.py:3823} INFO - Setting next_dagrun for example_params_trigger_ui to None, run_after=None
[2025-11-12T23:37:02.988+0000] {processor.py:183} INFO - Processing /home/airflow/.local/lib/python3.8/site-packages/airflow/example_dags/example_params_trigger_ui.py took 0.077 seconds
[2025-11-12T23:37:33.764+0000] {processor.py:161} INFO - Started process (PID=646) to work on /home/airflow/.local/lib/python3.8/site-packages/airflow/example_dags/example_params_trigger_ui.py
[2025-11-12T23:37:33.765+0000] {processor.py:830} INFO - Processing file /home/airflow/.local/lib/python3.8/site-packages/airflow/example_dags/example_params_trigger_ui.py for tasks to queue
[2025-11-12T23:37:33.766+0000] {logging_mixin.py:188} INFO - [2025-11-12T23:37:33.766+0000] {dagbag.py:538} INFO - Filling up the DagBag from /home/airflow/.local/lib/python3.8/site-packages/airflow/example_dags/example_params_trigger_ui.py
[2025-11-12T23:37:33.776+0000] {processor.py:840} INFO - DAG(s) 'example_params_trigger_ui' retrieved from /home/airflow/.local/lib/python3.8/site-packages/airflow/example_dags/example_params_trigger_ui.py
[2025-11-12T23:37:33.818+0000] {logging_mixin.py:188} INFO - [2025-11-12T23:37:33.818+0000] {dag.py:3036} INFO - Sync 1 DAGs
[2025-11-12T23:37:33.827+0000] {logging_mixin.py:188} INFO - [2025-11-12T23:37:33.827+0000] {dag.py:3823} INFO - Setting next_dagrun for example_params_trigger_ui to None, run_after=None
[2025-11-12T23:37:33.840+0000] {processor.py:183} INFO - Processing /home/airflow/.local/lib/python3.8/site-packages/airflow/example_dags/example_params_trigger_ui.py took 0.079 seconds
[2025-11-12T23:38:04.048+0000] {processor.py:161} INFO - Started process (PID=702) to work on /home/airflow/.local/lib/python3.8/site-packages/airflow/example_dags/example_params_trigger_ui.py
[2025-11-12T23:38:04.049+0000] {processor.py:830} INFO - Processing file /home/airflow/.local/lib/python3.8/site-packages/airflow/example_dags/example_params_trigger_ui.py for tasks to queue
[2025-11-12T23:38:04.050+0000] {logging_mixin.py:188} INFO - [2025-11-12T23:38:04.050+0000] {dagbag.py:538} INFO - Filling up the DagBag from /home/airflow/.local/lib/python3.8/site-packages/airflow/example_dags/example_params_trigger_ui.py
[2025-11-12T23:38:04.061+0000] {processor.py:840} INFO - DAG(s) 'example_params_trigger_ui' retrieved from /home/airflow/.local/lib/python3.8/site-packages/airflow/example_dags/example_params_trigger_ui.py
[2025-11-12T23:38:04.103+0000] {logging_mixin.py:188} INFO - [2025-11-12T23:38:04.102+0000] {dag.py:3036} INFO - Sync 1 DAGs
[2025-11-12T23:38:04.112+0000] {logging_mixin.py:188} INFO - [2025-11-12T23:38:04.112+0000] {dag.py:3823} INFO - Setting next_dagrun for example_params_trigger_ui to None, run_after=None
[2025-11-12T23:38:04.124+0000] {processor.py:183} INFO - Processing /home/airflow/.local/lib/python3.8/site-packages/airflow/example_dags/example_params_trigger_ui.py took 0.079 seconds
[2025-11-12T23:38:34.348+0000] {processor.py:161} INFO - Started process (PID=759) to work on /home/airflow/.local/lib/python3.8/site-packages/airflow/example_dags/example_params_trigger_ui.py
[2025-11-12T23:38:34.349+0000] {processor.py:830} INFO - Processing file /home/airflow/.local/lib/python3.8/site-packages/airflow/example_dags/example_params_trigger_ui.py for tasks to queue
[2025-11-12T23:38:34.350+0000] {logging_mixin.py:188} INFO - [2025-11-12T23:38:34.350+0000] {dagbag.py:538} INFO - Filling up the DagBag from /home/airflow/.local/lib/python3.8/site-packages/airflow/example_dags/example_params_trigger_ui.py
[2025-11-12T23:38:34.360+0000] {processor.py:840} INFO - DAG(s) 'example_params_trigger_ui' retrieved from /home/airflow/.local/lib/python3.8/site-packages/airflow/example_dags/example_params_trigger_ui.py
[2025-11-12T23:38:34.402+0000] {logging_mixin.py:188} INFO - [2025-11-12T23:38:34.402+0000] {dag.py:3036} INFO - Sync 1 DAGs
[2025-11-12T23:38:34.411+0000] {logging_mixin.py:188} INFO - [2025-11-12T23:38:34.411+0000] {dag.py:3823} INFO - Setting next_dagrun for example_params_trigger_ui to None, run_after=None
[2025-11-12T23:38:34.425+0000] {processor.py:183} INFO - Processing /home/airflow/.local/lib/python3.8/site-packages/airflow/example_dags/example_params_trigger_ui.py took 0.079 seconds
[2025-11-12T23:39:04.755+0000] {processor.py:161} INFO - Started process (PID=816) to work on /home/airflow/.local/lib/python3.8/site-packages/airflow/example_dags/example_params_trigger_ui.py
[2025-11-12T23:39:04.756+0000] {processor.py:830} INFO - Processing file /home/airflow/.local/lib/python3.8/site-packages/airflow/example_dags/example_params_trigger_ui.py for tasks to queue
[2025-11-12T23:39:04.757+0000] {logging_mixin.py:188} INFO - [2025-11-12T23:39:04.757+0000] {dagbag.py:538} INFO - Filling up the DagBag from /home/airflow/.local/lib/python3.8/site-packages/airflow/example_dags/example_params_trigger_ui.py
[2025-11-12T23:39:04.767+0000] {processor.py:840} INFO - DAG(s) 'example_params_trigger_ui' retrieved from /home/airflow/.local/lib/python3.8/site-packages/airflow/example_dags/example_params_trigger_ui.py
[2025-11-12T23:39:04.811+0000] {logging_mixin.py:188} INFO - [2025-11-12T23:39:04.811+0000] {dag.py:3036} INFO - Sync 1 DAGs
[2025-11-12T23:39:04.820+0000] {logging_mixin.py:188} INFO - [2025-11-12T23:39:04.820+0000] {dag.py:3823} INFO - Setting next_dagrun for example_params_trigger_ui to None, run_after=None
[2025-11-12T23:39:04.835+0000] {processor.py:183} INFO - Processing /home/airflow/.local/lib/python3.8/site-packages/airflow/example_dags/example_params_trigger_ui.py took 0.082 seconds
[2025-11-12T23:39:35.082+0000] {processor.py:161} INFO - Started process (PID=873) to work on /home/airflow/.local/lib/python3.8/site-packages/airflow/example_dags/example_params_trigger_ui.py
[2025-11-12T23:39:35.083+0000] {processor.py:830} INFO - Processing file /home/airflow/.local/lib/python3.8/site-packages/airflow/example_dags/example_params_trigger_ui.py for tasks to queue
[2025-11-12T23:39:35.084+0000] {logging_mixin.py:188} INFO - [2025-11-12T23:39:35.084+0000] {dagbag.py:538} INFO - Filling up the DagBag from /home/airflow/.local/lib/python3.8/site-packages/airflow/example_dags/example_params_trigger_ui.py
[2025-11-12T23:39:35.094+0000] {processor.py:840} INFO - DAG(s) 'example_params_trigger_ui' retrieved from /home/airflow/.local/lib/python3.8/site-packages/airflow/example_dags/example_params_trigger_ui.py
[2025-11-12T23:39:35.135+0000] {logging_mixin.py:188} INFO - [2025-11-12T23:39:35.135+0000] {dag.py:3036} INFO - Sync 1 DAGs
[2025-11-12T23:39:35.144+0000] {logging_mixin.py:188} INFO - [2025-11-12T23:39:35.144+0000] {dag.py:3823} INFO - Setting next_dagrun for example_params_trigger_ui to None, run_after=None
[2025-11-12T23:39:35.157+0000] {processor.py:183} INFO - Processing /home/airflow/.local/lib/python3.8/site-packages/airflow/example_dags/example_params_trigger_ui.py took 0.077 seconds
[2025-11-12T23:40:05.451+0000] {processor.py:161} INFO - Started process (PID=930) to work on /home/airflow/.local/lib/python3.8/site-packages/airflow/example_dags/example_params_trigger_ui.py
[2025-11-12T23:40:05.452+0000] {processor.py:830} INFO - Processing file /home/airflow/.local/lib/python3.8/site-packages/airflow/example_dags/example_params_trigger_ui.py for tasks to queue
[2025-11-12T23:40:05.453+0000] {logging_mixin.py:188} INFO - [2025-11-12T23:40:05.453+0000] {dagbag.py:538} INFO - Filling up the DagBag from /home/airflow/.local/lib/python3.8/site-packages/airflow/example_dags/example_params_trigger_ui.py
[2025-11-12T23:40:05.464+0000] {processor.py:840} INFO - DAG(s) 'example_params_trigger_ui' retrieved from /home/airflow/.local/lib/python3.8/site-packages/airflow/example_dags/example_params_trigger_ui.py
[2025-11-12T23:40:05.506+0000] {logging_mixin.py:188} INFO - [2025-11-12T23:40:05.505+0000] {dag.py:3036} INFO - Sync 1 DAGs
[2025-11-12T23:40:05.517+0000] {logging_mixin.py:188} INFO - [2025-11-12T23:40:05.517+0000] {dag.py:3823} INFO - Setting next_dagrun for example_params_trigger_ui to None, run_after=None
[2025-11-12T23:40:05.530+0000] {processor.py:183} INFO - Processing /home/airflow/.local/lib/python3.8/site-packages/airflow/example_dags/example_params_trigger_ui.py took 0.081 seconds
[2025-11-12T23:40:35.599+0000] {processor.py:161} INFO - Started process (PID=987) to work on /home/airflow/.local/lib/python3.8/site-packages/airflow/example_dags/example_params_trigger_ui.py
[2025-11-12T23:40:35.599+0000] {processor.py:830} INFO - Processing file /home/airflow/.local/lib/python3.8/site-packages/airflow/example_dags/example_params_trigger_ui.py for tasks to queue
[2025-11-12T23:40:35.601+0000] {logging_mixin.py:188} INFO - [2025-11-12T23:40:35.600+0000] {dagbag.py:538} INFO - Filling up the DagBag from /home/airflow/.local/lib/python3.8/site-packages/airflow/example_dags/example_params_trigger_ui.py
[2025-11-12T23:40:35.611+0000] {processor.py:840} INFO - DAG(s) 'example_params_trigger_ui' retrieved from /home/airflow/.local/lib/python3.8/site-packages/airflow/example_dags/example_params_trigger_ui.py
[2025-11-12T23:40:35.655+0000] {logging_mixin.py:188} INFO - [2025-11-12T23:40:35.655+0000] {dag.py:3036} INFO - Sync 1 DAGs
[2025-11-12T23:40:35.665+0000] {logging_mixin.py:188} INFO - [2025-11-12T23:40:35.664+0000] {dag.py:3823} INFO - Setting next_dagrun for example_params_trigger_ui to None, run_after=None
[2025-11-12T23:40:35.677+0000] {processor.py:183} INFO - Processing /home/airflow/.local/lib/python3.8/site-packages/airflow/example_dags/example_params_trigger_ui.py took 0.081 seconds
[2025-11-12T23:41:05.833+0000] {processor.py:161} INFO - Started process (PID=1044) to work on /home/airflow/.local/lib/python3.8/site-packages/airflow/example_dags/example_params_trigger_ui.py
[2025-11-12T23:41:05.833+0000] {processor.py:830} INFO - Processing file /home/airflow/.local/lib/python3.8/site-packages/airflow/example_dags/example_params_trigger_ui.py for tasks to queue
[2025-11-12T23:41:05.835+0000] {logging_mixin.py:188} INFO - [2025-11-12T23:41:05.834+0000] {dagbag.py:538} INFO - Filling up the DagBag from /home/airflow/.local/lib/python3.8/site-packages/airflow/example_dags/example_params_trigger_ui.py
[2025-11-12T23:41:05.845+0000] {processor.py:840} INFO - DAG(s) 'example_params_trigger_ui' retrieved from /home/airflow/.local/lib/python3.8/site-packages/airflow/example_dags/example_params_trigger_ui.py
[2025-11-12T23:41:05.888+0000] {logging_mixin.py:188} INFO - [2025-11-12T23:41:05.888+0000] {dag.py:3036} INFO - Sync 1 DAGs
[2025-11-12T23:41:05.898+0000] {logging_mixin.py:188} INFO - [2025-11-12T23:41:05.898+0000] {dag.py:3823} INFO - Setting next_dagrun for example_params_trigger_ui to None, run_after=None
[2025-11-12T23:41:05.913+0000] {processor.py:183} INFO - Processing /home/airflow/.local/lib/python3.8/site-packages/airflow/example_dags/example_params_trigger_ui.py took 0.082 seconds
[2025-11-12T23:41:35.991+0000] {processor.py:161} INFO - Started process (PID=1101) to work on /home/airflow/.local/lib/python3.8/site-packages/airflow/example_dags/example_params_trigger_ui.py
[2025-11-12T23:41:35.992+0000] {processor.py:830} INFO - Processing file /home/airflow/.local/lib/python3.8/site-packages/airflow/example_dags/example_params_trigger_ui.py for tasks to queue
[2025-11-12T23:41:35.993+0000] {logging_mixin.py:188} INFO - [2025-11-12T23:41:35.993+0000] {dagbag.py:538} INFO - Filling up the DagBag from /home/airflow/.local/lib/python3.8/site-packages/airflow/example_dags/example_params_trigger_ui.py
[2025-11-12T23:41:36.004+0000] {processor.py:840} INFO - DAG(s) 'example_params_trigger_ui' retrieved from /home/airflow/.local/lib/python3.8/site-packages/airflow/example_dags/example_params_trigger_ui.py
[2025-11-12T23:41:36.046+0000] {logging_mixin.py:188} INFO - [2025-11-12T23:41:36.046+0000] {dag.py:3036} INFO - Sync 1 DAGs
[2025-11-12T23:41:36.055+0000] {logging_mixin.py:188} INFO - [2025-11-12T23:41:36.055+0000] {dag.py:3823} INFO - Setting next_dagrun for example_params_trigger_ui to None, run_after=None
[2025-11-12T23:41:36.068+0000] {processor.py:183} INFO - Processing /home/airflow/.local/lib/python3.8/site-packages/airflow/example_dags/example_params_trigger_ui.py took 0.080 seconds
[2025-11-12T23:42:06.268+0000] {processor.py:161} INFO - Started process (PID=1158) to work on /home/airflow/.local/lib/python3.8/site-packages/airflow/example_dags/example_params_trigger_ui.py
[2025-11-12T23:42:06.269+0000] {processor.py:830} INFO - Processing file /home/airflow/.local/lib/python3.8/site-packages/airflow/example_dags/example_params_trigger_ui.py for tasks to queue
[2025-11-12T23:42:06.270+0000] {logging_mixin.py:188} INFO - [2025-11-12T23:42:06.270+0000] {dagbag.py:538} INFO - Filling up the DagBag from /home/airflow/.local/lib/python3.8/site-packages/airflow/example_dags/example_params_trigger_ui.py
[2025-11-12T23:42:06.281+0000] {processor.py:840} INFO - DAG(s) 'example_params_trigger_ui' retrieved from /home/airflow/.local/lib/python3.8/site-packages/airflow/example_dags/example_params_trigger_ui.py
[2025-11-12T23:42:06.322+0000] {logging_mixin.py:188} INFO - [2025-11-12T23:42:06.321+0000] {dag.py:3036} INFO - Sync 1 DAGs
[2025-11-12T23:42:06.331+0000] {logging_mixin.py:188} INFO - [2025-11-12T23:42:06.330+0000] {dag.py:3823} INFO - Setting next_dagrun for example_params_trigger_ui to None, run_after=None
[2025-11-12T23:42:06.343+0000] {processor.py:183} INFO - Processing /home/airflow/.local/lib/python3.8/site-packages/airflow/example_dags/example_params_trigger_ui.py took 0.078 seconds
[2025-11-12T23:42:36.445+0000] {processor.py:161} INFO - Started process (PID=1215) to work on /home/airflow/.local/lib/python3.8/site-packages/airflow/example_dags/example_params_trigger_ui.py
[2025-11-12T23:42:36.446+0000] {processor.py:830} INFO - Processing file /home/airflow/.local/lib/python3.8/site-packages/airflow/example_dags/example_params_trigger_ui.py for tasks to queue
[2025-11-12T23:42:36.448+0000] {logging_mixin.py:188} INFO - [2025-11-12T23:42:36.447+0000] {dagbag.py:538} INFO - Filling up the DagBag from /home/airflow/.local/lib/python3.8/site-packages/airflow/example_dags/example_params_trigger_ui.py
[2025-11-12T23:42:36.459+0000] {processor.py:840} INFO - DAG(s) 'example_params_trigger_ui' retrieved from /home/airflow/.local/lib/python3.8/site-packages/airflow/example_dags/example_params_trigger_ui.py
[2025-11-12T23:42:36.502+0000] {logging_mixin.py:188} INFO - [2025-11-12T23:42:36.501+0000] {dag.py:3036} INFO - Sync 1 DAGs
[2025-11-12T23:42:36.511+0000] {logging_mixin.py:188} INFO - [2025-11-12T23:42:36.511+0000] {dag.py:3823} INFO - Setting next_dagrun for example_params_trigger_ui to None, run_after=None
[2025-11-12T23:42:36.524+0000] {processor.py:183} INFO - Processing /home/airflow/.local/lib/python3.8/site-packages/airflow/example_dags/example_params_trigger_ui.py took 0.081 seconds
[2025-11-12T23:43:06.780+0000] {processor.py:161} INFO - Started process (PID=1272) to work on /home/airflow/.local/lib/python3.8/site-packages/airflow/example_dags/example_params_trigger_ui.py
[2025-11-12T23:43:06.780+0000] {processor.py:830} INFO - Processing file /home/airflow/.local/lib/python3.8/site-packages/airflow/example_dags/example_params_trigger_ui.py for tasks to queue
[2025-11-12T23:43:06.782+0000] {logging_mixin.py:188} INFO - [2025-11-12T23:43:06.782+0000] {dagbag.py:538} INFO - Filling up the DagBag from /home/airflow/.local/lib/python3.8/site-packages/airflow/example_dags/example_params_trigger_ui.py
[2025-11-12T23:43:06.792+0000] {processor.py:840} INFO - DAG(s) 'example_params_trigger_ui' retrieved from /home/airflow/.local/lib/python3.8/site-packages/airflow/example_dags/example_params_trigger_ui.py
[2025-11-12T23:43:06.833+0000] {logging_mixin.py:188} INFO - [2025-11-12T23:43:06.833+0000] {dag.py:3036} INFO - Sync 1 DAGs
[2025-11-12T23:43:06.843+0000] {logging_mixin.py:188} INFO - [2025-11-12T23:43:06.843+0000] {dag.py:3823} INFO - Setting next_dagrun for example_params_trigger_ui to None, run_after=None
[2025-11-12T23:43:06.858+0000] {processor.py:183} INFO - Processing /home/airflow/.local/lib/python3.8/site-packages/airflow/example_dags/example_params_trigger_ui.py took 0.080 seconds
[2025-11-12T23:43:37.016+0000] {processor.py:161} INFO - Started process (PID=1329) to work on /home/airflow/.local/lib/python3.8/site-packages/airflow/example_dags/example_params_trigger_ui.py
[2025-11-12T23:43:37.017+0000] {processor.py:830} INFO - Processing file /home/airflow/.local/lib/python3.8/site-packages/airflow/example_dags/example_params_trigger_ui.py for tasks to queue
[2025-11-12T23:43:37.018+0000] {logging_mixin.py:188} INFO - [2025-11-12T23:43:37.018+0000] {dagbag.py:538} INFO - Filling up the DagBag from /home/airflow/.local/lib/python3.8/site-packages/airflow/example_dags/example_params_trigger_ui.py
[2025-11-12T23:43:37.029+0000] {processor.py:840} INFO - DAG(s) 'example_params_trigger_ui' retrieved from /home/airflow/.local/lib/python3.8/site-packages/airflow/example_dags/example_params_trigger_ui.py
[2025-11-12T23:43:37.072+0000] {logging_mixin.py:188} INFO - [2025-11-12T23:43:37.071+0000] {dag.py:3036} INFO - Sync 1 DAGs
[2025-11-12T23:43:37.080+0000] {logging_mixin.py:188} INFO - [2025-11-12T23:43:37.080+0000] {dag.py:3823} INFO - Setting next_dagrun for example_params_trigger_ui to None, run_after=None
[2025-11-12T23:43:37.093+0000] {processor.py:183} INFO - Processing /home/airflow/.local/lib/python3.8/site-packages/airflow/example_dags/example_params_trigger_ui.py took 0.079 seconds
[2025-11-12T23:44:07.370+0000] {processor.py:161} INFO - Started process (PID=1386) to work on /home/airflow/.local/lib/python3.8/site-packages/airflow/example_dags/example_params_trigger_ui.py
[2025-11-12T23:44:07.371+0000] {processor.py:830} INFO - Processing file /home/airflow/.local/lib/python3.8/site-packages/airflow/example_dags/example_params_trigger_ui.py for tasks to queue
[2025-11-12T23:44:07.372+0000] {logging_mixin.py:188} INFO - [2025-11-12T23:44:07.372+0000] {dagbag.py:538} INFO - Filling up the DagBag from /home/airflow/.local/lib/python3.8/site-packages/airflow/example_dags/example_params_trigger_ui.py
[2025-11-12T23:44:07.383+0000] {processor.py:840} INFO - DAG(s) 'example_params_trigger_ui' retrieved from /home/airflow/.local/lib/python3.8/site-packages/airflow/example_dags/example_params_trigger_ui.py
[2025-11-12T23:44:07.426+0000] {logging_mixin.py:188} INFO - [2025-11-12T23:44:07.426+0000] {dag.py:3036} INFO - Sync 1 DAGs
[2025-11-12T23:44:07.436+0000] {logging_mixin.py:188} INFO - [2025-11-12T23:44:07.436+0000] {dag.py:3823} INFO - Setting next_dagrun for example_params_trigger_ui to None, run_after=None
[2025-11-12T23:44:07.450+0000] {processor.py:183} INFO - Processing /home/airflow/.local/lib/python3.8/site-packages/airflow/example_dags/example_params_trigger_ui.py took 0.083 seconds
[2025-11-12T23:44:37.569+0000] {processor.py:161} INFO - Started process (PID=1443) to work on /home/airflow/.local/lib/python3.8/site-packages/airflow/example_dags/example_params_trigger_ui.py
[2025-11-12T23:44:37.570+0000] {processor.py:830} INFO - Processing file /home/airflow/.local/lib/python3.8/site-packages/airflow/example_dags/example_params_trigger_ui.py for tasks to queue
[2025-11-12T23:44:37.571+0000] {logging_mixin.py:188} INFO - [2025-11-12T23:44:37.571+0000] {dagbag.py:538} INFO - Filling up the DagBag from /home/airflow/.local/lib/python3.8/site-packages/airflow/example_dags/example_params_trigger_ui.py
[2025-11-12T23:44:37.582+0000] {processor.py:840} INFO - DAG(s) 'example_params_trigger_ui' retrieved from /home/airflow/.local/lib/python3.8/site-packages/airflow/example_dags/example_params_trigger_ui.py
[2025-11-12T23:44:37.628+0000] {logging_mixin.py:188} INFO - [2025-11-12T23:44:37.628+0000] {dag.py:3036} INFO - Sync 1 DAGs
[2025-11-12T23:44:37.638+0000] {logging_mixin.py:188} INFO - [2025-11-12T23:44:37.637+0000] {dag.py:3823} INFO - Setting next_dagrun for example_params_trigger_ui to None, run_after=None
[2025-11-12T23:44:37.651+0000] {processor.py:183} INFO - Processing /home/airflow/.local/lib/python3.8/site-packages/airflow/example_dags/example_params_trigger_ui.py took 0.085 seconds
[2025-11-12T23:45:07.814+0000] {processor.py:161} INFO - Started process (PID=1500) to work on /home/airflow/.local/lib/python3.8/site-packages/airflow/example_dags/example_params_trigger_ui.py
[2025-11-12T23:45:07.815+0000] {processor.py:830} INFO - Processing file /home/airflow/.local/lib/python3.8/site-packages/airflow/example_dags/example_params_trigger_ui.py for tasks to queue
[2025-11-12T23:45:07.816+0000] {logging_mixin.py:188} INFO - [2025-11-12T23:45:07.816+0000] {dagbag.py:538} INFO - Filling up the DagBag from /home/airflow/.local/lib/python3.8/site-packages/airflow/example_dags/example_params_trigger_ui.py
[2025-11-12T23:45:07.826+0000] {processor.py:840} INFO - DAG(s) 'example_params_trigger_ui' retrieved from /home/airflow/.local/lib/python3.8/site-packages/airflow/example_dags/example_params_trigger_ui.py
[2025-11-12T23:45:07.869+0000] {logging_mixin.py:188} INFO - [2025-11-12T23:45:07.869+0000] {dag.py:3036} INFO - Sync 1 DAGs
[2025-11-12T23:45:07.878+0000] {logging_mixin.py:188} INFO - [2025-11-12T23:45:07.878+0000] {dag.py:3823} INFO - Setting next_dagrun for example_params_trigger_ui to None, run_after=None
[2025-11-12T23:45:07.891+0000] {processor.py:183} INFO - Processing /home/airflow/.local/lib/python3.8/site-packages/airflow/example_dags/example_params_trigger_ui.py took 0.079 seconds
[2025-11-12T23:45:37.949+0000] {processor.py:161} INFO - Started process (PID=1557) to work on /home/airflow/.local/lib/python3.8/site-packages/airflow/example_dags/example_params_trigger_ui.py
[2025-11-12T23:45:37.950+0000] {processor.py:830} INFO - Processing file /home/airflow/.local/lib/python3.8/site-packages/airflow/example_dags/example_params_trigger_ui.py for tasks to queue
[2025-11-12T23:45:37.952+0000] {logging_mixin.py:188} INFO - [2025-11-12T23:45:37.951+0000] {dagbag.py:538} INFO - Filling up the DagBag from /home/airflow/.local/lib/python3.8/site-packages/airflow/example_dags/example_params_trigger_ui.py
[2025-11-12T23:45:37.962+0000] {processor.py:840} INFO - DAG(s) 'example_params_trigger_ui' retrieved from /home/airflow/.local/lib/python3.8/site-packages/airflow/example_dags/example_params_trigger_ui.py
[2025-11-12T23:45:38.006+0000] {logging_mixin.py:188} INFO - [2025-11-12T23:45:38.006+0000] {dag.py:3036} INFO - Sync 1 DAGs
[2025-11-12T23:45:38.015+0000] {logging_mixin.py:188} INFO - [2025-11-12T23:45:38.015+0000] {dag.py:3823} INFO - Setting next_dagrun for example_params_trigger_ui to None, run_after=None
[2025-11-12T23:45:38.029+0000] {processor.py:183} INFO - Processing /home/airflow/.local/lib/python3.8/site-packages/airflow/example_dags/example_params_trigger_ui.py took 0.082 seconds
