[2025-11-12T23:32:28.758+0000] {processor.py:161} INFO - Started process (PID=77) to work on /home/airflow/.local/lib/python3.8/site-packages/airflow/example_dags/example_sensors.py
[2025-11-12T23:32:28.759+0000] {processor.py:830} INFO - Processing file /home/airflow/.local/lib/python3.8/site-packages/airflow/example_dags/example_sensors.py for tasks to queue
[2025-11-12T23:32:28.760+0000] {logging_mixin.py:188} INFO - [2025-11-12T23:32:28.760+0000] {dagbag.py:538} INFO - Filling up the DagBag from /home/airflow/.local/lib/python3.8/site-packages/airflow/example_dags/example_sensors.py
[2025-11-12T23:32:28.771+0000] {processor.py:840} INFO - DAG(s) 'example_sensors' retrieved from /home/airflow/.local/lib/python3.8/site-packages/airflow/example_dags/example_sensors.py
[2025-11-12T23:32:28.854+0000] {logging_mixin.py:188} INFO - [2025-11-12T23:32:28.853+0000] {override.py:1769} INFO - Created Permission View: can delete on DAG:example_sensors
[2025-11-12T23:32:28.863+0000] {logging_mixin.py:188} INFO - [2025-11-12T23:32:28.863+0000] {override.py:1769} INFO - Created Permission View: can edit on DAG:example_sensors
[2025-11-12T23:32:28.868+0000] {logging_mixin.py:188} INFO - [2025-11-12T23:32:28.868+0000] {override.py:1769} INFO - Created Permission View: can read on DAG:example_sensors
[2025-11-12T23:32:28.868+0000] {logging_mixin.py:188} INFO - [2025-11-12T23:32:28.868+0000] {dag.py:3036} INFO - Sync 1 DAGs
[2025-11-12T23:32:28.875+0000] {logging_mixin.py:188} INFO - [2025-11-12T23:32:28.875+0000] {dag.py:3058} INFO - Creating ORM DAG for example_sensors
[2025-11-12T23:32:28.876+0000] {logging_mixin.py:188} INFO - [2025-11-12T23:32:28.876+0000] {dag.py:3823} INFO - Setting next_dagrun for example_sensors to None, run_after=None
[2025-11-12T23:32:28.887+0000] {processor.py:183} INFO - Processing /home/airflow/.local/lib/python3.8/site-packages/airflow/example_dags/example_sensors.py took 0.131 seconds
[2025-11-12T23:32:58.915+0000] {processor.py:161} INFO - Started process (PID=134) to work on /home/airflow/.local/lib/python3.8/site-packages/airflow/example_dags/example_sensors.py
[2025-11-12T23:32:58.916+0000] {processor.py:830} INFO - Processing file /home/airflow/.local/lib/python3.8/site-packages/airflow/example_dags/example_sensors.py for tasks to queue
[2025-11-12T23:32:58.917+0000] {logging_mixin.py:188} INFO - [2025-11-12T23:32:58.917+0000] {dagbag.py:538} INFO - Filling up the DagBag from /home/airflow/.local/lib/python3.8/site-packages/airflow/example_dags/example_sensors.py
[2025-11-12T23:32:58.925+0000] {processor.py:840} INFO - DAG(s) 'example_sensors' retrieved from /home/airflow/.local/lib/python3.8/site-packages/airflow/example_dags/example_sensors.py
[2025-11-12T23:32:58.946+0000] {logging_mixin.py:188} INFO - [2025-11-12T23:32:58.945+0000] {dag.py:3036} INFO - Sync 1 DAGs
[2025-11-12T23:32:58.956+0000] {logging_mixin.py:188} INFO - [2025-11-12T23:32:58.956+0000] {dag.py:3823} INFO - Setting next_dagrun for example_sensors to None, run_after=None
[2025-11-12T23:32:58.969+0000] {processor.py:183} INFO - Processing /home/airflow/.local/lib/python3.8/site-packages/airflow/example_dags/example_sensors.py took 0.057 seconds
[2025-11-12T23:33:29.153+0000] {processor.py:161} INFO - Started process (PID=191) to work on /home/airflow/.local/lib/python3.8/site-packages/airflow/example_dags/example_sensors.py
[2025-11-12T23:33:29.153+0000] {processor.py:830} INFO - Processing file /home/airflow/.local/lib/python3.8/site-packages/airflow/example_dags/example_sensors.py for tasks to queue
[2025-11-12T23:33:29.155+0000] {logging_mixin.py:188} INFO - [2025-11-12T23:33:29.154+0000] {dagbag.py:538} INFO - Filling up the DagBag from /home/airflow/.local/lib/python3.8/site-packages/airflow/example_dags/example_sensors.py
[2025-11-12T23:33:29.162+0000] {processor.py:840} INFO - DAG(s) 'example_sensors' retrieved from /home/airflow/.local/lib/python3.8/site-packages/airflow/example_dags/example_sensors.py
[2025-11-12T23:33:29.183+0000] {logging_mixin.py:188} INFO - [2025-11-12T23:33:29.182+0000] {dag.py:3036} INFO - Sync 1 DAGs
[2025-11-12T23:33:29.192+0000] {logging_mixin.py:188} INFO - [2025-11-12T23:33:29.192+0000] {dag.py:3823} INFO - Setting next_dagrun for example_sensors to None, run_after=None
[2025-11-12T23:33:29.206+0000] {processor.py:183} INFO - Processing /home/airflow/.local/lib/python3.8/site-packages/airflow/example_dags/example_sensors.py took 0.056 seconds
[2025-11-12T23:33:59.478+0000] {processor.py:161} INFO - Started process (PID=254) to work on /home/airflow/.local/lib/python3.8/site-packages/airflow/example_dags/example_sensors.py
[2025-11-12T23:33:59.479+0000] {processor.py:830} INFO - Processing file /home/airflow/.local/lib/python3.8/site-packages/airflow/example_dags/example_sensors.py for tasks to queue
[2025-11-12T23:33:59.480+0000] {logging_mixin.py:188} INFO - [2025-11-12T23:33:59.480+0000] {dagbag.py:538} INFO - Filling up the DagBag from /home/airflow/.local/lib/python3.8/site-packages/airflow/example_dags/example_sensors.py
[2025-11-12T23:33:59.488+0000] {processor.py:840} INFO - DAG(s) 'example_sensors' retrieved from /home/airflow/.local/lib/python3.8/site-packages/airflow/example_dags/example_sensors.py
[2025-11-12T23:33:59.508+0000] {logging_mixin.py:188} INFO - [2025-11-12T23:33:59.508+0000] {dag.py:3036} INFO - Sync 1 DAGs
[2025-11-12T23:33:59.519+0000] {logging_mixin.py:188} INFO - [2025-11-12T23:33:59.519+0000] {dag.py:3823} INFO - Setting next_dagrun for example_sensors to None, run_after=None
[2025-11-12T23:33:59.533+0000] {processor.py:183} INFO - Processing /home/airflow/.local/lib/python3.8/site-packages/airflow/example_dags/example_sensors.py took 0.057 seconds
[2025-11-12T23:34:30.639+0000] {processor.py:161} INFO - Started process (PID=311) to work on /home/airflow/.local/lib/python3.8/site-packages/airflow/example_dags/example_sensors.py
[2025-11-12T23:34:30.639+0000] {processor.py:830} INFO - Processing file /home/airflow/.local/lib/python3.8/site-packages/airflow/example_dags/example_sensors.py for tasks to queue
[2025-11-12T23:34:30.641+0000] {logging_mixin.py:188} INFO - [2025-11-12T23:34:30.641+0000] {dagbag.py:538} INFO - Filling up the DagBag from /home/airflow/.local/lib/python3.8/site-packages/airflow/example_dags/example_sensors.py
[2025-11-12T23:34:30.648+0000] {processor.py:840} INFO - DAG(s) 'example_sensors' retrieved from /home/airflow/.local/lib/python3.8/site-packages/airflow/example_dags/example_sensors.py
[2025-11-12T23:34:30.668+0000] {logging_mixin.py:188} INFO - [2025-11-12T23:34:30.668+0000] {dag.py:3036} INFO - Sync 1 DAGs
[2025-11-12T23:34:30.678+0000] {logging_mixin.py:188} INFO - [2025-11-12T23:34:30.678+0000] {dag.py:3823} INFO - Setting next_dagrun for example_sensors to None, run_after=None
[2025-11-12T23:34:30.692+0000] {processor.py:183} INFO - Processing /home/airflow/.local/lib/python3.8/site-packages/airflow/example_dags/example_sensors.py took 0.056 seconds
[2025-11-12T23:35:01.667+0000] {processor.py:161} INFO - Started process (PID=368) to work on /home/airflow/.local/lib/python3.8/site-packages/airflow/example_dags/example_sensors.py
[2025-11-12T23:35:01.667+0000] {processor.py:830} INFO - Processing file /home/airflow/.local/lib/python3.8/site-packages/airflow/example_dags/example_sensors.py for tasks to queue
[2025-11-12T23:35:01.669+0000] {logging_mixin.py:188} INFO - [2025-11-12T23:35:01.668+0000] {dagbag.py:538} INFO - Filling up the DagBag from /home/airflow/.local/lib/python3.8/site-packages/airflow/example_dags/example_sensors.py
[2025-11-12T23:35:01.676+0000] {processor.py:840} INFO - DAG(s) 'example_sensors' retrieved from /home/airflow/.local/lib/python3.8/site-packages/airflow/example_dags/example_sensors.py
[2025-11-12T23:35:01.694+0000] {logging_mixin.py:188} INFO - [2025-11-12T23:35:01.694+0000] {dag.py:3036} INFO - Sync 1 DAGs
[2025-11-12T23:35:01.703+0000] {logging_mixin.py:188} INFO - [2025-11-12T23:35:01.703+0000] {dag.py:3823} INFO - Setting next_dagrun for example_sensors to None, run_after=None
[2025-11-12T23:35:01.716+0000] {processor.py:183} INFO - Processing /home/airflow/.local/lib/python3.8/site-packages/airflow/example_dags/example_sensors.py took 0.052 seconds
[2025-11-12T23:35:31.987+0000] {processor.py:161} INFO - Started process (PID=425) to work on /home/airflow/.local/lib/python3.8/site-packages/airflow/example_dags/example_sensors.py
[2025-11-12T23:35:31.988+0000] {processor.py:830} INFO - Processing file /home/airflow/.local/lib/python3.8/site-packages/airflow/example_dags/example_sensors.py for tasks to queue
[2025-11-12T23:35:31.989+0000] {logging_mixin.py:188} INFO - [2025-11-12T23:35:31.989+0000] {dagbag.py:538} INFO - Filling up the DagBag from /home/airflow/.local/lib/python3.8/site-packages/airflow/example_dags/example_sensors.py
[2025-11-12T23:35:31.996+0000] {processor.py:840} INFO - DAG(s) 'example_sensors' retrieved from /home/airflow/.local/lib/python3.8/site-packages/airflow/example_dags/example_sensors.py
[2025-11-12T23:35:32.015+0000] {logging_mixin.py:188} INFO - [2025-11-12T23:35:32.015+0000] {dag.py:3036} INFO - Sync 1 DAGs
[2025-11-12T23:35:32.025+0000] {logging_mixin.py:188} INFO - [2025-11-12T23:35:32.024+0000] {dag.py:3823} INFO - Setting next_dagrun for example_sensors to None, run_after=None
[2025-11-12T23:35:32.037+0000] {processor.py:183} INFO - Processing /home/airflow/.local/lib/python3.8/site-packages/airflow/example_dags/example_sensors.py took 0.053 seconds
[2025-11-12T23:36:02.294+0000] {processor.py:161} INFO - Started process (PID=482) to work on /home/airflow/.local/lib/python3.8/site-packages/airflow/example_dags/example_sensors.py
[2025-11-12T23:36:02.295+0000] {processor.py:830} INFO - Processing file /home/airflow/.local/lib/python3.8/site-packages/airflow/example_dags/example_sensors.py for tasks to queue
[2025-11-12T23:36:02.296+0000] {logging_mixin.py:188} INFO - [2025-11-12T23:36:02.296+0000] {dagbag.py:538} INFO - Filling up the DagBag from /home/airflow/.local/lib/python3.8/site-packages/airflow/example_dags/example_sensors.py
[2025-11-12T23:36:02.303+0000] {processor.py:840} INFO - DAG(s) 'example_sensors' retrieved from /home/airflow/.local/lib/python3.8/site-packages/airflow/example_dags/example_sensors.py
[2025-11-12T23:36:02.322+0000] {logging_mixin.py:188} INFO - [2025-11-12T23:36:02.321+0000] {dag.py:3036} INFO - Sync 1 DAGs
[2025-11-12T23:36:02.331+0000] {logging_mixin.py:188} INFO - [2025-11-12T23:36:02.331+0000] {dag.py:3823} INFO - Setting next_dagrun for example_sensors to None, run_after=None
[2025-11-12T23:36:02.344+0000] {processor.py:183} INFO - Processing /home/airflow/.local/lib/python3.8/site-packages/airflow/example_dags/example_sensors.py took 0.052 seconds
[2025-11-12T23:36:32.701+0000] {processor.py:161} INFO - Started process (PID=539) to work on /home/airflow/.local/lib/python3.8/site-packages/airflow/example_dags/example_sensors.py
[2025-11-12T23:36:32.702+0000] {processor.py:830} INFO - Processing file /home/airflow/.local/lib/python3.8/site-packages/airflow/example_dags/example_sensors.py for tasks to queue
[2025-11-12T23:36:32.703+0000] {logging_mixin.py:188} INFO - [2025-11-12T23:36:32.703+0000] {dagbag.py:538} INFO - Filling up the DagBag from /home/airflow/.local/lib/python3.8/site-packages/airflow/example_dags/example_sensors.py
[2025-11-12T23:36:32.710+0000] {processor.py:840} INFO - DAG(s) 'example_sensors' retrieved from /home/airflow/.local/lib/python3.8/site-packages/airflow/example_dags/example_sensors.py
[2025-11-12T23:36:32.728+0000] {logging_mixin.py:188} INFO - [2025-11-12T23:36:32.728+0000] {dag.py:3036} INFO - Sync 1 DAGs
[2025-11-12T23:36:32.737+0000] {logging_mixin.py:188} INFO - [2025-11-12T23:36:32.737+0000] {dag.py:3823} INFO - Setting next_dagrun for example_sensors to None, run_after=None
[2025-11-12T23:36:32.749+0000] {processor.py:183} INFO - Processing /home/airflow/.local/lib/python3.8/site-packages/airflow/example_dags/example_sensors.py took 0.051 seconds
[2025-11-12T23:37:03.148+0000] {processor.py:161} INFO - Started process (PID=596) to work on /home/airflow/.local/lib/python3.8/site-packages/airflow/example_dags/example_sensors.py
[2025-11-12T23:37:03.149+0000] {processor.py:830} INFO - Processing file /home/airflow/.local/lib/python3.8/site-packages/airflow/example_dags/example_sensors.py for tasks to queue
[2025-11-12T23:37:03.150+0000] {logging_mixin.py:188} INFO - [2025-11-12T23:37:03.150+0000] {dagbag.py:538} INFO - Filling up the DagBag from /home/airflow/.local/lib/python3.8/site-packages/airflow/example_dags/example_sensors.py
[2025-11-12T23:37:03.157+0000] {processor.py:840} INFO - DAG(s) 'example_sensors' retrieved from /home/airflow/.local/lib/python3.8/site-packages/airflow/example_dags/example_sensors.py
[2025-11-12T23:37:03.176+0000] {logging_mixin.py:188} INFO - [2025-11-12T23:37:03.176+0000] {dag.py:3036} INFO - Sync 1 DAGs
[2025-11-12T23:37:03.185+0000] {logging_mixin.py:188} INFO - [2025-11-12T23:37:03.185+0000] {dag.py:3823} INFO - Setting next_dagrun for example_sensors to None, run_after=None
[2025-11-12T23:37:03.198+0000] {processor.py:183} INFO - Processing /home/airflow/.local/lib/python3.8/site-packages/airflow/example_dags/example_sensors.py took 0.052 seconds
[2025-11-12T23:37:34.175+0000] {processor.py:161} INFO - Started process (PID=653) to work on /home/airflow/.local/lib/python3.8/site-packages/airflow/example_dags/example_sensors.py
[2025-11-12T23:37:34.176+0000] {processor.py:830} INFO - Processing file /home/airflow/.local/lib/python3.8/site-packages/airflow/example_dags/example_sensors.py for tasks to queue
[2025-11-12T23:37:34.178+0000] {logging_mixin.py:188} INFO - [2025-11-12T23:37:34.177+0000] {dagbag.py:538} INFO - Filling up the DagBag from /home/airflow/.local/lib/python3.8/site-packages/airflow/example_dags/example_sensors.py
[2025-11-12T23:37:34.184+0000] {processor.py:840} INFO - DAG(s) 'example_sensors' retrieved from /home/airflow/.local/lib/python3.8/site-packages/airflow/example_dags/example_sensors.py
[2025-11-12T23:37:34.203+0000] {logging_mixin.py:188} INFO - [2025-11-12T23:37:34.203+0000] {dag.py:3036} INFO - Sync 1 DAGs
[2025-11-12T23:37:34.212+0000] {logging_mixin.py:188} INFO - [2025-11-12T23:37:34.212+0000] {dag.py:3823} INFO - Setting next_dagrun for example_sensors to None, run_after=None
[2025-11-12T23:37:34.224+0000] {processor.py:183} INFO - Processing /home/airflow/.local/lib/python3.8/site-packages/airflow/example_dags/example_sensors.py took 0.051 seconds
[2025-11-12T23:38:04.414+0000] {processor.py:161} INFO - Started process (PID=710) to work on /home/airflow/.local/lib/python3.8/site-packages/airflow/example_dags/example_sensors.py
[2025-11-12T23:38:04.415+0000] {processor.py:830} INFO - Processing file /home/airflow/.local/lib/python3.8/site-packages/airflow/example_dags/example_sensors.py for tasks to queue
[2025-11-12T23:38:04.416+0000] {logging_mixin.py:188} INFO - [2025-11-12T23:38:04.416+0000] {dagbag.py:538} INFO - Filling up the DagBag from /home/airflow/.local/lib/python3.8/site-packages/airflow/example_dags/example_sensors.py
[2025-11-12T23:38:04.423+0000] {processor.py:840} INFO - DAG(s) 'example_sensors' retrieved from /home/airflow/.local/lib/python3.8/site-packages/airflow/example_dags/example_sensors.py
[2025-11-12T23:38:04.441+0000] {logging_mixin.py:188} INFO - [2025-11-12T23:38:04.441+0000] {dag.py:3036} INFO - Sync 1 DAGs
[2025-11-12T23:38:04.450+0000] {logging_mixin.py:188} INFO - [2025-11-12T23:38:04.450+0000] {dag.py:3823} INFO - Setting next_dagrun for example_sensors to None, run_after=None
[2025-11-12T23:38:04.462+0000] {processor.py:183} INFO - Processing /home/airflow/.local/lib/python3.8/site-packages/airflow/example_dags/example_sensors.py took 0.051 seconds
[2025-11-12T23:38:34.658+0000] {processor.py:161} INFO - Started process (PID=767) to work on /home/airflow/.local/lib/python3.8/site-packages/airflow/example_dags/example_sensors.py
[2025-11-12T23:38:34.659+0000] {processor.py:830} INFO - Processing file /home/airflow/.local/lib/python3.8/site-packages/airflow/example_dags/example_sensors.py for tasks to queue
[2025-11-12T23:38:34.660+0000] {logging_mixin.py:188} INFO - [2025-11-12T23:38:34.660+0000] {dagbag.py:538} INFO - Filling up the DagBag from /home/airflow/.local/lib/python3.8/site-packages/airflow/example_dags/example_sensors.py
[2025-11-12T23:38:34.667+0000] {processor.py:840} INFO - DAG(s) 'example_sensors' retrieved from /home/airflow/.local/lib/python3.8/site-packages/airflow/example_dags/example_sensors.py
[2025-11-12T23:38:34.687+0000] {logging_mixin.py:188} INFO - [2025-11-12T23:38:34.687+0000] {dag.py:3036} INFO - Sync 1 DAGs
[2025-11-12T23:38:34.697+0000] {logging_mixin.py:188} INFO - [2025-11-12T23:38:34.697+0000] {dag.py:3823} INFO - Setting next_dagrun for example_sensors to None, run_after=None
[2025-11-12T23:38:34.711+0000] {processor.py:183} INFO - Processing /home/airflow/.local/lib/python3.8/site-packages/airflow/example_dags/example_sensors.py took 0.055 seconds
[2025-11-12T23:39:04.997+0000] {processor.py:161} INFO - Started process (PID=822) to work on /home/airflow/.local/lib/python3.8/site-packages/airflow/example_dags/example_sensors.py
[2025-11-12T23:39:04.998+0000] {processor.py:830} INFO - Processing file /home/airflow/.local/lib/python3.8/site-packages/airflow/example_dags/example_sensors.py for tasks to queue
[2025-11-12T23:39:04.999+0000] {logging_mixin.py:188} INFO - [2025-11-12T23:39:04.999+0000] {dagbag.py:538} INFO - Filling up the DagBag from /home/airflow/.local/lib/python3.8/site-packages/airflow/example_dags/example_sensors.py
[2025-11-12T23:39:05.006+0000] {processor.py:840} INFO - DAG(s) 'example_sensors' retrieved from /home/airflow/.local/lib/python3.8/site-packages/airflow/example_dags/example_sensors.py
[2025-11-12T23:39:05.025+0000] {logging_mixin.py:188} INFO - [2025-11-12T23:39:05.025+0000] {dag.py:3036} INFO - Sync 1 DAGs
[2025-11-12T23:39:05.034+0000] {logging_mixin.py:188} INFO - [2025-11-12T23:39:05.034+0000] {dag.py:3823} INFO - Setting next_dagrun for example_sensors to None, run_after=None
[2025-11-12T23:39:05.048+0000] {processor.py:183} INFO - Processing /home/airflow/.local/lib/python3.8/site-packages/airflow/example_dags/example_sensors.py took 0.055 seconds
[2025-11-12T23:39:35.318+0000] {processor.py:161} INFO - Started process (PID=879) to work on /home/airflow/.local/lib/python3.8/site-packages/airflow/example_dags/example_sensors.py
[2025-11-12T23:39:35.319+0000] {processor.py:830} INFO - Processing file /home/airflow/.local/lib/python3.8/site-packages/airflow/example_dags/example_sensors.py for tasks to queue
[2025-11-12T23:39:35.320+0000] {logging_mixin.py:188} INFO - [2025-11-12T23:39:35.320+0000] {dagbag.py:538} INFO - Filling up the DagBag from /home/airflow/.local/lib/python3.8/site-packages/airflow/example_dags/example_sensors.py
[2025-11-12T23:39:35.327+0000] {processor.py:840} INFO - DAG(s) 'example_sensors' retrieved from /home/airflow/.local/lib/python3.8/site-packages/airflow/example_dags/example_sensors.py
[2025-11-12T23:39:35.346+0000] {logging_mixin.py:188} INFO - [2025-11-12T23:39:35.346+0000] {dag.py:3036} INFO - Sync 1 DAGs
[2025-11-12T23:39:35.354+0000] {logging_mixin.py:188} INFO - [2025-11-12T23:39:35.354+0000] {dag.py:3823} INFO - Setting next_dagrun for example_sensors to None, run_after=None
[2025-11-12T23:39:35.367+0000] {processor.py:183} INFO - Processing /home/airflow/.local/lib/python3.8/site-packages/airflow/example_dags/example_sensors.py took 0.052 seconds
[2025-11-12T23:40:05.697+0000] {processor.py:161} INFO - Started process (PID=936) to work on /home/airflow/.local/lib/python3.8/site-packages/airflow/example_dags/example_sensors.py
[2025-11-12T23:40:05.698+0000] {processor.py:830} INFO - Processing file /home/airflow/.local/lib/python3.8/site-packages/airflow/example_dags/example_sensors.py for tasks to queue
[2025-11-12T23:40:05.699+0000] {logging_mixin.py:188} INFO - [2025-11-12T23:40:05.699+0000] {dagbag.py:538} INFO - Filling up the DagBag from /home/airflow/.local/lib/python3.8/site-packages/airflow/example_dags/example_sensors.py
[2025-11-12T23:40:05.706+0000] {processor.py:840} INFO - DAG(s) 'example_sensors' retrieved from /home/airflow/.local/lib/python3.8/site-packages/airflow/example_dags/example_sensors.py
[2025-11-12T23:40:05.727+0000] {logging_mixin.py:188} INFO - [2025-11-12T23:40:05.727+0000] {dag.py:3036} INFO - Sync 1 DAGs
[2025-11-12T23:40:05.737+0000] {logging_mixin.py:188} INFO - [2025-11-12T23:40:05.737+0000] {dag.py:3823} INFO - Setting next_dagrun for example_sensors to None, run_after=None
[2025-11-12T23:40:05.749+0000] {processor.py:183} INFO - Processing /home/airflow/.local/lib/python3.8/site-packages/airflow/example_dags/example_sensors.py took 0.055 seconds
[2025-11-12T23:40:35.842+0000] {processor.py:161} INFO - Started process (PID=993) to work on /home/airflow/.local/lib/python3.8/site-packages/airflow/example_dags/example_sensors.py
[2025-11-12T23:40:35.843+0000] {processor.py:830} INFO - Processing file /home/airflow/.local/lib/python3.8/site-packages/airflow/example_dags/example_sensors.py for tasks to queue
[2025-11-12T23:40:35.844+0000] {logging_mixin.py:188} INFO - [2025-11-12T23:40:35.844+0000] {dagbag.py:538} INFO - Filling up the DagBag from /home/airflow/.local/lib/python3.8/site-packages/airflow/example_dags/example_sensors.py
[2025-11-12T23:40:35.851+0000] {processor.py:840} INFO - DAG(s) 'example_sensors' retrieved from /home/airflow/.local/lib/python3.8/site-packages/airflow/example_dags/example_sensors.py
[2025-11-12T23:40:35.871+0000] {logging_mixin.py:188} INFO - [2025-11-12T23:40:35.871+0000] {dag.py:3036} INFO - Sync 1 DAGs
[2025-11-12T23:40:35.880+0000] {logging_mixin.py:188} INFO - [2025-11-12T23:40:35.880+0000] {dag.py:3823} INFO - Setting next_dagrun for example_sensors to None, run_after=None
[2025-11-12T23:40:35.900+0000] {processor.py:183} INFO - Processing /home/airflow/.local/lib/python3.8/site-packages/airflow/example_dags/example_sensors.py took 0.061 seconds
[2025-11-12T23:41:06.078+0000] {processor.py:161} INFO - Started process (PID=1050) to work on /home/airflow/.local/lib/python3.8/site-packages/airflow/example_dags/example_sensors.py
[2025-11-12T23:41:06.078+0000] {processor.py:830} INFO - Processing file /home/airflow/.local/lib/python3.8/site-packages/airflow/example_dags/example_sensors.py for tasks to queue
[2025-11-12T23:41:06.080+0000] {logging_mixin.py:188} INFO - [2025-11-12T23:41:06.079+0000] {dagbag.py:538} INFO - Filling up the DagBag from /home/airflow/.local/lib/python3.8/site-packages/airflow/example_dags/example_sensors.py
[2025-11-12T23:41:06.088+0000] {processor.py:840} INFO - DAG(s) 'example_sensors' retrieved from /home/airflow/.local/lib/python3.8/site-packages/airflow/example_dags/example_sensors.py
[2025-11-12T23:41:06.107+0000] {logging_mixin.py:188} INFO - [2025-11-12T23:41:06.107+0000] {dag.py:3036} INFO - Sync 1 DAGs
[2025-11-12T23:41:06.116+0000] {logging_mixin.py:188} INFO - [2025-11-12T23:41:06.116+0000] {dag.py:3823} INFO - Setting next_dagrun for example_sensors to None, run_after=None
[2025-11-12T23:41:06.130+0000] {processor.py:183} INFO - Processing /home/airflow/.local/lib/python3.8/site-packages/airflow/example_dags/example_sensors.py took 0.055 seconds
[2025-11-12T23:41:36.231+0000] {processor.py:161} INFO - Started process (PID=1107) to work on /home/airflow/.local/lib/python3.8/site-packages/airflow/example_dags/example_sensors.py
[2025-11-12T23:41:36.232+0000] {processor.py:830} INFO - Processing file /home/airflow/.local/lib/python3.8/site-packages/airflow/example_dags/example_sensors.py for tasks to queue
[2025-11-12T23:41:36.233+0000] {logging_mixin.py:188} INFO - [2025-11-12T23:41:36.233+0000] {dagbag.py:538} INFO - Filling up the DagBag from /home/airflow/.local/lib/python3.8/site-packages/airflow/example_dags/example_sensors.py
[2025-11-12T23:41:36.240+0000] {processor.py:840} INFO - DAG(s) 'example_sensors' retrieved from /home/airflow/.local/lib/python3.8/site-packages/airflow/example_dags/example_sensors.py
[2025-11-12T23:41:36.259+0000] {logging_mixin.py:188} INFO - [2025-11-12T23:41:36.259+0000] {dag.py:3036} INFO - Sync 1 DAGs
[2025-11-12T23:41:36.268+0000] {logging_mixin.py:188} INFO - [2025-11-12T23:41:36.268+0000] {dag.py:3823} INFO - Setting next_dagrun for example_sensors to None, run_after=None
[2025-11-12T23:41:36.281+0000] {processor.py:183} INFO - Processing /home/airflow/.local/lib/python3.8/site-packages/airflow/example_dags/example_sensors.py took 0.053 seconds
[2025-11-12T23:42:06.505+0000] {processor.py:161} INFO - Started process (PID=1164) to work on /home/airflow/.local/lib/python3.8/site-packages/airflow/example_dags/example_sensors.py
[2025-11-12T23:42:06.506+0000] {processor.py:830} INFO - Processing file /home/airflow/.local/lib/python3.8/site-packages/airflow/example_dags/example_sensors.py for tasks to queue
[2025-11-12T23:42:06.507+0000] {logging_mixin.py:188} INFO - [2025-11-12T23:42:06.507+0000] {dagbag.py:538} INFO - Filling up the DagBag from /home/airflow/.local/lib/python3.8/site-packages/airflow/example_dags/example_sensors.py
[2025-11-12T23:42:06.515+0000] {processor.py:840} INFO - DAG(s) 'example_sensors' retrieved from /home/airflow/.local/lib/python3.8/site-packages/airflow/example_dags/example_sensors.py
[2025-11-12T23:42:06.534+0000] {logging_mixin.py:188} INFO - [2025-11-12T23:42:06.533+0000] {dag.py:3036} INFO - Sync 1 DAGs
[2025-11-12T23:42:06.542+0000] {logging_mixin.py:188} INFO - [2025-11-12T23:42:06.542+0000] {dag.py:3823} INFO - Setting next_dagrun for example_sensors to None, run_after=None
[2025-11-12T23:42:06.556+0000] {processor.py:183} INFO - Processing /home/airflow/.local/lib/python3.8/site-packages/airflow/example_dags/example_sensors.py took 0.053 seconds
[2025-11-12T23:42:36.713+0000] {processor.py:161} INFO - Started process (PID=1221) to work on /home/airflow/.local/lib/python3.8/site-packages/airflow/example_dags/example_sensors.py
[2025-11-12T23:42:36.714+0000] {processor.py:830} INFO - Processing file /home/airflow/.local/lib/python3.8/site-packages/airflow/example_dags/example_sensors.py for tasks to queue
[2025-11-12T23:42:36.715+0000] {logging_mixin.py:188} INFO - [2025-11-12T23:42:36.715+0000] {dagbag.py:538} INFO - Filling up the DagBag from /home/airflow/.local/lib/python3.8/site-packages/airflow/example_dags/example_sensors.py
[2025-11-12T23:42:36.723+0000] {processor.py:840} INFO - DAG(s) 'example_sensors' retrieved from /home/airflow/.local/lib/python3.8/site-packages/airflow/example_dags/example_sensors.py
[2025-11-12T23:42:36.744+0000] {logging_mixin.py:188} INFO - [2025-11-12T23:42:36.744+0000] {dag.py:3036} INFO - Sync 1 DAGs
[2025-11-12T23:42:36.755+0000] {logging_mixin.py:188} INFO - [2025-11-12T23:42:36.755+0000] {dag.py:3823} INFO - Setting next_dagrun for example_sensors to None, run_after=None
[2025-11-12T23:42:36.771+0000] {processor.py:183} INFO - Processing /home/airflow/.local/lib/python3.8/site-packages/airflow/example_dags/example_sensors.py took 0.061 seconds
[2025-11-12T23:43:07.024+0000] {processor.py:161} INFO - Started process (PID=1278) to work on /home/airflow/.local/lib/python3.8/site-packages/airflow/example_dags/example_sensors.py
[2025-11-12T23:43:07.025+0000] {processor.py:830} INFO - Processing file /home/airflow/.local/lib/python3.8/site-packages/airflow/example_dags/example_sensors.py for tasks to queue
[2025-11-12T23:43:07.026+0000] {logging_mixin.py:188} INFO - [2025-11-12T23:43:07.026+0000] {dagbag.py:538} INFO - Filling up the DagBag from /home/airflow/.local/lib/python3.8/site-packages/airflow/example_dags/example_sensors.py
[2025-11-12T23:43:07.032+0000] {processor.py:840} INFO - DAG(s) 'example_sensors' retrieved from /home/airflow/.local/lib/python3.8/site-packages/airflow/example_dags/example_sensors.py
[2025-11-12T23:43:07.053+0000] {logging_mixin.py:188} INFO - [2025-11-12T23:43:07.053+0000] {dag.py:3036} INFO - Sync 1 DAGs
[2025-11-12T23:43:07.063+0000] {logging_mixin.py:188} INFO - [2025-11-12T23:43:07.062+0000] {dag.py:3823} INFO - Setting next_dagrun for example_sensors to None, run_after=None
[2025-11-12T23:43:07.075+0000] {processor.py:183} INFO - Processing /home/airflow/.local/lib/python3.8/site-packages/airflow/example_dags/example_sensors.py took 0.053 seconds
[2025-11-12T23:43:37.258+0000] {processor.py:161} INFO - Started process (PID=1335) to work on /home/airflow/.local/lib/python3.8/site-packages/airflow/example_dags/example_sensors.py
[2025-11-12T23:43:37.259+0000] {processor.py:830} INFO - Processing file /home/airflow/.local/lib/python3.8/site-packages/airflow/example_dags/example_sensors.py for tasks to queue
[2025-11-12T23:43:37.260+0000] {logging_mixin.py:188} INFO - [2025-11-12T23:43:37.260+0000] {dagbag.py:538} INFO - Filling up the DagBag from /home/airflow/.local/lib/python3.8/site-packages/airflow/example_dags/example_sensors.py
[2025-11-12T23:43:37.267+0000] {processor.py:840} INFO - DAG(s) 'example_sensors' retrieved from /home/airflow/.local/lib/python3.8/site-packages/airflow/example_dags/example_sensors.py
[2025-11-12T23:43:37.286+0000] {logging_mixin.py:188} INFO - [2025-11-12T23:43:37.285+0000] {dag.py:3036} INFO - Sync 1 DAGs
[2025-11-12T23:43:37.294+0000] {logging_mixin.py:188} INFO - [2025-11-12T23:43:37.294+0000] {dag.py:3823} INFO - Setting next_dagrun for example_sensors to None, run_after=None
[2025-11-12T23:43:37.307+0000] {processor.py:183} INFO - Processing /home/airflow/.local/lib/python3.8/site-packages/airflow/example_dags/example_sensors.py took 0.051 seconds
[2025-11-12T23:44:07.623+0000] {processor.py:161} INFO - Started process (PID=1392) to work on /home/airflow/.local/lib/python3.8/site-packages/airflow/example_dags/example_sensors.py
[2025-11-12T23:44:07.623+0000] {processor.py:830} INFO - Processing file /home/airflow/.local/lib/python3.8/site-packages/airflow/example_dags/example_sensors.py for tasks to queue
[2025-11-12T23:44:07.625+0000] {logging_mixin.py:188} INFO - [2025-11-12T23:44:07.624+0000] {dagbag.py:538} INFO - Filling up the DagBag from /home/airflow/.local/lib/python3.8/site-packages/airflow/example_dags/example_sensors.py
[2025-11-12T23:44:07.633+0000] {processor.py:840} INFO - DAG(s) 'example_sensors' retrieved from /home/airflow/.local/lib/python3.8/site-packages/airflow/example_dags/example_sensors.py
[2025-11-12T23:44:07.653+0000] {logging_mixin.py:188} INFO - [2025-11-12T23:44:07.653+0000] {dag.py:3036} INFO - Sync 1 DAGs
[2025-11-12T23:44:07.664+0000] {logging_mixin.py:188} INFO - [2025-11-12T23:44:07.664+0000] {dag.py:3823} INFO - Setting next_dagrun for example_sensors to None, run_after=None
[2025-11-12T23:44:07.677+0000] {processor.py:183} INFO - Processing /home/airflow/.local/lib/python3.8/site-packages/airflow/example_dags/example_sensors.py took 0.057 seconds
[2025-11-12T23:44:37.821+0000] {processor.py:161} INFO - Started process (PID=1449) to work on /home/airflow/.local/lib/python3.8/site-packages/airflow/example_dags/example_sensors.py
[2025-11-12T23:44:37.822+0000] {processor.py:830} INFO - Processing file /home/airflow/.local/lib/python3.8/site-packages/airflow/example_dags/example_sensors.py for tasks to queue
[2025-11-12T23:44:37.823+0000] {logging_mixin.py:188} INFO - [2025-11-12T23:44:37.823+0000] {dagbag.py:538} INFO - Filling up the DagBag from /home/airflow/.local/lib/python3.8/site-packages/airflow/example_dags/example_sensors.py
[2025-11-12T23:44:37.831+0000] {processor.py:840} INFO - DAG(s) 'example_sensors' retrieved from /home/airflow/.local/lib/python3.8/site-packages/airflow/example_dags/example_sensors.py
[2025-11-12T23:44:37.852+0000] {logging_mixin.py:188} INFO - [2025-11-12T23:44:37.852+0000] {dag.py:3036} INFO - Sync 1 DAGs
[2025-11-12T23:44:37.863+0000] {logging_mixin.py:188} INFO - [2025-11-12T23:44:37.863+0000] {dag.py:3823} INFO - Setting next_dagrun for example_sensors to None, run_after=None
[2025-11-12T23:44:37.879+0000] {processor.py:183} INFO - Processing /home/airflow/.local/lib/python3.8/site-packages/airflow/example_dags/example_sensors.py took 0.061 seconds
[2025-11-12T23:45:08.052+0000] {processor.py:161} INFO - Started process (PID=1506) to work on /home/airflow/.local/lib/python3.8/site-packages/airflow/example_dags/example_sensors.py
[2025-11-12T23:45:08.053+0000] {processor.py:830} INFO - Processing file /home/airflow/.local/lib/python3.8/site-packages/airflow/example_dags/example_sensors.py for tasks to queue
[2025-11-12T23:45:08.054+0000] {logging_mixin.py:188} INFO - [2025-11-12T23:45:08.054+0000] {dagbag.py:538} INFO - Filling up the DagBag from /home/airflow/.local/lib/python3.8/site-packages/airflow/example_dags/example_sensors.py
[2025-11-12T23:45:08.061+0000] {processor.py:840} INFO - DAG(s) 'example_sensors' retrieved from /home/airflow/.local/lib/python3.8/site-packages/airflow/example_dags/example_sensors.py
[2025-11-12T23:45:08.079+0000] {logging_mixin.py:188} INFO - [2025-11-12T23:45:08.079+0000] {dag.py:3036} INFO - Sync 1 DAGs
[2025-11-12T23:45:08.088+0000] {logging_mixin.py:188} INFO - [2025-11-12T23:45:08.088+0000] {dag.py:3823} INFO - Setting next_dagrun for example_sensors to None, run_after=None
[2025-11-12T23:45:08.100+0000] {processor.py:183} INFO - Processing /home/airflow/.local/lib/python3.8/site-packages/airflow/example_dags/example_sensors.py took 0.051 seconds
[2025-11-12T23:45:38.230+0000] {processor.py:161} INFO - Started process (PID=1563) to work on /home/airflow/.local/lib/python3.8/site-packages/airflow/example_dags/example_sensors.py
[2025-11-12T23:45:38.231+0000] {processor.py:830} INFO - Processing file /home/airflow/.local/lib/python3.8/site-packages/airflow/example_dags/example_sensors.py for tasks to queue
[2025-11-12T23:45:38.233+0000] {logging_mixin.py:188} INFO - [2025-11-12T23:45:38.232+0000] {dagbag.py:538} INFO - Filling up the DagBag from /home/airflow/.local/lib/python3.8/site-packages/airflow/example_dags/example_sensors.py
[2025-11-12T23:45:38.240+0000] {processor.py:840} INFO - DAG(s) 'example_sensors' retrieved from /home/airflow/.local/lib/python3.8/site-packages/airflow/example_dags/example_sensors.py
[2025-11-12T23:45:38.261+0000] {logging_mixin.py:188} INFO - [2025-11-12T23:45:38.260+0000] {dag.py:3036} INFO - Sync 1 DAGs
[2025-11-12T23:45:38.270+0000] {logging_mixin.py:188} INFO - [2025-11-12T23:45:38.270+0000] {dag.py:3823} INFO - Setting next_dagrun for example_sensors to None, run_after=None
[2025-11-12T23:45:38.283+0000] {processor.py:183} INFO - Processing /home/airflow/.local/lib/python3.8/site-packages/airflow/example_dags/example_sensors.py took 0.055 seconds
