[2025-11-12T23:32:27.851+0000] {processor.py:161} INFO - Started process (PID=66) to work on /home/airflow/.local/lib/python3.8/site-packages/airflow/example_dags/example_kubernetes_executor.py
[2025-11-12T23:32:27.852+0000] {processor.py:830} INFO - Processing file /home/airflow/.local/lib/python3.8/site-packages/airflow/example_dags/example_kubernetes_executor.py for tasks to queue
[2025-11-12T23:32:27.853+0000] {logging_mixin.py:188} INFO - [2025-11-12T23:32:27.853+0000] {dagbag.py:538} INFO - Filling up the DagBag from /home/airflow/.local/lib/python3.8/site-packages/airflow/example_dags/example_kubernetes_executor.py
[2025-11-12T23:32:27.867+0000] {processor.py:840} INFO - DAG(s) 'example_kubernetes_executor' retrieved from /home/airflow/.local/lib/python3.8/site-packages/airflow/example_dags/example_kubernetes_executor.py
[2025-11-12T23:32:27.964+0000] {logging_mixin.py:188} INFO - [2025-11-12T23:32:27.963+0000] {override.py:1769} INFO - Created Permission View: can delete on DAG:example_kubernetes_executor
[2025-11-12T23:32:27.971+0000] {logging_mixin.py:188} INFO - [2025-11-12T23:32:27.971+0000] {override.py:1769} INFO - Created Permission View: can edit on DAG:example_kubernetes_executor
[2025-11-12T23:32:27.978+0000] {logging_mixin.py:188} INFO - [2025-11-12T23:32:27.977+0000] {override.py:1769} INFO - Created Permission View: can read on DAG:example_kubernetes_executor
[2025-11-12T23:32:27.978+0000] {logging_mixin.py:188} INFO - [2025-11-12T23:32:27.978+0000] {dag.py:3036} INFO - Sync 1 DAGs
[2025-11-12T23:32:27.986+0000] {logging_mixin.py:188} INFO - [2025-11-12T23:32:27.986+0000] {dag.py:3058} INFO - Creating ORM DAG for example_kubernetes_executor
[2025-11-12T23:32:27.986+0000] {logging_mixin.py:188} INFO - [2025-11-12T23:32:27.986+0000] {dag.py:3823} INFO - Setting next_dagrun for example_kubernetes_executor to None, run_after=None
[2025-11-12T23:32:28.000+0000] {processor.py:183} INFO - Processing /home/airflow/.local/lib/python3.8/site-packages/airflow/example_dags/example_kubernetes_executor.py took 0.151 seconds
[2025-11-12T23:32:58.284+0000] {processor.py:161} INFO - Started process (PID=123) to work on /home/airflow/.local/lib/python3.8/site-packages/airflow/example_dags/example_kubernetes_executor.py
[2025-11-12T23:32:58.284+0000] {processor.py:830} INFO - Processing file /home/airflow/.local/lib/python3.8/site-packages/airflow/example_dags/example_kubernetes_executor.py for tasks to queue
[2025-11-12T23:32:58.285+0000] {logging_mixin.py:188} INFO - [2025-11-12T23:32:58.285+0000] {dagbag.py:538} INFO - Filling up the DagBag from /home/airflow/.local/lib/python3.8/site-packages/airflow/example_dags/example_kubernetes_executor.py
[2025-11-12T23:32:58.296+0000] {processor.py:840} INFO - DAG(s) 'example_kubernetes_executor' retrieved from /home/airflow/.local/lib/python3.8/site-packages/airflow/example_dags/example_kubernetes_executor.py
[2025-11-12T23:32:58.325+0000] {logging_mixin.py:188} INFO - [2025-11-12T23:32:58.324+0000] {dag.py:3036} INFO - Sync 1 DAGs
[2025-11-12T23:32:58.334+0000] {logging_mixin.py:188} INFO - [2025-11-12T23:32:58.334+0000] {dag.py:3823} INFO - Setting next_dagrun for example_kubernetes_executor to None, run_after=None
[2025-11-12T23:32:58.346+0000] {processor.py:183} INFO - Processing /home/airflow/.local/lib/python3.8/site-packages/airflow/example_dags/example_kubernetes_executor.py took 0.065 seconds
[2025-11-12T23:33:28.699+0000] {processor.py:161} INFO - Started process (PID=180) to work on /home/airflow/.local/lib/python3.8/site-packages/airflow/example_dags/example_kubernetes_executor.py
[2025-11-12T23:33:28.700+0000] {processor.py:830} INFO - Processing file /home/airflow/.local/lib/python3.8/site-packages/airflow/example_dags/example_kubernetes_executor.py for tasks to queue
[2025-11-12T23:33:28.701+0000] {logging_mixin.py:188} INFO - [2025-11-12T23:33:28.701+0000] {dagbag.py:538} INFO - Filling up the DagBag from /home/airflow/.local/lib/python3.8/site-packages/airflow/example_dags/example_kubernetes_executor.py
[2025-11-12T23:33:28.713+0000] {processor.py:840} INFO - DAG(s) 'example_kubernetes_executor' retrieved from /home/airflow/.local/lib/python3.8/site-packages/airflow/example_dags/example_kubernetes_executor.py
[2025-11-12T23:33:28.745+0000] {logging_mixin.py:188} INFO - [2025-11-12T23:33:28.745+0000] {dag.py:3036} INFO - Sync 1 DAGs
[2025-11-12T23:33:28.755+0000] {logging_mixin.py:188} INFO - [2025-11-12T23:33:28.755+0000] {dag.py:3823} INFO - Setting next_dagrun for example_kubernetes_executor to None, run_after=None
[2025-11-12T23:33:28.770+0000] {processor.py:183} INFO - Processing /home/airflow/.local/lib/python3.8/site-packages/airflow/example_dags/example_kubernetes_executor.py took 0.075 seconds
[2025-11-12T23:33:59.066+0000] {processor.py:161} INFO - Started process (PID=237) to work on /home/airflow/.local/lib/python3.8/site-packages/airflow/example_dags/example_kubernetes_executor.py
[2025-11-12T23:33:59.067+0000] {processor.py:830} INFO - Processing file /home/airflow/.local/lib/python3.8/site-packages/airflow/example_dags/example_kubernetes_executor.py for tasks to queue
[2025-11-12T23:33:59.068+0000] {logging_mixin.py:188} INFO - [2025-11-12T23:33:59.068+0000] {dagbag.py:538} INFO - Filling up the DagBag from /home/airflow/.local/lib/python3.8/site-packages/airflow/example_dags/example_kubernetes_executor.py
[2025-11-12T23:33:59.081+0000] {processor.py:840} INFO - DAG(s) 'example_kubernetes_executor' retrieved from /home/airflow/.local/lib/python3.8/site-packages/airflow/example_dags/example_kubernetes_executor.py
[2025-11-12T23:33:59.108+0000] {logging_mixin.py:188} INFO - [2025-11-12T23:33:59.108+0000] {dag.py:3036} INFO - Sync 1 DAGs
[2025-11-12T23:33:59.117+0000] {logging_mixin.py:188} INFO - [2025-11-12T23:33:59.117+0000] {dag.py:3823} INFO - Setting next_dagrun for example_kubernetes_executor to None, run_after=None
[2025-11-12T23:33:59.130+0000] {processor.py:183} INFO - Processing /home/airflow/.local/lib/python3.8/site-packages/airflow/example_dags/example_kubernetes_executor.py took 0.067 seconds
[2025-11-12T23:34:30.146+0000] {processor.py:161} INFO - Started process (PID=300) to work on /home/airflow/.local/lib/python3.8/site-packages/airflow/example_dags/example_kubernetes_executor.py
[2025-11-12T23:34:30.147+0000] {processor.py:830} INFO - Processing file /home/airflow/.local/lib/python3.8/site-packages/airflow/example_dags/example_kubernetes_executor.py for tasks to queue
[2025-11-12T23:34:30.148+0000] {logging_mixin.py:188} INFO - [2025-11-12T23:34:30.148+0000] {dagbag.py:538} INFO - Filling up the DagBag from /home/airflow/.local/lib/python3.8/site-packages/airflow/example_dags/example_kubernetes_executor.py
[2025-11-12T23:34:30.159+0000] {processor.py:840} INFO - DAG(s) 'example_kubernetes_executor' retrieved from /home/airflow/.local/lib/python3.8/site-packages/airflow/example_dags/example_kubernetes_executor.py
[2025-11-12T23:34:30.189+0000] {logging_mixin.py:188} INFO - [2025-11-12T23:34:30.189+0000] {dag.py:3036} INFO - Sync 1 DAGs
[2025-11-12T23:34:30.198+0000] {logging_mixin.py:188} INFO - [2025-11-12T23:34:30.198+0000] {dag.py:3823} INFO - Setting next_dagrun for example_kubernetes_executor to None, run_after=None
[2025-11-12T23:34:30.211+0000] {processor.py:183} INFO - Processing /home/airflow/.local/lib/python3.8/site-packages/airflow/example_dags/example_kubernetes_executor.py took 0.068 seconds
[2025-11-12T23:35:01.225+0000] {processor.py:161} INFO - Started process (PID=357) to work on /home/airflow/.local/lib/python3.8/site-packages/airflow/example_dags/example_kubernetes_executor.py
[2025-11-12T23:35:01.226+0000] {processor.py:830} INFO - Processing file /home/airflow/.local/lib/python3.8/site-packages/airflow/example_dags/example_kubernetes_executor.py for tasks to queue
[2025-11-12T23:35:01.227+0000] {logging_mixin.py:188} INFO - [2025-11-12T23:35:01.227+0000] {dagbag.py:538} INFO - Filling up the DagBag from /home/airflow/.local/lib/python3.8/site-packages/airflow/example_dags/example_kubernetes_executor.py
[2025-11-12T23:35:01.238+0000] {processor.py:840} INFO - DAG(s) 'example_kubernetes_executor' retrieved from /home/airflow/.local/lib/python3.8/site-packages/airflow/example_dags/example_kubernetes_executor.py
[2025-11-12T23:35:01.266+0000] {logging_mixin.py:188} INFO - [2025-11-12T23:35:01.266+0000] {dag.py:3036} INFO - Sync 1 DAGs
[2025-11-12T23:35:01.275+0000] {logging_mixin.py:188} INFO - [2025-11-12T23:35:01.275+0000] {dag.py:3823} INFO - Setting next_dagrun for example_kubernetes_executor to None, run_after=None
[2025-11-12T23:35:01.289+0000] {processor.py:183} INFO - Processing /home/airflow/.local/lib/python3.8/site-packages/airflow/example_dags/example_kubernetes_executor.py took 0.066 seconds
[2025-11-12T23:35:31.508+0000] {processor.py:161} INFO - Started process (PID=414) to work on /home/airflow/.local/lib/python3.8/site-packages/airflow/example_dags/example_kubernetes_executor.py
[2025-11-12T23:35:31.509+0000] {processor.py:830} INFO - Processing file /home/airflow/.local/lib/python3.8/site-packages/airflow/example_dags/example_kubernetes_executor.py for tasks to queue
[2025-11-12T23:35:31.510+0000] {logging_mixin.py:188} INFO - [2025-11-12T23:35:31.510+0000] {dagbag.py:538} INFO - Filling up the DagBag from /home/airflow/.local/lib/python3.8/site-packages/airflow/example_dags/example_kubernetes_executor.py
[2025-11-12T23:35:31.521+0000] {processor.py:840} INFO - DAG(s) 'example_kubernetes_executor' retrieved from /home/airflow/.local/lib/python3.8/site-packages/airflow/example_dags/example_kubernetes_executor.py
[2025-11-12T23:35:31.550+0000] {logging_mixin.py:188} INFO - [2025-11-12T23:35:31.550+0000] {dag.py:3036} INFO - Sync 1 DAGs
[2025-11-12T23:35:31.560+0000] {logging_mixin.py:188} INFO - [2025-11-12T23:35:31.560+0000] {dag.py:3823} INFO - Setting next_dagrun for example_kubernetes_executor to None, run_after=None
[2025-11-12T23:35:31.574+0000] {processor.py:183} INFO - Processing /home/airflow/.local/lib/python3.8/site-packages/airflow/example_dags/example_kubernetes_executor.py took 0.069 seconds
[2025-11-12T23:36:01.752+0000] {processor.py:161} INFO - Started process (PID=471) to work on /home/airflow/.local/lib/python3.8/site-packages/airflow/example_dags/example_kubernetes_executor.py
[2025-11-12T23:36:01.753+0000] {processor.py:830} INFO - Processing file /home/airflow/.local/lib/python3.8/site-packages/airflow/example_dags/example_kubernetes_executor.py for tasks to queue
[2025-11-12T23:36:01.754+0000] {logging_mixin.py:188} INFO - [2025-11-12T23:36:01.754+0000] {dagbag.py:538} INFO - Filling up the DagBag from /home/airflow/.local/lib/python3.8/site-packages/airflow/example_dags/example_kubernetes_executor.py
[2025-11-12T23:36:01.765+0000] {processor.py:840} INFO - DAG(s) 'example_kubernetes_executor' retrieved from /home/airflow/.local/lib/python3.8/site-packages/airflow/example_dags/example_kubernetes_executor.py
[2025-11-12T23:36:01.794+0000] {logging_mixin.py:188} INFO - [2025-11-12T23:36:01.793+0000] {dag.py:3036} INFO - Sync 1 DAGs
[2025-11-12T23:36:01.802+0000] {logging_mixin.py:188} INFO - [2025-11-12T23:36:01.802+0000] {dag.py:3823} INFO - Setting next_dagrun for example_kubernetes_executor to None, run_after=None
[2025-11-12T23:36:01.815+0000] {processor.py:183} INFO - Processing /home/airflow/.local/lib/python3.8/site-packages/airflow/example_dags/example_kubernetes_executor.py took 0.066 seconds
[2025-11-12T23:36:32.006+0000] {processor.py:161} INFO - Started process (PID=526) to work on /home/airflow/.local/lib/python3.8/site-packages/airflow/example_dags/example_kubernetes_executor.py
[2025-11-12T23:36:32.006+0000] {processor.py:830} INFO - Processing file /home/airflow/.local/lib/python3.8/site-packages/airflow/example_dags/example_kubernetes_executor.py for tasks to queue
[2025-11-12T23:36:32.008+0000] {logging_mixin.py:188} INFO - [2025-11-12T23:36:32.007+0000] {dagbag.py:538} INFO - Filling up the DagBag from /home/airflow/.local/lib/python3.8/site-packages/airflow/example_dags/example_kubernetes_executor.py
[2025-11-12T23:36:32.018+0000] {processor.py:840} INFO - DAG(s) 'example_kubernetes_executor' retrieved from /home/airflow/.local/lib/python3.8/site-packages/airflow/example_dags/example_kubernetes_executor.py
[2025-11-12T23:36:32.048+0000] {logging_mixin.py:188} INFO - [2025-11-12T23:36:32.048+0000] {dag.py:3036} INFO - Sync 1 DAGs
[2025-11-12T23:36:32.057+0000] {logging_mixin.py:188} INFO - [2025-11-12T23:36:32.057+0000] {dag.py:3823} INFO - Setting next_dagrun for example_kubernetes_executor to None, run_after=None
[2025-11-12T23:36:32.070+0000] {processor.py:183} INFO - Processing /home/airflow/.local/lib/python3.8/site-packages/airflow/example_dags/example_kubernetes_executor.py took 0.067 seconds
[2025-11-12T23:37:02.345+0000] {processor.py:161} INFO - Started process (PID=583) to work on /home/airflow/.local/lib/python3.8/site-packages/airflow/example_dags/example_kubernetes_executor.py
[2025-11-12T23:37:02.347+0000] {processor.py:830} INFO - Processing file /home/airflow/.local/lib/python3.8/site-packages/airflow/example_dags/example_kubernetes_executor.py for tasks to queue
[2025-11-12T23:37:02.348+0000] {logging_mixin.py:188} INFO - [2025-11-12T23:37:02.348+0000] {dagbag.py:538} INFO - Filling up the DagBag from /home/airflow/.local/lib/python3.8/site-packages/airflow/example_dags/example_kubernetes_executor.py
[2025-11-12T23:37:02.360+0000] {processor.py:840} INFO - DAG(s) 'example_kubernetes_executor' retrieved from /home/airflow/.local/lib/python3.8/site-packages/airflow/example_dags/example_kubernetes_executor.py
[2025-11-12T23:37:02.387+0000] {logging_mixin.py:188} INFO - [2025-11-12T23:37:02.387+0000] {dag.py:3036} INFO - Sync 1 DAGs
[2025-11-12T23:37:02.397+0000] {logging_mixin.py:188} INFO - [2025-11-12T23:37:02.397+0000] {dag.py:3823} INFO - Setting next_dagrun for example_kubernetes_executor to None, run_after=None
[2025-11-12T23:37:02.410+0000] {processor.py:183} INFO - Processing /home/airflow/.local/lib/python3.8/site-packages/airflow/example_dags/example_kubernetes_executor.py took 0.067 seconds
[2025-11-12T23:37:32.588+0000] {processor.py:161} INFO - Started process (PID=640) to work on /home/airflow/.local/lib/python3.8/site-packages/airflow/example_dags/example_kubernetes_executor.py
[2025-11-12T23:37:32.589+0000] {processor.py:830} INFO - Processing file /home/airflow/.local/lib/python3.8/site-packages/airflow/example_dags/example_kubernetes_executor.py for tasks to queue
[2025-11-12T23:37:32.590+0000] {logging_mixin.py:188} INFO - [2025-11-12T23:37:32.590+0000] {dagbag.py:538} INFO - Filling up the DagBag from /home/airflow/.local/lib/python3.8/site-packages/airflow/example_dags/example_kubernetes_executor.py
[2025-11-12T23:37:32.601+0000] {processor.py:840} INFO - DAG(s) 'example_kubernetes_executor' retrieved from /home/airflow/.local/lib/python3.8/site-packages/airflow/example_dags/example_kubernetes_executor.py
[2025-11-12T23:37:32.629+0000] {logging_mixin.py:188} INFO - [2025-11-12T23:37:32.628+0000] {dag.py:3036} INFO - Sync 1 DAGs
[2025-11-12T23:37:32.638+0000] {logging_mixin.py:188} INFO - [2025-11-12T23:37:32.638+0000] {dag.py:3823} INFO - Setting next_dagrun for example_kubernetes_executor to None, run_after=None
[2025-11-12T23:37:32.650+0000] {processor.py:183} INFO - Processing /home/airflow/.local/lib/python3.8/site-packages/airflow/example_dags/example_kubernetes_executor.py took 0.065 seconds
[2025-11-12T23:38:02.824+0000] {processor.py:161} INFO - Started process (PID=697) to work on /home/airflow/.local/lib/python3.8/site-packages/airflow/example_dags/example_kubernetes_executor.py
[2025-11-12T23:38:02.825+0000] {processor.py:830} INFO - Processing file /home/airflow/.local/lib/python3.8/site-packages/airflow/example_dags/example_kubernetes_executor.py for tasks to queue
[2025-11-12T23:38:02.826+0000] {logging_mixin.py:188} INFO - [2025-11-12T23:38:02.826+0000] {dagbag.py:538} INFO - Filling up the DagBag from /home/airflow/.local/lib/python3.8/site-packages/airflow/example_dags/example_kubernetes_executor.py
[2025-11-12T23:38:02.836+0000] {processor.py:840} INFO - DAG(s) 'example_kubernetes_executor' retrieved from /home/airflow/.local/lib/python3.8/site-packages/airflow/example_dags/example_kubernetes_executor.py
[2025-11-12T23:38:02.864+0000] {logging_mixin.py:188} INFO - [2025-11-12T23:38:02.864+0000] {dag.py:3036} INFO - Sync 1 DAGs
[2025-11-12T23:38:02.874+0000] {logging_mixin.py:188} INFO - [2025-11-12T23:38:02.873+0000] {dag.py:3823} INFO - Setting next_dagrun for example_kubernetes_executor to None, run_after=None
[2025-11-12T23:38:02.886+0000] {processor.py:183} INFO - Processing /home/airflow/.local/lib/python3.8/site-packages/airflow/example_dags/example_kubernetes_executor.py took 0.065 seconds
[2025-11-12T23:38:33.176+0000] {processor.py:161} INFO - Started process (PID=754) to work on /home/airflow/.local/lib/python3.8/site-packages/airflow/example_dags/example_kubernetes_executor.py
[2025-11-12T23:38:33.177+0000] {processor.py:830} INFO - Processing file /home/airflow/.local/lib/python3.8/site-packages/airflow/example_dags/example_kubernetes_executor.py for tasks to queue
[2025-11-12T23:38:33.178+0000] {logging_mixin.py:188} INFO - [2025-11-12T23:38:33.178+0000] {dagbag.py:538} INFO - Filling up the DagBag from /home/airflow/.local/lib/python3.8/site-packages/airflow/example_dags/example_kubernetes_executor.py
[2025-11-12T23:38:33.189+0000] {processor.py:840} INFO - DAG(s) 'example_kubernetes_executor' retrieved from /home/airflow/.local/lib/python3.8/site-packages/airflow/example_dags/example_kubernetes_executor.py
[2025-11-12T23:38:33.218+0000] {logging_mixin.py:188} INFO - [2025-11-12T23:38:33.217+0000] {dag.py:3036} INFO - Sync 1 DAGs
[2025-11-12T23:38:33.227+0000] {logging_mixin.py:188} INFO - [2025-11-12T23:38:33.227+0000] {dag.py:3823} INFO - Setting next_dagrun for example_kubernetes_executor to None, run_after=None
[2025-11-12T23:38:33.241+0000] {processor.py:183} INFO - Processing /home/airflow/.local/lib/python3.8/site-packages/airflow/example_dags/example_kubernetes_executor.py took 0.067 seconds
[2025-11-12T23:39:03.535+0000] {processor.py:161} INFO - Started process (PID=811) to work on /home/airflow/.local/lib/python3.8/site-packages/airflow/example_dags/example_kubernetes_executor.py
[2025-11-12T23:39:03.536+0000] {processor.py:830} INFO - Processing file /home/airflow/.local/lib/python3.8/site-packages/airflow/example_dags/example_kubernetes_executor.py for tasks to queue
[2025-11-12T23:39:03.537+0000] {logging_mixin.py:188} INFO - [2025-11-12T23:39:03.537+0000] {dagbag.py:538} INFO - Filling up the DagBag from /home/airflow/.local/lib/python3.8/site-packages/airflow/example_dags/example_kubernetes_executor.py
[2025-11-12T23:39:03.548+0000] {processor.py:840} INFO - DAG(s) 'example_kubernetes_executor' retrieved from /home/airflow/.local/lib/python3.8/site-packages/airflow/example_dags/example_kubernetes_executor.py
[2025-11-12T23:39:03.575+0000] {logging_mixin.py:188} INFO - [2025-11-12T23:39:03.575+0000] {dag.py:3036} INFO - Sync 1 DAGs
[2025-11-12T23:39:03.585+0000] {logging_mixin.py:188} INFO - [2025-11-12T23:39:03.584+0000] {dag.py:3823} INFO - Setting next_dagrun for example_kubernetes_executor to None, run_after=None
[2025-11-12T23:39:03.597+0000] {processor.py:183} INFO - Processing /home/airflow/.local/lib/python3.8/site-packages/airflow/example_dags/example_kubernetes_executor.py took 0.065 seconds
[2025-11-12T23:39:33.914+0000] {processor.py:161} INFO - Started process (PID=868) to work on /home/airflow/.local/lib/python3.8/site-packages/airflow/example_dags/example_kubernetes_executor.py
[2025-11-12T23:39:33.915+0000] {processor.py:830} INFO - Processing file /home/airflow/.local/lib/python3.8/site-packages/airflow/example_dags/example_kubernetes_executor.py for tasks to queue
[2025-11-12T23:39:33.916+0000] {logging_mixin.py:188} INFO - [2025-11-12T23:39:33.916+0000] {dagbag.py:538} INFO - Filling up the DagBag from /home/airflow/.local/lib/python3.8/site-packages/airflow/example_dags/example_kubernetes_executor.py
[2025-11-12T23:39:33.926+0000] {processor.py:840} INFO - DAG(s) 'example_kubernetes_executor' retrieved from /home/airflow/.local/lib/python3.8/site-packages/airflow/example_dags/example_kubernetes_executor.py
[2025-11-12T23:39:33.954+0000] {logging_mixin.py:188} INFO - [2025-11-12T23:39:33.954+0000] {dag.py:3036} INFO - Sync 1 DAGs
[2025-11-12T23:39:33.964+0000] {logging_mixin.py:188} INFO - [2025-11-12T23:39:33.963+0000] {dag.py:3823} INFO - Setting next_dagrun for example_kubernetes_executor to None, run_after=None
[2025-11-12T23:39:33.976+0000] {processor.py:183} INFO - Processing /home/airflow/.local/lib/python3.8/site-packages/airflow/example_dags/example_kubernetes_executor.py took 0.065 seconds
[2025-11-12T23:40:04.225+0000] {processor.py:161} INFO - Started process (PID=925) to work on /home/airflow/.local/lib/python3.8/site-packages/airflow/example_dags/example_kubernetes_executor.py
[2025-11-12T23:40:04.226+0000] {processor.py:830} INFO - Processing file /home/airflow/.local/lib/python3.8/site-packages/airflow/example_dags/example_kubernetes_executor.py for tasks to queue
[2025-11-12T23:40:04.227+0000] {logging_mixin.py:188} INFO - [2025-11-12T23:40:04.227+0000] {dagbag.py:538} INFO - Filling up the DagBag from /home/airflow/.local/lib/python3.8/site-packages/airflow/example_dags/example_kubernetes_executor.py
[2025-11-12T23:40:04.238+0000] {processor.py:840} INFO - DAG(s) 'example_kubernetes_executor' retrieved from /home/airflow/.local/lib/python3.8/site-packages/airflow/example_dags/example_kubernetes_executor.py
[2025-11-12T23:40:04.267+0000] {logging_mixin.py:188} INFO - [2025-11-12T23:40:04.267+0000] {dag.py:3036} INFO - Sync 1 DAGs
[2025-11-12T23:40:04.276+0000] {logging_mixin.py:188} INFO - [2025-11-12T23:40:04.275+0000] {dag.py:3823} INFO - Setting next_dagrun for example_kubernetes_executor to None, run_after=None
[2025-11-12T23:40:04.288+0000] {processor.py:183} INFO - Processing /home/airflow/.local/lib/python3.8/site-packages/airflow/example_dags/example_kubernetes_executor.py took 0.066 seconds
[2025-11-12T23:40:34.378+0000] {processor.py:161} INFO - Started process (PID=982) to work on /home/airflow/.local/lib/python3.8/site-packages/airflow/example_dags/example_kubernetes_executor.py
[2025-11-12T23:40:34.379+0000] {processor.py:830} INFO - Processing file /home/airflow/.local/lib/python3.8/site-packages/airflow/example_dags/example_kubernetes_executor.py for tasks to queue
[2025-11-12T23:40:34.380+0000] {logging_mixin.py:188} INFO - [2025-11-12T23:40:34.380+0000] {dagbag.py:538} INFO - Filling up the DagBag from /home/airflow/.local/lib/python3.8/site-packages/airflow/example_dags/example_kubernetes_executor.py
[2025-11-12T23:40:34.391+0000] {processor.py:840} INFO - DAG(s) 'example_kubernetes_executor' retrieved from /home/airflow/.local/lib/python3.8/site-packages/airflow/example_dags/example_kubernetes_executor.py
[2025-11-12T23:40:34.421+0000] {logging_mixin.py:188} INFO - [2025-11-12T23:40:34.421+0000] {dag.py:3036} INFO - Sync 1 DAGs
[2025-11-12T23:40:34.430+0000] {logging_mixin.py:188} INFO - [2025-11-12T23:40:34.430+0000] {dag.py:3823} INFO - Setting next_dagrun for example_kubernetes_executor to None, run_after=None
[2025-11-12T23:40:34.443+0000] {processor.py:183} INFO - Processing /home/airflow/.local/lib/python3.8/site-packages/airflow/example_dags/example_kubernetes_executor.py took 0.068 seconds
[2025-11-12T23:41:04.543+0000] {processor.py:161} INFO - Started process (PID=1039) to work on /home/airflow/.local/lib/python3.8/site-packages/airflow/example_dags/example_kubernetes_executor.py
[2025-11-12T23:41:04.544+0000] {processor.py:830} INFO - Processing file /home/airflow/.local/lib/python3.8/site-packages/airflow/example_dags/example_kubernetes_executor.py for tasks to queue
[2025-11-12T23:41:04.545+0000] {logging_mixin.py:188} INFO - [2025-11-12T23:41:04.545+0000] {dagbag.py:538} INFO - Filling up the DagBag from /home/airflow/.local/lib/python3.8/site-packages/airflow/example_dags/example_kubernetes_executor.py
[2025-11-12T23:41:04.556+0000] {processor.py:840} INFO - DAG(s) 'example_kubernetes_executor' retrieved from /home/airflow/.local/lib/python3.8/site-packages/airflow/example_dags/example_kubernetes_executor.py
[2025-11-12T23:41:04.585+0000] {logging_mixin.py:188} INFO - [2025-11-12T23:41:04.585+0000] {dag.py:3036} INFO - Sync 1 DAGs
[2025-11-12T23:41:04.594+0000] {logging_mixin.py:188} INFO - [2025-11-12T23:41:04.594+0000] {dag.py:3823} INFO - Setting next_dagrun for example_kubernetes_executor to None, run_after=None
[2025-11-12T23:41:04.607+0000] {processor.py:183} INFO - Processing /home/airflow/.local/lib/python3.8/site-packages/airflow/example_dags/example_kubernetes_executor.py took 0.067 seconds
[2025-11-12T23:41:34.737+0000] {processor.py:161} INFO - Started process (PID=1096) to work on /home/airflow/.local/lib/python3.8/site-packages/airflow/example_dags/example_kubernetes_executor.py
[2025-11-12T23:41:34.738+0000] {processor.py:830} INFO - Processing file /home/airflow/.local/lib/python3.8/site-packages/airflow/example_dags/example_kubernetes_executor.py for tasks to queue
[2025-11-12T23:41:34.739+0000] {logging_mixin.py:188} INFO - [2025-11-12T23:41:34.739+0000] {dagbag.py:538} INFO - Filling up the DagBag from /home/airflow/.local/lib/python3.8/site-packages/airflow/example_dags/example_kubernetes_executor.py
[2025-11-12T23:41:34.749+0000] {processor.py:840} INFO - DAG(s) 'example_kubernetes_executor' retrieved from /home/airflow/.local/lib/python3.8/site-packages/airflow/example_dags/example_kubernetes_executor.py
[2025-11-12T23:41:34.779+0000] {logging_mixin.py:188} INFO - [2025-11-12T23:41:34.779+0000] {dag.py:3036} INFO - Sync 1 DAGs
[2025-11-12T23:41:34.789+0000] {logging_mixin.py:188} INFO - [2025-11-12T23:41:34.788+0000] {dag.py:3823} INFO - Setting next_dagrun for example_kubernetes_executor to None, run_after=None
[2025-11-12T23:41:34.802+0000] {processor.py:183} INFO - Processing /home/airflow/.local/lib/python3.8/site-packages/airflow/example_dags/example_kubernetes_executor.py took 0.068 seconds
[2025-11-12T23:42:04.841+0000] {processor.py:161} INFO - Started process (PID=1152) to work on /home/airflow/.local/lib/python3.8/site-packages/airflow/example_dags/example_kubernetes_executor.py
[2025-11-12T23:42:04.842+0000] {processor.py:830} INFO - Processing file /home/airflow/.local/lib/python3.8/site-packages/airflow/example_dags/example_kubernetes_executor.py for tasks to queue
[2025-11-12T23:42:04.843+0000] {logging_mixin.py:188} INFO - [2025-11-12T23:42:04.843+0000] {dagbag.py:538} INFO - Filling up the DagBag from /home/airflow/.local/lib/python3.8/site-packages/airflow/example_dags/example_kubernetes_executor.py
[2025-11-12T23:42:04.856+0000] {processor.py:840} INFO - DAG(s) 'example_kubernetes_executor' retrieved from /home/airflow/.local/lib/python3.8/site-packages/airflow/example_dags/example_kubernetes_executor.py
[2025-11-12T23:42:04.887+0000] {logging_mixin.py:188} INFO - [2025-11-12T23:42:04.887+0000] {dag.py:3036} INFO - Sync 1 DAGs
[2025-11-12T23:42:04.898+0000] {logging_mixin.py:188} INFO - [2025-11-12T23:42:04.897+0000] {dag.py:3823} INFO - Setting next_dagrun for example_kubernetes_executor to None, run_after=None
[2025-11-12T23:42:04.911+0000] {processor.py:183} INFO - Processing /home/airflow/.local/lib/python3.8/site-packages/airflow/example_dags/example_kubernetes_executor.py took 0.074 seconds
[2025-11-12T23:42:35.167+0000] {processor.py:161} INFO - Started process (PID=1209) to work on /home/airflow/.local/lib/python3.8/site-packages/airflow/example_dags/example_kubernetes_executor.py
[2025-11-12T23:42:35.168+0000] {processor.py:830} INFO - Processing file /home/airflow/.local/lib/python3.8/site-packages/airflow/example_dags/example_kubernetes_executor.py for tasks to queue
[2025-11-12T23:42:35.170+0000] {logging_mixin.py:188} INFO - [2025-11-12T23:42:35.170+0000] {dagbag.py:538} INFO - Filling up the DagBag from /home/airflow/.local/lib/python3.8/site-packages/airflow/example_dags/example_kubernetes_executor.py
[2025-11-12T23:42:35.182+0000] {processor.py:840} INFO - DAG(s) 'example_kubernetes_executor' retrieved from /home/airflow/.local/lib/python3.8/site-packages/airflow/example_dags/example_kubernetes_executor.py
[2025-11-12T23:42:35.213+0000] {logging_mixin.py:188} INFO - [2025-11-12T23:42:35.212+0000] {dag.py:3036} INFO - Sync 1 DAGs
[2025-11-12T23:42:35.223+0000] {logging_mixin.py:188} INFO - [2025-11-12T23:42:35.222+0000] {dag.py:3823} INFO - Setting next_dagrun for example_kubernetes_executor to None, run_after=None
[2025-11-12T23:42:35.237+0000] {processor.py:183} INFO - Processing /home/airflow/.local/lib/python3.8/site-packages/airflow/example_dags/example_kubernetes_executor.py took 0.072 seconds
[2025-11-12T23:43:05.529+0000] {processor.py:161} INFO - Started process (PID=1266) to work on /home/airflow/.local/lib/python3.8/site-packages/airflow/example_dags/example_kubernetes_executor.py
[2025-11-12T23:43:05.530+0000] {processor.py:830} INFO - Processing file /home/airflow/.local/lib/python3.8/site-packages/airflow/example_dags/example_kubernetes_executor.py for tasks to queue
[2025-11-12T23:43:05.531+0000] {logging_mixin.py:188} INFO - [2025-11-12T23:43:05.531+0000] {dagbag.py:538} INFO - Filling up the DagBag from /home/airflow/.local/lib/python3.8/site-packages/airflow/example_dags/example_kubernetes_executor.py
[2025-11-12T23:43:05.542+0000] {processor.py:840} INFO - DAG(s) 'example_kubernetes_executor' retrieved from /home/airflow/.local/lib/python3.8/site-packages/airflow/example_dags/example_kubernetes_executor.py
[2025-11-12T23:43:05.571+0000] {logging_mixin.py:188} INFO - [2025-11-12T23:43:05.570+0000] {dag.py:3036} INFO - Sync 1 DAGs
[2025-11-12T23:43:05.579+0000] {logging_mixin.py:188} INFO - [2025-11-12T23:43:05.579+0000] {dag.py:3823} INFO - Setting next_dagrun for example_kubernetes_executor to None, run_after=None
[2025-11-12T23:43:05.593+0000] {processor.py:183} INFO - Processing /home/airflow/.local/lib/python3.8/site-packages/airflow/example_dags/example_kubernetes_executor.py took 0.067 seconds
[2025-11-12T23:43:35.713+0000] {processor.py:161} INFO - Started process (PID=1323) to work on /home/airflow/.local/lib/python3.8/site-packages/airflow/example_dags/example_kubernetes_executor.py
[2025-11-12T23:43:35.714+0000] {processor.py:830} INFO - Processing file /home/airflow/.local/lib/python3.8/site-packages/airflow/example_dags/example_kubernetes_executor.py for tasks to queue
[2025-11-12T23:43:35.716+0000] {logging_mixin.py:188} INFO - [2025-11-12T23:43:35.715+0000] {dagbag.py:538} INFO - Filling up the DagBag from /home/airflow/.local/lib/python3.8/site-packages/airflow/example_dags/example_kubernetes_executor.py
[2025-11-12T23:43:35.727+0000] {processor.py:840} INFO - DAG(s) 'example_kubernetes_executor' retrieved from /home/airflow/.local/lib/python3.8/site-packages/airflow/example_dags/example_kubernetes_executor.py
[2025-11-12T23:43:35.755+0000] {logging_mixin.py:188} INFO - [2025-11-12T23:43:35.755+0000] {dag.py:3036} INFO - Sync 1 DAGs
[2025-11-12T23:43:35.763+0000] {logging_mixin.py:188} INFO - [2025-11-12T23:43:35.763+0000] {dag.py:3823} INFO - Setting next_dagrun for example_kubernetes_executor to None, run_after=None
[2025-11-12T23:43:35.776+0000] {processor.py:183} INFO - Processing /home/airflow/.local/lib/python3.8/site-packages/airflow/example_dags/example_kubernetes_executor.py took 0.065 seconds
[2025-11-12T23:44:06.117+0000] {processor.py:161} INFO - Started process (PID=1380) to work on /home/airflow/.local/lib/python3.8/site-packages/airflow/example_dags/example_kubernetes_executor.py
[2025-11-12T23:44:06.117+0000] {processor.py:830} INFO - Processing file /home/airflow/.local/lib/python3.8/site-packages/airflow/example_dags/example_kubernetes_executor.py for tasks to queue
[2025-11-12T23:44:06.118+0000] {logging_mixin.py:188} INFO - [2025-11-12T23:44:06.118+0000] {dagbag.py:538} INFO - Filling up the DagBag from /home/airflow/.local/lib/python3.8/site-packages/airflow/example_dags/example_kubernetes_executor.py
[2025-11-12T23:44:06.129+0000] {processor.py:840} INFO - DAG(s) 'example_kubernetes_executor' retrieved from /home/airflow/.local/lib/python3.8/site-packages/airflow/example_dags/example_kubernetes_executor.py
[2025-11-12T23:44:06.158+0000] {logging_mixin.py:188} INFO - [2025-11-12T23:44:06.158+0000] {dag.py:3036} INFO - Sync 1 DAGs
[2025-11-12T23:44:06.168+0000] {logging_mixin.py:188} INFO - [2025-11-12T23:44:06.167+0000] {dag.py:3823} INFO - Setting next_dagrun for example_kubernetes_executor to None, run_after=None
[2025-11-12T23:44:06.183+0000] {processor.py:183} INFO - Processing /home/airflow/.local/lib/python3.8/site-packages/airflow/example_dags/example_kubernetes_executor.py took 0.069 seconds
[2025-11-12T23:44:36.271+0000] {processor.py:161} INFO - Started process (PID=1437) to work on /home/airflow/.local/lib/python3.8/site-packages/airflow/example_dags/example_kubernetes_executor.py
[2025-11-12T23:44:36.272+0000] {processor.py:830} INFO - Processing file /home/airflow/.local/lib/python3.8/site-packages/airflow/example_dags/example_kubernetes_executor.py for tasks to queue
[2025-11-12T23:44:36.273+0000] {logging_mixin.py:188} INFO - [2025-11-12T23:44:36.273+0000] {dagbag.py:538} INFO - Filling up the DagBag from /home/airflow/.local/lib/python3.8/site-packages/airflow/example_dags/example_kubernetes_executor.py
[2025-11-12T23:44:36.284+0000] {processor.py:840} INFO - DAG(s) 'example_kubernetes_executor' retrieved from /home/airflow/.local/lib/python3.8/site-packages/airflow/example_dags/example_kubernetes_executor.py
[2025-11-12T23:44:36.313+0000] {logging_mixin.py:188} INFO - [2025-11-12T23:44:36.313+0000] {dag.py:3036} INFO - Sync 1 DAGs
[2025-11-12T23:44:36.322+0000] {logging_mixin.py:188} INFO - [2025-11-12T23:44:36.322+0000] {dag.py:3823} INFO - Setting next_dagrun for example_kubernetes_executor to None, run_after=None
[2025-11-12T23:44:36.334+0000] {processor.py:183} INFO - Processing /home/airflow/.local/lib/python3.8/site-packages/airflow/example_dags/example_kubernetes_executor.py took 0.066 seconds
[2025-11-12T23:45:06.585+0000] {processor.py:161} INFO - Started process (PID=1494) to work on /home/airflow/.local/lib/python3.8/site-packages/airflow/example_dags/example_kubernetes_executor.py
[2025-11-12T23:45:06.585+0000] {processor.py:830} INFO - Processing file /home/airflow/.local/lib/python3.8/site-packages/airflow/example_dags/example_kubernetes_executor.py for tasks to queue
[2025-11-12T23:45:06.587+0000] {logging_mixin.py:188} INFO - [2025-11-12T23:45:06.586+0000] {dagbag.py:538} INFO - Filling up the DagBag from /home/airflow/.local/lib/python3.8/site-packages/airflow/example_dags/example_kubernetes_executor.py
[2025-11-12T23:45:06.599+0000] {processor.py:840} INFO - DAG(s) 'example_kubernetes_executor' retrieved from /home/airflow/.local/lib/python3.8/site-packages/airflow/example_dags/example_kubernetes_executor.py
[2025-11-12T23:45:06.628+0000] {logging_mixin.py:188} INFO - [2025-11-12T23:45:06.627+0000] {dag.py:3036} INFO - Sync 1 DAGs
[2025-11-12T23:45:06.637+0000] {logging_mixin.py:188} INFO - [2025-11-12T23:45:06.636+0000] {dag.py:3823} INFO - Setting next_dagrun for example_kubernetes_executor to None, run_after=None
[2025-11-12T23:45:06.649+0000] {processor.py:183} INFO - Processing /home/airflow/.local/lib/python3.8/site-packages/airflow/example_dags/example_kubernetes_executor.py took 0.067 seconds
[2025-11-12T23:45:36.697+0000] {processor.py:161} INFO - Started process (PID=1551) to work on /home/airflow/.local/lib/python3.8/site-packages/airflow/example_dags/example_kubernetes_executor.py
[2025-11-12T23:45:36.698+0000] {processor.py:830} INFO - Processing file /home/airflow/.local/lib/python3.8/site-packages/airflow/example_dags/example_kubernetes_executor.py for tasks to queue
[2025-11-12T23:45:36.700+0000] {logging_mixin.py:188} INFO - [2025-11-12T23:45:36.699+0000] {dagbag.py:538} INFO - Filling up the DagBag from /home/airflow/.local/lib/python3.8/site-packages/airflow/example_dags/example_kubernetes_executor.py
[2025-11-12T23:45:36.717+0000] {processor.py:840} INFO - DAG(s) 'example_kubernetes_executor' retrieved from /home/airflow/.local/lib/python3.8/site-packages/airflow/example_dags/example_kubernetes_executor.py
[2025-11-12T23:45:36.750+0000] {logging_mixin.py:188} INFO - [2025-11-12T23:45:36.750+0000] {dag.py:3036} INFO - Sync 1 DAGs
[2025-11-12T23:45:36.759+0000] {logging_mixin.py:188} INFO - [2025-11-12T23:45:36.759+0000] {dag.py:3823} INFO - Setting next_dagrun for example_kubernetes_executor to None, run_after=None
[2025-11-12T23:45:36.773+0000] {processor.py:183} INFO - Processing /home/airflow/.local/lib/python3.8/site-packages/airflow/example_dags/example_kubernetes_executor.py took 0.080 seconds
