[2025-11-12T23:32:29.455+0000] {processor.py:161} INFO - Started process (PID=92) to work on /home/airflow/.local/lib/python3.8/site-packages/airflow/example_dags/example_task_group_decorator.py
[2025-11-12T23:32:29.456+0000] {processor.py:830} INFO - Processing file /home/airflow/.local/lib/python3.8/site-packages/airflow/example_dags/example_task_group_decorator.py for tasks to queue
[2025-11-12T23:32:29.457+0000] {logging_mixin.py:188} INFO - [2025-11-12T23:32:29.457+0000] {dagbag.py:538} INFO - Filling up the DagBag from /home/airflow/.local/lib/python3.8/site-packages/airflow/example_dags/example_task_group_decorator.py
[2025-11-12T23:32:29.469+0000] {processor.py:840} INFO - DAG(s) 'example_task_group_decorator' retrieved from /home/airflow/.local/lib/python3.8/site-packages/airflow/example_dags/example_task_group_decorator.py
[2025-11-12T23:32:29.556+0000] {logging_mixin.py:188} INFO - [2025-11-12T23:32:29.555+0000] {override.py:1769} INFO - Created Permission View: can delete on DAG:example_task_group_decorator
[2025-11-12T23:32:29.564+0000] {logging_mixin.py:188} INFO - [2025-11-12T23:32:29.564+0000] {override.py:1769} INFO - Created Permission View: can edit on DAG:example_task_group_decorator
[2025-11-12T23:32:29.569+0000] {logging_mixin.py:188} INFO - [2025-11-12T23:32:29.569+0000] {override.py:1769} INFO - Created Permission View: can read on DAG:example_task_group_decorator
[2025-11-12T23:32:29.570+0000] {logging_mixin.py:188} INFO - [2025-11-12T23:32:29.569+0000] {dag.py:3036} INFO - Sync 1 DAGs
[2025-11-12T23:32:29.577+0000] {logging_mixin.py:188} INFO - [2025-11-12T23:32:29.577+0000] {dag.py:3058} INFO - Creating ORM DAG for example_task_group_decorator
[2025-11-12T23:32:29.584+0000] {logging_mixin.py:188} INFO - [2025-11-12T23:32:29.584+0000] {dag.py:3823} INFO - Setting next_dagrun for example_task_group_decorator to 2025-11-11 00:00:00+00:00, run_after=2025-11-12 00:00:00+00:00
[2025-11-12T23:32:29.597+0000] {processor.py:183} INFO - Processing /home/airflow/.local/lib/python3.8/site-packages/airflow/example_dags/example_task_group_decorator.py took 0.144 seconds
[2025-11-12T23:33:00.330+0000] {processor.py:161} INFO - Started process (PID=149) to work on /home/airflow/.local/lib/python3.8/site-packages/airflow/example_dags/example_task_group_decorator.py
[2025-11-12T23:33:00.331+0000] {processor.py:830} INFO - Processing file /home/airflow/.local/lib/python3.8/site-packages/airflow/example_dags/example_task_group_decorator.py for tasks to queue
[2025-11-12T23:33:00.333+0000] {logging_mixin.py:188} INFO - [2025-11-12T23:33:00.333+0000] {dagbag.py:538} INFO - Filling up the DagBag from /home/airflow/.local/lib/python3.8/site-packages/airflow/example_dags/example_task_group_decorator.py
[2025-11-12T23:33:00.344+0000] {processor.py:840} INFO - DAG(s) 'example_task_group_decorator' retrieved from /home/airflow/.local/lib/python3.8/site-packages/airflow/example_dags/example_task_group_decorator.py
[2025-11-12T23:33:00.366+0000] {logging_mixin.py:188} INFO - [2025-11-12T23:33:00.366+0000] {dag.py:3036} INFO - Sync 1 DAGs
[2025-11-12T23:33:00.386+0000] {logging_mixin.py:188} INFO - [2025-11-12T23:33:00.386+0000] {dag.py:3823} INFO - Setting next_dagrun for example_task_group_decorator to 2025-11-11 00:00:00+00:00, run_after=2025-11-12 00:00:00+00:00
[2025-11-12T23:33:00.399+0000] {processor.py:183} INFO - Processing /home/airflow/.local/lib/python3.8/site-packages/airflow/example_dags/example_task_group_decorator.py took 0.072 seconds
[2025-11-12T23:33:30.546+0000] {processor.py:161} INFO - Started process (PID=206) to work on /home/airflow/.local/lib/python3.8/site-packages/airflow/example_dags/example_task_group_decorator.py
[2025-11-12T23:33:30.547+0000] {processor.py:830} INFO - Processing file /home/airflow/.local/lib/python3.8/site-packages/airflow/example_dags/example_task_group_decorator.py for tasks to queue
[2025-11-12T23:33:30.548+0000] {logging_mixin.py:188} INFO - [2025-11-12T23:33:30.548+0000] {dagbag.py:538} INFO - Filling up the DagBag from /home/airflow/.local/lib/python3.8/site-packages/airflow/example_dags/example_task_group_decorator.py
[2025-11-12T23:33:30.559+0000] {processor.py:840} INFO - DAG(s) 'example_task_group_decorator' retrieved from /home/airflow/.local/lib/python3.8/site-packages/airflow/example_dags/example_task_group_decorator.py
[2025-11-12T23:33:30.578+0000] {logging_mixin.py:188} INFO - [2025-11-12T23:33:30.577+0000] {dag.py:3036} INFO - Sync 1 DAGs
[2025-11-12T23:33:30.593+0000] {logging_mixin.py:188} INFO - [2025-11-12T23:33:30.593+0000] {dag.py:3823} INFO - Setting next_dagrun for example_task_group_decorator to 2025-11-11 00:00:00+00:00, run_after=2025-11-12 00:00:00+00:00
[2025-11-12T23:33:30.605+0000] {processor.py:183} INFO - Processing /home/airflow/.local/lib/python3.8/site-packages/airflow/example_dags/example_task_group_decorator.py took 0.061 seconds
[2025-11-12T23:34:00.840+0000] {processor.py:161} INFO - Started process (PID=263) to work on /home/airflow/.local/lib/python3.8/site-packages/airflow/example_dags/example_task_group_decorator.py
[2025-11-12T23:34:00.840+0000] {processor.py:830} INFO - Processing file /home/airflow/.local/lib/python3.8/site-packages/airflow/example_dags/example_task_group_decorator.py for tasks to queue
[2025-11-12T23:34:00.842+0000] {logging_mixin.py:188} INFO - [2025-11-12T23:34:00.841+0000] {dagbag.py:538} INFO - Filling up the DagBag from /home/airflow/.local/lib/python3.8/site-packages/airflow/example_dags/example_task_group_decorator.py
[2025-11-12T23:34:00.853+0000] {processor.py:840} INFO - DAG(s) 'example_task_group_decorator' retrieved from /home/airflow/.local/lib/python3.8/site-packages/airflow/example_dags/example_task_group_decorator.py
[2025-11-12T23:34:00.871+0000] {logging_mixin.py:188} INFO - [2025-11-12T23:34:00.870+0000] {dag.py:3036} INFO - Sync 1 DAGs
[2025-11-12T23:34:00.886+0000] {logging_mixin.py:188} INFO - [2025-11-12T23:34:00.886+0000] {dag.py:3823} INFO - Setting next_dagrun for example_task_group_decorator to 2025-11-11 00:00:00+00:00, run_after=2025-11-12 00:00:00+00:00
[2025-11-12T23:34:00.899+0000] {processor.py:183} INFO - Processing /home/airflow/.local/lib/python3.8/site-packages/airflow/example_dags/example_task_group_decorator.py took 0.062 seconds
[2025-11-12T23:34:31.024+0000] {processor.py:161} INFO - Started process (PID=321) to work on /home/airflow/.local/lib/python3.8/site-packages/airflow/example_dags/example_task_group_decorator.py
[2025-11-12T23:34:31.024+0000] {processor.py:830} INFO - Processing file /home/airflow/.local/lib/python3.8/site-packages/airflow/example_dags/example_task_group_decorator.py for tasks to queue
[2025-11-12T23:34:31.026+0000] {logging_mixin.py:188} INFO - [2025-11-12T23:34:31.026+0000] {dagbag.py:538} INFO - Filling up the DagBag from /home/airflow/.local/lib/python3.8/site-packages/airflow/example_dags/example_task_group_decorator.py
[2025-11-12T23:34:31.038+0000] {processor.py:840} INFO - DAG(s) 'example_task_group_decorator' retrieved from /home/airflow/.local/lib/python3.8/site-packages/airflow/example_dags/example_task_group_decorator.py
[2025-11-12T23:34:31.057+0000] {logging_mixin.py:188} INFO - [2025-11-12T23:34:31.057+0000] {dag.py:3036} INFO - Sync 1 DAGs
[2025-11-12T23:34:31.074+0000] {logging_mixin.py:188} INFO - [2025-11-12T23:34:31.074+0000] {dag.py:3823} INFO - Setting next_dagrun for example_task_group_decorator to 2025-11-11 00:00:00+00:00, run_after=2025-11-12 00:00:00+00:00
[2025-11-12T23:34:31.087+0000] {processor.py:183} INFO - Processing /home/airflow/.local/lib/python3.8/site-packages/airflow/example_dags/example_task_group_decorator.py took 0.066 seconds
[2025-11-12T23:35:01.985+0000] {processor.py:161} INFO - Started process (PID=377) to work on /home/airflow/.local/lib/python3.8/site-packages/airflow/example_dags/example_task_group_decorator.py
[2025-11-12T23:35:01.986+0000] {processor.py:830} INFO - Processing file /home/airflow/.local/lib/python3.8/site-packages/airflow/example_dags/example_task_group_decorator.py for tasks to queue
[2025-11-12T23:35:01.987+0000] {logging_mixin.py:188} INFO - [2025-11-12T23:35:01.987+0000] {dagbag.py:538} INFO - Filling up the DagBag from /home/airflow/.local/lib/python3.8/site-packages/airflow/example_dags/example_task_group_decorator.py
[2025-11-12T23:35:01.999+0000] {processor.py:840} INFO - DAG(s) 'example_task_group_decorator' retrieved from /home/airflow/.local/lib/python3.8/site-packages/airflow/example_dags/example_task_group_decorator.py
[2025-11-12T23:35:02.017+0000] {logging_mixin.py:188} INFO - [2025-11-12T23:35:02.017+0000] {dag.py:3036} INFO - Sync 1 DAGs
[2025-11-12T23:35:02.034+0000] {logging_mixin.py:188} INFO - [2025-11-12T23:35:02.034+0000] {dag.py:3823} INFO - Setting next_dagrun for example_task_group_decorator to 2025-11-11 00:00:00+00:00, run_after=2025-11-12 00:00:00+00:00
[2025-11-12T23:35:02.047+0000] {processor.py:183} INFO - Processing /home/airflow/.local/lib/python3.8/site-packages/airflow/example_dags/example_task_group_decorator.py took 0.064 seconds
[2025-11-12T23:35:32.349+0000] {processor.py:161} INFO - Started process (PID=434) to work on /home/airflow/.local/lib/python3.8/site-packages/airflow/example_dags/example_task_group_decorator.py
[2025-11-12T23:35:32.349+0000] {processor.py:830} INFO - Processing file /home/airflow/.local/lib/python3.8/site-packages/airflow/example_dags/example_task_group_decorator.py for tasks to queue
[2025-11-12T23:35:32.350+0000] {logging_mixin.py:188} INFO - [2025-11-12T23:35:32.350+0000] {dagbag.py:538} INFO - Filling up the DagBag from /home/airflow/.local/lib/python3.8/site-packages/airflow/example_dags/example_task_group_decorator.py
[2025-11-12T23:35:32.362+0000] {processor.py:840} INFO - DAG(s) 'example_task_group_decorator' retrieved from /home/airflow/.local/lib/python3.8/site-packages/airflow/example_dags/example_task_group_decorator.py
[2025-11-12T23:35:32.381+0000] {logging_mixin.py:188} INFO - [2025-11-12T23:35:32.380+0000] {dag.py:3036} INFO - Sync 1 DAGs
[2025-11-12T23:35:32.397+0000] {logging_mixin.py:188} INFO - [2025-11-12T23:35:32.397+0000] {dag.py:3823} INFO - Setting next_dagrun for example_task_group_decorator to 2025-11-11 00:00:00+00:00, run_after=2025-11-12 00:00:00+00:00
[2025-11-12T23:35:32.411+0000] {processor.py:183} INFO - Processing /home/airflow/.local/lib/python3.8/site-packages/airflow/example_dags/example_task_group_decorator.py took 0.065 seconds
[2025-11-12T23:36:02.625+0000] {processor.py:161} INFO - Started process (PID=491) to work on /home/airflow/.local/lib/python3.8/site-packages/airflow/example_dags/example_task_group_decorator.py
[2025-11-12T23:36:02.625+0000] {processor.py:830} INFO - Processing file /home/airflow/.local/lib/python3.8/site-packages/airflow/example_dags/example_task_group_decorator.py for tasks to queue
[2025-11-12T23:36:02.627+0000] {logging_mixin.py:188} INFO - [2025-11-12T23:36:02.626+0000] {dagbag.py:538} INFO - Filling up the DagBag from /home/airflow/.local/lib/python3.8/site-packages/airflow/example_dags/example_task_group_decorator.py
[2025-11-12T23:36:02.638+0000] {processor.py:840} INFO - DAG(s) 'example_task_group_decorator' retrieved from /home/airflow/.local/lib/python3.8/site-packages/airflow/example_dags/example_task_group_decorator.py
[2025-11-12T23:36:02.656+0000] {logging_mixin.py:188} INFO - [2025-11-12T23:36:02.655+0000] {dag.py:3036} INFO - Sync 1 DAGs
[2025-11-12T23:36:02.671+0000] {logging_mixin.py:188} INFO - [2025-11-12T23:36:02.671+0000] {dag.py:3823} INFO - Setting next_dagrun for example_task_group_decorator to 2025-11-11 00:00:00+00:00, run_after=2025-11-12 00:00:00+00:00
[2025-11-12T23:36:02.684+0000] {processor.py:183} INFO - Processing /home/airflow/.local/lib/python3.8/site-packages/airflow/example_dags/example_task_group_decorator.py took 0.061 seconds
[2025-11-12T23:36:33.005+0000] {processor.py:161} INFO - Started process (PID=548) to work on /home/airflow/.local/lib/python3.8/site-packages/airflow/example_dags/example_task_group_decorator.py
[2025-11-12T23:36:33.006+0000] {processor.py:830} INFO - Processing file /home/airflow/.local/lib/python3.8/site-packages/airflow/example_dags/example_task_group_decorator.py for tasks to queue
[2025-11-12T23:36:33.007+0000] {logging_mixin.py:188} INFO - [2025-11-12T23:36:33.007+0000] {dagbag.py:538} INFO - Filling up the DagBag from /home/airflow/.local/lib/python3.8/site-packages/airflow/example_dags/example_task_group_decorator.py
[2025-11-12T23:36:33.019+0000] {processor.py:840} INFO - DAG(s) 'example_task_group_decorator' retrieved from /home/airflow/.local/lib/python3.8/site-packages/airflow/example_dags/example_task_group_decorator.py
[2025-11-12T23:36:33.038+0000] {logging_mixin.py:188} INFO - [2025-11-12T23:36:33.038+0000] {dag.py:3036} INFO - Sync 1 DAGs
[2025-11-12T23:36:33.055+0000] {logging_mixin.py:188} INFO - [2025-11-12T23:36:33.054+0000] {dag.py:3823} INFO - Setting next_dagrun for example_task_group_decorator to 2025-11-11 00:00:00+00:00, run_after=2025-11-12 00:00:00+00:00
[2025-11-12T23:36:33.067+0000] {processor.py:183} INFO - Processing /home/airflow/.local/lib/python3.8/site-packages/airflow/example_dags/example_task_group_decorator.py took 0.065 seconds
[2025-11-12T23:37:03.504+0000] {processor.py:161} INFO - Started process (PID=605) to work on /home/airflow/.local/lib/python3.8/site-packages/airflow/example_dags/example_task_group_decorator.py
[2025-11-12T23:37:03.505+0000] {processor.py:830} INFO - Processing file /home/airflow/.local/lib/python3.8/site-packages/airflow/example_dags/example_task_group_decorator.py for tasks to queue
[2025-11-12T23:37:03.506+0000] {logging_mixin.py:188} INFO - [2025-11-12T23:37:03.506+0000] {dagbag.py:538} INFO - Filling up the DagBag from /home/airflow/.local/lib/python3.8/site-packages/airflow/example_dags/example_task_group_decorator.py
[2025-11-12T23:37:03.517+0000] {processor.py:840} INFO - DAG(s) 'example_task_group_decorator' retrieved from /home/airflow/.local/lib/python3.8/site-packages/airflow/example_dags/example_task_group_decorator.py
[2025-11-12T23:37:03.535+0000] {logging_mixin.py:188} INFO - [2025-11-12T23:37:03.535+0000] {dag.py:3036} INFO - Sync 1 DAGs
[2025-11-12T23:37:03.550+0000] {logging_mixin.py:188} INFO - [2025-11-12T23:37:03.550+0000] {dag.py:3823} INFO - Setting next_dagrun for example_task_group_decorator to 2025-11-11 00:00:00+00:00, run_after=2025-11-12 00:00:00+00:00
[2025-11-12T23:37:03.565+0000] {processor.py:183} INFO - Processing /home/airflow/.local/lib/python3.8/site-packages/airflow/example_dags/example_task_group_decorator.py took 0.063 seconds
[2025-11-12T23:37:34.483+0000] {processor.py:161} INFO - Started process (PID=662) to work on /home/airflow/.local/lib/python3.8/site-packages/airflow/example_dags/example_task_group_decorator.py
[2025-11-12T23:37:34.484+0000] {processor.py:830} INFO - Processing file /home/airflow/.local/lib/python3.8/site-packages/airflow/example_dags/example_task_group_decorator.py for tasks to queue
[2025-11-12T23:37:34.485+0000] {logging_mixin.py:188} INFO - [2025-11-12T23:37:34.485+0000] {dagbag.py:538} INFO - Filling up the DagBag from /home/airflow/.local/lib/python3.8/site-packages/airflow/example_dags/example_task_group_decorator.py
[2025-11-12T23:37:34.496+0000] {processor.py:840} INFO - DAG(s) 'example_task_group_decorator' retrieved from /home/airflow/.local/lib/python3.8/site-packages/airflow/example_dags/example_task_group_decorator.py
[2025-11-12T23:37:34.514+0000] {logging_mixin.py:188} INFO - [2025-11-12T23:37:34.514+0000] {dag.py:3036} INFO - Sync 1 DAGs
[2025-11-12T23:37:34.530+0000] {logging_mixin.py:188} INFO - [2025-11-12T23:37:34.530+0000] {dag.py:3823} INFO - Setting next_dagrun for example_task_group_decorator to 2025-11-11 00:00:00+00:00, run_after=2025-11-12 00:00:00+00:00
[2025-11-12T23:37:34.542+0000] {processor.py:183} INFO - Processing /home/airflow/.local/lib/python3.8/site-packages/airflow/example_dags/example_task_group_decorator.py took 0.061 seconds
[2025-11-12T23:38:04.779+0000] {processor.py:161} INFO - Started process (PID=719) to work on /home/airflow/.local/lib/python3.8/site-packages/airflow/example_dags/example_task_group_decorator.py
[2025-11-12T23:38:04.780+0000] {processor.py:830} INFO - Processing file /home/airflow/.local/lib/python3.8/site-packages/airflow/example_dags/example_task_group_decorator.py for tasks to queue
[2025-11-12T23:38:04.782+0000] {logging_mixin.py:188} INFO - [2025-11-12T23:38:04.781+0000] {dagbag.py:538} INFO - Filling up the DagBag from /home/airflow/.local/lib/python3.8/site-packages/airflow/example_dags/example_task_group_decorator.py
[2025-11-12T23:38:04.793+0000] {processor.py:840} INFO - DAG(s) 'example_task_group_decorator' retrieved from /home/airflow/.local/lib/python3.8/site-packages/airflow/example_dags/example_task_group_decorator.py
[2025-11-12T23:38:04.813+0000] {logging_mixin.py:188} INFO - [2025-11-12T23:38:04.813+0000] {dag.py:3036} INFO - Sync 1 DAGs
[2025-11-12T23:38:04.829+0000] {logging_mixin.py:188} INFO - [2025-11-12T23:38:04.829+0000] {dag.py:3823} INFO - Setting next_dagrun for example_task_group_decorator to 2025-11-11 00:00:00+00:00, run_after=2025-11-12 00:00:00+00:00
[2025-11-12T23:38:04.841+0000] {processor.py:183} INFO - Processing /home/airflow/.local/lib/python3.8/site-packages/airflow/example_dags/example_task_group_decorator.py took 0.064 seconds
[2025-11-12T23:38:35.102+0000] {processor.py:161} INFO - Started process (PID=776) to work on /home/airflow/.local/lib/python3.8/site-packages/airflow/example_dags/example_task_group_decorator.py
[2025-11-12T23:38:35.103+0000] {processor.py:830} INFO - Processing file /home/airflow/.local/lib/python3.8/site-packages/airflow/example_dags/example_task_group_decorator.py for tasks to queue
[2025-11-12T23:38:35.104+0000] {logging_mixin.py:188} INFO - [2025-11-12T23:38:35.104+0000] {dagbag.py:538} INFO - Filling up the DagBag from /home/airflow/.local/lib/python3.8/site-packages/airflow/example_dags/example_task_group_decorator.py
[2025-11-12T23:38:35.115+0000] {processor.py:840} INFO - DAG(s) 'example_task_group_decorator' retrieved from /home/airflow/.local/lib/python3.8/site-packages/airflow/example_dags/example_task_group_decorator.py
[2025-11-12T23:38:35.134+0000] {logging_mixin.py:188} INFO - [2025-11-12T23:38:35.134+0000] {dag.py:3036} INFO - Sync 1 DAGs
[2025-11-12T23:38:35.151+0000] {logging_mixin.py:188} INFO - [2025-11-12T23:38:35.151+0000] {dag.py:3823} INFO - Setting next_dagrun for example_task_group_decorator to 2025-11-11 00:00:00+00:00, run_after=2025-11-12 00:00:00+00:00
[2025-11-12T23:38:35.164+0000] {processor.py:183} INFO - Processing /home/airflow/.local/lib/python3.8/site-packages/airflow/example_dags/example_task_group_decorator.py took 0.064 seconds
[2025-11-12T23:39:05.561+0000] {processor.py:161} INFO - Started process (PID=833) to work on /home/airflow/.local/lib/python3.8/site-packages/airflow/example_dags/example_task_group_decorator.py
[2025-11-12T23:39:05.562+0000] {processor.py:830} INFO - Processing file /home/airflow/.local/lib/python3.8/site-packages/airflow/example_dags/example_task_group_decorator.py for tasks to queue
[2025-11-12T23:39:05.563+0000] {logging_mixin.py:188} INFO - [2025-11-12T23:39:05.563+0000] {dagbag.py:538} INFO - Filling up the DagBag from /home/airflow/.local/lib/python3.8/site-packages/airflow/example_dags/example_task_group_decorator.py
[2025-11-12T23:39:05.575+0000] {processor.py:840} INFO - DAG(s) 'example_task_group_decorator' retrieved from /home/airflow/.local/lib/python3.8/site-packages/airflow/example_dags/example_task_group_decorator.py
[2025-11-12T23:39:05.592+0000] {logging_mixin.py:188} INFO - [2025-11-12T23:39:05.592+0000] {dag.py:3036} INFO - Sync 1 DAGs
[2025-11-12T23:39:05.607+0000] {logging_mixin.py:188} INFO - [2025-11-12T23:39:05.607+0000] {dag.py:3823} INFO - Setting next_dagrun for example_task_group_decorator to 2025-11-11 00:00:00+00:00, run_after=2025-11-12 00:00:00+00:00
[2025-11-12T23:39:05.620+0000] {processor.py:183} INFO - Processing /home/airflow/.local/lib/python3.8/site-packages/airflow/example_dags/example_task_group_decorator.py took 0.061 seconds
[2025-11-12T23:39:35.850+0000] {processor.py:161} INFO - Started process (PID=890) to work on /home/airflow/.local/lib/python3.8/site-packages/airflow/example_dags/example_task_group_decorator.py
[2025-11-12T23:39:35.851+0000] {processor.py:830} INFO - Processing file /home/airflow/.local/lib/python3.8/site-packages/airflow/example_dags/example_task_group_decorator.py for tasks to queue
[2025-11-12T23:39:35.852+0000] {logging_mixin.py:188} INFO - [2025-11-12T23:39:35.852+0000] {dagbag.py:538} INFO - Filling up the DagBag from /home/airflow/.local/lib/python3.8/site-packages/airflow/example_dags/example_task_group_decorator.py
[2025-11-12T23:39:35.864+0000] {processor.py:840} INFO - DAG(s) 'example_task_group_decorator' retrieved from /home/airflow/.local/lib/python3.8/site-packages/airflow/example_dags/example_task_group_decorator.py
[2025-11-12T23:39:35.883+0000] {logging_mixin.py:188} INFO - [2025-11-12T23:39:35.883+0000] {dag.py:3036} INFO - Sync 1 DAGs
[2025-11-12T23:39:35.900+0000] {logging_mixin.py:188} INFO - [2025-11-12T23:39:35.900+0000] {dag.py:3823} INFO - Setting next_dagrun for example_task_group_decorator to 2025-11-11 00:00:00+00:00, run_after=2025-11-12 00:00:00+00:00
[2025-11-12T23:39:35.913+0000] {processor.py:183} INFO - Processing /home/airflow/.local/lib/python3.8/site-packages/airflow/example_dags/example_task_group_decorator.py took 0.066 seconds
[2025-11-12T23:40:06.163+0000] {processor.py:161} INFO - Started process (PID=947) to work on /home/airflow/.local/lib/python3.8/site-packages/airflow/example_dags/example_task_group_decorator.py
[2025-11-12T23:40:06.163+0000] {processor.py:830} INFO - Processing file /home/airflow/.local/lib/python3.8/site-packages/airflow/example_dags/example_task_group_decorator.py for tasks to queue
[2025-11-12T23:40:06.165+0000] {logging_mixin.py:188} INFO - [2025-11-12T23:40:06.165+0000] {dagbag.py:538} INFO - Filling up the DagBag from /home/airflow/.local/lib/python3.8/site-packages/airflow/example_dags/example_task_group_decorator.py
[2025-11-12T23:40:06.177+0000] {processor.py:840} INFO - DAG(s) 'example_task_group_decorator' retrieved from /home/airflow/.local/lib/python3.8/site-packages/airflow/example_dags/example_task_group_decorator.py
[2025-11-12T23:40:06.197+0000] {logging_mixin.py:188} INFO - [2025-11-12T23:40:06.196+0000] {dag.py:3036} INFO - Sync 1 DAGs
[2025-11-12T23:40:06.214+0000] {logging_mixin.py:188} INFO - [2025-11-12T23:40:06.214+0000] {dag.py:3823} INFO - Setting next_dagrun for example_task_group_decorator to 2025-11-11 00:00:00+00:00, run_after=2025-11-12 00:00:00+00:00
[2025-11-12T23:40:06.229+0000] {processor.py:183} INFO - Processing /home/airflow/.local/lib/python3.8/site-packages/airflow/example_dags/example_task_group_decorator.py took 0.069 seconds
[2025-11-12T23:40:36.265+0000] {processor.py:161} INFO - Started process (PID=1002) to work on /home/airflow/.local/lib/python3.8/site-packages/airflow/example_dags/example_task_group_decorator.py
[2025-11-12T23:40:36.266+0000] {processor.py:830} INFO - Processing file /home/airflow/.local/lib/python3.8/site-packages/airflow/example_dags/example_task_group_decorator.py for tasks to queue
[2025-11-12T23:40:36.268+0000] {logging_mixin.py:188} INFO - [2025-11-12T23:40:36.267+0000] {dagbag.py:538} INFO - Filling up the DagBag from /home/airflow/.local/lib/python3.8/site-packages/airflow/example_dags/example_task_group_decorator.py
[2025-11-12T23:40:36.279+0000] {processor.py:840} INFO - DAG(s) 'example_task_group_decorator' retrieved from /home/airflow/.local/lib/python3.8/site-packages/airflow/example_dags/example_task_group_decorator.py
[2025-11-12T23:40:36.297+0000] {logging_mixin.py:188} INFO - [2025-11-12T23:40:36.297+0000] {dag.py:3036} INFO - Sync 1 DAGs
[2025-11-12T23:40:36.311+0000] {logging_mixin.py:188} INFO - [2025-11-12T23:40:36.311+0000] {dag.py:3823} INFO - Setting next_dagrun for example_task_group_decorator to 2025-11-11 00:00:00+00:00, run_after=2025-11-12 00:00:00+00:00
[2025-11-12T23:40:36.323+0000] {processor.py:183} INFO - Processing /home/airflow/.local/lib/python3.8/site-packages/airflow/example_dags/example_task_group_decorator.py took 0.061 seconds
[2025-11-12T23:41:06.462+0000] {processor.py:161} INFO - Started process (PID=1059) to work on /home/airflow/.local/lib/python3.8/site-packages/airflow/example_dags/example_task_group_decorator.py
[2025-11-12T23:41:06.462+0000] {processor.py:830} INFO - Processing file /home/airflow/.local/lib/python3.8/site-packages/airflow/example_dags/example_task_group_decorator.py for tasks to queue
[2025-11-12T23:41:06.464+0000] {logging_mixin.py:188} INFO - [2025-11-12T23:41:06.463+0000] {dagbag.py:538} INFO - Filling up the DagBag from /home/airflow/.local/lib/python3.8/site-packages/airflow/example_dags/example_task_group_decorator.py
[2025-11-12T23:41:06.475+0000] {processor.py:840} INFO - DAG(s) 'example_task_group_decorator' retrieved from /home/airflow/.local/lib/python3.8/site-packages/airflow/example_dags/example_task_group_decorator.py
[2025-11-12T23:41:06.493+0000] {logging_mixin.py:188} INFO - [2025-11-12T23:41:06.493+0000] {dag.py:3036} INFO - Sync 1 DAGs
[2025-11-12T23:41:06.509+0000] {logging_mixin.py:188} INFO - [2025-11-12T23:41:06.509+0000] {dag.py:3823} INFO - Setting next_dagrun for example_task_group_decorator to 2025-11-11 00:00:00+00:00, run_after=2025-11-12 00:00:00+00:00
[2025-11-12T23:41:06.522+0000] {processor.py:183} INFO - Processing /home/airflow/.local/lib/python3.8/site-packages/airflow/example_dags/example_task_group_decorator.py took 0.063 seconds
[2025-11-12T23:41:36.578+0000] {processor.py:161} INFO - Started process (PID=1116) to work on /home/airflow/.local/lib/python3.8/site-packages/airflow/example_dags/example_task_group_decorator.py
[2025-11-12T23:41:36.579+0000] {processor.py:830} INFO - Processing file /home/airflow/.local/lib/python3.8/site-packages/airflow/example_dags/example_task_group_decorator.py for tasks to queue
[2025-11-12T23:41:36.581+0000] {logging_mixin.py:188} INFO - [2025-11-12T23:41:36.580+0000] {dagbag.py:538} INFO - Filling up the DagBag from /home/airflow/.local/lib/python3.8/site-packages/airflow/example_dags/example_task_group_decorator.py
[2025-11-12T23:41:36.592+0000] {processor.py:840} INFO - DAG(s) 'example_task_group_decorator' retrieved from /home/airflow/.local/lib/python3.8/site-packages/airflow/example_dags/example_task_group_decorator.py
[2025-11-12T23:41:36.609+0000] {logging_mixin.py:188} INFO - [2025-11-12T23:41:36.609+0000] {dag.py:3036} INFO - Sync 1 DAGs
[2025-11-12T23:41:36.624+0000] {logging_mixin.py:188} INFO - [2025-11-12T23:41:36.624+0000] {dag.py:3823} INFO - Setting next_dagrun for example_task_group_decorator to 2025-11-11 00:00:00+00:00, run_after=2025-11-12 00:00:00+00:00
[2025-11-12T23:41:36.635+0000] {processor.py:183} INFO - Processing /home/airflow/.local/lib/python3.8/site-packages/airflow/example_dags/example_task_group_decorator.py took 0.060 seconds
[2025-11-12T23:42:06.861+0000] {processor.py:161} INFO - Started process (PID=1173) to work on /home/airflow/.local/lib/python3.8/site-packages/airflow/example_dags/example_task_group_decorator.py
[2025-11-12T23:42:06.862+0000] {processor.py:830} INFO - Processing file /home/airflow/.local/lib/python3.8/site-packages/airflow/example_dags/example_task_group_decorator.py for tasks to queue
[2025-11-12T23:42:06.864+0000] {logging_mixin.py:188} INFO - [2025-11-12T23:42:06.863+0000] {dagbag.py:538} INFO - Filling up the DagBag from /home/airflow/.local/lib/python3.8/site-packages/airflow/example_dags/example_task_group_decorator.py
[2025-11-12T23:42:06.875+0000] {processor.py:840} INFO - DAG(s) 'example_task_group_decorator' retrieved from /home/airflow/.local/lib/python3.8/site-packages/airflow/example_dags/example_task_group_decorator.py
[2025-11-12T23:42:06.894+0000] {logging_mixin.py:188} INFO - [2025-11-12T23:42:06.894+0000] {dag.py:3036} INFO - Sync 1 DAGs
[2025-11-12T23:42:06.911+0000] {logging_mixin.py:188} INFO - [2025-11-12T23:42:06.911+0000] {dag.py:3823} INFO - Setting next_dagrun for example_task_group_decorator to 2025-11-11 00:00:00+00:00, run_after=2025-11-12 00:00:00+00:00
[2025-11-12T23:42:06.925+0000] {processor.py:183} INFO - Processing /home/airflow/.local/lib/python3.8/site-packages/airflow/example_dags/example_task_group_decorator.py took 0.066 seconds
[2025-11-12T23:42:37.117+0000] {processor.py:161} INFO - Started process (PID=1230) to work on /home/airflow/.local/lib/python3.8/site-packages/airflow/example_dags/example_task_group_decorator.py
[2025-11-12T23:42:37.118+0000] {processor.py:830} INFO - Processing file /home/airflow/.local/lib/python3.8/site-packages/airflow/example_dags/example_task_group_decorator.py for tasks to queue
[2025-11-12T23:42:37.120+0000] {logging_mixin.py:188} INFO - [2025-11-12T23:42:37.119+0000] {dagbag.py:538} INFO - Filling up the DagBag from /home/airflow/.local/lib/python3.8/site-packages/airflow/example_dags/example_task_group_decorator.py
[2025-11-12T23:42:37.131+0000] {processor.py:840} INFO - DAG(s) 'example_task_group_decorator' retrieved from /home/airflow/.local/lib/python3.8/site-packages/airflow/example_dags/example_task_group_decorator.py
[2025-11-12T23:42:37.151+0000] {logging_mixin.py:188} INFO - [2025-11-12T23:42:37.150+0000] {dag.py:3036} INFO - Sync 1 DAGs
[2025-11-12T23:42:37.169+0000] {logging_mixin.py:188} INFO - [2025-11-12T23:42:37.169+0000] {dag.py:3823} INFO - Setting next_dagrun for example_task_group_decorator to 2025-11-11 00:00:00+00:00, run_after=2025-11-12 00:00:00+00:00
[2025-11-12T23:42:37.181+0000] {processor.py:183} INFO - Processing /home/airflow/.local/lib/python3.8/site-packages/airflow/example_dags/example_task_group_decorator.py took 0.067 seconds
[2025-11-12T23:43:07.400+0000] {processor.py:161} INFO - Started process (PID=1287) to work on /home/airflow/.local/lib/python3.8/site-packages/airflow/example_dags/example_task_group_decorator.py
[2025-11-12T23:43:07.400+0000] {processor.py:830} INFO - Processing file /home/airflow/.local/lib/python3.8/site-packages/airflow/example_dags/example_task_group_decorator.py for tasks to queue
[2025-11-12T23:43:07.402+0000] {logging_mixin.py:188} INFO - [2025-11-12T23:43:07.401+0000] {dagbag.py:538} INFO - Filling up the DagBag from /home/airflow/.local/lib/python3.8/site-packages/airflow/example_dags/example_task_group_decorator.py
[2025-11-12T23:43:07.413+0000] {processor.py:840} INFO - DAG(s) 'example_task_group_decorator' retrieved from /home/airflow/.local/lib/python3.8/site-packages/airflow/example_dags/example_task_group_decorator.py
[2025-11-12T23:43:07.434+0000] {logging_mixin.py:188} INFO - [2025-11-12T23:43:07.434+0000] {dag.py:3036} INFO - Sync 1 DAGs
[2025-11-12T23:43:07.449+0000] {logging_mixin.py:188} INFO - [2025-11-12T23:43:07.449+0000] {dag.py:3823} INFO - Setting next_dagrun for example_task_group_decorator to 2025-11-11 00:00:00+00:00, run_after=2025-11-12 00:00:00+00:00
[2025-11-12T23:43:07.466+0000] {processor.py:183} INFO - Processing /home/airflow/.local/lib/python3.8/site-packages/airflow/example_dags/example_task_group_decorator.py took 0.069 seconds
[2025-11-12T23:43:37.695+0000] {processor.py:161} INFO - Started process (PID=1344) to work on /home/airflow/.local/lib/python3.8/site-packages/airflow/example_dags/example_task_group_decorator.py
[2025-11-12T23:43:37.696+0000] {processor.py:830} INFO - Processing file /home/airflow/.local/lib/python3.8/site-packages/airflow/example_dags/example_task_group_decorator.py for tasks to queue
[2025-11-12T23:43:37.697+0000] {logging_mixin.py:188} INFO - [2025-11-12T23:43:37.697+0000] {dagbag.py:538} INFO - Filling up the DagBag from /home/airflow/.local/lib/python3.8/site-packages/airflow/example_dags/example_task_group_decorator.py
[2025-11-12T23:43:37.709+0000] {processor.py:840} INFO - DAG(s) 'example_task_group_decorator' retrieved from /home/airflow/.local/lib/python3.8/site-packages/airflow/example_dags/example_task_group_decorator.py
[2025-11-12T23:43:37.728+0000] {logging_mixin.py:188} INFO - [2025-11-12T23:43:37.728+0000] {dag.py:3036} INFO - Sync 1 DAGs
[2025-11-12T23:43:37.747+0000] {logging_mixin.py:188} INFO - [2025-11-12T23:43:37.747+0000] {dag.py:3823} INFO - Setting next_dagrun for example_task_group_decorator to 2025-11-11 00:00:00+00:00, run_after=2025-11-12 00:00:00+00:00
[2025-11-12T23:43:37.760+0000] {processor.py:183} INFO - Processing /home/airflow/.local/lib/python3.8/site-packages/airflow/example_dags/example_task_group_decorator.py took 0.067 seconds
[2025-11-12T23:44:08.003+0000] {processor.py:161} INFO - Started process (PID=1401) to work on /home/airflow/.local/lib/python3.8/site-packages/airflow/example_dags/example_task_group_decorator.py
[2025-11-12T23:44:08.004+0000] {processor.py:830} INFO - Processing file /home/airflow/.local/lib/python3.8/site-packages/airflow/example_dags/example_task_group_decorator.py for tasks to queue
[2025-11-12T23:44:08.005+0000] {logging_mixin.py:188} INFO - [2025-11-12T23:44:08.005+0000] {dagbag.py:538} INFO - Filling up the DagBag from /home/airflow/.local/lib/python3.8/site-packages/airflow/example_dags/example_task_group_decorator.py
[2025-11-12T23:44:08.016+0000] {processor.py:840} INFO - DAG(s) 'example_task_group_decorator' retrieved from /home/airflow/.local/lib/python3.8/site-packages/airflow/example_dags/example_task_group_decorator.py
[2025-11-12T23:44:08.034+0000] {logging_mixin.py:188} INFO - [2025-11-12T23:44:08.034+0000] {dag.py:3036} INFO - Sync 1 DAGs
[2025-11-12T23:44:08.050+0000] {logging_mixin.py:188} INFO - [2025-11-12T23:44:08.050+0000] {dag.py:3823} INFO - Setting next_dagrun for example_task_group_decorator to 2025-11-11 00:00:00+00:00, run_after=2025-11-12 00:00:00+00:00
[2025-11-12T23:44:08.062+0000] {processor.py:183} INFO - Processing /home/airflow/.local/lib/python3.8/site-packages/airflow/example_dags/example_task_group_decorator.py took 0.061 seconds
[2025-11-12T23:44:38.204+0000] {processor.py:161} INFO - Started process (PID=1458) to work on /home/airflow/.local/lib/python3.8/site-packages/airflow/example_dags/example_task_group_decorator.py
[2025-11-12T23:44:38.204+0000] {processor.py:830} INFO - Processing file /home/airflow/.local/lib/python3.8/site-packages/airflow/example_dags/example_task_group_decorator.py for tasks to queue
[2025-11-12T23:44:38.206+0000] {logging_mixin.py:188} INFO - [2025-11-12T23:44:38.206+0000] {dagbag.py:538} INFO - Filling up the DagBag from /home/airflow/.local/lib/python3.8/site-packages/airflow/example_dags/example_task_group_decorator.py
[2025-11-12T23:44:38.219+0000] {processor.py:840} INFO - DAG(s) 'example_task_group_decorator' retrieved from /home/airflow/.local/lib/python3.8/site-packages/airflow/example_dags/example_task_group_decorator.py
[2025-11-12T23:44:38.238+0000] {logging_mixin.py:188} INFO - [2025-11-12T23:44:38.238+0000] {dag.py:3036} INFO - Sync 1 DAGs
[2025-11-12T23:44:38.256+0000] {logging_mixin.py:188} INFO - [2025-11-12T23:44:38.256+0000] {dag.py:3823} INFO - Setting next_dagrun for example_task_group_decorator to 2025-11-11 00:00:00+00:00, run_after=2025-11-12 00:00:00+00:00
[2025-11-12T23:44:38.270+0000] {processor.py:183} INFO - Processing /home/airflow/.local/lib/python3.8/site-packages/airflow/example_dags/example_task_group_decorator.py took 0.069 seconds
[2025-11-12T23:45:08.411+0000] {processor.py:161} INFO - Started process (PID=1515) to work on /home/airflow/.local/lib/python3.8/site-packages/airflow/example_dags/example_task_group_decorator.py
[2025-11-12T23:45:08.412+0000] {processor.py:830} INFO - Processing file /home/airflow/.local/lib/python3.8/site-packages/airflow/example_dags/example_task_group_decorator.py for tasks to queue
[2025-11-12T23:45:08.413+0000] {logging_mixin.py:188} INFO - [2025-11-12T23:45:08.413+0000] {dagbag.py:538} INFO - Filling up the DagBag from /home/airflow/.local/lib/python3.8/site-packages/airflow/example_dags/example_task_group_decorator.py
[2025-11-12T23:45:08.424+0000] {processor.py:840} INFO - DAG(s) 'example_task_group_decorator' retrieved from /home/airflow/.local/lib/python3.8/site-packages/airflow/example_dags/example_task_group_decorator.py
[2025-11-12T23:45:08.443+0000] {logging_mixin.py:188} INFO - [2025-11-12T23:45:08.443+0000] {dag.py:3036} INFO - Sync 1 DAGs
[2025-11-12T23:45:08.459+0000] {logging_mixin.py:188} INFO - [2025-11-12T23:45:08.458+0000] {dag.py:3823} INFO - Setting next_dagrun for example_task_group_decorator to 2025-11-11 00:00:00+00:00, run_after=2025-11-12 00:00:00+00:00
[2025-11-12T23:45:08.470+0000] {processor.py:183} INFO - Processing /home/airflow/.local/lib/python3.8/site-packages/airflow/example_dags/example_task_group_decorator.py took 0.062 seconds
[2025-11-12T23:45:38.611+0000] {processor.py:161} INFO - Started process (PID=1572) to work on /home/airflow/.local/lib/python3.8/site-packages/airflow/example_dags/example_task_group_decorator.py
[2025-11-12T23:45:38.612+0000] {processor.py:830} INFO - Processing file /home/airflow/.local/lib/python3.8/site-packages/airflow/example_dags/example_task_group_decorator.py for tasks to queue
[2025-11-12T23:45:38.613+0000] {logging_mixin.py:188} INFO - [2025-11-12T23:45:38.613+0000] {dagbag.py:538} INFO - Filling up the DagBag from /home/airflow/.local/lib/python3.8/site-packages/airflow/example_dags/example_task_group_decorator.py
[2025-11-12T23:45:38.626+0000] {processor.py:840} INFO - DAG(s) 'example_task_group_decorator' retrieved from /home/airflow/.local/lib/python3.8/site-packages/airflow/example_dags/example_task_group_decorator.py
[2025-11-12T23:45:38.645+0000] {logging_mixin.py:188} INFO - [2025-11-12T23:45:38.644+0000] {dag.py:3036} INFO - Sync 1 DAGs
[2025-11-12T23:45:38.662+0000] {logging_mixin.py:188} INFO - [2025-11-12T23:45:38.662+0000] {dag.py:3823} INFO - Setting next_dagrun for example_task_group_decorator to 2025-11-11 00:00:00+00:00, run_after=2025-11-12 00:00:00+00:00
[2025-11-12T23:45:38.676+0000] {processor.py:183} INFO - Processing /home/airflow/.local/lib/python3.8/site-packages/airflow/example_dags/example_task_group_decorator.py took 0.067 seconds
