[2025-11-12T23:32:28.810+0000] {processor.py:161} INFO - Started process (PID=78) to work on /home/airflow/.local/lib/python3.8/site-packages/airflow/example_dags/example_setup_teardown.py
[2025-11-12T23:32:28.811+0000] {processor.py:830} INFO - Processing file /home/airflow/.local/lib/python3.8/site-packages/airflow/example_dags/example_setup_teardown.py for tasks to queue
[2025-11-12T23:32:28.812+0000] {logging_mixin.py:188} INFO - [2025-11-12T23:32:28.812+0000] {dagbag.py:538} INFO - Filling up the DagBag from /home/airflow/.local/lib/python3.8/site-packages/airflow/example_dags/example_setup_teardown.py
[2025-11-12T23:32:28.819+0000] {processor.py:840} INFO - DAG(s) 'example_setup_teardown' retrieved from /home/airflow/.local/lib/python3.8/site-packages/airflow/example_dags/example_setup_teardown.py
[2025-11-12T23:32:28.902+0000] {logging_mixin.py:188} INFO - [2025-11-12T23:32:28.902+0000] {override.py:1769} INFO - Created Permission View: can delete on DAG:example_setup_teardown
[2025-11-12T23:32:28.910+0000] {logging_mixin.py:188} INFO - [2025-11-12T23:32:28.910+0000] {override.py:1769} INFO - Created Permission View: can edit on DAG:example_setup_teardown
[2025-11-12T23:32:28.915+0000] {logging_mixin.py:188} INFO - [2025-11-12T23:32:28.915+0000] {override.py:1769} INFO - Created Permission View: can read on DAG:example_setup_teardown
[2025-11-12T23:32:28.916+0000] {logging_mixin.py:188} INFO - [2025-11-12T23:32:28.915+0000] {dag.py:3036} INFO - Sync 1 DAGs
[2025-11-12T23:32:28.924+0000] {logging_mixin.py:188} INFO - [2025-11-12T23:32:28.923+0000] {dag.py:3058} INFO - Creating ORM DAG for example_setup_teardown
[2025-11-12T23:32:28.931+0000] {logging_mixin.py:188} INFO - [2025-11-12T23:32:28.931+0000] {dag.py:3823} INFO - Setting next_dagrun for example_setup_teardown to 2025-11-11 00:00:00+00:00, run_after=2025-11-12 00:00:00+00:00
[2025-11-12T23:32:28.942+0000] {processor.py:183} INFO - Processing /home/airflow/.local/lib/python3.8/site-packages/airflow/example_dags/example_setup_teardown.py took 0.134 seconds
[2025-11-12T23:32:58.987+0000] {processor.py:161} INFO - Started process (PID=135) to work on /home/airflow/.local/lib/python3.8/site-packages/airflow/example_dags/example_setup_teardown.py
[2025-11-12T23:32:58.988+0000] {processor.py:830} INFO - Processing file /home/airflow/.local/lib/python3.8/site-packages/airflow/example_dags/example_setup_teardown.py for tasks to queue
[2025-11-12T23:32:58.989+0000] {logging_mixin.py:188} INFO - [2025-11-12T23:32:58.989+0000] {dagbag.py:538} INFO - Filling up the DagBag from /home/airflow/.local/lib/python3.8/site-packages/airflow/example_dags/example_setup_teardown.py
[2025-11-12T23:32:58.994+0000] {processor.py:840} INFO - DAG(s) 'example_setup_teardown' retrieved from /home/airflow/.local/lib/python3.8/site-packages/airflow/example_dags/example_setup_teardown.py
[2025-11-12T23:32:59.010+0000] {logging_mixin.py:188} INFO - [2025-11-12T23:32:59.010+0000] {dag.py:3036} INFO - Sync 1 DAGs
[2025-11-12T23:32:59.026+0000] {logging_mixin.py:188} INFO - [2025-11-12T23:32:59.026+0000] {dag.py:3823} INFO - Setting next_dagrun for example_setup_teardown to 2025-11-11 00:00:00+00:00, run_after=2025-11-12 00:00:00+00:00
[2025-11-12T23:32:59.039+0000] {processor.py:183} INFO - Processing /home/airflow/.local/lib/python3.8/site-packages/airflow/example_dags/example_setup_teardown.py took 0.054 seconds
[2025-11-12T23:33:29.196+0000] {processor.py:161} INFO - Started process (PID=192) to work on /home/airflow/.local/lib/python3.8/site-packages/airflow/example_dags/example_setup_teardown.py
[2025-11-12T23:33:29.197+0000] {processor.py:830} INFO - Processing file /home/airflow/.local/lib/python3.8/site-packages/airflow/example_dags/example_setup_teardown.py for tasks to queue
[2025-11-12T23:33:29.198+0000] {logging_mixin.py:188} INFO - [2025-11-12T23:33:29.198+0000] {dagbag.py:538} INFO - Filling up the DagBag from /home/airflow/.local/lib/python3.8/site-packages/airflow/example_dags/example_setup_teardown.py
[2025-11-12T23:33:29.204+0000] {processor.py:840} INFO - DAG(s) 'example_setup_teardown' retrieved from /home/airflow/.local/lib/python3.8/site-packages/airflow/example_dags/example_setup_teardown.py
[2025-11-12T23:33:29.223+0000] {logging_mixin.py:188} INFO - [2025-11-12T23:33:29.222+0000] {dag.py:3036} INFO - Sync 1 DAGs
[2025-11-12T23:33:29.245+0000] {logging_mixin.py:188} INFO - [2025-11-12T23:33:29.245+0000] {dag.py:3823} INFO - Setting next_dagrun for example_setup_teardown to 2025-11-11 00:00:00+00:00, run_after=2025-11-12 00:00:00+00:00
[2025-11-12T23:33:29.263+0000] {processor.py:183} INFO - Processing /home/airflow/.local/lib/python3.8/site-packages/airflow/example_dags/example_setup_teardown.py took 0.070 seconds
[2025-11-12T23:33:59.522+0000] {processor.py:161} INFO - Started process (PID=255) to work on /home/airflow/.local/lib/python3.8/site-packages/airflow/example_dags/example_setup_teardown.py
[2025-11-12T23:33:59.523+0000] {processor.py:830} INFO - Processing file /home/airflow/.local/lib/python3.8/site-packages/airflow/example_dags/example_setup_teardown.py for tasks to queue
[2025-11-12T23:33:59.524+0000] {logging_mixin.py:188} INFO - [2025-11-12T23:33:59.524+0000] {dagbag.py:538} INFO - Filling up the DagBag from /home/airflow/.local/lib/python3.8/site-packages/airflow/example_dags/example_setup_teardown.py
[2025-11-12T23:33:59.529+0000] {processor.py:840} INFO - DAG(s) 'example_setup_teardown' retrieved from /home/airflow/.local/lib/python3.8/site-packages/airflow/example_dags/example_setup_teardown.py
[2025-11-12T23:33:59.547+0000] {logging_mixin.py:188} INFO - [2025-11-12T23:33:59.547+0000] {dag.py:3036} INFO - Sync 1 DAGs
[2025-11-12T23:33:59.563+0000] {logging_mixin.py:188} INFO - [2025-11-12T23:33:59.563+0000] {dag.py:3823} INFO - Setting next_dagrun for example_setup_teardown to 2025-11-11 00:00:00+00:00, run_after=2025-11-12 00:00:00+00:00
[2025-11-12T23:33:59.577+0000] {processor.py:183} INFO - Processing /home/airflow/.local/lib/python3.8/site-packages/airflow/example_dags/example_setup_teardown.py took 0.057 seconds
[2025-11-12T23:34:30.685+0000] {processor.py:161} INFO - Started process (PID=312) to work on /home/airflow/.local/lib/python3.8/site-packages/airflow/example_dags/example_setup_teardown.py
[2025-11-12T23:34:30.686+0000] {processor.py:830} INFO - Processing file /home/airflow/.local/lib/python3.8/site-packages/airflow/example_dags/example_setup_teardown.py for tasks to queue
[2025-11-12T23:34:30.688+0000] {logging_mixin.py:188} INFO - [2025-11-12T23:34:30.688+0000] {dagbag.py:538} INFO - Filling up the DagBag from /home/airflow/.local/lib/python3.8/site-packages/airflow/example_dags/example_setup_teardown.py
[2025-11-12T23:34:30.693+0000] {processor.py:840} INFO - DAG(s) 'example_setup_teardown' retrieved from /home/airflow/.local/lib/python3.8/site-packages/airflow/example_dags/example_setup_teardown.py
[2025-11-12T23:34:30.710+0000] {logging_mixin.py:188} INFO - [2025-11-12T23:34:30.710+0000] {dag.py:3036} INFO - Sync 1 DAGs
[2025-11-12T23:34:30.727+0000] {logging_mixin.py:188} INFO - [2025-11-12T23:34:30.726+0000] {dag.py:3823} INFO - Setting next_dagrun for example_setup_teardown to 2025-11-11 00:00:00+00:00, run_after=2025-11-12 00:00:00+00:00
[2025-11-12T23:34:30.739+0000] {processor.py:183} INFO - Processing /home/airflow/.local/lib/python3.8/site-packages/airflow/example_dags/example_setup_teardown.py took 0.056 seconds
[2025-11-12T23:35:01.686+0000] {processor.py:161} INFO - Started process (PID=369) to work on /home/airflow/.local/lib/python3.8/site-packages/airflow/example_dags/example_setup_teardown.py
[2025-11-12T23:35:01.687+0000] {processor.py:830} INFO - Processing file /home/airflow/.local/lib/python3.8/site-packages/airflow/example_dags/example_setup_teardown.py for tasks to queue
[2025-11-12T23:35:01.688+0000] {logging_mixin.py:188} INFO - [2025-11-12T23:35:01.688+0000] {dagbag.py:538} INFO - Filling up the DagBag from /home/airflow/.local/lib/python3.8/site-packages/airflow/example_dags/example_setup_teardown.py
[2025-11-12T23:35:01.694+0000] {processor.py:840} INFO - DAG(s) 'example_setup_teardown' retrieved from /home/airflow/.local/lib/python3.8/site-packages/airflow/example_dags/example_setup_teardown.py
[2025-11-12T23:35:01.709+0000] {logging_mixin.py:188} INFO - [2025-11-12T23:35:01.709+0000] {dag.py:3036} INFO - Sync 1 DAGs
[2025-11-12T23:35:01.726+0000] {logging_mixin.py:188} INFO - [2025-11-12T23:35:01.726+0000] {dag.py:3823} INFO - Setting next_dagrun for example_setup_teardown to 2025-11-11 00:00:00+00:00, run_after=2025-11-12 00:00:00+00:00
[2025-11-12T23:35:01.740+0000] {processor.py:183} INFO - Processing /home/airflow/.local/lib/python3.8/site-packages/airflow/example_dags/example_setup_teardown.py took 0.056 seconds
[2025-11-12T23:35:32.035+0000] {processor.py:161} INFO - Started process (PID=426) to work on /home/airflow/.local/lib/python3.8/site-packages/airflow/example_dags/example_setup_teardown.py
[2025-11-12T23:35:32.036+0000] {processor.py:830} INFO - Processing file /home/airflow/.local/lib/python3.8/site-packages/airflow/example_dags/example_setup_teardown.py for tasks to queue
[2025-11-12T23:35:32.037+0000] {logging_mixin.py:188} INFO - [2025-11-12T23:35:32.037+0000] {dagbag.py:538} INFO - Filling up the DagBag from /home/airflow/.local/lib/python3.8/site-packages/airflow/example_dags/example_setup_teardown.py
[2025-11-12T23:35:32.042+0000] {processor.py:840} INFO - DAG(s) 'example_setup_teardown' retrieved from /home/airflow/.local/lib/python3.8/site-packages/airflow/example_dags/example_setup_teardown.py
[2025-11-12T23:35:32.058+0000] {logging_mixin.py:188} INFO - [2025-11-12T23:35:32.058+0000] {dag.py:3036} INFO - Sync 1 DAGs
[2025-11-12T23:35:32.075+0000] {logging_mixin.py:188} INFO - [2025-11-12T23:35:32.074+0000] {dag.py:3823} INFO - Setting next_dagrun for example_setup_teardown to 2025-11-11 00:00:00+00:00, run_after=2025-11-12 00:00:00+00:00
[2025-11-12T23:35:32.086+0000] {processor.py:183} INFO - Processing /home/airflow/.local/lib/python3.8/site-packages/airflow/example_dags/example_setup_teardown.py took 0.053 seconds
[2025-11-12T23:36:02.332+0000] {processor.py:161} INFO - Started process (PID=483) to work on /home/airflow/.local/lib/python3.8/site-packages/airflow/example_dags/example_setup_teardown.py
[2025-11-12T23:36:02.333+0000] {processor.py:830} INFO - Processing file /home/airflow/.local/lib/python3.8/site-packages/airflow/example_dags/example_setup_teardown.py for tasks to queue
[2025-11-12T23:36:02.334+0000] {logging_mixin.py:188} INFO - [2025-11-12T23:36:02.334+0000] {dagbag.py:538} INFO - Filling up the DagBag from /home/airflow/.local/lib/python3.8/site-packages/airflow/example_dags/example_setup_teardown.py
[2025-11-12T23:36:02.339+0000] {processor.py:840} INFO - DAG(s) 'example_setup_teardown' retrieved from /home/airflow/.local/lib/python3.8/site-packages/airflow/example_dags/example_setup_teardown.py
[2025-11-12T23:36:02.354+0000] {logging_mixin.py:188} INFO - [2025-11-12T23:36:02.354+0000] {dag.py:3036} INFO - Sync 1 DAGs
[2025-11-12T23:36:02.370+0000] {logging_mixin.py:188} INFO - [2025-11-12T23:36:02.370+0000] {dag.py:3823} INFO - Setting next_dagrun for example_setup_teardown to 2025-11-11 00:00:00+00:00, run_after=2025-11-12 00:00:00+00:00
[2025-11-12T23:36:02.383+0000] {processor.py:183} INFO - Processing /home/airflow/.local/lib/python3.8/site-packages/airflow/example_dags/example_setup_teardown.py took 0.053 seconds
[2025-11-12T23:36:32.706+0000] {processor.py:161} INFO - Started process (PID=540) to work on /home/airflow/.local/lib/python3.8/site-packages/airflow/example_dags/example_setup_teardown.py
[2025-11-12T23:36:32.707+0000] {processor.py:830} INFO - Processing file /home/airflow/.local/lib/python3.8/site-packages/airflow/example_dags/example_setup_teardown.py for tasks to queue
[2025-11-12T23:36:32.708+0000] {logging_mixin.py:188} INFO - [2025-11-12T23:36:32.708+0000] {dagbag.py:538} INFO - Filling up the DagBag from /home/airflow/.local/lib/python3.8/site-packages/airflow/example_dags/example_setup_teardown.py
[2025-11-12T23:36:32.713+0000] {processor.py:840} INFO - DAG(s) 'example_setup_teardown' retrieved from /home/airflow/.local/lib/python3.8/site-packages/airflow/example_dags/example_setup_teardown.py
[2025-11-12T23:36:32.728+0000] {logging_mixin.py:188} INFO - [2025-11-12T23:36:32.728+0000] {dag.py:3036} INFO - Sync 1 DAGs
[2025-11-12T23:36:32.743+0000] {logging_mixin.py:188} INFO - [2025-11-12T23:36:32.743+0000] {dag.py:3823} INFO - Setting next_dagrun for example_setup_teardown to 2025-11-11 00:00:00+00:00, run_after=2025-11-12 00:00:00+00:00
[2025-11-12T23:36:32.756+0000] {processor.py:183} INFO - Processing /home/airflow/.local/lib/python3.8/site-packages/airflow/example_dags/example_setup_teardown.py took 0.053 seconds
[2025-11-12T23:37:03.202+0000] {processor.py:161} INFO - Started process (PID=597) to work on /home/airflow/.local/lib/python3.8/site-packages/airflow/example_dags/example_setup_teardown.py
[2025-11-12T23:37:03.203+0000] {processor.py:830} INFO - Processing file /home/airflow/.local/lib/python3.8/site-packages/airflow/example_dags/example_setup_teardown.py for tasks to queue
[2025-11-12T23:37:03.204+0000] {logging_mixin.py:188} INFO - [2025-11-12T23:37:03.204+0000] {dagbag.py:538} INFO - Filling up the DagBag from /home/airflow/.local/lib/python3.8/site-packages/airflow/example_dags/example_setup_teardown.py
[2025-11-12T23:37:03.209+0000] {processor.py:840} INFO - DAG(s) 'example_setup_teardown' retrieved from /home/airflow/.local/lib/python3.8/site-packages/airflow/example_dags/example_setup_teardown.py
[2025-11-12T23:37:03.225+0000] {logging_mixin.py:188} INFO - [2025-11-12T23:37:03.225+0000] {dag.py:3036} INFO - Sync 1 DAGs
[2025-11-12T23:37:03.242+0000] {logging_mixin.py:188} INFO - [2025-11-12T23:37:03.242+0000] {dag.py:3823} INFO - Setting next_dagrun for example_setup_teardown to 2025-11-11 00:00:00+00:00, run_after=2025-11-12 00:00:00+00:00
[2025-11-12T23:37:03.257+0000] {processor.py:183} INFO - Processing /home/airflow/.local/lib/python3.8/site-packages/airflow/example_dags/example_setup_teardown.py took 0.057 seconds
[2025-11-12T23:37:34.196+0000] {processor.py:161} INFO - Started process (PID=654) to work on /home/airflow/.local/lib/python3.8/site-packages/airflow/example_dags/example_setup_teardown.py
[2025-11-12T23:37:34.196+0000] {processor.py:830} INFO - Processing file /home/airflow/.local/lib/python3.8/site-packages/airflow/example_dags/example_setup_teardown.py for tasks to queue
[2025-11-12T23:37:34.198+0000] {logging_mixin.py:188} INFO - [2025-11-12T23:37:34.197+0000] {dagbag.py:538} INFO - Filling up the DagBag from /home/airflow/.local/lib/python3.8/site-packages/airflow/example_dags/example_setup_teardown.py
[2025-11-12T23:37:34.203+0000] {processor.py:840} INFO - DAG(s) 'example_setup_teardown' retrieved from /home/airflow/.local/lib/python3.8/site-packages/airflow/example_dags/example_setup_teardown.py
[2025-11-12T23:37:34.218+0000] {logging_mixin.py:188} INFO - [2025-11-12T23:37:34.218+0000] {dag.py:3036} INFO - Sync 1 DAGs
[2025-11-12T23:37:34.234+0000] {logging_mixin.py:188} INFO - [2025-11-12T23:37:34.234+0000] {dag.py:3823} INFO - Setting next_dagrun for example_setup_teardown to 2025-11-11 00:00:00+00:00, run_after=2025-11-12 00:00:00+00:00
[2025-11-12T23:37:34.246+0000] {processor.py:183} INFO - Processing /home/airflow/.local/lib/python3.8/site-packages/airflow/example_dags/example_setup_teardown.py took 0.053 seconds
[2025-11-12T23:38:04.479+0000] {processor.py:161} INFO - Started process (PID=711) to work on /home/airflow/.local/lib/python3.8/site-packages/airflow/example_dags/example_setup_teardown.py
[2025-11-12T23:38:04.479+0000] {processor.py:830} INFO - Processing file /home/airflow/.local/lib/python3.8/site-packages/airflow/example_dags/example_setup_teardown.py for tasks to queue
[2025-11-12T23:38:04.481+0000] {logging_mixin.py:188} INFO - [2025-11-12T23:38:04.480+0000] {dagbag.py:538} INFO - Filling up the DagBag from /home/airflow/.local/lib/python3.8/site-packages/airflow/example_dags/example_setup_teardown.py
[2025-11-12T23:38:04.486+0000] {processor.py:840} INFO - DAG(s) 'example_setup_teardown' retrieved from /home/airflow/.local/lib/python3.8/site-packages/airflow/example_dags/example_setup_teardown.py
[2025-11-12T23:38:04.502+0000] {logging_mixin.py:188} INFO - [2025-11-12T23:38:04.502+0000] {dag.py:3036} INFO - Sync 1 DAGs
[2025-11-12T23:38:04.519+0000] {logging_mixin.py:188} INFO - [2025-11-12T23:38:04.519+0000] {dag.py:3823} INFO - Setting next_dagrun for example_setup_teardown to 2025-11-11 00:00:00+00:00, run_after=2025-11-12 00:00:00+00:00
[2025-11-12T23:38:04.531+0000] {processor.py:183} INFO - Processing /home/airflow/.local/lib/python3.8/site-packages/airflow/example_dags/example_setup_teardown.py took 0.055 seconds
[2025-11-12T23:38:34.729+0000] {processor.py:161} INFO - Started process (PID=768) to work on /home/airflow/.local/lib/python3.8/site-packages/airflow/example_dags/example_setup_teardown.py
[2025-11-12T23:38:34.729+0000] {processor.py:830} INFO - Processing file /home/airflow/.local/lib/python3.8/site-packages/airflow/example_dags/example_setup_teardown.py for tasks to queue
[2025-11-12T23:38:34.731+0000] {logging_mixin.py:188} INFO - [2025-11-12T23:38:34.731+0000] {dagbag.py:538} INFO - Filling up the DagBag from /home/airflow/.local/lib/python3.8/site-packages/airflow/example_dags/example_setup_teardown.py
[2025-11-12T23:38:34.736+0000] {processor.py:840} INFO - DAG(s) 'example_setup_teardown' retrieved from /home/airflow/.local/lib/python3.8/site-packages/airflow/example_dags/example_setup_teardown.py
[2025-11-12T23:38:34.752+0000] {logging_mixin.py:188} INFO - [2025-11-12T23:38:34.752+0000] {dag.py:3036} INFO - Sync 1 DAGs
[2025-11-12T23:38:34.770+0000] {logging_mixin.py:188} INFO - [2025-11-12T23:38:34.769+0000] {dag.py:3823} INFO - Setting next_dagrun for example_setup_teardown to 2025-11-11 00:00:00+00:00, run_after=2025-11-12 00:00:00+00:00
[2025-11-12T23:38:34.782+0000] {processor.py:183} INFO - Processing /home/airflow/.local/lib/python3.8/site-packages/airflow/example_dags/example_setup_teardown.py took 0.056 seconds
[2025-11-12T23:39:05.066+0000] {processor.py:161} INFO - Started process (PID=824) to work on /home/airflow/.local/lib/python3.8/site-packages/airflow/example_dags/example_setup_teardown.py
[2025-11-12T23:39:05.067+0000] {processor.py:830} INFO - Processing file /home/airflow/.local/lib/python3.8/site-packages/airflow/example_dags/example_setup_teardown.py for tasks to queue
[2025-11-12T23:39:05.068+0000] {logging_mixin.py:188} INFO - [2025-11-12T23:39:05.068+0000] {dagbag.py:538} INFO - Filling up the DagBag from /home/airflow/.local/lib/python3.8/site-packages/airflow/example_dags/example_setup_teardown.py
[2025-11-12T23:39:05.073+0000] {processor.py:840} INFO - DAG(s) 'example_setup_teardown' retrieved from /home/airflow/.local/lib/python3.8/site-packages/airflow/example_dags/example_setup_teardown.py
[2025-11-12T23:39:05.089+0000] {logging_mixin.py:188} INFO - [2025-11-12T23:39:05.088+0000] {dag.py:3036} INFO - Sync 1 DAGs
[2025-11-12T23:39:05.105+0000] {logging_mixin.py:188} INFO - [2025-11-12T23:39:05.105+0000] {dag.py:3823} INFO - Setting next_dagrun for example_setup_teardown to 2025-11-11 00:00:00+00:00, run_after=2025-11-12 00:00:00+00:00
[2025-11-12T23:39:05.118+0000] {processor.py:183} INFO - Processing /home/airflow/.local/lib/python3.8/site-packages/airflow/example_dags/example_setup_teardown.py took 0.054 seconds
[2025-11-12T23:39:35.384+0000] {processor.py:161} INFO - Started process (PID=880) to work on /home/airflow/.local/lib/python3.8/site-packages/airflow/example_dags/example_setup_teardown.py
[2025-11-12T23:39:35.385+0000] {processor.py:830} INFO - Processing file /home/airflow/.local/lib/python3.8/site-packages/airflow/example_dags/example_setup_teardown.py for tasks to queue
[2025-11-12T23:39:35.386+0000] {logging_mixin.py:188} INFO - [2025-11-12T23:39:35.386+0000] {dagbag.py:538} INFO - Filling up the DagBag from /home/airflow/.local/lib/python3.8/site-packages/airflow/example_dags/example_setup_teardown.py
[2025-11-12T23:39:35.391+0000] {processor.py:840} INFO - DAG(s) 'example_setup_teardown' retrieved from /home/airflow/.local/lib/python3.8/site-packages/airflow/example_dags/example_setup_teardown.py
[2025-11-12T23:39:35.407+0000] {logging_mixin.py:188} INFO - [2025-11-12T23:39:35.407+0000] {dag.py:3036} INFO - Sync 1 DAGs
[2025-11-12T23:39:35.424+0000] {logging_mixin.py:188} INFO - [2025-11-12T23:39:35.424+0000] {dag.py:3823} INFO - Setting next_dagrun for example_setup_teardown to 2025-11-11 00:00:00+00:00, run_after=2025-11-12 00:00:00+00:00
[2025-11-12T23:39:35.437+0000] {processor.py:183} INFO - Processing /home/airflow/.local/lib/python3.8/site-packages/airflow/example_dags/example_setup_teardown.py took 0.056 seconds
[2025-11-12T23:40:05.754+0000] {processor.py:161} INFO - Started process (PID=937) to work on /home/airflow/.local/lib/python3.8/site-packages/airflow/example_dags/example_setup_teardown.py
[2025-11-12T23:40:05.754+0000] {processor.py:830} INFO - Processing file /home/airflow/.local/lib/python3.8/site-packages/airflow/example_dags/example_setup_teardown.py for tasks to queue
[2025-11-12T23:40:05.755+0000] {logging_mixin.py:188} INFO - [2025-11-12T23:40:05.755+0000] {dagbag.py:538} INFO - Filling up the DagBag from /home/airflow/.local/lib/python3.8/site-packages/airflow/example_dags/example_setup_teardown.py
[2025-11-12T23:40:05.760+0000] {processor.py:840} INFO - DAG(s) 'example_setup_teardown' retrieved from /home/airflow/.local/lib/python3.8/site-packages/airflow/example_dags/example_setup_teardown.py
[2025-11-12T23:40:05.776+0000] {logging_mixin.py:188} INFO - [2025-11-12T23:40:05.775+0000] {dag.py:3036} INFO - Sync 1 DAGs
[2025-11-12T23:40:05.794+0000] {logging_mixin.py:188} INFO - [2025-11-12T23:40:05.794+0000] {dag.py:3823} INFO - Setting next_dagrun for example_setup_teardown to 2025-11-11 00:00:00+00:00, run_after=2025-11-12 00:00:00+00:00
[2025-11-12T23:40:05.809+0000] {processor.py:183} INFO - Processing /home/airflow/.local/lib/python3.8/site-packages/airflow/example_dags/example_setup_teardown.py took 0.058 seconds
[2025-11-12T23:40:35.906+0000] {processor.py:161} INFO - Started process (PID=994) to work on /home/airflow/.local/lib/python3.8/site-packages/airflow/example_dags/example_setup_teardown.py
[2025-11-12T23:40:35.907+0000] {processor.py:830} INFO - Processing file /home/airflow/.local/lib/python3.8/site-packages/airflow/example_dags/example_setup_teardown.py for tasks to queue
[2025-11-12T23:40:35.908+0000] {logging_mixin.py:188} INFO - [2025-11-12T23:40:35.908+0000] {dagbag.py:538} INFO - Filling up the DagBag from /home/airflow/.local/lib/python3.8/site-packages/airflow/example_dags/example_setup_teardown.py
[2025-11-12T23:40:35.913+0000] {processor.py:840} INFO - DAG(s) 'example_setup_teardown' retrieved from /home/airflow/.local/lib/python3.8/site-packages/airflow/example_dags/example_setup_teardown.py
[2025-11-12T23:40:35.928+0000] {logging_mixin.py:188} INFO - [2025-11-12T23:40:35.927+0000] {dag.py:3036} INFO - Sync 1 DAGs
[2025-11-12T23:40:35.943+0000] {logging_mixin.py:188} INFO - [2025-11-12T23:40:35.943+0000] {dag.py:3823} INFO - Setting next_dagrun for example_setup_teardown to 2025-11-11 00:00:00+00:00, run_after=2025-11-12 00:00:00+00:00
[2025-11-12T23:40:35.955+0000] {processor.py:183} INFO - Processing /home/airflow/.local/lib/python3.8/site-packages/airflow/example_dags/example_setup_teardown.py took 0.052 seconds
[2025-11-12T23:41:06.136+0000] {processor.py:161} INFO - Started process (PID=1051) to work on /home/airflow/.local/lib/python3.8/site-packages/airflow/example_dags/example_setup_teardown.py
[2025-11-12T23:41:06.136+0000] {processor.py:830} INFO - Processing file /home/airflow/.local/lib/python3.8/site-packages/airflow/example_dags/example_setup_teardown.py for tasks to queue
[2025-11-12T23:41:06.138+0000] {logging_mixin.py:188} INFO - [2025-11-12T23:41:06.138+0000] {dagbag.py:538} INFO - Filling up the DagBag from /home/airflow/.local/lib/python3.8/site-packages/airflow/example_dags/example_setup_teardown.py
[2025-11-12T23:41:06.143+0000] {processor.py:840} INFO - DAG(s) 'example_setup_teardown' retrieved from /home/airflow/.local/lib/python3.8/site-packages/airflow/example_dags/example_setup_teardown.py
[2025-11-12T23:41:06.158+0000] {logging_mixin.py:188} INFO - [2025-11-12T23:41:06.158+0000] {dag.py:3036} INFO - Sync 1 DAGs
[2025-11-12T23:41:06.174+0000] {logging_mixin.py:188} INFO - [2025-11-12T23:41:06.174+0000] {dag.py:3823} INFO - Setting next_dagrun for example_setup_teardown to 2025-11-11 00:00:00+00:00, run_after=2025-11-12 00:00:00+00:00
[2025-11-12T23:41:06.188+0000] {processor.py:183} INFO - Processing /home/airflow/.local/lib/python3.8/site-packages/airflow/example_dags/example_setup_teardown.py took 0.056 seconds
[2025-11-12T23:41:36.287+0000] {processor.py:161} INFO - Started process (PID=1108) to work on /home/airflow/.local/lib/python3.8/site-packages/airflow/example_dags/example_setup_teardown.py
[2025-11-12T23:41:36.288+0000] {processor.py:830} INFO - Processing file /home/airflow/.local/lib/python3.8/site-packages/airflow/example_dags/example_setup_teardown.py for tasks to queue
[2025-11-12T23:41:36.289+0000] {logging_mixin.py:188} INFO - [2025-11-12T23:41:36.289+0000] {dagbag.py:538} INFO - Filling up the DagBag from /home/airflow/.local/lib/python3.8/site-packages/airflow/example_dags/example_setup_teardown.py
[2025-11-12T23:41:36.295+0000] {processor.py:840} INFO - DAG(s) 'example_setup_teardown' retrieved from /home/airflow/.local/lib/python3.8/site-packages/airflow/example_dags/example_setup_teardown.py
[2025-11-12T23:41:36.309+0000] {logging_mixin.py:188} INFO - [2025-11-12T23:41:36.309+0000] {dag.py:3036} INFO - Sync 1 DAGs
[2025-11-12T23:41:36.325+0000] {logging_mixin.py:188} INFO - [2025-11-12T23:41:36.325+0000] {dag.py:3823} INFO - Setting next_dagrun for example_setup_teardown to 2025-11-11 00:00:00+00:00, run_after=2025-11-12 00:00:00+00:00
[2025-11-12T23:41:36.337+0000] {processor.py:183} INFO - Processing /home/airflow/.local/lib/python3.8/site-packages/airflow/example_dags/example_setup_teardown.py took 0.053 seconds
[2025-11-12T23:42:06.560+0000] {processor.py:161} INFO - Started process (PID=1165) to work on /home/airflow/.local/lib/python3.8/site-packages/airflow/example_dags/example_setup_teardown.py
[2025-11-12T23:42:06.561+0000] {processor.py:830} INFO - Processing file /home/airflow/.local/lib/python3.8/site-packages/airflow/example_dags/example_setup_teardown.py for tasks to queue
[2025-11-12T23:42:06.562+0000] {logging_mixin.py:188} INFO - [2025-11-12T23:42:06.562+0000] {dagbag.py:538} INFO - Filling up the DagBag from /home/airflow/.local/lib/python3.8/site-packages/airflow/example_dags/example_setup_teardown.py
[2025-11-12T23:42:06.567+0000] {processor.py:840} INFO - DAG(s) 'example_setup_teardown' retrieved from /home/airflow/.local/lib/python3.8/site-packages/airflow/example_dags/example_setup_teardown.py
[2025-11-12T23:42:06.582+0000] {logging_mixin.py:188} INFO - [2025-11-12T23:42:06.582+0000] {dag.py:3036} INFO - Sync 1 DAGs
[2025-11-12T23:42:06.597+0000] {logging_mixin.py:188} INFO - [2025-11-12T23:42:06.597+0000] {dag.py:3823} INFO - Setting next_dagrun for example_setup_teardown to 2025-11-11 00:00:00+00:00, run_after=2025-11-12 00:00:00+00:00
[2025-11-12T23:42:06.610+0000] {processor.py:183} INFO - Processing /home/airflow/.local/lib/python3.8/site-packages/airflow/example_dags/example_setup_teardown.py took 0.053 seconds
[2025-11-12T23:42:36.777+0000] {processor.py:161} INFO - Started process (PID=1222) to work on /home/airflow/.local/lib/python3.8/site-packages/airflow/example_dags/example_setup_teardown.py
[2025-11-12T23:42:36.777+0000] {processor.py:830} INFO - Processing file /home/airflow/.local/lib/python3.8/site-packages/airflow/example_dags/example_setup_teardown.py for tasks to queue
[2025-11-12T23:42:36.779+0000] {logging_mixin.py:188} INFO - [2025-11-12T23:42:36.779+0000] {dagbag.py:538} INFO - Filling up the DagBag from /home/airflow/.local/lib/python3.8/site-packages/airflow/example_dags/example_setup_teardown.py
[2025-11-12T23:42:36.784+0000] {processor.py:840} INFO - DAG(s) 'example_setup_teardown' retrieved from /home/airflow/.local/lib/python3.8/site-packages/airflow/example_dags/example_setup_teardown.py
[2025-11-12T23:42:36.800+0000] {logging_mixin.py:188} INFO - [2025-11-12T23:42:36.800+0000] {dag.py:3036} INFO - Sync 1 DAGs
[2025-11-12T23:42:36.817+0000] {logging_mixin.py:188} INFO - [2025-11-12T23:42:36.817+0000] {dag.py:3823} INFO - Setting next_dagrun for example_setup_teardown to 2025-11-11 00:00:00+00:00, run_after=2025-11-12 00:00:00+00:00
[2025-11-12T23:42:36.832+0000] {processor.py:183} INFO - Processing /home/airflow/.local/lib/python3.8/site-packages/airflow/example_dags/example_setup_teardown.py took 0.059 seconds
[2025-11-12T23:43:07.092+0000] {processor.py:161} INFO - Started process (PID=1279) to work on /home/airflow/.local/lib/python3.8/site-packages/airflow/example_dags/example_setup_teardown.py
[2025-11-12T23:43:07.092+0000] {processor.py:830} INFO - Processing file /home/airflow/.local/lib/python3.8/site-packages/airflow/example_dags/example_setup_teardown.py for tasks to queue
[2025-11-12T23:43:07.094+0000] {logging_mixin.py:188} INFO - [2025-11-12T23:43:07.093+0000] {dagbag.py:538} INFO - Filling up the DagBag from /home/airflow/.local/lib/python3.8/site-packages/airflow/example_dags/example_setup_teardown.py
[2025-11-12T23:43:07.098+0000] {processor.py:840} INFO - DAG(s) 'example_setup_teardown' retrieved from /home/airflow/.local/lib/python3.8/site-packages/airflow/example_dags/example_setup_teardown.py
[2025-11-12T23:43:07.115+0000] {logging_mixin.py:188} INFO - [2025-11-12T23:43:07.114+0000] {dag.py:3036} INFO - Sync 1 DAGs
[2025-11-12T23:43:07.132+0000] {logging_mixin.py:188} INFO - [2025-11-12T23:43:07.132+0000] {dag.py:3823} INFO - Setting next_dagrun for example_setup_teardown to 2025-11-11 00:00:00+00:00, run_after=2025-11-12 00:00:00+00:00
[2025-11-12T23:43:07.147+0000] {processor.py:183} INFO - Processing /home/airflow/.local/lib/python3.8/site-packages/airflow/example_dags/example_setup_teardown.py took 0.057 seconds
[2025-11-12T23:43:37.324+0000] {processor.py:161} INFO - Started process (PID=1336) to work on /home/airflow/.local/lib/python3.8/site-packages/airflow/example_dags/example_setup_teardown.py
[2025-11-12T23:43:37.324+0000] {processor.py:830} INFO - Processing file /home/airflow/.local/lib/python3.8/site-packages/airflow/example_dags/example_setup_teardown.py for tasks to queue
[2025-11-12T23:43:37.326+0000] {logging_mixin.py:188} INFO - [2025-11-12T23:43:37.326+0000] {dagbag.py:538} INFO - Filling up the DagBag from /home/airflow/.local/lib/python3.8/site-packages/airflow/example_dags/example_setup_teardown.py
[2025-11-12T23:43:37.331+0000] {processor.py:840} INFO - DAG(s) 'example_setup_teardown' retrieved from /home/airflow/.local/lib/python3.8/site-packages/airflow/example_dags/example_setup_teardown.py
[2025-11-12T23:43:37.347+0000] {logging_mixin.py:188} INFO - [2025-11-12T23:43:37.347+0000] {dag.py:3036} INFO - Sync 1 DAGs
[2025-11-12T23:43:37.364+0000] {logging_mixin.py:188} INFO - [2025-11-12T23:43:37.364+0000] {dag.py:3823} INFO - Setting next_dagrun for example_setup_teardown to 2025-11-11 00:00:00+00:00, run_after=2025-11-12 00:00:00+00:00
[2025-11-12T23:43:37.379+0000] {processor.py:183} INFO - Processing /home/airflow/.local/lib/python3.8/site-packages/airflow/example_dags/example_setup_teardown.py took 0.058 seconds
[2025-11-12T23:44:07.683+0000] {processor.py:161} INFO - Started process (PID=1393) to work on /home/airflow/.local/lib/python3.8/site-packages/airflow/example_dags/example_setup_teardown.py
[2025-11-12T23:44:07.684+0000] {processor.py:830} INFO - Processing file /home/airflow/.local/lib/python3.8/site-packages/airflow/example_dags/example_setup_teardown.py for tasks to queue
[2025-11-12T23:44:07.685+0000] {logging_mixin.py:188} INFO - [2025-11-12T23:44:07.685+0000] {dagbag.py:538} INFO - Filling up the DagBag from /home/airflow/.local/lib/python3.8/site-packages/airflow/example_dags/example_setup_teardown.py
[2025-11-12T23:44:07.690+0000] {processor.py:840} INFO - DAG(s) 'example_setup_teardown' retrieved from /home/airflow/.local/lib/python3.8/site-packages/airflow/example_dags/example_setup_teardown.py
[2025-11-12T23:44:07.706+0000] {logging_mixin.py:188} INFO - [2025-11-12T23:44:07.706+0000] {dag.py:3036} INFO - Sync 1 DAGs
[2025-11-12T23:44:07.723+0000] {logging_mixin.py:188} INFO - [2025-11-12T23:44:07.723+0000] {dag.py:3823} INFO - Setting next_dagrun for example_setup_teardown to 2025-11-11 00:00:00+00:00, run_after=2025-11-12 00:00:00+00:00
[2025-11-12T23:44:07.737+0000] {processor.py:183} INFO - Processing /home/airflow/.local/lib/python3.8/site-packages/airflow/example_dags/example_setup_teardown.py took 0.057 seconds
[2025-11-12T23:44:37.883+0000] {processor.py:161} INFO - Started process (PID=1450) to work on /home/airflow/.local/lib/python3.8/site-packages/airflow/example_dags/example_setup_teardown.py
[2025-11-12T23:44:37.884+0000] {processor.py:830} INFO - Processing file /home/airflow/.local/lib/python3.8/site-packages/airflow/example_dags/example_setup_teardown.py for tasks to queue
[2025-11-12T23:44:37.886+0000] {logging_mixin.py:188} INFO - [2025-11-12T23:44:37.885+0000] {dagbag.py:538} INFO - Filling up the DagBag from /home/airflow/.local/lib/python3.8/site-packages/airflow/example_dags/example_setup_teardown.py
[2025-11-12T23:44:37.890+0000] {processor.py:840} INFO - DAG(s) 'example_setup_teardown' retrieved from /home/airflow/.local/lib/python3.8/site-packages/airflow/example_dags/example_setup_teardown.py
[2025-11-12T23:44:37.906+0000] {logging_mixin.py:188} INFO - [2025-11-12T23:44:37.906+0000] {dag.py:3036} INFO - Sync 1 DAGs
[2025-11-12T23:44:37.923+0000] {logging_mixin.py:188} INFO - [2025-11-12T23:44:37.923+0000] {dag.py:3823} INFO - Setting next_dagrun for example_setup_teardown to 2025-11-11 00:00:00+00:00, run_after=2025-11-12 00:00:00+00:00
[2025-11-12T23:44:37.938+0000] {processor.py:183} INFO - Processing /home/airflow/.local/lib/python3.8/site-packages/airflow/example_dags/example_setup_teardown.py took 0.058 seconds
[2025-11-12T23:45:08.115+0000] {processor.py:161} INFO - Started process (PID=1507) to work on /home/airflow/.local/lib/python3.8/site-packages/airflow/example_dags/example_setup_teardown.py
[2025-11-12T23:45:08.116+0000] {processor.py:830} INFO - Processing file /home/airflow/.local/lib/python3.8/site-packages/airflow/example_dags/example_setup_teardown.py for tasks to queue
[2025-11-12T23:45:08.118+0000] {logging_mixin.py:188} INFO - [2025-11-12T23:45:08.117+0000] {dagbag.py:538} INFO - Filling up the DagBag from /home/airflow/.local/lib/python3.8/site-packages/airflow/example_dags/example_setup_teardown.py
[2025-11-12T23:45:08.122+0000] {processor.py:840} INFO - DAG(s) 'example_setup_teardown' retrieved from /home/airflow/.local/lib/python3.8/site-packages/airflow/example_dags/example_setup_teardown.py
[2025-11-12T23:45:08.138+0000] {logging_mixin.py:188} INFO - [2025-11-12T23:45:08.138+0000] {dag.py:3036} INFO - Sync 1 DAGs
[2025-11-12T23:45:08.154+0000] {logging_mixin.py:188} INFO - [2025-11-12T23:45:08.154+0000] {dag.py:3823} INFO - Setting next_dagrun for example_setup_teardown to 2025-11-11 00:00:00+00:00, run_after=2025-11-12 00:00:00+00:00
[2025-11-12T23:45:08.166+0000] {processor.py:183} INFO - Processing /home/airflow/.local/lib/python3.8/site-packages/airflow/example_dags/example_setup_teardown.py took 0.053 seconds
[2025-11-12T23:45:38.279+0000] {processor.py:161} INFO - Started process (PID=1564) to work on /home/airflow/.local/lib/python3.8/site-packages/airflow/example_dags/example_setup_teardown.py
[2025-11-12T23:45:38.280+0000] {processor.py:830} INFO - Processing file /home/airflow/.local/lib/python3.8/site-packages/airflow/example_dags/example_setup_teardown.py for tasks to queue
[2025-11-12T23:45:38.281+0000] {logging_mixin.py:188} INFO - [2025-11-12T23:45:38.281+0000] {dagbag.py:538} INFO - Filling up the DagBag from /home/airflow/.local/lib/python3.8/site-packages/airflow/example_dags/example_setup_teardown.py
[2025-11-12T23:45:38.288+0000] {processor.py:840} INFO - DAG(s) 'example_setup_teardown' retrieved from /home/airflow/.local/lib/python3.8/site-packages/airflow/example_dags/example_setup_teardown.py
[2025-11-12T23:45:38.303+0000] {logging_mixin.py:188} INFO - [2025-11-12T23:45:38.303+0000] {dag.py:3036} INFO - Sync 1 DAGs
[2025-11-12T23:45:38.321+0000] {logging_mixin.py:188} INFO - [2025-11-12T23:45:38.321+0000] {dag.py:3823} INFO - Setting next_dagrun for example_setup_teardown to 2025-11-11 00:00:00+00:00, run_after=2025-11-12 00:00:00+00:00
[2025-11-12T23:45:38.334+0000] {processor.py:183} INFO - Processing /home/airflow/.local/lib/python3.8/site-packages/airflow/example_dags/example_setup_teardown.py took 0.057 seconds
