[2025-11-12T23:32:28.669+0000] {processor.py:161} INFO - Started process (PID=76) to work on /home/airflow/.local/lib/python3.8/site-packages/airflow/example_dags/example_sensor_decorator.py
[2025-11-12T23:32:28.670+0000] {processor.py:830} INFO - Processing file /home/airflow/.local/lib/python3.8/site-packages/airflow/example_dags/example_sensor_decorator.py for tasks to queue
[2025-11-12T23:32:28.671+0000] {logging_mixin.py:188} INFO - [2025-11-12T23:32:28.671+0000] {dagbag.py:538} INFO - Filling up the DagBag from /home/airflow/.local/lib/python3.8/site-packages/airflow/example_dags/example_sensor_decorator.py
[2025-11-12T23:32:28.678+0000] {processor.py:840} INFO - DAG(s) 'example_sensor_decorator' retrieved from /home/airflow/.local/lib/python3.8/site-packages/airflow/example_dags/example_sensor_decorator.py
[2025-11-12T23:32:28.757+0000] {logging_mixin.py:188} INFO - [2025-11-12T23:32:28.756+0000] {override.py:1769} INFO - Created Permission View: can delete on DAG:example_sensor_decorator
[2025-11-12T23:32:28.765+0000] {logging_mixin.py:188} INFO - [2025-11-12T23:32:28.765+0000] {override.py:1769} INFO - Created Permission View: can edit on DAG:example_sensor_decorator
[2025-11-12T23:32:28.770+0000] {logging_mixin.py:188} INFO - [2025-11-12T23:32:28.770+0000] {override.py:1769} INFO - Created Permission View: can read on DAG:example_sensor_decorator
[2025-11-12T23:32:28.771+0000] {logging_mixin.py:188} INFO - [2025-11-12T23:32:28.770+0000] {dag.py:3036} INFO - Sync 1 DAGs
[2025-11-12T23:32:28.779+0000] {logging_mixin.py:188} INFO - [2025-11-12T23:32:28.779+0000] {dag.py:3058} INFO - Creating ORM DAG for example_sensor_decorator
[2025-11-12T23:32:28.780+0000] {logging_mixin.py:188} INFO - [2025-11-12T23:32:28.780+0000] {dag.py:3823} INFO - Setting next_dagrun for example_sensor_decorator to None, run_after=None
[2025-11-12T23:32:28.791+0000] {processor.py:183} INFO - Processing /home/airflow/.local/lib/python3.8/site-packages/airflow/example_dags/example_sensor_decorator.py took 0.124 seconds
[2025-11-12T23:32:58.852+0000] {processor.py:161} INFO - Started process (PID=133) to work on /home/airflow/.local/lib/python3.8/site-packages/airflow/example_dags/example_sensor_decorator.py
[2025-11-12T23:32:58.853+0000] {processor.py:830} INFO - Processing file /home/airflow/.local/lib/python3.8/site-packages/airflow/example_dags/example_sensor_decorator.py for tasks to queue
[2025-11-12T23:32:58.854+0000] {logging_mixin.py:188} INFO - [2025-11-12T23:32:58.854+0000] {dagbag.py:538} INFO - Filling up the DagBag from /home/airflow/.local/lib/python3.8/site-packages/airflow/example_dags/example_sensor_decorator.py
[2025-11-12T23:32:58.859+0000] {processor.py:840} INFO - DAG(s) 'example_sensor_decorator' retrieved from /home/airflow/.local/lib/python3.8/site-packages/airflow/example_dags/example_sensor_decorator.py
[2025-11-12T23:32:58.874+0000] {logging_mixin.py:188} INFO - [2025-11-12T23:32:58.874+0000] {dag.py:3036} INFO - Sync 1 DAGs
[2025-11-12T23:32:58.883+0000] {logging_mixin.py:188} INFO - [2025-11-12T23:32:58.883+0000] {dag.py:3823} INFO - Setting next_dagrun for example_sensor_decorator to None, run_after=None
[2025-11-12T23:32:58.897+0000] {processor.py:183} INFO - Processing /home/airflow/.local/lib/python3.8/site-packages/airflow/example_dags/example_sensor_decorator.py took 0.047 seconds
[2025-11-12T23:33:29.131+0000] {processor.py:161} INFO - Started process (PID=190) to work on /home/airflow/.local/lib/python3.8/site-packages/airflow/example_dags/example_sensor_decorator.py
[2025-11-12T23:33:29.132+0000] {processor.py:830} INFO - Processing file /home/airflow/.local/lib/python3.8/site-packages/airflow/example_dags/example_sensor_decorator.py for tasks to queue
[2025-11-12T23:33:29.134+0000] {logging_mixin.py:188} INFO - [2025-11-12T23:33:29.133+0000] {dagbag.py:538} INFO - Filling up the DagBag from /home/airflow/.local/lib/python3.8/site-packages/airflow/example_dags/example_sensor_decorator.py
[2025-11-12T23:33:29.139+0000] {processor.py:840} INFO - DAG(s) 'example_sensor_decorator' retrieved from /home/airflow/.local/lib/python3.8/site-packages/airflow/example_dags/example_sensor_decorator.py
[2025-11-12T23:33:29.155+0000] {logging_mixin.py:188} INFO - [2025-11-12T23:33:29.155+0000] {dag.py:3036} INFO - Sync 1 DAGs
[2025-11-12T23:33:29.164+0000] {logging_mixin.py:188} INFO - [2025-11-12T23:33:29.164+0000] {dag.py:3823} INFO - Setting next_dagrun for example_sensor_decorator to None, run_after=None
[2025-11-12T23:33:29.178+0000] {processor.py:183} INFO - Processing /home/airflow/.local/lib/python3.8/site-packages/airflow/example_dags/example_sensor_decorator.py took 0.050 seconds
[2025-11-12T23:33:59.455+0000] {processor.py:161} INFO - Started process (PID=253) to work on /home/airflow/.local/lib/python3.8/site-packages/airflow/example_dags/example_sensor_decorator.py
[2025-11-12T23:33:59.456+0000] {processor.py:830} INFO - Processing file /home/airflow/.local/lib/python3.8/site-packages/airflow/example_dags/example_sensor_decorator.py for tasks to queue
[2025-11-12T23:33:59.458+0000] {logging_mixin.py:188} INFO - [2025-11-12T23:33:59.457+0000] {dagbag.py:538} INFO - Filling up the DagBag from /home/airflow/.local/lib/python3.8/site-packages/airflow/example_dags/example_sensor_decorator.py
[2025-11-12T23:33:59.462+0000] {processor.py:840} INFO - DAG(s) 'example_sensor_decorator' retrieved from /home/airflow/.local/lib/python3.8/site-packages/airflow/example_dags/example_sensor_decorator.py
[2025-11-12T23:33:59.480+0000] {logging_mixin.py:188} INFO - [2025-11-12T23:33:59.479+0000] {dag.py:3036} INFO - Sync 1 DAGs
[2025-11-12T23:33:59.490+0000] {logging_mixin.py:188} INFO - [2025-11-12T23:33:59.490+0000] {dag.py:3823} INFO - Setting next_dagrun for example_sensor_decorator to None, run_after=None
[2025-11-12T23:33:59.503+0000] {processor.py:183} INFO - Processing /home/airflow/.local/lib/python3.8/site-packages/airflow/example_dags/example_sensor_decorator.py took 0.051 seconds
[2025-11-12T23:34:30.621+0000] {processor.py:161} INFO - Started process (PID=310) to work on /home/airflow/.local/lib/python3.8/site-packages/airflow/example_dags/example_sensor_decorator.py
[2025-11-12T23:34:30.621+0000] {processor.py:830} INFO - Processing file /home/airflow/.local/lib/python3.8/site-packages/airflow/example_dags/example_sensor_decorator.py for tasks to queue
[2025-11-12T23:34:30.623+0000] {logging_mixin.py:188} INFO - [2025-11-12T23:34:30.622+0000] {dagbag.py:538} INFO - Filling up the DagBag from /home/airflow/.local/lib/python3.8/site-packages/airflow/example_dags/example_sensor_decorator.py
[2025-11-12T23:34:30.628+0000] {processor.py:840} INFO - DAG(s) 'example_sensor_decorator' retrieved from /home/airflow/.local/lib/python3.8/site-packages/airflow/example_dags/example_sensor_decorator.py
[2025-11-12T23:34:30.644+0000] {logging_mixin.py:188} INFO - [2025-11-12T23:34:30.644+0000] {dag.py:3036} INFO - Sync 1 DAGs
[2025-11-12T23:34:30.654+0000] {logging_mixin.py:188} INFO - [2025-11-12T23:34:30.654+0000] {dag.py:3823} INFO - Setting next_dagrun for example_sensor_decorator to None, run_after=None
[2025-11-12T23:34:30.666+0000] {processor.py:183} INFO - Processing /home/airflow/.local/lib/python3.8/site-packages/airflow/example_dags/example_sensor_decorator.py took 0.048 seconds
[2025-11-12T23:35:01.620+0000] {processor.py:161} INFO - Started process (PID=367) to work on /home/airflow/.local/lib/python3.8/site-packages/airflow/example_dags/example_sensor_decorator.py
[2025-11-12T23:35:01.621+0000] {processor.py:830} INFO - Processing file /home/airflow/.local/lib/python3.8/site-packages/airflow/example_dags/example_sensor_decorator.py for tasks to queue
[2025-11-12T23:35:01.622+0000] {logging_mixin.py:188} INFO - [2025-11-12T23:35:01.622+0000] {dagbag.py:538} INFO - Filling up the DagBag from /home/airflow/.local/lib/python3.8/site-packages/airflow/example_dags/example_sensor_decorator.py
[2025-11-12T23:35:01.626+0000] {processor.py:840} INFO - DAG(s) 'example_sensor_decorator' retrieved from /home/airflow/.local/lib/python3.8/site-packages/airflow/example_dags/example_sensor_decorator.py
[2025-11-12T23:35:01.644+0000] {logging_mixin.py:188} INFO - [2025-11-12T23:35:01.643+0000] {dag.py:3036} INFO - Sync 1 DAGs
[2025-11-12T23:35:01.654+0000] {logging_mixin.py:188} INFO - [2025-11-12T23:35:01.654+0000] {dag.py:3823} INFO - Setting next_dagrun for example_sensor_decorator to None, run_after=None
[2025-11-12T23:35:01.667+0000] {processor.py:183} INFO - Processing /home/airflow/.local/lib/python3.8/site-packages/airflow/example_dags/example_sensor_decorator.py took 0.050 seconds
[2025-11-12T23:35:31.975+0000] {processor.py:161} INFO - Started process (PID=424) to work on /home/airflow/.local/lib/python3.8/site-packages/airflow/example_dags/example_sensor_decorator.py
[2025-11-12T23:35:31.976+0000] {processor.py:830} INFO - Processing file /home/airflow/.local/lib/python3.8/site-packages/airflow/example_dags/example_sensor_decorator.py for tasks to queue
[2025-11-12T23:35:31.977+0000] {logging_mixin.py:188} INFO - [2025-11-12T23:35:31.977+0000] {dagbag.py:538} INFO - Filling up the DagBag from /home/airflow/.local/lib/python3.8/site-packages/airflow/example_dags/example_sensor_decorator.py
[2025-11-12T23:35:31.982+0000] {processor.py:840} INFO - DAG(s) 'example_sensor_decorator' retrieved from /home/airflow/.local/lib/python3.8/site-packages/airflow/example_dags/example_sensor_decorator.py
[2025-11-12T23:35:31.995+0000] {logging_mixin.py:188} INFO - [2025-11-12T23:35:31.995+0000] {dag.py:3036} INFO - Sync 1 DAGs
[2025-11-12T23:35:32.004+0000] {logging_mixin.py:188} INFO - [2025-11-12T23:35:32.004+0000] {dag.py:3823} INFO - Setting next_dagrun for example_sensor_decorator to None, run_after=None
[2025-11-12T23:35:32.017+0000] {processor.py:183} INFO - Processing /home/airflow/.local/lib/python3.8/site-packages/airflow/example_dags/example_sensor_decorator.py took 0.046 seconds
[2025-11-12T23:36:02.272+0000] {processor.py:161} INFO - Started process (PID=481) to work on /home/airflow/.local/lib/python3.8/site-packages/airflow/example_dags/example_sensor_decorator.py
[2025-11-12T23:36:02.272+0000] {processor.py:830} INFO - Processing file /home/airflow/.local/lib/python3.8/site-packages/airflow/example_dags/example_sensor_decorator.py for tasks to queue
[2025-11-12T23:36:02.274+0000] {logging_mixin.py:188} INFO - [2025-11-12T23:36:02.274+0000] {dagbag.py:538} INFO - Filling up the DagBag from /home/airflow/.local/lib/python3.8/site-packages/airflow/example_dags/example_sensor_decorator.py
[2025-11-12T23:36:02.279+0000] {processor.py:840} INFO - DAG(s) 'example_sensor_decorator' retrieved from /home/airflow/.local/lib/python3.8/site-packages/airflow/example_dags/example_sensor_decorator.py
[2025-11-12T23:36:02.293+0000] {logging_mixin.py:188} INFO - [2025-11-12T23:36:02.293+0000] {dag.py:3036} INFO - Sync 1 DAGs
[2025-11-12T23:36:02.302+0000] {logging_mixin.py:188} INFO - [2025-11-12T23:36:02.302+0000] {dag.py:3823} INFO - Setting next_dagrun for example_sensor_decorator to None, run_after=None
[2025-11-12T23:36:02.315+0000] {processor.py:183} INFO - Processing /home/airflow/.local/lib/python3.8/site-packages/airflow/example_dags/example_sensor_decorator.py took 0.046 seconds
[2025-11-12T23:36:32.643+0000] {processor.py:161} INFO - Started process (PID=538) to work on /home/airflow/.local/lib/python3.8/site-packages/airflow/example_dags/example_sensor_decorator.py
[2025-11-12T23:36:32.644+0000] {processor.py:830} INFO - Processing file /home/airflow/.local/lib/python3.8/site-packages/airflow/example_dags/example_sensor_decorator.py for tasks to queue
[2025-11-12T23:36:32.645+0000] {logging_mixin.py:188} INFO - [2025-11-12T23:36:32.645+0000] {dagbag.py:538} INFO - Filling up the DagBag from /home/airflow/.local/lib/python3.8/site-packages/airflow/example_dags/example_sensor_decorator.py
[2025-11-12T23:36:32.649+0000] {processor.py:840} INFO - DAG(s) 'example_sensor_decorator' retrieved from /home/airflow/.local/lib/python3.8/site-packages/airflow/example_dags/example_sensor_decorator.py
[2025-11-12T23:36:32.664+0000] {logging_mixin.py:188} INFO - [2025-11-12T23:36:32.663+0000] {dag.py:3036} INFO - Sync 1 DAGs
[2025-11-12T23:36:32.673+0000] {logging_mixin.py:188} INFO - [2025-11-12T23:36:32.672+0000] {dag.py:3823} INFO - Setting next_dagrun for example_sensor_decorator to None, run_after=None
[2025-11-12T23:36:32.685+0000] {processor.py:183} INFO - Processing /home/airflow/.local/lib/python3.8/site-packages/airflow/example_dags/example_sensor_decorator.py took 0.044 seconds
[2025-11-12T23:37:03.142+0000] {processor.py:161} INFO - Started process (PID=595) to work on /home/airflow/.local/lib/python3.8/site-packages/airflow/example_dags/example_sensor_decorator.py
[2025-11-12T23:37:03.143+0000] {processor.py:830} INFO - Processing file /home/airflow/.local/lib/python3.8/site-packages/airflow/example_dags/example_sensor_decorator.py for tasks to queue
[2025-11-12T23:37:03.144+0000] {logging_mixin.py:188} INFO - [2025-11-12T23:37:03.144+0000] {dagbag.py:538} INFO - Filling up the DagBag from /home/airflow/.local/lib/python3.8/site-packages/airflow/example_dags/example_sensor_decorator.py
[2025-11-12T23:37:03.149+0000] {processor.py:840} INFO - DAG(s) 'example_sensor_decorator' retrieved from /home/airflow/.local/lib/python3.8/site-packages/airflow/example_dags/example_sensor_decorator.py
[2025-11-12T23:37:03.163+0000] {logging_mixin.py:188} INFO - [2025-11-12T23:37:03.163+0000] {dag.py:3036} INFO - Sync 1 DAGs
[2025-11-12T23:37:03.172+0000] {logging_mixin.py:188} INFO - [2025-11-12T23:37:03.172+0000] {dag.py:3823} INFO - Setting next_dagrun for example_sensor_decorator to None, run_after=None
[2025-11-12T23:37:03.185+0000] {processor.py:183} INFO - Processing /home/airflow/.local/lib/python3.8/site-packages/airflow/example_dags/example_sensor_decorator.py took 0.045 seconds
[2025-11-12T23:37:34.134+0000] {processor.py:161} INFO - Started process (PID=652) to work on /home/airflow/.local/lib/python3.8/site-packages/airflow/example_dags/example_sensor_decorator.py
[2025-11-12T23:37:34.135+0000] {processor.py:830} INFO - Processing file /home/airflow/.local/lib/python3.8/site-packages/airflow/example_dags/example_sensor_decorator.py for tasks to queue
[2025-11-12T23:37:34.136+0000] {logging_mixin.py:188} INFO - [2025-11-12T23:37:34.136+0000] {dagbag.py:538} INFO - Filling up the DagBag from /home/airflow/.local/lib/python3.8/site-packages/airflow/example_dags/example_sensor_decorator.py
[2025-11-12T23:37:34.141+0000] {processor.py:840} INFO - DAG(s) 'example_sensor_decorator' retrieved from /home/airflow/.local/lib/python3.8/site-packages/airflow/example_dags/example_sensor_decorator.py
[2025-11-12T23:37:34.155+0000] {logging_mixin.py:188} INFO - [2025-11-12T23:37:34.155+0000] {dag.py:3036} INFO - Sync 1 DAGs
[2025-11-12T23:37:34.165+0000] {logging_mixin.py:188} INFO - [2025-11-12T23:37:34.164+0000] {dag.py:3823} INFO - Setting next_dagrun for example_sensor_decorator to None, run_after=None
[2025-11-12T23:37:34.178+0000] {processor.py:183} INFO - Processing /home/airflow/.local/lib/python3.8/site-packages/airflow/example_dags/example_sensor_decorator.py took 0.046 seconds
[2025-11-12T23:38:04.353+0000] {processor.py:161} INFO - Started process (PID=709) to work on /home/airflow/.local/lib/python3.8/site-packages/airflow/example_dags/example_sensor_decorator.py
[2025-11-12T23:38:04.354+0000] {processor.py:830} INFO - Processing file /home/airflow/.local/lib/python3.8/site-packages/airflow/example_dags/example_sensor_decorator.py for tasks to queue
[2025-11-12T23:38:04.355+0000] {logging_mixin.py:188} INFO - [2025-11-12T23:38:04.355+0000] {dagbag.py:538} INFO - Filling up the DagBag from /home/airflow/.local/lib/python3.8/site-packages/airflow/example_dags/example_sensor_decorator.py
[2025-11-12T23:38:04.360+0000] {processor.py:840} INFO - DAG(s) 'example_sensor_decorator' retrieved from /home/airflow/.local/lib/python3.8/site-packages/airflow/example_dags/example_sensor_decorator.py
[2025-11-12T23:38:04.374+0000] {logging_mixin.py:188} INFO - [2025-11-12T23:38:04.374+0000] {dag.py:3036} INFO - Sync 1 DAGs
[2025-11-12T23:38:04.384+0000] {logging_mixin.py:188} INFO - [2025-11-12T23:38:04.383+0000] {dag.py:3823} INFO - Setting next_dagrun for example_sensor_decorator to None, run_after=None
[2025-11-12T23:38:04.397+0000] {processor.py:183} INFO - Processing /home/airflow/.local/lib/python3.8/site-packages/airflow/example_dags/example_sensor_decorator.py took 0.047 seconds
[2025-11-12T23:38:34.596+0000] {processor.py:161} INFO - Started process (PID=766) to work on /home/airflow/.local/lib/python3.8/site-packages/airflow/example_dags/example_sensor_decorator.py
[2025-11-12T23:38:34.597+0000] {processor.py:830} INFO - Processing file /home/airflow/.local/lib/python3.8/site-packages/airflow/example_dags/example_sensor_decorator.py for tasks to queue
[2025-11-12T23:38:34.598+0000] {logging_mixin.py:188} INFO - [2025-11-12T23:38:34.598+0000] {dagbag.py:538} INFO - Filling up the DagBag from /home/airflow/.local/lib/python3.8/site-packages/airflow/example_dags/example_sensor_decorator.py
[2025-11-12T23:38:34.603+0000] {processor.py:840} INFO - DAG(s) 'example_sensor_decorator' retrieved from /home/airflow/.local/lib/python3.8/site-packages/airflow/example_dags/example_sensor_decorator.py
[2025-11-12T23:38:34.618+0000] {logging_mixin.py:188} INFO - [2025-11-12T23:38:34.617+0000] {dag.py:3036} INFO - Sync 1 DAGs
[2025-11-12T23:38:34.628+0000] {logging_mixin.py:188} INFO - [2025-11-12T23:38:34.627+0000] {dag.py:3823} INFO - Setting next_dagrun for example_sensor_decorator to None, run_after=None
[2025-11-12T23:38:34.640+0000] {processor.py:183} INFO - Processing /home/airflow/.local/lib/python3.8/site-packages/airflow/example_dags/example_sensor_decorator.py took 0.047 seconds
[2025-11-12T23:39:04.990+0000] {processor.py:161} INFO - Started process (PID=821) to work on /home/airflow/.local/lib/python3.8/site-packages/airflow/example_dags/example_sensor_decorator.py
[2025-11-12T23:39:04.991+0000] {processor.py:830} INFO - Processing file /home/airflow/.local/lib/python3.8/site-packages/airflow/example_dags/example_sensor_decorator.py for tasks to queue
[2025-11-12T23:39:04.993+0000] {logging_mixin.py:188} INFO - [2025-11-12T23:39:04.993+0000] {dagbag.py:538} INFO - Filling up the DagBag from /home/airflow/.local/lib/python3.8/site-packages/airflow/example_dags/example_sensor_decorator.py
[2025-11-12T23:39:04.998+0000] {processor.py:840} INFO - DAG(s) 'example_sensor_decorator' retrieved from /home/airflow/.local/lib/python3.8/site-packages/airflow/example_dags/example_sensor_decorator.py
[2025-11-12T23:39:05.012+0000] {logging_mixin.py:188} INFO - [2025-11-12T23:39:05.012+0000] {dag.py:3036} INFO - Sync 1 DAGs
[2025-11-12T23:39:05.021+0000] {logging_mixin.py:188} INFO - [2025-11-12T23:39:05.020+0000] {dag.py:3823} INFO - Setting next_dagrun for example_sensor_decorator to None, run_after=None
[2025-11-12T23:39:05.033+0000] {processor.py:183} INFO - Processing /home/airflow/.local/lib/python3.8/site-packages/airflow/example_dags/example_sensor_decorator.py took 0.045 seconds
[2025-11-12T23:39:35.260+0000] {processor.py:161} INFO - Started process (PID=878) to work on /home/airflow/.local/lib/python3.8/site-packages/airflow/example_dags/example_sensor_decorator.py
[2025-11-12T23:39:35.260+0000] {processor.py:830} INFO - Processing file /home/airflow/.local/lib/python3.8/site-packages/airflow/example_dags/example_sensor_decorator.py for tasks to queue
[2025-11-12T23:39:35.262+0000] {logging_mixin.py:188} INFO - [2025-11-12T23:39:35.262+0000] {dagbag.py:538} INFO - Filling up the DagBag from /home/airflow/.local/lib/python3.8/site-packages/airflow/example_dags/example_sensor_decorator.py
[2025-11-12T23:39:35.266+0000] {processor.py:840} INFO - DAG(s) 'example_sensor_decorator' retrieved from /home/airflow/.local/lib/python3.8/site-packages/airflow/example_dags/example_sensor_decorator.py
[2025-11-12T23:39:35.283+0000] {logging_mixin.py:188} INFO - [2025-11-12T23:39:35.283+0000] {dag.py:3036} INFO - Sync 1 DAGs
[2025-11-12T23:39:35.292+0000] {logging_mixin.py:188} INFO - [2025-11-12T23:39:35.292+0000] {dag.py:3823} INFO - Setting next_dagrun for example_sensor_decorator to None, run_after=None
[2025-11-12T23:39:35.306+0000] {processor.py:183} INFO - Processing /home/airflow/.local/lib/python3.8/site-packages/airflow/example_dags/example_sensor_decorator.py took 0.049 seconds
[2025-11-12T23:40:05.691+0000] {processor.py:161} INFO - Started process (PID=935) to work on /home/airflow/.local/lib/python3.8/site-packages/airflow/example_dags/example_sensor_decorator.py
[2025-11-12T23:40:05.692+0000] {processor.py:830} INFO - Processing file /home/airflow/.local/lib/python3.8/site-packages/airflow/example_dags/example_sensor_decorator.py for tasks to queue
[2025-11-12T23:40:05.693+0000] {logging_mixin.py:188} INFO - [2025-11-12T23:40:05.693+0000] {dagbag.py:538} INFO - Filling up the DagBag from /home/airflow/.local/lib/python3.8/site-packages/airflow/example_dags/example_sensor_decorator.py
[2025-11-12T23:40:05.698+0000] {processor.py:840} INFO - DAG(s) 'example_sensor_decorator' retrieved from /home/airflow/.local/lib/python3.8/site-packages/airflow/example_dags/example_sensor_decorator.py
[2025-11-12T23:40:05.713+0000] {logging_mixin.py:188} INFO - [2025-11-12T23:40:05.712+0000] {dag.py:3036} INFO - Sync 1 DAGs
[2025-11-12T23:40:05.722+0000] {logging_mixin.py:188} INFO - [2025-11-12T23:40:05.722+0000] {dag.py:3823} INFO - Setting next_dagrun for example_sensor_decorator to None, run_after=None
[2025-11-12T23:40:05.736+0000] {processor.py:183} INFO - Processing /home/airflow/.local/lib/python3.8/site-packages/airflow/example_dags/example_sensor_decorator.py took 0.047 seconds
[2025-11-12T23:40:35.836+0000] {processor.py:161} INFO - Started process (PID=992) to work on /home/airflow/.local/lib/python3.8/site-packages/airflow/example_dags/example_sensor_decorator.py
[2025-11-12T23:40:35.837+0000] {processor.py:830} INFO - Processing file /home/airflow/.local/lib/python3.8/site-packages/airflow/example_dags/example_sensor_decorator.py for tasks to queue
[2025-11-12T23:40:35.838+0000] {logging_mixin.py:188} INFO - [2025-11-12T23:40:35.838+0000] {dagbag.py:538} INFO - Filling up the DagBag from /home/airflow/.local/lib/python3.8/site-packages/airflow/example_dags/example_sensor_decorator.py
[2025-11-12T23:40:35.843+0000] {processor.py:840} INFO - DAG(s) 'example_sensor_decorator' retrieved from /home/airflow/.local/lib/python3.8/site-packages/airflow/example_dags/example_sensor_decorator.py
[2025-11-12T23:40:35.859+0000] {logging_mixin.py:188} INFO - [2025-11-12T23:40:35.858+0000] {dag.py:3036} INFO - Sync 1 DAGs
[2025-11-12T23:40:35.868+0000] {logging_mixin.py:188} INFO - [2025-11-12T23:40:35.868+0000] {dag.py:3823} INFO - Setting next_dagrun for example_sensor_decorator to None, run_after=None
[2025-11-12T23:40:35.886+0000] {processor.py:183} INFO - Processing /home/airflow/.local/lib/python3.8/site-packages/airflow/example_dags/example_sensor_decorator.py took 0.053 seconds
[2025-11-12T23:41:06.072+0000] {processor.py:161} INFO - Started process (PID=1049) to work on /home/airflow/.local/lib/python3.8/site-packages/airflow/example_dags/example_sensor_decorator.py
[2025-11-12T23:41:06.072+0000] {processor.py:830} INFO - Processing file /home/airflow/.local/lib/python3.8/site-packages/airflow/example_dags/example_sensor_decorator.py for tasks to queue
[2025-11-12T23:41:06.074+0000] {logging_mixin.py:188} INFO - [2025-11-12T23:41:06.074+0000] {dagbag.py:538} INFO - Filling up the DagBag from /home/airflow/.local/lib/python3.8/site-packages/airflow/example_dags/example_sensor_decorator.py
[2025-11-12T23:41:06.079+0000] {processor.py:840} INFO - DAG(s) 'example_sensor_decorator' retrieved from /home/airflow/.local/lib/python3.8/site-packages/airflow/example_dags/example_sensor_decorator.py
[2025-11-12T23:41:06.095+0000] {logging_mixin.py:188} INFO - [2025-11-12T23:41:06.095+0000] {dag.py:3036} INFO - Sync 1 DAGs
[2025-11-12T23:41:06.105+0000] {logging_mixin.py:188} INFO - [2025-11-12T23:41:06.104+0000] {dag.py:3823} INFO - Setting next_dagrun for example_sensor_decorator to None, run_after=None
[2025-11-12T23:41:06.118+0000] {processor.py:183} INFO - Processing /home/airflow/.local/lib/python3.8/site-packages/airflow/example_dags/example_sensor_decorator.py took 0.048 seconds
[2025-11-12T23:41:36.226+0000] {processor.py:161} INFO - Started process (PID=1106) to work on /home/airflow/.local/lib/python3.8/site-packages/airflow/example_dags/example_sensor_decorator.py
[2025-11-12T23:41:36.226+0000] {processor.py:830} INFO - Processing file /home/airflow/.local/lib/python3.8/site-packages/airflow/example_dags/example_sensor_decorator.py for tasks to queue
[2025-11-12T23:41:36.228+0000] {logging_mixin.py:188} INFO - [2025-11-12T23:41:36.227+0000] {dagbag.py:538} INFO - Filling up the DagBag from /home/airflow/.local/lib/python3.8/site-packages/airflow/example_dags/example_sensor_decorator.py
[2025-11-12T23:41:36.232+0000] {processor.py:840} INFO - DAG(s) 'example_sensor_decorator' retrieved from /home/airflow/.local/lib/python3.8/site-packages/airflow/example_dags/example_sensor_decorator.py
[2025-11-12T23:41:36.246+0000] {logging_mixin.py:188} INFO - [2025-11-12T23:41:36.246+0000] {dag.py:3036} INFO - Sync 1 DAGs
[2025-11-12T23:41:36.255+0000] {logging_mixin.py:188} INFO - [2025-11-12T23:41:36.255+0000] {dag.py:3823} INFO - Setting next_dagrun for example_sensor_decorator to None, run_after=None
[2025-11-12T23:41:36.267+0000] {processor.py:183} INFO - Processing /home/airflow/.local/lib/python3.8/site-packages/airflow/example_dags/example_sensor_decorator.py took 0.044 seconds
[2025-11-12T23:42:06.499+0000] {processor.py:161} INFO - Started process (PID=1163) to work on /home/airflow/.local/lib/python3.8/site-packages/airflow/example_dags/example_sensor_decorator.py
[2025-11-12T23:42:06.500+0000] {processor.py:830} INFO - Processing file /home/airflow/.local/lib/python3.8/site-packages/airflow/example_dags/example_sensor_decorator.py for tasks to queue
[2025-11-12T23:42:06.502+0000] {logging_mixin.py:188} INFO - [2025-11-12T23:42:06.501+0000] {dagbag.py:538} INFO - Filling up the DagBag from /home/airflow/.local/lib/python3.8/site-packages/airflow/example_dags/example_sensor_decorator.py
[2025-11-12T23:42:06.506+0000] {processor.py:840} INFO - DAG(s) 'example_sensor_decorator' retrieved from /home/airflow/.local/lib/python3.8/site-packages/airflow/example_dags/example_sensor_decorator.py
[2025-11-12T23:42:06.521+0000] {logging_mixin.py:188} INFO - [2025-11-12T23:42:06.520+0000] {dag.py:3036} INFO - Sync 1 DAGs
[2025-11-12T23:42:06.530+0000] {logging_mixin.py:188} INFO - [2025-11-12T23:42:06.530+0000] {dag.py:3823} INFO - Setting next_dagrun for example_sensor_decorator to None, run_after=None
[2025-11-12T23:42:06.542+0000] {processor.py:183} INFO - Processing /home/airflow/.local/lib/python3.8/site-packages/airflow/example_dags/example_sensor_decorator.py took 0.046 seconds
[2025-11-12T23:42:36.707+0000] {processor.py:161} INFO - Started process (PID=1220) to work on /home/airflow/.local/lib/python3.8/site-packages/airflow/example_dags/example_sensor_decorator.py
[2025-11-12T23:42:36.708+0000] {processor.py:830} INFO - Processing file /home/airflow/.local/lib/python3.8/site-packages/airflow/example_dags/example_sensor_decorator.py for tasks to queue
[2025-11-12T23:42:36.710+0000] {logging_mixin.py:188} INFO - [2025-11-12T23:42:36.709+0000] {dagbag.py:538} INFO - Filling up the DagBag from /home/airflow/.local/lib/python3.8/site-packages/airflow/example_dags/example_sensor_decorator.py
[2025-11-12T23:42:36.716+0000] {processor.py:840} INFO - DAG(s) 'example_sensor_decorator' retrieved from /home/airflow/.local/lib/python3.8/site-packages/airflow/example_dags/example_sensor_decorator.py
[2025-11-12T23:42:36.732+0000] {logging_mixin.py:188} INFO - [2025-11-12T23:42:36.732+0000] {dag.py:3036} INFO - Sync 1 DAGs
[2025-11-12T23:42:36.742+0000] {logging_mixin.py:188} INFO - [2025-11-12T23:42:36.742+0000] {dag.py:3823} INFO - Setting next_dagrun for example_sensor_decorator to None, run_after=None
[2025-11-12T23:42:36.758+0000] {processor.py:183} INFO - Processing /home/airflow/.local/lib/python3.8/site-packages/airflow/example_dags/example_sensor_decorator.py took 0.054 seconds
[2025-11-12T23:43:06.964+0000] {processor.py:161} INFO - Started process (PID=1277) to work on /home/airflow/.local/lib/python3.8/site-packages/airflow/example_dags/example_sensor_decorator.py
[2025-11-12T23:43:06.965+0000] {processor.py:830} INFO - Processing file /home/airflow/.local/lib/python3.8/site-packages/airflow/example_dags/example_sensor_decorator.py for tasks to queue
[2025-11-12T23:43:06.966+0000] {logging_mixin.py:188} INFO - [2025-11-12T23:43:06.966+0000] {dagbag.py:538} INFO - Filling up the DagBag from /home/airflow/.local/lib/python3.8/site-packages/airflow/example_dags/example_sensor_decorator.py
[2025-11-12T23:43:06.971+0000] {processor.py:840} INFO - DAG(s) 'example_sensor_decorator' retrieved from /home/airflow/.local/lib/python3.8/site-packages/airflow/example_dags/example_sensor_decorator.py
[2025-11-12T23:43:06.986+0000] {logging_mixin.py:188} INFO - [2025-11-12T23:43:06.986+0000] {dag.py:3036} INFO - Sync 1 DAGs
[2025-11-12T23:43:06.996+0000] {logging_mixin.py:188} INFO - [2025-11-12T23:43:06.996+0000] {dag.py:3823} INFO - Setting next_dagrun for example_sensor_decorator to None, run_after=None
[2025-11-12T23:43:07.010+0000] {processor.py:183} INFO - Processing /home/airflow/.local/lib/python3.8/site-packages/airflow/example_dags/example_sensor_decorator.py took 0.049 seconds
[2025-11-12T23:43:37.201+0000] {processor.py:161} INFO - Started process (PID=1334) to work on /home/airflow/.local/lib/python3.8/site-packages/airflow/example_dags/example_sensor_decorator.py
[2025-11-12T23:43:37.202+0000] {processor.py:830} INFO - Processing file /home/airflow/.local/lib/python3.8/site-packages/airflow/example_dags/example_sensor_decorator.py for tasks to queue
[2025-11-12T23:43:37.203+0000] {logging_mixin.py:188} INFO - [2025-11-12T23:43:37.203+0000] {dagbag.py:538} INFO - Filling up the DagBag from /home/airflow/.local/lib/python3.8/site-packages/airflow/example_dags/example_sensor_decorator.py
[2025-11-12T23:43:37.208+0000] {processor.py:840} INFO - DAG(s) 'example_sensor_decorator' retrieved from /home/airflow/.local/lib/python3.8/site-packages/airflow/example_dags/example_sensor_decorator.py
[2025-11-12T23:43:37.224+0000] {logging_mixin.py:188} INFO - [2025-11-12T23:43:37.224+0000] {dag.py:3036} INFO - Sync 1 DAGs
[2025-11-12T23:43:37.233+0000] {logging_mixin.py:188} INFO - [2025-11-12T23:43:37.233+0000] {dag.py:3823} INFO - Setting next_dagrun for example_sensor_decorator to None, run_after=None
[2025-11-12T23:43:37.248+0000] {processor.py:183} INFO - Processing /home/airflow/.local/lib/python3.8/site-packages/airflow/example_dags/example_sensor_decorator.py took 0.049 seconds
[2025-11-12T23:44:07.617+0000] {processor.py:161} INFO - Started process (PID=1391) to work on /home/airflow/.local/lib/python3.8/site-packages/airflow/example_dags/example_sensor_decorator.py
[2025-11-12T23:44:07.617+0000] {processor.py:830} INFO - Processing file /home/airflow/.local/lib/python3.8/site-packages/airflow/example_dags/example_sensor_decorator.py for tasks to queue
[2025-11-12T23:44:07.618+0000] {logging_mixin.py:188} INFO - [2025-11-12T23:44:07.618+0000] {dagbag.py:538} INFO - Filling up the DagBag from /home/airflow/.local/lib/python3.8/site-packages/airflow/example_dags/example_sensor_decorator.py
[2025-11-12T23:44:07.624+0000] {processor.py:840} INFO - DAG(s) 'example_sensor_decorator' retrieved from /home/airflow/.local/lib/python3.8/site-packages/airflow/example_dags/example_sensor_decorator.py
[2025-11-12T23:44:07.640+0000] {logging_mixin.py:188} INFO - [2025-11-12T23:44:07.639+0000] {dag.py:3036} INFO - Sync 1 DAGs
[2025-11-12T23:44:07.649+0000] {logging_mixin.py:188} INFO - [2025-11-12T23:44:07.649+0000] {dag.py:3823} INFO - Setting next_dagrun for example_sensor_decorator to None, run_after=None
[2025-11-12T23:44:07.663+0000] {processor.py:183} INFO - Processing /home/airflow/.local/lib/python3.8/site-packages/airflow/example_dags/example_sensor_decorator.py took 0.049 seconds
[2025-11-12T23:44:37.814+0000] {processor.py:161} INFO - Started process (PID=1448) to work on /home/airflow/.local/lib/python3.8/site-packages/airflow/example_dags/example_sensor_decorator.py
[2025-11-12T23:44:37.815+0000] {processor.py:830} INFO - Processing file /home/airflow/.local/lib/python3.8/site-packages/airflow/example_dags/example_sensor_decorator.py for tasks to queue
[2025-11-12T23:44:37.816+0000] {logging_mixin.py:188} INFO - [2025-11-12T23:44:37.816+0000] {dagbag.py:538} INFO - Filling up the DagBag from /home/airflow/.local/lib/python3.8/site-packages/airflow/example_dags/example_sensor_decorator.py
[2025-11-12T23:44:37.821+0000] {processor.py:840} INFO - DAG(s) 'example_sensor_decorator' retrieved from /home/airflow/.local/lib/python3.8/site-packages/airflow/example_dags/example_sensor_decorator.py
[2025-11-12T23:44:37.837+0000] {logging_mixin.py:188} INFO - [2025-11-12T23:44:37.837+0000] {dag.py:3036} INFO - Sync 1 DAGs
[2025-11-12T23:44:37.848+0000] {logging_mixin.py:188} INFO - [2025-11-12T23:44:37.848+0000] {dag.py:3823} INFO - Setting next_dagrun for example_sensor_decorator to None, run_after=None
[2025-11-12T23:44:37.863+0000] {processor.py:183} INFO - Processing /home/airflow/.local/lib/python3.8/site-packages/airflow/example_dags/example_sensor_decorator.py took 0.052 seconds
[2025-11-12T23:45:07.994+0000] {processor.py:161} INFO - Started process (PID=1505) to work on /home/airflow/.local/lib/python3.8/site-packages/airflow/example_dags/example_sensor_decorator.py
[2025-11-12T23:45:07.995+0000] {processor.py:830} INFO - Processing file /home/airflow/.local/lib/python3.8/site-packages/airflow/example_dags/example_sensor_decorator.py for tasks to queue
[2025-11-12T23:45:07.996+0000] {logging_mixin.py:188} INFO - [2025-11-12T23:45:07.996+0000] {dagbag.py:538} INFO - Filling up the DagBag from /home/airflow/.local/lib/python3.8/site-packages/airflow/example_dags/example_sensor_decorator.py
[2025-11-12T23:45:08.001+0000] {processor.py:840} INFO - DAG(s) 'example_sensor_decorator' retrieved from /home/airflow/.local/lib/python3.8/site-packages/airflow/example_dags/example_sensor_decorator.py
[2025-11-12T23:45:08.016+0000] {logging_mixin.py:188} INFO - [2025-11-12T23:45:08.016+0000] {dag.py:3036} INFO - Sync 1 DAGs
[2025-11-12T23:45:08.026+0000] {logging_mixin.py:188} INFO - [2025-11-12T23:45:08.026+0000] {dag.py:3823} INFO - Setting next_dagrun for example_sensor_decorator to None, run_after=None
[2025-11-12T23:45:08.039+0000] {processor.py:183} INFO - Processing /home/airflow/.local/lib/python3.8/site-packages/airflow/example_dags/example_sensor_decorator.py took 0.048 seconds
[2025-11-12T23:45:38.217+0000] {processor.py:161} INFO - Started process (PID=1562) to work on /home/airflow/.local/lib/python3.8/site-packages/airflow/example_dags/example_sensor_decorator.py
[2025-11-12T23:45:38.218+0000] {processor.py:830} INFO - Processing file /home/airflow/.local/lib/python3.8/site-packages/airflow/example_dags/example_sensor_decorator.py for tasks to queue
[2025-11-12T23:45:38.219+0000] {logging_mixin.py:188} INFO - [2025-11-12T23:45:38.219+0000] {dagbag.py:538} INFO - Filling up the DagBag from /home/airflow/.local/lib/python3.8/site-packages/airflow/example_dags/example_sensor_decorator.py
[2025-11-12T23:45:38.223+0000] {processor.py:840} INFO - DAG(s) 'example_sensor_decorator' retrieved from /home/airflow/.local/lib/python3.8/site-packages/airflow/example_dags/example_sensor_decorator.py
[2025-11-12T23:45:38.239+0000] {logging_mixin.py:188} INFO - [2025-11-12T23:45:38.239+0000] {dag.py:3036} INFO - Sync 1 DAGs
[2025-11-12T23:45:38.250+0000] {logging_mixin.py:188} INFO - [2025-11-12T23:45:38.250+0000] {dag.py:3823} INFO - Setting next_dagrun for example_sensor_decorator to None, run_after=None
[2025-11-12T23:45:38.262+0000] {processor.py:183} INFO - Processing /home/airflow/.local/lib/python3.8/site-packages/airflow/example_dags/example_sensor_decorator.py took 0.048 seconds
