[2025-11-12T23:32:30.140+0000] {processor.py:161} INFO - Started process (PID=101) to work on /home/airflow/.local/lib/python3.8/site-packages/airflow/example_dags/tutorial_taskflow_api.py
[2025-11-12T23:32:30.141+0000] {processor.py:830} INFO - Processing file /home/airflow/.local/lib/python3.8/site-packages/airflow/example_dags/tutorial_taskflow_api.py for tasks to queue
[2025-11-12T23:32:30.142+0000] {logging_mixin.py:188} INFO - [2025-11-12T23:32:30.142+0000] {dagbag.py:538} INFO - Filling up the DagBag from /home/airflow/.local/lib/python3.8/site-packages/airflow/example_dags/tutorial_taskflow_api.py
[2025-11-12T23:32:30.148+0000] {processor.py:840} INFO - DAG(s) 'tutorial_taskflow_api' retrieved from /home/airflow/.local/lib/python3.8/site-packages/airflow/example_dags/tutorial_taskflow_api.py
[2025-11-12T23:32:30.226+0000] {logging_mixin.py:188} INFO - [2025-11-12T23:32:30.225+0000] {override.py:1769} INFO - Created Permission View: can delete on DAG:tutorial_taskflow_api
[2025-11-12T23:32:30.233+0000] {logging_mixin.py:188} INFO - [2025-11-12T23:32:30.233+0000] {override.py:1769} INFO - Created Permission View: can edit on DAG:tutorial_taskflow_api
[2025-11-12T23:32:30.238+0000] {logging_mixin.py:188} INFO - [2025-11-12T23:32:30.238+0000] {override.py:1769} INFO - Created Permission View: can read on DAG:tutorial_taskflow_api
[2025-11-12T23:32:30.238+0000] {logging_mixin.py:188} INFO - [2025-11-12T23:32:30.238+0000] {dag.py:3036} INFO - Sync 1 DAGs
[2025-11-12T23:32:30.247+0000] {logging_mixin.py:188} INFO - [2025-11-12T23:32:30.247+0000] {dag.py:3058} INFO - Creating ORM DAG for tutorial_taskflow_api
[2025-11-12T23:32:30.248+0000] {logging_mixin.py:188} INFO - [2025-11-12T23:32:30.248+0000] {dag.py:3823} INFO - Setting next_dagrun for tutorial_taskflow_api to None, run_after=None
[2025-11-12T23:32:30.261+0000] {processor.py:183} INFO - Processing /home/airflow/.local/lib/python3.8/site-packages/airflow/example_dags/tutorial_taskflow_api.py took 0.123 seconds
[2025-11-12T23:33:00.689+0000] {processor.py:161} INFO - Started process (PID=158) to work on /home/airflow/.local/lib/python3.8/site-packages/airflow/example_dags/tutorial_taskflow_api.py
[2025-11-12T23:33:00.690+0000] {processor.py:830} INFO - Processing file /home/airflow/.local/lib/python3.8/site-packages/airflow/example_dags/tutorial_taskflow_api.py for tasks to queue
[2025-11-12T23:33:00.692+0000] {logging_mixin.py:188} INFO - [2025-11-12T23:33:00.691+0000] {dagbag.py:538} INFO - Filling up the DagBag from /home/airflow/.local/lib/python3.8/site-packages/airflow/example_dags/tutorial_taskflow_api.py
[2025-11-12T23:33:00.698+0000] {processor.py:840} INFO - DAG(s) 'tutorial_taskflow_api' retrieved from /home/airflow/.local/lib/python3.8/site-packages/airflow/example_dags/tutorial_taskflow_api.py
[2025-11-12T23:33:00.715+0000] {logging_mixin.py:188} INFO - [2025-11-12T23:33:00.715+0000] {dag.py:3036} INFO - Sync 1 DAGs
[2025-11-12T23:33:00.726+0000] {logging_mixin.py:188} INFO - [2025-11-12T23:33:00.725+0000] {dag.py:3823} INFO - Setting next_dagrun for tutorial_taskflow_api to None, run_after=None
[2025-11-12T23:33:00.741+0000] {processor.py:183} INFO - Processing /home/airflow/.local/lib/python3.8/site-packages/airflow/example_dags/tutorial_taskflow_api.py took 0.054 seconds
[2025-11-12T23:33:30.942+0000] {processor.py:161} INFO - Started process (PID=215) to work on /home/airflow/.local/lib/python3.8/site-packages/airflow/example_dags/tutorial_taskflow_api.py
[2025-11-12T23:33:30.944+0000] {processor.py:830} INFO - Processing file /home/airflow/.local/lib/python3.8/site-packages/airflow/example_dags/tutorial_taskflow_api.py for tasks to queue
[2025-11-12T23:33:30.945+0000] {logging_mixin.py:188} INFO - [2025-11-12T23:33:30.945+0000] {dagbag.py:538} INFO - Filling up the DagBag from /home/airflow/.local/lib/python3.8/site-packages/airflow/example_dags/tutorial_taskflow_api.py
[2025-11-12T23:33:30.951+0000] {processor.py:840} INFO - DAG(s) 'tutorial_taskflow_api' retrieved from /home/airflow/.local/lib/python3.8/site-packages/airflow/example_dags/tutorial_taskflow_api.py
[2025-11-12T23:33:30.966+0000] {logging_mixin.py:188} INFO - [2025-11-12T23:33:30.966+0000] {dag.py:3036} INFO - Sync 1 DAGs
[2025-11-12T23:33:30.976+0000] {logging_mixin.py:188} INFO - [2025-11-12T23:33:30.975+0000] {dag.py:3823} INFO - Setting next_dagrun for tutorial_taskflow_api to None, run_after=None
[2025-11-12T23:33:30.989+0000] {processor.py:183} INFO - Processing /home/airflow/.local/lib/python3.8/site-packages/airflow/example_dags/tutorial_taskflow_api.py took 0.050 seconds
[2025-11-12T23:34:01.167+0000] {processor.py:161} INFO - Started process (PID=272) to work on /home/airflow/.local/lib/python3.8/site-packages/airflow/example_dags/tutorial_taskflow_api.py
[2025-11-12T23:34:01.168+0000] {processor.py:830} INFO - Processing file /home/airflow/.local/lib/python3.8/site-packages/airflow/example_dags/tutorial_taskflow_api.py for tasks to queue
[2025-11-12T23:34:01.169+0000] {logging_mixin.py:188} INFO - [2025-11-12T23:34:01.169+0000] {dagbag.py:538} INFO - Filling up the DagBag from /home/airflow/.local/lib/python3.8/site-packages/airflow/example_dags/tutorial_taskflow_api.py
[2025-11-12T23:34:01.174+0000] {processor.py:840} INFO - DAG(s) 'tutorial_taskflow_api' retrieved from /home/airflow/.local/lib/python3.8/site-packages/airflow/example_dags/tutorial_taskflow_api.py
[2025-11-12T23:34:01.188+0000] {logging_mixin.py:188} INFO - [2025-11-12T23:34:01.188+0000] {dag.py:3036} INFO - Sync 1 DAGs
[2025-11-12T23:34:01.197+0000] {logging_mixin.py:188} INFO - [2025-11-12T23:34:01.197+0000] {dag.py:3823} INFO - Setting next_dagrun for tutorial_taskflow_api to None, run_after=None
[2025-11-12T23:34:01.210+0000] {processor.py:183} INFO - Processing /home/airflow/.local/lib/python3.8/site-packages/airflow/example_dags/tutorial_taskflow_api.py took 0.045 seconds
[2025-11-12T23:34:31.298+0000] {processor.py:161} INFO - Started process (PID=329) to work on /home/airflow/.local/lib/python3.8/site-packages/airflow/example_dags/tutorial_taskflow_api.py
[2025-11-12T23:34:31.299+0000] {processor.py:830} INFO - Processing file /home/airflow/.local/lib/python3.8/site-packages/airflow/example_dags/tutorial_taskflow_api.py for tasks to queue
[2025-11-12T23:34:31.301+0000] {logging_mixin.py:188} INFO - [2025-11-12T23:34:31.300+0000] {dagbag.py:538} INFO - Filling up the DagBag from /home/airflow/.local/lib/python3.8/site-packages/airflow/example_dags/tutorial_taskflow_api.py
[2025-11-12T23:34:31.306+0000] {processor.py:840} INFO - DAG(s) 'tutorial_taskflow_api' retrieved from /home/airflow/.local/lib/python3.8/site-packages/airflow/example_dags/tutorial_taskflow_api.py
[2025-11-12T23:34:31.321+0000] {logging_mixin.py:188} INFO - [2025-11-12T23:34:31.321+0000] {dag.py:3036} INFO - Sync 1 DAGs
[2025-11-12T23:34:31.331+0000] {logging_mixin.py:188} INFO - [2025-11-12T23:34:31.331+0000] {dag.py:3823} INFO - Setting next_dagrun for tutorial_taskflow_api to None, run_after=None
[2025-11-12T23:34:31.345+0000] {processor.py:183} INFO - Processing /home/airflow/.local/lib/python3.8/site-packages/airflow/example_dags/tutorial_taskflow_api.py took 0.050 seconds
[2025-11-12T23:35:02.321+0000] {processor.py:161} INFO - Started process (PID=386) to work on /home/airflow/.local/lib/python3.8/site-packages/airflow/example_dags/tutorial_taskflow_api.py
[2025-11-12T23:35:02.321+0000] {processor.py:830} INFO - Processing file /home/airflow/.local/lib/python3.8/site-packages/airflow/example_dags/tutorial_taskflow_api.py for tasks to queue
[2025-11-12T23:35:02.322+0000] {logging_mixin.py:188} INFO - [2025-11-12T23:35:02.322+0000] {dagbag.py:538} INFO - Filling up the DagBag from /home/airflow/.local/lib/python3.8/site-packages/airflow/example_dags/tutorial_taskflow_api.py
[2025-11-12T23:35:02.327+0000] {processor.py:840} INFO - DAG(s) 'tutorial_taskflow_api' retrieved from /home/airflow/.local/lib/python3.8/site-packages/airflow/example_dags/tutorial_taskflow_api.py
[2025-11-12T23:35:02.343+0000] {logging_mixin.py:188} INFO - [2025-11-12T23:35:02.343+0000] {dag.py:3036} INFO - Sync 1 DAGs
[2025-11-12T23:35:02.352+0000] {logging_mixin.py:188} INFO - [2025-11-12T23:35:02.352+0000] {dag.py:3823} INFO - Setting next_dagrun for tutorial_taskflow_api to None, run_after=None
[2025-11-12T23:35:02.364+0000] {processor.py:183} INFO - Processing /home/airflow/.local/lib/python3.8/site-packages/airflow/example_dags/tutorial_taskflow_api.py took 0.046 seconds
[2025-11-12T23:35:32.691+0000] {processor.py:161} INFO - Started process (PID=443) to work on /home/airflow/.local/lib/python3.8/site-packages/airflow/example_dags/tutorial_taskflow_api.py
[2025-11-12T23:35:32.692+0000] {processor.py:830} INFO - Processing file /home/airflow/.local/lib/python3.8/site-packages/airflow/example_dags/tutorial_taskflow_api.py for tasks to queue
[2025-11-12T23:35:32.694+0000] {logging_mixin.py:188} INFO - [2025-11-12T23:35:32.693+0000] {dagbag.py:538} INFO - Filling up the DagBag from /home/airflow/.local/lib/python3.8/site-packages/airflow/example_dags/tutorial_taskflow_api.py
[2025-11-12T23:35:32.699+0000] {processor.py:840} INFO - DAG(s) 'tutorial_taskflow_api' retrieved from /home/airflow/.local/lib/python3.8/site-packages/airflow/example_dags/tutorial_taskflow_api.py
[2025-11-12T23:35:32.714+0000] {logging_mixin.py:188} INFO - [2025-11-12T23:35:32.714+0000] {dag.py:3036} INFO - Sync 1 DAGs
[2025-11-12T23:35:32.724+0000] {logging_mixin.py:188} INFO - [2025-11-12T23:35:32.724+0000] {dag.py:3823} INFO - Setting next_dagrun for tutorial_taskflow_api to None, run_after=None
[2025-11-12T23:35:32.737+0000] {processor.py:183} INFO - Processing /home/airflow/.local/lib/python3.8/site-packages/airflow/example_dags/tutorial_taskflow_api.py took 0.049 seconds
[2025-11-12T23:36:02.958+0000] {processor.py:161} INFO - Started process (PID=500) to work on /home/airflow/.local/lib/python3.8/site-packages/airflow/example_dags/tutorial_taskflow_api.py
[2025-11-12T23:36:02.959+0000] {processor.py:830} INFO - Processing file /home/airflow/.local/lib/python3.8/site-packages/airflow/example_dags/tutorial_taskflow_api.py for tasks to queue
[2025-11-12T23:36:02.960+0000] {logging_mixin.py:188} INFO - [2025-11-12T23:36:02.960+0000] {dagbag.py:538} INFO - Filling up the DagBag from /home/airflow/.local/lib/python3.8/site-packages/airflow/example_dags/tutorial_taskflow_api.py
[2025-11-12T23:36:02.964+0000] {processor.py:840} INFO - DAG(s) 'tutorial_taskflow_api' retrieved from /home/airflow/.local/lib/python3.8/site-packages/airflow/example_dags/tutorial_taskflow_api.py
[2025-11-12T23:36:02.978+0000] {logging_mixin.py:188} INFO - [2025-11-12T23:36:02.978+0000] {dag.py:3036} INFO - Sync 1 DAGs
[2025-11-12T23:36:02.986+0000] {logging_mixin.py:188} INFO - [2025-11-12T23:36:02.986+0000] {dag.py:3823} INFO - Setting next_dagrun for tutorial_taskflow_api to None, run_after=None
[2025-11-12T23:36:03.001+0000] {processor.py:183} INFO - Processing /home/airflow/.local/lib/python3.8/site-packages/airflow/example_dags/tutorial_taskflow_api.py took 0.045 seconds
[2025-11-12T23:36:33.302+0000] {processor.py:161} INFO - Started process (PID=557) to work on /home/airflow/.local/lib/python3.8/site-packages/airflow/example_dags/tutorial_taskflow_api.py
[2025-11-12T23:36:33.303+0000] {processor.py:830} INFO - Processing file /home/airflow/.local/lib/python3.8/site-packages/airflow/example_dags/tutorial_taskflow_api.py for tasks to queue
[2025-11-12T23:36:33.304+0000] {logging_mixin.py:188} INFO - [2025-11-12T23:36:33.304+0000] {dagbag.py:538} INFO - Filling up the DagBag from /home/airflow/.local/lib/python3.8/site-packages/airflow/example_dags/tutorial_taskflow_api.py
[2025-11-12T23:36:33.309+0000] {processor.py:840} INFO - DAG(s) 'tutorial_taskflow_api' retrieved from /home/airflow/.local/lib/python3.8/site-packages/airflow/example_dags/tutorial_taskflow_api.py
[2025-11-12T23:36:33.323+0000] {logging_mixin.py:188} INFO - [2025-11-12T23:36:33.323+0000] {dag.py:3036} INFO - Sync 1 DAGs
[2025-11-12T23:36:33.332+0000] {logging_mixin.py:188} INFO - [2025-11-12T23:36:33.332+0000] {dag.py:3823} INFO - Setting next_dagrun for tutorial_taskflow_api to None, run_after=None
[2025-11-12T23:36:33.345+0000] {processor.py:183} INFO - Processing /home/airflow/.local/lib/python3.8/site-packages/airflow/example_dags/tutorial_taskflow_api.py took 0.045 seconds
[2025-11-12T23:37:03.828+0000] {processor.py:161} INFO - Started process (PID=614) to work on /home/airflow/.local/lib/python3.8/site-packages/airflow/example_dags/tutorial_taskflow_api.py
[2025-11-12T23:37:03.828+0000] {processor.py:830} INFO - Processing file /home/airflow/.local/lib/python3.8/site-packages/airflow/example_dags/tutorial_taskflow_api.py for tasks to queue
[2025-11-12T23:37:03.830+0000] {logging_mixin.py:188} INFO - [2025-11-12T23:37:03.829+0000] {dagbag.py:538} INFO - Filling up the DagBag from /home/airflow/.local/lib/python3.8/site-packages/airflow/example_dags/tutorial_taskflow_api.py
[2025-11-12T23:37:03.834+0000] {processor.py:840} INFO - DAG(s) 'tutorial_taskflow_api' retrieved from /home/airflow/.local/lib/python3.8/site-packages/airflow/example_dags/tutorial_taskflow_api.py
[2025-11-12T23:37:03.849+0000] {logging_mixin.py:188} INFO - [2025-11-12T23:37:03.848+0000] {dag.py:3036} INFO - Sync 1 DAGs
[2025-11-12T23:37:03.858+0000] {logging_mixin.py:188} INFO - [2025-11-12T23:37:03.857+0000] {dag.py:3823} INFO - Setting next_dagrun for tutorial_taskflow_api to None, run_after=None
[2025-11-12T23:37:03.870+0000] {processor.py:183} INFO - Processing /home/airflow/.local/lib/python3.8/site-packages/airflow/example_dags/tutorial_taskflow_api.py took 0.045 seconds
[2025-11-12T23:37:34.818+0000] {processor.py:161} INFO - Started process (PID=671) to work on /home/airflow/.local/lib/python3.8/site-packages/airflow/example_dags/tutorial_taskflow_api.py
[2025-11-12T23:37:34.819+0000] {processor.py:830} INFO - Processing file /home/airflow/.local/lib/python3.8/site-packages/airflow/example_dags/tutorial_taskflow_api.py for tasks to queue
[2025-11-12T23:37:34.821+0000] {logging_mixin.py:188} INFO - [2025-11-12T23:37:34.820+0000] {dagbag.py:538} INFO - Filling up the DagBag from /home/airflow/.local/lib/python3.8/site-packages/airflow/example_dags/tutorial_taskflow_api.py
[2025-11-12T23:37:34.825+0000] {processor.py:840} INFO - DAG(s) 'tutorial_taskflow_api' retrieved from /home/airflow/.local/lib/python3.8/site-packages/airflow/example_dags/tutorial_taskflow_api.py
[2025-11-12T23:37:34.841+0000] {logging_mixin.py:188} INFO - [2025-11-12T23:37:34.841+0000] {dag.py:3036} INFO - Sync 1 DAGs
[2025-11-12T23:37:34.851+0000] {logging_mixin.py:188} INFO - [2025-11-12T23:37:34.850+0000] {dag.py:3823} INFO - Setting next_dagrun for tutorial_taskflow_api to None, run_after=None
[2025-11-12T23:37:34.865+0000] {processor.py:183} INFO - Processing /home/airflow/.local/lib/python3.8/site-packages/airflow/example_dags/tutorial_taskflow_api.py took 0.049 seconds
[2025-11-12T23:38:05.130+0000] {processor.py:161} INFO - Started process (PID=728) to work on /home/airflow/.local/lib/python3.8/site-packages/airflow/example_dags/tutorial_taskflow_api.py
[2025-11-12T23:38:05.131+0000] {processor.py:830} INFO - Processing file /home/airflow/.local/lib/python3.8/site-packages/airflow/example_dags/tutorial_taskflow_api.py for tasks to queue
[2025-11-12T23:38:05.132+0000] {logging_mixin.py:188} INFO - [2025-11-12T23:38:05.132+0000] {dagbag.py:538} INFO - Filling up the DagBag from /home/airflow/.local/lib/python3.8/site-packages/airflow/example_dags/tutorial_taskflow_api.py
[2025-11-12T23:38:05.137+0000] {processor.py:840} INFO - DAG(s) 'tutorial_taskflow_api' retrieved from /home/airflow/.local/lib/python3.8/site-packages/airflow/example_dags/tutorial_taskflow_api.py
[2025-11-12T23:38:05.151+0000] {logging_mixin.py:188} INFO - [2025-11-12T23:38:05.151+0000] {dag.py:3036} INFO - Sync 1 DAGs
[2025-11-12T23:38:05.161+0000] {logging_mixin.py:188} INFO - [2025-11-12T23:38:05.161+0000] {dag.py:3823} INFO - Setting next_dagrun for tutorial_taskflow_api to None, run_after=None
[2025-11-12T23:38:05.174+0000] {processor.py:183} INFO - Processing /home/airflow/.local/lib/python3.8/site-packages/airflow/example_dags/tutorial_taskflow_api.py took 0.047 seconds
[2025-11-12T23:38:35.496+0000] {processor.py:161} INFO - Started process (PID=785) to work on /home/airflow/.local/lib/python3.8/site-packages/airflow/example_dags/tutorial_taskflow_api.py
[2025-11-12T23:38:35.497+0000] {processor.py:830} INFO - Processing file /home/airflow/.local/lib/python3.8/site-packages/airflow/example_dags/tutorial_taskflow_api.py for tasks to queue
[2025-11-12T23:38:35.498+0000] {logging_mixin.py:188} INFO - [2025-11-12T23:38:35.497+0000] {dagbag.py:538} INFO - Filling up the DagBag from /home/airflow/.local/lib/python3.8/site-packages/airflow/example_dags/tutorial_taskflow_api.py
[2025-11-12T23:38:35.502+0000] {processor.py:840} INFO - DAG(s) 'tutorial_taskflow_api' retrieved from /home/airflow/.local/lib/python3.8/site-packages/airflow/example_dags/tutorial_taskflow_api.py
[2025-11-12T23:38:35.516+0000] {logging_mixin.py:188} INFO - [2025-11-12T23:38:35.516+0000] {dag.py:3036} INFO - Sync 1 DAGs
[2025-11-12T23:38:35.525+0000] {logging_mixin.py:188} INFO - [2025-11-12T23:38:35.525+0000] {dag.py:3823} INFO - Setting next_dagrun for tutorial_taskflow_api to None, run_after=None
[2025-11-12T23:38:35.537+0000] {processor.py:183} INFO - Processing /home/airflow/.local/lib/python3.8/site-packages/airflow/example_dags/tutorial_taskflow_api.py took 0.044 seconds
[2025-11-12T23:39:05.879+0000] {processor.py:161} INFO - Started process (PID=842) to work on /home/airflow/.local/lib/python3.8/site-packages/airflow/example_dags/tutorial_taskflow_api.py
[2025-11-12T23:39:05.880+0000] {processor.py:830} INFO - Processing file /home/airflow/.local/lib/python3.8/site-packages/airflow/example_dags/tutorial_taskflow_api.py for tasks to queue
[2025-11-12T23:39:05.881+0000] {logging_mixin.py:188} INFO - [2025-11-12T23:39:05.881+0000] {dagbag.py:538} INFO - Filling up the DagBag from /home/airflow/.local/lib/python3.8/site-packages/airflow/example_dags/tutorial_taskflow_api.py
[2025-11-12T23:39:05.886+0000] {processor.py:840} INFO - DAG(s) 'tutorial_taskflow_api' retrieved from /home/airflow/.local/lib/python3.8/site-packages/airflow/example_dags/tutorial_taskflow_api.py
[2025-11-12T23:39:05.901+0000] {logging_mixin.py:188} INFO - [2025-11-12T23:39:05.901+0000] {dag.py:3036} INFO - Sync 1 DAGs
[2025-11-12T23:39:05.911+0000] {logging_mixin.py:188} INFO - [2025-11-12T23:39:05.910+0000] {dag.py:3823} INFO - Setting next_dagrun for tutorial_taskflow_api to None, run_after=None
[2025-11-12T23:39:05.925+0000] {processor.py:183} INFO - Processing /home/airflow/.local/lib/python3.8/site-packages/airflow/example_dags/tutorial_taskflow_api.py took 0.048 seconds
[2025-11-12T23:39:36.166+0000] {processor.py:161} INFO - Started process (PID=899) to work on /home/airflow/.local/lib/python3.8/site-packages/airflow/example_dags/tutorial_taskflow_api.py
[2025-11-12T23:39:36.167+0000] {processor.py:830} INFO - Processing file /home/airflow/.local/lib/python3.8/site-packages/airflow/example_dags/tutorial_taskflow_api.py for tasks to queue
[2025-11-12T23:39:36.168+0000] {logging_mixin.py:188} INFO - [2025-11-12T23:39:36.168+0000] {dagbag.py:538} INFO - Filling up the DagBag from /home/airflow/.local/lib/python3.8/site-packages/airflow/example_dags/tutorial_taskflow_api.py
[2025-11-12T23:39:36.173+0000] {processor.py:840} INFO - DAG(s) 'tutorial_taskflow_api' retrieved from /home/airflow/.local/lib/python3.8/site-packages/airflow/example_dags/tutorial_taskflow_api.py
[2025-11-12T23:39:36.188+0000] {logging_mixin.py:188} INFO - [2025-11-12T23:39:36.188+0000] {dag.py:3036} INFO - Sync 1 DAGs
[2025-11-12T23:39:36.198+0000] {logging_mixin.py:188} INFO - [2025-11-12T23:39:36.198+0000] {dag.py:3823} INFO - Setting next_dagrun for tutorial_taskflow_api to None, run_after=None
[2025-11-12T23:39:36.212+0000] {processor.py:183} INFO - Processing /home/airflow/.local/lib/python3.8/site-packages/airflow/example_dags/tutorial_taskflow_api.py took 0.049 seconds
[2025-11-12T23:40:06.575+0000] {processor.py:161} INFO - Started process (PID=956) to work on /home/airflow/.local/lib/python3.8/site-packages/airflow/example_dags/tutorial_taskflow_api.py
[2025-11-12T23:40:06.576+0000] {processor.py:830} INFO - Processing file /home/airflow/.local/lib/python3.8/site-packages/airflow/example_dags/tutorial_taskflow_api.py for tasks to queue
[2025-11-12T23:40:06.578+0000] {logging_mixin.py:188} INFO - [2025-11-12T23:40:06.578+0000] {dagbag.py:538} INFO - Filling up the DagBag from /home/airflow/.local/lib/python3.8/site-packages/airflow/example_dags/tutorial_taskflow_api.py
[2025-11-12T23:40:06.586+0000] {processor.py:840} INFO - DAG(s) 'tutorial_taskflow_api' retrieved from /home/airflow/.local/lib/python3.8/site-packages/airflow/example_dags/tutorial_taskflow_api.py
[2025-11-12T23:40:06.605+0000] {logging_mixin.py:188} INFO - [2025-11-12T23:40:06.605+0000] {dag.py:3036} INFO - Sync 1 DAGs
[2025-11-12T23:40:06.616+0000] {logging_mixin.py:188} INFO - [2025-11-12T23:40:06.616+0000] {dag.py:3823} INFO - Setting next_dagrun for tutorial_taskflow_api to None, run_after=None
[2025-11-12T23:40:06.631+0000] {processor.py:183} INFO - Processing /home/airflow/.local/lib/python3.8/site-packages/airflow/example_dags/tutorial_taskflow_api.py took 0.059 seconds
[2025-11-12T23:40:36.818+0000] {processor.py:161} INFO - Started process (PID=1013) to work on /home/airflow/.local/lib/python3.8/site-packages/airflow/example_dags/tutorial_taskflow_api.py
[2025-11-12T23:40:36.819+0000] {processor.py:830} INFO - Processing file /home/airflow/.local/lib/python3.8/site-packages/airflow/example_dags/tutorial_taskflow_api.py for tasks to queue
[2025-11-12T23:40:36.820+0000] {logging_mixin.py:188} INFO - [2025-11-12T23:40:36.820+0000] {dagbag.py:538} INFO - Filling up the DagBag from /home/airflow/.local/lib/python3.8/site-packages/airflow/example_dags/tutorial_taskflow_api.py
[2025-11-12T23:40:36.827+0000] {processor.py:840} INFO - DAG(s) 'tutorial_taskflow_api' retrieved from /home/airflow/.local/lib/python3.8/site-packages/airflow/example_dags/tutorial_taskflow_api.py
[2025-11-12T23:40:36.843+0000] {logging_mixin.py:188} INFO - [2025-11-12T23:40:36.842+0000] {dag.py:3036} INFO - Sync 1 DAGs
[2025-11-12T23:40:36.852+0000] {logging_mixin.py:188} INFO - [2025-11-12T23:40:36.851+0000] {dag.py:3823} INFO - Setting next_dagrun for tutorial_taskflow_api to None, run_after=None
[2025-11-12T23:40:36.866+0000] {processor.py:183} INFO - Processing /home/airflow/.local/lib/python3.8/site-packages/airflow/example_dags/tutorial_taskflow_api.py took 0.051 seconds
[2025-11-12T23:41:06.958+0000] {processor.py:161} INFO - Started process (PID=1070) to work on /home/airflow/.local/lib/python3.8/site-packages/airflow/example_dags/tutorial_taskflow_api.py
[2025-11-12T23:41:06.959+0000] {processor.py:830} INFO - Processing file /home/airflow/.local/lib/python3.8/site-packages/airflow/example_dags/tutorial_taskflow_api.py for tasks to queue
[2025-11-12T23:41:06.960+0000] {logging_mixin.py:188} INFO - [2025-11-12T23:41:06.960+0000] {dagbag.py:538} INFO - Filling up the DagBag from /home/airflow/.local/lib/python3.8/site-packages/airflow/example_dags/tutorial_taskflow_api.py
[2025-11-12T23:41:06.965+0000] {processor.py:840} INFO - DAG(s) 'tutorial_taskflow_api' retrieved from /home/airflow/.local/lib/python3.8/site-packages/airflow/example_dags/tutorial_taskflow_api.py
[2025-11-12T23:41:06.981+0000] {logging_mixin.py:188} INFO - [2025-11-12T23:41:06.981+0000] {dag.py:3036} INFO - Sync 1 DAGs
[2025-11-12T23:41:06.990+0000] {logging_mixin.py:188} INFO - [2025-11-12T23:41:06.990+0000] {dag.py:3823} INFO - Setting next_dagrun for tutorial_taskflow_api to None, run_after=None
[2025-11-12T23:41:07.003+0000] {processor.py:183} INFO - Processing /home/airflow/.local/lib/python3.8/site-packages/airflow/example_dags/tutorial_taskflow_api.py took 0.048 seconds
[2025-11-12T23:41:37.974+0000] {processor.py:161} INFO - Started process (PID=1126) to work on /home/airflow/.local/lib/python3.8/site-packages/airflow/example_dags/tutorial_taskflow_api.py
[2025-11-12T23:41:37.975+0000] {processor.py:830} INFO - Processing file /home/airflow/.local/lib/python3.8/site-packages/airflow/example_dags/tutorial_taskflow_api.py for tasks to queue
[2025-11-12T23:41:37.976+0000] {logging_mixin.py:188} INFO - [2025-11-12T23:41:37.976+0000] {dagbag.py:538} INFO - Filling up the DagBag from /home/airflow/.local/lib/python3.8/site-packages/airflow/example_dags/tutorial_taskflow_api.py
[2025-11-12T23:41:37.981+0000] {processor.py:840} INFO - DAG(s) 'tutorial_taskflow_api' retrieved from /home/airflow/.local/lib/python3.8/site-packages/airflow/example_dags/tutorial_taskflow_api.py
[2025-11-12T23:41:37.996+0000] {logging_mixin.py:188} INFO - [2025-11-12T23:41:37.996+0000] {dag.py:3036} INFO - Sync 1 DAGs
[2025-11-12T23:41:38.006+0000] {logging_mixin.py:188} INFO - [2025-11-12T23:41:38.006+0000] {dag.py:3823} INFO - Setting next_dagrun for tutorial_taskflow_api to None, run_after=None
[2025-11-12T23:41:38.021+0000] {processor.py:183} INFO - Processing /home/airflow/.local/lib/python3.8/site-packages/airflow/example_dags/tutorial_taskflow_api.py took 0.049 seconds
[2025-11-12T23:42:08.195+0000] {processor.py:161} INFO - Started process (PID=1182) to work on /home/airflow/.local/lib/python3.8/site-packages/airflow/example_dags/tutorial_taskflow_api.py
[2025-11-12T23:42:08.195+0000] {processor.py:830} INFO - Processing file /home/airflow/.local/lib/python3.8/site-packages/airflow/example_dags/tutorial_taskflow_api.py for tasks to queue
[2025-11-12T23:42:08.196+0000] {logging_mixin.py:188} INFO - [2025-11-12T23:42:08.196+0000] {dagbag.py:538} INFO - Filling up the DagBag from /home/airflow/.local/lib/python3.8/site-packages/airflow/example_dags/tutorial_taskflow_api.py
[2025-11-12T23:42:08.201+0000] {processor.py:840} INFO - DAG(s) 'tutorial_taskflow_api' retrieved from /home/airflow/.local/lib/python3.8/site-packages/airflow/example_dags/tutorial_taskflow_api.py
[2025-11-12T23:42:08.217+0000] {logging_mixin.py:188} INFO - [2025-11-12T23:42:08.217+0000] {dag.py:3036} INFO - Sync 1 DAGs
[2025-11-12T23:42:08.226+0000] {logging_mixin.py:188} INFO - [2025-11-12T23:42:08.226+0000] {dag.py:3823} INFO - Setting next_dagrun for tutorial_taskflow_api to None, run_after=None
[2025-11-12T23:42:08.238+0000] {processor.py:183} INFO - Processing /home/airflow/.local/lib/python3.8/site-packages/airflow/example_dags/tutorial_taskflow_api.py took 0.046 seconds
[2025-11-12T23:42:38.547+0000] {processor.py:161} INFO - Started process (PID=1239) to work on /home/airflow/.local/lib/python3.8/site-packages/airflow/example_dags/tutorial_taskflow_api.py
[2025-11-12T23:42:38.547+0000] {processor.py:830} INFO - Processing file /home/airflow/.local/lib/python3.8/site-packages/airflow/example_dags/tutorial_taskflow_api.py for tasks to queue
[2025-11-12T23:42:38.549+0000] {logging_mixin.py:188} INFO - [2025-11-12T23:42:38.548+0000] {dagbag.py:538} INFO - Filling up the DagBag from /home/airflow/.local/lib/python3.8/site-packages/airflow/example_dags/tutorial_taskflow_api.py
[2025-11-12T23:42:38.554+0000] {processor.py:840} INFO - DAG(s) 'tutorial_taskflow_api' retrieved from /home/airflow/.local/lib/python3.8/site-packages/airflow/example_dags/tutorial_taskflow_api.py
[2025-11-12T23:42:38.570+0000] {logging_mixin.py:188} INFO - [2025-11-12T23:42:38.570+0000] {dag.py:3036} INFO - Sync 1 DAGs
[2025-11-12T23:42:38.582+0000] {logging_mixin.py:188} INFO - [2025-11-12T23:42:38.582+0000] {dag.py:3823} INFO - Setting next_dagrun for tutorial_taskflow_api to None, run_after=None
[2025-11-12T23:42:38.597+0000] {processor.py:183} INFO - Processing /home/airflow/.local/lib/python3.8/site-packages/airflow/example_dags/tutorial_taskflow_api.py took 0.053 seconds
[2025-11-12T23:43:08.740+0000] {processor.py:161} INFO - Started process (PID=1296) to work on /home/airflow/.local/lib/python3.8/site-packages/airflow/example_dags/tutorial_taskflow_api.py
[2025-11-12T23:43:08.741+0000] {processor.py:830} INFO - Processing file /home/airflow/.local/lib/python3.8/site-packages/airflow/example_dags/tutorial_taskflow_api.py for tasks to queue
[2025-11-12T23:43:08.742+0000] {logging_mixin.py:188} INFO - [2025-11-12T23:43:08.742+0000] {dagbag.py:538} INFO - Filling up the DagBag from /home/airflow/.local/lib/python3.8/site-packages/airflow/example_dags/tutorial_taskflow_api.py
[2025-11-12T23:43:08.747+0000] {processor.py:840} INFO - DAG(s) 'tutorial_taskflow_api' retrieved from /home/airflow/.local/lib/python3.8/site-packages/airflow/example_dags/tutorial_taskflow_api.py
[2025-11-12T23:43:08.762+0000] {logging_mixin.py:188} INFO - [2025-11-12T23:43:08.762+0000] {dag.py:3036} INFO - Sync 1 DAGs
[2025-11-12T23:43:08.773+0000] {logging_mixin.py:188} INFO - [2025-11-12T23:43:08.773+0000] {dag.py:3823} INFO - Setting next_dagrun for tutorial_taskflow_api to None, run_after=None
[2025-11-12T23:43:08.791+0000] {processor.py:183} INFO - Processing /home/airflow/.local/lib/python3.8/site-packages/airflow/example_dags/tutorial_taskflow_api.py took 0.054 seconds
[2025-11-12T23:43:39.028+0000] {processor.py:161} INFO - Started process (PID=1353) to work on /home/airflow/.local/lib/python3.8/site-packages/airflow/example_dags/tutorial_taskflow_api.py
[2025-11-12T23:43:39.029+0000] {processor.py:830} INFO - Processing file /home/airflow/.local/lib/python3.8/site-packages/airflow/example_dags/tutorial_taskflow_api.py for tasks to queue
[2025-11-12T23:43:39.030+0000] {logging_mixin.py:188} INFO - [2025-11-12T23:43:39.030+0000] {dagbag.py:538} INFO - Filling up the DagBag from /home/airflow/.local/lib/python3.8/site-packages/airflow/example_dags/tutorial_taskflow_api.py
[2025-11-12T23:43:39.035+0000] {processor.py:840} INFO - DAG(s) 'tutorial_taskflow_api' retrieved from /home/airflow/.local/lib/python3.8/site-packages/airflow/example_dags/tutorial_taskflow_api.py
[2025-11-12T23:43:39.051+0000] {logging_mixin.py:188} INFO - [2025-11-12T23:43:39.051+0000] {dag.py:3036} INFO - Sync 1 DAGs
[2025-11-12T23:43:39.064+0000] {logging_mixin.py:188} INFO - [2025-11-12T23:43:39.064+0000] {dag.py:3823} INFO - Setting next_dagrun for tutorial_taskflow_api to None, run_after=None
[2025-11-12T23:43:39.078+0000] {processor.py:183} INFO - Processing /home/airflow/.local/lib/python3.8/site-packages/airflow/example_dags/tutorial_taskflow_api.py took 0.053 seconds
[2025-11-12T23:44:09.335+0000] {processor.py:161} INFO - Started process (PID=1410) to work on /home/airflow/.local/lib/python3.8/site-packages/airflow/example_dags/tutorial_taskflow_api.py
[2025-11-12T23:44:09.336+0000] {processor.py:830} INFO - Processing file /home/airflow/.local/lib/python3.8/site-packages/airflow/example_dags/tutorial_taskflow_api.py for tasks to queue
[2025-11-12T23:44:09.337+0000] {logging_mixin.py:188} INFO - [2025-11-12T23:44:09.337+0000] {dagbag.py:538} INFO - Filling up the DagBag from /home/airflow/.local/lib/python3.8/site-packages/airflow/example_dags/tutorial_taskflow_api.py
[2025-11-12T23:44:09.342+0000] {processor.py:840} INFO - DAG(s) 'tutorial_taskflow_api' retrieved from /home/airflow/.local/lib/python3.8/site-packages/airflow/example_dags/tutorial_taskflow_api.py
[2025-11-12T23:44:09.358+0000] {logging_mixin.py:188} INFO - [2025-11-12T23:44:09.358+0000] {dag.py:3036} INFO - Sync 1 DAGs
[2025-11-12T23:44:09.367+0000] {logging_mixin.py:188} INFO - [2025-11-12T23:44:09.367+0000] {dag.py:3823} INFO - Setting next_dagrun for tutorial_taskflow_api to None, run_after=None
[2025-11-12T23:44:09.382+0000] {processor.py:183} INFO - Processing /home/airflow/.local/lib/python3.8/site-packages/airflow/example_dags/tutorial_taskflow_api.py took 0.049 seconds
[2025-11-12T23:44:39.574+0000] {processor.py:161} INFO - Started process (PID=1467) to work on /home/airflow/.local/lib/python3.8/site-packages/airflow/example_dags/tutorial_taskflow_api.py
[2025-11-12T23:44:39.575+0000] {processor.py:830} INFO - Processing file /home/airflow/.local/lib/python3.8/site-packages/airflow/example_dags/tutorial_taskflow_api.py for tasks to queue
[2025-11-12T23:44:39.576+0000] {logging_mixin.py:188} INFO - [2025-11-12T23:44:39.576+0000] {dagbag.py:538} INFO - Filling up the DagBag from /home/airflow/.local/lib/python3.8/site-packages/airflow/example_dags/tutorial_taskflow_api.py
[2025-11-12T23:44:39.581+0000] {processor.py:840} INFO - DAG(s) 'tutorial_taskflow_api' retrieved from /home/airflow/.local/lib/python3.8/site-packages/airflow/example_dags/tutorial_taskflow_api.py
[2025-11-12T23:44:39.597+0000] {logging_mixin.py:188} INFO - [2025-11-12T23:44:39.597+0000] {dag.py:3036} INFO - Sync 1 DAGs
[2025-11-12T23:44:39.607+0000] {logging_mixin.py:188} INFO - [2025-11-12T23:44:39.606+0000] {dag.py:3823} INFO - Setting next_dagrun for tutorial_taskflow_api to None, run_after=None
[2025-11-12T23:44:39.620+0000] {processor.py:183} INFO - Processing /home/airflow/.local/lib/python3.8/site-packages/airflow/example_dags/tutorial_taskflow_api.py took 0.049 seconds
[2025-11-12T23:45:09.742+0000] {processor.py:161} INFO - Started process (PID=1524) to work on /home/airflow/.local/lib/python3.8/site-packages/airflow/example_dags/tutorial_taskflow_api.py
[2025-11-12T23:45:09.743+0000] {processor.py:830} INFO - Processing file /home/airflow/.local/lib/python3.8/site-packages/airflow/example_dags/tutorial_taskflow_api.py for tasks to queue
[2025-11-12T23:45:09.745+0000] {logging_mixin.py:188} INFO - [2025-11-12T23:45:09.744+0000] {dagbag.py:538} INFO - Filling up the DagBag from /home/airflow/.local/lib/python3.8/site-packages/airflow/example_dags/tutorial_taskflow_api.py
[2025-11-12T23:45:09.750+0000] {processor.py:840} INFO - DAG(s) 'tutorial_taskflow_api' retrieved from /home/airflow/.local/lib/python3.8/site-packages/airflow/example_dags/tutorial_taskflow_api.py
[2025-11-12T23:45:09.765+0000] {logging_mixin.py:188} INFO - [2025-11-12T23:45:09.765+0000] {dag.py:3036} INFO - Sync 1 DAGs
[2025-11-12T23:45:09.775+0000] {logging_mixin.py:188} INFO - [2025-11-12T23:45:09.774+0000] {dag.py:3823} INFO - Setting next_dagrun for tutorial_taskflow_api to None, run_after=None
[2025-11-12T23:45:09.788+0000] {processor.py:183} INFO - Processing /home/airflow/.local/lib/python3.8/site-packages/airflow/example_dags/tutorial_taskflow_api.py took 0.048 seconds
[2025-11-12T23:45:40.015+0000] {processor.py:161} INFO - Started process (PID=1581) to work on /home/airflow/.local/lib/python3.8/site-packages/airflow/example_dags/tutorial_taskflow_api.py
[2025-11-12T23:45:40.016+0000] {processor.py:830} INFO - Processing file /home/airflow/.local/lib/python3.8/site-packages/airflow/example_dags/tutorial_taskflow_api.py for tasks to queue
[2025-11-12T23:45:40.017+0000] {logging_mixin.py:188} INFO - [2025-11-12T23:45:40.017+0000] {dagbag.py:538} INFO - Filling up the DagBag from /home/airflow/.local/lib/python3.8/site-packages/airflow/example_dags/tutorial_taskflow_api.py
[2025-11-12T23:45:40.023+0000] {processor.py:840} INFO - DAG(s) 'tutorial_taskflow_api' retrieved from /home/airflow/.local/lib/python3.8/site-packages/airflow/example_dags/tutorial_taskflow_api.py
[2025-11-12T23:45:40.038+0000] {logging_mixin.py:188} INFO - [2025-11-12T23:45:40.037+0000] {dag.py:3036} INFO - Sync 1 DAGs
[2025-11-12T23:45:40.047+0000] {logging_mixin.py:188} INFO - [2025-11-12T23:45:40.047+0000] {dag.py:3823} INFO - Setting next_dagrun for tutorial_taskflow_api to None, run_after=None
[2025-11-12T23:45:40.060+0000] {processor.py:183} INFO - Processing /home/airflow/.local/lib/python3.8/site-packages/airflow/example_dags/tutorial_taskflow_api.py took 0.048 seconds
