[2025-11-14T18:39:50.163+0000] {taskinstance.py:1956} INFO - Dependencies all met for dep_context=non-requeueable deps ti=<TaskInstance: carga_pacientes.etl_pacientes_csv_para_fhir manual__2025-11-14T18:39:47.629013+00:00 [queued]>
[2025-11-14T18:39:50.167+0000] {taskinstance.py:1956} INFO - Dependencies all met for dep_context=requeueable deps ti=<TaskInstance: carga_pacientes.etl_pacientes_csv_para_fhir manual__2025-11-14T18:39:47.629013+00:00 [queued]>
[2025-11-14T18:39:50.167+0000] {taskinstance.py:2170} INFO - Starting attempt 1 of 1
[2025-11-14T18:39:50.176+0000] {taskinstance.py:2191} INFO - Executing <Task(_PythonDecoratedOperator): etl_pacientes_csv_para_fhir> on 2025-11-14 18:39:47.629013+00:00
[2025-11-14T18:39:50.181+0000] {standard_task_runner.py:60} INFO - Started process 76 to run task
[2025-11-14T18:39:50.183+0000] {standard_task_runner.py:87} INFO - Running: ['***', 'tasks', 'run', 'carga_pacientes', 'etl_pacientes_csv_para_fhir', 'manual__2025-11-14T18:39:47.629013+00:00', '--job-id', '3', '--raw', '--subdir', 'DAGS_FOLDER/carga_pacientes.py', '--cfg-path', '/tmp/tmpvc_1crfg']
[2025-11-14T18:39:50.184+0000] {standard_task_runner.py:88} INFO - Job 3: Subtask etl_pacientes_csv_para_fhir
[2025-11-14T18:39:50.221+0000] {task_command.py:423} INFO - Running <TaskInstance: carga_pacientes.etl_pacientes_csv_para_fhir manual__2025-11-14T18:39:47.629013+00:00 [running]> on host 74366e5fba58
[2025-11-14T18:39:50.272+0000] {taskinstance.py:2480} INFO - Exporting env vars: AIRFLOW_CTX_DAG_OWNER='***' AIRFLOW_CTX_DAG_ID='carga_pacientes' AIRFLOW_CTX_TASK_ID='etl_pacientes_csv_para_fhir' AIRFLOW_CTX_EXECUTION_DATE='2025-11-14T18:39:47.629013+00:00' AIRFLOW_CTX_TRY_NUMBER='1' AIRFLOW_CTX_DAG_RUN_ID='manual__2025-11-14T18:39:47.629013+00:00'
[2025-11-14T18:39:50.277+0000] {carga_pacientes.py:151} INFO - Iniciando carga de 50 registros do CSV...
[2025-11-14T18:42:05.399+0000] {carga_pacientes.py:206} ERROR - Falha inesperada na linha 0 (João da Silva): HTTPConnectionPool(host='host.docker.internal', port=8080): Max retries exceeded with url: /fhir/Patient (Caused by NewConnectionError('<urllib3.connection.HTTPConnection object at 0x7f7bd56738b0>: Failed to establish a new connection: [Errno 110] Connection timed out'))
[2025-11-14T18:44:20.566+0000] {carga_pacientes.py:206} ERROR - Falha inesperada na linha 1 (Maria Souza): HTTPConnectionPool(host='host.docker.internal', port=8080): Max retries exceeded with url: /fhir/Patient (Caused by NewConnectionError('<urllib3.connection.HTTPConnection object at 0x7f7bcea32640>: Failed to establish a new connection: [Errno 110] Connection timed out'))
[2025-11-14T18:46:35.734+0000] {carga_pacientes.py:206} ERROR - Falha inesperada na linha 2 (Pedro Oliveira): HTTPConnectionPool(host='host.docker.internal', port=8080): Max retries exceeded with url: /fhir/Patient (Caused by NewConnectionError('<urllib3.connection.HTTPConnection object at 0x7f7bd56bb460>: Failed to establish a new connection: [Errno 110] Connection timed out'))
[2025-11-14T18:48:50.902+0000] {carga_pacientes.py:206} ERROR - Falha inesperada na linha 3 (Ana Santos): HTTPConnectionPool(host='host.docker.internal', port=8080): Max retries exceeded with url: /fhir/Patient (Caused by NewConnectionError('<urllib3.connection.HTTPConnection object at 0x7f7bcea32f40>: Failed to establish a new connection: [Errno 110] Connection timed out'))
[2025-11-14T18:50:09.784+0000] {local_task_job_runner.py:302} WARNING - State of this instance has been externally set to restarting. Terminating instance.
[2025-11-14T18:50:09.785+0000] {process_utils.py:131} INFO - Sending 15 to group 76. PIDs of all processes in the group: [76]
[2025-11-14T18:50:09.785+0000] {process_utils.py:86} INFO - Sending the signal 15 to group 76
[2025-11-14T18:50:09.786+0000] {taskinstance.py:2450} ERROR - Received SIGTERM. Terminating subprocesses.
[2025-11-14T18:50:09.786+0000] {carga_pacientes.py:206} ERROR - Falha inesperada na linha 4 (Carlos Costa): Task received SIGTERM signal
[2025-11-14T18:51:09.790+0000] {process_utils.py:149} WARNING - process psutil.Process(pid=76, name='airflow task ru', status='sleeping', started='18:39:49') did not respond to SIGTERM. Trying SIGKILL
[2025-11-14T18:51:09.791+0000] {process_utils.py:86} INFO - Sending the signal 9 to group 76
[2025-11-14T18:51:09.805+0000] {process_utils.py:79} INFO - Process psutil.Process(pid=76, name='airflow task ru', status='terminated', exitcode=<Negsignal.SIGKILL: -9>, started='18:39:49') (76) terminated with exit code -9
[2025-11-14T18:51:09.805+0000] {standard_task_runner.py:175} ERROR - Job 3 was killed before it finished (likely due to running out of memory)
