[2025-11-13T12:49:41.600+0000] {taskinstance.py:1956} INFO - Dependencies all met for dep_context=non-requeueable deps ti=<TaskInstance: carga_pacientes_fhir_bonus_v1.etl_pacientes_csv_para_fhir manual__2025-11-13T12:49:39.386312+00:00 [queued]>
[2025-11-13T12:49:41.605+0000] {taskinstance.py:1956} INFO - Dependencies all met for dep_context=requeueable deps ti=<TaskInstance: carga_pacientes_fhir_bonus_v1.etl_pacientes_csv_para_fhir manual__2025-11-13T12:49:39.386312+00:00 [queued]>
[2025-11-13T12:49:41.605+0000] {taskinstance.py:2170} INFO - Starting attempt 1 of 1
[2025-11-13T12:49:41.615+0000] {taskinstance.py:2191} INFO - Executing <Task(_PythonDecoratedOperator): etl_pacientes_csv_para_fhir> on 2025-11-13 12:49:39.386312+00:00
[2025-11-13T12:49:41.621+0000] {standard_task_runner.py:60} INFO - Started process 112 to run task
[2025-11-13T12:49:41.623+0000] {standard_task_runner.py:87} INFO - Running: ['***', 'tasks', 'run', 'carga_pacientes_fhir_bonus_v1', 'etl_pacientes_csv_para_fhir', 'manual__2025-11-13T12:49:39.386312+00:00', '--job-id', '3', '--raw', '--subdir', 'DAGS_FOLDER/carga_pacientes_dag.py', '--cfg-path', '/tmp/tmprjdpe97v']
[2025-11-13T12:49:41.624+0000] {standard_task_runner.py:88} INFO - Job 3: Subtask etl_pacientes_csv_para_fhir
[2025-11-13T12:49:41.656+0000] {task_command.py:423} INFO - Running <TaskInstance: carga_pacientes_fhir_bonus_v1.etl_pacientes_csv_para_fhir manual__2025-11-13T12:49:39.386312+00:00 [running]> on host 6bd2f65e482a
[2025-11-13T12:49:41.711+0000] {taskinstance.py:2480} INFO - Exporting env vars: AIRFLOW_CTX_DAG_OWNER='***' AIRFLOW_CTX_DAG_ID='carga_pacientes_fhir_bonus_v1' AIRFLOW_CTX_TASK_ID='etl_pacientes_csv_para_fhir' AIRFLOW_CTX_EXECUTION_DATE='2025-11-13T12:49:39.386312+00:00' AIRFLOW_CTX_TRY_NUMBER='1' AIRFLOW_CTX_DAG_RUN_ID='manual__2025-11-13T12:49:39.386312+00:00'
[2025-11-13T12:49:41.714+0000] {taskinstance.py:2698} ERROR - Task failed with exception
Traceback (most recent call last):
  File "/home/airflow/.local/lib/python3.8/site-packages/airflow/models/taskinstance.py", line 433, in _execute_task
    result = execute_callable(context=context, **execute_callable_kwargs)
  File "/home/airflow/.local/lib/python3.8/site-packages/airflow/decorators/base.py", line 241, in execute
    return_value = super().execute(context)
  File "/home/airflow/.local/lib/python3.8/site-packages/airflow/operators/python.py", line 199, in execute
    return_value = self.execute_callable()
  File "/home/airflow/.local/lib/python3.8/site-packages/airflow/operators/python.py", line 216, in execute_callable
    return self.python_callable(*self.op_args, **self.op_kwargs)
  File "/opt/airflow/dags/carga_pacientes_dag.py", line 73, in etl_pacientes_csv_para_fhir
    df = pd.read_csv(CSV_PATH, sep=',')
  File "/home/airflow/.local/lib/python3.8/site-packages/pandas/io/parsers/readers.py", line 912, in read_csv
    return _read(filepath_or_buffer, kwds)
  File "/home/airflow/.local/lib/python3.8/site-packages/pandas/io/parsers/readers.py", line 577, in _read
    parser = TextFileReader(filepath_or_buffer, **kwds)
  File "/home/airflow/.local/lib/python3.8/site-packages/pandas/io/parsers/readers.py", line 1407, in __init__
    self._engine = self._make_engine(f, self.engine)
  File "/home/airflow/.local/lib/python3.8/site-packages/pandas/io/parsers/readers.py", line 1679, in _make_engine
    return mapping[engine](f, **self.options)
  File "/home/airflow/.local/lib/python3.8/site-packages/pandas/io/parsers/c_parser_wrapper.py", line 93, in __init__
    self._reader = parsers.TextReader(src, **kwds)
  File "pandas/_libs/parsers.pyx", line 550, in pandas._libs.parsers.TextReader.__cinit__
  File "pandas/_libs/parsers.pyx", line 639, in pandas._libs.parsers.TextReader._get_header
  File "pandas/_libs/parsers.pyx", line 850, in pandas._libs.parsers.TextReader._tokenize_rows
  File "pandas/_libs/parsers.pyx", line 861, in pandas._libs.parsers.TextReader._check_tokenize_status
  File "pandas/_libs/parsers.pyx", line 2021, in pandas._libs.parsers.raise_parser_error
UnicodeDecodeError: 'utf-8' codec can't decode byte 0xea in position 10: invalid continuation byte
[2025-11-13T12:49:41.720+0000] {taskinstance.py:1138} INFO - Marking task as FAILED. dag_id=carga_pacientes_fhir_bonus_v1, task_id=etl_pacientes_csv_para_fhir, execution_date=20251113T124939, start_date=20251113T124941, end_date=20251113T124941
[2025-11-13T12:49:41.729+0000] {standard_task_runner.py:107} ERROR - Failed to execute job 3 for task etl_pacientes_csv_para_fhir ('utf-8' codec can't decode byte 0xea in position 10: invalid continuation byte; 112)
[2025-11-13T12:49:41.755+0000] {local_task_job_runner.py:234} INFO - Task exited with return code 1
[2025-11-13T12:49:41.766+0000] {taskinstance.py:3280} INFO - 0 downstream tasks scheduled from follow-on schedule check
